20:37:26.933 [main                     ] DEBUG Logger               - Configured Logger
20:37:26.994 [main                     ] DEBUG GameApplication      - Logging settings
Title: Nerds VS Virus
Version: 0.0
Width: 1050
Height: 700
Fullscreen: false
Intro: false
Profiling: false
Single step:false
App Mode: DEVELOPER
Menu Key: ESCAPE
Stage Style: DECORATED
Scene Factory: class NerdvsVirus.Game$1

20:37:27.676 [JavaFX Application Thread] DEBUG FXGLApplication      - Initializing FXGL
20:37:27.679 [JavaFX Application Thread] INFO  Engine               - FXGL-11.14 (01.03.2021 16.59) on MAC (J:15.0.1 FX:15)
20:37:27.680 [JavaFX Application Thread] DEBUG Engine               - JRE Vendor Name: Oracle Corporation
20:37:27.680 [JavaFX Application Thread] DEBUG Engine               - Running on OS: Mac OS X version 10.16
20:37:27.681 [JavaFX Application Thread] DEBUG Engine               - Architecture: x86_64
20:37:27.681 [JavaFX Application Thread] INFO  Engine               - Source code and latest versions at: https://github.com/AlmasB/FXGL
20:37:27.681 [JavaFX Application Thread] INFO  Engine               -              Join the FXGL chat at: https://gitter.im/AlmasB/FXGL
20:37:27.926 [JavaFX Application Thread] DEBUG PrimaryStageWindow   - Creating a JavaFX scene
20:37:28.020 [JavaFX Application Thread] DEBUG PrimaryStageWindow   - Target settings size: 1050.0 x 700.0
20:37:28.020 [JavaFX Application Thread] DEBUG PrimaryStageWindow   - Scaled scene size:    1050.0 x 700.0
20:37:28.021 [JavaFX Application Thread] DEBUG PrimaryStageWindow   - Scaled ratio: (1.0, 1.0)
20:37:28.022 [JavaFX Application Thread] DEBUG PrimaryStageWindow   - Set initial scene to FXGLStartupScene
20:37:28.041 [JavaFX Application Thread] DEBUG PrimaryStageWindow   - Opening main window
20:37:28.152 [JavaFX Application Thread] DEBUG PrimaryStageWindow   - Window border size: (0.0, 28.0)
20:37:28.152 [JavaFX Application Thread] DEBUG PrimaryStageWindow   - Scaled size: 1050.0 x 700.0
20:37:28.153 [JavaFX Application Thread] DEBUG PrimaryStageWindow   - Scaled ratio: (1.0, 1.0)
20:37:28.153 [JavaFX Application Thread] DEBUG PrimaryStageWindow   - Scene size: 1050.0 x 700.0
20:37:28.153 [JavaFX Application Thread] DEBUG PrimaryStageWindow   - Stage size: 1050.0 x 728.0
20:37:28.162 [FXGL Background Thread 1 ] DEBUG Engine               - Initializing environment variables
20:37:28.218 [FXGL Background Thread 1 ] DEBUG FXGLAssetLoaderServi - User app class for loading assets: class NerdvsVirus.Game
20:37:28.218 [FXGL Background Thread 1 ] DEBUG GameApplicationServi - Applying CSS: fxgl_dark.css
20:37:28.220 [FXGL Background Thread 1 ] DEBUG FXGLAssetLoaderServi - Loading from file system: jar:file:/Users/chalitandunu/.m2/repository/com/github/almasb/fxgl/11.14/fxgl-11.14.jar!/fxglassets/ui/css/fxgl_dark.css
20:37:28.361 [FXGL Background Thread 1 ] DEBUG GameApplicationServi - Initializing application scenes
20:37:29.766 [FXGL Background Thread 1 ] DEBUG GameWorld            - Game world initialized
20:37:29.978 [FXGL Background Thread 1 ] DEBUG PhysicsWorld         - Physics world initialized: appHeight=700, physics.ppm=50.0
20:37:29.979 [FXGL Background Thread 1 ] DEBUG PhysicsWorld         - Using strategy: BRUTE_FORCE
20:37:29.984 [FXGL Background Thread 1 ] DEBUG GameScene            - Game scene initialized: 1050x700
20:37:30.299 [FXGL Background Thread 1 ] DEBUG FXGLAssetLoaderServi - Loading from file system: jar:file:/Users/chalitandunu/.m2/repository/com/github/almasb/fxgl/11.14/fxgl-11.14.jar!/fxglassets/textures/particles/trace_horizontal.png
20:37:30.405 [FXGL Background Thread 1 ] DEBUG FXGL.DefaultMenu     - createMenuBodyGameMenu()
20:37:30.507 [FXGL Background Thread 1 ] DEBUG FXGL.DefaultMenu     - createOptionsMenu()
20:37:30.514 [FXGL Background Thread 1 ] DEBUG FXGLAssetLoaderServi - Loading from file system: jar:file:/Users/chalitandunu/.m2/repository/com/github/almasb/fxgl/11.14/fxgl-11.14.jar!/fxglassets/textures/particles/smoke.png
20:37:30.578 [FXGL Background Thread 1 ] DEBUG GameApplicationServi - Application scenes initialized
20:37:30.590 [FXGL Background Thread 1 ] DEBUG SystemBundleService  - Loading FXGL system data
20:37:30.596 [FXGL Background Thread 1 ] DEBUG FileSystemAccess     - Reading from: /Users/chalitandunu/Desktop/the void/HS/Jaar 1/Periode 3/IPOSE/nerdsvsthevirus/system/fxgl.bundle
20:37:30.603 [FXGL Background Thread 1 ] DEBUG SystemBundleService  - Bundle FXGL: {}
20:37:30.604 [FXGL Background Thread 1 ] DEBUG UpdaterService       - Checking for updates
20:37:30.608 [FXGL Background Thread 4 ] DEBUG FXGLApplication      - Loading fonts
20:37:30.610 [FXGL Background Thread 1 ] DEBUG FXGLApplication      - Loading default localization
20:37:30.609 [FXGL Background Thread 4 ] DEBUG FXGLAssetLoaderServi - Loading from file system: jar:file:/Users/chalitandunu/.m2/repository/com/github/almasb/fxgl/11.14/fxgl-11.14.jar!/fxglassets/ui/fonts/VarelaRound-Regular.ttf
20:37:30.611 [FXGL Background Thread 1 ] DEBUG FXGLAssetLoaderServi - Loading from file system: jar:file:/Users/chalitandunu/.m2/repository/com/github/almasb/fxgl/11.14/fxgl-11.14.jar!/fxglassets/languages/english.lang
20:37:30.630 [FXGL Background Thread 4 ] DEBUG FXGLAssetLoaderServi - Loading from file system: jar:file:/Users/chalitandunu/.m2/repository/com/github/almasb/fxgl/11.14/fxgl-11.14.jar!/fxglassets/ui/fonts/Abel-Regular.ttf
20:37:30.635 [FXGL Background Thread 4 ] DEBUG FXGLAssetLoaderServi - Loading from file system: jar:file:/Users/chalitandunu/.m2/repository/com/github/almasb/fxgl/11.14/fxgl-11.14.jar!/fxglassets/ui/fonts/lucida_console.ttf
20:37:30.653 [FXGL Background Thread 4 ] DEBUG FXGLAssetLoaderServi - Loading from file system: jar:file:/Users/chalitandunu/.m2/repository/com/github/almasb/fxgl/11.14/fxgl-11.14.jar!/fxglassets/ui/fonts/Courier-Prime.ttf
20:37:30.659 [JavaFX Application Thread] DEBUG FXGLApplication      - Registering font factories with UI factory
20:37:30.665 [FXGL Background Thread 1 ] INFO  FXGLApplication      - FXGL initialization took: 2.503 sec
20:37:30.677 [JavaFX Application Thread] DEBUG Input                - Registered new binding: Left - A
20:37:30.678 [JavaFX Application Thread] DEBUG Input                - Registered new binding: Right - D
20:37:30.678 [JavaFX Application Thread] DEBUG Input                - Registered new binding: Jump - W
20:37:30.679 [JavaFX Application Thread] DEBUG FXGLAssetLoaderServi - Loading from file system: file:/Users/chalitandunu/Desktop/the%20void/HS/Jaar%201/Periode%203/IPOSE/nerdsvsthevirus/target/classes/assets/music/background.wav
20:37:31.021 [JavaFX Application Thread] DEBUG AudioPlayer          - Playing music com.almasb.fxgl.audio.Music@669b0449
20:37:31.023 [JavaFX Application Thread] DEBUG FXGLAssetLoaderServi - Loading from file system: jar:file:/Users/chalitandunu/.m2/repository/com/github/almasb/fxgl/11.14/fxgl-11.14.jar!/fxglassets/textures/fxgl_icon.png
20:37:31.057 [JavaFX Application Thread] DEBUG FXGLAssetLoaderServi - Loading from file system: jar:file:/Users/chalitandunu/.m2/repository/com/github/almasb/fxgl/11.14/fxgl-11.14.jar!/fxglassets/ui/cursors/fxgl_default.png
20:37:31.059 [JavaFX Application Thread] DEBUG Input                - Registered new binding: Screenshot - P
20:37:31.060 [JavaFX Application Thread] DEBUG Input                - Registered new binding: System info dump - CTRL+9
20:37:31.060 [JavaFX Application Thread] DEBUG Input                - Registered new binding: Restart - CTRL+R
20:37:31.061 [JavaFX Application Thread] DEBUG Input                - Registered new binding: Toggle Debug Camera - CTRL+C
20:37:31.063 [JavaFX Application Thread] DEBUG LoopRunner           - Starting loop
20:37:31.064 [JavaFX Application Thread] DEBUG LoopRunner           - Initializing JavaFX AnimationTimerLoop
20:37:31.067 [JavaFX Application Thread] DEBUG Input                - Clearing active input actions
20:37:31.079 [JavaFX Application Thread] DEBUG GameApplicationServi - Removing overlay from FXGLStartupScene and adding to FXGLMainMenuDummyScene
20:37:31.079 [JavaFX Application Thread] DEBUG PrimaryStageWindow   - FXGLStartupScene -> FXGLMainMenuDummyScene
20:37:31.086 [JavaFX Application Thread] DEBUG PrimaryStageWindow   - Push state: MainMenu
20:37:31.086 [JavaFX Application Thread] DEBUG Input                - Clearing active input actions
20:37:31.383 [JavaFX Application Thread] DEBUG GameApplicationServi - Removing overlay from FXGLMainMenuDummyScene and adding to MainMenu
20:37:31.384 [JavaFX Application Thread] DEBUG PrimaryStageWindow   - FXGLMainMenuDummyScene -> MainMenu
20:37:33.609 [FXGL Background Thread 3 ] DEBUG Engine               - Logging environment variables
20:37:33.610 [FXGL Background Thread 3 ] DEBUG Engine               - achievements: []
20:37:33.611 [FXGL Background Thread 3 ] DEBUG Engine               - actualHeight: 700.0
20:37:33.612 [FXGL Background Thread 3 ] DEBUG Engine               - actualHeightProperty: ReadOnlyDoubleProperty [value: 700.0]
20:37:33.613 [FXGL Background Thread 3 ] DEBUG Engine               - actualWidth: 1050.0
20:37:33.613 [FXGL Background Thread 3 ] DEBUG Engine               - actualWidthProperty: ReadOnlyDoubleProperty [value: 1050.0]
20:37:33.613 [FXGL Background Thread 3 ] DEBUG Engine               - appIcon: fxgl_icon.png
20:37:33.614 [FXGL Background Thread 3 ] DEBUG Engine               - applicationMode: DEVELOPER
20:37:33.614 [FXGL Background Thread 3 ] DEBUG Engine               - cSSList: [fxgl_dark.css]
20:37:33.614 [FXGL Background Thread 3 ] DEBUG Engine               - collisionDetectionStrategy: BRUTE_FORCE
20:37:33.614 [FXGL Background Thread 3 ] DEBUG Engine               - configClass: Optional.empty
20:37:33.614 [FXGL Background Thread 3 ] DEBUG Engine               - credits: []
20:37:33.615 [FXGL Background Thread 3 ] DEBUG Engine               - devBBoxColorProperty: ObjectProperty [value: 0xff0000ff]
20:37:33.615 [FXGL Background Thread 3 ] DEBUG Engine               - devEnableDebugCameraProperty: BooleanProperty [value: false]
20:37:33.616 [FXGL Background Thread 3 ] DEBUG Engine               - devSensorColorProperty: ObjectProperty [value: 0xffff00ff]
20:37:33.617 [FXGL Background Thread 3 ] DEBUG Engine               - devShowBBoxProperty: BooleanProperty [value: false]
20:37:33.617 [FXGL Background Thread 3 ] DEBUG Engine               - devShowPositionProperty: BooleanProperty [value: false]
20:37:33.618 [FXGL Background Thread 3 ] DEBUG Engine               - enabledMenuItems: []
20:37:33.618 [FXGL Background Thread 3 ] DEBUG Engine               - engineServices: [class com.almasb.fxgl.app.services.FXGLAssetLoaderService, class com.almasb.fxgl.app.FXGLApplication$GameApplicationService, class com.almasb.fxgl.app.services.FXGLDialogService, class com.almasb.fxgl.app.services.IOTaskExecutorService, class com.almasb.fxgl.event.EventBusService, class com.almasb.fxgl.io.FileSystemService, class com.almasb.fxgl.localization.LocalizationService, class com.almasb.fxgl.app.services.SystemBundleService, class com.almasb.fxgl.profile.SaveLoadService, class com.almasb.fxgl.ui.FXGLUIFactoryServiceProvider, class com.almasb.fxgl.ui.FXGLDialogFactoryServiceProvider, class com.almasb.fxgl.audio.AudioPlayer, class com.almasb.fxgl.notification.impl.NotificationServiceProvider, class com.almasb.fxgl.achievement.AchievementService, class com.almasb.fxgl.cutscene.CutsceneService, class com.almasb.fxgl.minigames.MiniGameService, class com.almasb.fxgl.net.NetService, class com.almasb.fxgl.app.services.UpdaterService, class com.almasb.fxgl.dev.DevService]
20:37:33.618 [FXGL Background Thread 3 ] DEBUG Engine               - fontGame: Abel-Regular.ttf
20:37:33.619 [FXGL Background Thread 3 ] DEBUG Engine               - fontMono: lucida_console.ttf
20:37:33.619 [FXGL Background Thread 3 ] DEBUG Engine               - fontText: Courier-Prime.ttf
20:37:33.619 [FXGL Background Thread 3 ] DEBUG Engine               - fontUI: VarelaRound-Regular.ttf
20:37:33.619 [FXGL Background Thread 3 ] DEBUG Engine               - fullScreen: BooleanProperty [value: false]
20:37:33.620 [FXGL Background Thread 3 ] DEBUG Engine               - gameDifficulty: MEDIUM
20:37:33.620 [FXGL Background Thread 3 ] DEBUG Engine               - gameDifficultyProperty: ObjectProperty [value: MEDIUM]
20:37:33.620 [FXGL Background Thread 3 ] DEBUG Engine               - globalMusicVolume: 0.5
20:37:33.621 [FXGL Background Thread 3 ] DEBUG Engine               - globalMusicVolumeProperty: DoubleProperty [value: 0.1]
20:37:33.622 [FXGL Background Thread 3 ] DEBUG Engine               - globalSoundVolume: 0.5
20:37:33.622 [FXGL Background Thread 3 ] DEBUG Engine               - globalSoundVolumeProperty: DoubleProperty [value: 0.5]
20:37:33.622 [FXGL Background Thread 3 ] DEBUG Engine               - height: 700
20:37:33.623 [FXGL Background Thread 3 ] DEBUG Engine               - isAndroid: false
20:37:33.623 [FXGL Background Thread 3 ] DEBUG Engine               - isBrowser: false
20:37:33.623 [FXGL Background Thread 3 ] DEBUG Engine               - isClickFeedbackEnabled: false
20:37:33.623 [FXGL Background Thread 3 ] DEBUG Engine               - isCloseConfirmation: false
20:37:33.623 [FXGL Background Thread 3 ] DEBUG Engine               - isDesktop: true
20:37:33.624 [FXGL Background Thread 3 ] DEBUG Engine               - isDeveloperMenuEnabled: false
20:37:33.624 [FXGL Background Thread 3 ] DEBUG Engine               - isEntityPreloadEnabled: true
20:37:33.624 [FXGL Background Thread 3 ] DEBUG Engine               - isExperimental3D: false
20:37:33.624 [FXGL Background Thread 3 ] DEBUG Engine               - isExperimentalNative: false
20:37:33.624 [FXGL Background Thread 3 ] DEBUG Engine               - isExperimentalTiledLargeMap: false
20:37:33.624 [FXGL Background Thread 3 ] DEBUG Engine               - isFileSystemWriteAllowed: true
20:37:33.625 [FXGL Background Thread 3 ] DEBUG Engine               - isFullScreenAllowed: false
20:37:33.625 [FXGL Background Thread 3 ] DEBUG Engine               - isFullScreenFromStart: false
20:37:33.625 [FXGL Background Thread 3 ] DEBUG Engine               - isGameMenuEnabled: true
20:37:33.625 [FXGL Background Thread 3 ] DEBUG Engine               - isIOS: false
20:37:33.625 [FXGL Background Thread 3 ] DEBUG Engine               - isIntroEnabled: false
20:37:33.625 [FXGL Background Thread 3 ] DEBUG Engine               - isLinux: false
20:37:33.626 [FXGL Background Thread 3 ] DEBUG Engine               - isMac: true
20:37:33.626 [FXGL Background Thread 3 ] DEBUG Engine               - isMainMenuEnabled: true
20:37:33.626 [FXGL Background Thread 3 ] DEBUG Engine               - isManualResizeEnabled: false
20:37:33.626 [FXGL Background Thread 3 ] DEBUG Engine               - isMobile: false
20:37:33.626 [FXGL Background Thread 3 ] DEBUG Engine               - isPreserveResizeRatio: false
20:37:33.626 [FXGL Background Thread 3 ] DEBUG Engine               - isProfilingEnabled: false
20:37:33.627 [FXGL Background Thread 3 ] DEBUG Engine               - isScaleAffectedOnResize: true
20:37:33.627 [FXGL Background Thread 3 ] DEBUG Engine               - isSingleStep: false
20:37:33.627 [FXGL Background Thread 3 ] DEBUG Engine               - isUserProfileEnabled: false
20:37:33.627 [FXGL Background Thread 3 ] DEBUG Engine               - isWindows: false
20:37:33.627 [FXGL Background Thread 3 ] DEBUG Engine               - language: ObjectProperty [value: ENGLISH]
20:37:33.627 [FXGL Background Thread 3 ] DEBUG Engine               - menuKey: ESCAPE
20:37:33.628 [FXGL Background Thread 3 ] DEBUG Engine               - notificationViewClass: class com.almasb.fxgl.notification.view.XboxNotificationView
20:37:33.628 [FXGL Background Thread 3 ] DEBUG Engine               - pixelsPerMeter: 50.0
20:37:33.628 [FXGL Background Thread 3 ] DEBUG Engine               - platform: MAC
20:37:33.629 [FXGL Background Thread 3 ] DEBUG Engine               - prefHeightProperty: ReadOnlyDoubleProperty [value: 700.0]
20:37:33.629 [FXGL Background Thread 3 ] DEBUG Engine               - prefWidthProperty: ReadOnlyDoubleProperty [value: 1050.0]
20:37:33.629 [FXGL Background Thread 3 ] DEBUG Engine               - profileDir: profiles/
20:37:33.629 [FXGL Background Thread 3 ] DEBUG Engine               - profileName: StringProperty [value: DEFAULT]
20:37:33.630 [FXGL Background Thread 3 ] DEBUG Engine               - randomSeed: -1
20:37:33.630 [FXGL Background Thread 3 ] DEBUG Engine               - runtimeInfo: RuntimeInfo(platform=MAC, version=11.14, build=01.03.2021 16.59)
20:37:33.630 [FXGL Background Thread 3 ] DEBUG Engine               - saveFileExt: sav
20:37:33.630 [FXGL Background Thread 3 ] DEBUG Engine               - scaledHeightProp$fxgl: DoubleProperty [bound, value: 700.0]
20:37:33.630 [FXGL Background Thread 3 ] DEBUG Engine               - scaledWidthProp$fxgl: DoubleProperty [bound, value: 1050.0]
20:37:33.630 [FXGL Background Thread 3 ] DEBUG Engine               - sceneFactory: NerdvsVirus.Game$1@6b4fce20
20:37:33.630 [FXGL Background Thread 3 ] DEBUG Engine               - secondsIn24h: 60
20:37:33.631 [FXGL Background Thread 3 ] DEBUG Engine               - soundMenuBack: menu/back.wav
20:37:33.631 [FXGL Background Thread 3 ] DEBUG Engine               - soundMenuPress: menu/press.wav
20:37:33.631 [FXGL Background Thread 3 ] DEBUG Engine               - soundMenuSelect: menu/select.wav
20:37:33.631 [FXGL Background Thread 3 ] DEBUG Engine               - soundNotification: core/notification.wav
20:37:33.631 [FXGL Background Thread 3 ] DEBUG Engine               - stageStyle: DECORATED
20:37:33.631 [FXGL Background Thread 3 ] DEBUG Engine               - supportedLanguages: [ENGLISH, FRENCH, GERMAN, HUNGARIAN, RUSSIAN]
20:37:33.631 [FXGL Background Thread 3 ] DEBUG Engine               - ticksPerSecond: -1
20:37:33.632 [FXGL Background Thread 3 ] DEBUG Engine               - title: Nerds VS Virus
20:37:33.632 [FXGL Background Thread 3 ] DEBUG Engine               - urlGithub: https://github.com/AlmasB/FXGL
20:37:33.632 [FXGL Background Thread 3 ] DEBUG Engine               - urlLeaderboard: http://fxgl-top.herokuapp.com/
20:37:33.632 [FXGL Background Thread 3 ] DEBUG Engine               - urlPOM: https://raw.githubusercontent.com/AlmasB/FXGL/release/README.md
20:37:33.632 [FXGL Background Thread 3 ] DEBUG Engine               - userAppClass: class NerdvsVirus.Game
20:37:33.632 [FXGL Background Thread 3 ] DEBUG Engine               - version: 0.0
20:37:33.632 [FXGL Background Thread 3 ] DEBUG Engine               - versionCheckDays: 7
20:37:33.633 [FXGL Background Thread 3 ] DEBUG Engine               - width: 1050
20:37:33.633 [FXGL Background Thread 3 ] DEBUG Engine               - Logging services
20:37:33.633 [FXGL Background Thread 3 ] DEBUG Engine               - class com.almasb.fxgl.app.services.FXGLAssetLoaderService
20:37:33.633 [FXGL Background Thread 3 ] DEBUG Engine               - class com.almasb.fxgl.app.FXGLApplication$GameApplicationService
20:37:33.634 [FXGL Background Thread 3 ] DEBUG Engine               - class com.almasb.fxgl.app.services.FXGLDialogService
20:37:33.634 [FXGL Background Thread 3 ] DEBUG Engine               - class com.almasb.fxgl.app.services.IOTaskExecutorService
20:37:33.634 [FXGL Background Thread 3 ] DEBUG Engine               - class com.almasb.fxgl.event.EventBusService
20:37:33.634 [FXGL Background Thread 3 ] DEBUG Engine               - class com.almasb.fxgl.io.FileSystemService
20:37:33.634 [FXGL Background Thread 3 ] DEBUG Engine               - class com.almasb.fxgl.localization.LocalizationService
20:37:33.635 [FXGL Background Thread 3 ] DEBUG Engine               - class com.almasb.fxgl.app.services.SystemBundleService
20:37:33.635 [FXGL Background Thread 3 ] DEBUG Engine               - class com.almasb.fxgl.profile.SaveLoadService
20:37:33.635 [FXGL Background Thread 3 ] DEBUG Engine               - class com.almasb.fxgl.ui.FXGLUIFactoryServiceProvider
20:37:33.635 [FXGL Background Thread 3 ] DEBUG Engine               - class com.almasb.fxgl.ui.FXGLDialogFactoryServiceProvider
20:37:33.635 [FXGL Background Thread 3 ] DEBUG Engine               - class com.almasb.fxgl.audio.AudioPlayer
20:37:33.635 [FXGL Background Thread 3 ] DEBUG Engine               - class com.almasb.fxgl.notification.impl.NotificationServiceProvider
20:37:33.635 [FXGL Background Thread 3 ] DEBUG Engine               - class com.almasb.fxgl.achievement.AchievementService
20:37:33.636 [FXGL Background Thread 3 ] DEBUG Engine               - class com.almasb.fxgl.cutscene.CutsceneService
20:37:33.636 [FXGL Background Thread 3 ] DEBUG Engine               - class com.almasb.fxgl.minigames.MiniGameService
20:37:33.636 [FXGL Background Thread 3 ] DEBUG Engine               - class com.almasb.fxgl.net.NetService
20:37:33.636 [FXGL Background Thread 3 ] DEBUG Engine               - class com.almasb.fxgl.app.services.UpdaterService
20:37:33.636 [FXGL Background Thread 3 ] DEBUG Engine               - class com.almasb.fxgl.dev.DevService
20:38:04.079 [JavaFX Application Thread] DEBUG FXGLApplication      - Exiting FXGL
20:38:04.080 [JavaFX Application Thread] DEBUG LoopRunner           - Stopping loop
20:38:04.080 [JavaFX Application Thread] DEBUG SystemBundleService  - Saving FXGL system data
20:38:04.082 [JavaFX Application Thread] DEBUG FileSystemAccess     - Writing to: /Users/chalitandunu/Desktop/the void/HS/Jaar 1/Periode 3/IPOSE/nerdsvsthevirus/system/fxgl.bundle
20:38:04.085 [JavaFX Application Thread] DEBUG Async                - Shutting down background threads
20:38:04.085 [JavaFX Application Thread] DEBUG PrimaryStageWindow   - Closing main window
20:38:04.098 [JavaFX Application Thread] DEBUG Logger               - Closing Logger
