20:34:21.636 [main                     ] DEBUG Logger               - Configured Logger
20:34:21.660 [main                     ] DEBUG GameApplication      - Logging settings
Title: Nerds VS Virus
Version: 0.0
Width: 1050
Height: 700
Fullscreen: false
Intro: false
Profiling: false
Single step:false
App Mode: DEVELOPER
Menu Key: ESCAPE
Stage Style: DECORATED
Scene Factory: class NerdvsVirus.Game$1

20:34:22.232 [JavaFX Application Thread] DEBUG FXGLApplication      - Initializing FXGL
20:34:22.239 [JavaFX Application Thread] INFO  Engine               - FXGL-11.14 (01.03.2021 16.59) on MAC (J:15.0.1 FX:15)
20:34:22.240 [JavaFX Application Thread] DEBUG Engine               - JRE Vendor Name: Oracle Corporation
20:34:22.240 [JavaFX Application Thread] DEBUG Engine               - Running on OS: Mac OS X version 10.16
20:34:22.241 [JavaFX Application Thread] DEBUG Engine               - Architecture: x86_64
20:34:22.242 [JavaFX Application Thread] INFO  Engine               - Source code and latest versions at: https://github.com/AlmasB/FXGL
20:34:22.243 [JavaFX Application Thread] INFO  Engine               -              Join the FXGL chat at: https://gitter.im/AlmasB/FXGL
20:34:22.502 [JavaFX Application Thread] DEBUG PrimaryStageWindow   - Creating a JavaFX scene
20:34:22.590 [JavaFX Application Thread] DEBUG PrimaryStageWindow   - Target settings size: 1050.0 x 700.0
20:34:22.591 [JavaFX Application Thread] DEBUG PrimaryStageWindow   - Scaled scene size:    1050.0 x 700.0
20:34:22.591 [JavaFX Application Thread] DEBUG PrimaryStageWindow   - Scaled ratio: (1.0, 1.0)
20:34:22.592 [JavaFX Application Thread] DEBUG PrimaryStageWindow   - Set initial scene to FXGLStartupScene
20:34:22.601 [JavaFX Application Thread] DEBUG PrimaryStageWindow   - Opening main window
20:34:22.697 [JavaFX Application Thread] DEBUG PrimaryStageWindow   - Window border size: (0.0, 28.0)
20:34:22.698 [JavaFX Application Thread] DEBUG PrimaryStageWindow   - Scaled size: 1050.0 x 700.0
20:34:22.698 [JavaFX Application Thread] DEBUG PrimaryStageWindow   - Scaled ratio: (1.0, 1.0)
20:34:22.698 [JavaFX Application Thread] DEBUG PrimaryStageWindow   - Scene size: 1050.0 x 700.0
20:34:22.699 [JavaFX Application Thread] DEBUG PrimaryStageWindow   - Stage size: 1050.0 x 728.0
20:34:22.707 [FXGL Background Thread 1 ] DEBUG Engine               - Initializing environment variables
20:34:22.800 [FXGL Background Thread 1 ] DEBUG FXGLAssetLoaderServi - User app class for loading assets: class NerdvsVirus.Game
20:34:22.800 [FXGL Background Thread 1 ] DEBUG GameApplicationServi - Applying CSS: fxgl_dark.css
20:34:22.802 [FXGL Background Thread 1 ] DEBUG FXGLAssetLoaderServi - Loading from file system: jar:file:/Users/chalitandunu/.m2/repository/com/github/almasb/fxgl/11.14/fxgl-11.14.jar!/fxglassets/ui/css/fxgl_dark.css
20:34:22.921 [FXGL Background Thread 1 ] DEBUG GameApplicationServi - Initializing application scenes
20:34:23.833 [FXGL Background Thread 1 ] DEBUG GameWorld            - Game world initialized
20:34:23.922 [FXGL Background Thread 1 ] DEBUG PhysicsWorld         - Physics world initialized: appHeight=700, physics.ppm=50.0
20:34:23.922 [FXGL Background Thread 1 ] DEBUG PhysicsWorld         - Using strategy: BRUTE_FORCE
20:34:23.926 [FXGL Background Thread 1 ] DEBUG GameScene            - Game scene initialized: 1050x700
20:34:24.056 [FXGL Background Thread 1 ] DEBUG FXGLAssetLoaderServi - Loading from file system: jar:file:/Users/chalitandunu/.m2/repository/com/github/almasb/fxgl/11.14/fxgl-11.14.jar!/fxglassets/textures/particles/trace_horizontal.png
20:34:24.105 [FXGL Background Thread 1 ] DEBUG FXGL.DefaultMenu     - createMenuBodyGameMenu()
20:34:24.129 [FXGL Background Thread 1 ] DEBUG FXGL.DefaultMenu     - createOptionsMenu()
20:34:24.134 [FXGL Background Thread 1 ] DEBUG FXGLAssetLoaderServi - Loading from file system: jar:file:/Users/chalitandunu/.m2/repository/com/github/almasb/fxgl/11.14/fxgl-11.14.jar!/fxglassets/textures/particles/smoke.png
20:34:24.198 [FXGL Background Thread 1 ] DEBUG GameApplicationServi - Application scenes initialized
20:34:24.211 [FXGL Background Thread 1 ] DEBUG SystemBundleService  - Loading FXGL system data
20:34:24.221 [FXGL Background Thread 1 ] DEBUG FileSystemAccess     - Reading from: /Users/chalitandunu/Desktop/the void/HS/Jaar 1/Periode 3/IPOSE/nerdsvsthevirus/system/fxgl.bundle
20:34:24.227 [FXGL Background Thread 1 ] DEBUG SystemBundleService  - Bundle FXGL: {}
20:34:24.227 [FXGL Background Thread 1 ] DEBUG UpdaterService       - Checking for updates
20:34:24.232 [FXGL Background Thread 4 ] DEBUG FXGLApplication      - Loading fonts
20:34:24.233 [FXGL Background Thread 4 ] DEBUG FXGLAssetLoaderServi - Loading from file system: jar:file:/Users/chalitandunu/.m2/repository/com/github/almasb/fxgl/11.14/fxgl-11.14.jar!/fxglassets/ui/fonts/VarelaRound-Regular.ttf
20:34:24.233 [FXGL Background Thread 1 ] DEBUG FXGLApplication      - Loading default localization
20:34:24.234 [FXGL Background Thread 1 ] DEBUG FXGLAssetLoaderServi - Loading from file system: jar:file:/Users/chalitandunu/.m2/repository/com/github/almasb/fxgl/11.14/fxgl-11.14.jar!/fxglassets/languages/english.lang
20:34:24.242 [FXGL Background Thread 4 ] DEBUG FXGLAssetLoaderServi - Loading from file system: jar:file:/Users/chalitandunu/.m2/repository/com/github/almasb/fxgl/11.14/fxgl-11.14.jar!/fxglassets/ui/fonts/Abel-Regular.ttf
20:34:24.251 [FXGL Background Thread 4 ] DEBUG FXGLAssetLoaderServi - Loading from file system: jar:file:/Users/chalitandunu/.m2/repository/com/github/almasb/fxgl/11.14/fxgl-11.14.jar!/fxglassets/ui/fonts/lucida_console.ttf
20:34:24.264 [FXGL Background Thread 4 ] DEBUG FXGLAssetLoaderServi - Loading from file system: jar:file:/Users/chalitandunu/.m2/repository/com/github/almasb/fxgl/11.14/fxgl-11.14.jar!/fxglassets/ui/fonts/Courier-Prime.ttf
20:34:24.272 [JavaFX Application Thread] DEBUG FXGLApplication      - Registering font factories with UI factory
20:34:24.289 [FXGL Background Thread 1 ] INFO  FXGLApplication      - FXGL initialization took: 1.582 sec
20:34:24.304 [JavaFX Application Thread] DEBUG Input                - Registered new binding: Left - A
20:34:24.304 [JavaFX Application Thread] DEBUG Input                - Registered new binding: Right - D
20:34:24.305 [JavaFX Application Thread] DEBUG Input                - Registered new binding: Jump - W
20:34:24.305 [JavaFX Application Thread] DEBUG FXGLAssetLoaderServi - Loading from file system: file:/Users/chalitandunu/Desktop/the%20void/HS/Jaar%201/Periode%203/IPOSE/nerdsvsthevirus/target/classes/assets/music/background.wav
20:34:24.675 [JavaFX Application Thread] DEBUG AudioPlayer          - Playing music com.almasb.fxgl.audio.Music@552e1e43
20:34:24.676 [JavaFX Application Thread] DEBUG FXGLAssetLoaderServi - Loading from file system: jar:file:/Users/chalitandunu/.m2/repository/com/github/almasb/fxgl/11.14/fxgl-11.14.jar!/fxglassets/textures/fxgl_icon.png
20:34:24.710 [JavaFX Application Thread] DEBUG FXGLAssetLoaderServi - Loading from file system: jar:file:/Users/chalitandunu/.m2/repository/com/github/almasb/fxgl/11.14/fxgl-11.14.jar!/fxglassets/ui/cursors/fxgl_default.png
20:34:24.713 [JavaFX Application Thread] DEBUG Input                - Registered new binding: Screenshot - P
20:34:24.714 [JavaFX Application Thread] DEBUG Input                - Registered new binding: System info dump - CTRL+9
20:34:24.714 [JavaFX Application Thread] DEBUG Input                - Registered new binding: Restart - CTRL+R
20:34:24.715 [JavaFX Application Thread] DEBUG Input                - Registered new binding: Toggle Debug Camera - CTRL+C
20:34:24.718 [JavaFX Application Thread] DEBUG LoopRunner           - Starting loop
20:34:24.718 [JavaFX Application Thread] DEBUG LoopRunner           - Initializing JavaFX AnimationTimerLoop
20:34:24.721 [JavaFX Application Thread] DEBUG Input                - Clearing active input actions
20:34:24.731 [JavaFX Application Thread] DEBUG GameApplicationServi - Removing overlay from FXGLStartupScene and adding to FXGLMainMenuDummyScene
20:34:24.732 [JavaFX Application Thread] DEBUG PrimaryStageWindow   - FXGLStartupScene -> FXGLMainMenuDummyScene
20:34:24.732 [JavaFX Application Thread] DEBUG PrimaryStageWindow   - Push state: MainMenu
20:34:24.733 [JavaFX Application Thread] DEBUG Input                - Clearing active input actions
20:34:25.017 [JavaFX Application Thread] DEBUG GameApplicationServi - Removing overlay from FXGLMainMenuDummyScene and adding to MainMenu
20:34:25.017 [JavaFX Application Thread] DEBUG PrimaryStageWindow   - FXGLMainMenuDummyScene -> MainMenu
20:34:27.233 [FXGL Background Thread 3 ] DEBUG Engine               - Logging environment variables
20:34:27.235 [FXGL Background Thread 3 ] DEBUG Engine               - achievements: []
20:34:27.235 [FXGL Background Thread 3 ] DEBUG Engine               - actualHeight: 700.0
20:34:27.236 [FXGL Background Thread 3 ] DEBUG Engine               - actualHeightProperty: ReadOnlyDoubleProperty [value: 700.0]
20:34:27.236 [FXGL Background Thread 3 ] DEBUG Engine               - actualWidth: 1050.0
20:34:27.236 [FXGL Background Thread 3 ] DEBUG Engine               - actualWidthProperty: ReadOnlyDoubleProperty [value: 1050.0]
20:34:27.237 [FXGL Background Thread 3 ] DEBUG Engine               - appIcon: fxgl_icon.png
20:34:27.237 [FXGL Background Thread 3 ] DEBUG Engine               - applicationMode: DEVELOPER
20:34:27.238 [FXGL Background Thread 3 ] DEBUG Engine               - cSSList: [fxgl_dark.css]
20:34:27.238 [FXGL Background Thread 3 ] DEBUG Engine               - collisionDetectionStrategy: BRUTE_FORCE
20:34:27.238 [FXGL Background Thread 3 ] DEBUG Engine               - configClass: Optional.empty
20:34:27.239 [FXGL Background Thread 3 ] DEBUG Engine               - credits: []
20:34:27.240 [FXGL Background Thread 3 ] DEBUG Engine               - devBBoxColorProperty: ObjectProperty [value: 0xff0000ff]
20:34:27.240 [FXGL Background Thread 3 ] DEBUG Engine               - devEnableDebugCameraProperty: BooleanProperty [value: false]
20:34:27.241 [FXGL Background Thread 3 ] DEBUG Engine               - devSensorColorProperty: ObjectProperty [value: 0xffff00ff]
20:34:27.241 [FXGL Background Thread 3 ] DEBUG Engine               - devShowBBoxProperty: BooleanProperty [value: false]
20:34:27.241 [FXGL Background Thread 3 ] DEBUG Engine               - devShowPositionProperty: BooleanProperty [value: false]
20:34:27.242 [FXGL Background Thread 3 ] DEBUG Engine               - enabledMenuItems: []
20:34:27.242 [FXGL Background Thread 3 ] DEBUG Engine               - engineServices: [class com.almasb.fxgl.app.services.FXGLAssetLoaderService, class com.almasb.fxgl.app.FXGLApplication$GameApplicationService, class com.almasb.fxgl.app.services.FXGLDialogService, class com.almasb.fxgl.app.services.IOTaskExecutorService, class com.almasb.fxgl.event.EventBusService, class com.almasb.fxgl.io.FileSystemService, class com.almasb.fxgl.localization.LocalizationService, class com.almasb.fxgl.app.services.SystemBundleService, class com.almasb.fxgl.profile.SaveLoadService, class com.almasb.fxgl.ui.FXGLUIFactoryServiceProvider, class com.almasb.fxgl.ui.FXGLDialogFactoryServiceProvider, class com.almasb.fxgl.audio.AudioPlayer, class com.almasb.fxgl.notification.impl.NotificationServiceProvider, class com.almasb.fxgl.achievement.AchievementService, class com.almasb.fxgl.cutscene.CutsceneService, class com.almasb.fxgl.minigames.MiniGameService, class com.almasb.fxgl.net.NetService, class com.almasb.fxgl.app.services.UpdaterService, class com.almasb.fxgl.dev.DevService]
20:34:27.242 [FXGL Background Thread 3 ] DEBUG Engine               - fontGame: Abel-Regular.ttf
20:34:27.242 [FXGL Background Thread 3 ] DEBUG Engine               - fontMono: lucida_console.ttf
20:34:27.242 [FXGL Background Thread 3 ] DEBUG Engine               - fontText: Courier-Prime.ttf
20:34:27.243 [FXGL Background Thread 3 ] DEBUG Engine               - fontUI: VarelaRound-Regular.ttf
20:34:27.243 [FXGL Background Thread 3 ] DEBUG Engine               - fullScreen: BooleanProperty [value: false]
20:34:27.243 [FXGL Background Thread 3 ] DEBUG Engine               - gameDifficulty: MEDIUM
20:34:27.243 [FXGL Background Thread 3 ] DEBUG Engine               - gameDifficultyProperty: ObjectProperty [value: MEDIUM]
20:34:27.243 [FXGL Background Thread 3 ] DEBUG Engine               - globalMusicVolume: 0.5
20:34:27.244 [FXGL Background Thread 3 ] DEBUG Engine               - globalMusicVolumeProperty: DoubleProperty [value: 0.1]
20:34:27.244 [FXGL Background Thread 3 ] DEBUG Engine               - globalSoundVolume: 0.5
20:34:27.244 [FXGL Background Thread 3 ] DEBUG Engine               - globalSoundVolumeProperty: DoubleProperty [value: 0.5]
20:34:27.244 [FXGL Background Thread 3 ] DEBUG Engine               - height: 700
20:34:27.244 [FXGL Background Thread 3 ] DEBUG Engine               - isAndroid: false
20:34:27.245 [FXGL Background Thread 3 ] DEBUG Engine               - isBrowser: false
20:34:27.245 [FXGL Background Thread 3 ] DEBUG Engine               - isClickFeedbackEnabled: false
20:34:27.245 [FXGL Background Thread 3 ] DEBUG Engine               - isCloseConfirmation: false
20:34:27.245 [FXGL Background Thread 3 ] DEBUG Engine               - isDesktop: true
20:34:27.245 [FXGL Background Thread 3 ] DEBUG Engine               - isDeveloperMenuEnabled: false
20:34:27.245 [FXGL Background Thread 3 ] DEBUG Engine               - isEntityPreloadEnabled: true
20:34:27.246 [FXGL Background Thread 3 ] DEBUG Engine               - isExperimental3D: false
20:34:27.246 [FXGL Background Thread 3 ] DEBUG Engine               - isExperimentalNative: false
20:34:27.246 [FXGL Background Thread 3 ] DEBUG Engine               - isExperimentalTiledLargeMap: false
20:34:27.246 [FXGL Background Thread 3 ] DEBUG Engine               - isFileSystemWriteAllowed: true
20:34:27.246 [FXGL Background Thread 3 ] DEBUG Engine               - isFullScreenAllowed: false
20:34:27.247 [FXGL Background Thread 3 ] DEBUG Engine               - isFullScreenFromStart: false
20:34:27.247 [FXGL Background Thread 3 ] DEBUG Engine               - isGameMenuEnabled: true
20:34:27.247 [FXGL Background Thread 3 ] DEBUG Engine               - isIOS: false
20:34:27.247 [FXGL Background Thread 3 ] DEBUG Engine               - isIntroEnabled: false
20:34:27.247 [FXGL Background Thread 3 ] DEBUG Engine               - isLinux: false
20:34:27.247 [FXGL Background Thread 3 ] DEBUG Engine               - isMac: true
20:34:27.247 [FXGL Background Thread 3 ] DEBUG Engine               - isMainMenuEnabled: true
20:34:27.248 [FXGL Background Thread 3 ] DEBUG Engine               - isManualResizeEnabled: false
20:34:27.248 [FXGL Background Thread 3 ] DEBUG Engine               - isMobile: false
20:34:27.248 [FXGL Background Thread 3 ] DEBUG Engine               - isPreserveResizeRatio: false
20:34:27.248 [FXGL Background Thread 3 ] DEBUG Engine               - isProfilingEnabled: false
20:34:27.249 [FXGL Background Thread 3 ] DEBUG Engine               - isScaleAffectedOnResize: true
20:34:27.249 [FXGL Background Thread 3 ] DEBUG Engine               - isSingleStep: false
20:34:27.249 [FXGL Background Thread 3 ] DEBUG Engine               - isUserProfileEnabled: false
20:34:27.249 [FXGL Background Thread 3 ] DEBUG Engine               - isWindows: false
20:34:27.249 [FXGL Background Thread 3 ] DEBUG Engine               - language: ObjectProperty [value: ENGLISH]
20:34:27.250 [FXGL Background Thread 3 ] DEBUG Engine               - menuKey: ESCAPE
20:34:27.250 [FXGL Background Thread 3 ] DEBUG Engine               - notificationViewClass: class com.almasb.fxgl.notification.view.XboxNotificationView
20:34:27.250 [FXGL Background Thread 3 ] DEBUG Engine               - pixelsPerMeter: 50.0
20:34:27.250 [FXGL Background Thread 3 ] DEBUG Engine               - platform: MAC
20:34:27.251 [FXGL Background Thread 3 ] DEBUG Engine               - prefHeightProperty: ReadOnlyDoubleProperty [value: 700.0]
20:34:27.251 [FXGL Background Thread 3 ] DEBUG Engine               - prefWidthProperty: ReadOnlyDoubleProperty [value: 1050.0]
20:34:27.251 [FXGL Background Thread 3 ] DEBUG Engine               - profileDir: profiles/
20:34:27.251 [FXGL Background Thread 3 ] DEBUG Engine               - profileName: StringProperty [value: DEFAULT]
20:34:27.251 [FXGL Background Thread 3 ] DEBUG Engine               - randomSeed: -1
20:34:27.251 [FXGL Background Thread 3 ] DEBUG Engine               - runtimeInfo: RuntimeInfo(platform=MAC, version=11.14, build=01.03.2021 16.59)
20:34:27.252 [FXGL Background Thread 3 ] DEBUG Engine               - saveFileExt: sav
20:34:27.252 [FXGL Background Thread 3 ] DEBUG Engine               - scaledHeightProp$fxgl: DoubleProperty [bound, value: 700.0]
20:34:27.252 [FXGL Background Thread 3 ] DEBUG Engine               - scaledWidthProp$fxgl: DoubleProperty [bound, value: 1050.0]
20:34:27.252 [FXGL Background Thread 3 ] DEBUG Engine               - sceneFactory: NerdvsVirus.Game$1@5e3de641
20:34:27.252 [FXGL Background Thread 3 ] DEBUG Engine               - secondsIn24h: 60
20:34:27.252 [FXGL Background Thread 3 ] DEBUG Engine               - soundMenuBack: menu/back.wav
20:34:27.253 [FXGL Background Thread 3 ] DEBUG Engine               - soundMenuPress: menu/press.wav
20:34:27.253 [FXGL Background Thread 3 ] DEBUG Engine               - soundMenuSelect: menu/select.wav
20:34:27.253 [FXGL Background Thread 3 ] DEBUG Engine               - soundNotification: core/notification.wav
20:34:27.253 [FXGL Background Thread 3 ] DEBUG Engine               - stageStyle: DECORATED
20:34:27.253 [FXGL Background Thread 3 ] DEBUG Engine               - supportedLanguages: [ENGLISH, FRENCH, GERMAN, HUNGARIAN, RUSSIAN]
20:34:27.253 [FXGL Background Thread 3 ] DEBUG Engine               - ticksPerSecond: -1
20:34:27.253 [FXGL Background Thread 3 ] DEBUG Engine               - title: Nerds VS Virus
20:34:27.254 [FXGL Background Thread 3 ] DEBUG Engine               - urlGithub: https://github.com/AlmasB/FXGL
20:34:27.254 [FXGL Background Thread 3 ] DEBUG Engine               - urlLeaderboard: http://fxgl-top.herokuapp.com/
20:34:27.254 [FXGL Background Thread 3 ] DEBUG Engine               - urlPOM: https://raw.githubusercontent.com/AlmasB/FXGL/release/README.md
20:34:27.254 [FXGL Background Thread 3 ] DEBUG Engine               - userAppClass: class NerdvsVirus.Game
20:34:27.254 [FXGL Background Thread 3 ] DEBUG Engine               - version: 0.0
20:34:27.254 [FXGL Background Thread 3 ] DEBUG Engine               - versionCheckDays: 7
20:34:27.254 [FXGL Background Thread 3 ] DEBUG Engine               - width: 1050
20:34:27.255 [FXGL Background Thread 3 ] DEBUG Engine               - Logging services
20:34:27.255 [FXGL Background Thread 3 ] DEBUG Engine               - class com.almasb.fxgl.app.services.FXGLAssetLoaderService
20:34:27.255 [FXGL Background Thread 3 ] DEBUG Engine               - class com.almasb.fxgl.app.FXGLApplication$GameApplicationService
20:34:27.255 [FXGL Background Thread 3 ] DEBUG Engine               - class com.almasb.fxgl.app.services.FXGLDialogService
20:34:27.255 [FXGL Background Thread 3 ] DEBUG Engine               - class com.almasb.fxgl.app.services.IOTaskExecutorService
20:34:27.256 [FXGL Background Thread 3 ] DEBUG Engine               - class com.almasb.fxgl.event.EventBusService
20:34:27.256 [FXGL Background Thread 3 ] DEBUG Engine               - class com.almasb.fxgl.io.FileSystemService
20:34:27.256 [FXGL Background Thread 3 ] DEBUG Engine               - class com.almasb.fxgl.localization.LocalizationService
20:34:27.256 [FXGL Background Thread 3 ] DEBUG Engine               - class com.almasb.fxgl.app.services.SystemBundleService
20:34:27.256 [FXGL Background Thread 3 ] DEBUG Engine               - class com.almasb.fxgl.profile.SaveLoadService
20:34:27.256 [FXGL Background Thread 3 ] DEBUG Engine               - class com.almasb.fxgl.ui.FXGLUIFactoryServiceProvider
20:34:27.257 [FXGL Background Thread 3 ] DEBUG Engine               - class com.almasb.fxgl.ui.FXGLDialogFactoryServiceProvider
20:34:27.257 [FXGL Background Thread 3 ] DEBUG Engine               - class com.almasb.fxgl.audio.AudioPlayer
20:34:27.257 [FXGL Background Thread 3 ] DEBUG Engine               - class com.almasb.fxgl.notification.impl.NotificationServiceProvider
20:34:27.257 [FXGL Background Thread 3 ] DEBUG Engine               - class com.almasb.fxgl.achievement.AchievementService
20:34:27.258 [FXGL Background Thread 3 ] DEBUG Engine               - class com.almasb.fxgl.cutscene.CutsceneService
20:34:27.258 [FXGL Background Thread 3 ] DEBUG Engine               - class com.almasb.fxgl.minigames.MiniGameService
20:34:27.258 [FXGL Background Thread 3 ] DEBUG Engine               - class com.almasb.fxgl.net.NetService
20:34:27.258 [FXGL Background Thread 3 ] DEBUG Engine               - class com.almasb.fxgl.app.services.UpdaterService
20:34:27.259 [FXGL Background Thread 3 ] DEBUG Engine               - class com.almasb.fxgl.dev.DevService
20:34:29.849 [JavaFX Application Thread] DEBUG FXGLApplication      - Exiting FXGL
20:34:29.849 [JavaFX Application Thread] DEBUG LoopRunner           - Stopping loop
20:34:29.849 [JavaFX Application Thread] DEBUG SystemBundleService  - Saving FXGL system data
20:34:29.853 [JavaFX Application Thread] DEBUG FileSystemAccess     - Writing to: /Users/chalitandunu/Desktop/the void/HS/Jaar 1/Periode 3/IPOSE/nerdsvsthevirus/system/fxgl.bundle
20:34:29.855 [JavaFX Application Thread] DEBUG Async                - Shutting down background threads
20:34:29.856 [JavaFX Application Thread] DEBUG PrimaryStageWindow   - Closing main window
20:34:29.866 [JavaFX Application Thread] DEBUG Logger               - Closing Logger
