21:40:54.044 [main                     ] DEBUG Logger               - Configured Logger
21:40:54.055 [main                     ] DEBUG GameApplication      - Logging settings
Title: Nerds VS Virus
Version: 0.0
Width: 1050
Height: 700
Fullscreen: false
Intro: false
Profiling: false
Single step:false
App Mode: DEVELOPER
Menu Key: ESCAPE
Stage Style: DECORATED
Scene Factory: class NerdvsVirus.Game$1

21:40:54.532 [JavaFX Application Thread] DEBUG FXGLApplication      - Initializing FXGL
21:40:54.534 [JavaFX Application Thread] INFO  Engine               - FXGL-11.14 (01.03.2021 16.59) on WINDOWS (J:15.0.2 FX:15)
21:40:54.534 [JavaFX Application Thread] DEBUG Engine               - JRE Vendor Name: Oracle Corporation
21:40:54.534 [JavaFX Application Thread] DEBUG Engine               - Running on OS: Windows 10 version 10.0
21:40:54.534 [JavaFX Application Thread] DEBUG Engine               - Architecture: amd64
21:40:54.535 [JavaFX Application Thread] INFO  Engine               - Source code and latest versions at: https://github.com/AlmasB/FXGL
21:40:54.535 [JavaFX Application Thread] INFO  Engine               -              Join the FXGL chat at: https://gitter.im/AlmasB/FXGL
21:40:54.667 [JavaFX Application Thread] DEBUG PrimaryStageWindow   - Creating a JavaFX scene
21:40:54.717 [JavaFX Application Thread] DEBUG PrimaryStageWindow   - Target settings size: 1050.0 x 700.0
21:40:54.717 [JavaFX Application Thread] DEBUG PrimaryStageWindow   - Scaled scene size:    1050.0 x 700.0
21:40:54.717 [JavaFX Application Thread] DEBUG PrimaryStageWindow   - Scaled ratio: (1.0, 1.0)
21:40:54.718 [JavaFX Application Thread] DEBUG PrimaryStageWindow   - Set initial scene to FXGLStartupScene
21:40:54.725 [JavaFX Application Thread] DEBUG PrimaryStageWindow   - Opening main window
21:40:54.802 [JavaFX Application Thread] DEBUG PrimaryStageWindow   - Window border size: (16.0, 39.0)
21:40:54.802 [JavaFX Application Thread] DEBUG PrimaryStageWindow   - Scaled size: 1050.0 x 700.0
21:40:54.802 [JavaFX Application Thread] DEBUG PrimaryStageWindow   - Scaled ratio: (1.0, 1.0)
21:40:54.802 [JavaFX Application Thread] DEBUG PrimaryStageWindow   - Scene size: 1050.0 x 700.0
21:40:54.803 [JavaFX Application Thread] DEBUG PrimaryStageWindow   - Stage size: 1066.0 x 739.0
21:40:54.810 [FXGL Background Thread 1 ] DEBUG Engine               - Initializing environment variables
21:40:54.845 [FXGL Background Thread 1 ] DEBUG FXGLAssetLoaderServi - User app class for loading assets: class NerdvsVirus.Game
21:40:54.846 [FXGL Background Thread 1 ] DEBUG GameApplicationServi - Applying CSS: fxgl_dark.css
21:40:54.847 [FXGL Background Thread 1 ] DEBUG FXGLAssetLoaderServi - Loading from file system: jar:file:/C:/Users/luukb/.m2/repository/com/github/almasb/fxgl/11.14/fxgl-11.14.jar!/fxglassets/ui/css/fxgl_dark.css
21:40:54.888 [FXGL Background Thread 1 ] DEBUG GameApplicationServi - Initializing application scenes
21:40:54.920 [FXGL Background Thread 1 ] DEBUG GameWorld            - Game world initialized
21:40:54.985 [FXGL Background Thread 1 ] DEBUG PhysicsWorld         - Physics world initialized: appHeight=700, physics.ppm=50,0
21:40:54.986 [FXGL Background Thread 1 ] DEBUG PhysicsWorld         - Using strategy: BRUTE_FORCE
21:40:54.989 [FXGL Background Thread 1 ] DEBUG GameScene            - Game scene initialized: 1050x700
21:40:55.117 [FXGL Background Thread 1 ] DEBUG FXGLAssetLoaderServi - Loading from file system: jar:file:/C:/Users/luukb/.m2/repository/com/github/almasb/fxgl/11.14/fxgl-11.14.jar!/fxglassets/textures/particles/trace_horizontal.png
21:40:55.149 [FXGL Background Thread 1 ] DEBUG FXGL.DefaultMenu     - createMenuBodyGameMenu()
21:40:55.164 [FXGL Background Thread 1 ] DEBUG FXGL.DefaultMenu     - createOptionsMenu()
21:40:55.168 [FXGL Background Thread 1 ] DEBUG FXGLAssetLoaderServi - Loading from file system: jar:file:/C:/Users/luukb/.m2/repository/com/github/almasb/fxgl/11.14/fxgl-11.14.jar!/fxglassets/textures/particles/smoke.png
21:40:55.215 [FXGL Background Thread 1 ] DEBUG GameApplicationServi - Application scenes initialized
21:40:55.228 [FXGL Background Thread 1 ] DEBUG SystemBundleService  - Loading FXGL system data
21:40:55.232 [FXGL Background Thread 1 ] DEBUG FileSystemAccess     - Reading from: D:\OneDrive\OneDrive - Hogeschool Leiden\IPOSE\NERDS VS VIRUS\nerdsvsthevirus\system\fxgl.bundle
21:40:55.238 [FXGL Background Thread 1 ] DEBUG SystemBundleService  - Bundle FXGL: {}
21:40:55.238 [FXGL Background Thread 1 ] DEBUG UpdaterService       - Checking for updates
21:40:55.243 [FXGL Background Thread 4 ] DEBUG FXGLApplication      - Loading fonts
21:40:55.244 [FXGL Background Thread 1 ] DEBUG FXGLApplication      - Loading default localization
21:40:55.244 [FXGL Background Thread 4 ] DEBUG FXGLAssetLoaderServi - Loading from file system: jar:file:/C:/Users/luukb/.m2/repository/com/github/almasb/fxgl/11.14/fxgl-11.14.jar!/fxglassets/ui/fonts/VarelaRound-Regular.ttf
21:40:55.245 [FXGL Background Thread 1 ] DEBUG FXGLAssetLoaderServi - Loading from file system: jar:file:/C:/Users/luukb/.m2/repository/com/github/almasb/fxgl/11.14/fxgl-11.14.jar!/fxglassets/languages/english.lang
21:40:55.248 [FXGL Background Thread 4 ] DEBUG FXGLAssetLoaderServi - Loading from file system: jar:file:/C:/Users/luukb/.m2/repository/com/github/almasb/fxgl/11.14/fxgl-11.14.jar!/fxglassets/ui/fonts/Abel-Regular.ttf
21:40:55.253 [FXGL Background Thread 4 ] DEBUG FXGLAssetLoaderServi - Loading from file system: jar:file:/C:/Users/luukb/.m2/repository/com/github/almasb/fxgl/11.14/fxgl-11.14.jar!/fxglassets/ui/fonts/lucida_console.ttf
21:40:55.259 [FXGL Background Thread 1 ] INFO  FXGLApplication      - FXGL initialization took: 0,448 sec
21:40:55.259 [FXGL Background Thread 4 ] DEBUG FXGLAssetLoaderServi - Loading from file system: jar:file:/C:/Users/luukb/.m2/repository/com/github/almasb/fxgl/11.14/fxgl-11.14.jar!/fxglassets/ui/fonts/Courier-Prime.ttf
21:40:55.266 [JavaFX Application Thread] DEBUG Input                - Registered new binding: Left - A
21:40:55.266 [JavaFX Application Thread] DEBUG Input                - Registered new binding: Right - D
21:40:55.266 [JavaFX Application Thread] DEBUG Input                - Registered new binding: Jump - W
21:40:55.267 [JavaFX Application Thread] DEBUG FXGLAssetLoaderServi - Loading from file system: jar:file:/C:/Users/luukb/.m2/repository/com/github/almasb/fxgl/11.14/fxgl-11.14.jar!/fxglassets/textures/fxgl_icon.png
21:40:55.275 [JavaFX Application Thread] DEBUG FXGLAssetLoaderServi - Loading from file system: jar:file:/C:/Users/luukb/.m2/repository/com/github/almasb/fxgl/11.14/fxgl-11.14.jar!/fxglassets/ui/cursors/fxgl_default.png
21:40:55.277 [JavaFX Application Thread] DEBUG Input                - Registered new binding: Screenshot - P
21:40:55.278 [JavaFX Application Thread] DEBUG Input                - Registered new binding: System info dump - CTRL+9
21:40:55.278 [JavaFX Application Thread] DEBUG Input                - Registered new binding: Restart - CTRL+R
21:40:55.279 [JavaFX Application Thread] DEBUG Input                - Registered new binding: Toggle Debug Camera - CTRL+C
21:40:55.282 [JavaFX Application Thread] DEBUG LoopRunner           - Starting loop
21:40:55.283 [JavaFX Application Thread] DEBUG LoopRunner           - Initializing JavaFX AnimationTimerLoop
21:40:55.285 [JavaFX Application Thread] DEBUG Input                - Clearing active input actions
21:40:55.291 [JavaFX Application Thread] DEBUG GameApplicationServi - Removing overlay from FXGLStartupScene and adding to FXGLMainMenuDummyScene
21:40:55.291 [JavaFX Application Thread] DEBUG PrimaryStageWindow   - FXGLStartupScene -> FXGLMainMenuDummyScene
21:40:55.291 [JavaFX Application Thread] DEBUG PrimaryStageWindow   - Push state: MainMenu
21:40:55.291 [JavaFX Application Thread] DEBUG Input                - Clearing active input actions
21:40:55.801 [JavaFX Application Thread] DEBUG GameApplicationServi - Removing overlay from FXGLMainMenuDummyScene and adding to MainMenu
21:40:55.801 [JavaFX Application Thread] DEBUG PrimaryStageWindow   - FXGLMainMenuDummyScene -> MainMenu
21:40:55.801 [JavaFX Application Thread] DEBUG FXGLApplication      - Registering font factories with UI factory
21:40:58.242 [FXGL Background Thread 3 ] DEBUG Engine               - Logging environment variables
21:40:58.243 [FXGL Background Thread 3 ] DEBUG Engine               - achievements: []
21:40:58.243 [FXGL Background Thread 3 ] DEBUG Engine               - actualHeight: 700.0
21:40:58.243 [FXGL Background Thread 3 ] DEBUG Engine               - actualHeightProperty: ReadOnlyDoubleProperty [value: 700.0]
21:40:58.243 [FXGL Background Thread 3 ] DEBUG Engine               - actualWidth: 1050.0
21:40:58.243 [FXGL Background Thread 3 ] DEBUG Engine               - actualWidthProperty: ReadOnlyDoubleProperty [value: 1050.0]
21:40:58.243 [FXGL Background Thread 3 ] DEBUG Engine               - appIcon: fxgl_icon.png
21:40:58.243 [FXGL Background Thread 3 ] DEBUG Engine               - applicationMode: DEVELOPER
21:40:58.244 [FXGL Background Thread 3 ] DEBUG Engine               - cSSList: [fxgl_dark.css]
21:40:58.244 [FXGL Background Thread 3 ] DEBUG Engine               - collisionDetectionStrategy: BRUTE_FORCE
21:40:58.244 [FXGL Background Thread 3 ] DEBUG Engine               - configClass: Optional.empty
21:40:58.244 [FXGL Background Thread 3 ] DEBUG Engine               - credits: []
21:40:58.244 [FXGL Background Thread 3 ] DEBUG Engine               - devBBoxColorProperty: ObjectProperty [value: 0xff0000ff]
21:40:58.244 [FXGL Background Thread 3 ] DEBUG Engine               - devEnableDebugCameraProperty: BooleanProperty [value: false]
21:40:58.245 [FXGL Background Thread 3 ] DEBUG Engine               - devSensorColorProperty: ObjectProperty [value: 0xffff00ff]
21:40:58.245 [FXGL Background Thread 3 ] DEBUG Engine               - devShowBBoxProperty: BooleanProperty [value: false]
21:40:58.245 [FXGL Background Thread 3 ] DEBUG Engine               - devShowPositionProperty: BooleanProperty [value: false]
21:40:58.245 [FXGL Background Thread 3 ] DEBUG Engine               - enabledMenuItems: []
21:40:58.245 [FXGL Background Thread 3 ] DEBUG Engine               - engineServices: [class com.almasb.fxgl.app.services.FXGLAssetLoaderService, class com.almasb.fxgl.app.FXGLApplication$GameApplicationService, class com.almasb.fxgl.app.services.FXGLDialogService, class com.almasb.fxgl.app.services.IOTaskExecutorService, class com.almasb.fxgl.event.EventBusService, class com.almasb.fxgl.io.FileSystemService, class com.almasb.fxgl.localization.LocalizationService, class com.almasb.fxgl.app.services.SystemBundleService, class com.almasb.fxgl.profile.SaveLoadService, class com.almasb.fxgl.ui.FXGLUIFactoryServiceProvider, class com.almasb.fxgl.ui.FXGLDialogFactoryServiceProvider, class com.almasb.fxgl.audio.AudioPlayer, class com.almasb.fxgl.notification.impl.NotificationServiceProvider, class com.almasb.fxgl.achievement.AchievementService, class com.almasb.fxgl.cutscene.CutsceneService, class com.almasb.fxgl.minigames.MiniGameService, class com.almasb.fxgl.net.NetService, class com.almasb.fxgl.app.services.UpdaterService, class com.almasb.fxgl.dev.DevService]
21:40:58.245 [FXGL Background Thread 3 ] DEBUG Engine               - fontGame: Abel-Regular.ttf
21:40:58.246 [FXGL Background Thread 3 ] DEBUG Engine               - fontMono: lucida_console.ttf
21:40:58.246 [FXGL Background Thread 3 ] DEBUG Engine               - fontText: Courier-Prime.ttf
21:40:58.246 [FXGL Background Thread 3 ] DEBUG Engine               - fontUI: VarelaRound-Regular.ttf
21:40:58.246 [FXGL Background Thread 3 ] DEBUG Engine               - fullScreen: BooleanProperty [value: false]
21:40:58.246 [FXGL Background Thread 3 ] DEBUG Engine               - gameDifficulty: MEDIUM
21:40:58.246 [FXGL Background Thread 3 ] DEBUG Engine               - gameDifficultyProperty: ObjectProperty [value: MEDIUM]
21:40:58.246 [FXGL Background Thread 3 ] DEBUG Engine               - globalMusicVolume: 0.5
21:40:58.246 [FXGL Background Thread 3 ] DEBUG Engine               - globalMusicVolumeProperty: DoubleProperty [value: 0.5]
21:40:58.246 [FXGL Background Thread 3 ] DEBUG Engine               - globalSoundVolume: 0.5
21:40:58.247 [FXGL Background Thread 3 ] DEBUG Engine               - globalSoundVolumeProperty: DoubleProperty [value: 0.5]
21:40:58.247 [FXGL Background Thread 3 ] DEBUG Engine               - height: 700
21:40:58.247 [FXGL Background Thread 3 ] DEBUG Engine               - isAndroid: false
21:40:58.247 [FXGL Background Thread 3 ] DEBUG Engine               - isBrowser: false
21:40:58.247 [FXGL Background Thread 3 ] DEBUG Engine               - isClickFeedbackEnabled: false
21:40:58.247 [FXGL Background Thread 3 ] DEBUG Engine               - isCloseConfirmation: false
21:40:58.247 [FXGL Background Thread 3 ] DEBUG Engine               - isDesktop: true
21:40:58.247 [FXGL Background Thread 3 ] DEBUG Engine               - isDeveloperMenuEnabled: false
21:40:58.248 [FXGL Background Thread 3 ] DEBUG Engine               - isEntityPreloadEnabled: true
21:40:58.248 [FXGL Background Thread 3 ] DEBUG Engine               - isExperimental3D: false
21:40:58.248 [FXGL Background Thread 3 ] DEBUG Engine               - isExperimentalNative: false
21:40:58.248 [FXGL Background Thread 3 ] DEBUG Engine               - isExperimentalTiledLargeMap: false
21:40:58.248 [FXGL Background Thread 3 ] DEBUG Engine               - isFileSystemWriteAllowed: true
21:40:58.248 [FXGL Background Thread 3 ] DEBUG Engine               - isFullScreenAllowed: false
21:40:58.248 [FXGL Background Thread 3 ] DEBUG Engine               - isFullScreenFromStart: false
21:40:58.248 [FXGL Background Thread 3 ] DEBUG Engine               - isGameMenuEnabled: true
21:40:58.249 [FXGL Background Thread 3 ] DEBUG Engine               - isIOS: false
21:40:58.249 [FXGL Background Thread 3 ] DEBUG Engine               - isIntroEnabled: false
21:40:58.249 [FXGL Background Thread 3 ] DEBUG Engine               - isLinux: false
21:40:58.249 [FXGL Background Thread 3 ] DEBUG Engine               - isMac: false
21:40:58.249 [FXGL Background Thread 3 ] DEBUG Engine               - isMainMenuEnabled: true
21:40:58.249 [FXGL Background Thread 3 ] DEBUG Engine               - isManualResizeEnabled: false
21:40:58.249 [FXGL Background Thread 3 ] DEBUG Engine               - isMobile: false
21:40:58.249 [FXGL Background Thread 3 ] DEBUG Engine               - isPreserveResizeRatio: false
21:40:58.250 [FXGL Background Thread 3 ] DEBUG Engine               - isProfilingEnabled: false
21:40:58.250 [FXGL Background Thread 3 ] DEBUG Engine               - isScaleAffectedOnResize: true
21:40:58.250 [FXGL Background Thread 3 ] DEBUG Engine               - isSingleStep: false
21:40:58.250 [FXGL Background Thread 3 ] DEBUG Engine               - isUserProfileEnabled: false
21:40:58.250 [FXGL Background Thread 3 ] DEBUG Engine               - isWindows: true
21:40:58.250 [FXGL Background Thread 3 ] DEBUG Engine               - language: ObjectProperty [value: ENGLISH]
21:40:58.250 [FXGL Background Thread 3 ] DEBUG Engine               - menuKey: ESCAPE
21:40:58.250 [FXGL Background Thread 3 ] DEBUG Engine               - notificationViewClass: class com.almasb.fxgl.notification.view.XboxNotificationView
21:40:58.251 [FXGL Background Thread 3 ] DEBUG Engine               - pixelsPerMeter: 50.0
21:40:58.251 [FXGL Background Thread 3 ] DEBUG Engine               - platform: WINDOWS
21:40:58.251 [FXGL Background Thread 3 ] DEBUG Engine               - prefHeightProperty: ReadOnlyDoubleProperty [value: 700.0]
21:40:58.251 [FXGL Background Thread 3 ] DEBUG Engine               - prefWidthProperty: ReadOnlyDoubleProperty [value: 1050.0]
21:40:58.251 [FXGL Background Thread 3 ] DEBUG Engine               - profileDir: profiles/
21:40:58.251 [FXGL Background Thread 3 ] DEBUG Engine               - profileName: StringProperty [value: DEFAULT]
21:40:58.251 [FXGL Background Thread 3 ] DEBUG Engine               - randomSeed: -1
21:40:58.251 [FXGL Background Thread 3 ] DEBUG Engine               - runtimeInfo: RuntimeInfo(platform=WINDOWS, version=11.14, build=01.03.2021 16.59)
21:40:58.251 [FXGL Background Thread 3 ] DEBUG Engine               - saveFileExt: sav
21:40:58.252 [FXGL Background Thread 3 ] DEBUG Engine               - scaledHeightProp$fxgl: DoubleProperty [bound, value: 700.0]
21:40:58.252 [FXGL Background Thread 3 ] DEBUG Engine               - scaledWidthProp$fxgl: DoubleProperty [bound, value: 1050.0]
21:40:58.252 [FXGL Background Thread 3 ] DEBUG Engine               - sceneFactory: NerdvsVirus.Game$1@4701838e
21:40:58.252 [FXGL Background Thread 3 ] DEBUG Engine               - secondsIn24h: 60
21:40:58.252 [FXGL Background Thread 3 ] DEBUG Engine               - soundMenuBack: menu/back.wav
21:40:58.252 [FXGL Background Thread 3 ] DEBUG Engine               - soundMenuPress: menu/press.wav
21:40:58.252 [FXGL Background Thread 3 ] DEBUG Engine               - soundMenuSelect: menu/select.wav
21:40:58.253 [FXGL Background Thread 3 ] DEBUG Engine               - soundNotification: core/notification.wav
21:40:58.253 [FXGL Background Thread 3 ] DEBUG Engine               - stageStyle: DECORATED
21:40:58.253 [FXGL Background Thread 3 ] DEBUG Engine               - supportedLanguages: [ENGLISH, FRENCH, GERMAN, HUNGARIAN, RUSSIAN]
21:40:58.253 [FXGL Background Thread 3 ] DEBUG Engine               - ticksPerSecond: -1
21:40:58.253 [FXGL Background Thread 3 ] DEBUG Engine               - title: Nerds VS Virus
21:40:58.253 [FXGL Background Thread 3 ] DEBUG Engine               - urlGithub: https://github.com/AlmasB/FXGL
21:40:58.253 [FXGL Background Thread 3 ] DEBUG Engine               - urlLeaderboard: http://fxgl-top.herokuapp.com/
21:40:58.253 [FXGL Background Thread 3 ] DEBUG Engine               - urlPOM: https://raw.githubusercontent.com/AlmasB/FXGL/release/README.md
21:40:58.253 [FXGL Background Thread 3 ] DEBUG Engine               - userAppClass: class NerdvsVirus.Game
21:40:58.253 [FXGL Background Thread 3 ] DEBUG Engine               - version: 0.0
21:40:58.254 [FXGL Background Thread 3 ] DEBUG Engine               - versionCheckDays: 7
21:40:58.254 [FXGL Background Thread 3 ] DEBUG Engine               - width: 1050
21:40:58.254 [FXGL Background Thread 3 ] DEBUG Engine               - Logging services
21:40:58.254 [FXGL Background Thread 3 ] DEBUG Engine               - class com.almasb.fxgl.app.services.FXGLAssetLoaderService
21:40:58.254 [FXGL Background Thread 3 ] DEBUG Engine               - class com.almasb.fxgl.app.FXGLApplication$GameApplicationService
21:40:58.254 [FXGL Background Thread 3 ] DEBUG Engine               - class com.almasb.fxgl.app.services.FXGLDialogService
21:40:58.254 [FXGL Background Thread 3 ] DEBUG Engine               - class com.almasb.fxgl.app.services.IOTaskExecutorService
21:40:58.254 [FXGL Background Thread 3 ] DEBUG Engine               - class com.almasb.fxgl.event.EventBusService
21:40:58.255 [FXGL Background Thread 3 ] DEBUG Engine               - class com.almasb.fxgl.io.FileSystemService
21:40:58.255 [FXGL Background Thread 3 ] DEBUG Engine               - class com.almasb.fxgl.localization.LocalizationService
21:40:58.255 [FXGL Background Thread 3 ] DEBUG Engine               - class com.almasb.fxgl.app.services.SystemBundleService
21:40:58.255 [FXGL Background Thread 3 ] DEBUG Engine               - class com.almasb.fxgl.profile.SaveLoadService
21:40:58.255 [FXGL Background Thread 3 ] DEBUG Engine               - class com.almasb.fxgl.ui.FXGLUIFactoryServiceProvider
21:40:58.255 [FXGL Background Thread 3 ] DEBUG Engine               - class com.almasb.fxgl.ui.FXGLDialogFactoryServiceProvider
21:40:58.255 [FXGL Background Thread 3 ] DEBUG Engine               - class com.almasb.fxgl.audio.AudioPlayer
21:40:58.255 [FXGL Background Thread 3 ] DEBUG Engine               - class com.almasb.fxgl.notification.impl.NotificationServiceProvider
21:40:58.255 [FXGL Background Thread 3 ] DEBUG Engine               - class com.almasb.fxgl.achievement.AchievementService
21:40:58.255 [FXGL Background Thread 3 ] DEBUG Engine               - class com.almasb.fxgl.cutscene.CutsceneService
21:40:58.255 [FXGL Background Thread 3 ] DEBUG Engine               - class com.almasb.fxgl.minigames.MiniGameService
21:40:58.256 [FXGL Background Thread 3 ] DEBUG Engine               - class com.almasb.fxgl.net.NetService
21:40:58.256 [FXGL Background Thread 3 ] DEBUG Engine               - class com.almasb.fxgl.app.services.UpdaterService
21:40:58.256 [FXGL Background Thread 3 ] DEBUG Engine               - class com.almasb.fxgl.dev.DevService
21:41:06.498 [JavaFX Application Thread] DEBUG Menu                 - fireNewGame()
21:41:06.498 [JavaFX Application Thread] DEBUG GameApplicationServi - Starting new game
21:41:06.498 [JavaFX Application Thread] DEBUG PrimaryStageWindow   - Pop state: MainMenu
21:41:06.498 [JavaFX Application Thread] DEBUG Input                - Clearing active input actions
21:41:06.499 [JavaFX Application Thread] DEBUG GameApplicationServi - Removing overlay from MainMenu and adding to FXGLMainMenuDummyScene
21:41:06.499 [JavaFX Application Thread] DEBUG PrimaryStageWindow   - FXGLMainMenuDummyScene <- MainMenu
21:41:06.499 [JavaFX Application Thread] DEBUG Input                - Clearing active input actions
21:41:06.504 [JavaFX Application Thread] DEBUG GameApplicationServi - Removing overlay from FXGLMainMenuDummyScene and adding to FXGLLoadingScene
21:41:06.505 [JavaFX Application Thread] DEBUG PrimaryStageWindow   - FXGLMainMenuDummyScene -> FXGLLoadingScene
21:41:06.505 [JavaFX Application Thread] DEBUG GameApplicationServi - Clearing previous game
21:41:06.505 [JavaFX Application Thread] DEBUG GameScene            - Clearing game scene
21:41:06.505 [JavaFX Application Thread] DEBUG GameWorld            - Clearing game world
21:41:06.505 [JavaFX Application Thread] DEBUG PhysicsWorld         - Clearing physics world
21:41:06.506 [FXGL Background Thread 2 ] DEBUG FXGLApplication      - Initializing game
21:41:06.530 [FXGL Background Thread 2 ] WARN  TMXLevelLoader       - TiledMap generated from 1.5.0. Supported version: 1.2.3. Some features may not be parsed fully.
21:41:06.535 [FXGL Background Thread 2 ] DEBUG TMXLevelLoader       - Parsed raw map: TiledMap(width=17, height=10, tilewidth=70, tileheight=70, orientation=orthogonal, layers=[Layer(width=17, height=10, name=Bottom, type=tilelayer, visible=false, x=0, y=0, data=[0, 0, 0, 0, 0, 0, 0, 0, 0, 0, 0, 0, 0, 0, 0, 0, 0, 0, 0, 0, 0, 0, 0, 0, 0, 0, 0, 0, 0, 0, 0, 0, 0, 0, 0, 0, 0, 0, 0, 0, 0, 0, 0, 0, 0, 0, 0, 0, 0, 0, 0, 0, 0, 0, 0, 0, 0, 0, 0, 0, 0, 0, 0, 0, 0, 0, 0, 0, 0, 0, 0, 0, 0, 0, 0, 0, 0, 0, 0, 0, 0, 0, 0, 0, 0, 0, 0, 0, 0, 0, 0, 0, 0, 0, 0, 0, 206, 205, 206, 0, 0, 0, 0, 0, 0, 0, 0, 0, 0, 205, 206, 207, 0, 0, 0, 0, 0, 0, 0, 0, 0, 0, 0, 206, 205, 0, 0, 0, 0, 0, 0, 0, 0, 0, 0, 0, 0, 263, 248, 203, 0, 0, 0, 0, 0, 0, 0, 243, 244, 245, 0, 0, 0, 185, 185, 185, 185, 185, 185, 185, 185, 185, 185, 185, 185, 185, 185, 185, 185, 185], objects=[], opacity=0.0, draworder=), Layer(width=17, height=10, name=overlay, type=tilelayer, visible=false, x=0, y=0, data=[213, 185, 185, 185, 185, 185, 185, 185, 185, 185, 185, 227, 185, 185, 185, 185, 213, 0, 0, 0, 0, 0, 0, 0, 0, 0, 0, 0, 241, 0, 0, 0, 0, 0, 0, 0, 0, 0, 0, 0, 0, 0, 0, 0, 0, 255, 0, 0, 0, 0, 0, 0, 0, 0, 0, 0, 0, 0, 0, 0, 0, 0, 0, 0, 0, 0, 0, 0, 0, 0, 0, 0, 0, 0, 0, 0, 0, 0, 0, 0, 0, 0, 0, 0, 0, 0, 0, 0, 0, 0, 0, 0, 0, 0, 0, 0, 215, 216, 217, 0, 0, 0, 0, 0, 0, 0, 0, 0, 0, 0, 0, 0, 0, 0, 0, 0, 0, 0, 0, 0, 0, 0, 189, 0, 0, 0, 0, 0, 0, 0, 0, 0, 226, 0, 0, 0, 0, 0, 0, 0, 0, 0, 0, 0, 0, 0, 0, 0, 0, 0, 0, 0, 0, 0, 0, 0, 0, 0, 0, 0, 0, 0, 0, 0, 0, 0, 0, 0, 0, 0], objects=[], opacity=0.0, draworder=), Layer(width=0, height=0, name=Objectlaag 1, type=objectgroup, visible=false, x=0, y=0, data=[], objects=[com.almasb.fxgl.entity.level.tiled.TiledObject@9923fb9, com.almasb.fxgl.entity.level.tiled.TiledObject@3f72661b, com.almasb.fxgl.entity.level.tiled.TiledObject@3c166388, com.almasb.fxgl.entity.level.tiled.TiledObject@61d7a74f, com.almasb.fxgl.entity.level.tiled.TiledObject@7920333b, com.almasb.fxgl.entity.level.tiled.TiledObject@55ced0ba, com.almasb.fxgl.entity.level.tiled.TiledObject@5acbf3a8, com.almasb.fxgl.entity.level.tiled.TiledObject@6faca61, com.almasb.fxgl.entity.level.tiled.TiledObject@7ebb886e, com.almasb.fxgl.entity.level.tiled.TiledObject@5dd3cc03], opacity=0.0, draworder=)], tilesets=[Tileset(firstgid=1, image=tiles_spritesheet.png, name=tiles_spritesheet, tilewidth=70, tileheight=70, imagewidth=914, imageheight=936, margin=0, spacing=2, columns=12, tilecount=156, transparentcolor=, tiles=[]), Tileset(firstgid=157, image=platformerPack_industrial_tilesheet.png, name=_industrial, tilewidth=70, tileheight=70, imagewidth=980, imageheight=560, margin=0, spacing=0, columns=14, tilecount=112, transparentcolor=, tiles=[])], backgroundcolor=, renderorder=right-down, nextobjectid=12, version=1, tiledversion=1.5.0, type=map, infinite=false, hexsidelength=0, staggeraxis=, staggerindex=, properties={}, propertytypes={})
21:41:06.536 [FXGL Background Thread 2 ] DEBUG TMXLevelLoader       - Creating tile layer entities
21:41:06.537 [FXGL Background Thread 2 ] DEBUG TilesetLoader        - Loading view for layer Bottom
21:41:06.538 [FXGL Background Thread 2 ] DEBUG TilesetLoader        - Created buffer with size 1190.0x700.0
21:41:06.548 [FXGL Background Thread 2 ] DEBUG TilesetLoader        - Writing to buffer: dst=770,350, w=70,h=70, src=490,210
21:41:06.548 [FXGL Background Thread 2 ] DEBUG TilesetLoader        - Writing to buffer: dst=840,350, w=70,h=70, src=420,210
21:41:06.549 [FXGL Background Thread 2 ] DEBUG TilesetLoader        - Writing to buffer: dst=910,350, w=70,h=70, src=490,210
21:41:06.549 [FXGL Background Thread 2 ] DEBUG TilesetLoader        - Writing to buffer: dst=490,420, w=70,h=70, src=420,210
21:41:06.549 [FXGL Background Thread 2 ] DEBUG TilesetLoader        - Writing to buffer: dst=560,420, w=70,h=70, src=490,210
21:41:06.549 [FXGL Background Thread 2 ] DEBUG TilesetLoader        - Writing to buffer: dst=630,420, w=70,h=70, src=560,210
21:41:06.549 [FXGL Background Thread 2 ] DEBUG TilesetLoader        - Writing to buffer: dst=280,490, w=70,h=70, src=490,210
21:41:06.550 [FXGL Background Thread 2 ] DEBUG TilesetLoader        - Writing to buffer: dst=350,490, w=70,h=70, src=420,210
21:41:06.550 [FXGL Background Thread 2 ] DEBUG TilesetLoader        - Writing to buffer: dst=70,560, w=70,h=70, src=560,490
21:41:06.550 [FXGL Background Thread 2 ] DEBUG TilesetLoader        - Writing to buffer: dst=140,560, w=70,h=70, src=490,420
21:41:06.550 [FXGL Background Thread 2 ] DEBUG TilesetLoader        - Writing to buffer: dst=210,560, w=70,h=70, src=280,210
21:41:06.550 [FXGL Background Thread 2 ] DEBUG TilesetLoader        - Writing to buffer: dst=770,560, w=70,h=70, src=140,420
21:41:06.550 [FXGL Background Thread 2 ] DEBUG TilesetLoader        - Writing to buffer: dst=840,560, w=70,h=70, src=210,420
21:41:06.550 [FXGL Background Thread 2 ] DEBUG TilesetLoader        - Writing to buffer: dst=910,560, w=70,h=70, src=280,420
21:41:06.551 [FXGL Background Thread 2 ] DEBUG TilesetLoader        - Writing to buffer: dst=0,630, w=70,h=70, src=0,140
21:41:06.551 [FXGL Background Thread 2 ] DEBUG TilesetLoader        - Writing to buffer: dst=70,630, w=70,h=70, src=0,140
21:41:06.551 [FXGL Background Thread 2 ] DEBUG TilesetLoader        - Writing to buffer: dst=140,630, w=70,h=70, src=0,140
21:41:06.551 [FXGL Background Thread 2 ] DEBUG TilesetLoader        - Writing to buffer: dst=210,630, w=70,h=70, src=0,140
21:41:06.551 [FXGL Background Thread 2 ] DEBUG TilesetLoader        - Writing to buffer: dst=280,630, w=70,h=70, src=0,140
21:41:06.552 [FXGL Background Thread 2 ] DEBUG TilesetLoader        - Writing to buffer: dst=350,630, w=70,h=70, src=0,140
21:41:06.552 [FXGL Background Thread 2 ] DEBUG TilesetLoader        - Writing to buffer: dst=420,630, w=70,h=70, src=0,140
21:41:06.552 [FXGL Background Thread 2 ] DEBUG TilesetLoader        - Writing to buffer: dst=490,630, w=70,h=70, src=0,140
21:41:06.552 [FXGL Background Thread 2 ] DEBUG TilesetLoader        - Writing to buffer: dst=560,630, w=70,h=70, src=0,140
21:41:06.552 [FXGL Background Thread 2 ] DEBUG TilesetLoader        - Writing to buffer: dst=630,630, w=70,h=70, src=0,140
21:41:06.552 [FXGL Background Thread 2 ] DEBUG TilesetLoader        - Writing to buffer: dst=700,630, w=70,h=70, src=0,140
21:41:06.552 [FXGL Background Thread 2 ] DEBUG TilesetLoader        - Writing to buffer: dst=770,630, w=70,h=70, src=0,140
21:41:06.553 [FXGL Background Thread 2 ] DEBUG TilesetLoader        - Writing to buffer: dst=840,630, w=70,h=70, src=0,140
21:41:06.553 [FXGL Background Thread 2 ] DEBUG TilesetLoader        - Writing to buffer: dst=910,630, w=70,h=70, src=0,140
21:41:06.553 [FXGL Background Thread 2 ] DEBUG TilesetLoader        - Writing to buffer: dst=980,630, w=70,h=70, src=0,140
21:41:06.553 [FXGL Background Thread 2 ] DEBUG TilesetLoader        - Writing to buffer: dst=1050,630, w=70,h=70, src=0,140
21:41:06.553 [FXGL Background Thread 2 ] DEBUG TilesetLoader        - Writing to buffer: dst=1120,630, w=70,h=70, src=0,140
21:41:06.554 [FXGL Background Thread 2 ] DEBUG TilesetLoader        - Loading view for layer overlay
21:41:06.555 [FXGL Background Thread 2 ] DEBUG TilesetLoader        - Created buffer with size 1190.0x700.0
21:41:06.555 [FXGL Background Thread 2 ] DEBUG TilesetLoader        - Writing to buffer: dst=0,0, w=70,h=70, src=0,280
21:41:06.556 [FXGL Background Thread 2 ] DEBUG TilesetLoader        - Writing to buffer: dst=70,0, w=70,h=70, src=0,140
21:41:06.556 [FXGL Background Thread 2 ] DEBUG TilesetLoader        - Writing to buffer: dst=140,0, w=70,h=70, src=0,140
21:41:06.556 [FXGL Background Thread 2 ] DEBUG TilesetLoader        - Writing to buffer: dst=210,0, w=70,h=70, src=0,140
21:41:06.556 [FXGL Background Thread 2 ] DEBUG TilesetLoader        - Writing to buffer: dst=280,0, w=70,h=70, src=0,140
21:41:06.556 [FXGL Background Thread 2 ] DEBUG TilesetLoader        - Writing to buffer: dst=350,0, w=70,h=70, src=0,140
21:41:06.556 [FXGL Background Thread 2 ] DEBUG TilesetLoader        - Writing to buffer: dst=420,0, w=70,h=70, src=0,140
21:41:06.556 [FXGL Background Thread 2 ] DEBUG TilesetLoader        - Writing to buffer: dst=490,0, w=70,h=70, src=0,140
21:41:06.557 [FXGL Background Thread 2 ] DEBUG TilesetLoader        - Writing to buffer: dst=560,0, w=70,h=70, src=0,140
21:41:06.557 [FXGL Background Thread 2 ] DEBUG TilesetLoader        - Writing to buffer: dst=630,0, w=70,h=70, src=0,140
21:41:06.557 [FXGL Background Thread 2 ] DEBUG TilesetLoader        - Writing to buffer: dst=700,0, w=70,h=70, src=0,140
21:41:06.557 [FXGL Background Thread 2 ] DEBUG TilesetLoader        - Writing to buffer: dst=770,0, w=70,h=70, src=0,350
21:41:06.557 [FXGL Background Thread 2 ] DEBUG TilesetLoader        - Writing to buffer: dst=840,0, w=70,h=70, src=0,140
21:41:06.557 [FXGL Background Thread 2 ] DEBUG TilesetLoader        - Writing to buffer: dst=910,0, w=70,h=70, src=0,140
21:41:06.557 [FXGL Background Thread 2 ] DEBUG TilesetLoader        - Writing to buffer: dst=980,0, w=70,h=70, src=0,140
21:41:06.557 [FXGL Background Thread 2 ] DEBUG TilesetLoader        - Writing to buffer: dst=1050,0, w=70,h=70, src=0,140
21:41:06.557 [FXGL Background Thread 2 ] DEBUG TilesetLoader        - Writing to buffer: dst=1120,0, w=70,h=70, src=0,280
21:41:06.558 [FXGL Background Thread 2 ] DEBUG TilesetLoader        - Writing to buffer: dst=770,70, w=70,h=70, src=0,420
21:41:06.558 [FXGL Background Thread 2 ] DEBUG TilesetLoader        - Writing to buffer: dst=770,140, w=70,h=70, src=0,490
21:41:06.558 [FXGL Background Thread 2 ] DEBUG TilesetLoader        - Writing to buffer: dst=770,350, w=70,h=70, src=140,280
21:41:06.558 [FXGL Background Thread 2 ] DEBUG TilesetLoader        - Writing to buffer: dst=840,350, w=70,h=70, src=210,280
21:41:06.558 [FXGL Background Thread 2 ] DEBUG TilesetLoader        - Writing to buffer: dst=910,350, w=70,h=70, src=280,280
21:41:06.558 [FXGL Background Thread 2 ] DEBUG TilesetLoader        - Writing to buffer: dst=210,490, w=70,h=70, src=280,140
21:41:06.558 [FXGL Background Thread 2 ] DEBUG TilesetLoader        - Writing to buffer: dst=910,490, w=70,h=70, src=910,280
21:41:06.558 [FXGL Background Thread 2 ] DEBUG TMXLevelLoader       - Creating object layer entities
21:41:06.571 [FXGL Background Thread 2 ] DEBUG FXGLAssetLoaderServi - Loading from file system: file:/D:/OneDrive/OneDrive%20-%20Hogeschool%20Leiden/IPOSE/NERDS%20VS%20VIRUS/nerdsvsthevirus/target/classes/assets/textures/spuit2.png
21:41:06.577 [FXGL Background Thread 2 ] DEBUG GameWorld            - Clearing removable entities
21:41:06.578 [FXGL Background Thread 2 ] DEBUG GameWorld            - Setting level: com.almasb.fxgl.entity.level.Level@6655011a
21:41:06.588 [FXGL Background Thread 2 ] DEBUG FXGLAssetLoaderServi - Loading from file system: file:/D:/OneDrive/OneDrive%20-%20Hogeschool%20Leiden/IPOSE/NERDS%20VS%20VIRUS/nerdsvsthevirus/target/classes/assets/textures/Start/startBg.png
21:41:06.634 [FXGL Background Thread 2 ] DEBUG FXGLAssetLoaderServi - Loading from file system: file:/D:/OneDrive/OneDrive%20-%20Hogeschool%20Leiden/IPOSE/NERDS%20VS%20VIRUS/nerdsvsthevirus/target/classes/assets/textures/sprite.png
21:41:06.640 [FXGL Background Thread 2 ] INFO  FXGLApplication      - Game initialization took: 0,133 sec
21:41:06.640 [JavaFX Application Thread] DEBUG Input                - Clearing active input actions
21:41:06.644 [JavaFX Application Thread] DEBUG GameApplicationServi - Removing overlay from FXGLLoadingScene and adding to GameScene
21:41:06.645 [JavaFX Application Thread] DEBUG PrimaryStageWindow   - FXGLLoadingScene -> GameScene
21:41:22.918 [JavaFX Application Thread] DEBUG FXGLApplication      - Exiting FXGL
21:41:22.918 [JavaFX Application Thread] DEBUG LoopRunner           - Stopping loop
21:41:22.918 [JavaFX Application Thread] DEBUG SystemBundleService  - Saving FXGL system data
21:41:22.920 [JavaFX Application Thread] DEBUG FileSystemAccess     - Writing to: D:\OneDrive\OneDrive - Hogeschool Leiden\IPOSE\NERDS VS VIRUS\nerdsvsthevirus\system\fxgl.bundle
21:41:22.921 [JavaFX Application Thread] DEBUG Async                - Shutting down background threads
21:41:22.921 [JavaFX Application Thread] DEBUG PrimaryStageWindow   - Closing main window
21:41:22.932 [JavaFX Application Thread] DEBUG Logger               - Closing Logger
