23:55:52.673 [main                     ] DEBUG Logger               - Configured Logger
23:55:52.684 [main                     ] DEBUG GameApplication      - Logging settings
Title: Nerds VS Virus
Version: 0.0
Width: 1050
Height: 700
Fullscreen: false
Intro: false
Profiling: false
Single step:false
App Mode: DEVELOPER
Menu Key: ESCAPE
Stage Style: DECORATED
Scene Factory: class NerdvsVirus.Game$1

23:55:53.161 [JavaFX Application Thread] DEBUG FXGLApplication      - Initializing FXGL
23:55:53.162 [JavaFX Application Thread] INFO  Engine               - FXGL-11.14 (01.03.2021 16.59) on WINDOWS (J:15.0.2 FX:15)
23:55:53.163 [JavaFX Application Thread] DEBUG Engine               - JRE Vendor Name: Oracle Corporation
23:55:53.163 [JavaFX Application Thread] DEBUG Engine               - Running on OS: Windows 10 version 10.0
23:55:53.163 [JavaFX Application Thread] DEBUG Engine               - Architecture: amd64
23:55:53.163 [JavaFX Application Thread] INFO  Engine               - Source code and latest versions at: https://github.com/AlmasB/FXGL
23:55:53.163 [JavaFX Application Thread] INFO  Engine               -              Join the FXGL chat at: https://gitter.im/AlmasB/FXGL
23:55:53.283 [JavaFX Application Thread] DEBUG PrimaryStageWindow   - Creating a JavaFX scene
23:55:53.341 [JavaFX Application Thread] DEBUG PrimaryStageWindow   - Target settings size: 1050.0 x 700.0
23:55:53.342 [JavaFX Application Thread] DEBUG PrimaryStageWindow   - Scaled scene size:    1050.0 x 700.0
23:55:53.342 [JavaFX Application Thread] DEBUG PrimaryStageWindow   - Scaled ratio: (1.0, 1.0)
23:55:53.343 [JavaFX Application Thread] DEBUG PrimaryStageWindow   - Set initial scene to FXGLStartupScene
23:55:53.349 [JavaFX Application Thread] DEBUG PrimaryStageWindow   - Opening main window
23:55:53.422 [JavaFX Application Thread] DEBUG PrimaryStageWindow   - Window border size: (16.0, 39.0)
23:55:53.423 [JavaFX Application Thread] DEBUG PrimaryStageWindow   - Scaled size: 1050.0 x 700.0
23:55:53.423 [JavaFX Application Thread] DEBUG PrimaryStageWindow   - Scaled ratio: (1.0, 1.0)
23:55:53.423 [JavaFX Application Thread] DEBUG PrimaryStageWindow   - Scene size: 1050.0 x 700.0
23:55:53.423 [JavaFX Application Thread] DEBUG PrimaryStageWindow   - Stage size: 1066.0 x 739.0
23:55:53.430 [FXGL Background Thread 1 ] DEBUG Engine               - Initializing environment variables
23:55:53.460 [FXGL Background Thread 1 ] DEBUG FXGLAssetLoaderServi - User app class for loading assets: class NerdvsVirus.Game
23:55:53.461 [FXGL Background Thread 1 ] DEBUG GameApplicationServi - Applying CSS: fxgl_dark.css
23:55:53.462 [FXGL Background Thread 1 ] DEBUG FXGLAssetLoaderServi - Loading from file system: jar:file:/C:/Users/luukb/.m2/repository/com/github/almasb/fxgl/11.14/fxgl-11.14.jar!/fxglassets/ui/css/fxgl_dark.css
23:55:53.504 [FXGL Background Thread 1 ] DEBUG GameApplicationServi - Initializing application scenes
23:55:53.533 [FXGL Background Thread 1 ] DEBUG GameWorld            - Game world initialized
23:55:53.589 [FXGL Background Thread 1 ] DEBUG PhysicsWorld         - Physics world initialized: appHeight=700, physics.ppm=50,0
23:55:53.589 [FXGL Background Thread 1 ] DEBUG PhysicsWorld         - Using strategy: BRUTE_FORCE
23:55:53.591 [FXGL Background Thread 1 ] DEBUG GameScene            - Game scene initialized: 1050x700
23:55:53.711 [FXGL Background Thread 1 ] DEBUG FXGLAssetLoaderServi - Loading from file system: jar:file:/C:/Users/luukb/.m2/repository/com/github/almasb/fxgl/11.14/fxgl-11.14.jar!/fxglassets/textures/particles/trace_horizontal.png
23:55:53.737 [FXGL Background Thread 1 ] DEBUG FXGL.DefaultMenu     - createMenuBodyGameMenu()
23:55:53.751 [FXGL Background Thread 1 ] DEBUG FXGL.DefaultMenu     - createOptionsMenu()
23:55:53.758 [FXGL Background Thread 1 ] DEBUG FXGLAssetLoaderServi - Loading from file system: jar:file:/C:/Users/luukb/.m2/repository/com/github/almasb/fxgl/11.14/fxgl-11.14.jar!/fxglassets/textures/particles/smoke.png
23:55:53.799 [FXGL Background Thread 1 ] DEBUG GameApplicationServi - Application scenes initialized
23:55:53.810 [FXGL Background Thread 1 ] DEBUG SystemBundleService  - Loading FXGL system data
23:55:53.814 [FXGL Background Thread 1 ] DEBUG FileSystemAccess     - Reading from: D:\OneDrive\OneDrive - Hogeschool Leiden\IPOSE\NERDS VS VIRUS\nerdsvsthevirus\system\fxgl.bundle
23:55:53.819 [FXGL Background Thread 1 ] DEBUG SystemBundleService  - Bundle FXGL: {}
23:55:53.819 [FXGL Background Thread 1 ] DEBUG UpdaterService       - Checking for updates
23:55:53.823 [FXGL Background Thread 4 ] DEBUG FXGLApplication      - Loading fonts
23:55:53.823 [FXGL Background Thread 1 ] DEBUG FXGLApplication      - Loading default localization
23:55:53.823 [FXGL Background Thread 4 ] DEBUG FXGLAssetLoaderServi - Loading from file system: jar:file:/C:/Users/luukb/.m2/repository/com/github/almasb/fxgl/11.14/fxgl-11.14.jar!/fxglassets/ui/fonts/VarelaRound-Regular.ttf
23:55:53.824 [FXGL Background Thread 1 ] DEBUG FXGLAssetLoaderServi - Loading from file system: jar:file:/C:/Users/luukb/.m2/repository/com/github/almasb/fxgl/11.14/fxgl-11.14.jar!/fxglassets/languages/english.lang
23:55:53.829 [FXGL Background Thread 4 ] DEBUG FXGLAssetLoaderServi - Loading from file system: jar:file:/C:/Users/luukb/.m2/repository/com/github/almasb/fxgl/11.14/fxgl-11.14.jar!/fxglassets/ui/fonts/Abel-Regular.ttf
23:55:53.832 [FXGL Background Thread 4 ] DEBUG FXGLAssetLoaderServi - Loading from file system: jar:file:/C:/Users/luukb/.m2/repository/com/github/almasb/fxgl/11.14/fxgl-11.14.jar!/fxglassets/ui/fonts/lucida_console.ttf
23:55:53.839 [FXGL Background Thread 4 ] DEBUG FXGLAssetLoaderServi - Loading from file system: jar:file:/C:/Users/luukb/.m2/repository/com/github/almasb/fxgl/11.14/fxgl-11.14.jar!/fxglassets/ui/fonts/Courier-Prime.ttf
23:55:53.839 [FXGL Background Thread 1 ] INFO  FXGLApplication      - FXGL initialization took: 0,409 sec
23:55:53.847 [JavaFX Application Thread] DEBUG Input                - Registered new binding: Left - A
23:55:53.847 [JavaFX Application Thread] DEBUG Input                - Registered new binding: Right - D
23:55:53.847 [JavaFX Application Thread] DEBUG Input                - Registered new binding: Jump - W
23:55:53.847 [JavaFX Application Thread] DEBUG Input                - Registered new binding: Use - E
23:55:53.848 [JavaFX Application Thread] DEBUG FXGLAssetLoaderServi - Loading from file system: jar:file:/C:/Users/luukb/.m2/repository/com/github/almasb/fxgl/11.14/fxgl-11.14.jar!/fxglassets/textures/fxgl_icon.png
23:55:53.861 [JavaFX Application Thread] DEBUG FXGLAssetLoaderServi - Loading from file system: jar:file:/C:/Users/luukb/.m2/repository/com/github/almasb/fxgl/11.14/fxgl-11.14.jar!/fxglassets/ui/cursors/fxgl_default.png
23:55:53.863 [JavaFX Application Thread] DEBUG Input                - Registered new binding: Screenshot - P
23:55:53.863 [JavaFX Application Thread] DEBUG Input                - Registered new binding: System info dump - CTRL+9
23:55:53.864 [JavaFX Application Thread] DEBUG Input                - Registered new binding: Restart - CTRL+R
23:55:53.865 [JavaFX Application Thread] DEBUG Input                - Registered new binding: Toggle Debug Camera - CTRL+C
23:55:53.867 [JavaFX Application Thread] DEBUG LoopRunner           - Starting loop
23:55:53.867 [JavaFX Application Thread] DEBUG LoopRunner           - Initializing JavaFX AnimationTimerLoop
23:55:53.870 [JavaFX Application Thread] DEBUG Input                - Clearing active input actions
23:55:53.876 [JavaFX Application Thread] DEBUG GameApplicationServi - Removing overlay from FXGLStartupScene and adding to FXGLMainMenuDummyScene
23:55:53.876 [JavaFX Application Thread] DEBUG PrimaryStageWindow   - FXGLStartupScene -> FXGLMainMenuDummyScene
23:55:53.877 [JavaFX Application Thread] DEBUG PrimaryStageWindow   - Push state: MainMenu
23:55:53.877 [JavaFX Application Thread] DEBUG Input                - Clearing active input actions
23:55:54.267 [JavaFX Application Thread] DEBUG GameApplicationServi - Removing overlay from FXGLMainMenuDummyScene and adding to MainMenu
23:55:54.268 [JavaFX Application Thread] DEBUG PrimaryStageWindow   - FXGLMainMenuDummyScene -> MainMenu
23:55:54.268 [JavaFX Application Thread] DEBUG FXGLApplication      - Registering font factories with UI factory
23:55:54.818 [JavaFX Application Thread] DEBUG Menu                 - fireNewGame()
23:55:54.818 [JavaFX Application Thread] DEBUG GameApplicationServi - Starting new game
23:55:54.818 [JavaFX Application Thread] DEBUG PrimaryStageWindow   - Pop state: MainMenu
23:55:54.818 [JavaFX Application Thread] DEBUG Input                - Clearing active input actions
23:55:54.819 [JavaFX Application Thread] DEBUG GameApplicationServi - Removing overlay from MainMenu and adding to FXGLMainMenuDummyScene
23:55:54.819 [JavaFX Application Thread] DEBUG PrimaryStageWindow   - FXGLMainMenuDummyScene <- MainMenu
23:55:54.819 [JavaFX Application Thread] DEBUG Input                - Clearing active input actions
23:55:54.824 [JavaFX Application Thread] DEBUG GameApplicationServi - Removing overlay from FXGLMainMenuDummyScene and adding to FXGLLoadingScene
23:55:54.825 [JavaFX Application Thread] DEBUG PrimaryStageWindow   - FXGLMainMenuDummyScene -> FXGLLoadingScene
23:55:54.825 [JavaFX Application Thread] DEBUG GameApplicationServi - Clearing previous game
23:55:54.825 [JavaFX Application Thread] DEBUG GameScene            - Clearing game scene
23:55:54.825 [JavaFX Application Thread] DEBUG GameWorld            - Clearing game world
23:55:54.825 [JavaFX Application Thread] DEBUG PhysicsWorld         - Clearing physics world
23:55:54.827 [FXGL Background Thread 2 ] DEBUG FXGLApplication      - Initializing game
23:55:54.858 [FXGL Background Thread 2 ] WARN  TMXLevelLoader       - TiledMap generated from 1.5.0. Supported version: 1.2.3. Some features may not be parsed fully.
23:55:54.867 [FXGL Background Thread 2 ] DEBUG TMXLevelLoader       - Parsed raw map: TiledMap(width=30, height=10, tilewidth=70, tileheight=70, orientation=orthogonal, layers=[Layer(width=30, height=10, name=Bottom, type=tilelayer, visible=false, x=0, y=0, data=[0, 0, 0, 0, 0, 0, 0, 0, 0, 0, 0, 0, 0, 0, 0, 0, 0, 0, 0, 0, 0, 0, 0, 0, 0, 0, 0, 0, 0, 0, 0, 0, 0, 0, 0, 0, 0, 0, 0, 0, 0, 0, 0, 0, 0, 0, 0, 0, 0, 0, 0, 0, 0, 0, 0, 0, 0, 0, 0, 0, 0, 0, 0, 0, 0, 0, 0, 0, 0, 0, 0, 0, 0, 0, 0, 0, 0, 0, 0, 0, 0, 0, 0, 0, 0, 0, 0, 0, 0, 0, 0, 0, 0, 0, 0, 0, 0, 0, 0, 0, 0, 0, 0, 0, 0, 0, 0, 0, 0, 0, 0, 0, 0, 0, 0, 0, 0, 0, 0, 0, 0, 0, 0, 0, 0, 0, 0, 0, 0, 0, 0, 0, 0, 0, 0, 0, 0, 0, 0, 0, 0, 0, 0, 0, 0, 0, 0, 0, 0, 0, 0, 0, 0, 0, 0, 0, 0, 0, 0, 0, 0, 206, 205, 206, 0, 0, 0, 0, 0, 0, 0, 0, 0, 0, 0, 0, 0, 0, 0, 0, 0, 0, 0, 0, 0, 0, 0, 205, 206, 207, 0, 0, 0, 0, 0, 0, 0, 0, 0, 0, 0, 0, 0, 0, 0, 0, 0, 0, 0, 0, 0, 0, 0, 0, 206, 205, 0, 0, 0, 0, 0, 0, 0, 0, 0, 0, 0, 0, 0, 0, 0, 0, 0, 0, 0, 0, 0, 0, 0, 0, 0, 263, 0, 203, 0, 0, 0, 0, 0, 0, 0, 243, 244, 245, 0, 0, 0, 0, 0, 0, 0, 0, 0, 0, 0, 0, 0, 0, 0, 0, 185, 185, 185, 185, 185, 185, 185, 185, 185, 185, 185, 185, 185, 185, 185, 185, 0, 0, 185, 185, 185, 0, 0, 185, 185, 185, 185, 185, 185, 185], objects=[], opacity=0.0, draworder=), Layer(width=30, height=10, name=overlay, type=tilelayer, visible=false, x=0, y=0, data=[213, 185, 185, 185, 185, 185, 185, 185, 185, 185, 185, 227, 185, 185, 185, 185, 213, 0, 0, 0, 0, 0, 0, 0, 0, 0, 0, 0, 0, 0, 0, 0, 0, 0, 0, 0, 0, 0, 0, 0, 0, 241, 0, 0, 0, 0, 0, 0, 0, 0, 0, 0, 0, 0, 0, 0, 0, 0, 0, 0, 0, 0, 0, 0, 0, 0, 0, 0, 0, 0, 0, 255, 0, 0, 0, 0, 0, 0, 0, 0, 0, 0, 0, 0, 0, 0, 0, 0, 0, 0, 0, 0, 0, 0, 0, 0, 0, 0, 0, 0, 0, 0, 0, 0, 0, 0, 0, 0, 0, 0, 0, 0, 0, 0, 0, 0, 0, 0, 0, 0, 0, 0, 0, 0, 0, 0, 0, 0, 0, 0, 0, 0, 0, 0, 0, 0, 0, 0, 0, 0, 0, 0, 0, 0, 0, 0, 0, 0, 0, 0, 0, 0, 0, 0, 0, 0, 0, 0, 0, 0, 0, 215, 216, 217, 0, 0, 0, 0, 0, 0, 0, 0, 0, 0, 0, 0, 0, 0, 0, 0, 0, 0, 0, 0, 0, 0, 0, 0, 0, 0, 0, 0, 0, 0, 0, 0, 0, 0, 0, 0, 0, 0, 0, 0, 0, 0, 0, 0, 0, 0, 0, 0, 0, 189, 0, 0, 0, 0, 0, 0, 0, 0, 0, 226, 0, 0, 0, 0, 0, 0, 0, 0, 0, 0, 0, 0, 0, 0, 46, 0, 0, 0, 0, 0, 0, 0, 0, 0, 0, 0, 0, 0, 0, 0, 0, 0, 0, 0, 0, 0, 0, 0, 0, 0, 0, 0, 226, 0, 58, 0, 0, 0, 0, 0, 0, 0, 0, 0, 0, 0, 0, 0, 0, 0, 0, 0, 224, 224, 0, 0, 0, 224, 224, 0, 0, 0, 0, 0, 0, 0], objects=[], opacity=0.0, draworder=), Layer(width=0, height=0, name=Objectlaag 1, type=objectgroup, visible=false, x=0, y=0, data=[], objects=[com.almasb.fxgl.entity.level.tiled.TiledObject@29aa0d85, com.almasb.fxgl.entity.level.tiled.TiledObject@7bde53ba, com.almasb.fxgl.entity.level.tiled.TiledObject@3413cf84, com.almasb.fxgl.entity.level.tiled.TiledObject@216e362b, com.almasb.fxgl.entity.level.tiled.TiledObject@58d1d1a6, com.almasb.fxgl.entity.level.tiled.TiledObject@519b1a85, com.almasb.fxgl.entity.level.tiled.TiledObject@7b5e90dd, com.almasb.fxgl.entity.level.tiled.TiledObject@2bd13ef3, com.almasb.fxgl.entity.level.tiled.TiledObject@7d5b96ce, com.almasb.fxgl.entity.level.tiled.TiledObject@749de4d2, com.almasb.fxgl.entity.level.tiled.TiledObject@7b4a5ae4, com.almasb.fxgl.entity.level.tiled.TiledObject@594ec5d8, com.almasb.fxgl.entity.level.tiled.TiledObject@7802d5d9, com.almasb.fxgl.entity.level.tiled.TiledObject@63a2157f, com.almasb.fxgl.entity.level.tiled.TiledObject@4a96fe95, com.almasb.fxgl.entity.level.tiled.TiledObject@6559821a, com.almasb.fxgl.entity.level.tiled.TiledObject@b9b3f75], opacity=0.0, draworder=)], tilesets=[Tileset(firstgid=1, image=../../../../../../../Eigen test/src/main/resources/assets/levels/tiles_spritesheet.png, name=tiles_spritesheet, tilewidth=70, tileheight=70, imagewidth=914, imageheight=936, margin=0, spacing=2, columns=12, tilecount=156, transparentcolor=, tiles=[]), Tileset(firstgid=157, image=../../../../../../../Eigen test/src/main/resources/assets/levels/platformerPack_industrial_tilesheet.png, name=_industrial, tilewidth=70, tileheight=70, imagewidth=980, imageheight=560, margin=0, spacing=0, columns=14, tilecount=112, transparentcolor=, tiles=[])], backgroundcolor=, renderorder=right-down, nextobjectid=21, version=1, tiledversion=1.5.0, type=map, infinite=false, hexsidelength=0, staggeraxis=, staggerindex=, properties={}, propertytypes={})
23:55:54.868 [FXGL Background Thread 2 ] DEBUG TMXLevelLoader       - Creating tile layer entities
23:55:54.869 [FXGL Background Thread 2 ] DEBUG TilesetLoader        - Loading view for layer Bottom
23:55:54.871 [FXGL Background Thread 2 ] DEBUG TilesetLoader        - Created buffer with size 2100.0x700.0
23:55:54.886 [FXGL Background Thread 2 ] DEBUG TilesetLoader        - Writing to buffer: dst=770,350, w=70,h=70, src=490,210
23:55:54.886 [FXGL Background Thread 2 ] DEBUG TilesetLoader        - Writing to buffer: dst=840,350, w=70,h=70, src=420,210
23:55:54.886 [FXGL Background Thread 2 ] DEBUG TilesetLoader        - Writing to buffer: dst=910,350, w=70,h=70, src=490,210
23:55:54.887 [FXGL Background Thread 2 ] DEBUG TilesetLoader        - Writing to buffer: dst=490,420, w=70,h=70, src=420,210
23:55:54.887 [FXGL Background Thread 2 ] DEBUG TilesetLoader        - Writing to buffer: dst=560,420, w=70,h=70, src=490,210
23:55:54.887 [FXGL Background Thread 2 ] DEBUG TilesetLoader        - Writing to buffer: dst=630,420, w=70,h=70, src=560,210
23:55:54.887 [FXGL Background Thread 2 ] DEBUG TilesetLoader        - Writing to buffer: dst=280,490, w=70,h=70, src=490,210
23:55:54.887 [FXGL Background Thread 2 ] DEBUG TilesetLoader        - Writing to buffer: dst=350,490, w=70,h=70, src=420,210
23:55:54.887 [FXGL Background Thread 2 ] DEBUG TilesetLoader        - Writing to buffer: dst=70,560, w=70,h=70, src=560,490
23:55:54.888 [FXGL Background Thread 2 ] DEBUG TilesetLoader        - Writing to buffer: dst=210,560, w=70,h=70, src=280,210
23:55:54.888 [FXGL Background Thread 2 ] DEBUG TilesetLoader        - Writing to buffer: dst=770,560, w=70,h=70, src=140,420
23:55:54.888 [FXGL Background Thread 2 ] DEBUG TilesetLoader        - Writing to buffer: dst=840,560, w=70,h=70, src=210,420
23:55:54.888 [FXGL Background Thread 2 ] DEBUG TilesetLoader        - Writing to buffer: dst=910,560, w=70,h=70, src=280,420
23:55:54.888 [FXGL Background Thread 2 ] DEBUG TilesetLoader        - Writing to buffer: dst=0,630, w=70,h=70, src=0,140
23:55:54.888 [FXGL Background Thread 2 ] DEBUG TilesetLoader        - Writing to buffer: dst=70,630, w=70,h=70, src=0,140
23:55:54.889 [FXGL Background Thread 2 ] DEBUG TilesetLoader        - Writing to buffer: dst=140,630, w=70,h=70, src=0,140
23:55:54.889 [FXGL Background Thread 2 ] DEBUG TilesetLoader        - Writing to buffer: dst=210,630, w=70,h=70, src=0,140
23:55:54.889 [FXGL Background Thread 2 ] DEBUG TilesetLoader        - Writing to buffer: dst=280,630, w=70,h=70, src=0,140
23:55:54.889 [FXGL Background Thread 2 ] DEBUG TilesetLoader        - Writing to buffer: dst=350,630, w=70,h=70, src=0,140
23:55:54.890 [FXGL Background Thread 2 ] DEBUG TilesetLoader        - Writing to buffer: dst=420,630, w=70,h=70, src=0,140
23:55:54.890 [FXGL Background Thread 2 ] DEBUG TilesetLoader        - Writing to buffer: dst=490,630, w=70,h=70, src=0,140
23:55:54.890 [FXGL Background Thread 2 ] DEBUG TilesetLoader        - Writing to buffer: dst=560,630, w=70,h=70, src=0,140
23:55:54.890 [FXGL Background Thread 2 ] DEBUG TilesetLoader        - Writing to buffer: dst=630,630, w=70,h=70, src=0,140
23:55:54.890 [FXGL Background Thread 2 ] DEBUG TilesetLoader        - Writing to buffer: dst=700,630, w=70,h=70, src=0,140
23:55:54.891 [FXGL Background Thread 2 ] DEBUG TilesetLoader        - Writing to buffer: dst=770,630, w=70,h=70, src=0,140
23:55:54.891 [FXGL Background Thread 2 ] DEBUG TilesetLoader        - Writing to buffer: dst=840,630, w=70,h=70, src=0,140
23:55:54.891 [FXGL Background Thread 2 ] DEBUG TilesetLoader        - Writing to buffer: dst=910,630, w=70,h=70, src=0,140
23:55:54.891 [FXGL Background Thread 2 ] DEBUG TilesetLoader        - Writing to buffer: dst=980,630, w=70,h=70, src=0,140
23:55:54.891 [FXGL Background Thread 2 ] DEBUG TilesetLoader        - Writing to buffer: dst=1050,630, w=70,h=70, src=0,140
23:55:54.892 [FXGL Background Thread 2 ] DEBUG TilesetLoader        - Writing to buffer: dst=1260,630, w=70,h=70, src=0,140
23:55:54.892 [FXGL Background Thread 2 ] DEBUG TilesetLoader        - Writing to buffer: dst=1330,630, w=70,h=70, src=0,140
23:55:54.892 [FXGL Background Thread 2 ] DEBUG TilesetLoader        - Writing to buffer: dst=1400,630, w=70,h=70, src=0,140
23:55:54.892 [FXGL Background Thread 2 ] DEBUG TilesetLoader        - Writing to buffer: dst=1610,630, w=70,h=70, src=0,140
23:55:54.892 [FXGL Background Thread 2 ] DEBUG TilesetLoader        - Writing to buffer: dst=1680,630, w=70,h=70, src=0,140
23:55:54.893 [FXGL Background Thread 2 ] DEBUG TilesetLoader        - Writing to buffer: dst=1750,630, w=70,h=70, src=0,140
23:55:54.893 [FXGL Background Thread 2 ] DEBUG TilesetLoader        - Writing to buffer: dst=1820,630, w=70,h=70, src=0,140
23:55:54.893 [FXGL Background Thread 2 ] DEBUG TilesetLoader        - Writing to buffer: dst=1890,630, w=70,h=70, src=0,140
23:55:54.893 [FXGL Background Thread 2 ] DEBUG TilesetLoader        - Writing to buffer: dst=1960,630, w=70,h=70, src=0,140
23:55:54.893 [FXGL Background Thread 2 ] DEBUG TilesetLoader        - Writing to buffer: dst=2030,630, w=70,h=70, src=0,140
23:55:54.894 [FXGL Background Thread 2 ] DEBUG TilesetLoader        - Loading view for layer overlay
23:55:54.900 [FXGL Background Thread 2 ] DEBUG TilesetLoader        - Created buffer with size 2100.0x700.0
23:55:54.900 [FXGL Background Thread 2 ] DEBUG TilesetLoader        - Writing to buffer: dst=0,0, w=70,h=70, src=0,280
23:55:54.900 [FXGL Background Thread 2 ] DEBUG TilesetLoader        - Writing to buffer: dst=70,0, w=70,h=70, src=0,140
23:55:54.901 [FXGL Background Thread 2 ] DEBUG TilesetLoader        - Writing to buffer: dst=140,0, w=70,h=70, src=0,140
23:55:54.901 [FXGL Background Thread 2 ] DEBUG TilesetLoader        - Writing to buffer: dst=210,0, w=70,h=70, src=0,140
23:55:54.901 [FXGL Background Thread 2 ] DEBUG TilesetLoader        - Writing to buffer: dst=280,0, w=70,h=70, src=0,140
23:55:54.901 [FXGL Background Thread 2 ] DEBUG TilesetLoader        - Writing to buffer: dst=350,0, w=70,h=70, src=0,140
23:55:54.901 [FXGL Background Thread 2 ] DEBUG TilesetLoader        - Writing to buffer: dst=420,0, w=70,h=70, src=0,140
23:55:54.902 [FXGL Background Thread 2 ] DEBUG TilesetLoader        - Writing to buffer: dst=490,0, w=70,h=70, src=0,140
23:55:54.902 [FXGL Background Thread 2 ] DEBUG TilesetLoader        - Writing to buffer: dst=560,0, w=70,h=70, src=0,140
23:55:54.902 [FXGL Background Thread 2 ] DEBUG TilesetLoader        - Writing to buffer: dst=630,0, w=70,h=70, src=0,140
23:55:54.902 [FXGL Background Thread 2 ] DEBUG TilesetLoader        - Writing to buffer: dst=700,0, w=70,h=70, src=0,140
23:55:54.902 [FXGL Background Thread 2 ] DEBUG TilesetLoader        - Writing to buffer: dst=770,0, w=70,h=70, src=0,350
23:55:54.902 [FXGL Background Thread 2 ] DEBUG TilesetLoader        - Writing to buffer: dst=840,0, w=70,h=70, src=0,140
23:55:54.903 [FXGL Background Thread 2 ] DEBUG TilesetLoader        - Writing to buffer: dst=910,0, w=70,h=70, src=0,140
23:55:54.903 [FXGL Background Thread 2 ] DEBUG TilesetLoader        - Writing to buffer: dst=980,0, w=70,h=70, src=0,140
23:55:54.903 [FXGL Background Thread 2 ] DEBUG TilesetLoader        - Writing to buffer: dst=1050,0, w=70,h=70, src=0,140
23:55:54.903 [FXGL Background Thread 2 ] DEBUG TilesetLoader        - Writing to buffer: dst=1120,0, w=70,h=70, src=0,280
23:55:54.903 [FXGL Background Thread 2 ] DEBUG TilesetLoader        - Writing to buffer: dst=770,70, w=70,h=70, src=0,420
23:55:54.904 [FXGL Background Thread 2 ] DEBUG TilesetLoader        - Writing to buffer: dst=770,140, w=70,h=70, src=0,490
23:55:54.904 [FXGL Background Thread 2 ] DEBUG TilesetLoader        - Writing to buffer: dst=770,350, w=70,h=70, src=140,280
23:55:54.906 [FXGL Background Thread 2 ] DEBUG TilesetLoader        - Writing to buffer: dst=840,350, w=70,h=70, src=210,280
23:55:54.906 [FXGL Background Thread 2 ] DEBUG TilesetLoader        - Writing to buffer: dst=910,350, w=70,h=70, src=280,280
23:55:54.906 [FXGL Background Thread 2 ] DEBUG TilesetLoader        - Writing to buffer: dst=210,490, w=70,h=70, src=280,140
23:55:54.906 [FXGL Background Thread 2 ] DEBUG TilesetLoader        - Writing to buffer: dst=910,490, w=70,h=70, src=910,280
23:55:54.920 [FXGL Background Thread 2 ] DEBUG TilesetLoader        - Writing to buffer: dst=1960,490, w=70,h=70, src=648,216
23:55:54.921 [FXGL Background Thread 2 ] DEBUG TilesetLoader        - Writing to buffer: dst=1820,560, w=70,h=70, src=910,280
23:55:54.921 [FXGL Background Thread 2 ] DEBUG TilesetLoader        - Writing to buffer: dst=1960,560, w=70,h=70, src=648,288
23:55:54.921 [FXGL Background Thread 2 ] DEBUG TilesetLoader        - Writing to buffer: dst=1120,630, w=70,h=70, src=770,280
23:55:54.921 [FXGL Background Thread 2 ] DEBUG TilesetLoader        - Writing to buffer: dst=1190,630, w=70,h=70, src=770,280
23:55:54.921 [FXGL Background Thread 2 ] DEBUG TilesetLoader        - Writing to buffer: dst=1470,630, w=70,h=70, src=770,280
23:55:54.921 [FXGL Background Thread 2 ] DEBUG TilesetLoader        - Writing to buffer: dst=1540,630, w=70,h=70, src=770,280
23:55:54.922 [FXGL Background Thread 2 ] DEBUG TMXLevelLoader       - Creating object layer entities
23:55:54.939 [FXGL Background Thread 2 ] DEBUG FXGLAssetLoaderServi - Loading from file system: file:/D:/OneDrive/OneDrive%20-%20Hogeschool%20Leiden/IPOSE/NERDS%20VS%20VIRUS/nerdsvsthevirus/target/classes/assets/textures/spuit2.png
23:55:54.946 [FXGL Background Thread 2 ] DEBUG FXGLAssetLoaderServi - Loading from file system: file:/D:/OneDrive/OneDrive%20-%20Hogeschool%20Leiden/IPOSE/NERDS%20VS%20VIRUS/nerdsvsthevirus/target/classes/assets/textures/bacteria.png
23:55:54.955 [FXGL Background Thread 2 ] WARN  TMXLevelLoader       - Parse error Error: java.lang.IllegalArgumentException: Key key has no associated value!
23:55:54.956 [JavaFX Application Thread] DEBUG LoopRunner           - Stopping loop
23:55:54.957 [JavaFX Application Thread] FATAL FXGLApplication      - Uncaught Exception:
java.lang.RuntimeException: Initialization failed
	at com.almasb.fxgl.app.FXGLApplication$InitAppTask.failed(FXGLApplication.kt:376)
	at javafx.concurrent.Task.setState(Task.java:710)
	at javafx.concurrent.Task$TaskCallable.lambda$call$2(Task.java:1455)
	at com.sun.javafx.application.PlatformImpl.lambda$runLater$10(PlatformImpl.java:428)
	at java.base/java.security.AccessController.doPrivileged(AccessController.java:391)
	at com.sun.javafx.application.PlatformImpl.lambda$runLater$11(PlatformImpl.java:427)
	at com.sun.glass.ui.InvokeLaterDispatcher$Future.run(InvokeLaterDispatcher.java:96)
	at com.sun.glass.ui.win.WinApplication._runLoop(Native Method)
	at com.sun.glass.ui.win.WinApplication.lambda$runLoop$3(WinApplication.java:174)
	at java.base/java.lang.Thread.run(Thread.java:832)
Caused by: com.almasb.fxgl.entity.level.LevelLoadingException: Key key has no associated value!
	at com.almasb.fxgl.entity.level.tiled.TMXLevelLoader.load(TMXLevelLoader.kt:71)
	at com.almasb.fxgl.app.services.FXGLAssetLoaderService.loadLevel(FXGLAssetLoaderService.kt:442)
	at com.almasb.fxgl.dsl.FXGL$Companion.setLevelFromMap(FXGL.kt:532)
	at com.almasb.fxgl.dsl.FXGL.setLevelFromMap(FXGL.kt)
	at NerdvsVirus.Game.initGame(Game.java:91)
	at com.almasb.fxgl.app.FXGLApplication$InitAppTask.initGame(FXGLApplication.kt:372)
	at com.almasb.fxgl.app.FXGLApplication$InitAppTask.call(FXGLApplication.kt:352)
	at com.almasb.fxgl.app.FXGLApplication$InitAppTask.call(FXGLApplication.kt:344)
	at javafx.concurrent.Task$TaskCallable.call(Task.java:1425)
	at java.base/java.util.concurrent.FutureTask.run(FutureTask.java:264)
	at java.base/java.util.concurrent.Executors$RunnableAdapter.call(Executors.java:515)
	at java.base/java.util.concurrent.FutureTask.run(FutureTask.java:264)
	at java.base/java.util.concurrent.ThreadPoolExecutor.runWorker(ThreadPoolExecutor.java:1130)
	at java.base/java.util.concurrent.ThreadPoolExecutor$Worker.run(ThreadPoolExecutor.java:630)
	... 1 more
Caused by: java.lang.IllegalArgumentException: Key key has no associated value!
	at com.almasb.fxgl.entity.SpawnData.get(SpawnData.kt:35)
	at NerdvsVirus.NerdFactory.newKeyCode(NerdFactory.java:95)
	at java.base/jdk.internal.reflect.NativeMethodAccessorImpl.invoke0(Native Method)
	at java.base/jdk.internal.reflect.NativeMethodAccessorImpl.invoke(NativeMethodAccessorImpl.java:64)
	at java.base/jdk.internal.reflect.DelegatingMethodAccessorImpl.invoke(DelegatingMethodAccessorImpl.java:43)
	at java.base/java.lang.reflect.Method.invoke(Method.java:564)
	at com.almasb.fxgl.core.reflect.ReflectionUtils.call(ReflectionUtils.java:104)
	at com.almasb.fxgl.core.reflect.ReflectionUtils.lambda$mapToFunction$3(ReflectionUtils.java:111)
	at com.almasb.fxgl.entity.GameWorld$create$2.invoke(GameWorld.kt:408)
	at com.almasb.fxgl.entity.GameWorld$create$2.invoke(GameWorld.kt:35)
	at com.almasb.fxgl.core.util.DSLKt.tryCatchRoot(DSL.kt:34)
	at com.almasb.fxgl.entity.GameWorld.create(GameWorld.kt:408)
	at NerdvsVirus.NerdFactory.newButton(NerdFactory.java:115)
	at java.base/jdk.internal.reflect.NativeMethodAccessorImpl.invoke0(Native Method)
	at java.base/jdk.internal.reflect.NativeMethodAccessorImpl.invoke(NativeMethodAccessorImpl.java:64)
	at java.base/jdk.internal.reflect.DelegatingMethodAccessorImpl.invoke(DelegatingMethodAccessorImpl.java:43)
	at java.base/java.lang.reflect.Method.invoke(Method.java:564)
	at com.almasb.fxgl.core.reflect.ReflectionUtils.call(ReflectionUtils.java:104)
	at com.almasb.fxgl.core.reflect.ReflectionUtils.lambda$mapToFunction$3(ReflectionUtils.java:111)
	at com.almasb.fxgl.entity.GameWorld$create$2.invoke(GameWorld.kt:408)
	at com.almasb.fxgl.entity.GameWorld$create$2.invoke(GameWorld.kt:35)
	at com.almasb.fxgl.core.util.DSLKt.tryCatchRoot(DSL.kt:34)
	at com.almasb.fxgl.entity.GameWorld.create(GameWorld.kt:408)
	at com.almasb.fxgl.entity.level.tiled.TMXLevelLoader.createObjectLayerEntities(TMXLevelLoader.kt:135)
	at com.almasb.fxgl.entity.level.tiled.TMXLevelLoader.load(TMXLevelLoader.kt:53)
	... 14 more

23:55:54.958 [JavaFX Application Thread] FATAL FXGLApplication      - Application will now exit
23:55:54.972 [JavaFX Application Thread] DEBUG PrimaryStageWindow   - Push state: ErrorSubScene
23:55:54.972 [JavaFX Application Thread] DEBUG Input                - Clearing active input actions
23:55:54.978 [JavaFX Application Thread] DEBUG GameApplicationServi - Removing overlay from FXGLLoadingScene and adding to ErrorSubScene
23:55:54.978 [JavaFX Application Thread] DEBUG PrimaryStageWindow   - FXGLLoadingScene -> ErrorSubScene
23:55:56.822 [FXGL Background Thread 3 ] DEBUG Engine               - Logging environment variables
23:55:56.823 [FXGL Background Thread 3 ] DEBUG Engine               - achievements: []
23:55:56.823 [FXGL Background Thread 3 ] DEBUG Engine               - actualHeight: 700.0
23:55:56.823 [FXGL Background Thread 3 ] DEBUG Engine               - actualHeightProperty: ReadOnlyDoubleProperty [value: 700.0]
23:55:56.824 [FXGL Background Thread 3 ] DEBUG Engine               - actualWidth: 1050.0
23:55:56.824 [FXGL Background Thread 3 ] DEBUG Engine               - actualWidthProperty: ReadOnlyDoubleProperty [value: 1050.0]
23:55:56.824 [FXGL Background Thread 3 ] DEBUG Engine               - appIcon: fxgl_icon.png
23:55:56.824 [FXGL Background Thread 3 ] DEBUG Engine               - applicationMode: DEVELOPER
23:55:56.824 [FXGL Background Thread 3 ] DEBUG Engine               - cSSList: [fxgl_dark.css]
23:55:56.824 [FXGL Background Thread 3 ] DEBUG Engine               - collisionDetectionStrategy: BRUTE_FORCE
23:55:56.824 [FXGL Background Thread 3 ] DEBUG Engine               - configClass: Optional.empty
23:55:56.824 [FXGL Background Thread 3 ] DEBUG Engine               - credits: []
23:55:56.824 [FXGL Background Thread 3 ] DEBUG Engine               - devBBoxColorProperty: ObjectProperty [value: 0xff0000ff]
23:55:56.824 [FXGL Background Thread 3 ] DEBUG Engine               - devEnableDebugCameraProperty: BooleanProperty [value: false]
23:55:56.825 [FXGL Background Thread 3 ] DEBUG Engine               - devSensorColorProperty: ObjectProperty [value: 0xffff00ff]
23:55:56.825 [FXGL Background Thread 3 ] DEBUG Engine               - devShowBBoxProperty: BooleanProperty [value: false]
23:55:56.825 [FXGL Background Thread 3 ] DEBUG Engine               - devShowPositionProperty: BooleanProperty [value: false]
23:55:56.825 [FXGL Background Thread 3 ] DEBUG Engine               - enabledMenuItems: []
23:55:56.825 [FXGL Background Thread 3 ] DEBUG Engine               - engineServices: [class com.almasb.fxgl.app.services.FXGLAssetLoaderService, class com.almasb.fxgl.app.FXGLApplication$GameApplicationService, class com.almasb.fxgl.app.services.FXGLDialogService, class com.almasb.fxgl.app.services.IOTaskExecutorService, class com.almasb.fxgl.event.EventBusService, class com.almasb.fxgl.io.FileSystemService, class com.almasb.fxgl.localization.LocalizationService, class com.almasb.fxgl.app.services.SystemBundleService, class com.almasb.fxgl.profile.SaveLoadService, class com.almasb.fxgl.ui.FXGLUIFactoryServiceProvider, class com.almasb.fxgl.ui.FXGLDialogFactoryServiceProvider, class com.almasb.fxgl.audio.AudioPlayer, class com.almasb.fxgl.notification.impl.NotificationServiceProvider, class com.almasb.fxgl.achievement.AchievementService, class com.almasb.fxgl.cutscene.CutsceneService, class com.almasb.fxgl.minigames.MiniGameService, class com.almasb.fxgl.net.NetService, class com.almasb.fxgl.app.services.UpdaterService, class com.almasb.fxgl.dev.DevService]
23:55:56.825 [FXGL Background Thread 3 ] DEBUG Engine               - fontGame: Abel-Regular.ttf
23:55:56.825 [FXGL Background Thread 3 ] DEBUG Engine               - fontMono: lucida_console.ttf
23:55:56.825 [FXGL Background Thread 3 ] DEBUG Engine               - fontText: Courier-Prime.ttf
23:55:56.825 [FXGL Background Thread 3 ] DEBUG Engine               - fontUI: VarelaRound-Regular.ttf
23:55:56.825 [FXGL Background Thread 3 ] DEBUG Engine               - fullScreen: BooleanProperty [value: false]
23:55:56.826 [FXGL Background Thread 3 ] DEBUG Engine               - gameDifficulty: MEDIUM
23:55:56.826 [FXGL Background Thread 3 ] DEBUG Engine               - gameDifficultyProperty: ObjectProperty [value: MEDIUM]
23:55:56.826 [FXGL Background Thread 3 ] DEBUG Engine               - globalMusicVolume: 0.5
23:55:56.826 [FXGL Background Thread 3 ] DEBUG Engine               - globalMusicVolumeProperty: DoubleProperty [value: 0.5]
23:55:56.826 [FXGL Background Thread 3 ] DEBUG Engine               - globalSoundVolume: 0.5
23:55:56.826 [FXGL Background Thread 3 ] DEBUG Engine               - globalSoundVolumeProperty: DoubleProperty [value: 0.5]
23:55:56.826 [FXGL Background Thread 3 ] DEBUG Engine               - height: 700
23:55:56.826 [FXGL Background Thread 3 ] DEBUG Engine               - isAndroid: false
23:55:56.826 [FXGL Background Thread 3 ] DEBUG Engine               - isBrowser: false
23:55:56.826 [FXGL Background Thread 3 ] DEBUG Engine               - isClickFeedbackEnabled: false
23:55:56.827 [FXGL Background Thread 3 ] DEBUG Engine               - isCloseConfirmation: false
23:55:56.827 [FXGL Background Thread 3 ] DEBUG Engine               - isDesktop: true
23:55:56.827 [FXGL Background Thread 3 ] DEBUG Engine               - isDeveloperMenuEnabled: false
23:55:56.827 [FXGL Background Thread 3 ] DEBUG Engine               - isEntityPreloadEnabled: true
23:55:56.827 [FXGL Background Thread 3 ] DEBUG Engine               - isExperimental3D: false
23:55:56.827 [FXGL Background Thread 3 ] DEBUG Engine               - isExperimentalNative: false
23:55:56.827 [FXGL Background Thread 3 ] DEBUG Engine               - isExperimentalTiledLargeMap: false
23:55:56.827 [FXGL Background Thread 3 ] DEBUG Engine               - isFileSystemWriteAllowed: true
23:55:56.827 [FXGL Background Thread 3 ] DEBUG Engine               - isFullScreenAllowed: false
23:55:56.827 [FXGL Background Thread 3 ] DEBUG Engine               - isFullScreenFromStart: false
23:55:56.827 [FXGL Background Thread 3 ] DEBUG Engine               - isGameMenuEnabled: true
23:55:56.828 [FXGL Background Thread 3 ] DEBUG Engine               - isIOS: false
23:55:56.828 [FXGL Background Thread 3 ] DEBUG Engine               - isIntroEnabled: false
23:55:56.828 [FXGL Background Thread 3 ] DEBUG Engine               - isLinux: false
23:55:56.828 [FXGL Background Thread 3 ] DEBUG Engine               - isMac: false
23:55:56.828 [FXGL Background Thread 3 ] DEBUG Engine               - isMainMenuEnabled: true
23:55:56.828 [FXGL Background Thread 3 ] DEBUG Engine               - isManualResizeEnabled: false
23:55:56.828 [FXGL Background Thread 3 ] DEBUG Engine               - isMobile: false
23:55:56.828 [FXGL Background Thread 3 ] DEBUG Engine               - isPreserveResizeRatio: false
23:55:56.828 [FXGL Background Thread 3 ] DEBUG Engine               - isProfilingEnabled: false
23:55:56.828 [FXGL Background Thread 3 ] DEBUG Engine               - isScaleAffectedOnResize: true
23:55:56.829 [FXGL Background Thread 3 ] DEBUG Engine               - isSingleStep: false
23:55:56.829 [FXGL Background Thread 3 ] DEBUG Engine               - isUserProfileEnabled: false
23:55:56.829 [FXGL Background Thread 3 ] DEBUG Engine               - isWindows: true
23:55:56.829 [FXGL Background Thread 3 ] DEBUG Engine               - language: ObjectProperty [value: ENGLISH]
23:55:56.829 [FXGL Background Thread 3 ] DEBUG Engine               - menuKey: ESCAPE
23:55:56.829 [FXGL Background Thread 3 ] DEBUG Engine               - notificationViewClass: class com.almasb.fxgl.notification.view.XboxNotificationView
23:55:56.829 [FXGL Background Thread 3 ] DEBUG Engine               - pixelsPerMeter: 50.0
23:55:56.829 [FXGL Background Thread 3 ] DEBUG Engine               - platform: WINDOWS
23:55:56.829 [FXGL Background Thread 3 ] DEBUG Engine               - prefHeightProperty: ReadOnlyDoubleProperty [value: 700.0]
23:55:56.829 [FXGL Background Thread 3 ] DEBUG Engine               - prefWidthProperty: ReadOnlyDoubleProperty [value: 1050.0]
23:55:56.830 [FXGL Background Thread 3 ] DEBUG Engine               - profileDir: profiles/
23:55:56.830 [FXGL Background Thread 3 ] DEBUG Engine               - profileName: StringProperty [value: DEFAULT]
23:55:56.830 [FXGL Background Thread 3 ] DEBUG Engine               - randomSeed: -1
23:55:56.830 [FXGL Background Thread 3 ] DEBUG Engine               - runtimeInfo: RuntimeInfo(platform=WINDOWS, version=11.14, build=01.03.2021 16.59)
23:55:56.830 [FXGL Background Thread 3 ] DEBUG Engine               - saveFileExt: sav
23:55:56.830 [FXGL Background Thread 3 ] DEBUG Engine               - scaledHeightProp$fxgl: DoubleProperty [bound, value: 700.0]
23:55:56.830 [FXGL Background Thread 3 ] DEBUG Engine               - scaledWidthProp$fxgl: DoubleProperty [bound, value: 1050.0]
23:55:56.830 [FXGL Background Thread 3 ] DEBUG Engine               - sceneFactory: NerdvsVirus.Game$1@2005b5de
23:55:56.830 [FXGL Background Thread 3 ] DEBUG Engine               - secondsIn24h: 60
23:55:56.831 [FXGL Background Thread 3 ] DEBUG Engine               - soundMenuBack: menu/back.wav
23:55:56.831 [FXGL Background Thread 3 ] DEBUG Engine               - soundMenuPress: menu/press.wav
23:55:56.831 [FXGL Background Thread 3 ] DEBUG Engine               - soundMenuSelect: menu/select.wav
23:55:56.831 [FXGL Background Thread 3 ] DEBUG Engine               - soundNotification: core/notification.wav
23:55:56.831 [FXGL Background Thread 3 ] DEBUG Engine               - stageStyle: DECORATED
23:55:56.831 [FXGL Background Thread 3 ] DEBUG Engine               - supportedLanguages: [ENGLISH, FRENCH, GERMAN, HUNGARIAN, RUSSIAN]
23:55:56.831 [FXGL Background Thread 3 ] DEBUG Engine               - ticksPerSecond: -1
23:55:56.831 [FXGL Background Thread 3 ] DEBUG Engine               - title: Nerds VS Virus
23:55:56.831 [FXGL Background Thread 3 ] DEBUG Engine               - urlGithub: https://github.com/AlmasB/FXGL
23:55:56.831 [FXGL Background Thread 3 ] DEBUG Engine               - urlLeaderboard: http://fxgl-top.herokuapp.com/
23:55:56.832 [FXGL Background Thread 3 ] DEBUG Engine               - urlPOM: https://raw.githubusercontent.com/AlmasB/FXGL/release/README.md
23:55:56.832 [FXGL Background Thread 3 ] DEBUG Engine               - userAppClass: class NerdvsVirus.Game
23:55:56.832 [FXGL Background Thread 3 ] DEBUG Engine               - version: 0.0
23:55:56.832 [FXGL Background Thread 3 ] DEBUG Engine               - versionCheckDays: 7
23:55:56.832 [FXGL Background Thread 3 ] DEBUG Engine               - width: 1050
23:55:56.832 [FXGL Background Thread 3 ] DEBUG Engine               - Logging services
23:55:56.832 [FXGL Background Thread 3 ] DEBUG Engine               - class com.almasb.fxgl.app.services.FXGLAssetLoaderService
23:55:56.832 [FXGL Background Thread 3 ] DEBUG Engine               - class com.almasb.fxgl.app.FXGLApplication$GameApplicationService
23:55:56.832 [FXGL Background Thread 3 ] DEBUG Engine               - class com.almasb.fxgl.app.services.FXGLDialogService
23:55:56.832 [FXGL Background Thread 3 ] DEBUG Engine               - class com.almasb.fxgl.app.services.IOTaskExecutorService
23:55:56.832 [FXGL Background Thread 3 ] DEBUG Engine               - class com.almasb.fxgl.event.EventBusService
23:55:56.832 [FXGL Background Thread 3 ] DEBUG Engine               - class com.almasb.fxgl.io.FileSystemService
23:55:56.833 [FXGL Background Thread 3 ] DEBUG Engine               - class com.almasb.fxgl.localization.LocalizationService
23:55:56.833 [FXGL Background Thread 3 ] DEBUG Engine               - class com.almasb.fxgl.app.services.SystemBundleService
23:55:56.833 [FXGL Background Thread 3 ] DEBUG Engine               - class com.almasb.fxgl.profile.SaveLoadService
23:55:56.833 [FXGL Background Thread 3 ] DEBUG Engine               - class com.almasb.fxgl.ui.FXGLUIFactoryServiceProvider
23:55:56.833 [FXGL Background Thread 3 ] DEBUG Engine               - class com.almasb.fxgl.ui.FXGLDialogFactoryServiceProvider
23:55:56.833 [FXGL Background Thread 3 ] DEBUG Engine               - class com.almasb.fxgl.audio.AudioPlayer
23:55:56.833 [FXGL Background Thread 3 ] DEBUG Engine               - class com.almasb.fxgl.notification.impl.NotificationServiceProvider
23:55:56.833 [FXGL Background Thread 3 ] DEBUG Engine               - class com.almasb.fxgl.achievement.AchievementService
23:55:56.833 [FXGL Background Thread 3 ] DEBUG Engine               - class com.almasb.fxgl.cutscene.CutsceneService
23:55:56.833 [FXGL Background Thread 3 ] DEBUG Engine               - class com.almasb.fxgl.minigames.MiniGameService
23:55:56.833 [FXGL Background Thread 3 ] DEBUG Engine               - class com.almasb.fxgl.net.NetService
23:55:56.833 [FXGL Background Thread 3 ] DEBUG Engine               - class com.almasb.fxgl.app.services.UpdaterService
23:55:56.833 [FXGL Background Thread 3 ] DEBUG Engine               - class com.almasb.fxgl.dev.DevService
23:56:03.389 [JavaFX Application Thread] DEBUG FXGLApplication      - Exiting FXGL
23:56:03.389 [JavaFX Application Thread] DEBUG Async                - Shutting down background threads
23:56:03.389 [JavaFX Application Thread] DEBUG PrimaryStageWindow   - Closing main window
23:56:03.396 [JavaFX Application Thread] DEBUG Logger               - Closing Logger
