20:33:19.262 [main                     ] DEBUG Logger               - Configured Logger
20:33:19.308 [main                     ] DEBUG GameApplication      - Logging settings
Title: Nerds VS Virus
Version: 0.0
Width: 1200
Height: 800
Fullscreen: false
Intro: false
Profiling: false
Single step:false
App Mode: DEVELOPER
Menu Key: ESCAPE
Stage Style: DECORATED
Scene Factory: class com.almasb.fxgl.app.scene.SceneFactory

20:33:19.913 [JavaFX Application Thread] DEBUG FXGLApplication      - Initializing FXGL
20:33:19.916 [JavaFX Application Thread] INFO  Engine               - FXGL-11.14 (01.03.2021 16.59) on MAC (J:15.0.1 FX:15)
20:33:19.917 [JavaFX Application Thread] DEBUG Engine               - JRE Vendor Name: Oracle Corporation
20:33:19.917 [JavaFX Application Thread] DEBUG Engine               - Running on OS: Mac OS X version 10.16
20:33:19.917 [JavaFX Application Thread] DEBUG Engine               - Architecture: x86_64
20:33:19.917 [JavaFX Application Thread] INFO  Engine               - Source code and latest versions at: https://github.com/AlmasB/FXGL
20:33:19.918 [JavaFX Application Thread] INFO  Engine               -              Join the FXGL chat at: https://gitter.im/AlmasB/FXGL
20:33:20.195 [JavaFX Application Thread] DEBUG PrimaryStageWindow   - Creating a JavaFX scene
20:33:20.262 [JavaFX Application Thread] DEBUG PrimaryStageWindow   - Target settings size: 1200.0 x 800.0
20:33:20.263 [JavaFX Application Thread] DEBUG PrimaryStageWindow   - Scaled scene size:    1200.0 x 800.0
20:33:20.263 [JavaFX Application Thread] DEBUG PrimaryStageWindow   - Scaled ratio: (1.0, 1.0)
20:33:20.266 [JavaFX Application Thread] DEBUG PrimaryStageWindow   - Set initial scene to FXGLStartupScene
20:33:20.275 [JavaFX Application Thread] DEBUG PrimaryStageWindow   - Opening main window
20:33:20.360 [JavaFX Application Thread] DEBUG PrimaryStageWindow   - Window border size: (0.0, 28.0)
20:33:20.361 [JavaFX Application Thread] DEBUG PrimaryStageWindow   - Scaled size: 1200.0 x 800.0
20:33:20.361 [JavaFX Application Thread] DEBUG PrimaryStageWindow   - Scaled ratio: (1.0, 1.0)
20:33:20.361 [JavaFX Application Thread] DEBUG PrimaryStageWindow   - Scene size: 1200.0 x 800.0
20:33:20.362 [JavaFX Application Thread] DEBUG PrimaryStageWindow   - Stage size: 1200.0 x 828.0
20:33:20.370 [FXGL Background Thread 1 ] DEBUG Engine               - Initializing environment variables
20:33:20.413 [FXGL Background Thread 1 ] DEBUG FXGLAssetLoaderServi - User app class for loading assets: class Game
20:33:20.413 [FXGL Background Thread 1 ] DEBUG GameApplicationServi - Applying CSS: fxgl_dark.css
20:33:20.415 [FXGL Background Thread 1 ] DEBUG FXGLAssetLoaderServi - Loading from file system: jar:file:/Users/chalitandunu/.m2/repository/com/github/almasb/fxgl/11.14/fxgl-11.14.jar!/fxglassets/ui/css/fxgl_dark.css
20:33:20.511 [FXGL Background Thread 1 ] DEBUG GameApplicationServi - Initializing application scenes
20:33:21.306 [FXGL Background Thread 1 ] DEBUG GameWorld            - Game world initialized
20:33:21.460 [FXGL Background Thread 1 ] DEBUG PhysicsWorld         - Physics world initialized: appHeight=800, physics.ppm=50.0
20:33:21.460 [FXGL Background Thread 1 ] DEBUG PhysicsWorld         - Using strategy: BRUTE_FORCE
20:33:21.464 [FXGL Background Thread 1 ] DEBUG GameScene            - Game scene initialized: 1200x800
20:33:21.502 [FXGL Background Thread 1 ] DEBUG FXGLAssetLoaderServi - Loading from file system: jar:file:/Users/chalitandunu/.m2/repository/com/github/almasb/fxgl/11.14/fxgl-11.14.jar!/fxglassets/textures/particles/trace_horizontal.png
20:33:21.600 [FXGL Background Thread 1 ] DEBUG FXGL.DefaultMenu     - createMenuBodyGameMenu()
20:33:21.634 [FXGL Background Thread 1 ] DEBUG FXGL.DefaultMenu     - createOptionsMenu()
20:33:21.645 [FXGL Background Thread 1 ] DEBUG FXGLAssetLoaderServi - Loading from file system: jar:file:/Users/chalitandunu/.m2/repository/com/github/almasb/fxgl/11.14/fxgl-11.14.jar!/fxglassets/textures/particles/smoke.png
20:33:21.741 [FXGL Background Thread 1 ] DEBUG GameApplicationServi - Application scenes initialized
20:33:21.757 [FXGL Background Thread 1 ] DEBUG SystemBundleService  - Loading FXGL system data
20:33:21.769 [FXGL Background Thread 1 ] DEBUG FileSystemAccess     - Reading from: /Users/chalitandunu/Desktop/the void/HS/Jaar 1/Periode 3/IPOSE/nerdsvsthevirus/system/fxgl.bundle
20:33:21.779 [FXGL Background Thread 1 ] DEBUG SystemBundleService  - Bundle FXGL: {}
20:33:21.780 [FXGL Background Thread 1 ] DEBUG UpdaterService       - Checking for updates
20:33:21.803 [FXGL Background Thread 4 ] DEBUG FXGLApplication      - Loading fonts
20:33:21.804 [FXGL Background Thread 4 ] DEBUG FXGLAssetLoaderServi - Loading from file system: jar:file:/Users/chalitandunu/.m2/repository/com/github/almasb/fxgl/11.14/fxgl-11.14.jar!/fxglassets/ui/fonts/VarelaRound-Regular.ttf
20:33:21.837 [FXGL Background Thread 4 ] DEBUG FXGLAssetLoaderServi - Loading from file system: jar:file:/Users/chalitandunu/.m2/repository/com/github/almasb/fxgl/11.14/fxgl-11.14.jar!/fxglassets/ui/fonts/Abel-Regular.ttf
20:33:21.842 [FXGL Background Thread 4 ] DEBUG FXGLAssetLoaderServi - Loading from file system: jar:file:/Users/chalitandunu/.m2/repository/com/github/almasb/fxgl/11.14/fxgl-11.14.jar!/fxglassets/ui/fonts/lucida_console.ttf
20:33:21.847 [FXGL Background Thread 4 ] DEBUG FXGLAssetLoaderServi - Loading from file system: jar:file:/Users/chalitandunu/.m2/repository/com/github/almasb/fxgl/11.14/fxgl-11.14.jar!/fxglassets/ui/fonts/Courier-Prime.ttf
20:33:21.856 [JavaFX Application Thread] DEBUG FXGLApplication      - Registering font factories with UI factory
20:33:21.837 [FXGL Background Thread 1 ] DEBUG FXGLApplication      - Loading default localization
20:33:21.863 [FXGL Background Thread 1 ] DEBUG FXGLAssetLoaderServi - Loading from file system: jar:file:/Users/chalitandunu/.m2/repository/com/github/almasb/fxgl/11.14/fxgl-11.14.jar!/fxglassets/languages/english.lang
20:33:21.888 [FXGL Background Thread 1 ] INFO  FXGLApplication      - FXGL initialization took: 1.517 sec
20:33:21.903 [JavaFX Application Thread] DEBUG Input                - Registered new binding: action0 - D
20:33:21.904 [JavaFX Application Thread] DEBUG Input                - Registered new binding: action1 - A
20:33:21.905 [JavaFX Application Thread] DEBUG FXGLAssetLoaderServi - Loading from file system: jar:file:/Users/chalitandunu/.m2/repository/com/github/almasb/fxgl/11.14/fxgl-11.14.jar!/fxglassets/textures/fxgl_icon.png
20:33:21.951 [JavaFX Application Thread] DEBUG FXGLAssetLoaderServi - Loading from file system: jar:file:/Users/chalitandunu/.m2/repository/com/github/almasb/fxgl/11.14/fxgl-11.14.jar!/fxglassets/ui/cursors/fxgl_default.png
20:33:21.954 [JavaFX Application Thread] DEBUG Input                - Registered new binding: Screenshot - P
20:33:21.955 [JavaFX Application Thread] DEBUG Input                - Registered new binding: System info dump - CTRL+9
20:33:21.956 [JavaFX Application Thread] DEBUG Input                - Registered new binding: Restart - CTRL+R
20:33:21.957 [JavaFX Application Thread] DEBUG Input                - Registered new binding: Toggle Debug Camera - CTRL+C
20:33:21.959 [JavaFX Application Thread] DEBUG LoopRunner           - Starting loop
20:33:21.959 [JavaFX Application Thread] DEBUG LoopRunner           - Initializing JavaFX AnimationTimerLoop
20:33:21.961 [JavaFX Application Thread] DEBUG GameApplicationServi - Starting new game
20:33:21.962 [JavaFX Application Thread] DEBUG Input                - Clearing active input actions
20:33:21.979 [JavaFX Application Thread] DEBUG GameApplicationServi - Removing overlay from FXGLStartupScene and adding to FXGLLoadingScene
20:33:21.980 [JavaFX Application Thread] DEBUG PrimaryStageWindow   - FXGLStartupScene -> FXGLLoadingScene
20:33:21.981 [JavaFX Application Thread] DEBUG GameApplicationServi - Clearing previous game
20:33:21.981 [JavaFX Application Thread] DEBUG GameScene            - Clearing game scene
20:33:21.981 [JavaFX Application Thread] DEBUG GameWorld            - Clearing game world
20:33:21.981 [JavaFX Application Thread] DEBUG PhysicsWorld         - Clearing physics world
20:33:21.983 [FXGL Background Thread 1 ] DEBUG FXGLApplication      - Initializing game
20:33:21.987 [FXGL Background Thread 1 ] DEBUG FXGLAssetLoaderServi - Loading from file system: file:/Users/chalitandunu/Desktop/the%20void/HS/Jaar%201/Periode%203/IPOSE/nerdsvsthevirus/target/classes/assets/textures//Game/sprite.png
20:33:22.077 [FXGL Background Thread 1 ] DEBUG FXGLAssetLoaderServi - Loading from file system: file:/Users/chalitandunu/Desktop/the%20void/HS/Jaar%201/Periode%203/IPOSE/nerdsvsthevirus/target/classes/assets/textures/sprite.png
20:33:22.132 [FXGL Background Thread 1 ] INFO  FXGLApplication      - Game initialization took: 0.149 sec
20:33:22.212 [JavaFX Application Thread] DEBUG Input                - Clearing active input actions
20:33:22.224 [JavaFX Application Thread] DEBUG GameApplicationServi - Removing overlay from FXGLLoadingScene and adding to GameScene
20:33:22.224 [JavaFX Application Thread] DEBUG PrimaryStageWindow   - FXGLLoadingScene -> GameScene
20:33:24.799 [FXGL Background Thread 3 ] DEBUG Engine               - Logging environment variables
20:33:24.802 [FXGL Background Thread 3 ] DEBUG Engine               - achievements: []
20:33:24.803 [FXGL Background Thread 3 ] DEBUG Engine               - actualHeight: 800.0
20:33:24.803 [FXGL Background Thread 3 ] DEBUG Engine               - actualHeightProperty: ReadOnlyDoubleProperty [value: 800.0]
20:33:24.804 [FXGL Background Thread 3 ] DEBUG Engine               - actualWidth: 1200.0
20:33:24.804 [FXGL Background Thread 3 ] DEBUG Engine               - actualWidthProperty: ReadOnlyDoubleProperty [value: 1200.0]
20:33:24.805 [FXGL Background Thread 3 ] DEBUG Engine               - appIcon: fxgl_icon.png
20:33:24.805 [FXGL Background Thread 3 ] DEBUG Engine               - applicationMode: DEVELOPER
20:33:24.805 [FXGL Background Thread 3 ] DEBUG Engine               - cSSList: [fxgl_dark.css]
20:33:24.806 [FXGL Background Thread 3 ] DEBUG Engine               - collisionDetectionStrategy: BRUTE_FORCE
20:33:24.806 [FXGL Background Thread 3 ] DEBUG Engine               - configClass: Optional.empty
20:33:24.806 [FXGL Background Thread 3 ] DEBUG Engine               - credits: []
20:33:24.807 [FXGL Background Thread 3 ] DEBUG Engine               - devBBoxColorProperty: ObjectProperty [value: 0xff0000ff]
20:33:24.807 [FXGL Background Thread 3 ] DEBUG Engine               - devEnableDebugCameraProperty: BooleanProperty [value: false]
20:33:24.811 [FXGL Background Thread 3 ] DEBUG Engine               - devSensorColorProperty: ObjectProperty [value: 0xffff00ff]
20:33:24.816 [FXGL Background Thread 3 ] DEBUG Engine               - devShowBBoxProperty: BooleanProperty [value: false]
20:33:24.816 [FXGL Background Thread 3 ] DEBUG Engine               - devShowPositionProperty: BooleanProperty [value: false]
20:33:24.817 [FXGL Background Thread 3 ] DEBUG Engine               - enabledMenuItems: []
20:33:24.817 [FXGL Background Thread 3 ] DEBUG Engine               - engineServices: [class com.almasb.fxgl.app.services.FXGLAssetLoaderService, class com.almasb.fxgl.app.FXGLApplication$GameApplicationService, class com.almasb.fxgl.app.services.FXGLDialogService, class com.almasb.fxgl.app.services.IOTaskExecutorService, class com.almasb.fxgl.event.EventBusService, class com.almasb.fxgl.io.FileSystemService, class com.almasb.fxgl.localization.LocalizationService, class com.almasb.fxgl.app.services.SystemBundleService, class com.almasb.fxgl.profile.SaveLoadService, class com.almasb.fxgl.ui.FXGLUIFactoryServiceProvider, class com.almasb.fxgl.ui.FXGLDialogFactoryServiceProvider, class com.almasb.fxgl.audio.AudioPlayer, class com.almasb.fxgl.notification.impl.NotificationServiceProvider, class com.almasb.fxgl.achievement.AchievementService, class com.almasb.fxgl.cutscene.CutsceneService, class com.almasb.fxgl.minigames.MiniGameService, class com.almasb.fxgl.net.NetService, class com.almasb.fxgl.app.services.UpdaterService, class com.almasb.fxgl.dev.DevService]
20:33:24.817 [FXGL Background Thread 3 ] DEBUG Engine               - fontGame: Abel-Regular.ttf
20:33:24.818 [FXGL Background Thread 3 ] DEBUG Engine               - fontMono: lucida_console.ttf
20:33:24.818 [FXGL Background Thread 3 ] DEBUG Engine               - fontText: Courier-Prime.ttf
20:33:24.818 [FXGL Background Thread 3 ] DEBUG Engine               - fontUI: VarelaRound-Regular.ttf
20:33:24.819 [FXGL Background Thread 3 ] DEBUG Engine               - fullScreen: BooleanProperty [value: false]
20:33:24.819 [FXGL Background Thread 3 ] DEBUG Engine               - gameDifficulty: MEDIUM
20:33:24.819 [FXGL Background Thread 3 ] DEBUG Engine               - gameDifficultyProperty: ObjectProperty [value: MEDIUM]
20:33:24.819 [FXGL Background Thread 3 ] DEBUG Engine               - globalMusicVolume: 0.5
20:33:24.820 [FXGL Background Thread 3 ] DEBUG Engine               - globalMusicVolumeProperty: DoubleProperty [value: 0.5]
20:33:24.820 [FXGL Background Thread 3 ] DEBUG Engine               - globalSoundVolume: 0.5
20:33:24.820 [FXGL Background Thread 3 ] DEBUG Engine               - globalSoundVolumeProperty: DoubleProperty [value: 0.5]
20:33:24.820 [FXGL Background Thread 3 ] DEBUG Engine               - height: 800
20:33:24.829 [FXGL Background Thread 3 ] DEBUG Engine               - isAndroid: false
20:33:24.830 [FXGL Background Thread 3 ] DEBUG Engine               - isBrowser: false
20:33:24.830 [FXGL Background Thread 3 ] DEBUG Engine               - isClickFeedbackEnabled: false
20:33:24.830 [FXGL Background Thread 3 ] DEBUG Engine               - isCloseConfirmation: false
20:33:24.830 [FXGL Background Thread 3 ] DEBUG Engine               - isDesktop: true
20:33:24.831 [FXGL Background Thread 3 ] DEBUG Engine               - isDeveloperMenuEnabled: false
20:33:24.831 [FXGL Background Thread 3 ] DEBUG Engine               - isEntityPreloadEnabled: true
20:33:24.831 [FXGL Background Thread 3 ] DEBUG Engine               - isExperimental3D: false
20:33:24.832 [FXGL Background Thread 3 ] DEBUG Engine               - isExperimentalNative: false
20:33:24.832 [FXGL Background Thread 3 ] DEBUG Engine               - isExperimentalTiledLargeMap: false
20:33:24.833 [FXGL Background Thread 3 ] DEBUG Engine               - isFileSystemWriteAllowed: true
20:33:24.833 [FXGL Background Thread 3 ] DEBUG Engine               - isFullScreenAllowed: false
20:33:24.834 [FXGL Background Thread 3 ] DEBUG Engine               - isFullScreenFromStart: false
20:33:24.834 [FXGL Background Thread 3 ] DEBUG Engine               - isGameMenuEnabled: true
20:33:24.835 [FXGL Background Thread 3 ] DEBUG Engine               - isIOS: false
20:33:24.846 [FXGL Background Thread 3 ] DEBUG Engine               - isIntroEnabled: false
20:33:24.846 [FXGL Background Thread 3 ] DEBUG Engine               - isLinux: false
20:33:24.847 [FXGL Background Thread 3 ] DEBUG Engine               - isMac: true
20:33:24.847 [FXGL Background Thread 3 ] DEBUG Engine               - isMainMenuEnabled: false
20:33:24.847 [FXGL Background Thread 3 ] DEBUG Engine               - isManualResizeEnabled: false
20:33:24.848 [FXGL Background Thread 3 ] DEBUG Engine               - isMobile: false
20:33:24.848 [FXGL Background Thread 3 ] DEBUG Engine               - isPreserveResizeRatio: false
20:33:24.849 [FXGL Background Thread 3 ] DEBUG Engine               - isProfilingEnabled: false
20:33:24.849 [FXGL Background Thread 3 ] DEBUG Engine               - isScaleAffectedOnResize: true
20:33:24.849 [FXGL Background Thread 3 ] DEBUG Engine               - isSingleStep: false
20:33:24.850 [FXGL Background Thread 3 ] DEBUG Engine               - isUserProfileEnabled: false
20:33:24.850 [FXGL Background Thread 3 ] DEBUG Engine               - isWindows: false
20:33:24.851 [FXGL Background Thread 3 ] DEBUG Engine               - language: ObjectProperty [value: ENGLISH]
20:33:24.851 [FXGL Background Thread 3 ] DEBUG Engine               - menuKey: ESCAPE
20:33:24.852 [FXGL Background Thread 3 ] DEBUG Engine               - notificationViewClass: class com.almasb.fxgl.notification.view.XboxNotificationView
20:33:24.852 [FXGL Background Thread 3 ] DEBUG Engine               - pixelsPerMeter: 50.0
20:33:24.853 [FXGL Background Thread 3 ] DEBUG Engine               - platform: MAC
20:33:24.853 [FXGL Background Thread 3 ] DEBUG Engine               - prefHeightProperty: ReadOnlyDoubleProperty [value: 800.0]
20:33:24.854 [FXGL Background Thread 3 ] DEBUG Engine               - prefWidthProperty: ReadOnlyDoubleProperty [value: 1200.0]
20:33:24.854 [FXGL Background Thread 3 ] DEBUG Engine               - profileDir: profiles/
20:33:24.854 [FXGL Background Thread 3 ] DEBUG Engine               - profileName: StringProperty [value: DEFAULT]
20:33:24.855 [FXGL Background Thread 3 ] DEBUG Engine               - randomSeed: -1
20:33:24.855 [FXGL Background Thread 3 ] DEBUG Engine               - runtimeInfo: RuntimeInfo(platform=MAC, version=11.14, build=01.03.2021 16.59)
20:33:24.855 [FXGL Background Thread 3 ] DEBUG Engine               - saveFileExt: sav
20:33:24.855 [FXGL Background Thread 3 ] DEBUG Engine               - scaledHeightProp$fxgl: DoubleProperty [bound, value: 800.0]
20:33:24.856 [FXGL Background Thread 3 ] DEBUG Engine               - scaledWidthProp$fxgl: DoubleProperty [bound, value: 1200.0]
20:33:24.856 [FXGL Background Thread 3 ] DEBUG Engine               - sceneFactory: com.almasb.fxgl.app.scene.SceneFactory@37e41f61
20:33:24.856 [FXGL Background Thread 3 ] DEBUG Engine               - secondsIn24h: 60
20:33:24.856 [FXGL Background Thread 3 ] DEBUG Engine               - soundMenuBack: menu/back.wav
20:33:24.856 [FXGL Background Thread 3 ] DEBUG Engine               - soundMenuPress: menu/press.wav
20:33:24.857 [FXGL Background Thread 3 ] DEBUG Engine               - soundMenuSelect: menu/select.wav
20:33:24.857 [FXGL Background Thread 3 ] DEBUG Engine               - soundNotification: core/notification.wav
20:33:24.857 [FXGL Background Thread 3 ] DEBUG Engine               - stageStyle: DECORATED
20:33:24.858 [FXGL Background Thread 3 ] DEBUG Engine               - supportedLanguages: [ENGLISH, FRENCH, GERMAN, HUNGARIAN, RUSSIAN]
20:33:24.858 [FXGL Background Thread 3 ] DEBUG Engine               - ticksPerSecond: -1
20:33:24.858 [FXGL Background Thread 3 ] DEBUG Engine               - title: Nerds VS Virus
20:33:24.858 [FXGL Background Thread 3 ] DEBUG Engine               - urlGithub: https://github.com/AlmasB/FXGL
20:33:24.858 [FXGL Background Thread 3 ] DEBUG Engine               - urlLeaderboard: http://fxgl-top.herokuapp.com/
20:33:24.858 [FXGL Background Thread 3 ] DEBUG Engine               - urlPOM: https://raw.githubusercontent.com/AlmasB/FXGL/release/README.md
20:33:24.858 [FXGL Background Thread 3 ] DEBUG Engine               - userAppClass: class Game
20:33:24.859 [FXGL Background Thread 3 ] DEBUG Engine               - version: 0.0
20:33:24.859 [FXGL Background Thread 3 ] DEBUG Engine               - versionCheckDays: 7
20:33:24.859 [FXGL Background Thread 3 ] DEBUG Engine               - width: 1200
20:33:24.860 [FXGL Background Thread 3 ] DEBUG Engine               - Logging services
20:33:24.860 [FXGL Background Thread 3 ] DEBUG Engine               - class com.almasb.fxgl.app.services.FXGLAssetLoaderService
20:33:24.860 [FXGL Background Thread 3 ] DEBUG Engine               - class com.almasb.fxgl.app.FXGLApplication$GameApplicationService
20:33:24.860 [FXGL Background Thread 3 ] DEBUG Engine               - class com.almasb.fxgl.app.services.FXGLDialogService
20:33:24.861 [FXGL Background Thread 3 ] DEBUG Engine               - class com.almasb.fxgl.app.services.IOTaskExecutorService
20:33:24.861 [FXGL Background Thread 3 ] DEBUG Engine               - class com.almasb.fxgl.event.EventBusService
20:33:24.861 [FXGL Background Thread 3 ] DEBUG Engine               - class com.almasb.fxgl.io.FileSystemService
20:33:24.861 [FXGL Background Thread 3 ] DEBUG Engine               - class com.almasb.fxgl.localization.LocalizationService
20:33:24.861 [FXGL Background Thread 3 ] DEBUG Engine               - class com.almasb.fxgl.app.services.SystemBundleService
20:33:24.861 [FXGL Background Thread 3 ] DEBUG Engine               - class com.almasb.fxgl.profile.SaveLoadService
20:33:24.862 [FXGL Background Thread 3 ] DEBUG Engine               - class com.almasb.fxgl.ui.FXGLUIFactoryServiceProvider
20:33:24.862 [FXGL Background Thread 3 ] DEBUG Engine               - class com.almasb.fxgl.ui.FXGLDialogFactoryServiceProvider
20:33:24.862 [FXGL Background Thread 3 ] DEBUG Engine               - class com.almasb.fxgl.audio.AudioPlayer
20:33:24.862 [FXGL Background Thread 3 ] DEBUG Engine               - class com.almasb.fxgl.notification.impl.NotificationServiceProvider
20:33:24.862 [FXGL Background Thread 3 ] DEBUG Engine               - class com.almasb.fxgl.achievement.AchievementService
20:33:24.862 [FXGL Background Thread 3 ] DEBUG Engine               - class com.almasb.fxgl.cutscene.CutsceneService
20:33:24.863 [FXGL Background Thread 3 ] DEBUG Engine               - class com.almasb.fxgl.minigames.MiniGameService
20:33:24.863 [FXGL Background Thread 3 ] DEBUG Engine               - class com.almasb.fxgl.net.NetService
20:33:24.863 [FXGL Background Thread 3 ] DEBUG Engine               - class com.almasb.fxgl.app.services.UpdaterService
20:33:24.863 [FXGL Background Thread 3 ] DEBUG Engine               - class com.almasb.fxgl.dev.DevService
20:33:51.646 [JavaFX Application Thread] DEBUG FXGLApplication      - Exiting FXGL
20:33:51.646 [JavaFX Application Thread] DEBUG LoopRunner           - Stopping loop
20:33:51.647 [JavaFX Application Thread] DEBUG SystemBundleService  - Saving FXGL system data
20:33:51.649 [JavaFX Application Thread] DEBUG FileSystemAccess     - Writing to: /Users/chalitandunu/Desktop/the void/HS/Jaar 1/Periode 3/IPOSE/nerdsvsthevirus/system/fxgl.bundle
20:33:51.651 [JavaFX Application Thread] DEBUG Async                - Shutting down background threads
20:33:51.651 [JavaFX Application Thread] DEBUG PrimaryStageWindow   - Closing main window
20:33:51.659 [JavaFX Application Thread] DEBUG Logger               - Closing Logger
