12:18:58.751 [JavaFX Application Thread] WARN  Logger               - Logger already configured
12:18:58.751 [JavaFX Application Thread] DEBUG GameApplication      - Logging settings
Title: Nerds VS Virus
Version: 0.0
Width: 1050
Height: 700
Fullscreen: false
Intro: false
Profiling: false
Single step:false
App Mode: DEVELOPER
Menu Key: ESCAPE
Stage Style: DECORATED
Scene Factory: class NerdvsVirus.Game$1

12:18:58.751 [JavaFX Application Thread] DEBUG FXGLApplication      - Initializing FXGL
12:18:58.751 [JavaFX Application Thread] INFO  Engine               - FXGL-11.14 (01.03.2021 16.59) on MAC (J:15.0.1 FX:15)
12:18:58.752 [JavaFX Application Thread] DEBUG Engine               - JRE Vendor Name: Oracle Corporation
12:18:58.752 [JavaFX Application Thread] DEBUG Engine               - Running on OS: Mac OS X version 10.16
12:18:58.752 [JavaFX Application Thread] DEBUG Engine               - Architecture: x86_64
12:18:58.752 [JavaFX Application Thread] INFO  Engine               - Source code and latest versions at: https://github.com/AlmasB/FXGL
12:18:58.753 [JavaFX Application Thread] INFO  Engine               -              Join the FXGL chat at: https://gitter.im/AlmasB/FXGL
12:18:58.754 [JavaFX Application Thread] DEBUG PrimaryStageWindow   - Creating a JavaFX scene
12:18:58.755 [JavaFX Application Thread] DEBUG PrimaryStageWindow   - Target settings size: 1050.0 x 700.0
12:18:58.755 [JavaFX Application Thread] DEBUG PrimaryStageWindow   - Scaled scene size:    1050.0 x 700.0
12:18:58.756 [JavaFX Application Thread] DEBUG PrimaryStageWindow   - Scaled ratio: (1.0, 1.0)
12:18:58.756 [JavaFX Application Thread] DEBUG PrimaryStageWindow   - Set initial scene to FXGLStartupScene
12:18:58.756 [JavaFX Application Thread] DEBUG PrimaryStageWindow   - Opening main window
12:18:58.787 [JavaFX Application Thread] DEBUG PrimaryStageWindow   - Window border size: (0.0, 28.0)
12:18:58.787 [JavaFX Application Thread] DEBUG PrimaryStageWindow   - Scaled size: 1050.0 x 700.0
12:18:58.787 [JavaFX Application Thread] DEBUG PrimaryStageWindow   - Scaled ratio: (1.0, 1.0)
12:18:58.788 [JavaFX Application Thread] DEBUG PrimaryStageWindow   - Scene size: 1050.0 x 700.0
12:18:58.788 [JavaFX Application Thread] DEBUG PrimaryStageWindow   - Stage size: 1050.0 x 728.0
12:18:58.788 [JavaFX Application Thread] DEBUG LoopRunner           - Stopping loop
12:18:58.788 [JavaFX Application Thread] DEBUG LoopRunner           - Initializing JavaFX AnimationTimerLoop
12:18:58.789 [FXGL Background Thread 2 ] DEBUG Engine               - Initializing environment variables
12:18:58.790 [JavaFX Application Thread] FATAL FXGLApplication      - Uncaught Exception:
java.lang.IllegalArgumentException: Engine does not have service: class com.almasb.fxgl.app.FXGLApplication$GameApplicationService
	at com.almasb.fxgl.app.Engine.getService(Engine.kt:69)
	at com.almasb.fxgl.dsl.FXGL$Companion.getGameScene(FXGL.kt:260)
	at com.almasb.fxgl.dsl.FXGL$Companion.getWorldProperties(FXGL.kt:258)
	at com.almasb.fxgl.dsl.FXGL$Companion.geti(FXGL.kt:306)
	at com.almasb.fxgl.dsl.FXGL.geti(FXGL.kt)
	at NerdvsVirus.Game$6.onCollisionBegin(Game.java:154)
	at com.almasb.fxgl.physics.CollisionPair.collisionBegin(CollisionPair.java:37)
	at com.almasb.fxgl.physics.PhysicsWorld.collisionBeginFor(PhysicsWorld.java:435)
	at com.almasb.fxgl.physics.PhysicsWorld.beginContact(PhysicsWorld.java:229)
	at com.almasb.fxgl.physics.box2d.dynamics.contacts.Contact.update(Contact.java:275)
	at com.almasb.fxgl.physics.box2d.dynamics.ContactManager.collide(ContactManager.java:312)
	at com.almasb.fxgl.physics.box2d.dynamics.World.step(World.java:298)
	at com.almasb.fxgl.physics.PhysicsWorld.onUpdate(PhysicsWorld.java:170)
	at com.almasb.fxgl.app.scene.GameScene.step(GameScene.kt:145)
	at com.almasb.fxgl.app.scene.GameScene.onUpdate(GameScene.kt:140)
	at com.almasb.fxgl.scene.Scene.update(Scene.kt:104)
	at com.almasb.fxgl.app.MainWindow$update$1.invoke(MainWindow.kt:101)
	at com.almasb.fxgl.app.MainWindow$update$1.invoke(MainWindow.kt:41)
	at com.almasb.fxgl.core.fsm.StateMachine.runOnActiveStates(StateMachine.kt:69)
	at com.almasb.fxgl.app.MainWindow.update(MainWindow.kt:101)
	at com.almasb.fxgl.app.FXGLApplication$GameApplicationService.onUpdate(FXGLApplication.kt:457)
	at com.almasb.fxgl.app.Engine.loop(Engine.kt:133)
	at com.almasb.fxgl.app.Engine.access$loop(Engine.kt:24)
	at com.almasb.fxgl.app.Engine$loop$1.invoke(Engine.kt:28)
	at com.almasb.fxgl.app.Engine$loop$1.invoke(Engine.kt:24)
	at com.almasb.fxgl.app.LoopRunner.frame(LoopRunner.kt:103)
	at com.almasb.fxgl.app.LoopRunner.access$frame(LoopRunner.kt:23)
	at com.almasb.fxgl.app.LoopRunner$impl$2$1.onTick(LoopRunner.kt:57)
	at com.almasb.fxgl.app.AnimationTimerLoop$timer$1.handle(LoopRunner.kt:133)
	at javafx.animation.AnimationTimer$AnimationTimerReceiver.lambda$handle$0(AnimationTimer.java:57)
	at java.base/java.security.AccessController.doPrivileged(AccessController.java:391)
	at javafx.animation.AnimationTimer$AnimationTimerReceiver.handle(AnimationTimer.java:56)
	at com.sun.scenario.animation.AbstractMasterTimer.timePulseImpl(AbstractMasterTimer.java:357)
	at com.sun.scenario.animation.AbstractMasterTimer$MainLoop.run(AbstractMasterTimer.java:267)
	at com.sun.javafx.tk.quantum.QuantumToolkit.pulse(QuantumToolkit.java:559)
	at com.sun.javafx.tk.quantum.QuantumToolkit.pulse(QuantumToolkit.java:543)
	at com.sun.javafx.tk.quantum.QuantumToolkit.pulseFromQueue(QuantumToolkit.java:536)
	at com.sun.javafx.tk.quantum.QuantumToolkit.lambda$runToolkit$11(QuantumToolkit.java:342)
	at com.sun.glass.ui.InvokeLaterDispatcher$Future.run(InvokeLaterDispatcher.java:96)

12:18:58.791 [JavaFX Application Thread] FATAL FXGLApplication      - Application will now exit
12:18:58.792 [FXGL Background Thread 2 ] DEBUG FXGLAssetLoaderServi - User app class for loading assets: class NerdvsVirus.Game
12:18:58.794 [FXGL Background Thread 2 ] DEBUG GameApplicationServi - Applying CSS: fxgl_dark.css
12:18:58.795 [FXGL Background Thread 2 ] DEBUG FXGLAssetLoaderServi - Loading from file system: jar:file:/Users/chalitandunu/.m2/repository/com/github/almasb/fxgl/11.14/fxgl-11.14.jar!/fxglassets/ui/css/fxgl_dark.css
12:18:58.796 [FXGL Background Thread 2 ] DEBUG GameApplicationServi - Initializing application scenes
12:18:58.807 [FXGL Background Thread 2 ] DEBUG GameWorld            - Game world initialized
12:18:58.811 [FXGL Background Thread 2 ] DEBUG PhysicsWorld         - Physics world initialized: appHeight=700, physics.ppm=50.0
12:18:58.812 [FXGL Background Thread 2 ] DEBUG PhysicsWorld         - Using strategy: BRUTE_FORCE
12:18:58.817 [JavaFX Application Thread] DEBUG PrimaryStageWindow   - Push state: ErrorSubScene
12:18:58.817 [JavaFX Application Thread] DEBUG Input                - Clearing active input actions
12:18:58.816 [FXGL Background Thread 2 ] DEBUG GameScene            - Game scene initialized: 1050x700
12:18:58.821 [JavaFX Application Thread] DEBUG GameApplicationServi - Removing overlay from FXGLStartupScene and adding to ErrorSubScene
12:18:58.821 [JavaFX Application Thread] DEBUG PrimaryStageWindow   - FXGLStartupScene -> ErrorSubScene
12:18:58.857 [FXGL Background Thread 2 ] DEBUG FXGLAssetLoaderServi - Loading from file system: jar:file:/Users/chalitandunu/.m2/repository/com/github/almasb/fxgl/11.14/fxgl-11.14.jar!/fxglassets/textures/particles/trace_horizontal.png
12:18:58.914 [FXGL Background Thread 2 ] DEBUG FXGL.DefaultMenu     - createMenuBodyGameMenu()
12:18:58.916 [FXGL Background Thread 2 ] DEBUG FXGL.DefaultMenu     - createOptionsMenu()
12:18:59.198 [FXGL Background Thread 2 ] DEBUG FXGLAssetLoaderServi - Loading from file system: jar:file:/Users/chalitandunu/.m2/repository/com/github/almasb/fxgl/11.14/fxgl-11.14.jar!/fxglassets/textures/particles/smoke.png
12:18:59.253 [FXGL Background Thread 2 ] DEBUG GameApplicationServi - Application scenes initialized
12:18:59.254 [FXGL Background Thread 2 ] DEBUG SystemBundleService  - Loading FXGL system data
12:18:59.255 [FXGL Background Thread 2 ] DEBUG FileSystemAccess     - Reading from: /Users/chalitandunu/Desktop/the void/HS/Jaar 1/Periode 3/IPOSE/nerdsvsthevirus/system/fxgl.bundle
12:18:59.257 [FXGL Background Thread 2 ] DEBUG SystemBundleService  - Bundle FXGL: {}
12:18:59.257 [FXGL Background Thread 2 ] DEBUG UpdaterService       - Checking for updates
12:18:59.260 [FXGL Background Thread 4 ] DEBUG FXGLApplication      - Loading fonts
12:18:59.260 [FXGL Background Thread 4 ] DEBUG FXGLAssetLoaderServi - Loading from file system: jar:file:/Users/chalitandunu/.m2/repository/com/github/almasb/fxgl/11.14/fxgl-11.14.jar!/fxglassets/ui/fonts/VarelaRound-Regular.ttf
12:18:59.261 [FXGL Background Thread 2 ] DEBUG FXGLApplication      - Loading default localization
12:18:59.262 [FXGL Background Thread 2 ] DEBUG FXGLAssetLoaderServi - Loading from file system: jar:file:/Users/chalitandunu/.m2/repository/com/github/almasb/fxgl/11.14/fxgl-11.14.jar!/fxglassets/languages/english.lang
12:18:59.264 [FXGL Background Thread 2 ] INFO  FXGLApplication      - FXGL initialization took: 0.475 sec
12:18:59.265 [FXGL Background Thread 4 ] DEBUG FXGLAssetLoaderServi - Loading from file system: jar:file:/Users/chalitandunu/.m2/repository/com/github/almasb/fxgl/11.14/fxgl-11.14.jar!/fxglassets/ui/fonts/Abel-Regular.ttf
12:18:59.269 [FXGL Background Thread 4 ] DEBUG FXGLAssetLoaderServi - Loading from file system: jar:file:/Users/chalitandunu/.m2/repository/com/github/almasb/fxgl/11.14/fxgl-11.14.jar!/fxglassets/ui/fonts/lucida_console.ttf
12:18:59.277 [FXGL Background Thread 4 ] DEBUG FXGLAssetLoaderServi - Loading from file system: jar:file:/Users/chalitandunu/.m2/repository/com/github/almasb/fxgl/11.14/fxgl-11.14.jar!/fxglassets/ui/fonts/Courier-Prime.ttf
12:18:59.550 [JavaFX Application Thread] DEBUG Input                - Registered new binding: Left - A
12:18:59.551 [JavaFX Application Thread] DEBUG Input                - Registered new binding: Right - D
12:18:59.551 [JavaFX Application Thread] DEBUG Input                - Registered new binding: Jump - W
12:18:59.551 [JavaFX Application Thread] DEBUG FXGLAssetLoaderServi - Loading from file system: jar:file:/Users/chalitandunu/.m2/repository/com/github/almasb/fxgl/11.14/fxgl-11.14.jar!/fxglassets/textures/fxgl_icon.png
12:18:59.583 [JavaFX Application Thread] DEBUG FXGLAssetLoaderServi - Loading from file system: jar:file:/Users/chalitandunu/.m2/repository/com/github/almasb/fxgl/11.14/fxgl-11.14.jar!/fxglassets/ui/cursors/fxgl_default.png
12:18:59.584 [JavaFX Application Thread] DEBUG Input                - Registered new binding: Screenshot - P
12:18:59.584 [JavaFX Application Thread] DEBUG Input                - Registered new binding: System info dump - CTRL+9
12:18:59.584 [JavaFX Application Thread] DEBUG Input                - Registered new binding: Restart - CTRL+R
12:18:59.584 [JavaFX Application Thread] DEBUG Input                - Registered new binding: Toggle Debug Camera - CTRL+C
12:18:59.584 [JavaFX Application Thread] DEBUG LoopRunner           - Starting loop
12:18:59.585 [JavaFX Application Thread] DEBUG PrimaryStageWindow   - Pop state: ErrorSubScene
12:18:59.585 [JavaFX Application Thread] DEBUG Input                - Clearing active input actions
12:18:59.586 [JavaFX Application Thread] DEBUG GameApplicationServi - Removing overlay from ErrorSubScene and adding to FXGLStartupScene
12:18:59.587 [JavaFX Application Thread] DEBUG PrimaryStageWindow   - FXGLStartupScene <- ErrorSubScene
12:18:59.587 [JavaFX Application Thread] DEBUG Input                - Clearing active input actions
12:18:59.588 [JavaFX Application Thread] DEBUG GameApplicationServi - Removing overlay from FXGLStartupScene and adding to FXGLMainMenuDummyScene
12:18:59.588 [JavaFX Application Thread] DEBUG PrimaryStageWindow   - FXGLStartupScene -> FXGLMainMenuDummyScene
12:18:59.588 [JavaFX Application Thread] DEBUG PrimaryStageWindow   - Push state: MainMenu
12:18:59.588 [JavaFX Application Thread] DEBUG Input                - Clearing active input actions
12:18:59.973 [JavaFX Application Thread] DEBUG GameApplicationServi - Removing overlay from FXGLMainMenuDummyScene and adding to MainMenu
12:18:59.974 [JavaFX Application Thread] DEBUG PrimaryStageWindow   - FXGLMainMenuDummyScene -> MainMenu
12:18:59.979 [JavaFX Application Thread] DEBUG FXGLApplication      - Registering font factories with UI factory
12:19:02.262 [FXGL Background Thread 3 ] DEBUG Engine               - Logging environment variables
12:19:02.263 [FXGL Background Thread 3 ] DEBUG Engine               - achievements: []
12:19:02.263 [FXGL Background Thread 3 ] DEBUG Engine               - actualHeight: 700.0
12:19:02.263 [FXGL Background Thread 3 ] DEBUG Engine               - actualHeightProperty: ReadOnlyDoubleProperty [value: 700.0]
12:19:02.264 [FXGL Background Thread 3 ] DEBUG Engine               - actualWidth: 1050.0
12:19:02.264 [FXGL Background Thread 3 ] DEBUG Engine               - actualWidthProperty: ReadOnlyDoubleProperty [value: 1050.0]
12:19:02.264 [FXGL Background Thread 3 ] DEBUG Engine               - appIcon: fxgl_icon.png
12:19:02.264 [FXGL Background Thread 3 ] DEBUG Engine               - applicationMode: DEVELOPER
12:19:02.264 [FXGL Background Thread 3 ] DEBUG Engine               - cSSList: [fxgl_dark.css]
12:19:02.264 [FXGL Background Thread 3 ] DEBUG Engine               - collisionDetectionStrategy: BRUTE_FORCE
12:19:02.264 [FXGL Background Thread 3 ] DEBUG Engine               - configClass: Optional.empty
12:19:02.264 [FXGL Background Thread 3 ] DEBUG Engine               - credits: []
12:19:02.265 [FXGL Background Thread 3 ] DEBUG Engine               - devBBoxColorProperty: ObjectProperty [value: 0xff0000ff]
12:19:02.265 [FXGL Background Thread 3 ] DEBUG Engine               - devEnableDebugCameraProperty: BooleanProperty [value: false]
12:19:02.265 [FXGL Background Thread 3 ] DEBUG Engine               - devSensorColorProperty: ObjectProperty [value: 0xffff00ff]
12:19:02.265 [FXGL Background Thread 3 ] DEBUG Engine               - devShowBBoxProperty: BooleanProperty [value: false]
12:19:02.265 [FXGL Background Thread 3 ] DEBUG Engine               - devShowPositionProperty: BooleanProperty [value: false]
12:19:02.266 [FXGL Background Thread 3 ] DEBUG Engine               - enabledMenuItems: []
12:19:02.266 [FXGL Background Thread 3 ] DEBUG Engine               - engineServices: [class com.almasb.fxgl.app.services.FXGLAssetLoaderService, class com.almasb.fxgl.app.FXGLApplication$GameApplicationService, class com.almasb.fxgl.app.services.FXGLDialogService, class com.almasb.fxgl.app.services.IOTaskExecutorService, class com.almasb.fxgl.event.EventBusService, class com.almasb.fxgl.io.FileSystemService, class com.almasb.fxgl.localization.LocalizationService, class com.almasb.fxgl.app.services.SystemBundleService, class com.almasb.fxgl.profile.SaveLoadService, class com.almasb.fxgl.ui.FXGLUIFactoryServiceProvider, class com.almasb.fxgl.ui.FXGLDialogFactoryServiceProvider, class com.almasb.fxgl.audio.AudioPlayer, class com.almasb.fxgl.notification.impl.NotificationServiceProvider, class com.almasb.fxgl.achievement.AchievementService, class com.almasb.fxgl.cutscene.CutsceneService, class com.almasb.fxgl.minigames.MiniGameService, class com.almasb.fxgl.net.NetService, class com.almasb.fxgl.app.services.UpdaterService, class com.almasb.fxgl.dev.DevService]
12:19:02.266 [FXGL Background Thread 3 ] DEBUG Engine               - fontGame: Abel-Regular.ttf
12:19:02.266 [FXGL Background Thread 3 ] DEBUG Engine               - fontMono: lucida_console.ttf
12:19:02.266 [FXGL Background Thread 3 ] DEBUG Engine               - fontText: Courier-Prime.ttf
12:19:02.266 [FXGL Background Thread 3 ] DEBUG Engine               - fontUI: VarelaRound-Regular.ttf
12:19:02.267 [FXGL Background Thread 3 ] DEBUG Engine               - fullScreen: BooleanProperty [value: false]
12:19:02.267 [FXGL Background Thread 3 ] DEBUG Engine               - gameDifficulty: MEDIUM
12:19:02.267 [FXGL Background Thread 3 ] DEBUG Engine               - gameDifficultyProperty: ObjectProperty [value: MEDIUM]
12:19:02.267 [FXGL Background Thread 3 ] DEBUG Engine               - globalMusicVolume: 0.5
12:19:02.267 [FXGL Background Thread 3 ] DEBUG Engine               - globalMusicVolumeProperty: DoubleProperty [value: 0.5]
12:19:02.267 [FXGL Background Thread 3 ] DEBUG Engine               - globalSoundVolume: 0.5
12:19:02.267 [FXGL Background Thread 3 ] DEBUG Engine               - globalSoundVolumeProperty: DoubleProperty [value: 0.5]
12:19:02.268 [FXGL Background Thread 3 ] DEBUG Engine               - height: 700
12:19:02.268 [FXGL Background Thread 3 ] DEBUG Engine               - isAndroid: false
12:19:02.268 [FXGL Background Thread 3 ] DEBUG Engine               - isBrowser: false
12:19:02.268 [FXGL Background Thread 3 ] DEBUG Engine               - isClickFeedbackEnabled: false
12:19:02.268 [FXGL Background Thread 3 ] DEBUG Engine               - isCloseConfirmation: false
12:19:02.268 [FXGL Background Thread 3 ] DEBUG Engine               - isDesktop: true
12:19:02.268 [FXGL Background Thread 3 ] DEBUG Engine               - isDeveloperMenuEnabled: false
12:19:02.268 [FXGL Background Thread 3 ] DEBUG Engine               - isEntityPreloadEnabled: true
12:19:02.268 [FXGL Background Thread 3 ] DEBUG Engine               - isExperimental3D: false
12:19:02.269 [FXGL Background Thread 3 ] DEBUG Engine               - isExperimentalNative: false
12:19:02.269 [FXGL Background Thread 3 ] DEBUG Engine               - isExperimentalTiledLargeMap: false
12:19:02.269 [FXGL Background Thread 3 ] DEBUG Engine               - isFileSystemWriteAllowed: true
12:19:02.269 [FXGL Background Thread 3 ] DEBUG Engine               - isFullScreenAllowed: false
12:19:02.269 [FXGL Background Thread 3 ] DEBUG Engine               - isFullScreenFromStart: false
12:19:02.269 [FXGL Background Thread 3 ] DEBUG Engine               - isGameMenuEnabled: true
12:19:02.269 [FXGL Background Thread 3 ] DEBUG Engine               - isIOS: false
12:19:02.270 [FXGL Background Thread 3 ] DEBUG Engine               - isIntroEnabled: false
12:19:02.270 [FXGL Background Thread 3 ] DEBUG Engine               - isLinux: false
12:19:02.270 [FXGL Background Thread 3 ] DEBUG Engine               - isMac: true
12:19:02.271 [FXGL Background Thread 3 ] DEBUG Engine               - isMainMenuEnabled: true
12:19:02.271 [FXGL Background Thread 3 ] DEBUG Engine               - isManualResizeEnabled: false
12:19:02.271 [FXGL Background Thread 3 ] DEBUG Engine               - isMobile: false
12:19:02.271 [FXGL Background Thread 3 ] DEBUG Engine               - isPreserveResizeRatio: false
12:19:02.271 [FXGL Background Thread 3 ] DEBUG Engine               - isProfilingEnabled: false
12:19:02.271 [FXGL Background Thread 3 ] DEBUG Engine               - isScaleAffectedOnResize: true
12:19:02.271 [FXGL Background Thread 3 ] DEBUG Engine               - isSingleStep: false
12:19:02.272 [FXGL Background Thread 3 ] DEBUG Engine               - isUserProfileEnabled: false
12:19:02.272 [FXGL Background Thread 3 ] DEBUG Engine               - isWindows: false
12:19:02.272 [FXGL Background Thread 3 ] DEBUG Engine               - language: ObjectProperty [value: ENGLISH]
12:19:02.272 [FXGL Background Thread 3 ] DEBUG Engine               - menuKey: ESCAPE
12:19:02.272 [FXGL Background Thread 3 ] DEBUG Engine               - notificationViewClass: class com.almasb.fxgl.notification.view.XboxNotificationView
12:19:02.272 [FXGL Background Thread 3 ] DEBUG Engine               - pixelsPerMeter: 50.0
12:19:02.273 [FXGL Background Thread 3 ] DEBUG Engine               - platform: MAC
12:19:02.273 [FXGL Background Thread 3 ] DEBUG Engine               - prefHeightProperty: ReadOnlyDoubleProperty [value: 700.0]
12:19:02.273 [FXGL Background Thread 3 ] DEBUG Engine               - prefWidthProperty: ReadOnlyDoubleProperty [value: 1050.0]
12:19:02.273 [FXGL Background Thread 3 ] DEBUG Engine               - profileDir: profiles/
12:19:02.273 [FXGL Background Thread 3 ] DEBUG Engine               - profileName: StringProperty [value: DEFAULT]
12:19:02.273 [FXGL Background Thread 3 ] DEBUG Engine               - randomSeed: -1
12:19:02.274 [FXGL Background Thread 3 ] DEBUG Engine               - runtimeInfo: RuntimeInfo(platform=MAC, version=11.14, build=01.03.2021 16.59)
12:19:02.274 [FXGL Background Thread 3 ] DEBUG Engine               - saveFileExt: sav
12:19:02.274 [FXGL Background Thread 3 ] DEBUG Engine               - scaledHeightProp$fxgl: DoubleProperty [bound, value: 700.0]
12:19:02.274 [FXGL Background Thread 3 ] DEBUG Engine               - scaledWidthProp$fxgl: DoubleProperty [bound, value: 1050.0]
12:19:02.274 [FXGL Background Thread 3 ] DEBUG Engine               - sceneFactory: NerdvsVirus.Game$1@46f97b98
12:19:02.274 [FXGL Background Thread 3 ] DEBUG Engine               - secondsIn24h: 60
12:19:02.274 [FXGL Background Thread 3 ] DEBUG Engine               - soundMenuBack: menu/back.wav
12:19:02.274 [FXGL Background Thread 3 ] DEBUG Engine               - soundMenuPress: menu/press.wav
12:19:02.274 [FXGL Background Thread 3 ] DEBUG Engine               - soundMenuSelect: menu/select.wav
12:19:02.274 [FXGL Background Thread 3 ] DEBUG Engine               - soundNotification: core/notification.wav
12:19:02.275 [FXGL Background Thread 3 ] DEBUG Engine               - stageStyle: DECORATED
12:19:02.275 [FXGL Background Thread 3 ] DEBUG Engine               - supportedLanguages: [ENGLISH, FRENCH, GERMAN, HUNGARIAN, RUSSIAN]
12:19:02.275 [FXGL Background Thread 3 ] DEBUG Engine               - ticksPerSecond: -1
12:19:02.275 [FXGL Background Thread 3 ] DEBUG Engine               - title: Nerds VS Virus
12:19:02.275 [FXGL Background Thread 3 ] DEBUG Engine               - urlGithub: https://github.com/AlmasB/FXGL
12:19:02.276 [FXGL Background Thread 3 ] DEBUG Engine               - urlLeaderboard: http://fxgl-top.herokuapp.com/
12:19:02.276 [FXGL Background Thread 3 ] DEBUG Engine               - urlPOM: https://raw.githubusercontent.com/AlmasB/FXGL/release/README.md
12:19:02.276 [FXGL Background Thread 3 ] DEBUG Engine               - userAppClass: class NerdvsVirus.Game
12:19:02.276 [FXGL Background Thread 3 ] DEBUG Engine               - version: 0.0
12:19:02.276 [FXGL Background Thread 3 ] DEBUG Engine               - versionCheckDays: 7
12:19:02.276 [FXGL Background Thread 3 ] DEBUG Engine               - width: 1050
12:19:02.276 [FXGL Background Thread 3 ] DEBUG Engine               - Logging services
12:19:02.276 [FXGL Background Thread 3 ] DEBUG Engine               - class com.almasb.fxgl.app.services.FXGLAssetLoaderService
12:19:02.277 [FXGL Background Thread 3 ] DEBUG Engine               - class com.almasb.fxgl.app.FXGLApplication$GameApplicationService
12:19:02.277 [FXGL Background Thread 3 ] DEBUG Engine               - class com.almasb.fxgl.app.services.FXGLDialogService
12:19:02.277 [FXGL Background Thread 3 ] DEBUG Engine               - class com.almasb.fxgl.app.services.IOTaskExecutorService
12:19:02.277 [FXGL Background Thread 3 ] DEBUG Engine               - class com.almasb.fxgl.event.EventBusService
12:19:02.277 [FXGL Background Thread 3 ] DEBUG Engine               - class com.almasb.fxgl.io.FileSystemService
12:19:02.277 [FXGL Background Thread 3 ] DEBUG Engine               - class com.almasb.fxgl.localization.LocalizationService
12:19:02.277 [FXGL Background Thread 3 ] DEBUG Engine               - class com.almasb.fxgl.app.services.SystemBundleService
12:19:02.278 [FXGL Background Thread 3 ] DEBUG Engine               - class com.almasb.fxgl.profile.SaveLoadService
12:19:02.278 [FXGL Background Thread 3 ] DEBUG Engine               - class com.almasb.fxgl.ui.FXGLUIFactoryServiceProvider
12:19:02.278 [FXGL Background Thread 3 ] DEBUG Engine               - class com.almasb.fxgl.ui.FXGLDialogFactoryServiceProvider
12:19:02.278 [FXGL Background Thread 3 ] DEBUG Engine               - class com.almasb.fxgl.audio.AudioPlayer
12:19:02.278 [FXGL Background Thread 3 ] DEBUG Engine               - class com.almasb.fxgl.notification.impl.NotificationServiceProvider
12:19:02.278 [FXGL Background Thread 3 ] DEBUG Engine               - class com.almasb.fxgl.achievement.AchievementService
12:19:02.278 [FXGL Background Thread 3 ] DEBUG Engine               - class com.almasb.fxgl.cutscene.CutsceneService
12:19:02.279 [FXGL Background Thread 3 ] DEBUG Engine               - class com.almasb.fxgl.minigames.MiniGameService
12:19:02.279 [FXGL Background Thread 3 ] DEBUG Engine               - class com.almasb.fxgl.net.NetService
12:19:02.279 [FXGL Background Thread 3 ] DEBUG Engine               - class com.almasb.fxgl.app.services.UpdaterService
12:19:02.279 [FXGL Background Thread 3 ] DEBUG Engine               - class com.almasb.fxgl.dev.DevService
12:19:07.219 [JavaFX Application Thread] DEBUG PrimaryStageWindow   - Pop state: MainMenu
12:19:07.219 [JavaFX Application Thread] DEBUG Input                - Clearing active input actions
12:19:07.220 [JavaFX Application Thread] DEBUG GameApplicationServi - Removing overlay from MainMenu and adding to FXGLMainMenuDummyScene
12:19:07.220 [JavaFX Application Thread] DEBUG PrimaryStageWindow   - FXGLMainMenuDummyScene <- MainMenu
12:19:09.129 [JavaFX Application Thread] DEBUG FXGLApplication      - Exiting FXGL
12:19:09.129 [JavaFX Application Thread] DEBUG Async                - Shutting down background threads
12:19:09.130 [JavaFX Application Thread] DEBUG PrimaryStageWindow   - Closing main window
12:19:09.132 [JavaFX Application Thread] DEBUG Logger               - Closing Logger
