20:31:58.426 [main                     ] DEBUG Logger               - Configured Logger
20:31:58.446 [main                     ] DEBUG GameApplication      - Logging settings
Title: Nerds VS Virus
Version: 0.0
Width: 1050
Height: 700
Fullscreen: false
Intro: false
Profiling: false
Single step:false
App Mode: DEVELOPER
Menu Key: ESCAPE
Stage Style: DECORATED
Scene Factory: class NerdvsVirus.Game$1

20:31:58.987 [JavaFX Application Thread] DEBUG FXGLApplication      - Initializing FXGL
20:31:58.989 [JavaFX Application Thread] INFO  Engine               - FXGL-11.14 (01.03.2021 16.59) on MAC (J:15.0.1 FX:15)
20:31:58.990 [JavaFX Application Thread] DEBUG Engine               - JRE Vendor Name: Oracle Corporation
20:31:58.990 [JavaFX Application Thread] DEBUG Engine               - Running on OS: Mac OS X version 10.16
20:31:58.990 [JavaFX Application Thread] DEBUG Engine               - Architecture: x86_64
20:31:58.991 [JavaFX Application Thread] INFO  Engine               - Source code and latest versions at: https://github.com/AlmasB/FXGL
20:31:58.991 [JavaFX Application Thread] INFO  Engine               -              Join the FXGL chat at: https://gitter.im/AlmasB/FXGL
20:31:59.273 [JavaFX Application Thread] DEBUG PrimaryStageWindow   - Creating a JavaFX scene
20:31:59.430 [JavaFX Application Thread] DEBUG PrimaryStageWindow   - Target settings size: 1050.0 x 700.0
20:31:59.430 [JavaFX Application Thread] DEBUG PrimaryStageWindow   - Scaled scene size:    1050.0 x 700.0
20:31:59.431 [JavaFX Application Thread] DEBUG PrimaryStageWindow   - Scaled ratio: (1.0, 1.0)
20:31:59.432 [JavaFX Application Thread] DEBUG PrimaryStageWindow   - Set initial scene to FXGLStartupScene
20:31:59.441 [JavaFX Application Thread] DEBUG PrimaryStageWindow   - Opening main window
20:31:59.593 [JavaFX Application Thread] DEBUG PrimaryStageWindow   - Window border size: (0.0, 28.0)
20:31:59.594 [JavaFX Application Thread] DEBUG PrimaryStageWindow   - Scaled size: 1050.0 x 700.0
20:31:59.594 [JavaFX Application Thread] DEBUG PrimaryStageWindow   - Scaled ratio: (1.0, 1.0)
20:31:59.594 [JavaFX Application Thread] DEBUG PrimaryStageWindow   - Scene size: 1050.0 x 700.0
20:31:59.595 [JavaFX Application Thread] DEBUG PrimaryStageWindow   - Stage size: 1050.0 x 728.0
20:31:59.605 [FXGL Background Thread 1 ] DEBUG Engine               - Initializing environment variables
20:31:59.654 [FXGL Background Thread 1 ] DEBUG FXGLAssetLoaderServi - User app class for loading assets: class NerdvsVirus.Game
20:31:59.655 [FXGL Background Thread 1 ] DEBUG GameApplicationServi - Applying CSS: fxgl_dark.css
20:31:59.659 [FXGL Background Thread 1 ] DEBUG FXGLAssetLoaderServi - Loading from file system: jar:file:/Users/chalitandunu/.m2/repository/com/github/almasb/fxgl/11.14/fxgl-11.14.jar!/fxglassets/ui/css/fxgl_dark.css
20:31:59.910 [FXGL Background Thread 1 ] DEBUG GameApplicationServi - Initializing application scenes
20:32:00.723 [FXGL Background Thread 1 ] DEBUG GameWorld            - Game world initialized
20:32:00.853 [FXGL Background Thread 1 ] DEBUG PhysicsWorld         - Physics world initialized: appHeight=700, physics.ppm=50.0
20:32:00.853 [FXGL Background Thread 1 ] DEBUG PhysicsWorld         - Using strategy: BRUTE_FORCE
20:32:00.856 [FXGL Background Thread 1 ] DEBUG GameScene            - Game scene initialized: 1050x700
20:32:01.016 [FXGL Background Thread 1 ] DEBUG FXGLAssetLoaderServi - Loading from file system: jar:file:/Users/chalitandunu/.m2/repository/com/github/almasb/fxgl/11.14/fxgl-11.14.jar!/fxglassets/textures/particles/trace_horizontal.png
20:32:01.127 [FXGL Background Thread 1 ] DEBUG FXGL.DefaultMenu     - createMenuBodyGameMenu()
20:32:01.152 [FXGL Background Thread 1 ] DEBUG FXGL.DefaultMenu     - createOptionsMenu()
20:32:01.164 [FXGL Background Thread 1 ] DEBUG FXGLAssetLoaderServi - Loading from file system: jar:file:/Users/chalitandunu/.m2/repository/com/github/almasb/fxgl/11.14/fxgl-11.14.jar!/fxglassets/textures/particles/smoke.png
20:32:01.339 [FXGL Background Thread 1 ] DEBUG GameApplicationServi - Application scenes initialized
20:32:01.354 [FXGL Background Thread 1 ] DEBUG SystemBundleService  - Loading FXGL system data
20:32:01.361 [FXGL Background Thread 1 ] DEBUG FileSystemAccess     - Reading from: /Users/chalitandunu/Desktop/the void/HS/Jaar 1/Periode 3/IPOSE/nerdsvsthevirus/system/fxgl.bundle
20:32:01.367 [FXGL Background Thread 1 ] DEBUG SystemBundleService  - Bundle FXGL: {}
20:32:01.367 [FXGL Background Thread 1 ] DEBUG UpdaterService       - Checking for updates
20:32:01.372 [FXGL Background Thread 4 ] DEBUG FXGLApplication      - Loading fonts
20:32:01.372 [FXGL Background Thread 1 ] DEBUG FXGLApplication      - Loading default localization
20:32:01.373 [FXGL Background Thread 4 ] DEBUG FXGLAssetLoaderServi - Loading from file system: jar:file:/Users/chalitandunu/.m2/repository/com/github/almasb/fxgl/11.14/fxgl-11.14.jar!/fxglassets/ui/fonts/VarelaRound-Regular.ttf
20:32:01.373 [FXGL Background Thread 1 ] DEBUG FXGLAssetLoaderServi - Loading from file system: jar:file:/Users/chalitandunu/.m2/repository/com/github/almasb/fxgl/11.14/fxgl-11.14.jar!/fxglassets/languages/english.lang
20:32:01.394 [FXGL Background Thread 1 ] INFO  FXGLApplication      - FXGL initialization took: 1.788 sec
20:32:01.397 [FXGL Background Thread 4 ] DEBUG FXGLAssetLoaderServi - Loading from file system: jar:file:/Users/chalitandunu/.m2/repository/com/github/almasb/fxgl/11.14/fxgl-11.14.jar!/fxglassets/ui/fonts/Abel-Regular.ttf
20:32:01.401 [FXGL Background Thread 4 ] DEBUG FXGLAssetLoaderServi - Loading from file system: jar:file:/Users/chalitandunu/.m2/repository/com/github/almasb/fxgl/11.14/fxgl-11.14.jar!/fxglassets/ui/fonts/lucida_console.ttf
20:32:01.410 [JavaFX Application Thread] DEBUG Input                - Registered new binding: Left - A
20:32:01.411 [JavaFX Application Thread] DEBUG Input                - Registered new binding: Right - D
20:32:01.411 [JavaFX Application Thread] DEBUG Input                - Registered new binding: Jump - W
20:32:01.412 [JavaFX Application Thread] DEBUG FXGLAssetLoaderServi - Loading from file system: file:/Users/chalitandunu/Desktop/the%20void/HS/Jaar%201/Periode%203/IPOSE/nerdsvsthevirus/target/classes/assets/music/background.wav
20:32:01.417 [FXGL Background Thread 4 ] DEBUG FXGLAssetLoaderServi - Loading from file system: jar:file:/Users/chalitandunu/.m2/repository/com/github/almasb/fxgl/11.14/fxgl-11.14.jar!/fxglassets/ui/fonts/Courier-Prime.ttf
20:32:01.732 [JavaFX Application Thread] DEBUG AudioPlayer          - Playing music com.almasb.fxgl.audio.Music@b7548de
20:32:01.733 [JavaFX Application Thread] DEBUG FXGLAssetLoaderServi - Loading from file system: jar:file:/Users/chalitandunu/.m2/repository/com/github/almasb/fxgl/11.14/fxgl-11.14.jar!/fxglassets/textures/fxgl_icon.png
20:32:01.760 [JavaFX Application Thread] DEBUG FXGLAssetLoaderServi - Loading from file system: jar:file:/Users/chalitandunu/.m2/repository/com/github/almasb/fxgl/11.14/fxgl-11.14.jar!/fxglassets/ui/cursors/fxgl_default.png
20:32:01.780 [JavaFX Application Thread] DEBUG Input                - Registered new binding: Screenshot - P
20:32:01.781 [JavaFX Application Thread] DEBUG Input                - Registered new binding: System info dump - CTRL+9
20:32:01.782 [JavaFX Application Thread] DEBUG Input                - Registered new binding: Restart - CTRL+R
20:32:01.783 [JavaFX Application Thread] DEBUG Input                - Registered new binding: Toggle Debug Camera - CTRL+C
20:32:01.785 [JavaFX Application Thread] DEBUG LoopRunner           - Starting loop
20:32:01.786 [JavaFX Application Thread] DEBUG LoopRunner           - Initializing JavaFX AnimationTimerLoop
20:32:01.789 [JavaFX Application Thread] DEBUG Input                - Clearing active input actions
20:32:01.810 [JavaFX Application Thread] DEBUG GameApplicationServi - Removing overlay from FXGLStartupScene and adding to FXGLMainMenuDummyScene
20:32:01.811 [JavaFX Application Thread] DEBUG PrimaryStageWindow   - FXGLStartupScene -> FXGLMainMenuDummyScene
20:32:01.811 [JavaFX Application Thread] DEBUG PrimaryStageWindow   - Push state: MainMenu
20:32:01.812 [JavaFX Application Thread] DEBUG Input                - Clearing active input actions
20:32:02.096 [JavaFX Application Thread] DEBUG GameApplicationServi - Removing overlay from FXGLMainMenuDummyScene and adding to MainMenu
20:32:02.096 [JavaFX Application Thread] DEBUG PrimaryStageWindow   - FXGLMainMenuDummyScene -> MainMenu
20:32:02.129 [JavaFX Application Thread] DEBUG FXGLApplication      - Registering font factories with UI factory
20:32:04.373 [FXGL Background Thread 3 ] DEBUG Engine               - Logging environment variables
20:32:04.374 [FXGL Background Thread 3 ] DEBUG Engine               - achievements: []
20:32:04.375 [FXGL Background Thread 3 ] DEBUG Engine               - actualHeight: 700.0
20:32:04.376 [FXGL Background Thread 3 ] DEBUG Engine               - actualHeightProperty: ReadOnlyDoubleProperty [value: 700.0]
20:32:04.377 [FXGL Background Thread 3 ] DEBUG Engine               - actualWidth: 1050.0
20:32:04.378 [FXGL Background Thread 3 ] DEBUG Engine               - actualWidthProperty: ReadOnlyDoubleProperty [value: 1050.0]
20:32:04.378 [FXGL Background Thread 3 ] DEBUG Engine               - appIcon: fxgl_icon.png
20:32:04.378 [FXGL Background Thread 3 ] DEBUG Engine               - applicationMode: DEVELOPER
20:32:04.378 [FXGL Background Thread 3 ] DEBUG Engine               - cSSList: [fxgl_dark.css]
20:32:04.379 [FXGL Background Thread 3 ] DEBUG Engine               - collisionDetectionStrategy: BRUTE_FORCE
20:32:04.379 [FXGL Background Thread 3 ] DEBUG Engine               - configClass: Optional.empty
20:32:04.379 [FXGL Background Thread 3 ] DEBUG Engine               - credits: []
20:32:04.379 [FXGL Background Thread 3 ] DEBUG Engine               - devBBoxColorProperty: ObjectProperty [value: 0xff0000ff]
20:32:04.379 [FXGL Background Thread 3 ] DEBUG Engine               - devEnableDebugCameraProperty: BooleanProperty [value: false]
20:32:04.380 [FXGL Background Thread 3 ] DEBUG Engine               - devSensorColorProperty: ObjectProperty [value: 0xffff00ff]
20:32:04.380 [FXGL Background Thread 3 ] DEBUG Engine               - devShowBBoxProperty: BooleanProperty [value: false]
20:32:04.380 [FXGL Background Thread 3 ] DEBUG Engine               - devShowPositionProperty: BooleanProperty [value: false]
20:32:04.380 [FXGL Background Thread 3 ] DEBUG Engine               - enabledMenuItems: []
20:32:04.380 [FXGL Background Thread 3 ] DEBUG Engine               - engineServices: [class com.almasb.fxgl.app.services.FXGLAssetLoaderService, class com.almasb.fxgl.app.FXGLApplication$GameApplicationService, class com.almasb.fxgl.app.services.FXGLDialogService, class com.almasb.fxgl.app.services.IOTaskExecutorService, class com.almasb.fxgl.event.EventBusService, class com.almasb.fxgl.io.FileSystemService, class com.almasb.fxgl.localization.LocalizationService, class com.almasb.fxgl.app.services.SystemBundleService, class com.almasb.fxgl.profile.SaveLoadService, class com.almasb.fxgl.ui.FXGLUIFactoryServiceProvider, class com.almasb.fxgl.ui.FXGLDialogFactoryServiceProvider, class com.almasb.fxgl.audio.AudioPlayer, class com.almasb.fxgl.notification.impl.NotificationServiceProvider, class com.almasb.fxgl.achievement.AchievementService, class com.almasb.fxgl.cutscene.CutsceneService, class com.almasb.fxgl.minigames.MiniGameService, class com.almasb.fxgl.net.NetService, class com.almasb.fxgl.app.services.UpdaterService, class com.almasb.fxgl.dev.DevService]
20:32:04.381 [FXGL Background Thread 3 ] DEBUG Engine               - fontGame: Abel-Regular.ttf
20:32:04.381 [FXGL Background Thread 3 ] DEBUG Engine               - fontMono: lucida_console.ttf
20:32:04.381 [FXGL Background Thread 3 ] DEBUG Engine               - fontText: Courier-Prime.ttf
20:32:04.381 [FXGL Background Thread 3 ] DEBUG Engine               - fontUI: VarelaRound-Regular.ttf
20:32:04.381 [FXGL Background Thread 3 ] DEBUG Engine               - fullScreen: BooleanProperty [value: false]
20:32:04.381 [FXGL Background Thread 3 ] DEBUG Engine               - gameDifficulty: MEDIUM
20:32:04.382 [FXGL Background Thread 3 ] DEBUG Engine               - gameDifficultyProperty: ObjectProperty [value: MEDIUM]
20:32:04.382 [FXGL Background Thread 3 ] DEBUG Engine               - globalMusicVolume: 0.5
20:32:04.382 [FXGL Background Thread 3 ] DEBUG Engine               - globalMusicVolumeProperty: DoubleProperty [value: 0.1]
20:32:04.382 [FXGL Background Thread 3 ] DEBUG Engine               - globalSoundVolume: 0.5
20:32:04.382 [FXGL Background Thread 3 ] DEBUG Engine               - globalSoundVolumeProperty: DoubleProperty [value: 0.5]
20:32:04.382 [FXGL Background Thread 3 ] DEBUG Engine               - height: 700
20:32:04.383 [FXGL Background Thread 3 ] DEBUG Engine               - isAndroid: false
20:32:04.383 [FXGL Background Thread 3 ] DEBUG Engine               - isBrowser: false
20:32:04.383 [FXGL Background Thread 3 ] DEBUG Engine               - isClickFeedbackEnabled: false
20:32:04.384 [FXGL Background Thread 3 ] DEBUG Engine               - isCloseConfirmation: false
20:32:04.384 [FXGL Background Thread 3 ] DEBUG Engine               - isDesktop: true
20:32:04.385 [FXGL Background Thread 3 ] DEBUG Engine               - isDeveloperMenuEnabled: false
20:32:04.385 [FXGL Background Thread 3 ] DEBUG Engine               - isEntityPreloadEnabled: true
20:32:04.385 [FXGL Background Thread 3 ] DEBUG Engine               - isExperimental3D: false
20:32:04.385 [FXGL Background Thread 3 ] DEBUG Engine               - isExperimentalNative: false
20:32:04.385 [FXGL Background Thread 3 ] DEBUG Engine               - isExperimentalTiledLargeMap: false
20:32:04.386 [FXGL Background Thread 3 ] DEBUG Engine               - isFileSystemWriteAllowed: true
20:32:04.386 [FXGL Background Thread 3 ] DEBUG Engine               - isFullScreenAllowed: false
20:32:04.386 [FXGL Background Thread 3 ] DEBUG Engine               - isFullScreenFromStart: false
20:32:04.386 [FXGL Background Thread 3 ] DEBUG Engine               - isGameMenuEnabled: true
20:32:04.386 [FXGL Background Thread 3 ] DEBUG Engine               - isIOS: false
20:32:04.386 [FXGL Background Thread 3 ] DEBUG Engine               - isIntroEnabled: false
20:32:04.386 [FXGL Background Thread 3 ] DEBUG Engine               - isLinux: false
20:32:04.387 [FXGL Background Thread 3 ] DEBUG Engine               - isMac: true
20:32:04.387 [FXGL Background Thread 3 ] DEBUG Engine               - isMainMenuEnabled: true
20:32:04.387 [FXGL Background Thread 3 ] DEBUG Engine               - isManualResizeEnabled: false
20:32:04.387 [FXGL Background Thread 3 ] DEBUG Engine               - isMobile: false
20:32:04.387 [FXGL Background Thread 3 ] DEBUG Engine               - isPreserveResizeRatio: false
20:32:04.387 [FXGL Background Thread 3 ] DEBUG Engine               - isProfilingEnabled: false
20:32:04.388 [FXGL Background Thread 3 ] DEBUG Engine               - isScaleAffectedOnResize: true
20:32:04.388 [FXGL Background Thread 3 ] DEBUG Engine               - isSingleStep: false
20:32:04.388 [FXGL Background Thread 3 ] DEBUG Engine               - isUserProfileEnabled: false
20:32:04.388 [FXGL Background Thread 3 ] DEBUG Engine               - isWindows: false
20:32:04.388 [FXGL Background Thread 3 ] DEBUG Engine               - language: ObjectProperty [value: ENGLISH]
20:32:04.388 [FXGL Background Thread 3 ] DEBUG Engine               - menuKey: ESCAPE
20:32:04.389 [FXGL Background Thread 3 ] DEBUG Engine               - notificationViewClass: class com.almasb.fxgl.notification.view.XboxNotificationView
20:32:04.389 [FXGL Background Thread 3 ] DEBUG Engine               - pixelsPerMeter: 50.0
20:32:04.389 [FXGL Background Thread 3 ] DEBUG Engine               - platform: MAC
20:32:04.389 [FXGL Background Thread 3 ] DEBUG Engine               - prefHeightProperty: ReadOnlyDoubleProperty [value: 700.0]
20:32:04.389 [FXGL Background Thread 3 ] DEBUG Engine               - prefWidthProperty: ReadOnlyDoubleProperty [value: 1050.0]
20:32:04.390 [FXGL Background Thread 3 ] DEBUG Engine               - profileDir: profiles/
20:32:04.390 [FXGL Background Thread 3 ] DEBUG Engine               - profileName: StringProperty [value: DEFAULT]
20:32:04.390 [FXGL Background Thread 3 ] DEBUG Engine               - randomSeed: -1
20:32:04.390 [FXGL Background Thread 3 ] DEBUG Engine               - runtimeInfo: RuntimeInfo(platform=MAC, version=11.14, build=01.03.2021 16.59)
20:32:04.390 [FXGL Background Thread 3 ] DEBUG Engine               - saveFileExt: sav
20:32:04.391 [FXGL Background Thread 3 ] DEBUG Engine               - scaledHeightProp$fxgl: DoubleProperty [bound, value: 700.0]
20:32:04.391 [FXGL Background Thread 3 ] DEBUG Engine               - scaledWidthProp$fxgl: DoubleProperty [bound, value: 1050.0]
20:32:04.391 [FXGL Background Thread 3 ] DEBUG Engine               - sceneFactory: NerdvsVirus.Game$1@6f4770f6
20:32:04.391 [FXGL Background Thread 3 ] DEBUG Engine               - secondsIn24h: 60
20:32:04.391 [FXGL Background Thread 3 ] DEBUG Engine               - soundMenuBack: menu/back.wav
20:32:04.392 [FXGL Background Thread 3 ] DEBUG Engine               - soundMenuPress: menu/press.wav
20:32:04.392 [FXGL Background Thread 3 ] DEBUG Engine               - soundMenuSelect: menu/select.wav
20:32:04.392 [FXGL Background Thread 3 ] DEBUG Engine               - soundNotification: core/notification.wav
20:32:04.392 [FXGL Background Thread 3 ] DEBUG Engine               - stageStyle: DECORATED
20:32:04.392 [FXGL Background Thread 3 ] DEBUG Engine               - supportedLanguages: [ENGLISH, FRENCH, GERMAN, HUNGARIAN, RUSSIAN]
20:32:04.393 [FXGL Background Thread 3 ] DEBUG Engine               - ticksPerSecond: -1
20:32:04.393 [FXGL Background Thread 3 ] DEBUG Engine               - title: Nerds VS Virus
20:32:04.393 [FXGL Background Thread 3 ] DEBUG Engine               - urlGithub: https://github.com/AlmasB/FXGL
20:32:04.393 [FXGL Background Thread 3 ] DEBUG Engine               - urlLeaderboard: http://fxgl-top.herokuapp.com/
20:32:04.393 [FXGL Background Thread 3 ] DEBUG Engine               - urlPOM: https://raw.githubusercontent.com/AlmasB/FXGL/release/README.md
20:32:04.393 [FXGL Background Thread 3 ] DEBUG Engine               - userAppClass: class NerdvsVirus.Game
20:32:04.393 [FXGL Background Thread 3 ] DEBUG Engine               - version: 0.0
20:32:04.394 [FXGL Background Thread 3 ] DEBUG Engine               - versionCheckDays: 7
20:32:04.394 [FXGL Background Thread 3 ] DEBUG Engine               - width: 1050
20:32:04.394 [FXGL Background Thread 3 ] DEBUG Engine               - Logging services
20:32:04.394 [FXGL Background Thread 3 ] DEBUG Engine               - class com.almasb.fxgl.app.services.FXGLAssetLoaderService
20:32:04.394 [FXGL Background Thread 3 ] DEBUG Engine               - class com.almasb.fxgl.app.FXGLApplication$GameApplicationService
20:32:04.394 [FXGL Background Thread 3 ] DEBUG Engine               - class com.almasb.fxgl.app.services.FXGLDialogService
20:32:04.394 [FXGL Background Thread 3 ] DEBUG Engine               - class com.almasb.fxgl.app.services.IOTaskExecutorService
20:32:04.394 [FXGL Background Thread 3 ] DEBUG Engine               - class com.almasb.fxgl.event.EventBusService
20:32:04.395 [FXGL Background Thread 3 ] DEBUG Engine               - class com.almasb.fxgl.io.FileSystemService
20:32:04.395 [FXGL Background Thread 3 ] DEBUG Engine               - class com.almasb.fxgl.localization.LocalizationService
20:32:04.395 [FXGL Background Thread 3 ] DEBUG Engine               - class com.almasb.fxgl.app.services.SystemBundleService
20:32:04.395 [FXGL Background Thread 3 ] DEBUG Engine               - class com.almasb.fxgl.profile.SaveLoadService
20:32:04.395 [FXGL Background Thread 3 ] DEBUG Engine               - class com.almasb.fxgl.ui.FXGLUIFactoryServiceProvider
20:32:04.395 [FXGL Background Thread 3 ] DEBUG Engine               - class com.almasb.fxgl.ui.FXGLDialogFactoryServiceProvider
20:32:04.396 [FXGL Background Thread 3 ] DEBUG Engine               - class com.almasb.fxgl.audio.AudioPlayer
20:32:04.396 [FXGL Background Thread 3 ] DEBUG Engine               - class com.almasb.fxgl.notification.impl.NotificationServiceProvider
20:32:04.396 [FXGL Background Thread 3 ] DEBUG Engine               - class com.almasb.fxgl.achievement.AchievementService
20:32:04.396 [FXGL Background Thread 3 ] DEBUG Engine               - class com.almasb.fxgl.cutscene.CutsceneService
20:32:04.396 [FXGL Background Thread 3 ] DEBUG Engine               - class com.almasb.fxgl.minigames.MiniGameService
20:32:04.397 [FXGL Background Thread 3 ] DEBUG Engine               - class com.almasb.fxgl.net.NetService
20:32:04.397 [FXGL Background Thread 3 ] DEBUG Engine               - class com.almasb.fxgl.app.services.UpdaterService
20:32:04.397 [FXGL Background Thread 3 ] DEBUG Engine               - class com.almasb.fxgl.dev.DevService
20:32:07.812 [JavaFX Application Thread] DEBUG FXGLApplication      - Exiting FXGL
20:32:07.812 [JavaFX Application Thread] DEBUG LoopRunner           - Stopping loop
20:32:07.812 [JavaFX Application Thread] DEBUG SystemBundleService  - Saving FXGL system data
20:32:07.816 [JavaFX Application Thread] DEBUG FileSystemAccess     - Writing to: /Users/chalitandunu/Desktop/the void/HS/Jaar 1/Periode 3/IPOSE/nerdsvsthevirus/system/fxgl.bundle
20:32:07.818 [JavaFX Application Thread] DEBUG Async                - Shutting down background threads
20:32:07.818 [JavaFX Application Thread] DEBUG PrimaryStageWindow   - Closing main window
20:32:07.832 [JavaFX Application Thread] DEBUG Logger               - Closing Logger
