23:57:35.804 [main                     ] DEBUG Logger               - Configured Logger
23:57:35.817 [main                     ] DEBUG GameApplication      - Logging settings
Title: Nerds VS Virus
Version: 0.0
Width: 1050
Height: 700
Fullscreen: false
Intro: false
Profiling: false
Single step:false
App Mode: DEVELOPER
Menu Key: ESCAPE
Stage Style: DECORATED
Scene Factory: class NerdvsVirus.Game$1

23:57:36.321 [JavaFX Application Thread] DEBUG FXGLApplication      - Initializing FXGL
23:57:36.323 [JavaFX Application Thread] INFO  Engine               - FXGL-11.14 (01.03.2021 16.59) on WINDOWS (J:15.0.2 FX:15)
23:57:36.323 [JavaFX Application Thread] DEBUG Engine               - JRE Vendor Name: Oracle Corporation
23:57:36.324 [JavaFX Application Thread] DEBUG Engine               - Running on OS: Windows 10 version 10.0
23:57:36.324 [JavaFX Application Thread] DEBUG Engine               - Architecture: amd64
23:57:36.324 [JavaFX Application Thread] INFO  Engine               - Source code and latest versions at: https://github.com/AlmasB/FXGL
23:57:36.324 [JavaFX Application Thread] INFO  Engine               -              Join the FXGL chat at: https://gitter.im/AlmasB/FXGL
23:57:36.437 [JavaFX Application Thread] DEBUG PrimaryStageWindow   - Creating a JavaFX scene
23:57:36.489 [JavaFX Application Thread] DEBUG PrimaryStageWindow   - Target settings size: 1050.0 x 700.0
23:57:36.490 [JavaFX Application Thread] DEBUG PrimaryStageWindow   - Scaled scene size:    1050.0 x 700.0
23:57:36.490 [JavaFX Application Thread] DEBUG PrimaryStageWindow   - Scaled ratio: (1.0, 1.0)
23:57:36.491 [JavaFX Application Thread] DEBUG PrimaryStageWindow   - Set initial scene to FXGLStartupScene
23:57:36.497 [JavaFX Application Thread] DEBUG PrimaryStageWindow   - Opening main window
23:57:36.570 [JavaFX Application Thread] DEBUG PrimaryStageWindow   - Window border size: (16.0, 39.0)
23:57:36.570 [JavaFX Application Thread] DEBUG PrimaryStageWindow   - Scaled size: 1050.0 x 700.0
23:57:36.570 [JavaFX Application Thread] DEBUG PrimaryStageWindow   - Scaled ratio: (1.0, 1.0)
23:57:36.570 [JavaFX Application Thread] DEBUG PrimaryStageWindow   - Scene size: 1050.0 x 700.0
23:57:36.570 [JavaFX Application Thread] DEBUG PrimaryStageWindow   - Stage size: 1066.0 x 739.0
23:57:36.578 [FXGL Background Thread 1 ] DEBUG Engine               - Initializing environment variables
23:57:36.610 [FXGL Background Thread 1 ] DEBUG FXGLAssetLoaderServi - User app class for loading assets: class NerdvsVirus.Game
23:57:36.610 [FXGL Background Thread 1 ] DEBUG GameApplicationServi - Applying CSS: fxgl_dark.css
23:57:36.611 [FXGL Background Thread 1 ] DEBUG FXGLAssetLoaderServi - Loading from file system: jar:file:/C:/Users/luukb/.m2/repository/com/github/almasb/fxgl/11.14/fxgl-11.14.jar!/fxglassets/ui/css/fxgl_dark.css
23:57:36.654 [FXGL Background Thread 1 ] DEBUG GameApplicationServi - Initializing application scenes
23:57:36.691 [FXGL Background Thread 1 ] DEBUG GameWorld            - Game world initialized
23:57:36.751 [FXGL Background Thread 1 ] DEBUG PhysicsWorld         - Physics world initialized: appHeight=700, physics.ppm=50,0
23:57:36.752 [FXGL Background Thread 1 ] DEBUG PhysicsWorld         - Using strategy: BRUTE_FORCE
23:57:36.754 [FXGL Background Thread 1 ] DEBUG GameScene            - Game scene initialized: 1050x700
23:57:36.875 [FXGL Background Thread 1 ] DEBUG FXGLAssetLoaderServi - Loading from file system: jar:file:/C:/Users/luukb/.m2/repository/com/github/almasb/fxgl/11.14/fxgl-11.14.jar!/fxglassets/textures/particles/trace_horizontal.png
23:57:36.905 [FXGL Background Thread 1 ] DEBUG FXGL.DefaultMenu     - createMenuBodyGameMenu()
23:57:36.921 [FXGL Background Thread 1 ] DEBUG FXGL.DefaultMenu     - createOptionsMenu()
23:57:36.927 [FXGL Background Thread 1 ] DEBUG FXGLAssetLoaderServi - Loading from file system: jar:file:/C:/Users/luukb/.m2/repository/com/github/almasb/fxgl/11.14/fxgl-11.14.jar!/fxglassets/textures/particles/smoke.png
23:57:36.983 [FXGL Background Thread 1 ] DEBUG GameApplicationServi - Application scenes initialized
23:57:36.996 [FXGL Background Thread 1 ] DEBUG SystemBundleService  - Loading FXGL system data
23:57:36.999 [FXGL Background Thread 1 ] DEBUG FileSystemAccess     - Reading from: D:\OneDrive\OneDrive - Hogeschool Leiden\IPOSE\NERDS VS VIRUS\nerdsvsthevirus\system\fxgl.bundle
23:57:37.004 [FXGL Background Thread 1 ] DEBUG SystemBundleService  - Bundle FXGL: {}
23:57:37.004 [FXGL Background Thread 1 ] DEBUG UpdaterService       - Checking for updates
23:57:37.008 [FXGL Background Thread 4 ] DEBUG FXGLApplication      - Loading fonts
23:57:37.008 [FXGL Background Thread 1 ] DEBUG FXGLApplication      - Loading default localization
23:57:37.009 [FXGL Background Thread 4 ] DEBUG FXGLAssetLoaderServi - Loading from file system: jar:file:/C:/Users/luukb/.m2/repository/com/github/almasb/fxgl/11.14/fxgl-11.14.jar!/fxglassets/ui/fonts/VarelaRound-Regular.ttf
23:57:37.009 [FXGL Background Thread 1 ] DEBUG FXGLAssetLoaderServi - Loading from file system: jar:file:/C:/Users/luukb/.m2/repository/com/github/almasb/fxgl/11.14/fxgl-11.14.jar!/fxglassets/languages/english.lang
23:57:37.014 [FXGL Background Thread 4 ] DEBUG FXGLAssetLoaderServi - Loading from file system: jar:file:/C:/Users/luukb/.m2/repository/com/github/almasb/fxgl/11.14/fxgl-11.14.jar!/fxglassets/ui/fonts/Abel-Regular.ttf
23:57:37.019 [FXGL Background Thread 4 ] DEBUG FXGLAssetLoaderServi - Loading from file system: jar:file:/C:/Users/luukb/.m2/repository/com/github/almasb/fxgl/11.14/fxgl-11.14.jar!/fxglassets/ui/fonts/lucida_console.ttf
23:57:37.024 [FXGL Background Thread 4 ] DEBUG FXGLAssetLoaderServi - Loading from file system: jar:file:/C:/Users/luukb/.m2/repository/com/github/almasb/fxgl/11.14/fxgl-11.14.jar!/fxglassets/ui/fonts/Courier-Prime.ttf
23:57:37.024 [FXGL Background Thread 1 ] INFO  FXGLApplication      - FXGL initialization took: 0,446 sec
23:57:37.034 [JavaFX Application Thread] DEBUG Input                - Registered new binding: Left - A
23:57:37.034 [JavaFX Application Thread] DEBUG Input                - Registered new binding: Right - D
23:57:37.034 [JavaFX Application Thread] DEBUG Input                - Registered new binding: Jump - W
23:57:37.035 [JavaFX Application Thread] DEBUG Input                - Registered new binding: Use - E
23:57:37.035 [JavaFX Application Thread] DEBUG FXGLAssetLoaderServi - Loading from file system: jar:file:/C:/Users/luukb/.m2/repository/com/github/almasb/fxgl/11.14/fxgl-11.14.jar!/fxglassets/textures/fxgl_icon.png
23:57:37.049 [JavaFX Application Thread] DEBUG FXGLAssetLoaderServi - Loading from file system: jar:file:/C:/Users/luukb/.m2/repository/com/github/almasb/fxgl/11.14/fxgl-11.14.jar!/fxglassets/ui/cursors/fxgl_default.png
23:57:37.051 [JavaFX Application Thread] DEBUG Input                - Registered new binding: Screenshot - P
23:57:37.052 [JavaFX Application Thread] DEBUG Input                - Registered new binding: System info dump - CTRL+9
23:57:37.053 [JavaFX Application Thread] DEBUG Input                - Registered new binding: Restart - CTRL+R
23:57:37.053 [JavaFX Application Thread] DEBUG Input                - Registered new binding: Toggle Debug Camera - CTRL+C
23:57:37.056 [JavaFX Application Thread] DEBUG LoopRunner           - Starting loop
23:57:37.056 [JavaFX Application Thread] DEBUG LoopRunner           - Initializing JavaFX AnimationTimerLoop
23:57:37.058 [JavaFX Application Thread] DEBUG Input                - Clearing active input actions
23:57:37.065 [JavaFX Application Thread] DEBUG GameApplicationServi - Removing overlay from FXGLStartupScene and adding to FXGLMainMenuDummyScene
23:57:37.065 [JavaFX Application Thread] DEBUG PrimaryStageWindow   - FXGLStartupScene -> FXGLMainMenuDummyScene
23:57:37.065 [JavaFX Application Thread] DEBUG PrimaryStageWindow   - Push state: MainMenu
23:57:37.066 [JavaFX Application Thread] DEBUG Input                - Clearing active input actions
23:57:37.408 [JavaFX Application Thread] DEBUG GameApplicationServi - Removing overlay from FXGLMainMenuDummyScene and adding to MainMenu
23:57:37.408 [JavaFX Application Thread] DEBUG PrimaryStageWindow   - FXGLMainMenuDummyScene -> MainMenu
23:57:37.412 [JavaFX Application Thread] DEBUG FXGLApplication      - Registering font factories with UI factory
23:57:38.060 [JavaFX Application Thread] DEBUG Menu                 - fireNewGame()
23:57:38.060 [JavaFX Application Thread] DEBUG GameApplicationServi - Starting new game
23:57:38.060 [JavaFX Application Thread] DEBUG PrimaryStageWindow   - Pop state: MainMenu
23:57:38.061 [JavaFX Application Thread] DEBUG Input                - Clearing active input actions
23:57:38.061 [JavaFX Application Thread] DEBUG GameApplicationServi - Removing overlay from MainMenu and adding to FXGLMainMenuDummyScene
23:57:38.062 [JavaFX Application Thread] DEBUG PrimaryStageWindow   - FXGLMainMenuDummyScene <- MainMenu
23:57:38.062 [JavaFX Application Thread] DEBUG Input                - Clearing active input actions
23:57:38.068 [JavaFX Application Thread] DEBUG GameApplicationServi - Removing overlay from FXGLMainMenuDummyScene and adding to FXGLLoadingScene
23:57:38.069 [JavaFX Application Thread] DEBUG PrimaryStageWindow   - FXGLMainMenuDummyScene -> FXGLLoadingScene
23:57:38.069 [JavaFX Application Thread] DEBUG GameApplicationServi - Clearing previous game
23:57:38.069 [JavaFX Application Thread] DEBUG GameScene            - Clearing game scene
23:57:38.069 [JavaFX Application Thread] DEBUG GameWorld            - Clearing game world
23:57:38.069 [JavaFX Application Thread] DEBUG PhysicsWorld         - Clearing physics world
23:57:38.070 [FXGL Background Thread 2 ] DEBUG FXGLApplication      - Initializing game
23:57:38.092 [FXGL Background Thread 2 ] WARN  TMXLevelLoader       - TiledMap generated from 1.5.0. Supported version: 1.2.3. Some features may not be parsed fully.
23:57:38.099 [FXGL Background Thread 2 ] DEBUG TMXLevelLoader       - Parsed raw map: TiledMap(width=30, height=10, tilewidth=70, tileheight=70, orientation=orthogonal, layers=[Layer(width=30, height=10, name=Bottom, type=tilelayer, visible=false, x=0, y=0, data=[0, 0, 0, 0, 0, 0, 0, 0, 0, 0, 0, 0, 0, 0, 0, 0, 0, 0, 0, 0, 0, 0, 0, 0, 0, 0, 0, 0, 0, 0, 0, 0, 0, 0, 0, 0, 0, 0, 0, 0, 0, 0, 0, 0, 0, 0, 0, 0, 0, 0, 0, 0, 0, 0, 0, 0, 0, 0, 0, 0, 0, 0, 0, 0, 0, 0, 0, 0, 0, 0, 0, 0, 0, 0, 0, 0, 0, 0, 0, 0, 0, 0, 0, 0, 0, 0, 0, 0, 0, 0, 0, 0, 0, 0, 0, 0, 0, 0, 0, 0, 0, 0, 0, 0, 0, 0, 0, 0, 0, 0, 0, 0, 0, 0, 0, 0, 0, 0, 0, 0, 0, 0, 0, 0, 0, 0, 0, 0, 0, 0, 0, 0, 0, 0, 0, 0, 0, 0, 0, 0, 0, 0, 0, 0, 0, 0, 0, 0, 0, 0, 0, 0, 0, 0, 0, 0, 0, 0, 0, 0, 0, 206, 205, 206, 0, 0, 0, 0, 0, 0, 0, 0, 0, 0, 0, 0, 0, 0, 0, 0, 0, 0, 0, 0, 0, 0, 0, 205, 206, 207, 0, 0, 0, 0, 0, 0, 0, 0, 0, 0, 0, 0, 0, 0, 0, 0, 0, 0, 0, 0, 0, 0, 0, 0, 206, 205, 0, 0, 0, 0, 0, 0, 0, 0, 0, 0, 0, 0, 0, 0, 0, 0, 0, 0, 0, 0, 0, 0, 0, 0, 0, 263, 0, 203, 0, 0, 0, 0, 0, 0, 0, 243, 244, 245, 0, 0, 0, 0, 0, 0, 0, 0, 0, 0, 0, 0, 0, 0, 0, 0, 185, 185, 185, 185, 185, 185, 185, 185, 185, 185, 185, 185, 185, 185, 185, 185, 0, 0, 185, 185, 185, 0, 0, 185, 185, 185, 185, 185, 185, 185], objects=[], opacity=0.0, draworder=), Layer(width=30, height=10, name=overlay, type=tilelayer, visible=false, x=0, y=0, data=[213, 185, 185, 185, 185, 185, 185, 185, 185, 185, 185, 227, 185, 185, 185, 185, 213, 0, 0, 0, 0, 0, 0, 0, 0, 0, 0, 0, 0, 0, 0, 0, 0, 0, 0, 0, 0, 0, 0, 0, 0, 241, 0, 0, 0, 0, 0, 0, 0, 0, 0, 0, 0, 0, 0, 0, 0, 0, 0, 0, 0, 0, 0, 0, 0, 0, 0, 0, 0, 0, 0, 255, 0, 0, 0, 0, 0, 0, 0, 0, 0, 0, 0, 0, 0, 0, 0, 0, 0, 0, 0, 0, 0, 0, 0, 0, 0, 0, 0, 0, 0, 0, 0, 0, 0, 0, 0, 0, 0, 0, 0, 0, 0, 0, 0, 0, 0, 0, 0, 0, 0, 0, 0, 0, 0, 0, 0, 0, 0, 0, 0, 0, 0, 0, 0, 0, 0, 0, 0, 0, 0, 0, 0, 0, 0, 0, 0, 0, 0, 0, 0, 0, 0, 0, 0, 0, 0, 0, 0, 0, 0, 215, 216, 217, 0, 0, 0, 0, 0, 0, 0, 0, 0, 0, 0, 0, 0, 0, 0, 0, 0, 0, 0, 0, 0, 0, 0, 0, 0, 0, 0, 0, 0, 0, 0, 0, 0, 0, 0, 0, 0, 0, 0, 0, 0, 0, 0, 0, 0, 0, 0, 0, 0, 189, 0, 0, 0, 0, 0, 0, 0, 0, 0, 226, 0, 0, 0, 0, 0, 0, 0, 0, 0, 0, 0, 0, 0, 0, 46, 0, 0, 0, 0, 0, 0, 0, 0, 0, 0, 0, 0, 0, 0, 0, 0, 0, 0, 0, 0, 0, 0, 0, 0, 0, 0, 0, 226, 0, 58, 0, 0, 0, 0, 0, 0, 0, 0, 0, 0, 0, 0, 0, 0, 0, 0, 0, 224, 224, 0, 0, 0, 224, 224, 0, 0, 0, 0, 0, 0, 0], objects=[], opacity=0.0, draworder=), Layer(width=0, height=0, name=Objectlaag 1, type=objectgroup, visible=false, x=0, y=0, data=[], objects=[com.almasb.fxgl.entity.level.tiled.TiledObject@2e86ea9d, com.almasb.fxgl.entity.level.tiled.TiledObject@67c65302, com.almasb.fxgl.entity.level.tiled.TiledObject@75f5c311, com.almasb.fxgl.entity.level.tiled.TiledObject@4e9cebd8, com.almasb.fxgl.entity.level.tiled.TiledObject@57573294, com.almasb.fxgl.entity.level.tiled.TiledObject@25c253f, com.almasb.fxgl.entity.level.tiled.TiledObject@596a832e, com.almasb.fxgl.entity.level.tiled.TiledObject@700171f0, com.almasb.fxgl.entity.level.tiled.TiledObject@1e2c2ef6, com.almasb.fxgl.entity.level.tiled.TiledObject@7dba95d1, com.almasb.fxgl.entity.level.tiled.TiledObject@70441abb, com.almasb.fxgl.entity.level.tiled.TiledObject@bb17bb2, com.almasb.fxgl.entity.level.tiled.TiledObject@7415afac, com.almasb.fxgl.entity.level.tiled.TiledObject@5da8a8e2, com.almasb.fxgl.entity.level.tiled.TiledObject@de9e02e, com.almasb.fxgl.entity.level.tiled.TiledObject@d8566ca, com.almasb.fxgl.entity.level.tiled.TiledObject@5434c019], opacity=0.0, draworder=)], tilesets=[Tileset(firstgid=1, image=../../../../../../../Eigen test/src/main/resources/assets/levels/tiles_spritesheet.png, name=tiles_spritesheet, tilewidth=70, tileheight=70, imagewidth=914, imageheight=936, margin=0, spacing=2, columns=12, tilecount=156, transparentcolor=, tiles=[]), Tileset(firstgid=157, image=../../../../../../../Eigen test/src/main/resources/assets/levels/platformerPack_industrial_tilesheet.png, name=_industrial, tilewidth=70, tileheight=70, imagewidth=980, imageheight=560, margin=0, spacing=0, columns=14, tilecount=112, transparentcolor=, tiles=[])], backgroundcolor=, renderorder=right-down, nextobjectid=21, version=1, tiledversion=1.5.0, type=map, infinite=false, hexsidelength=0, staggeraxis=, staggerindex=, properties={}, propertytypes={})
23:57:38.100 [FXGL Background Thread 2 ] DEBUG TMXLevelLoader       - Creating tile layer entities
23:57:38.101 [FXGL Background Thread 2 ] DEBUG TilesetLoader        - Loading view for layer Bottom
23:57:38.102 [FXGL Background Thread 2 ] DEBUG TilesetLoader        - Created buffer with size 2100.0x700.0
23:57:38.122 [FXGL Background Thread 2 ] DEBUG TilesetLoader        - Writing to buffer: dst=770,350, w=70,h=70, src=490,210
23:57:38.122 [FXGL Background Thread 2 ] DEBUG TilesetLoader        - Writing to buffer: dst=840,350, w=70,h=70, src=420,210
23:57:38.123 [FXGL Background Thread 2 ] DEBUG TilesetLoader        - Writing to buffer: dst=910,350, w=70,h=70, src=490,210
23:57:38.123 [FXGL Background Thread 2 ] DEBUG TilesetLoader        - Writing to buffer: dst=490,420, w=70,h=70, src=420,210
23:57:38.123 [FXGL Background Thread 2 ] DEBUG TilesetLoader        - Writing to buffer: dst=560,420, w=70,h=70, src=490,210
23:57:38.123 [FXGL Background Thread 2 ] DEBUG TilesetLoader        - Writing to buffer: dst=630,420, w=70,h=70, src=560,210
23:57:38.123 [FXGL Background Thread 2 ] DEBUG TilesetLoader        - Writing to buffer: dst=280,490, w=70,h=70, src=490,210
23:57:38.123 [FXGL Background Thread 2 ] DEBUG TilesetLoader        - Writing to buffer: dst=350,490, w=70,h=70, src=420,210
23:57:38.123 [FXGL Background Thread 2 ] DEBUG TilesetLoader        - Writing to buffer: dst=70,560, w=70,h=70, src=560,490
23:57:38.123 [FXGL Background Thread 2 ] DEBUG TilesetLoader        - Writing to buffer: dst=210,560, w=70,h=70, src=280,210
23:57:38.124 [FXGL Background Thread 2 ] DEBUG TilesetLoader        - Writing to buffer: dst=770,560, w=70,h=70, src=140,420
23:57:38.124 [FXGL Background Thread 2 ] DEBUG TilesetLoader        - Writing to buffer: dst=840,560, w=70,h=70, src=210,420
23:57:38.124 [FXGL Background Thread 2 ] DEBUG TilesetLoader        - Writing to buffer: dst=910,560, w=70,h=70, src=280,420
23:57:38.124 [FXGL Background Thread 2 ] DEBUG TilesetLoader        - Writing to buffer: dst=0,630, w=70,h=70, src=0,140
23:57:38.124 [FXGL Background Thread 2 ] DEBUG TilesetLoader        - Writing to buffer: dst=70,630, w=70,h=70, src=0,140
23:57:38.125 [FXGL Background Thread 2 ] DEBUG TilesetLoader        - Writing to buffer: dst=140,630, w=70,h=70, src=0,140
23:57:38.125 [FXGL Background Thread 2 ] DEBUG TilesetLoader        - Writing to buffer: dst=210,630, w=70,h=70, src=0,140
23:57:38.125 [FXGL Background Thread 2 ] DEBUG TilesetLoader        - Writing to buffer: dst=280,630, w=70,h=70, src=0,140
23:57:38.125 [FXGL Background Thread 2 ] DEBUG TilesetLoader        - Writing to buffer: dst=350,630, w=70,h=70, src=0,140
23:57:38.126 [FXGL Background Thread 2 ] DEBUG TilesetLoader        - Writing to buffer: dst=420,630, w=70,h=70, src=0,140
23:57:38.126 [FXGL Background Thread 2 ] DEBUG TilesetLoader        - Writing to buffer: dst=490,630, w=70,h=70, src=0,140
23:57:38.126 [FXGL Background Thread 2 ] DEBUG TilesetLoader        - Writing to buffer: dst=560,630, w=70,h=70, src=0,140
23:57:38.126 [FXGL Background Thread 2 ] DEBUG TilesetLoader        - Writing to buffer: dst=630,630, w=70,h=70, src=0,140
23:57:38.126 [FXGL Background Thread 2 ] DEBUG TilesetLoader        - Writing to buffer: dst=700,630, w=70,h=70, src=0,140
23:57:38.126 [FXGL Background Thread 2 ] DEBUG TilesetLoader        - Writing to buffer: dst=770,630, w=70,h=70, src=0,140
23:57:38.127 [FXGL Background Thread 2 ] DEBUG TilesetLoader        - Writing to buffer: dst=840,630, w=70,h=70, src=0,140
23:57:38.127 [FXGL Background Thread 2 ] DEBUG TilesetLoader        - Writing to buffer: dst=910,630, w=70,h=70, src=0,140
23:57:38.127 [FXGL Background Thread 2 ] DEBUG TilesetLoader        - Writing to buffer: dst=980,630, w=70,h=70, src=0,140
23:57:38.127 [FXGL Background Thread 2 ] DEBUG TilesetLoader        - Writing to buffer: dst=1050,630, w=70,h=70, src=0,140
23:57:38.127 [FXGL Background Thread 2 ] DEBUG TilesetLoader        - Writing to buffer: dst=1260,630, w=70,h=70, src=0,140
23:57:38.128 [FXGL Background Thread 2 ] DEBUG TilesetLoader        - Writing to buffer: dst=1330,630, w=70,h=70, src=0,140
23:57:38.129 [FXGL Background Thread 2 ] DEBUG TilesetLoader        - Writing to buffer: dst=1400,630, w=70,h=70, src=0,140
23:57:38.130 [FXGL Background Thread 2 ] DEBUG TilesetLoader        - Writing to buffer: dst=1610,630, w=70,h=70, src=0,140
23:57:38.130 [FXGL Background Thread 2 ] DEBUG TilesetLoader        - Writing to buffer: dst=1680,630, w=70,h=70, src=0,140
23:57:38.130 [FXGL Background Thread 2 ] DEBUG TilesetLoader        - Writing to buffer: dst=1750,630, w=70,h=70, src=0,140
23:57:38.130 [FXGL Background Thread 2 ] DEBUG TilesetLoader        - Writing to buffer: dst=1820,630, w=70,h=70, src=0,140
23:57:38.130 [FXGL Background Thread 2 ] DEBUG TilesetLoader        - Writing to buffer: dst=1890,630, w=70,h=70, src=0,140
23:57:38.130 [FXGL Background Thread 2 ] DEBUG TilesetLoader        - Writing to buffer: dst=1960,630, w=70,h=70, src=0,140
23:57:38.131 [FXGL Background Thread 2 ] DEBUG TilesetLoader        - Writing to buffer: dst=2030,630, w=70,h=70, src=0,140
23:57:38.131 [FXGL Background Thread 2 ] DEBUG TilesetLoader        - Loading view for layer overlay
23:57:38.132 [FXGL Background Thread 2 ] DEBUG TilesetLoader        - Created buffer with size 2100.0x700.0
23:57:38.132 [FXGL Background Thread 2 ] DEBUG TilesetLoader        - Writing to buffer: dst=0,0, w=70,h=70, src=0,280
23:57:38.132 [FXGL Background Thread 2 ] DEBUG TilesetLoader        - Writing to buffer: dst=70,0, w=70,h=70, src=0,140
23:57:38.133 [FXGL Background Thread 2 ] DEBUG TilesetLoader        - Writing to buffer: dst=140,0, w=70,h=70, src=0,140
23:57:38.133 [FXGL Background Thread 2 ] DEBUG TilesetLoader        - Writing to buffer: dst=210,0, w=70,h=70, src=0,140
23:57:38.133 [FXGL Background Thread 2 ] DEBUG TilesetLoader        - Writing to buffer: dst=280,0, w=70,h=70, src=0,140
23:57:38.133 [FXGL Background Thread 2 ] DEBUG TilesetLoader        - Writing to buffer: dst=350,0, w=70,h=70, src=0,140
23:57:38.133 [FXGL Background Thread 2 ] DEBUG TilesetLoader        - Writing to buffer: dst=420,0, w=70,h=70, src=0,140
23:57:38.134 [FXGL Background Thread 2 ] DEBUG TilesetLoader        - Writing to buffer: dst=490,0, w=70,h=70, src=0,140
23:57:38.134 [FXGL Background Thread 2 ] DEBUG TilesetLoader        - Writing to buffer: dst=560,0, w=70,h=70, src=0,140
23:57:38.134 [FXGL Background Thread 2 ] DEBUG TilesetLoader        - Writing to buffer: dst=630,0, w=70,h=70, src=0,140
23:57:38.134 [FXGL Background Thread 2 ] DEBUG TilesetLoader        - Writing to buffer: dst=700,0, w=70,h=70, src=0,140
23:57:38.134 [FXGL Background Thread 2 ] DEBUG TilesetLoader        - Writing to buffer: dst=770,0, w=70,h=70, src=0,350
23:57:38.134 [FXGL Background Thread 2 ] DEBUG TilesetLoader        - Writing to buffer: dst=840,0, w=70,h=70, src=0,140
23:57:38.134 [FXGL Background Thread 2 ] DEBUG TilesetLoader        - Writing to buffer: dst=910,0, w=70,h=70, src=0,140
23:57:38.134 [FXGL Background Thread 2 ] DEBUG TilesetLoader        - Writing to buffer: dst=980,0, w=70,h=70, src=0,140
23:57:38.135 [FXGL Background Thread 2 ] DEBUG TilesetLoader        - Writing to buffer: dst=1050,0, w=70,h=70, src=0,140
23:57:38.135 [FXGL Background Thread 2 ] DEBUG TilesetLoader        - Writing to buffer: dst=1120,0, w=70,h=70, src=0,280
23:57:38.135 [FXGL Background Thread 2 ] DEBUG TilesetLoader        - Writing to buffer: dst=770,70, w=70,h=70, src=0,420
23:57:38.135 [FXGL Background Thread 2 ] DEBUG TilesetLoader        - Writing to buffer: dst=770,140, w=70,h=70, src=0,490
23:57:38.135 [FXGL Background Thread 2 ] DEBUG TilesetLoader        - Writing to buffer: dst=770,350, w=70,h=70, src=140,280
23:57:38.135 [FXGL Background Thread 2 ] DEBUG TilesetLoader        - Writing to buffer: dst=840,350, w=70,h=70, src=210,280
23:57:38.135 [FXGL Background Thread 2 ] DEBUG TilesetLoader        - Writing to buffer: dst=910,350, w=70,h=70, src=280,280
23:57:38.136 [FXGL Background Thread 2 ] DEBUG TilesetLoader        - Writing to buffer: dst=210,490, w=70,h=70, src=280,140
23:57:38.136 [FXGL Background Thread 2 ] DEBUG TilesetLoader        - Writing to buffer: dst=910,490, w=70,h=70, src=910,280
23:57:38.151 [FXGL Background Thread 2 ] DEBUG TilesetLoader        - Writing to buffer: dst=1960,490, w=70,h=70, src=648,216
23:57:38.151 [FXGL Background Thread 2 ] DEBUG TilesetLoader        - Writing to buffer: dst=1820,560, w=70,h=70, src=910,280
23:57:38.151 [FXGL Background Thread 2 ] DEBUG TilesetLoader        - Writing to buffer: dst=1960,560, w=70,h=70, src=648,288
23:57:38.151 [FXGL Background Thread 2 ] DEBUG TilesetLoader        - Writing to buffer: dst=1120,630, w=70,h=70, src=770,280
23:57:38.152 [FXGL Background Thread 2 ] DEBUG TilesetLoader        - Writing to buffer: dst=1190,630, w=70,h=70, src=770,280
23:57:38.152 [FXGL Background Thread 2 ] DEBUG TilesetLoader        - Writing to buffer: dst=1470,630, w=70,h=70, src=770,280
23:57:38.152 [FXGL Background Thread 2 ] DEBUG TilesetLoader        - Writing to buffer: dst=1540,630, w=70,h=70, src=770,280
23:57:38.152 [FXGL Background Thread 2 ] DEBUG TMXLevelLoader       - Creating object layer entities
23:57:38.167 [FXGL Background Thread 2 ] DEBUG FXGLAssetLoaderServi - Loading from file system: file:/D:/OneDrive/OneDrive%20-%20Hogeschool%20Leiden/IPOSE/NERDS%20VS%20VIRUS/nerdsvsthevirus/target/classes/assets/textures/spuit2.png
23:57:38.173 [FXGL Background Thread 2 ] DEBUG FXGLAssetLoaderServi - Loading from file system: file:/D:/OneDrive/OneDrive%20-%20Hogeschool%20Leiden/IPOSE/NERDS%20VS%20VIRUS/nerdsvsthevirus/target/classes/assets/textures/bacteria.png
23:57:38.181 [FXGL Background Thread 2 ] DEBUG GameWorld            - Clearing removable entities
23:57:38.182 [FXGL Background Thread 2 ] DEBUG GameWorld            - Setting level: com.almasb.fxgl.entity.level.Level@6a20100b
23:57:38.190 [FXGL Background Thread 2 ] DEBUG FXGLAssetLoaderServi - Loading from file system: file:/D:/OneDrive/OneDrive%20-%20Hogeschool%20Leiden/IPOSE/NERDS%20VS%20VIRUS/nerdsvsthevirus/target/classes/assets/textures/Start/startBg.png
23:57:38.226 [FXGL Background Thread 2 ] DEBUG FXGLAssetLoaderServi - Loading from file system: file:/D:/OneDrive/OneDrive%20-%20Hogeschool%20Leiden/IPOSE/NERDS%20VS%20VIRUS/nerdsvsthevirus/target/classes/assets/textures/sprite.png
23:57:38.233 [FXGL Background Thread 2 ] INFO  FXGLApplication      - Game initialization took: 0,163 sec
23:57:38.234 [JavaFX Application Thread] DEBUG Input                - Clearing active input actions
23:57:38.239 [JavaFX Application Thread] DEBUG GameApplicationServi - Removing overlay from FXGLLoadingScene and adding to GameScene
23:57:38.239 [JavaFX Application Thread] DEBUG PrimaryStageWindow   - FXGLLoadingScene -> GameScene
23:57:40.008 [FXGL Background Thread 3 ] DEBUG Engine               - Logging environment variables
23:57:40.008 [FXGL Background Thread 3 ] DEBUG Engine               - achievements: []
23:57:40.008 [FXGL Background Thread 3 ] DEBUG Engine               - actualHeight: 700.0
23:57:40.008 [FXGL Background Thread 3 ] DEBUG Engine               - actualHeightProperty: ReadOnlyDoubleProperty [value: 700.0]
23:57:40.008 [FXGL Background Thread 3 ] DEBUG Engine               - actualWidth: 1050.0
23:57:40.008 [FXGL Background Thread 3 ] DEBUG Engine               - actualWidthProperty: ReadOnlyDoubleProperty [value: 1050.0]
23:57:40.008 [FXGL Background Thread 3 ] DEBUG Engine               - appIcon: fxgl_icon.png
23:57:40.009 [FXGL Background Thread 3 ] DEBUG Engine               - applicationMode: DEVELOPER
23:57:40.009 [FXGL Background Thread 3 ] DEBUG Engine               - cSSList: [fxgl_dark.css]
23:57:40.009 [FXGL Background Thread 3 ] DEBUG Engine               - collisionDetectionStrategy: BRUTE_FORCE
23:57:40.009 [FXGL Background Thread 3 ] DEBUG Engine               - configClass: Optional.empty
23:57:40.009 [FXGL Background Thread 3 ] DEBUG Engine               - credits: []
23:57:40.009 [FXGL Background Thread 3 ] DEBUG Engine               - devBBoxColorProperty: ObjectProperty [value: 0xff0000ff]
23:57:40.009 [FXGL Background Thread 3 ] DEBUG Engine               - devEnableDebugCameraProperty: BooleanProperty [value: false]
23:57:40.010 [FXGL Background Thread 3 ] DEBUG Engine               - devSensorColorProperty: ObjectProperty [value: 0xffff00ff]
23:57:40.010 [FXGL Background Thread 3 ] DEBUG Engine               - devShowBBoxProperty: BooleanProperty [value: false]
23:57:40.010 [FXGL Background Thread 3 ] DEBUG Engine               - devShowPositionProperty: BooleanProperty [value: false]
23:57:40.010 [FXGL Background Thread 3 ] DEBUG Engine               - enabledMenuItems: []
23:57:40.010 [FXGL Background Thread 3 ] DEBUG Engine               - engineServices: [class com.almasb.fxgl.app.services.FXGLAssetLoaderService, class com.almasb.fxgl.app.FXGLApplication$GameApplicationService, class com.almasb.fxgl.app.services.FXGLDialogService, class com.almasb.fxgl.app.services.IOTaskExecutorService, class com.almasb.fxgl.event.EventBusService, class com.almasb.fxgl.io.FileSystemService, class com.almasb.fxgl.localization.LocalizationService, class com.almasb.fxgl.app.services.SystemBundleService, class com.almasb.fxgl.profile.SaveLoadService, class com.almasb.fxgl.ui.FXGLUIFactoryServiceProvider, class com.almasb.fxgl.ui.FXGLDialogFactoryServiceProvider, class com.almasb.fxgl.audio.AudioPlayer, class com.almasb.fxgl.notification.impl.NotificationServiceProvider, class com.almasb.fxgl.achievement.AchievementService, class com.almasb.fxgl.cutscene.CutsceneService, class com.almasb.fxgl.minigames.MiniGameService, class com.almasb.fxgl.net.NetService, class com.almasb.fxgl.app.services.UpdaterService, class com.almasb.fxgl.dev.DevService]
23:57:40.010 [FXGL Background Thread 3 ] DEBUG Engine               - fontGame: Abel-Regular.ttf
23:57:40.010 [FXGL Background Thread 3 ] DEBUG Engine               - fontMono: lucida_console.ttf
23:57:40.010 [FXGL Background Thread 3 ] DEBUG Engine               - fontText: Courier-Prime.ttf
23:57:40.010 [FXGL Background Thread 3 ] DEBUG Engine               - fontUI: VarelaRound-Regular.ttf
23:57:40.010 [FXGL Background Thread 3 ] DEBUG Engine               - fullScreen: BooleanProperty [value: false]
23:57:40.010 [FXGL Background Thread 3 ] DEBUG Engine               - gameDifficulty: MEDIUM
23:57:40.011 [FXGL Background Thread 3 ] DEBUG Engine               - gameDifficultyProperty: ObjectProperty [value: MEDIUM]
23:57:40.011 [FXGL Background Thread 3 ] DEBUG Engine               - globalMusicVolume: 0.5
23:57:40.011 [FXGL Background Thread 3 ] DEBUG Engine               - globalMusicVolumeProperty: DoubleProperty [value: 0.5]
23:57:40.011 [FXGL Background Thread 3 ] DEBUG Engine               - globalSoundVolume: 0.5
23:57:40.011 [FXGL Background Thread 3 ] DEBUG Engine               - globalSoundVolumeProperty: DoubleProperty [value: 0.5]
23:57:40.011 [FXGL Background Thread 3 ] DEBUG Engine               - height: 700
23:57:40.011 [FXGL Background Thread 3 ] DEBUG Engine               - isAndroid: false
23:57:40.011 [FXGL Background Thread 3 ] DEBUG Engine               - isBrowser: false
23:57:40.011 [FXGL Background Thread 3 ] DEBUG Engine               - isClickFeedbackEnabled: false
23:57:40.011 [FXGL Background Thread 3 ] DEBUG Engine               - isCloseConfirmation: false
23:57:40.012 [FXGL Background Thread 3 ] DEBUG Engine               - isDesktop: true
23:57:40.012 [FXGL Background Thread 3 ] DEBUG Engine               - isDeveloperMenuEnabled: false
23:57:40.012 [FXGL Background Thread 3 ] DEBUG Engine               - isEntityPreloadEnabled: true
23:57:40.012 [FXGL Background Thread 3 ] DEBUG Engine               - isExperimental3D: false
23:57:40.012 [FXGL Background Thread 3 ] DEBUG Engine               - isExperimentalNative: false
23:57:40.012 [FXGL Background Thread 3 ] DEBUG Engine               - isExperimentalTiledLargeMap: false
23:57:40.012 [FXGL Background Thread 3 ] DEBUG Engine               - isFileSystemWriteAllowed: true
23:57:40.012 [FXGL Background Thread 3 ] DEBUG Engine               - isFullScreenAllowed: false
23:57:40.012 [FXGL Background Thread 3 ] DEBUG Engine               - isFullScreenFromStart: false
23:57:40.013 [FXGL Background Thread 3 ] DEBUG Engine               - isGameMenuEnabled: true
23:57:40.013 [FXGL Background Thread 3 ] DEBUG Engine               - isIOS: false
23:57:40.013 [FXGL Background Thread 3 ] DEBUG Engine               - isIntroEnabled: false
23:57:40.013 [FXGL Background Thread 3 ] DEBUG Engine               - isLinux: false
23:57:40.013 [FXGL Background Thread 3 ] DEBUG Engine               - isMac: false
23:57:40.013 [FXGL Background Thread 3 ] DEBUG Engine               - isMainMenuEnabled: true
23:57:40.013 [FXGL Background Thread 3 ] DEBUG Engine               - isManualResizeEnabled: false
23:57:40.013 [FXGL Background Thread 3 ] DEBUG Engine               - isMobile: false
23:57:40.014 [FXGL Background Thread 3 ] DEBUG Engine               - isPreserveResizeRatio: false
23:57:40.014 [FXGL Background Thread 3 ] DEBUG Engine               - isProfilingEnabled: false
23:57:40.014 [FXGL Background Thread 3 ] DEBUG Engine               - isScaleAffectedOnResize: true
23:57:40.014 [FXGL Background Thread 3 ] DEBUG Engine               - isSingleStep: false
23:57:40.014 [FXGL Background Thread 3 ] DEBUG Engine               - isUserProfileEnabled: false
23:57:40.014 [FXGL Background Thread 3 ] DEBUG Engine               - isWindows: true
23:57:40.014 [FXGL Background Thread 3 ] DEBUG Engine               - language: ObjectProperty [value: ENGLISH]
23:57:40.014 [FXGL Background Thread 3 ] DEBUG Engine               - menuKey: ESCAPE
23:57:40.014 [FXGL Background Thread 3 ] DEBUG Engine               - notificationViewClass: class com.almasb.fxgl.notification.view.XboxNotificationView
23:57:40.014 [FXGL Background Thread 3 ] DEBUG Engine               - pixelsPerMeter: 50.0
23:57:40.015 [FXGL Background Thread 3 ] DEBUG Engine               - platform: WINDOWS
23:57:40.015 [FXGL Background Thread 3 ] DEBUG Engine               - prefHeightProperty: ReadOnlyDoubleProperty [value: 700.0]
23:57:40.015 [FXGL Background Thread 3 ] DEBUG Engine               - prefWidthProperty: ReadOnlyDoubleProperty [value: 1050.0]
23:57:40.015 [FXGL Background Thread 3 ] DEBUG Engine               - profileDir: profiles/
23:57:40.015 [FXGL Background Thread 3 ] DEBUG Engine               - profileName: StringProperty [value: DEFAULT]
23:57:40.015 [FXGL Background Thread 3 ] DEBUG Engine               - randomSeed: -1
23:57:40.015 [FXGL Background Thread 3 ] DEBUG Engine               - runtimeInfo: RuntimeInfo(platform=WINDOWS, version=11.14, build=01.03.2021 16.59)
23:57:40.015 [FXGL Background Thread 3 ] DEBUG Engine               - saveFileExt: sav
23:57:40.015 [FXGL Background Thread 3 ] DEBUG Engine               - scaledHeightProp$fxgl: DoubleProperty [bound, value: 700.0]
23:57:40.015 [FXGL Background Thread 3 ] DEBUG Engine               - scaledWidthProp$fxgl: DoubleProperty [bound, value: 1050.0]
23:57:40.015 [FXGL Background Thread 3 ] DEBUG Engine               - sceneFactory: NerdvsVirus.Game$1@20c9cd15
23:57:40.015 [FXGL Background Thread 3 ] DEBUG Engine               - secondsIn24h: 60
23:57:40.016 [FXGL Background Thread 3 ] DEBUG Engine               - soundMenuBack: menu/back.wav
23:57:40.016 [FXGL Background Thread 3 ] DEBUG Engine               - soundMenuPress: menu/press.wav
23:57:40.016 [FXGL Background Thread 3 ] DEBUG Engine               - soundMenuSelect: menu/select.wav
23:57:40.016 [FXGL Background Thread 3 ] DEBUG Engine               - soundNotification: core/notification.wav
23:57:40.016 [FXGL Background Thread 3 ] DEBUG Engine               - stageStyle: DECORATED
23:57:40.016 [FXGL Background Thread 3 ] DEBUG Engine               - supportedLanguages: [ENGLISH, FRENCH, GERMAN, HUNGARIAN, RUSSIAN]
23:57:40.016 [FXGL Background Thread 3 ] DEBUG Engine               - ticksPerSecond: -1
23:57:40.016 [FXGL Background Thread 3 ] DEBUG Engine               - title: Nerds VS Virus
23:57:40.016 [FXGL Background Thread 3 ] DEBUG Engine               - urlGithub: https://github.com/AlmasB/FXGL
23:57:40.016 [FXGL Background Thread 3 ] DEBUG Engine               - urlLeaderboard: http://fxgl-top.herokuapp.com/
23:57:40.016 [FXGL Background Thread 3 ] DEBUG Engine               - urlPOM: https://raw.githubusercontent.com/AlmasB/FXGL/release/README.md
23:57:40.016 [FXGL Background Thread 3 ] DEBUG Engine               - userAppClass: class NerdvsVirus.Game
23:57:40.016 [FXGL Background Thread 3 ] DEBUG Engine               - version: 0.0
23:57:40.017 [FXGL Background Thread 3 ] DEBUG Engine               - versionCheckDays: 7
23:57:40.017 [FXGL Background Thread 3 ] DEBUG Engine               - width: 1050
23:57:40.017 [FXGL Background Thread 3 ] DEBUG Engine               - Logging services
23:57:40.017 [FXGL Background Thread 3 ] DEBUG Engine               - class com.almasb.fxgl.app.services.FXGLAssetLoaderService
23:57:40.017 [FXGL Background Thread 3 ] DEBUG Engine               - class com.almasb.fxgl.app.FXGLApplication$GameApplicationService
23:57:40.017 [FXGL Background Thread 3 ] DEBUG Engine               - class com.almasb.fxgl.app.services.FXGLDialogService
23:57:40.017 [FXGL Background Thread 3 ] DEBUG Engine               - class com.almasb.fxgl.app.services.IOTaskExecutorService
23:57:40.017 [FXGL Background Thread 3 ] DEBUG Engine               - class com.almasb.fxgl.event.EventBusService
23:57:40.017 [FXGL Background Thread 3 ] DEBUG Engine               - class com.almasb.fxgl.io.FileSystemService
23:57:40.017 [FXGL Background Thread 3 ] DEBUG Engine               - class com.almasb.fxgl.localization.LocalizationService
23:57:40.017 [FXGL Background Thread 3 ] DEBUG Engine               - class com.almasb.fxgl.app.services.SystemBundleService
23:57:40.017 [FXGL Background Thread 3 ] DEBUG Engine               - class com.almasb.fxgl.profile.SaveLoadService
23:57:40.018 [FXGL Background Thread 3 ] DEBUG Engine               - class com.almasb.fxgl.ui.FXGLUIFactoryServiceProvider
23:57:40.018 [FXGL Background Thread 3 ] DEBUG Engine               - class com.almasb.fxgl.ui.FXGLDialogFactoryServiceProvider
23:57:40.018 [FXGL Background Thread 3 ] DEBUG Engine               - class com.almasb.fxgl.audio.AudioPlayer
23:57:40.018 [FXGL Background Thread 3 ] DEBUG Engine               - class com.almasb.fxgl.notification.impl.NotificationServiceProvider
23:57:40.018 [FXGL Background Thread 3 ] DEBUG Engine               - class com.almasb.fxgl.achievement.AchievementService
23:57:40.018 [FXGL Background Thread 3 ] DEBUG Engine               - class com.almasb.fxgl.cutscene.CutsceneService
23:57:40.018 [FXGL Background Thread 3 ] DEBUG Engine               - class com.almasb.fxgl.minigames.MiniGameService
23:57:40.018 [FXGL Background Thread 3 ] DEBUG Engine               - class com.almasb.fxgl.net.NetService
23:57:40.018 [FXGL Background Thread 3 ] DEBUG Engine               - class com.almasb.fxgl.app.services.UpdaterService
23:57:40.018 [FXGL Background Thread 3 ] DEBUG Engine               - class com.almasb.fxgl.dev.DevService
23:58:13.130 [JavaFX Application Thread] DEBUG LoopRunner           - Stopping loop
23:58:13.131 [JavaFX Application Thread] FATAL FXGLApplication      - Uncaught Exception:
java.lang.IllegalArgumentException: No EntityFactory has a method annotated @Spawns(door)
	at com.almasb.fxgl.entity.GameWorld.create(GameWorld.kt:398)
	at com.almasb.fxgl.entity.GameWorld.spawn(GameWorld.kt:381)
	at com.almasb.fxgl.dsl.FXGLForKtKt.spawn(FXGLForKt.kt:163)
	at NerdvsVirus.Game$5.lambda$onActionBegin$1(Game.java:80)
	at java.base/java.util.stream.ForEachOps$ForEachOp$OfRef.accept(ForEachOps.java:183)
	at java.base/java.util.stream.ReferencePipeline$2$1.accept(ReferencePipeline.java:177)
	at java.base/java.util.ArrayList$ArrayListSpliterator.forEachRemaining(ArrayList.java:1625)
	at java.base/java.util.stream.AbstractPipeline.copyInto(AbstractPipeline.java:484)
	at java.base/java.util.stream.AbstractPipeline.wrapAndCopyInto(AbstractPipeline.java:474)
	at java.base/java.util.stream.ForEachOps$ForEachOp.evaluateSequential(ForEachOps.java:150)
	at java.base/java.util.stream.ForEachOps$ForEachOp$OfRef.evaluateSequential(ForEachOps.java:173)
	at java.base/java.util.stream.AbstractPipeline.evaluate(AbstractPipeline.java:234)
	at java.base/java.util.stream.ReferencePipeline.forEach(ReferencePipeline.java:497)
	at NerdvsVirus.Game$5.onActionBegin(Game.java:76)
	at com.almasb.fxgl.input.UserAction.begin$fxgl_input(UserAction.kt:37)
	at com.almasb.fxgl.input.Input.handlePressed(Input.kt:350)
	at com.almasb.fxgl.input.Input.onKeyEvent(Input.kt:291)
	at com.almasb.fxgl.app.PrimaryStageWindow$1$1.invoke(MainWindow.kt:255)
	at com.almasb.fxgl.app.PrimaryStageWindow$1$1.invoke(MainWindow.kt:231)
	at com.almasb.fxgl.core.fsm.StateMachine.runOnActiveStates(StateMachine.kt:69)
	at com.almasb.fxgl.app.PrimaryStageWindow$1.invoke(MainWindow.kt:255)
	at com.almasb.fxgl.app.PrimaryStageWindow$1.invoke(MainWindow.kt:231)
	at com.almasb.fxgl.app.MainWindow$sam$javafx_event_EventHandler$0.handle(MainWindow.kt)
	at com.sun.javafx.event.CompositeEventHandler$NormalEventHandlerRecord.handleBubblingEvent(CompositeEventHandler.java:247)
	at com.sun.javafx.event.CompositeEventHandler.dispatchBubblingEvent(CompositeEventHandler.java:80)
	at com.sun.javafx.event.EventHandlerManager.dispatchBubblingEvent(EventHandlerManager.java:234)
	at com.sun.javafx.event.EventHandlerManager.dispatchBubblingEvent(EventHandlerManager.java:191)
	at com.sun.javafx.event.CompositeEventDispatcher.dispatchBubblingEvent(CompositeEventDispatcher.java:59)
	at com.sun.javafx.event.BasicEventDispatcher.dispatchEvent(BasicEventDispatcher.java:58)
	at com.sun.javafx.event.EventDispatchChainImpl.dispatchEvent(EventDispatchChainImpl.java:114)
	at com.sun.javafx.event.BasicEventDispatcher.dispatchEvent(BasicEventDispatcher.java:56)
	at com.sun.javafx.event.EventDispatchChainImpl.dispatchEvent(EventDispatchChainImpl.java:114)
	at com.sun.javafx.event.EventUtil.fireEventImpl(EventUtil.java:74)
	at com.sun.javafx.event.EventUtil.fireEvent(EventUtil.java:54)
	at javafx.event.Event.fireEvent(Event.java:198)
	at javafx.scene.Scene$KeyHandler.process(Scene.java:4064)
	at javafx.scene.Scene.processKeyEvent(Scene.java:2123)
	at javafx.scene.Scene$ScenePeerListener.keyEvent(Scene.java:2591)
	at com.sun.javafx.tk.quantum.GlassViewEventHandler$KeyEventNotification.run(GlassViewEventHandler.java:217)
	at com.sun.javafx.tk.quantum.GlassViewEventHandler$KeyEventNotification.run(GlassViewEventHandler.java:149)
	at java.base/java.security.AccessController.doPrivileged(AccessController.java:391)
	at com.sun.javafx.tk.quantum.GlassViewEventHandler.lambda$handleKeyEvent$1(GlassViewEventHandler.java:248)
	at com.sun.javafx.tk.quantum.QuantumToolkit.runWithoutRenderLock(QuantumToolkit.java:412)
	at com.sun.javafx.tk.quantum.GlassViewEventHandler.handleKeyEvent(GlassViewEventHandler.java:247)
	at com.sun.glass.ui.View.handleKeyEvent(View.java:547)
	at com.sun.glass.ui.View.notifyKey(View.java:971)
	at com.sun.glass.ui.win.WinApplication._runLoop(Native Method)
	at com.sun.glass.ui.win.WinApplication.lambda$runLoop$3(WinApplication.java:174)
	at java.base/java.lang.Thread.run(Thread.java:832)

23:58:13.131 [JavaFX Application Thread] FATAL FXGLApplication      - Application will now exit
23:58:13.142 [JavaFX Application Thread] DEBUG PrimaryStageWindow   - Push state: ErrorSubScene
23:58:13.142 [JavaFX Application Thread] DEBUG Input                - Clearing active input actions
23:58:13.147 [JavaFX Application Thread] DEBUG GameApplicationServi - Removing overlay from GameScene and adding to ErrorSubScene
23:58:13.147 [JavaFX Application Thread] DEBUG PrimaryStageWindow   - GameScene -> ErrorSubScene
23:58:20.073 [JavaFX Application Thread] DEBUG FXGLApplication      - Exiting FXGL
23:58:20.073 [JavaFX Application Thread] DEBUG Async                - Shutting down background threads
23:58:20.073 [JavaFX Application Thread] DEBUG PrimaryStageWindow   - Closing main window
23:58:20.081 [JavaFX Application Thread] DEBUG Logger               - Closing Logger
