22:44:02.317 [main                     ] DEBUG Logger               - Configured Logger
22:44:02.329 [main                     ] DEBUG GameApplication      - Logging settings
Title: Nerds VS Virus
Version: 0.0
Width: 1050
Height: 700
Fullscreen: false
Intro: false
Profiling: false
Single step:false
App Mode: DEVELOPER
Menu Key: ESCAPE
Stage Style: DECORATED
Scene Factory: class NerdvsVirus.Game$1

22:44:02.789 [JavaFX Application Thread] DEBUG FXGLApplication      - Initializing FXGL
22:44:02.791 [JavaFX Application Thread] INFO  Engine               - FXGL-11.14 (01.03.2021 16.59) on WINDOWS (J:15.0.2 FX:15)
22:44:02.792 [JavaFX Application Thread] DEBUG Engine               - JRE Vendor Name: Oracle Corporation
22:44:02.792 [JavaFX Application Thread] DEBUG Engine               - Running on OS: Windows 10 version 10.0
22:44:02.792 [JavaFX Application Thread] DEBUG Engine               - Architecture: amd64
22:44:02.793 [JavaFX Application Thread] INFO  Engine               - Source code and latest versions at: https://github.com/AlmasB/FXGL
22:44:02.793 [JavaFX Application Thread] INFO  Engine               -              Join the FXGL chat at: https://gitter.im/AlmasB/FXGL
22:44:02.907 [JavaFX Application Thread] DEBUG PrimaryStageWindow   - Creating a JavaFX scene
22:44:02.953 [JavaFX Application Thread] DEBUG PrimaryStageWindow   - Target settings size: 1050.0 x 700.0
22:44:02.953 [JavaFX Application Thread] DEBUG PrimaryStageWindow   - Scaled scene size:    1050.0 x 700.0
22:44:02.953 [JavaFX Application Thread] DEBUG PrimaryStageWindow   - Scaled ratio: (1.0, 1.0)
22:44:02.954 [JavaFX Application Thread] DEBUG PrimaryStageWindow   - Set initial scene to FXGLStartupScene
22:44:02.963 [JavaFX Application Thread] DEBUG PrimaryStageWindow   - Opening main window
22:44:03.034 [JavaFX Application Thread] DEBUG PrimaryStageWindow   - Window border size: (16.0, 39.0)
22:44:03.034 [JavaFX Application Thread] DEBUG PrimaryStageWindow   - Scaled size: 1050.0 x 700.0
22:44:03.034 [JavaFX Application Thread] DEBUG PrimaryStageWindow   - Scaled ratio: (1.0, 1.0)
22:44:03.034 [JavaFX Application Thread] DEBUG PrimaryStageWindow   - Scene size: 1050.0 x 700.0
22:44:03.034 [JavaFX Application Thread] DEBUG PrimaryStageWindow   - Stage size: 1066.0 x 739.0
22:44:03.041 [FXGL Background Thread 1 ] DEBUG Engine               - Initializing environment variables
22:44:03.070 [FXGL Background Thread 1 ] DEBUG FXGLAssetLoaderServi - User app class for loading assets: class NerdvsVirus.Game
22:44:03.070 [FXGL Background Thread 1 ] DEBUG GameApplicationServi - Applying CSS: fxgl_dark.css
22:44:03.072 [FXGL Background Thread 1 ] DEBUG FXGLAssetLoaderServi - Loading from file system: jar:file:/C:/Users/luukb/.m2/repository/com/github/almasb/fxgl/11.14/fxgl-11.14.jar!/fxglassets/ui/css/fxgl_dark.css
22:44:03.116 [FXGL Background Thread 1 ] DEBUG GameApplicationServi - Initializing application scenes
22:44:03.144 [FXGL Background Thread 1 ] DEBUG GameWorld            - Game world initialized
22:44:03.213 [FXGL Background Thread 1 ] DEBUG PhysicsWorld         - Physics world initialized: appHeight=700, physics.ppm=50,0
22:44:03.214 [FXGL Background Thread 1 ] DEBUG PhysicsWorld         - Using strategy: BRUTE_FORCE
22:44:03.216 [FXGL Background Thread 1 ] DEBUG GameScene            - Game scene initialized: 1050x700
22:44:03.331 [FXGL Background Thread 1 ] DEBUG FXGLAssetLoaderServi - Loading from file system: jar:file:/C:/Users/luukb/.m2/repository/com/github/almasb/fxgl/11.14/fxgl-11.14.jar!/fxglassets/textures/particles/trace_horizontal.png
22:44:03.364 [FXGL Background Thread 1 ] DEBUG FXGL.DefaultMenu     - createMenuBodyGameMenu()
22:44:03.378 [FXGL Background Thread 1 ] DEBUG FXGL.DefaultMenu     - createOptionsMenu()
22:44:03.383 [FXGL Background Thread 1 ] DEBUG FXGLAssetLoaderServi - Loading from file system: jar:file:/C:/Users/luukb/.m2/repository/com/github/almasb/fxgl/11.14/fxgl-11.14.jar!/fxglassets/textures/particles/smoke.png
22:44:03.428 [FXGL Background Thread 1 ] DEBUG GameApplicationServi - Application scenes initialized
22:44:03.437 [FXGL Background Thread 1 ] DEBUG SystemBundleService  - Loading FXGL system data
22:44:03.440 [FXGL Background Thread 1 ] DEBUG FileSystemAccess     - Reading from: D:\OneDrive\OneDrive - Hogeschool Leiden\IPOSE\NERDS VS VIRUS\nerdsvsthevirus\system\fxgl.bundle
22:44:03.445 [FXGL Background Thread 1 ] DEBUG SystemBundleService  - Bundle FXGL: {}
22:44:03.445 [FXGL Background Thread 1 ] DEBUG UpdaterService       - Checking for updates
22:44:03.449 [FXGL Background Thread 4 ] DEBUG FXGLApplication      - Loading fonts
22:44:03.449 [FXGL Background Thread 1 ] DEBUG FXGLApplication      - Loading default localization
22:44:03.450 [FXGL Background Thread 4 ] DEBUG FXGLAssetLoaderServi - Loading from file system: jar:file:/C:/Users/luukb/.m2/repository/com/github/almasb/fxgl/11.14/fxgl-11.14.jar!/fxglassets/ui/fonts/VarelaRound-Regular.ttf
22:44:03.450 [FXGL Background Thread 1 ] DEBUG FXGLAssetLoaderServi - Loading from file system: jar:file:/C:/Users/luukb/.m2/repository/com/github/almasb/fxgl/11.14/fxgl-11.14.jar!/fxglassets/languages/english.lang
22:44:03.454 [FXGL Background Thread 4 ] DEBUG FXGLAssetLoaderServi - Loading from file system: jar:file:/C:/Users/luukb/.m2/repository/com/github/almasb/fxgl/11.14/fxgl-11.14.jar!/fxglassets/ui/fonts/Abel-Regular.ttf
22:44:03.458 [FXGL Background Thread 4 ] DEBUG FXGLAssetLoaderServi - Loading from file system: jar:file:/C:/Users/luukb/.m2/repository/com/github/almasb/fxgl/11.14/fxgl-11.14.jar!/fxglassets/ui/fonts/lucida_console.ttf
22:44:03.464 [FXGL Background Thread 4 ] DEBUG FXGLAssetLoaderServi - Loading from file system: jar:file:/C:/Users/luukb/.m2/repository/com/github/almasb/fxgl/11.14/fxgl-11.14.jar!/fxglassets/ui/fonts/Courier-Prime.ttf
22:44:03.464 [FXGL Background Thread 1 ] INFO  FXGLApplication      - FXGL initialization took: 0,423 sec
22:44:03.473 [JavaFX Application Thread] DEBUG Input                - Registered new binding: Left - A
22:44:03.473 [JavaFX Application Thread] DEBUG Input                - Registered new binding: Right - D
22:44:03.473 [JavaFX Application Thread] DEBUG Input                - Registered new binding: Jump - W
22:44:03.474 [JavaFX Application Thread] DEBUG FXGLAssetLoaderServi - Loading from file system: jar:file:/C:/Users/luukb/.m2/repository/com/github/almasb/fxgl/11.14/fxgl-11.14.jar!/fxglassets/textures/fxgl_icon.png
22:44:03.484 [JavaFX Application Thread] DEBUG FXGLAssetLoaderServi - Loading from file system: jar:file:/C:/Users/luukb/.m2/repository/com/github/almasb/fxgl/11.14/fxgl-11.14.jar!/fxglassets/ui/cursors/fxgl_default.png
22:44:03.486 [JavaFX Application Thread] DEBUG Input                - Registered new binding: Screenshot - P
22:44:03.486 [JavaFX Application Thread] DEBUG Input                - Registered new binding: System info dump - CTRL+9
22:44:03.487 [JavaFX Application Thread] DEBUG Input                - Registered new binding: Restart - CTRL+R
22:44:03.487 [JavaFX Application Thread] DEBUG Input                - Registered new binding: Toggle Debug Camera - CTRL+C
22:44:03.489 [JavaFX Application Thread] DEBUG LoopRunner           - Starting loop
22:44:03.489 [JavaFX Application Thread] DEBUG LoopRunner           - Initializing JavaFX AnimationTimerLoop
22:44:03.492 [JavaFX Application Thread] DEBUG Input                - Clearing active input actions
22:44:03.498 [JavaFX Application Thread] DEBUG GameApplicationServi - Removing overlay from FXGLStartupScene and adding to FXGLMainMenuDummyScene
22:44:03.498 [JavaFX Application Thread] DEBUG PrimaryStageWindow   - FXGLStartupScene -> FXGLMainMenuDummyScene
22:44:03.498 [JavaFX Application Thread] DEBUG PrimaryStageWindow   - Push state: MainMenu
22:44:03.498 [JavaFX Application Thread] DEBUG Input                - Clearing active input actions
22:44:03.899 [JavaFX Application Thread] DEBUG GameApplicationServi - Removing overlay from FXGLMainMenuDummyScene and adding to MainMenu
22:44:03.900 [JavaFX Application Thread] DEBUG PrimaryStageWindow   - FXGLMainMenuDummyScene -> MainMenu
22:44:03.907 [JavaFX Application Thread] DEBUG FXGLApplication      - Registering font factories with UI factory
22:44:04.600 [JavaFX Application Thread] DEBUG Menu                 - fireNewGame()
22:44:04.601 [JavaFX Application Thread] DEBUG GameApplicationServi - Starting new game
22:44:04.601 [JavaFX Application Thread] DEBUG PrimaryStageWindow   - Pop state: MainMenu
22:44:04.601 [JavaFX Application Thread] DEBUG Input                - Clearing active input actions
22:44:04.601 [JavaFX Application Thread] DEBUG GameApplicationServi - Removing overlay from MainMenu and adding to FXGLMainMenuDummyScene
22:44:04.602 [JavaFX Application Thread] DEBUG PrimaryStageWindow   - FXGLMainMenuDummyScene <- MainMenu
22:44:04.602 [JavaFX Application Thread] DEBUG Input                - Clearing active input actions
22:44:04.607 [JavaFX Application Thread] DEBUG GameApplicationServi - Removing overlay from FXGLMainMenuDummyScene and adding to FXGLLoadingScene
22:44:04.608 [JavaFX Application Thread] DEBUG PrimaryStageWindow   - FXGLMainMenuDummyScene -> FXGLLoadingScene
22:44:04.608 [JavaFX Application Thread] DEBUG GameApplicationServi - Clearing previous game
22:44:04.608 [JavaFX Application Thread] DEBUG GameScene            - Clearing game scene
22:44:04.608 [JavaFX Application Thread] DEBUG GameWorld            - Clearing game world
22:44:04.608 [JavaFX Application Thread] DEBUG PhysicsWorld         - Clearing physics world
22:44:04.609 [FXGL Background Thread 2 ] DEBUG FXGLApplication      - Initializing game
22:44:04.630 [FXGL Background Thread 2 ] WARN  TMXLevelLoader       - TiledMap generated from 1.5.0. Supported version: 1.2.3. Some features may not be parsed fully.
22:44:04.638 [FXGL Background Thread 2 ] DEBUG TMXLevelLoader       - Parsed raw map: TiledMap(width=30, height=10, tilewidth=70, tileheight=70, orientation=orthogonal, layers=[Layer(width=30, height=10, name=Bottom, type=tilelayer, visible=false, x=0, y=0, data=[0, 0, 0, 0, 0, 0, 0, 0, 0, 0, 0, 0, 0, 0, 0, 0, 0, 0, 0, 0, 0, 0, 0, 0, 0, 0, 0, 0, 0, 0, 0, 0, 0, 0, 0, 0, 0, 0, 0, 0, 0, 0, 0, 0, 0, 0, 0, 0, 0, 0, 0, 0, 0, 0, 0, 0, 0, 0, 0, 0, 0, 0, 0, 0, 0, 0, 0, 0, 0, 0, 0, 0, 0, 0, 0, 0, 0, 0, 0, 0, 0, 0, 0, 0, 0, 0, 0, 0, 0, 0, 0, 0, 0, 0, 0, 0, 0, 0, 0, 0, 0, 0, 0, 0, 0, 0, 0, 0, 0, 0, 0, 0, 0, 0, 0, 0, 0, 0, 0, 0, 0, 0, 0, 0, 0, 0, 0, 0, 0, 0, 0, 0, 0, 0, 0, 0, 0, 0, 0, 0, 0, 0, 0, 0, 0, 0, 0, 0, 0, 0, 0, 0, 0, 0, 0, 0, 0, 0, 0, 0, 0, 206, 205, 206, 0, 0, 0, 0, 0, 0, 0, 0, 0, 0, 0, 0, 0, 0, 0, 0, 0, 0, 0, 0, 0, 0, 0, 205, 206, 207, 0, 0, 0, 0, 0, 0, 0, 0, 0, 0, 0, 0, 0, 0, 0, 0, 0, 0, 0, 0, 0, 0, 0, 0, 206, 205, 0, 0, 0, 0, 0, 0, 0, 0, 0, 0, 0, 0, 0, 0, 0, 0, 0, 0, 0, 0, 0, 0, 0, 0, 0, 263, 0, 203, 0, 0, 0, 0, 0, 0, 0, 243, 244, 245, 0, 0, 0, 0, 0, 0, 0, 0, 0, 0, 0, 0, 0, 0, 0, 0, 185, 185, 185, 185, 185, 185, 185, 185, 185, 185, 185, 185, 185, 185, 185, 185, 0, 0, 185, 185, 185, 0, 0, 185, 185, 185, 185, 185, 185, 185], objects=[], opacity=0.0, draworder=), Layer(width=30, height=10, name=overlay, type=tilelayer, visible=false, x=0, y=0, data=[213, 185, 185, 185, 185, 185, 185, 185, 185, 185, 185, 227, 185, 185, 185, 185, 213, 0, 0, 0, 0, 0, 0, 0, 0, 0, 0, 0, 0, 0, 0, 0, 0, 0, 0, 0, 0, 0, 0, 0, 0, 241, 0, 0, 0, 0, 0, 0, 0, 0, 0, 0, 0, 0, 0, 0, 0, 0, 0, 0, 0, 0, 0, 0, 0, 0, 0, 0, 0, 0, 0, 255, 0, 0, 0, 0, 0, 0, 0, 0, 0, 0, 0, 0, 0, 0, 0, 0, 0, 0, 0, 0, 0, 0, 0, 0, 0, 0, 0, 0, 0, 0, 0, 0, 0, 0, 0, 0, 0, 0, 0, 0, 0, 0, 0, 0, 0, 0, 0, 0, 0, 0, 0, 0, 0, 0, 0, 0, 0, 0, 0, 0, 0, 0, 0, 0, 0, 0, 0, 0, 0, 0, 0, 0, 0, 0, 0, 0, 0, 0, 0, 0, 0, 0, 0, 0, 0, 0, 0, 0, 0, 215, 216, 217, 0, 0, 0, 0, 0, 0, 0, 0, 0, 0, 0, 0, 0, 0, 0, 0, 0, 0, 0, 0, 0, 0, 0, 0, 0, 0, 0, 0, 0, 0, 0, 0, 0, 0, 0, 0, 0, 0, 0, 0, 0, 0, 0, 0, 0, 0, 0, 0, 0, 189, 0, 0, 0, 0, 0, 0, 0, 0, 0, 226, 0, 0, 0, 0, 0, 0, 0, 0, 0, 0, 0, 0, 0, 0, 46, 0, 0, 0, 0, 0, 0, 0, 0, 0, 0, 0, 0, 0, 0, 0, 0, 0, 0, 0, 0, 0, 0, 0, 0, 0, 0, 0, 226, 0, 58, 0, 0, 0, 0, 0, 0, 0, 0, 0, 0, 0, 0, 0, 0, 0, 0, 0, 224, 224, 0, 0, 0, 224, 224, 0, 0, 0, 0, 0, 0, 0], objects=[], opacity=0.0, draworder=), Layer(width=0, height=0, name=Objectlaag 1, type=objectgroup, visible=false, x=0, y=0, data=[], objects=[com.almasb.fxgl.entity.level.tiled.TiledObject@53271aaf, com.almasb.fxgl.entity.level.tiled.TiledObject@77bfc38f, com.almasb.fxgl.entity.level.tiled.TiledObject@7280edfb, com.almasb.fxgl.entity.level.tiled.TiledObject@686f620b, com.almasb.fxgl.entity.level.tiled.TiledObject@3f6efcb, com.almasb.fxgl.entity.level.tiled.TiledObject@adce781, com.almasb.fxgl.entity.level.tiled.TiledObject@7f463c14, com.almasb.fxgl.entity.level.tiled.TiledObject@6caa76cd, com.almasb.fxgl.entity.level.tiled.TiledObject@58165424, com.almasb.fxgl.entity.level.tiled.TiledObject@351b4048, com.almasb.fxgl.entity.level.tiled.TiledObject@7bf37c63, com.almasb.fxgl.entity.level.tiled.TiledObject@445071ce, com.almasb.fxgl.entity.level.tiled.TiledObject@2e8daa14, com.almasb.fxgl.entity.level.tiled.TiledObject@417ba68d, com.almasb.fxgl.entity.level.tiled.TiledObject@218bdaa5, com.almasb.fxgl.entity.level.tiled.TiledObject@6612115b], opacity=0.0, draworder=)], tilesets=[Tileset(firstgid=1, image=../../../../../../../Eigen test/src/main/resources/assets/levels/tiles_spritesheet.png, name=tiles_spritesheet, tilewidth=70, tileheight=70, imagewidth=914, imageheight=936, margin=0, spacing=2, columns=12, tilecount=156, transparentcolor=, tiles=[]), Tileset(firstgid=157, image=../../../../../../../Eigen test/src/main/resources/assets/levels/platformerPack_industrial_tilesheet.png, name=_industrial, tilewidth=70, tileheight=70, imagewidth=980, imageheight=560, margin=0, spacing=0, columns=14, tilecount=112, transparentcolor=, tiles=[])], backgroundcolor=, renderorder=right-down, nextobjectid=18, version=1, tiledversion=1.5.0, type=map, infinite=false, hexsidelength=0, staggeraxis=, staggerindex=, properties={}, propertytypes={})
22:44:04.639 [FXGL Background Thread 2 ] DEBUG TMXLevelLoader       - Creating tile layer entities
22:44:04.640 [FXGL Background Thread 2 ] DEBUG TilesetLoader        - Loading view for layer Bottom
22:44:04.642 [FXGL Background Thread 2 ] DEBUG TilesetLoader        - Created buffer with size 2100.0x700.0
22:44:04.658 [FXGL Background Thread 2 ] DEBUG TilesetLoader        - Writing to buffer: dst=770,350, w=70,h=70, src=490,210
22:44:04.659 [FXGL Background Thread 2 ] DEBUG TilesetLoader        - Writing to buffer: dst=840,350, w=70,h=70, src=420,210
22:44:04.659 [FXGL Background Thread 2 ] DEBUG TilesetLoader        - Writing to buffer: dst=910,350, w=70,h=70, src=490,210
22:44:04.659 [FXGL Background Thread 2 ] DEBUG TilesetLoader        - Writing to buffer: dst=490,420, w=70,h=70, src=420,210
22:44:04.659 [FXGL Background Thread 2 ] DEBUG TilesetLoader        - Writing to buffer: dst=560,420, w=70,h=70, src=490,210
22:44:04.659 [FXGL Background Thread 2 ] DEBUG TilesetLoader        - Writing to buffer: dst=630,420, w=70,h=70, src=560,210
22:44:04.659 [FXGL Background Thread 2 ] DEBUG TilesetLoader        - Writing to buffer: dst=280,490, w=70,h=70, src=490,210
22:44:04.660 [FXGL Background Thread 2 ] DEBUG TilesetLoader        - Writing to buffer: dst=350,490, w=70,h=70, src=420,210
22:44:04.660 [FXGL Background Thread 2 ] DEBUG TilesetLoader        - Writing to buffer: dst=70,560, w=70,h=70, src=560,490
22:44:04.660 [FXGL Background Thread 2 ] DEBUG TilesetLoader        - Writing to buffer: dst=210,560, w=70,h=70, src=280,210
22:44:04.660 [FXGL Background Thread 2 ] DEBUG TilesetLoader        - Writing to buffer: dst=770,560, w=70,h=70, src=140,420
22:44:04.660 [FXGL Background Thread 2 ] DEBUG TilesetLoader        - Writing to buffer: dst=840,560, w=70,h=70, src=210,420
22:44:04.660 [FXGL Background Thread 2 ] DEBUG TilesetLoader        - Writing to buffer: dst=910,560, w=70,h=70, src=280,420
22:44:04.661 [FXGL Background Thread 2 ] DEBUG TilesetLoader        - Writing to buffer: dst=0,630, w=70,h=70, src=0,140
22:44:04.661 [FXGL Background Thread 2 ] DEBUG TilesetLoader        - Writing to buffer: dst=70,630, w=70,h=70, src=0,140
22:44:04.661 [FXGL Background Thread 2 ] DEBUG TilesetLoader        - Writing to buffer: dst=140,630, w=70,h=70, src=0,140
22:44:04.661 [FXGL Background Thread 2 ] DEBUG TilesetLoader        - Writing to buffer: dst=210,630, w=70,h=70, src=0,140
22:44:04.662 [FXGL Background Thread 2 ] DEBUG TilesetLoader        - Writing to buffer: dst=280,630, w=70,h=70, src=0,140
22:44:04.662 [FXGL Background Thread 2 ] DEBUG TilesetLoader        - Writing to buffer: dst=350,630, w=70,h=70, src=0,140
22:44:04.662 [FXGL Background Thread 2 ] DEBUG TilesetLoader        - Writing to buffer: dst=420,630, w=70,h=70, src=0,140
22:44:04.662 [FXGL Background Thread 2 ] DEBUG TilesetLoader        - Writing to buffer: dst=490,630, w=70,h=70, src=0,140
22:44:04.662 [FXGL Background Thread 2 ] DEBUG TilesetLoader        - Writing to buffer: dst=560,630, w=70,h=70, src=0,140
22:44:04.662 [FXGL Background Thread 2 ] DEBUG TilesetLoader        - Writing to buffer: dst=630,630, w=70,h=70, src=0,140
22:44:04.663 [FXGL Background Thread 2 ] DEBUG TilesetLoader        - Writing to buffer: dst=700,630, w=70,h=70, src=0,140
22:44:04.663 [FXGL Background Thread 2 ] DEBUG TilesetLoader        - Writing to buffer: dst=770,630, w=70,h=70, src=0,140
22:44:04.663 [FXGL Background Thread 2 ] DEBUG TilesetLoader        - Writing to buffer: dst=840,630, w=70,h=70, src=0,140
22:44:04.663 [FXGL Background Thread 2 ] DEBUG TilesetLoader        - Writing to buffer: dst=910,630, w=70,h=70, src=0,140
22:44:04.663 [FXGL Background Thread 2 ] DEBUG TilesetLoader        - Writing to buffer: dst=980,630, w=70,h=70, src=0,140
22:44:04.663 [FXGL Background Thread 2 ] DEBUG TilesetLoader        - Writing to buffer: dst=1050,630, w=70,h=70, src=0,140
22:44:04.663 [FXGL Background Thread 2 ] DEBUG TilesetLoader        - Writing to buffer: dst=1260,630, w=70,h=70, src=0,140
22:44:04.664 [FXGL Background Thread 2 ] DEBUG TilesetLoader        - Writing to buffer: dst=1330,630, w=70,h=70, src=0,140
22:44:04.664 [FXGL Background Thread 2 ] DEBUG TilesetLoader        - Writing to buffer: dst=1400,630, w=70,h=70, src=0,140
22:44:04.664 [FXGL Background Thread 2 ] DEBUG TilesetLoader        - Writing to buffer: dst=1610,630, w=70,h=70, src=0,140
22:44:04.664 [FXGL Background Thread 2 ] DEBUG TilesetLoader        - Writing to buffer: dst=1680,630, w=70,h=70, src=0,140
22:44:04.664 [FXGL Background Thread 2 ] DEBUG TilesetLoader        - Writing to buffer: dst=1750,630, w=70,h=70, src=0,140
22:44:04.665 [FXGL Background Thread 2 ] DEBUG TilesetLoader        - Writing to buffer: dst=1820,630, w=70,h=70, src=0,140
22:44:04.665 [FXGL Background Thread 2 ] DEBUG TilesetLoader        - Writing to buffer: dst=1890,630, w=70,h=70, src=0,140
22:44:04.665 [FXGL Background Thread 2 ] DEBUG TilesetLoader        - Writing to buffer: dst=1960,630, w=70,h=70, src=0,140
22:44:04.665 [FXGL Background Thread 2 ] DEBUG TilesetLoader        - Writing to buffer: dst=2030,630, w=70,h=70, src=0,140
22:44:04.666 [FXGL Background Thread 2 ] DEBUG TilesetLoader        - Loading view for layer overlay
22:44:04.672 [FXGL Background Thread 2 ] DEBUG TilesetLoader        - Created buffer with size 2100.0x700.0
22:44:04.672 [FXGL Background Thread 2 ] DEBUG TilesetLoader        - Writing to buffer: dst=0,0, w=70,h=70, src=0,280
22:44:04.672 [FXGL Background Thread 2 ] DEBUG TilesetLoader        - Writing to buffer: dst=70,0, w=70,h=70, src=0,140
22:44:04.672 [FXGL Background Thread 2 ] DEBUG TilesetLoader        - Writing to buffer: dst=140,0, w=70,h=70, src=0,140
22:44:04.673 [FXGL Background Thread 2 ] DEBUG TilesetLoader        - Writing to buffer: dst=210,0, w=70,h=70, src=0,140
22:44:04.673 [FXGL Background Thread 2 ] DEBUG TilesetLoader        - Writing to buffer: dst=280,0, w=70,h=70, src=0,140
22:44:04.673 [FXGL Background Thread 2 ] DEBUG TilesetLoader        - Writing to buffer: dst=350,0, w=70,h=70, src=0,140
22:44:04.673 [FXGL Background Thread 2 ] DEBUG TilesetLoader        - Writing to buffer: dst=420,0, w=70,h=70, src=0,140
22:44:04.673 [FXGL Background Thread 2 ] DEBUG TilesetLoader        - Writing to buffer: dst=490,0, w=70,h=70, src=0,140
22:44:04.673 [FXGL Background Thread 2 ] DEBUG TilesetLoader        - Writing to buffer: dst=560,0, w=70,h=70, src=0,140
22:44:04.673 [FXGL Background Thread 2 ] DEBUG TilesetLoader        - Writing to buffer: dst=630,0, w=70,h=70, src=0,140
22:44:04.673 [FXGL Background Thread 2 ] DEBUG TilesetLoader        - Writing to buffer: dst=700,0, w=70,h=70, src=0,140
22:44:04.673 [FXGL Background Thread 2 ] DEBUG TilesetLoader        - Writing to buffer: dst=770,0, w=70,h=70, src=0,350
22:44:04.674 [FXGL Background Thread 2 ] DEBUG TilesetLoader        - Writing to buffer: dst=840,0, w=70,h=70, src=0,140
22:44:04.674 [FXGL Background Thread 2 ] DEBUG TilesetLoader        - Writing to buffer: dst=910,0, w=70,h=70, src=0,140
22:44:04.674 [FXGL Background Thread 2 ] DEBUG TilesetLoader        - Writing to buffer: dst=980,0, w=70,h=70, src=0,140
22:44:04.674 [FXGL Background Thread 2 ] DEBUG TilesetLoader        - Writing to buffer: dst=1050,0, w=70,h=70, src=0,140
22:44:04.674 [FXGL Background Thread 2 ] DEBUG TilesetLoader        - Writing to buffer: dst=1120,0, w=70,h=70, src=0,280
22:44:04.675 [FXGL Background Thread 2 ] DEBUG TilesetLoader        - Writing to buffer: dst=770,70, w=70,h=70, src=0,420
22:44:04.675 [FXGL Background Thread 2 ] DEBUG TilesetLoader        - Writing to buffer: dst=770,140, w=70,h=70, src=0,490
22:44:04.675 [FXGL Background Thread 2 ] DEBUG TilesetLoader        - Writing to buffer: dst=770,350, w=70,h=70, src=140,280
22:44:04.675 [FXGL Background Thread 2 ] DEBUG TilesetLoader        - Writing to buffer: dst=840,350, w=70,h=70, src=210,280
22:44:04.675 [FXGL Background Thread 2 ] DEBUG TilesetLoader        - Writing to buffer: dst=910,350, w=70,h=70, src=280,280
22:44:04.675 [FXGL Background Thread 2 ] DEBUG TilesetLoader        - Writing to buffer: dst=210,490, w=70,h=70, src=280,140
22:44:04.676 [FXGL Background Thread 2 ] DEBUG TilesetLoader        - Writing to buffer: dst=910,490, w=70,h=70, src=910,280
22:44:04.688 [FXGL Background Thread 2 ] DEBUG TilesetLoader        - Writing to buffer: dst=1960,490, w=70,h=70, src=648,216
22:44:04.688 [FXGL Background Thread 2 ] DEBUG TilesetLoader        - Writing to buffer: dst=1820,560, w=70,h=70, src=910,280
22:44:04.689 [FXGL Background Thread 2 ] DEBUG TilesetLoader        - Writing to buffer: dst=1960,560, w=70,h=70, src=648,288
22:44:04.689 [FXGL Background Thread 2 ] DEBUG TilesetLoader        - Writing to buffer: dst=1120,630, w=70,h=70, src=770,280
22:44:04.689 [FXGL Background Thread 2 ] DEBUG TilesetLoader        - Writing to buffer: dst=1190,630, w=70,h=70, src=770,280
22:44:04.689 [FXGL Background Thread 2 ] DEBUG TilesetLoader        - Writing to buffer: dst=1470,630, w=70,h=70, src=770,280
22:44:04.689 [FXGL Background Thread 2 ] DEBUG TilesetLoader        - Writing to buffer: dst=1540,630, w=70,h=70, src=770,280
22:44:04.690 [FXGL Background Thread 2 ] DEBUG TMXLevelLoader       - Creating object layer entities
22:44:04.704 [FXGL Background Thread 2 ] DEBUG FXGLAssetLoaderServi - Loading from file system: file:/D:/OneDrive/OneDrive%20-%20Hogeschool%20Leiden/IPOSE/NERDS%20VS%20VIRUS/nerdsvsthevirus/target/classes/assets/textures/spuit2.png
22:44:04.709 [FXGL Background Thread 2 ] DEBUG FXGLAssetLoaderServi - Loading from file system: file:/D:/OneDrive/OneDrive%20-%20Hogeschool%20Leiden/IPOSE/NERDS%20VS%20VIRUS/nerdsvsthevirus/target/classes/assets/textures/bacteria.png
22:44:04.715 [FXGL Background Thread 2 ] DEBUG GameWorld            - Clearing removable entities
22:44:04.716 [FXGL Background Thread 2 ] DEBUG GameWorld            - Setting level: com.almasb.fxgl.entity.level.Level@11289daf
22:44:04.724 [FXGL Background Thread 2 ] DEBUG FXGLAssetLoaderServi - Loading from file system: file:/D:/OneDrive/OneDrive%20-%20Hogeschool%20Leiden/IPOSE/NERDS%20VS%20VIRUS/nerdsvsthevirus/target/classes/assets/textures/Start/startBg.png
22:44:04.774 [FXGL Background Thread 2 ] DEBUG FXGLAssetLoaderServi - Loading from file system: file:/D:/OneDrive/OneDrive%20-%20Hogeschool%20Leiden/IPOSE/NERDS%20VS%20VIRUS/nerdsvsthevirus/target/classes/assets/textures/sprite.png
22:44:04.780 [FXGL Background Thread 2 ] INFO  FXGLApplication      - Game initialization took: 0,171 sec
22:44:04.781 [JavaFX Application Thread] DEBUG Input                - Clearing active input actions
22:44:04.785 [JavaFX Application Thread] DEBUG GameApplicationServi - Removing overlay from FXGLLoadingScene and adding to GameScene
22:44:04.786 [JavaFX Application Thread] DEBUG PrimaryStageWindow   - FXGLLoadingScene -> GameScene
22:44:06.448 [FXGL Background Thread 3 ] DEBUG Engine               - Logging environment variables
22:44:06.448 [FXGL Background Thread 3 ] DEBUG Engine               - achievements: []
22:44:06.449 [FXGL Background Thread 3 ] DEBUG Engine               - actualHeight: 700.0
22:44:06.449 [FXGL Background Thread 3 ] DEBUG Engine               - actualHeightProperty: ReadOnlyDoubleProperty [value: 700.0]
22:44:06.449 [FXGL Background Thread 3 ] DEBUG Engine               - actualWidth: 1050.0
22:44:06.449 [FXGL Background Thread 3 ] DEBUG Engine               - actualWidthProperty: ReadOnlyDoubleProperty [value: 1050.0]
22:44:06.449 [FXGL Background Thread 3 ] DEBUG Engine               - appIcon: fxgl_icon.png
22:44:06.449 [FXGL Background Thread 3 ] DEBUG Engine               - applicationMode: DEVELOPER
22:44:06.449 [FXGL Background Thread 3 ] DEBUG Engine               - cSSList: [fxgl_dark.css]
22:44:06.449 [FXGL Background Thread 3 ] DEBUG Engine               - collisionDetectionStrategy: BRUTE_FORCE
22:44:06.449 [FXGL Background Thread 3 ] DEBUG Engine               - configClass: Optional.empty
22:44:06.449 [FXGL Background Thread 3 ] DEBUG Engine               - credits: []
22:44:06.449 [FXGL Background Thread 3 ] DEBUG Engine               - devBBoxColorProperty: ObjectProperty [value: 0xff0000ff]
22:44:06.450 [FXGL Background Thread 3 ] DEBUG Engine               - devEnableDebugCameraProperty: BooleanProperty [value: false]
22:44:06.450 [FXGL Background Thread 3 ] DEBUG Engine               - devSensorColorProperty: ObjectProperty [value: 0xffff00ff]
22:44:06.450 [FXGL Background Thread 3 ] DEBUG Engine               - devShowBBoxProperty: BooleanProperty [value: false]
22:44:06.450 [FXGL Background Thread 3 ] DEBUG Engine               - devShowPositionProperty: BooleanProperty [value: false]
22:44:06.450 [FXGL Background Thread 3 ] DEBUG Engine               - enabledMenuItems: []
22:44:06.450 [FXGL Background Thread 3 ] DEBUG Engine               - engineServices: [class com.almasb.fxgl.app.services.FXGLAssetLoaderService, class com.almasb.fxgl.app.FXGLApplication$GameApplicationService, class com.almasb.fxgl.app.services.FXGLDialogService, class com.almasb.fxgl.app.services.IOTaskExecutorService, class com.almasb.fxgl.event.EventBusService, class com.almasb.fxgl.io.FileSystemService, class com.almasb.fxgl.localization.LocalizationService, class com.almasb.fxgl.app.services.SystemBundleService, class com.almasb.fxgl.profile.SaveLoadService, class com.almasb.fxgl.ui.FXGLUIFactoryServiceProvider, class com.almasb.fxgl.ui.FXGLDialogFactoryServiceProvider, class com.almasb.fxgl.audio.AudioPlayer, class com.almasb.fxgl.notification.impl.NotificationServiceProvider, class com.almasb.fxgl.achievement.AchievementService, class com.almasb.fxgl.cutscene.CutsceneService, class com.almasb.fxgl.minigames.MiniGameService, class com.almasb.fxgl.net.NetService, class com.almasb.fxgl.app.services.UpdaterService, class com.almasb.fxgl.dev.DevService]
22:44:06.451 [FXGL Background Thread 3 ] DEBUG Engine               - fontGame: Abel-Regular.ttf
22:44:06.451 [FXGL Background Thread 3 ] DEBUG Engine               - fontMono: lucida_console.ttf
22:44:06.451 [FXGL Background Thread 3 ] DEBUG Engine               - fontText: Courier-Prime.ttf
22:44:06.451 [FXGL Background Thread 3 ] DEBUG Engine               - fontUI: VarelaRound-Regular.ttf
22:44:06.451 [FXGL Background Thread 3 ] DEBUG Engine               - fullScreen: BooleanProperty [value: false]
22:44:06.451 [FXGL Background Thread 3 ] DEBUG Engine               - gameDifficulty: MEDIUM
22:44:06.451 [FXGL Background Thread 3 ] DEBUG Engine               - gameDifficultyProperty: ObjectProperty [value: MEDIUM]
22:44:06.451 [FXGL Background Thread 3 ] DEBUG Engine               - globalMusicVolume: 0.5
22:44:06.451 [FXGL Background Thread 3 ] DEBUG Engine               - globalMusicVolumeProperty: DoubleProperty [value: 0.5]
22:44:06.452 [FXGL Background Thread 3 ] DEBUG Engine               - globalSoundVolume: 0.5
22:44:06.452 [FXGL Background Thread 3 ] DEBUG Engine               - globalSoundVolumeProperty: DoubleProperty [value: 0.5]
22:44:06.452 [FXGL Background Thread 3 ] DEBUG Engine               - height: 700
22:44:06.452 [FXGL Background Thread 3 ] DEBUG Engine               - isAndroid: false
22:44:06.452 [FXGL Background Thread 3 ] DEBUG Engine               - isBrowser: false
22:44:06.452 [FXGL Background Thread 3 ] DEBUG Engine               - isClickFeedbackEnabled: false
22:44:06.452 [FXGL Background Thread 3 ] DEBUG Engine               - isCloseConfirmation: false
22:44:06.452 [FXGL Background Thread 3 ] DEBUG Engine               - isDesktop: true
22:44:06.452 [FXGL Background Thread 3 ] DEBUG Engine               - isDeveloperMenuEnabled: false
22:44:06.452 [FXGL Background Thread 3 ] DEBUG Engine               - isEntityPreloadEnabled: true
22:44:06.452 [FXGL Background Thread 3 ] DEBUG Engine               - isExperimental3D: false
22:44:06.452 [FXGL Background Thread 3 ] DEBUG Engine               - isExperimentalNative: false
22:44:06.453 [FXGL Background Thread 3 ] DEBUG Engine               - isExperimentalTiledLargeMap: false
22:44:06.453 [FXGL Background Thread 3 ] DEBUG Engine               - isFileSystemWriteAllowed: true
22:44:06.453 [FXGL Background Thread 3 ] DEBUG Engine               - isFullScreenAllowed: false
22:44:06.453 [FXGL Background Thread 3 ] DEBUG Engine               - isFullScreenFromStart: false
22:44:06.453 [FXGL Background Thread 3 ] DEBUG Engine               - isGameMenuEnabled: true
22:44:06.453 [FXGL Background Thread 3 ] DEBUG Engine               - isIOS: false
22:44:06.453 [FXGL Background Thread 3 ] DEBUG Engine               - isIntroEnabled: false
22:44:06.453 [FXGL Background Thread 3 ] DEBUG Engine               - isLinux: false
22:44:06.453 [FXGL Background Thread 3 ] DEBUG Engine               - isMac: false
22:44:06.453 [FXGL Background Thread 3 ] DEBUG Engine               - isMainMenuEnabled: true
22:44:06.454 [FXGL Background Thread 3 ] DEBUG Engine               - isManualResizeEnabled: false
22:44:06.454 [FXGL Background Thread 3 ] DEBUG Engine               - isMobile: false
22:44:06.454 [FXGL Background Thread 3 ] DEBUG Engine               - isPreserveResizeRatio: false
22:44:06.454 [FXGL Background Thread 3 ] DEBUG Engine               - isProfilingEnabled: false
22:44:06.454 [FXGL Background Thread 3 ] DEBUG Engine               - isScaleAffectedOnResize: true
22:44:06.454 [FXGL Background Thread 3 ] DEBUG Engine               - isSingleStep: false
22:44:06.454 [FXGL Background Thread 3 ] DEBUG Engine               - isUserProfileEnabled: false
22:44:06.454 [FXGL Background Thread 3 ] DEBUG Engine               - isWindows: true
22:44:06.454 [FXGL Background Thread 3 ] DEBUG Engine               - language: ObjectProperty [value: ENGLISH]
22:44:06.454 [FXGL Background Thread 3 ] DEBUG Engine               - menuKey: ESCAPE
22:44:06.454 [FXGL Background Thread 3 ] DEBUG Engine               - notificationViewClass: class com.almasb.fxgl.notification.view.XboxNotificationView
22:44:06.454 [FXGL Background Thread 3 ] DEBUG Engine               - pixelsPerMeter: 50.0
22:44:06.455 [FXGL Background Thread 3 ] DEBUG Engine               - platform: WINDOWS
22:44:06.455 [FXGL Background Thread 3 ] DEBUG Engine               - prefHeightProperty: ReadOnlyDoubleProperty [value: 700.0]
22:44:06.455 [FXGL Background Thread 3 ] DEBUG Engine               - prefWidthProperty: ReadOnlyDoubleProperty [value: 1050.0]
22:44:06.455 [FXGL Background Thread 3 ] DEBUG Engine               - profileDir: profiles/
22:44:06.455 [FXGL Background Thread 3 ] DEBUG Engine               - profileName: StringProperty [value: DEFAULT]
22:44:06.455 [FXGL Background Thread 3 ] DEBUG Engine               - randomSeed: -1
22:44:06.455 [FXGL Background Thread 3 ] DEBUG Engine               - runtimeInfo: RuntimeInfo(platform=WINDOWS, version=11.14, build=01.03.2021 16.59)
22:44:06.455 [FXGL Background Thread 3 ] DEBUG Engine               - saveFileExt: sav
22:44:06.455 [FXGL Background Thread 3 ] DEBUG Engine               - scaledHeightProp$fxgl: DoubleProperty [bound, value: 700.0]
22:44:06.455 [FXGL Background Thread 3 ] DEBUG Engine               - scaledWidthProp$fxgl: DoubleProperty [bound, value: 1050.0]
22:44:06.455 [FXGL Background Thread 3 ] DEBUG Engine               - sceneFactory: NerdvsVirus.Game$1@164aaa1c
22:44:06.455 [FXGL Background Thread 3 ] DEBUG Engine               - secondsIn24h: 60
22:44:06.455 [FXGL Background Thread 3 ] DEBUG Engine               - soundMenuBack: menu/back.wav
22:44:06.456 [FXGL Background Thread 3 ] DEBUG Engine               - soundMenuPress: menu/press.wav
22:44:06.456 [FXGL Background Thread 3 ] DEBUG Engine               - soundMenuSelect: menu/select.wav
22:44:06.456 [FXGL Background Thread 3 ] DEBUG Engine               - soundNotification: core/notification.wav
22:44:06.456 [FXGL Background Thread 3 ] DEBUG Engine               - stageStyle: DECORATED
22:44:06.456 [FXGL Background Thread 3 ] DEBUG Engine               - supportedLanguages: [ENGLISH, FRENCH, GERMAN, HUNGARIAN, RUSSIAN]
22:44:06.456 [FXGL Background Thread 3 ] DEBUG Engine               - ticksPerSecond: -1
22:44:06.456 [FXGL Background Thread 3 ] DEBUG Engine               - title: Nerds VS Virus
22:44:06.456 [FXGL Background Thread 3 ] DEBUG Engine               - urlGithub: https://github.com/AlmasB/FXGL
22:44:06.456 [FXGL Background Thread 3 ] DEBUG Engine               - urlLeaderboard: http://fxgl-top.herokuapp.com/
22:44:06.456 [FXGL Background Thread 3 ] DEBUG Engine               - urlPOM: https://raw.githubusercontent.com/AlmasB/FXGL/release/README.md
22:44:06.456 [FXGL Background Thread 3 ] DEBUG Engine               - userAppClass: class NerdvsVirus.Game
22:44:06.456 [FXGL Background Thread 3 ] DEBUG Engine               - version: 0.0
22:44:06.456 [FXGL Background Thread 3 ] DEBUG Engine               - versionCheckDays: 7
22:44:06.457 [FXGL Background Thread 3 ] DEBUG Engine               - width: 1050
22:44:06.457 [FXGL Background Thread 3 ] DEBUG Engine               - Logging services
22:44:06.457 [FXGL Background Thread 3 ] DEBUG Engine               - class com.almasb.fxgl.app.services.FXGLAssetLoaderService
22:44:06.457 [FXGL Background Thread 3 ] DEBUG Engine               - class com.almasb.fxgl.app.FXGLApplication$GameApplicationService
22:44:06.457 [FXGL Background Thread 3 ] DEBUG Engine               - class com.almasb.fxgl.app.services.FXGLDialogService
22:44:06.457 [FXGL Background Thread 3 ] DEBUG Engine               - class com.almasb.fxgl.app.services.IOTaskExecutorService
22:44:06.457 [FXGL Background Thread 3 ] DEBUG Engine               - class com.almasb.fxgl.event.EventBusService
22:44:06.457 [FXGL Background Thread 3 ] DEBUG Engine               - class com.almasb.fxgl.io.FileSystemService
22:44:06.457 [FXGL Background Thread 3 ] DEBUG Engine               - class com.almasb.fxgl.localization.LocalizationService
22:44:06.457 [FXGL Background Thread 3 ] DEBUG Engine               - class com.almasb.fxgl.app.services.SystemBundleService
22:44:06.458 [FXGL Background Thread 3 ] DEBUG Engine               - class com.almasb.fxgl.profile.SaveLoadService
22:44:06.458 [FXGL Background Thread 3 ] DEBUG Engine               - class com.almasb.fxgl.ui.FXGLUIFactoryServiceProvider
22:44:06.458 [FXGL Background Thread 3 ] DEBUG Engine               - class com.almasb.fxgl.ui.FXGLDialogFactoryServiceProvider
22:44:06.458 [FXGL Background Thread 3 ] DEBUG Engine               - class com.almasb.fxgl.audio.AudioPlayer
22:44:06.458 [FXGL Background Thread 3 ] DEBUG Engine               - class com.almasb.fxgl.notification.impl.NotificationServiceProvider
22:44:06.458 [FXGL Background Thread 3 ] DEBUG Engine               - class com.almasb.fxgl.achievement.AchievementService
22:44:06.458 [FXGL Background Thread 3 ] DEBUG Engine               - class com.almasb.fxgl.cutscene.CutsceneService
22:44:06.458 [FXGL Background Thread 3 ] DEBUG Engine               - class com.almasb.fxgl.minigames.MiniGameService
22:44:06.458 [FXGL Background Thread 3 ] DEBUG Engine               - class com.almasb.fxgl.net.NetService
22:44:06.458 [FXGL Background Thread 3 ] DEBUG Engine               - class com.almasb.fxgl.app.services.UpdaterService
22:44:06.459 [FXGL Background Thread 3 ] DEBUG Engine               - class com.almasb.fxgl.dev.DevService
22:44:22.815 [JavaFX Application Thread] DEBUG FXGLApplication      - Exiting FXGL
22:44:22.815 [JavaFX Application Thread] DEBUG LoopRunner           - Stopping loop
22:44:22.815 [JavaFX Application Thread] DEBUG SystemBundleService  - Saving FXGL system data
22:44:22.816 [JavaFX Application Thread] DEBUG FileSystemAccess     - Writing to: D:\OneDrive\OneDrive - Hogeschool Leiden\IPOSE\NERDS VS VIRUS\nerdsvsthevirus\system\fxgl.bundle
22:44:22.818 [JavaFX Application Thread] DEBUG Async                - Shutting down background threads
22:44:22.818 [JavaFX Application Thread] DEBUG PrimaryStageWindow   - Closing main window
22:44:22.825 [JavaFX Application Thread] DEBUG Logger               - Closing Logger
