20:59:50.930 [main                     ] DEBUG Logger               - Configured Logger
20:59:50.966 [main                     ] DEBUG GameApplication      - Logging settings
Title: Nerds VS Virus
Version: 0.0
Width: 1200
Height: 800
Fullscreen: false
Intro: false
Profiling: false
Single step:false
App Mode: DEVELOPER
Menu Key: ESCAPE
Stage Style: DECORATED
Scene Factory: class Game$1

20:59:51.478 [JavaFX Application Thread] DEBUG FXGLApplication      - Initializing FXGL
20:59:51.481 [JavaFX Application Thread] INFO  Engine               - FXGL-11.14 (01.03.2021 16.59) on MAC (J:15.0.1 FX:15)
20:59:51.482 [JavaFX Application Thread] DEBUG Engine               - JRE Vendor Name: Oracle Corporation
20:59:51.482 [JavaFX Application Thread] DEBUG Engine               - Running on OS: Mac OS X version 10.16
20:59:51.482 [JavaFX Application Thread] DEBUG Engine               - Architecture: x86_64
20:59:51.483 [JavaFX Application Thread] INFO  Engine               - Source code and latest versions at: https://github.com/AlmasB/FXGL
20:59:51.483 [JavaFX Application Thread] INFO  Engine               -              Join the FXGL chat at: https://gitter.im/AlmasB/FXGL
20:59:51.771 [JavaFX Application Thread] DEBUG PrimaryStageWindow   - Creating a JavaFX scene
20:59:51.876 [JavaFX Application Thread] DEBUG PrimaryStageWindow   - Target settings size: 1200.0 x 800.0
20:59:51.876 [JavaFX Application Thread] DEBUG PrimaryStageWindow   - Scaled scene size:    1200.0 x 800.0
20:59:51.876 [JavaFX Application Thread] DEBUG PrimaryStageWindow   - Scaled ratio: (1.0, 1.0)
20:59:51.878 [JavaFX Application Thread] DEBUG PrimaryStageWindow   - Set initial scene to FXGLStartupScene
20:59:51.886 [JavaFX Application Thread] DEBUG PrimaryStageWindow   - Opening main window
20:59:51.977 [JavaFX Application Thread] DEBUG PrimaryStageWindow   - Window border size: (0.0, 28.0)
20:59:51.977 [JavaFX Application Thread] DEBUG PrimaryStageWindow   - Scaled size: 1200.0 x 800.0
20:59:51.977 [JavaFX Application Thread] DEBUG PrimaryStageWindow   - Scaled ratio: (1.0, 1.0)
20:59:51.978 [JavaFX Application Thread] DEBUG PrimaryStageWindow   - Scene size: 1200.0 x 800.0
20:59:51.978 [JavaFX Application Thread] DEBUG PrimaryStageWindow   - Stage size: 1200.0 x 828.0
20:59:51.986 [FXGL Background Thread 1 ] DEBUG Engine               - Initializing environment variables
20:59:52.053 [FXGL Background Thread 1 ] DEBUG FXGLAssetLoaderServi - User app class for loading assets: class Game
20:59:52.053 [FXGL Background Thread 1 ] DEBUG GameApplicationServi - Applying CSS: fxgl_dark.css
20:59:52.055 [FXGL Background Thread 1 ] DEBUG FXGLAssetLoaderServi - Loading from file system: jar:file:/Users/chalitandunu/.m2/repository/com/github/almasb/fxgl/11.14/fxgl-11.14.jar!/fxglassets/ui/css/fxgl_dark.css
20:59:52.138 [FXGL Background Thread 1 ] DEBUG GameApplicationServi - Initializing application scenes
20:59:53.313 [FXGL Background Thread 1 ] DEBUG GameWorld            - Game world initialized
20:59:53.603 [FXGL Background Thread 1 ] DEBUG PhysicsWorld         - Physics world initialized: appHeight=800, physics.ppm=50.0
20:59:53.605 [FXGL Background Thread 1 ] DEBUG PhysicsWorld         - Using strategy: BRUTE_FORCE
20:59:53.609 [FXGL Background Thread 1 ] DEBUG GameScene            - Game scene initialized: 1200x800
20:59:53.748 [FXGL Background Thread 1 ] DEBUG FXGLAssetLoaderServi - Loading from file system: jar:file:/Users/chalitandunu/.m2/repository/com/github/almasb/fxgl/11.14/fxgl-11.14.jar!/fxglassets/textures/particles/trace_horizontal.png
20:59:53.916 [FXGL Background Thread 1 ] DEBUG FXGL.DefaultMenu     - createMenuBodyGameMenu()
20:59:53.952 [FXGL Background Thread 1 ] DEBUG FXGL.DefaultMenu     - createOptionsMenu()
20:59:53.963 [FXGL Background Thread 1 ] DEBUG FXGLAssetLoaderServi - Loading from file system: jar:file:/Users/chalitandunu/.m2/repository/com/github/almasb/fxgl/11.14/fxgl-11.14.jar!/fxglassets/textures/particles/smoke.png
20:59:54.077 [FXGL Background Thread 1 ] DEBUG GameApplicationServi - Application scenes initialized
20:59:54.090 [FXGL Background Thread 1 ] DEBUG SystemBundleService  - Loading FXGL system data
20:59:54.098 [FXGL Background Thread 1 ] DEBUG FileSystemAccess     - Reading from: /Users/chalitandunu/Desktop/the void/HS/Jaar 1/Periode 3/IPOSE/nerdsvsthevirus/system/fxgl.bundle
20:59:54.130 [FXGL Background Thread 1 ] DEBUG SystemBundleService  - Bundle FXGL: {}
20:59:54.130 [FXGL Background Thread 1 ] DEBUG UpdaterService       - Checking for updates
20:59:54.143 [FXGL Background Thread 4 ] DEBUG FXGLApplication      - Loading fonts
20:59:54.145 [FXGL Background Thread 4 ] DEBUG FXGLAssetLoaderServi - Loading from file system: jar:file:/Users/chalitandunu/.m2/repository/com/github/almasb/fxgl/11.14/fxgl-11.14.jar!/fxglassets/ui/fonts/VarelaRound-Regular.ttf
20:59:54.162 [FXGL Background Thread 1 ] DEBUG FXGLApplication      - Loading default localization
20:59:54.171 [FXGL Background Thread 1 ] DEBUG FXGLAssetLoaderServi - Loading from file system: jar:file:/Users/chalitandunu/.m2/repository/com/github/almasb/fxgl/11.14/fxgl-11.14.jar!/fxglassets/languages/english.lang
20:59:54.182 [FXGL Background Thread 4 ] DEBUG FXGLAssetLoaderServi - Loading from file system: jar:file:/Users/chalitandunu/.m2/repository/com/github/almasb/fxgl/11.14/fxgl-11.14.jar!/fxglassets/ui/fonts/Abel-Regular.ttf
20:59:54.190 [FXGL Background Thread 4 ] DEBUG FXGLAssetLoaderServi - Loading from file system: jar:file:/Users/chalitandunu/.m2/repository/com/github/almasb/fxgl/11.14/fxgl-11.14.jar!/fxglassets/ui/fonts/lucida_console.ttf
20:59:54.199 [FXGL Background Thread 4 ] DEBUG FXGLAssetLoaderServi - Loading from file system: jar:file:/Users/chalitandunu/.m2/repository/com/github/almasb/fxgl/11.14/fxgl-11.14.jar!/fxglassets/ui/fonts/Courier-Prime.ttf
20:59:54.206 [JavaFX Application Thread] DEBUG FXGLApplication      - Registering font factories with UI factory
20:59:54.258 [FXGL Background Thread 1 ] INFO  FXGLApplication      - FXGL initialization took: 2.271 sec
20:59:54.276 [JavaFX Application Thread] DEBUG Input                - Registered new binding: action0 - D
20:59:54.277 [JavaFX Application Thread] DEBUG Input                - Registered new binding: action1 - A
20:59:54.278 [JavaFX Application Thread] DEBUG FXGLAssetLoaderServi - Loading from file system: jar:file:/Users/chalitandunu/.m2/repository/com/github/almasb/fxgl/11.14/fxgl-11.14.jar!/fxglassets/textures/fxgl_icon.png
20:59:54.315 [JavaFX Application Thread] DEBUG FXGLAssetLoaderServi - Loading from file system: jar:file:/Users/chalitandunu/.m2/repository/com/github/almasb/fxgl/11.14/fxgl-11.14.jar!/fxglassets/ui/cursors/fxgl_default.png
20:59:54.318 [JavaFX Application Thread] DEBUG Input                - Registered new binding: Screenshot - P
20:59:54.319 [JavaFX Application Thread] DEBUG Input                - Registered new binding: System info dump - CTRL+9
20:59:54.320 [JavaFX Application Thread] DEBUG Input                - Registered new binding: Restart - CTRL+R
20:59:54.321 [JavaFX Application Thread] DEBUG Input                - Registered new binding: Toggle Debug Camera - CTRL+C
20:59:54.323 [JavaFX Application Thread] DEBUG LoopRunner           - Starting loop
20:59:54.324 [JavaFX Application Thread] DEBUG LoopRunner           - Initializing JavaFX AnimationTimerLoop
20:59:54.334 [JavaFX Application Thread] DEBUG Input                - Clearing active input actions
20:59:54.360 [JavaFX Application Thread] DEBUG GameApplicationServi - Removing overlay from FXGLStartupScene and adding to FXGLMainMenuDummyScene
20:59:54.361 [JavaFX Application Thread] DEBUG PrimaryStageWindow   - FXGLStartupScene -> FXGLMainMenuDummyScene
20:59:54.361 [JavaFX Application Thread] DEBUG PrimaryStageWindow   - Push state: MainMenu
20:59:54.362 [JavaFX Application Thread] DEBUG Input                - Clearing active input actions
20:59:54.366 [JavaFX Application Thread] DEBUG GameApplicationServi - Removing overlay from FXGLMainMenuDummyScene and adding to MainMenu
20:59:54.367 [JavaFX Application Thread] DEBUG PrimaryStageWindow   - FXGLMainMenuDummyScene -> MainMenu
20:59:57.140 [FXGL Background Thread 3 ] DEBUG Engine               - Logging environment variables
20:59:57.142 [FXGL Background Thread 3 ] DEBUG Engine               - achievements: []
20:59:57.142 [FXGL Background Thread 3 ] DEBUG Engine               - actualHeight: 800.0
20:59:57.143 [FXGL Background Thread 3 ] DEBUG Engine               - actualHeightProperty: ReadOnlyDoubleProperty [value: 800.0]
20:59:57.143 [FXGL Background Thread 3 ] DEBUG Engine               - actualWidth: 1200.0
20:59:57.144 [FXGL Background Thread 3 ] DEBUG Engine               - actualWidthProperty: ReadOnlyDoubleProperty [value: 1200.0]
20:59:57.144 [FXGL Background Thread 3 ] DEBUG Engine               - appIcon: fxgl_icon.png
20:59:57.145 [FXGL Background Thread 3 ] DEBUG Engine               - applicationMode: DEVELOPER
20:59:57.145 [FXGL Background Thread 3 ] DEBUG Engine               - cSSList: [fxgl_dark.css]
20:59:57.146 [FXGL Background Thread 3 ] DEBUG Engine               - collisionDetectionStrategy: BRUTE_FORCE
20:59:57.146 [FXGL Background Thread 3 ] DEBUG Engine               - configClass: Optional.empty
20:59:57.147 [FXGL Background Thread 3 ] DEBUG Engine               - credits: []
20:59:57.147 [FXGL Background Thread 3 ] DEBUG Engine               - devBBoxColorProperty: ObjectProperty [value: 0xff0000ff]
20:59:57.147 [FXGL Background Thread 3 ] DEBUG Engine               - devEnableDebugCameraProperty: BooleanProperty [value: false]
20:59:57.148 [FXGL Background Thread 3 ] DEBUG Engine               - devSensorColorProperty: ObjectProperty [value: 0xffff00ff]
20:59:57.148 [FXGL Background Thread 3 ] DEBUG Engine               - devShowBBoxProperty: BooleanProperty [value: false]
20:59:57.149 [FXGL Background Thread 3 ] DEBUG Engine               - devShowPositionProperty: BooleanProperty [value: false]
20:59:57.149 [FXGL Background Thread 3 ] DEBUG Engine               - enabledMenuItems: []
20:59:57.150 [FXGL Background Thread 3 ] DEBUG Engine               - engineServices: [class com.almasb.fxgl.app.services.FXGLAssetLoaderService, class com.almasb.fxgl.app.FXGLApplication$GameApplicationService, class com.almasb.fxgl.app.services.FXGLDialogService, class com.almasb.fxgl.app.services.IOTaskExecutorService, class com.almasb.fxgl.event.EventBusService, class com.almasb.fxgl.io.FileSystemService, class com.almasb.fxgl.localization.LocalizationService, class com.almasb.fxgl.app.services.SystemBundleService, class com.almasb.fxgl.profile.SaveLoadService, class com.almasb.fxgl.ui.FXGLUIFactoryServiceProvider, class com.almasb.fxgl.ui.FXGLDialogFactoryServiceProvider, class com.almasb.fxgl.audio.AudioPlayer, class com.almasb.fxgl.notification.impl.NotificationServiceProvider, class com.almasb.fxgl.achievement.AchievementService, class com.almasb.fxgl.cutscene.CutsceneService, class com.almasb.fxgl.minigames.MiniGameService, class com.almasb.fxgl.net.NetService, class com.almasb.fxgl.app.services.UpdaterService, class com.almasb.fxgl.dev.DevService]
20:59:57.150 [FXGL Background Thread 3 ] DEBUG Engine               - fontGame: Abel-Regular.ttf
20:59:57.150 [FXGL Background Thread 3 ] DEBUG Engine               - fontMono: lucida_console.ttf
20:59:57.150 [FXGL Background Thread 3 ] DEBUG Engine               - fontText: Courier-Prime.ttf
20:59:57.150 [FXGL Background Thread 3 ] DEBUG Engine               - fontUI: VarelaRound-Regular.ttf
20:59:57.150 [FXGL Background Thread 3 ] DEBUG Engine               - fullScreen: BooleanProperty [value: false]
20:59:57.151 [FXGL Background Thread 3 ] DEBUG Engine               - gameDifficulty: MEDIUM
20:59:57.151 [FXGL Background Thread 3 ] DEBUG Engine               - gameDifficultyProperty: ObjectProperty [value: MEDIUM]
20:59:57.151 [FXGL Background Thread 3 ] DEBUG Engine               - globalMusicVolume: 0.5
20:59:57.151 [FXGL Background Thread 3 ] DEBUG Engine               - globalMusicVolumeProperty: DoubleProperty [value: 0.5]
20:59:57.152 [FXGL Background Thread 3 ] DEBUG Engine               - globalSoundVolume: 0.5
20:59:57.152 [FXGL Background Thread 3 ] DEBUG Engine               - globalSoundVolumeProperty: DoubleProperty [value: 0.5]
20:59:57.152 [FXGL Background Thread 3 ] DEBUG Engine               - height: 800
20:59:57.152 [FXGL Background Thread 3 ] DEBUG Engine               - isAndroid: false
20:59:57.153 [FXGL Background Thread 3 ] DEBUG Engine               - isBrowser: false
20:59:57.153 [FXGL Background Thread 3 ] DEBUG Engine               - isClickFeedbackEnabled: false
20:59:57.153 [FXGL Background Thread 3 ] DEBUG Engine               - isCloseConfirmation: false
20:59:57.154 [FXGL Background Thread 3 ] DEBUG Engine               - isDesktop: true
20:59:57.154 [FXGL Background Thread 3 ] DEBUG Engine               - isDeveloperMenuEnabled: false
20:59:57.155 [FXGL Background Thread 3 ] DEBUG Engine               - isEntityPreloadEnabled: true
20:59:57.155 [FXGL Background Thread 3 ] DEBUG Engine               - isExperimental3D: false
20:59:57.156 [FXGL Background Thread 3 ] DEBUG Engine               - isExperimentalNative: false
20:59:57.156 [FXGL Background Thread 3 ] DEBUG Engine               - isExperimentalTiledLargeMap: false
20:59:57.156 [FXGL Background Thread 3 ] DEBUG Engine               - isFileSystemWriteAllowed: true
20:59:57.156 [FXGL Background Thread 3 ] DEBUG Engine               - isFullScreenAllowed: false
20:59:57.157 [FXGL Background Thread 3 ] DEBUG Engine               - isFullScreenFromStart: false
20:59:57.157 [FXGL Background Thread 3 ] DEBUG Engine               - isGameMenuEnabled: true
20:59:57.157 [FXGL Background Thread 3 ] DEBUG Engine               - isIOS: false
20:59:57.157 [FXGL Background Thread 3 ] DEBUG Engine               - isIntroEnabled: false
20:59:57.158 [FXGL Background Thread 3 ] DEBUG Engine               - isLinux: false
20:59:57.158 [FXGL Background Thread 3 ] DEBUG Engine               - isMac: true
20:59:57.158 [FXGL Background Thread 3 ] DEBUG Engine               - isMainMenuEnabled: true
20:59:57.158 [FXGL Background Thread 3 ] DEBUG Engine               - isManualResizeEnabled: false
20:59:57.159 [FXGL Background Thread 3 ] DEBUG Engine               - isMobile: false
20:59:57.159 [FXGL Background Thread 3 ] DEBUG Engine               - isPreserveResizeRatio: false
20:59:57.159 [FXGL Background Thread 3 ] DEBUG Engine               - isProfilingEnabled: false
20:59:57.159 [FXGL Background Thread 3 ] DEBUG Engine               - isScaleAffectedOnResize: true
20:59:57.159 [FXGL Background Thread 3 ] DEBUG Engine               - isSingleStep: false
20:59:57.159 [FXGL Background Thread 3 ] DEBUG Engine               - isUserProfileEnabled: false
20:59:57.160 [FXGL Background Thread 3 ] DEBUG Engine               - isWindows: false
20:59:57.160 [FXGL Background Thread 3 ] DEBUG Engine               - language: ObjectProperty [value: ENGLISH]
20:59:57.160 [FXGL Background Thread 3 ] DEBUG Engine               - menuKey: ESCAPE
20:59:57.160 [FXGL Background Thread 3 ] DEBUG Engine               - notificationViewClass: class com.almasb.fxgl.notification.view.XboxNotificationView
20:59:57.160 [FXGL Background Thread 3 ] DEBUG Engine               - pixelsPerMeter: 50.0
20:59:57.161 [FXGL Background Thread 3 ] DEBUG Engine               - platform: MAC
20:59:57.161 [FXGL Background Thread 3 ] DEBUG Engine               - prefHeightProperty: ReadOnlyDoubleProperty [value: 800.0]
20:59:57.161 [FXGL Background Thread 3 ] DEBUG Engine               - prefWidthProperty: ReadOnlyDoubleProperty [value: 1200.0]
20:59:57.161 [FXGL Background Thread 3 ] DEBUG Engine               - profileDir: profiles/
20:59:57.162 [FXGL Background Thread 3 ] DEBUG Engine               - profileName: StringProperty [value: DEFAULT]
20:59:57.162 [FXGL Background Thread 3 ] DEBUG Engine               - randomSeed: -1
20:59:57.162 [FXGL Background Thread 3 ] DEBUG Engine               - runtimeInfo: RuntimeInfo(platform=MAC, version=11.14, build=01.03.2021 16.59)
20:59:57.162 [FXGL Background Thread 3 ] DEBUG Engine               - saveFileExt: sav
20:59:57.162 [FXGL Background Thread 3 ] DEBUG Engine               - scaledHeightProp$fxgl: DoubleProperty [bound, value: 800.0]
20:59:57.163 [FXGL Background Thread 3 ] DEBUG Engine               - scaledWidthProp$fxgl: DoubleProperty [bound, value: 1200.0]
20:59:57.163 [FXGL Background Thread 3 ] DEBUG Engine               - sceneFactory: Game$1@3fdf8f7f
20:59:57.163 [FXGL Background Thread 3 ] DEBUG Engine               - secondsIn24h: 60
20:59:57.163 [FXGL Background Thread 3 ] DEBUG Engine               - soundMenuBack: menu/back.wav
20:59:57.163 [FXGL Background Thread 3 ] DEBUG Engine               - soundMenuPress: menu/press.wav
20:59:57.163 [FXGL Background Thread 3 ] DEBUG Engine               - soundMenuSelect: menu/select.wav
20:59:57.164 [FXGL Background Thread 3 ] DEBUG Engine               - soundNotification: core/notification.wav
20:59:57.164 [FXGL Background Thread 3 ] DEBUG Engine               - stageStyle: DECORATED
20:59:57.164 [FXGL Background Thread 3 ] DEBUG Engine               - supportedLanguages: [ENGLISH, FRENCH, GERMAN, HUNGARIAN, RUSSIAN]
20:59:57.164 [FXGL Background Thread 3 ] DEBUG Engine               - ticksPerSecond: -1
20:59:57.164 [FXGL Background Thread 3 ] DEBUG Engine               - title: Nerds VS Virus
20:59:57.165 [FXGL Background Thread 3 ] DEBUG Engine               - urlGithub: https://github.com/AlmasB/FXGL
20:59:57.165 [FXGL Background Thread 3 ] DEBUG Engine               - urlLeaderboard: http://fxgl-top.herokuapp.com/
20:59:57.165 [FXGL Background Thread 3 ] DEBUG Engine               - urlPOM: https://raw.githubusercontent.com/AlmasB/FXGL/release/README.md
20:59:57.165 [FXGL Background Thread 3 ] DEBUG Engine               - userAppClass: class Game
20:59:57.165 [FXGL Background Thread 3 ] DEBUG Engine               - version: 0.0
20:59:57.166 [FXGL Background Thread 3 ] DEBUG Engine               - versionCheckDays: 7
20:59:57.166 [FXGL Background Thread 3 ] DEBUG Engine               - width: 1200
20:59:57.166 [FXGL Background Thread 3 ] DEBUG Engine               - Logging services
20:59:57.166 [FXGL Background Thread 3 ] DEBUG Engine               - class com.almasb.fxgl.app.services.FXGLAssetLoaderService
20:59:57.166 [FXGL Background Thread 3 ] DEBUG Engine               - class com.almasb.fxgl.app.FXGLApplication$GameApplicationService
20:59:57.166 [FXGL Background Thread 3 ] DEBUG Engine               - class com.almasb.fxgl.app.services.FXGLDialogService
20:59:57.167 [FXGL Background Thread 3 ] DEBUG Engine               - class com.almasb.fxgl.app.services.IOTaskExecutorService
20:59:57.167 [FXGL Background Thread 3 ] DEBUG Engine               - class com.almasb.fxgl.event.EventBusService
20:59:57.167 [FXGL Background Thread 3 ] DEBUG Engine               - class com.almasb.fxgl.io.FileSystemService
20:59:57.167 [FXGL Background Thread 3 ] DEBUG Engine               - class com.almasb.fxgl.localization.LocalizationService
20:59:57.167 [FXGL Background Thread 3 ] DEBUG Engine               - class com.almasb.fxgl.app.services.SystemBundleService
20:59:57.168 [FXGL Background Thread 3 ] DEBUG Engine               - class com.almasb.fxgl.profile.SaveLoadService
20:59:57.168 [FXGL Background Thread 3 ] DEBUG Engine               - class com.almasb.fxgl.ui.FXGLUIFactoryServiceProvider
20:59:57.168 [FXGL Background Thread 3 ] DEBUG Engine               - class com.almasb.fxgl.ui.FXGLDialogFactoryServiceProvider
20:59:57.168 [FXGL Background Thread 3 ] DEBUG Engine               - class com.almasb.fxgl.audio.AudioPlayer
20:59:57.168 [FXGL Background Thread 3 ] DEBUG Engine               - class com.almasb.fxgl.notification.impl.NotificationServiceProvider
20:59:57.168 [FXGL Background Thread 3 ] DEBUG Engine               - class com.almasb.fxgl.achievement.AchievementService
20:59:57.169 [FXGL Background Thread 3 ] DEBUG Engine               - class com.almasb.fxgl.cutscene.CutsceneService
20:59:57.169 [FXGL Background Thread 3 ] DEBUG Engine               - class com.almasb.fxgl.minigames.MiniGameService
20:59:57.169 [FXGL Background Thread 3 ] DEBUG Engine               - class com.almasb.fxgl.net.NetService
20:59:57.170 [FXGL Background Thread 3 ] DEBUG Engine               - class com.almasb.fxgl.app.services.UpdaterService
20:59:57.170 [FXGL Background Thread 3 ] DEBUG Engine               - class com.almasb.fxgl.dev.DevService
21:00:05.133 [JavaFX Application Thread] DEBUG FXGLApplication      - Exiting FXGL
21:00:05.133 [JavaFX Application Thread] DEBUG LoopRunner           - Stopping loop
21:00:05.134 [JavaFX Application Thread] DEBUG SystemBundleService  - Saving FXGL system data
21:00:05.136 [JavaFX Application Thread] DEBUG FileSystemAccess     - Writing to: /Users/chalitandunu/Desktop/the void/HS/Jaar 1/Periode 3/IPOSE/nerdsvsthevirus/system/fxgl.bundle
21:00:05.138 [JavaFX Application Thread] DEBUG Async                - Shutting down background threads
21:00:05.138 [JavaFX Application Thread] DEBUG PrimaryStageWindow   - Closing main window
21:00:05.145 [JavaFX Application Thread] DEBUG Logger               - Closing Logger
