11:01:48.217 [main                     ] DEBUG Logger               - Configured Logger
11:01:48.229 [main                     ] DEBUG GameApplication      - Logging settings
Title: Nerds VS Virus
Version: 0.0
Width: 1050
Height: 700
Fullscreen: false
Intro: false
Profiling: false
Single step:false
App Mode: DEVELOPER
Menu Key: ESCAPE
Stage Style: DECORATED
Scene Factory: class NerdvsVirus.Game$1

11:01:48.704 [JavaFX Application Thread] DEBUG FXGLApplication      - Initializing FXGL
11:01:48.707 [JavaFX Application Thread] INFO  Engine               - FXGL-11.14 (01.03.2021 16.59) on WINDOWS (J:15.0.2 FX:15)
11:01:48.708 [JavaFX Application Thread] DEBUG Engine               - JRE Vendor Name: Oracle Corporation
11:01:48.708 [JavaFX Application Thread] DEBUG Engine               - Running on OS: Windows 10 version 10.0
11:01:48.708 [JavaFX Application Thread] DEBUG Engine               - Architecture: amd64
11:01:48.708 [JavaFX Application Thread] INFO  Engine               - Source code and latest versions at: https://github.com/AlmasB/FXGL
11:01:48.708 [JavaFX Application Thread] INFO  Engine               -              Join the FXGL chat at: https://gitter.im/AlmasB/FXGL
11:01:48.824 [JavaFX Application Thread] DEBUG PrimaryStageWindow   - Creating a JavaFX scene
11:01:48.879 [JavaFX Application Thread] DEBUG PrimaryStageWindow   - Target settings size: 1050.0 x 700.0
11:01:48.879 [JavaFX Application Thread] DEBUG PrimaryStageWindow   - Scaled scene size:    1050.0 x 700.0
11:01:48.879 [JavaFX Application Thread] DEBUG PrimaryStageWindow   - Scaled ratio: (1.0, 1.0)
11:01:48.880 [JavaFX Application Thread] DEBUG PrimaryStageWindow   - Set initial scene to FXGLStartupScene
11:01:48.887 [JavaFX Application Thread] DEBUG PrimaryStageWindow   - Opening main window
11:01:48.961 [JavaFX Application Thread] DEBUG PrimaryStageWindow   - Window border size: (16.0, 39.0)
11:01:48.961 [JavaFX Application Thread] DEBUG PrimaryStageWindow   - Scaled size: 1050.0 x 700.0
11:01:48.961 [JavaFX Application Thread] DEBUG PrimaryStageWindow   - Scaled ratio: (1.0, 1.0)
11:01:48.961 [JavaFX Application Thread] DEBUG PrimaryStageWindow   - Scene size: 1050.0 x 700.0
11:01:48.962 [JavaFX Application Thread] DEBUG PrimaryStageWindow   - Stage size: 1066.0 x 739.0
11:01:48.969 [FXGL Background Thread 1 ] DEBUG Engine               - Initializing environment variables
11:01:48.999 [FXGL Background Thread 1 ] DEBUG FXGLAssetLoaderServi - User app class for loading assets: class NerdvsVirus.Game
11:01:48.999 [FXGL Background Thread 1 ] DEBUG GameApplicationServi - Applying CSS: fxgl_dark.css
11:01:49.001 [FXGL Background Thread 1 ] DEBUG FXGLAssetLoaderServi - Loading from file system: jar:file:/C:/Users/luukb/.m2/repository/com/github/almasb/fxgl/11.14/fxgl-11.14.jar!/fxglassets/ui/css/fxgl_dark.css
11:01:49.048 [FXGL Background Thread 1 ] DEBUG GameApplicationServi - Initializing application scenes
11:01:49.079 [FXGL Background Thread 1 ] DEBUG GameWorld            - Game world initialized
11:01:49.135 [FXGL Background Thread 1 ] DEBUG PhysicsWorld         - Physics world initialized: appHeight=700, physics.ppm=50,0
11:01:49.136 [FXGL Background Thread 1 ] DEBUG PhysicsWorld         - Using strategy: BRUTE_FORCE
11:01:49.138 [FXGL Background Thread 1 ] DEBUG GameScene            - Game scene initialized: 1050x700
11:01:49.267 [FXGL Background Thread 1 ] DEBUG FXGLAssetLoaderServi - Loading from file system: jar:file:/C:/Users/luukb/.m2/repository/com/github/almasb/fxgl/11.14/fxgl-11.14.jar!/fxglassets/textures/particles/trace_horizontal.png
11:01:49.299 [FXGL Background Thread 1 ] DEBUG FXGL.DefaultMenu     - createMenuBodyGameMenu()
11:01:49.313 [FXGL Background Thread 1 ] DEBUG FXGL.DefaultMenu     - createOptionsMenu()
11:01:49.317 [FXGL Background Thread 1 ] DEBUG FXGLAssetLoaderServi - Loading from file system: jar:file:/C:/Users/luukb/.m2/repository/com/github/almasb/fxgl/11.14/fxgl-11.14.jar!/fxglassets/textures/particles/smoke.png
11:01:49.363 [FXGL Background Thread 1 ] DEBUG GameApplicationServi - Application scenes initialized
11:01:49.375 [FXGL Background Thread 1 ] DEBUG SystemBundleService  - Loading FXGL system data
11:01:49.379 [FXGL Background Thread 1 ] DEBUG FileSystemAccess     - Reading from: D:\OneDrive\OneDrive - Hogeschool Leiden\IPOSE\NERDS VS VIRUS\nerdsvsthevirus\system\fxgl.bundle
11:01:49.384 [FXGL Background Thread 1 ] DEBUG SystemBundleService  - Bundle FXGL: {}
11:01:49.384 [FXGL Background Thread 1 ] DEBUG UpdaterService       - Checking for updates
11:01:49.388 [FXGL Background Thread 4 ] DEBUG FXGLApplication      - Loading fonts
11:01:49.388 [FXGL Background Thread 1 ] DEBUG FXGLApplication      - Loading default localization
11:01:49.388 [FXGL Background Thread 4 ] DEBUG FXGLAssetLoaderServi - Loading from file system: jar:file:/C:/Users/luukb/.m2/repository/com/github/almasb/fxgl/11.14/fxgl-11.14.jar!/fxglassets/ui/fonts/VarelaRound-Regular.ttf
11:01:49.389 [FXGL Background Thread 1 ] DEBUG FXGLAssetLoaderServi - Loading from file system: jar:file:/C:/Users/luukb/.m2/repository/com/github/almasb/fxgl/11.14/fxgl-11.14.jar!/fxglassets/languages/english.lang
11:01:49.393 [FXGL Background Thread 4 ] DEBUG FXGLAssetLoaderServi - Loading from file system: jar:file:/C:/Users/luukb/.m2/repository/com/github/almasb/fxgl/11.14/fxgl-11.14.jar!/fxglassets/ui/fonts/Abel-Regular.ttf
11:01:49.397 [FXGL Background Thread 4 ] DEBUG FXGLAssetLoaderServi - Loading from file system: jar:file:/C:/Users/luukb/.m2/repository/com/github/almasb/fxgl/11.14/fxgl-11.14.jar!/fxglassets/ui/fonts/lucida_console.ttf
11:01:49.403 [FXGL Background Thread 1 ] INFO  FXGLApplication      - FXGL initialization took: 0,433 sec
11:01:49.403 [FXGL Background Thread 4 ] DEBUG FXGLAssetLoaderServi - Loading from file system: jar:file:/C:/Users/luukb/.m2/repository/com/github/almasb/fxgl/11.14/fxgl-11.14.jar!/fxglassets/ui/fonts/Courier-Prime.ttf
11:01:49.414 [JavaFX Application Thread] DEBUG Input                - Registered new binding: Left - A
11:01:49.414 [JavaFX Application Thread] DEBUG Input                - Registered new binding: Right - D
11:01:49.415 [JavaFX Application Thread] DEBUG Input                - Registered new binding: Jump - W
11:01:49.415 [JavaFX Application Thread] DEBUG FXGLAssetLoaderServi - Loading from file system: jar:file:/C:/Users/luukb/.m2/repository/com/github/almasb/fxgl/11.14/fxgl-11.14.jar!/fxglassets/textures/fxgl_icon.png
11:01:49.426 [JavaFX Application Thread] DEBUG FXGLAssetLoaderServi - Loading from file system: jar:file:/C:/Users/luukb/.m2/repository/com/github/almasb/fxgl/11.14/fxgl-11.14.jar!/fxglassets/ui/cursors/fxgl_default.png
11:01:49.428 [JavaFX Application Thread] DEBUG Input                - Registered new binding: Screenshot - P
11:01:49.428 [JavaFX Application Thread] DEBUG Input                - Registered new binding: System info dump - CTRL+9
11:01:49.429 [JavaFX Application Thread] DEBUG Input                - Registered new binding: Restart - CTRL+R
11:01:49.430 [JavaFX Application Thread] DEBUG Input                - Registered new binding: Toggle Debug Camera - CTRL+C
11:01:49.432 [JavaFX Application Thread] DEBUG LoopRunner           - Starting loop
11:01:49.432 [JavaFX Application Thread] DEBUG LoopRunner           - Initializing JavaFX AnimationTimerLoop
11:01:49.434 [JavaFX Application Thread] DEBUG Input                - Clearing active input actions
11:01:49.439 [JavaFX Application Thread] DEBUG GameApplicationServi - Removing overlay from FXGLStartupScene and adding to FXGLMainMenuDummyScene
11:01:49.440 [JavaFX Application Thread] DEBUG PrimaryStageWindow   - FXGLStartupScene -> FXGLMainMenuDummyScene
11:01:49.440 [JavaFX Application Thread] DEBUG PrimaryStageWindow   - Push state: MainMenu
11:01:49.440 [JavaFX Application Thread] DEBUG Input                - Clearing active input actions
11:01:49.913 [JavaFX Application Thread] DEBUG GameApplicationServi - Removing overlay from FXGLMainMenuDummyScene and adding to MainMenu
11:01:49.914 [JavaFX Application Thread] DEBUG PrimaryStageWindow   - FXGLMainMenuDummyScene -> MainMenu
11:01:49.914 [JavaFX Application Thread] DEBUG FXGLApplication      - Registering font factories with UI factory
11:01:50.632 [JavaFX Application Thread] DEBUG Menu                 - fireNewGame()
11:01:50.632 [JavaFX Application Thread] DEBUG GameApplicationServi - Starting new game
11:01:50.633 [JavaFX Application Thread] DEBUG PrimaryStageWindow   - Pop state: MainMenu
11:01:50.633 [JavaFX Application Thread] DEBUG Input                - Clearing active input actions
11:01:50.633 [JavaFX Application Thread] DEBUG GameApplicationServi - Removing overlay from MainMenu and adding to FXGLMainMenuDummyScene
11:01:50.633 [JavaFX Application Thread] DEBUG PrimaryStageWindow   - FXGLMainMenuDummyScene <- MainMenu
11:01:50.634 [JavaFX Application Thread] DEBUG Input                - Clearing active input actions
11:01:50.639 [JavaFX Application Thread] DEBUG GameApplicationServi - Removing overlay from FXGLMainMenuDummyScene and adding to FXGLLoadingScene
11:01:50.639 [JavaFX Application Thread] DEBUG PrimaryStageWindow   - FXGLMainMenuDummyScene -> FXGLLoadingScene
11:01:50.639 [JavaFX Application Thread] DEBUG GameApplicationServi - Clearing previous game
11:01:50.640 [JavaFX Application Thread] DEBUG GameScene            - Clearing game scene
11:01:50.640 [JavaFX Application Thread] DEBUG GameWorld            - Clearing game world
11:01:50.640 [JavaFX Application Thread] DEBUG PhysicsWorld         - Clearing physics world
11:01:50.641 [FXGL Background Thread 2 ] DEBUG FXGLApplication      - Initializing game
11:01:50.649 [FXGL Background Thread 2 ] DEBUG FXGLAssetLoaderServi - Loading from file system: file:/D:/OneDrive/OneDrive%20-%20Hogeschool%20Leiden/IPOSE/NERDS%20VS%20VIRUS/nerdsvsthevirus/target/classes/assets/textures/bg1.jpg
11:01:50.693 [FXGL Background Thread 2 ] WARN  TMXLevelLoader       - TiledMap generated from 1.5.0. Supported version: 1.2.3. Some features may not be parsed fully.
11:01:50.700 [FXGL Background Thread 2 ] DEBUG TMXLevelLoader       - Parsed raw map: TiledMap(width=30, height=10, tilewidth=70, tileheight=70, orientation=orthogonal, layers=[Layer(width=30, height=10, name=Bottom, type=tilelayer, visible=false, x=0, y=0, data=[0, 0, 0, 0, 0, 0, 0, 0, 0, 0, 0, 0, 0, 0, 0, 0, 0, 0, 0, 0, 0, 0, 0, 0, 0, 0, 0, 0, 0, 0, 0, 0, 0, 0, 0, 0, 0, 0, 0, 0, 0, 0, 0, 0, 0, 0, 0, 0, 0, 0, 0, 0, 0, 0, 0, 0, 0, 0, 0, 0, 0, 0, 0, 0, 0, 0, 0, 0, 0, 0, 0, 0, 0, 0, 0, 0, 0, 0, 0, 0, 0, 0, 0, 0, 0, 0, 0, 0, 0, 0, 0, 0, 0, 0, 0, 0, 0, 0, 0, 0, 0, 0, 0, 0, 0, 0, 0, 0, 0, 0, 0, 0, 0, 0, 0, 0, 0, 0, 0, 0, 0, 0, 0, 0, 0, 0, 0, 0, 0, 0, 0, 0, 0, 0, 0, 0, 0, 0, 0, 0, 0, 0, 0, 0, 0, 0, 0, 0, 0, 0, 0, 0, 0, 0, 0, 0, 0, 0, 0, 0, 0, 206, 205, 206, 0, 0, 0, 0, 0, 0, 0, 0, 0, 0, 0, 0, 0, 0, 0, 0, 0, 0, 0, 0, 0, 0, 0, 205, 206, 207, 0, 0, 0, 0, 0, 0, 0, 0, 0, 0, 0, 0, 0, 0, 0, 0, 0, 0, 0, 0, 0, 0, 0, 0, 206, 205, 0, 0, 0, 0, 0, 0, 0, 0, 0, 0, 0, 0, 0, 0, 0, 0, 0, 0, 0, 0, 0, 0, 0, 0, 0, 263, 0, 203, 0, 0, 0, 0, 0, 0, 0, 243, 244, 245, 0, 0, 0, 0, 0, 0, 0, 0, 0, 0, 0, 0, 0, 0, 0, 0, 185, 185, 185, 185, 185, 185, 185, 185, 185, 185, 185, 185, 185, 185, 185, 185, 0, 0, 185, 185, 185, 0, 0, 185, 185, 185, 185, 185, 185, 185], objects=[], opacity=0.0, draworder=), Layer(width=30, height=10, name=overlay, type=tilelayer, visible=false, x=0, y=0, data=[213, 185, 185, 185, 185, 185, 185, 185, 185, 185, 185, 227, 185, 185, 185, 185, 213, 0, 0, 0, 0, 0, 0, 0, 0, 0, 0, 0, 0, 0, 0, 0, 0, 0, 0, 0, 0, 0, 0, 0, 0, 241, 0, 0, 0, 0, 0, 0, 0, 0, 0, 0, 0, 0, 0, 0, 0, 0, 0, 0, 0, 0, 0, 0, 0, 0, 0, 0, 0, 0, 0, 255, 0, 0, 0, 0, 0, 0, 0, 0, 0, 0, 0, 0, 0, 0, 0, 0, 0, 0, 0, 0, 0, 0, 0, 0, 0, 0, 0, 0, 0, 0, 0, 0, 0, 0, 0, 0, 0, 0, 0, 0, 0, 0, 0, 0, 0, 0, 0, 0, 0, 0, 0, 0, 0, 0, 0, 0, 0, 0, 0, 0, 0, 0, 0, 0, 0, 0, 0, 0, 0, 0, 0, 0, 0, 0, 0, 0, 0, 0, 0, 0, 0, 0, 0, 0, 0, 0, 0, 0, 0, 215, 216, 217, 0, 0, 0, 0, 0, 0, 0, 0, 0, 0, 0, 0, 0, 0, 0, 0, 0, 0, 0, 0, 0, 0, 0, 0, 0, 0, 0, 0, 0, 0, 0, 0, 0, 0, 0, 0, 0, 0, 0, 0, 0, 0, 0, 0, 0, 0, 0, 0, 0, 189, 0, 0, 0, 0, 0, 0, 0, 0, 0, 226, 0, 0, 0, 0, 0, 0, 0, 0, 0, 0, 0, 0, 0, 0, 46, 0, 0, 0, 0, 0, 0, 0, 0, 0, 0, 0, 0, 0, 0, 0, 0, 0, 0, 0, 0, 0, 0, 0, 0, 0, 0, 0, 226, 0, 58, 0, 0, 0, 0, 0, 0, 0, 0, 0, 0, 0, 0, 0, 0, 0, 0, 0, 224, 224, 0, 0, 0, 224, 224, 0, 0, 0, 0, 0, 0, 0], objects=[], opacity=0.0, draworder=), Layer(width=0, height=0, name=Objectlaag 1, type=objectgroup, visible=false, x=0, y=0, data=[], objects=[com.almasb.fxgl.entity.level.tiled.TiledObject@42131924, com.almasb.fxgl.entity.level.tiled.TiledObject@145f1aa6, com.almasb.fxgl.entity.level.tiled.TiledObject@5109ab36, com.almasb.fxgl.entity.level.tiled.TiledObject@5704ee1d, com.almasb.fxgl.entity.level.tiled.TiledObject@d0407e0, com.almasb.fxgl.entity.level.tiled.TiledObject@6162b6cc, com.almasb.fxgl.entity.level.tiled.TiledObject@7daef1cd, com.almasb.fxgl.entity.level.tiled.TiledObject@daa9c63, com.almasb.fxgl.entity.level.tiled.TiledObject@203cb131, com.almasb.fxgl.entity.level.tiled.TiledObject@549cb72c, com.almasb.fxgl.entity.level.tiled.TiledObject@5e3604eb, com.almasb.fxgl.entity.level.tiled.TiledObject@7a6d2ca, com.almasb.fxgl.entity.level.tiled.TiledObject@42d65e36, com.almasb.fxgl.entity.level.tiled.TiledObject@7342b497, com.almasb.fxgl.entity.level.tiled.TiledObject@1d3df748, com.almasb.fxgl.entity.level.tiled.TiledObject@2c3c46a7, com.almasb.fxgl.entity.level.tiled.TiledObject@5c6b8af8, com.almasb.fxgl.entity.level.tiled.TiledObject@3aeb6bee], opacity=0.0, draworder=)], tilesets=[Tileset(firstgid=1, image=../../../../../../../Eigen test/src/main/resources/assets/levels/tiles_spritesheet.png, name=tiles_spritesheet, tilewidth=70, tileheight=70, imagewidth=914, imageheight=936, margin=0, spacing=2, columns=12, tilecount=156, transparentcolor=, tiles=[]), Tileset(firstgid=157, image=../../../../../../../Eigen test/src/main/resources/assets/levels/platformerPack_industrial_tilesheet.png, name=_industrial, tilewidth=70, tileheight=70, imagewidth=980, imageheight=560, margin=0, spacing=0, columns=14, tilecount=112, transparentcolor=, tiles=[])], backgroundcolor=, renderorder=right-down, nextobjectid=22, version=1, tiledversion=1.5.0, type=map, infinite=false, hexsidelength=0, staggeraxis=, staggerindex=, properties={}, propertytypes={})
11:01:50.701 [FXGL Background Thread 2 ] DEBUG TMXLevelLoader       - Creating tile layer entities
11:01:50.702 [FXGL Background Thread 2 ] DEBUG TilesetLoader        - Loading view for layer Bottom
11:01:50.704 [FXGL Background Thread 2 ] DEBUG TilesetLoader        - Created buffer with size 2100.0x700.0
11:01:50.719 [FXGL Background Thread 2 ] DEBUG TilesetLoader        - Writing to buffer: dst=770,350, w=70,h=70, src=490,210
11:01:50.720 [FXGL Background Thread 2 ] DEBUG TilesetLoader        - Writing to buffer: dst=840,350, w=70,h=70, src=420,210
11:01:50.720 [FXGL Background Thread 2 ] DEBUG TilesetLoader        - Writing to buffer: dst=910,350, w=70,h=70, src=490,210
11:01:50.720 [FXGL Background Thread 2 ] DEBUG TilesetLoader        - Writing to buffer: dst=490,420, w=70,h=70, src=420,210
11:01:50.720 [FXGL Background Thread 2 ] DEBUG TilesetLoader        - Writing to buffer: dst=560,420, w=70,h=70, src=490,210
11:01:50.720 [FXGL Background Thread 2 ] DEBUG TilesetLoader        - Writing to buffer: dst=630,420, w=70,h=70, src=560,210
11:01:50.721 [FXGL Background Thread 2 ] DEBUG TilesetLoader        - Writing to buffer: dst=280,490, w=70,h=70, src=490,210
11:01:50.721 [FXGL Background Thread 2 ] DEBUG TilesetLoader        - Writing to buffer: dst=350,490, w=70,h=70, src=420,210
11:01:50.721 [FXGL Background Thread 2 ] DEBUG TilesetLoader        - Writing to buffer: dst=70,560, w=70,h=70, src=560,490
11:01:50.721 [FXGL Background Thread 2 ] DEBUG TilesetLoader        - Writing to buffer: dst=210,560, w=70,h=70, src=280,210
11:01:50.721 [FXGL Background Thread 2 ] DEBUG TilesetLoader        - Writing to buffer: dst=770,560, w=70,h=70, src=140,420
11:01:50.722 [FXGL Background Thread 2 ] DEBUG TilesetLoader        - Writing to buffer: dst=840,560, w=70,h=70, src=210,420
11:01:50.722 [FXGL Background Thread 2 ] DEBUG TilesetLoader        - Writing to buffer: dst=910,560, w=70,h=70, src=280,420
11:01:50.722 [FXGL Background Thread 2 ] DEBUG TilesetLoader        - Writing to buffer: dst=0,630, w=70,h=70, src=0,140
11:01:50.722 [FXGL Background Thread 2 ] DEBUG TilesetLoader        - Writing to buffer: dst=70,630, w=70,h=70, src=0,140
11:01:50.722 [FXGL Background Thread 2 ] DEBUG TilesetLoader        - Writing to buffer: dst=140,630, w=70,h=70, src=0,140
11:01:50.723 [FXGL Background Thread 2 ] DEBUG TilesetLoader        - Writing to buffer: dst=210,630, w=70,h=70, src=0,140
11:01:50.723 [FXGL Background Thread 2 ] DEBUG TilesetLoader        - Writing to buffer: dst=280,630, w=70,h=70, src=0,140
11:01:50.723 [FXGL Background Thread 2 ] DEBUG TilesetLoader        - Writing to buffer: dst=350,630, w=70,h=70, src=0,140
11:01:50.723 [FXGL Background Thread 2 ] DEBUG TilesetLoader        - Writing to buffer: dst=420,630, w=70,h=70, src=0,140
11:01:50.723 [FXGL Background Thread 2 ] DEBUG TilesetLoader        - Writing to buffer: dst=490,630, w=70,h=70, src=0,140
11:01:50.723 [FXGL Background Thread 2 ] DEBUG TilesetLoader        - Writing to buffer: dst=560,630, w=70,h=70, src=0,140
11:01:50.723 [FXGL Background Thread 2 ] DEBUG TilesetLoader        - Writing to buffer: dst=630,630, w=70,h=70, src=0,140
11:01:50.724 [FXGL Background Thread 2 ] DEBUG TilesetLoader        - Writing to buffer: dst=700,630, w=70,h=70, src=0,140
11:01:50.724 [FXGL Background Thread 2 ] DEBUG TilesetLoader        - Writing to buffer: dst=770,630, w=70,h=70, src=0,140
11:01:50.724 [FXGL Background Thread 2 ] DEBUG TilesetLoader        - Writing to buffer: dst=840,630, w=70,h=70, src=0,140
11:01:50.724 [FXGL Background Thread 2 ] DEBUG TilesetLoader        - Writing to buffer: dst=910,630, w=70,h=70, src=0,140
11:01:50.724 [FXGL Background Thread 2 ] DEBUG TilesetLoader        - Writing to buffer: dst=980,630, w=70,h=70, src=0,140
11:01:50.724 [FXGL Background Thread 2 ] DEBUG TilesetLoader        - Writing to buffer: dst=1050,630, w=70,h=70, src=0,140
11:01:50.724 [FXGL Background Thread 2 ] DEBUG TilesetLoader        - Writing to buffer: dst=1260,630, w=70,h=70, src=0,140
11:01:50.724 [FXGL Background Thread 2 ] DEBUG TilesetLoader        - Writing to buffer: dst=1330,630, w=70,h=70, src=0,140
11:01:50.724 [FXGL Background Thread 2 ] DEBUG TilesetLoader        - Writing to buffer: dst=1400,630, w=70,h=70, src=0,140
11:01:50.725 [FXGL Background Thread 2 ] DEBUG TilesetLoader        - Writing to buffer: dst=1610,630, w=70,h=70, src=0,140
11:01:50.725 [FXGL Background Thread 2 ] DEBUG TilesetLoader        - Writing to buffer: dst=1680,630, w=70,h=70, src=0,140
11:01:50.725 [FXGL Background Thread 2 ] DEBUG TilesetLoader        - Writing to buffer: dst=1750,630, w=70,h=70, src=0,140
11:01:50.725 [FXGL Background Thread 2 ] DEBUG TilesetLoader        - Writing to buffer: dst=1820,630, w=70,h=70, src=0,140
11:01:50.725 [FXGL Background Thread 2 ] DEBUG TilesetLoader        - Writing to buffer: dst=1890,630, w=70,h=70, src=0,140
11:01:50.725 [FXGL Background Thread 2 ] DEBUG TilesetLoader        - Writing to buffer: dst=1960,630, w=70,h=70, src=0,140
11:01:50.726 [FXGL Background Thread 2 ] DEBUG TilesetLoader        - Writing to buffer: dst=2030,630, w=70,h=70, src=0,140
11:01:50.726 [FXGL Background Thread 2 ] DEBUG TilesetLoader        - Loading view for layer overlay
11:01:50.728 [FXGL Background Thread 2 ] DEBUG TilesetLoader        - Created buffer with size 2100.0x700.0
11:01:50.728 [FXGL Background Thread 2 ] DEBUG TilesetLoader        - Writing to buffer: dst=0,0, w=70,h=70, src=0,280
11:01:50.729 [FXGL Background Thread 2 ] DEBUG TilesetLoader        - Writing to buffer: dst=70,0, w=70,h=70, src=0,140
11:01:50.729 [FXGL Background Thread 2 ] DEBUG TilesetLoader        - Writing to buffer: dst=140,0, w=70,h=70, src=0,140
11:01:50.729 [FXGL Background Thread 2 ] DEBUG TilesetLoader        - Writing to buffer: dst=210,0, w=70,h=70, src=0,140
11:01:50.729 [FXGL Background Thread 2 ] DEBUG TilesetLoader        - Writing to buffer: dst=280,0, w=70,h=70, src=0,140
11:01:50.729 [FXGL Background Thread 2 ] DEBUG TilesetLoader        - Writing to buffer: dst=350,0, w=70,h=70, src=0,140
11:01:50.729 [FXGL Background Thread 2 ] DEBUG TilesetLoader        - Writing to buffer: dst=420,0, w=70,h=70, src=0,140
11:01:50.729 [FXGL Background Thread 2 ] DEBUG TilesetLoader        - Writing to buffer: dst=490,0, w=70,h=70, src=0,140
11:01:50.730 [FXGL Background Thread 2 ] DEBUG TilesetLoader        - Writing to buffer: dst=560,0, w=70,h=70, src=0,140
11:01:50.730 [FXGL Background Thread 2 ] DEBUG TilesetLoader        - Writing to buffer: dst=630,0, w=70,h=70, src=0,140
11:01:50.730 [FXGL Background Thread 2 ] DEBUG TilesetLoader        - Writing to buffer: dst=700,0, w=70,h=70, src=0,140
11:01:50.730 [FXGL Background Thread 2 ] DEBUG TilesetLoader        - Writing to buffer: dst=770,0, w=70,h=70, src=0,350
11:01:50.730 [FXGL Background Thread 2 ] DEBUG TilesetLoader        - Writing to buffer: dst=840,0, w=70,h=70, src=0,140
11:01:50.730 [FXGL Background Thread 2 ] DEBUG TilesetLoader        - Writing to buffer: dst=910,0, w=70,h=70, src=0,140
11:01:50.730 [FXGL Background Thread 2 ] DEBUG TilesetLoader        - Writing to buffer: dst=980,0, w=70,h=70, src=0,140
11:01:50.730 [FXGL Background Thread 2 ] DEBUG TilesetLoader        - Writing to buffer: dst=1050,0, w=70,h=70, src=0,140
11:01:50.731 [FXGL Background Thread 2 ] DEBUG TilesetLoader        - Writing to buffer: dst=1120,0, w=70,h=70, src=0,280
11:01:50.731 [FXGL Background Thread 2 ] DEBUG TilesetLoader        - Writing to buffer: dst=770,70, w=70,h=70, src=0,420
11:01:50.731 [FXGL Background Thread 2 ] DEBUG TilesetLoader        - Writing to buffer: dst=770,140, w=70,h=70, src=0,490
11:01:50.731 [FXGL Background Thread 2 ] DEBUG TilesetLoader        - Writing to buffer: dst=770,350, w=70,h=70, src=140,280
11:01:50.731 [FXGL Background Thread 2 ] DEBUG TilesetLoader        - Writing to buffer: dst=840,350, w=70,h=70, src=210,280
11:01:50.731 [FXGL Background Thread 2 ] DEBUG TilesetLoader        - Writing to buffer: dst=910,350, w=70,h=70, src=280,280
11:01:50.731 [FXGL Background Thread 2 ] DEBUG TilesetLoader        - Writing to buffer: dst=210,490, w=70,h=70, src=280,140
11:01:50.732 [FXGL Background Thread 2 ] DEBUG TilesetLoader        - Writing to buffer: dst=910,490, w=70,h=70, src=910,280
11:01:50.745 [FXGL Background Thread 2 ] DEBUG TilesetLoader        - Writing to buffer: dst=1960,490, w=70,h=70, src=648,216
11:01:50.745 [FXGL Background Thread 2 ] DEBUG TilesetLoader        - Writing to buffer: dst=1820,560, w=70,h=70, src=910,280
11:01:50.745 [FXGL Background Thread 2 ] DEBUG TilesetLoader        - Writing to buffer: dst=1960,560, w=70,h=70, src=648,288
11:01:50.745 [FXGL Background Thread 2 ] DEBUG TilesetLoader        - Writing to buffer: dst=1120,630, w=70,h=70, src=770,280
11:01:50.745 [FXGL Background Thread 2 ] DEBUG TilesetLoader        - Writing to buffer: dst=1190,630, w=70,h=70, src=770,280
11:01:50.746 [FXGL Background Thread 2 ] DEBUG TilesetLoader        - Writing to buffer: dst=1470,630, w=70,h=70, src=770,280
11:01:50.746 [FXGL Background Thread 2 ] DEBUG TilesetLoader        - Writing to buffer: dst=1540,630, w=70,h=70, src=770,280
11:01:50.746 [FXGL Background Thread 2 ] DEBUG TMXLevelLoader       - Creating object layer entities
11:01:50.753 [FXGL Background Thread 2 ] DEBUG FXGLAssetLoaderServi - Loading from file system: file:/D:/OneDrive/OneDrive%20-%20Hogeschool%20Leiden/IPOSE/NERDS%20VS%20VIRUS/nerdsvsthevirus/target/classes/assets/textures/spuit2.png
11:01:50.758 [FXGL Background Thread 2 ] DEBUG FXGLAssetLoaderServi - Loading from file system: file:/D:/OneDrive/OneDrive%20-%20Hogeschool%20Leiden/IPOSE/NERDS%20VS%20VIRUS/nerdsvsthevirus/target/classes/assets/textures/bacteria.png
11:01:50.766 [FXGL Background Thread 2 ] DEBUG GameWorld            - Clearing removable entities
11:01:50.766 [FXGL Background Thread 2 ] DEBUG GameWorld            - Setting level: com.almasb.fxgl.entity.level.Level@e64a61b
11:01:50.774 [FXGL Background Thread 2 ] DEBUG FXGLAssetLoaderServi - Loading from file system: file:/D:/OneDrive/OneDrive%20-%20Hogeschool%20Leiden/IPOSE/NERDS%20VS%20VIRUS/nerdsvsthevirus/target/classes/assets/textures/sprite.png
11:01:50.781 [FXGL Background Thread 2 ] INFO  FXGLApplication      - Game initialization took: 0,140 sec
11:01:50.782 [JavaFX Application Thread] DEBUG Input                - Clearing active input actions
11:01:50.787 [JavaFX Application Thread] DEBUG GameApplicationServi - Removing overlay from FXGLLoadingScene and adding to GameScene
11:01:50.787 [JavaFX Application Thread] DEBUG PrimaryStageWindow   - FXGLLoadingScene -> GameScene
11:01:52.388 [FXGL Background Thread 3 ] DEBUG Engine               - Logging environment variables
11:01:52.388 [FXGL Background Thread 3 ] DEBUG Engine               - achievements: []
11:01:52.388 [FXGL Background Thread 3 ] DEBUG Engine               - actualHeight: 700.0
11:01:52.388 [FXGL Background Thread 3 ] DEBUG Engine               - actualHeightProperty: ReadOnlyDoubleProperty [value: 700.0]
11:01:52.388 [FXGL Background Thread 3 ] DEBUG Engine               - actualWidth: 1050.0
11:01:52.388 [FXGL Background Thread 3 ] DEBUG Engine               - actualWidthProperty: ReadOnlyDoubleProperty [value: 1050.0]
11:01:52.388 [FXGL Background Thread 3 ] DEBUG Engine               - appIcon: fxgl_icon.png
11:01:52.388 [FXGL Background Thread 3 ] DEBUG Engine               - applicationMode: DEVELOPER
11:01:52.389 [FXGL Background Thread 3 ] DEBUG Engine               - cSSList: [fxgl_dark.css]
11:01:52.389 [FXGL Background Thread 3 ] DEBUG Engine               - collisionDetectionStrategy: BRUTE_FORCE
11:01:52.389 [FXGL Background Thread 3 ] DEBUG Engine               - configClass: Optional.empty
11:01:52.389 [FXGL Background Thread 3 ] DEBUG Engine               - credits: []
11:01:52.389 [FXGL Background Thread 3 ] DEBUG Engine               - devBBoxColorProperty: ObjectProperty [value: 0xff0000ff]
11:01:52.389 [FXGL Background Thread 3 ] DEBUG Engine               - devEnableDebugCameraProperty: BooleanProperty [value: false]
11:01:52.390 [FXGL Background Thread 3 ] DEBUG Engine               - devSensorColorProperty: ObjectProperty [value: 0xffff00ff]
11:01:52.390 [FXGL Background Thread 3 ] DEBUG Engine               - devShowBBoxProperty: BooleanProperty [value: false]
11:01:52.390 [FXGL Background Thread 3 ] DEBUG Engine               - devShowPositionProperty: BooleanProperty [value: false]
11:01:52.390 [FXGL Background Thread 3 ] DEBUG Engine               - enabledMenuItems: []
11:01:52.390 [FXGL Background Thread 3 ] DEBUG Engine               - engineServices: [class com.almasb.fxgl.app.services.FXGLAssetLoaderService, class com.almasb.fxgl.app.FXGLApplication$GameApplicationService, class com.almasb.fxgl.app.services.FXGLDialogService, class com.almasb.fxgl.app.services.IOTaskExecutorService, class com.almasb.fxgl.event.EventBusService, class com.almasb.fxgl.io.FileSystemService, class com.almasb.fxgl.localization.LocalizationService, class com.almasb.fxgl.app.services.SystemBundleService, class com.almasb.fxgl.profile.SaveLoadService, class com.almasb.fxgl.ui.FXGLUIFactoryServiceProvider, class com.almasb.fxgl.ui.FXGLDialogFactoryServiceProvider, class com.almasb.fxgl.audio.AudioPlayer, class com.almasb.fxgl.notification.impl.NotificationServiceProvider, class com.almasb.fxgl.achievement.AchievementService, class com.almasb.fxgl.cutscene.CutsceneService, class com.almasb.fxgl.minigames.MiniGameService, class com.almasb.fxgl.net.NetService, class com.almasb.fxgl.app.services.UpdaterService, class com.almasb.fxgl.dev.DevService]
11:01:52.390 [FXGL Background Thread 3 ] DEBUG Engine               - fontGame: Abel-Regular.ttf
11:01:52.390 [FXGL Background Thread 3 ] DEBUG Engine               - fontMono: lucida_console.ttf
11:01:52.390 [FXGL Background Thread 3 ] DEBUG Engine               - fontText: Courier-Prime.ttf
11:01:52.390 [FXGL Background Thread 3 ] DEBUG Engine               - fontUI: VarelaRound-Regular.ttf
11:01:52.390 [FXGL Background Thread 3 ] DEBUG Engine               - fullScreen: BooleanProperty [value: false]
11:01:52.390 [FXGL Background Thread 3 ] DEBUG Engine               - gameDifficulty: MEDIUM
11:01:52.390 [FXGL Background Thread 3 ] DEBUG Engine               - gameDifficultyProperty: ObjectProperty [value: MEDIUM]
11:01:52.391 [FXGL Background Thread 3 ] DEBUG Engine               - globalMusicVolume: 0.5
11:01:52.391 [FXGL Background Thread 3 ] DEBUG Engine               - globalMusicVolumeProperty: DoubleProperty [value: 0.5]
11:01:52.391 [FXGL Background Thread 3 ] DEBUG Engine               - globalSoundVolume: 0.5
11:01:52.391 [FXGL Background Thread 3 ] DEBUG Engine               - globalSoundVolumeProperty: DoubleProperty [value: 0.5]
11:01:52.391 [FXGL Background Thread 3 ] DEBUG Engine               - height: 700
11:01:52.391 [FXGL Background Thread 3 ] DEBUG Engine               - isAndroid: false
11:01:52.391 [FXGL Background Thread 3 ] DEBUG Engine               - isBrowser: false
11:01:52.391 [FXGL Background Thread 3 ] DEBUG Engine               - isClickFeedbackEnabled: false
11:01:52.391 [FXGL Background Thread 3 ] DEBUG Engine               - isCloseConfirmation: false
11:01:52.391 [FXGL Background Thread 3 ] DEBUG Engine               - isDesktop: true
11:01:52.392 [FXGL Background Thread 3 ] DEBUG Engine               - isDeveloperMenuEnabled: false
11:01:52.392 [FXGL Background Thread 3 ] DEBUG Engine               - isEntityPreloadEnabled: true
11:01:52.392 [FXGL Background Thread 3 ] DEBUG Engine               - isExperimental3D: false
11:01:52.392 [FXGL Background Thread 3 ] DEBUG Engine               - isExperimentalNative: false
11:01:52.392 [FXGL Background Thread 3 ] DEBUG Engine               - isExperimentalTiledLargeMap: false
11:01:52.392 [FXGL Background Thread 3 ] DEBUG Engine               - isFileSystemWriteAllowed: true
11:01:52.392 [FXGL Background Thread 3 ] DEBUG Engine               - isFullScreenAllowed: false
11:01:52.392 [FXGL Background Thread 3 ] DEBUG Engine               - isFullScreenFromStart: false
11:01:52.392 [FXGL Background Thread 3 ] DEBUG Engine               - isGameMenuEnabled: true
11:01:52.392 [FXGL Background Thread 3 ] DEBUG Engine               - isIOS: false
11:01:52.392 [FXGL Background Thread 3 ] DEBUG Engine               - isIntroEnabled: false
11:01:52.393 [FXGL Background Thread 3 ] DEBUG Engine               - isLinux: false
11:01:52.393 [FXGL Background Thread 3 ] DEBUG Engine               - isMac: false
11:01:52.393 [FXGL Background Thread 3 ] DEBUG Engine               - isMainMenuEnabled: true
11:01:52.393 [FXGL Background Thread 3 ] DEBUG Engine               - isManualResizeEnabled: false
11:01:52.393 [FXGL Background Thread 3 ] DEBUG Engine               - isMobile: false
11:01:52.393 [FXGL Background Thread 3 ] DEBUG Engine               - isPreserveResizeRatio: false
11:01:52.393 [FXGL Background Thread 3 ] DEBUG Engine               - isProfilingEnabled: false
11:01:52.393 [FXGL Background Thread 3 ] DEBUG Engine               - isScaleAffectedOnResize: true
11:01:52.393 [FXGL Background Thread 3 ] DEBUG Engine               - isSingleStep: false
11:01:52.393 [FXGL Background Thread 3 ] DEBUG Engine               - isUserProfileEnabled: false
11:01:52.393 [FXGL Background Thread 3 ] DEBUG Engine               - isWindows: true
11:01:52.393 [FXGL Background Thread 3 ] DEBUG Engine               - language: ObjectProperty [value: ENGLISH]
11:01:52.394 [FXGL Background Thread 3 ] DEBUG Engine               - menuKey: ESCAPE
11:01:52.394 [FXGL Background Thread 3 ] DEBUG Engine               - notificationViewClass: class com.almasb.fxgl.notification.view.XboxNotificationView
11:01:52.394 [FXGL Background Thread 3 ] DEBUG Engine               - pixelsPerMeter: 50.0
11:01:52.394 [FXGL Background Thread 3 ] DEBUG Engine               - platform: WINDOWS
11:01:52.394 [FXGL Background Thread 3 ] DEBUG Engine               - prefHeightProperty: ReadOnlyDoubleProperty [value: 700.0]
11:01:52.394 [FXGL Background Thread 3 ] DEBUG Engine               - prefWidthProperty: ReadOnlyDoubleProperty [value: 1050.0]
11:01:52.394 [FXGL Background Thread 3 ] DEBUG Engine               - profileDir: profiles/
11:01:52.394 [FXGL Background Thread 3 ] DEBUG Engine               - profileName: StringProperty [value: DEFAULT]
11:01:52.394 [FXGL Background Thread 3 ] DEBUG Engine               - randomSeed: -1
11:01:52.394 [FXGL Background Thread 3 ] DEBUG Engine               - runtimeInfo: RuntimeInfo(platform=WINDOWS, version=11.14, build=01.03.2021 16.59)
11:01:52.394 [FXGL Background Thread 3 ] DEBUG Engine               - saveFileExt: sav
11:01:52.394 [FXGL Background Thread 3 ] DEBUG Engine               - scaledHeightProp$fxgl: DoubleProperty [bound, value: 700.0]
11:01:52.395 [FXGL Background Thread 3 ] DEBUG Engine               - scaledWidthProp$fxgl: DoubleProperty [bound, value: 1050.0]
11:01:52.395 [FXGL Background Thread 3 ] DEBUG Engine               - sceneFactory: NerdvsVirus.Game$1@140e1035
11:01:52.395 [FXGL Background Thread 3 ] DEBUG Engine               - secondsIn24h: 60
11:01:52.395 [FXGL Background Thread 3 ] DEBUG Engine               - soundMenuBack: menu/back.wav
11:01:52.395 [FXGL Background Thread 3 ] DEBUG Engine               - soundMenuPress: menu/press.wav
11:01:52.395 [FXGL Background Thread 3 ] DEBUG Engine               - soundMenuSelect: menu/select.wav
11:01:52.395 [FXGL Background Thread 3 ] DEBUG Engine               - soundNotification: core/notification.wav
11:01:52.395 [FXGL Background Thread 3 ] DEBUG Engine               - stageStyle: DECORATED
11:01:52.395 [FXGL Background Thread 3 ] DEBUG Engine               - supportedLanguages: [ENGLISH, FRENCH, GERMAN, HUNGARIAN, RUSSIAN]
11:01:52.395 [FXGL Background Thread 3 ] DEBUG Engine               - ticksPerSecond: -1
11:01:52.396 [FXGL Background Thread 3 ] DEBUG Engine               - title: Nerds VS Virus
11:01:52.396 [FXGL Background Thread 3 ] DEBUG Engine               - urlGithub: https://github.com/AlmasB/FXGL
11:01:52.396 [FXGL Background Thread 3 ] DEBUG Engine               - urlLeaderboard: http://fxgl-top.herokuapp.com/
11:01:52.396 [FXGL Background Thread 3 ] DEBUG Engine               - urlPOM: https://raw.githubusercontent.com/AlmasB/FXGL/release/README.md
11:01:52.396 [FXGL Background Thread 3 ] DEBUG Engine               - userAppClass: class NerdvsVirus.Game
11:01:52.396 [FXGL Background Thread 3 ] DEBUG Engine               - version: 0.0
11:01:52.396 [FXGL Background Thread 3 ] DEBUG Engine               - versionCheckDays: 7
11:01:52.396 [FXGL Background Thread 3 ] DEBUG Engine               - width: 1050
11:01:52.396 [FXGL Background Thread 3 ] DEBUG Engine               - Logging services
11:01:52.396 [FXGL Background Thread 3 ] DEBUG Engine               - class com.almasb.fxgl.app.services.FXGLAssetLoaderService
11:01:52.397 [FXGL Background Thread 3 ] DEBUG Engine               - class com.almasb.fxgl.app.FXGLApplication$GameApplicationService
11:01:52.397 [FXGL Background Thread 3 ] DEBUG Engine               - class com.almasb.fxgl.app.services.FXGLDialogService
11:01:52.397 [FXGL Background Thread 3 ] DEBUG Engine               - class com.almasb.fxgl.app.services.IOTaskExecutorService
11:01:52.397 [FXGL Background Thread 3 ] DEBUG Engine               - class com.almasb.fxgl.event.EventBusService
11:01:52.397 [FXGL Background Thread 3 ] DEBUG Engine               - class com.almasb.fxgl.io.FileSystemService
11:01:52.397 [FXGL Background Thread 3 ] DEBUG Engine               - class com.almasb.fxgl.localization.LocalizationService
11:01:52.397 [FXGL Background Thread 3 ] DEBUG Engine               - class com.almasb.fxgl.app.services.SystemBundleService
11:01:52.397 [FXGL Background Thread 3 ] DEBUG Engine               - class com.almasb.fxgl.profile.SaveLoadService
11:01:52.397 [FXGL Background Thread 3 ] DEBUG Engine               - class com.almasb.fxgl.ui.FXGLUIFactoryServiceProvider
11:01:52.397 [FXGL Background Thread 3 ] DEBUG Engine               - class com.almasb.fxgl.ui.FXGLDialogFactoryServiceProvider
11:01:52.397 [FXGL Background Thread 3 ] DEBUG Engine               - class com.almasb.fxgl.audio.AudioPlayer
11:01:52.397 [FXGL Background Thread 3 ] DEBUG Engine               - class com.almasb.fxgl.notification.impl.NotificationServiceProvider
11:01:52.397 [FXGL Background Thread 3 ] DEBUG Engine               - class com.almasb.fxgl.achievement.AchievementService
11:01:52.397 [FXGL Background Thread 3 ] DEBUG Engine               - class com.almasb.fxgl.cutscene.CutsceneService
11:01:52.398 [FXGL Background Thread 3 ] DEBUG Engine               - class com.almasb.fxgl.minigames.MiniGameService
11:01:52.398 [FXGL Background Thread 3 ] DEBUG Engine               - class com.almasb.fxgl.net.NetService
11:01:52.398 [FXGL Background Thread 3 ] DEBUG Engine               - class com.almasb.fxgl.app.services.UpdaterService
11:01:52.398 [FXGL Background Thread 3 ] DEBUG Engine               - class com.almasb.fxgl.dev.DevService
11:02:06.531 [JavaFX Application Thread] DEBUG PrimaryStageWindow   - Push state: DialogSubScene
11:02:06.531 [JavaFX Application Thread] DEBUG Input                - Clearing active input actions
11:02:06.534 [JavaFX Application Thread] DEBUG GameApplicationServi - Removing overlay from GameScene and adding to DialogSubScene
11:02:06.534 [JavaFX Application Thread] DEBUG PrimaryStageWindow   - GameScene -> DialogSubScene
11:02:07.986 [JavaFX Application Thread] DEBUG PrimaryStageWindow   - Pop state: DialogSubScene
11:02:07.986 [JavaFX Application Thread] DEBUG Input                - Clearing active input actions
11:02:07.987 [JavaFX Application Thread] DEBUG GameApplicationServi - Removing overlay from DialogSubScene and adding to GameScene
11:02:07.987 [JavaFX Application Thread] DEBUG PrimaryStageWindow   - GameScene <- DialogSubScene
11:02:09.361 [JavaFX Application Thread] DEBUG FXGLApplication      - Exiting FXGL
11:02:09.361 [JavaFX Application Thread] DEBUG LoopRunner           - Stopping loop
11:02:09.362 [JavaFX Application Thread] DEBUG SystemBundleService  - Saving FXGL system data
11:02:09.363 [JavaFX Application Thread] DEBUG FileSystemAccess     - Writing to: D:\OneDrive\OneDrive - Hogeschool Leiden\IPOSE\NERDS VS VIRUS\nerdsvsthevirus\system\fxgl.bundle
11:02:09.364 [JavaFX Application Thread] DEBUG Async                - Shutting down background threads
11:02:09.365 [JavaFX Application Thread] DEBUG PrimaryStageWindow   - Closing main window
11:02:09.373 [JavaFX Application Thread] DEBUG Logger               - Closing Logger
