10:46:57.962 [main                     ] DEBUG Logger               - Configured Logger
10:46:58.011 [main                     ] DEBUG GameApplication      - Logging settings
Title: Nerds VS Virus
Version: 0.0
Width: 1200
Height: 800
Fullscreen: false
Intro: false
Profiling: false
Single step:false
App Mode: DEVELOPER
Menu Key: ESCAPE
Stage Style: DECORATED
Scene Factory: class Game$1

10:46:58.793 [JavaFX Application Thread] DEBUG FXGLApplication      - Initializing FXGL
10:46:58.797 [JavaFX Application Thread] INFO  Engine               - FXGL-11.14 (01.03.2021 16.59) on MAC (J:15.0.1 FX:15)
10:46:58.798 [JavaFX Application Thread] DEBUG Engine               - JRE Vendor Name: Oracle Corporation
10:46:58.798 [JavaFX Application Thread] DEBUG Engine               - Running on OS: Mac OS X version 10.16
10:46:58.799 [JavaFX Application Thread] DEBUG Engine               - Architecture: x86_64
10:46:58.799 [JavaFX Application Thread] INFO  Engine               - Source code and latest versions at: https://github.com/AlmasB/FXGL
10:46:58.799 [JavaFX Application Thread] INFO  Engine               -              Join the FXGL chat at: https://gitter.im/AlmasB/FXGL
10:46:59.004 [JavaFX Application Thread] DEBUG PrimaryStageWindow   - Creating a JavaFX scene
10:46:59.188 [JavaFX Application Thread] DEBUG PrimaryStageWindow   - Target settings size: 1200.0 x 800.0
10:46:59.189 [JavaFX Application Thread] DEBUG PrimaryStageWindow   - Scaled scene size:    1200.0 x 800.0
10:46:59.189 [JavaFX Application Thread] DEBUG PrimaryStageWindow   - Scaled ratio: (1.0, 1.0)
10:46:59.191 [JavaFX Application Thread] DEBUG PrimaryStageWindow   - Set initial scene to FXGLStartupScene
10:46:59.203 [JavaFX Application Thread] DEBUG PrimaryStageWindow   - Opening main window
10:46:59.310 [JavaFX Application Thread] DEBUG PrimaryStageWindow   - Window border size: (0.0, 28.0)
10:46:59.311 [JavaFX Application Thread] DEBUG PrimaryStageWindow   - Scaled size: 1200.0 x 800.0
10:46:59.311 [JavaFX Application Thread] DEBUG PrimaryStageWindow   - Scaled ratio: (1.0, 1.0)
10:46:59.312 [JavaFX Application Thread] DEBUG PrimaryStageWindow   - Scene size: 1200.0 x 800.0
10:46:59.312 [JavaFX Application Thread] DEBUG PrimaryStageWindow   - Stage size: 1200.0 x 828.0
10:46:59.323 [FXGL Background Thread 1 ] DEBUG Engine               - Initializing environment variables
10:46:59.402 [FXGL Background Thread 1 ] DEBUG FXGLAssetLoaderServi - User app class for loading assets: class Game
10:46:59.402 [FXGL Background Thread 1 ] DEBUG GameApplicationServi - Applying CSS: fxgl_dark.css
10:46:59.404 [FXGL Background Thread 1 ] DEBUG FXGLAssetLoaderServi - Loading from file system: jar:file:/Users/chalitandunu/.m2/repository/com/github/almasb/fxgl/11.14/fxgl-11.14.jar!/fxglassets/ui/css/fxgl_dark.css
10:46:59.485 [FXGL Background Thread 1 ] DEBUG GameApplicationServi - Initializing application scenes
10:47:00.226 [FXGL Background Thread 1 ] DEBUG GameWorld            - Game world initialized
10:47:00.282 [FXGL Background Thread 1 ] DEBUG PhysicsWorld         - Physics world initialized: appHeight=800, physics.ppm=50.0
10:47:00.282 [FXGL Background Thread 1 ] DEBUG PhysicsWorld         - Using strategy: BRUTE_FORCE
10:47:00.285 [FXGL Background Thread 1 ] DEBUG GameScene            - Game scene initialized: 1200x800
10:47:00.335 [FXGL Background Thread 1 ] DEBUG FXGLAssetLoaderServi - Loading from file system: jar:file:/Users/chalitandunu/.m2/repository/com/github/almasb/fxgl/11.14/fxgl-11.14.jar!/fxglassets/textures/particles/trace_horizontal.png
10:47:00.394 [FXGL Background Thread 1 ] DEBUG FXGL.DefaultMenu     - createMenuBodyGameMenu()
10:47:00.413 [FXGL Background Thread 1 ] DEBUG FXGL.DefaultMenu     - createOptionsMenu()
10:47:00.420 [FXGL Background Thread 1 ] DEBUG FXGLAssetLoaderServi - Loading from file system: jar:file:/Users/chalitandunu/.m2/repository/com/github/almasb/fxgl/11.14/fxgl-11.14.jar!/fxglassets/textures/particles/smoke.png
10:47:00.482 [FXGL Background Thread 1 ] DEBUG GameApplicationServi - Application scenes initialized
10:47:00.495 [FXGL Background Thread 1 ] DEBUG SystemBundleService  - Loading FXGL system data
10:47:00.502 [FXGL Background Thread 1 ] DEBUG FileSystemAccess     - Reading from: /Users/chalitandunu/Desktop/the void/HS/Jaar 1/Periode 3/IPOSE/nerdsvsthevirus/system/fxgl.bundle
10:47:00.512 [FXGL Background Thread 1 ] DEBUG SystemBundleService  - Bundle FXGL: {}
10:47:00.512 [FXGL Background Thread 1 ] DEBUG UpdaterService       - Checking for updates
10:47:00.516 [FXGL Background Thread 4 ] DEBUG FXGLApplication      - Loading fonts
10:47:00.517 [FXGL Background Thread 1 ] DEBUG FXGLApplication      - Loading default localization
10:47:00.517 [FXGL Background Thread 4 ] DEBUG FXGLAssetLoaderServi - Loading from file system: jar:file:/Users/chalitandunu/.m2/repository/com/github/almasb/fxgl/11.14/fxgl-11.14.jar!/fxglassets/ui/fonts/VarelaRound-Regular.ttf
10:47:00.518 [FXGL Background Thread 1 ] DEBUG FXGLAssetLoaderServi - Loading from file system: jar:file:/Users/chalitandunu/.m2/repository/com/github/almasb/fxgl/11.14/fxgl-11.14.jar!/fxglassets/languages/english.lang
10:47:00.550 [FXGL Background Thread 4 ] DEBUG FXGLAssetLoaderServi - Loading from file system: jar:file:/Users/chalitandunu/.m2/repository/com/github/almasb/fxgl/11.14/fxgl-11.14.jar!/fxglassets/ui/fonts/Abel-Regular.ttf
10:47:00.565 [FXGL Background Thread 4 ] DEBUG FXGLAssetLoaderServi - Loading from file system: jar:file:/Users/chalitandunu/.m2/repository/com/github/almasb/fxgl/11.14/fxgl-11.14.jar!/fxglassets/ui/fonts/lucida_console.ttf
10:47:00.610 [FXGL Background Thread 1 ] INFO  FXGLApplication      - FXGL initialization took: 1.287 sec
10:47:00.617 [FXGL Background Thread 4 ] DEBUG FXGLAssetLoaderServi - Loading from file system: jar:file:/Users/chalitandunu/.m2/repository/com/github/almasb/fxgl/11.14/fxgl-11.14.jar!/fxglassets/ui/fonts/Courier-Prime.ttf
10:47:00.629 [JavaFX Application Thread] DEBUG Input                - Registered new binding: action0 - D
10:47:00.629 [JavaFX Application Thread] DEBUG Input                - Registered new binding: action1 - A
10:47:00.630 [JavaFX Application Thread] DEBUG FXGLAssetLoaderServi - Loading from file system: jar:file:/Users/chalitandunu/.m2/repository/com/github/almasb/fxgl/11.14/fxgl-11.14.jar!/fxglassets/textures/fxgl_icon.png
10:47:00.668 [JavaFX Application Thread] DEBUG FXGLAssetLoaderServi - Loading from file system: jar:file:/Users/chalitandunu/.m2/repository/com/github/almasb/fxgl/11.14/fxgl-11.14.jar!/fxglassets/ui/cursors/fxgl_default.png
10:47:00.700 [JavaFX Application Thread] DEBUG Input                - Registered new binding: Screenshot - P
10:47:00.701 [JavaFX Application Thread] DEBUG Input                - Registered new binding: System info dump - CTRL+9
10:47:00.702 [JavaFX Application Thread] DEBUG Input                - Registered new binding: Restart - CTRL+R
10:47:00.703 [JavaFX Application Thread] DEBUG Input                - Registered new binding: Toggle Debug Camera - CTRL+C
10:47:00.709 [JavaFX Application Thread] DEBUG LoopRunner           - Starting loop
10:47:00.710 [JavaFX Application Thread] DEBUG LoopRunner           - Initializing JavaFX AnimationTimerLoop
10:47:00.713 [JavaFX Application Thread] DEBUG Input                - Clearing active input actions
10:47:00.724 [JavaFX Application Thread] DEBUG GameApplicationServi - Removing overlay from FXGLStartupScene and adding to FXGLMainMenuDummyScene
10:47:00.725 [JavaFX Application Thread] DEBUG PrimaryStageWindow   - FXGLStartupScene -> FXGLMainMenuDummyScene
10:47:00.725 [JavaFX Application Thread] DEBUG PrimaryStageWindow   - Push state: MainMenu
10:47:00.725 [JavaFX Application Thread] DEBUG Input                - Clearing active input actions
10:47:00.728 [JavaFX Application Thread] DEBUG GameApplicationServi - Removing overlay from FXGLMainMenuDummyScene and adding to MainMenu
10:47:00.729 [JavaFX Application Thread] DEBUG PrimaryStageWindow   - FXGLMainMenuDummyScene -> MainMenu
10:47:00.755 [JavaFX Application Thread] DEBUG FXGLApplication      - Registering font factories with UI factory
10:47:03.516 [FXGL Background Thread 3 ] DEBUG Engine               - Logging environment variables
10:47:03.517 [FXGL Background Thread 3 ] DEBUG Engine               - achievements: []
10:47:03.518 [FXGL Background Thread 3 ] DEBUG Engine               - actualHeight: 800.0
10:47:03.518 [FXGL Background Thread 3 ] DEBUG Engine               - actualHeightProperty: ReadOnlyDoubleProperty [value: 800.0]
10:47:03.519 [FXGL Background Thread 3 ] DEBUG Engine               - actualWidth: 1200.0
10:47:03.519 [FXGL Background Thread 3 ] DEBUG Engine               - actualWidthProperty: ReadOnlyDoubleProperty [value: 1200.0]
10:47:03.519 [FXGL Background Thread 3 ] DEBUG Engine               - appIcon: fxgl_icon.png
10:47:03.520 [FXGL Background Thread 3 ] DEBUG Engine               - applicationMode: DEVELOPER
10:47:03.520 [FXGL Background Thread 3 ] DEBUG Engine               - cSSList: [fxgl_dark.css]
10:47:03.520 [FXGL Background Thread 3 ] DEBUG Engine               - collisionDetectionStrategy: BRUTE_FORCE
10:47:03.520 [FXGL Background Thread 3 ] DEBUG Engine               - configClass: Optional.empty
10:47:03.521 [FXGL Background Thread 3 ] DEBUG Engine               - credits: []
10:47:03.521 [FXGL Background Thread 3 ] DEBUG Engine               - devBBoxColorProperty: ObjectProperty [value: 0xff0000ff]
10:47:03.521 [FXGL Background Thread 3 ] DEBUG Engine               - devEnableDebugCameraProperty: BooleanProperty [value: false]
10:47:03.522 [FXGL Background Thread 3 ] DEBUG Engine               - devSensorColorProperty: ObjectProperty [value: 0xffff00ff]
10:47:03.522 [FXGL Background Thread 3 ] DEBUG Engine               - devShowBBoxProperty: BooleanProperty [value: false]
10:47:03.522 [FXGL Background Thread 3 ] DEBUG Engine               - devShowPositionProperty: BooleanProperty [value: false]
10:47:03.523 [FXGL Background Thread 3 ] DEBUG Engine               - enabledMenuItems: []
10:47:03.523 [FXGL Background Thread 3 ] DEBUG Engine               - engineServices: [class com.almasb.fxgl.app.services.FXGLAssetLoaderService, class com.almasb.fxgl.app.FXGLApplication$GameApplicationService, class com.almasb.fxgl.app.services.FXGLDialogService, class com.almasb.fxgl.app.services.IOTaskExecutorService, class com.almasb.fxgl.event.EventBusService, class com.almasb.fxgl.io.FileSystemService, class com.almasb.fxgl.localization.LocalizationService, class com.almasb.fxgl.app.services.SystemBundleService, class com.almasb.fxgl.profile.SaveLoadService, class com.almasb.fxgl.ui.FXGLUIFactoryServiceProvider, class com.almasb.fxgl.ui.FXGLDialogFactoryServiceProvider, class com.almasb.fxgl.audio.AudioPlayer, class com.almasb.fxgl.notification.impl.NotificationServiceProvider, class com.almasb.fxgl.achievement.AchievementService, class com.almasb.fxgl.cutscene.CutsceneService, class com.almasb.fxgl.minigames.MiniGameService, class com.almasb.fxgl.net.NetService, class com.almasb.fxgl.app.services.UpdaterService, class com.almasb.fxgl.dev.DevService]
10:47:03.523 [FXGL Background Thread 3 ] DEBUG Engine               - fontGame: Abel-Regular.ttf
10:47:03.523 [FXGL Background Thread 3 ] DEBUG Engine               - fontMono: lucida_console.ttf
10:47:03.523 [FXGL Background Thread 3 ] DEBUG Engine               - fontText: Courier-Prime.ttf
10:47:03.524 [FXGL Background Thread 3 ] DEBUG Engine               - fontUI: VarelaRound-Regular.ttf
10:47:03.524 [FXGL Background Thread 3 ] DEBUG Engine               - fullScreen: BooleanProperty [value: false]
10:47:03.524 [FXGL Background Thread 3 ] DEBUG Engine               - gameDifficulty: MEDIUM
10:47:03.524 [FXGL Background Thread 3 ] DEBUG Engine               - gameDifficultyProperty: ObjectProperty [value: MEDIUM]
10:47:03.525 [FXGL Background Thread 3 ] DEBUG Engine               - globalMusicVolume: 0.5
10:47:03.525 [FXGL Background Thread 3 ] DEBUG Engine               - globalMusicVolumeProperty: DoubleProperty [value: 0.5]
10:47:03.525 [FXGL Background Thread 3 ] DEBUG Engine               - globalSoundVolume: 0.5
10:47:03.525 [FXGL Background Thread 3 ] DEBUG Engine               - globalSoundVolumeProperty: DoubleProperty [value: 0.5]
10:47:03.525 [FXGL Background Thread 3 ] DEBUG Engine               - height: 800
10:47:03.526 [FXGL Background Thread 3 ] DEBUG Engine               - isAndroid: false
10:47:03.526 [FXGL Background Thread 3 ] DEBUG Engine               - isBrowser: false
10:47:03.526 [FXGL Background Thread 3 ] DEBUG Engine               - isClickFeedbackEnabled: false
10:47:03.526 [FXGL Background Thread 3 ] DEBUG Engine               - isCloseConfirmation: false
10:47:03.526 [FXGL Background Thread 3 ] DEBUG Engine               - isDesktop: true
10:47:03.527 [FXGL Background Thread 3 ] DEBUG Engine               - isDeveloperMenuEnabled: false
10:47:03.527 [FXGL Background Thread 3 ] DEBUG Engine               - isEntityPreloadEnabled: true
10:47:03.527 [FXGL Background Thread 3 ] DEBUG Engine               - isExperimental3D: false
10:47:03.527 [FXGL Background Thread 3 ] DEBUG Engine               - isExperimentalNative: false
10:47:03.528 [FXGL Background Thread 3 ] DEBUG Engine               - isExperimentalTiledLargeMap: false
10:47:03.528 [FXGL Background Thread 3 ] DEBUG Engine               - isFileSystemWriteAllowed: true
10:47:03.528 [FXGL Background Thread 3 ] DEBUG Engine               - isFullScreenAllowed: false
10:47:03.528 [FXGL Background Thread 3 ] DEBUG Engine               - isFullScreenFromStart: false
10:47:03.528 [FXGL Background Thread 3 ] DEBUG Engine               - isGameMenuEnabled: true
10:47:03.528 [FXGL Background Thread 3 ] DEBUG Engine               - isIOS: false
10:47:03.529 [FXGL Background Thread 3 ] DEBUG Engine               - isIntroEnabled: false
10:47:03.529 [FXGL Background Thread 3 ] DEBUG Engine               - isLinux: false
10:47:03.529 [FXGL Background Thread 3 ] DEBUG Engine               - isMac: true
10:47:03.529 [FXGL Background Thread 3 ] DEBUG Engine               - isMainMenuEnabled: true
10:47:03.530 [FXGL Background Thread 3 ] DEBUG Engine               - isManualResizeEnabled: false
10:47:03.530 [FXGL Background Thread 3 ] DEBUG Engine               - isMobile: false
10:47:03.530 [FXGL Background Thread 3 ] DEBUG Engine               - isPreserveResizeRatio: false
10:47:03.530 [FXGL Background Thread 3 ] DEBUG Engine               - isProfilingEnabled: false
10:47:03.530 [FXGL Background Thread 3 ] DEBUG Engine               - isScaleAffectedOnResize: true
10:47:03.530 [FXGL Background Thread 3 ] DEBUG Engine               - isSingleStep: false
10:47:03.531 [FXGL Background Thread 3 ] DEBUG Engine               - isUserProfileEnabled: false
10:47:03.531 [FXGL Background Thread 3 ] DEBUG Engine               - isWindows: false
10:47:03.531 [FXGL Background Thread 3 ] DEBUG Engine               - language: ObjectProperty [value: ENGLISH]
10:47:03.531 [FXGL Background Thread 3 ] DEBUG Engine               - menuKey: ESCAPE
10:47:03.531 [FXGL Background Thread 3 ] DEBUG Engine               - notificationViewClass: class com.almasb.fxgl.notification.view.XboxNotificationView
10:47:03.532 [FXGL Background Thread 3 ] DEBUG Engine               - pixelsPerMeter: 50.0
10:47:03.532 [FXGL Background Thread 3 ] DEBUG Engine               - platform: MAC
10:47:03.533 [FXGL Background Thread 3 ] DEBUG Engine               - prefHeightProperty: ReadOnlyDoubleProperty [value: 800.0]
10:47:03.533 [FXGL Background Thread 3 ] DEBUG Engine               - prefWidthProperty: ReadOnlyDoubleProperty [value: 1200.0]
10:47:03.533 [FXGL Background Thread 3 ] DEBUG Engine               - profileDir: profiles/
10:47:03.534 [FXGL Background Thread 3 ] DEBUG Engine               - profileName: StringProperty [value: DEFAULT]
10:47:03.534 [FXGL Background Thread 3 ] DEBUG Engine               - randomSeed: -1
10:47:03.534 [FXGL Background Thread 3 ] DEBUG Engine               - runtimeInfo: RuntimeInfo(platform=MAC, version=11.14, build=01.03.2021 16.59)
10:47:03.534 [FXGL Background Thread 3 ] DEBUG Engine               - saveFileExt: sav
10:47:03.534 [FXGL Background Thread 3 ] DEBUG Engine               - scaledHeightProp$fxgl: DoubleProperty [bound, value: 800.0]
10:47:03.534 [FXGL Background Thread 3 ] DEBUG Engine               - scaledWidthProp$fxgl: DoubleProperty [bound, value: 1200.0]
10:47:03.535 [FXGL Background Thread 3 ] DEBUG Engine               - sceneFactory: Game$1@7a7a86ed
10:47:03.535 [FXGL Background Thread 3 ] DEBUG Engine               - secondsIn24h: 60
10:47:03.535 [FXGL Background Thread 3 ] DEBUG Engine               - soundMenuBack: menu/back.wav
10:47:03.535 [FXGL Background Thread 3 ] DEBUG Engine               - soundMenuPress: menu/press.wav
10:47:03.536 [FXGL Background Thread 3 ] DEBUG Engine               - soundMenuSelect: menu/select.wav
10:47:03.536 [FXGL Background Thread 3 ] DEBUG Engine               - soundNotification: core/notification.wav
10:47:03.536 [FXGL Background Thread 3 ] DEBUG Engine               - stageStyle: DECORATED
10:47:03.536 [FXGL Background Thread 3 ] DEBUG Engine               - supportedLanguages: [ENGLISH, FRENCH, GERMAN, HUNGARIAN, RUSSIAN]
10:47:03.536 [FXGL Background Thread 3 ] DEBUG Engine               - ticksPerSecond: -1
10:47:03.536 [FXGL Background Thread 3 ] DEBUG Engine               - title: Nerds VS Virus
10:47:03.536 [FXGL Background Thread 3 ] DEBUG Engine               - urlGithub: https://github.com/AlmasB/FXGL
10:47:03.537 [FXGL Background Thread 3 ] DEBUG Engine               - urlLeaderboard: http://fxgl-top.herokuapp.com/
10:47:03.537 [FXGL Background Thread 3 ] DEBUG Engine               - urlPOM: https://raw.githubusercontent.com/AlmasB/FXGL/release/README.md
10:47:03.537 [FXGL Background Thread 3 ] DEBUG Engine               - userAppClass: class Game
10:47:03.537 [FXGL Background Thread 3 ] DEBUG Engine               - version: 0.0
10:47:03.537 [FXGL Background Thread 3 ] DEBUG Engine               - versionCheckDays: 7
10:47:03.537 [FXGL Background Thread 3 ] DEBUG Engine               - width: 1200
10:47:03.538 [FXGL Background Thread 3 ] DEBUG Engine               - Logging services
10:47:03.538 [FXGL Background Thread 3 ] DEBUG Engine               - class com.almasb.fxgl.app.services.FXGLAssetLoaderService
10:47:03.538 [FXGL Background Thread 3 ] DEBUG Engine               - class com.almasb.fxgl.app.FXGLApplication$GameApplicationService
10:47:03.538 [FXGL Background Thread 3 ] DEBUG Engine               - class com.almasb.fxgl.app.services.FXGLDialogService
10:47:03.539 [FXGL Background Thread 3 ] DEBUG Engine               - class com.almasb.fxgl.app.services.IOTaskExecutorService
10:47:03.539 [FXGL Background Thread 3 ] DEBUG Engine               - class com.almasb.fxgl.event.EventBusService
10:47:03.539 [FXGL Background Thread 3 ] DEBUG Engine               - class com.almasb.fxgl.io.FileSystemService
10:47:03.539 [FXGL Background Thread 3 ] DEBUG Engine               - class com.almasb.fxgl.localization.LocalizationService
10:47:03.540 [FXGL Background Thread 3 ] DEBUG Engine               - class com.almasb.fxgl.app.services.SystemBundleService
10:47:03.540 [FXGL Background Thread 3 ] DEBUG Engine               - class com.almasb.fxgl.profile.SaveLoadService
10:47:03.540 [FXGL Background Thread 3 ] DEBUG Engine               - class com.almasb.fxgl.ui.FXGLUIFactoryServiceProvider
10:47:03.540 [FXGL Background Thread 3 ] DEBUG Engine               - class com.almasb.fxgl.ui.FXGLDialogFactoryServiceProvider
10:47:03.541 [FXGL Background Thread 3 ] DEBUG Engine               - class com.almasb.fxgl.audio.AudioPlayer
10:47:03.541 [FXGL Background Thread 3 ] DEBUG Engine               - class com.almasb.fxgl.notification.impl.NotificationServiceProvider
10:47:03.541 [FXGL Background Thread 3 ] DEBUG Engine               - class com.almasb.fxgl.achievement.AchievementService
10:47:03.541 [FXGL Background Thread 3 ] DEBUG Engine               - class com.almasb.fxgl.cutscene.CutsceneService
10:47:03.542 [FXGL Background Thread 3 ] DEBUG Engine               - class com.almasb.fxgl.minigames.MiniGameService
10:47:03.542 [FXGL Background Thread 3 ] DEBUG Engine               - class com.almasb.fxgl.net.NetService
10:47:03.542 [FXGL Background Thread 3 ] DEBUG Engine               - class com.almasb.fxgl.app.services.UpdaterService
10:47:03.543 [FXGL Background Thread 3 ] DEBUG Engine               - class com.almasb.fxgl.dev.DevService
10:47:04.891 [JavaFX Application Thread] DEBUG FXGLApplication      - Exiting FXGL
10:47:04.892 [JavaFX Application Thread] DEBUG LoopRunner           - Stopping loop
10:47:04.892 [JavaFX Application Thread] DEBUG SystemBundleService  - Saving FXGL system data
10:47:04.897 [JavaFX Application Thread] DEBUG FileSystemAccess     - Writing to: /Users/chalitandunu/Desktop/the void/HS/Jaar 1/Periode 3/IPOSE/nerdsvsthevirus/system/fxgl.bundle
10:47:04.899 [JavaFX Application Thread] DEBUG Async                - Shutting down background threads
10:47:04.899 [JavaFX Application Thread] DEBUG PrimaryStageWindow   - Closing main window
10:47:04.910 [JavaFX Application Thread] DEBUG Logger               - Closing Logger
