21:26:26.426 [main                     ] DEBUG Logger               - Configured Logger
21:26:26.466 [main                     ] DEBUG GameApplication      - Logging settings
Title: Nerds VS Virus
Version: 0.0
Width: 1200
Height: 800
Fullscreen: false
Intro: false
Profiling: false
Single step:false
App Mode: DEVELOPER
Menu Key: ESCAPE
Stage Style: DECORATED
Scene Factory: class Game$1

21:26:27.200 [JavaFX Application Thread] DEBUG FXGLApplication      - Initializing FXGL
21:26:27.203 [JavaFX Application Thread] INFO  Engine               - FXGL-11.14 (01.03.2021 16.59) on MAC (J:15.0.1 FX:15)
21:26:27.203 [JavaFX Application Thread] DEBUG Engine               - JRE Vendor Name: Oracle Corporation
21:26:27.204 [JavaFX Application Thread] DEBUG Engine               - Running on OS: Mac OS X version 10.16
21:26:27.204 [JavaFX Application Thread] DEBUG Engine               - Architecture: x86_64
21:26:27.204 [JavaFX Application Thread] INFO  Engine               - Source code and latest versions at: https://github.com/AlmasB/FXGL
21:26:27.204 [JavaFX Application Thread] INFO  Engine               -              Join the FXGL chat at: https://gitter.im/AlmasB/FXGL
21:26:27.365 [JavaFX Application Thread] DEBUG PrimaryStageWindow   - Creating a JavaFX scene
21:26:27.439 [JavaFX Application Thread] DEBUG PrimaryStageWindow   - Target settings size: 1200.0 x 800.0
21:26:27.439 [JavaFX Application Thread] DEBUG PrimaryStageWindow   - Scaled scene size:    1200.0 x 800.0
21:26:27.439 [JavaFX Application Thread] DEBUG PrimaryStageWindow   - Scaled ratio: (1.0, 1.0)
21:26:27.441 [JavaFX Application Thread] DEBUG PrimaryStageWindow   - Set initial scene to FXGLStartupScene
21:26:27.450 [JavaFX Application Thread] DEBUG PrimaryStageWindow   - Opening main window
21:26:27.537 [JavaFX Application Thread] DEBUG PrimaryStageWindow   - Window border size: (0.0, 28.0)
21:26:27.537 [JavaFX Application Thread] DEBUG PrimaryStageWindow   - Scaled size: 1200.0 x 800.0
21:26:27.537 [JavaFX Application Thread] DEBUG PrimaryStageWindow   - Scaled ratio: (1.0, 1.0)
21:26:27.538 [JavaFX Application Thread] DEBUG PrimaryStageWindow   - Scene size: 1200.0 x 800.0
21:26:27.538 [JavaFX Application Thread] DEBUG PrimaryStageWindow   - Stage size: 1200.0 x 828.0
21:26:27.544 [FXGL Background Thread 1 ] DEBUG Engine               - Initializing environment variables
21:26:27.664 [FXGL Background Thread 1 ] DEBUG FXGLAssetLoaderServi - User app class for loading assets: class Game
21:26:27.665 [FXGL Background Thread 1 ] DEBUG GameApplicationServi - Applying CSS: fxgl_dark.css
21:26:27.667 [FXGL Background Thread 1 ] DEBUG FXGLAssetLoaderServi - Loading from file system: jar:file:/Users/chalitandunu/.m2/repository/com/github/almasb/fxgl/11.14/fxgl-11.14.jar!/fxglassets/ui/css/fxgl_dark.css
21:26:27.860 [FXGL Background Thread 1 ] DEBUG GameApplicationServi - Initializing application scenes
21:26:28.773 [FXGL Background Thread 1 ] DEBUG GameWorld            - Game world initialized
21:26:28.844 [FXGL Background Thread 1 ] DEBUG PhysicsWorld         - Physics world initialized: appHeight=800, physics.ppm=50.0
21:26:28.845 [FXGL Background Thread 1 ] DEBUG PhysicsWorld         - Using strategy: BRUTE_FORCE
21:26:28.848 [FXGL Background Thread 1 ] DEBUG GameScene            - Game scene initialized: 1200x800
21:26:28.856 [JavaFX Application Thread] DEBUG LoopRunner           - Stopping loop
21:26:28.856 [JavaFX Application Thread] DEBUG LoopRunner           - Initializing JavaFX AnimationTimerLoop
21:26:28.859 [JavaFX Application Thread] FATAL FXGLApplication      - Uncaught Exception:
java.lang.NullPointerException: Cannot invoke "java.net.URL.toExternalForm()" because the return value of "java.lang.Class.getResource(String)" is null
	at MainMenu.<init>(MainMenu.java:26)
	at Game$1.newMainMenu(Game.java:41)
	at com.almasb.fxgl.app.FXGLApplication$GameApplicationService.initAppScenes(FXGLApplication.kt:483)
	at com.almasb.fxgl.app.FXGLApplication$GameApplicationService.onInit(FXGLApplication.kt:448)
	at com.almasb.fxgl.app.Engine.initServices(Engine.kt:84)
	at com.almasb.fxgl.app.FXGLApplication$start$task$1.run(FXGLApplication.kt:171)
	at com.almasb.fxgl.core.concurrent.IOTask.lambda$ofVoid$5(IOTask.java:138)
	at com.almasb.fxgl.core.concurrent.IOTask$2.onExecute(IOTask.java:151)
	at com.almasb.fxgl.core.concurrent.IOTask$1.call(IOTask.java:107)
	at javafx.concurrent.Task$TaskCallable.call(Task.java:1425)
	at java.base/java.util.concurrent.FutureTask.run(FutureTask.java:264)
	at java.base/java.util.concurrent.Executors$RunnableAdapter.call(Executors.java:515)
	at java.base/java.util.concurrent.FutureTask.run(FutureTask.java:264)
	at java.base/java.util.concurrent.ThreadPoolExecutor.runWorker(ThreadPoolExecutor.java:1130)
	at java.base/java.util.concurrent.ThreadPoolExecutor$Worker.run(ThreadPoolExecutor.java:630)
	at java.base/java.lang.Thread.run(Thread.java:832)

21:26:28.859 [JavaFX Application Thread] FATAL FXGLApplication      - Application will now exit
21:26:28.913 [JavaFX Application Thread] DEBUG PrimaryStageWindow   - Push state: ErrorSubScene
21:26:28.914 [JavaFX Application Thread] DEBUG Input                - Clearing active input actions
21:26:28.928 [JavaFX Application Thread] DEBUG GameApplicationServi - Removing overlay from FXGLStartupScene and adding to ErrorSubScene
21:26:28.929 [JavaFX Application Thread] DEBUG PrimaryStageWindow   - FXGLStartupScene -> ErrorSubScene
21:26:58.127 [JavaFX Application Thread] DEBUG FXGLApplication      - Exiting FXGL
21:26:58.127 [JavaFX Application Thread] DEBUG Async                - Shutting down background threads
21:26:58.128 [JavaFX Application Thread] DEBUG PrimaryStageWindow   - Closing main window
21:26:58.136 [JavaFX Application Thread] DEBUG Logger               - Closing Logger
