11:57:41.068 [main                     ] DEBUG Logger               - Configured Logger
11:57:41.097 [main                     ] DEBUG GameApplication      - Logging settings
Title: Nerds VS Virus
Version: 0.0
Width: 1050
Height: 700
Fullscreen: false
Intro: false
Profiling: false
Single step:false
App Mode: DEVELOPER
Menu Key: ESCAPE
Stage Style: DECORATED
Scene Factory: class NerdvsVirus.Game$1

11:57:41.654 [JavaFX Application Thread] DEBUG FXGLApplication      - Initializing FXGL
11:57:41.657 [JavaFX Application Thread] INFO  Engine               - FXGL-11.14 (01.03.2021 16.59) on MAC (J:15.0.1 FX:15)
11:57:41.658 [JavaFX Application Thread] DEBUG Engine               - JRE Vendor Name: Oracle Corporation
11:57:41.659 [JavaFX Application Thread] DEBUG Engine               - Running on OS: Mac OS X version 10.16
11:57:41.659 [JavaFX Application Thread] DEBUG Engine               - Architecture: x86_64
11:57:41.659 [JavaFX Application Thread] INFO  Engine               - Source code and latest versions at: https://github.com/AlmasB/FXGL
11:57:41.660 [JavaFX Application Thread] INFO  Engine               -              Join the FXGL chat at: https://gitter.im/AlmasB/FXGL
11:57:41.889 [JavaFX Application Thread] DEBUG PrimaryStageWindow   - Creating a JavaFX scene
11:57:41.972 [JavaFX Application Thread] DEBUG PrimaryStageWindow   - Target settings size: 1050.0 x 700.0
11:57:41.973 [JavaFX Application Thread] DEBUG PrimaryStageWindow   - Scaled scene size:    1050.0 x 700.0
11:57:41.973 [JavaFX Application Thread] DEBUG PrimaryStageWindow   - Scaled ratio: (1.0, 1.0)
11:57:41.975 [JavaFX Application Thread] DEBUG PrimaryStageWindow   - Set initial scene to FXGLStartupScene
11:57:41.985 [JavaFX Application Thread] DEBUG PrimaryStageWindow   - Opening main window
11:57:42.149 [JavaFX Application Thread] DEBUG PrimaryStageWindow   - Window border size: (0.0, 28.0)
11:57:42.150 [JavaFX Application Thread] DEBUG PrimaryStageWindow   - Scaled size: 1050.0 x 700.0
11:57:42.150 [JavaFX Application Thread] DEBUG PrimaryStageWindow   - Scaled ratio: (1.0, 1.0)
11:57:42.150 [JavaFX Application Thread] DEBUG PrimaryStageWindow   - Scene size: 1050.0 x 700.0
11:57:42.151 [JavaFX Application Thread] DEBUG PrimaryStageWindow   - Stage size: 1050.0 x 728.0
11:57:42.170 [FXGL Background Thread 1 ] DEBUG Engine               - Initializing environment variables
11:57:42.234 [FXGL Background Thread 1 ] DEBUG FXGLAssetLoaderServi - User app class for loading assets: class NerdvsVirus.Game
11:57:42.236 [FXGL Background Thread 1 ] DEBUG GameApplicationServi - Applying CSS: fxgl_dark.css
11:57:42.238 [FXGL Background Thread 1 ] DEBUG FXGLAssetLoaderServi - Loading from file system: jar:file:/Users/chalitandunu/.m2/repository/com/github/almasb/fxgl/11.14/fxgl-11.14.jar!/fxglassets/ui/css/fxgl_dark.css
11:57:42.339 [FXGL Background Thread 1 ] DEBUG GameApplicationServi - Initializing application scenes
11:57:42.852 [FXGL Background Thread 1 ] DEBUG GameWorld            - Game world initialized
11:57:42.928 [FXGL Background Thread 1 ] DEBUG PhysicsWorld         - Physics world initialized: appHeight=700, physics.ppm=50.0
11:57:42.928 [FXGL Background Thread 1 ] DEBUG PhysicsWorld         - Using strategy: BRUTE_FORCE
11:57:42.931 [FXGL Background Thread 1 ] DEBUG GameScene            - Game scene initialized: 1050x700
11:57:43.106 [FXGL Background Thread 1 ] DEBUG FXGLAssetLoaderServi - Loading from file system: jar:file:/Users/chalitandunu/.m2/repository/com/github/almasb/fxgl/11.14/fxgl-11.14.jar!/fxglassets/textures/particles/trace_horizontal.png
11:57:43.190 [FXGL Background Thread 1 ] DEBUG FXGL.DefaultMenu     - createMenuBodyGameMenu()
11:57:43.242 [FXGL Background Thread 1 ] DEBUG FXGL.DefaultMenu     - createOptionsMenu()
11:57:43.247 [FXGL Background Thread 1 ] DEBUG FXGLAssetLoaderServi - Loading from file system: jar:file:/Users/chalitandunu/.m2/repository/com/github/almasb/fxgl/11.14/fxgl-11.14.jar!/fxglassets/textures/particles/smoke.png
11:57:43.364 [FXGL Background Thread 1 ] DEBUG GameApplicationServi - Application scenes initialized
11:57:43.379 [FXGL Background Thread 1 ] DEBUG SystemBundleService  - Loading FXGL system data
11:57:43.385 [FXGL Background Thread 1 ] DEBUG FileSystemAccess     - Reading from: /Users/chalitandunu/Desktop/the void/HS/Jaar 1/Periode 3/IPOSE/nerdsvsthevirus/system/fxgl.bundle
11:57:43.396 [FXGL Background Thread 1 ] DEBUG SystemBundleService  - Bundle FXGL: {}
11:57:43.396 [FXGL Background Thread 1 ] DEBUG UpdaterService       - Checking for updates
11:57:43.417 [FXGL Background Thread 4 ] DEBUG FXGLApplication      - Loading fonts
11:57:43.418 [FXGL Background Thread 4 ] DEBUG FXGLAssetLoaderServi - Loading from file system: jar:file:/Users/chalitandunu/.m2/repository/com/github/almasb/fxgl/11.14/fxgl-11.14.jar!/fxglassets/ui/fonts/VarelaRound-Regular.ttf
11:57:43.417 [FXGL Background Thread 1 ] DEBUG FXGLApplication      - Loading default localization
11:57:43.435 [FXGL Background Thread 1 ] DEBUG FXGLAssetLoaderServi - Loading from file system: jar:file:/Users/chalitandunu/.m2/repository/com/github/almasb/fxgl/11.14/fxgl-11.14.jar!/fxglassets/languages/english.lang
11:57:43.432 [FXGL Background Thread 4 ] DEBUG FXGLAssetLoaderServi - Loading from file system: jar:file:/Users/chalitandunu/.m2/repository/com/github/almasb/fxgl/11.14/fxgl-11.14.jar!/fxglassets/ui/fonts/Abel-Regular.ttf
11:57:43.452 [FXGL Background Thread 4 ] DEBUG FXGLAssetLoaderServi - Loading from file system: jar:file:/Users/chalitandunu/.m2/repository/com/github/almasb/fxgl/11.14/fxgl-11.14.jar!/fxglassets/ui/fonts/lucida_console.ttf
11:57:43.458 [FXGL Background Thread 4 ] DEBUG FXGLAssetLoaderServi - Loading from file system: jar:file:/Users/chalitandunu/.m2/repository/com/github/almasb/fxgl/11.14/fxgl-11.14.jar!/fxglassets/ui/fonts/Courier-Prime.ttf
11:57:43.464 [JavaFX Application Thread] DEBUG FXGLApplication      - Registering font factories with UI factory
11:57:43.526 [FXGL Background Thread 1 ] INFO  FXGLApplication      - FXGL initialization took: 1.356 sec
11:57:43.539 [JavaFX Application Thread] DEBUG Input                - Registered new binding: Left - A
11:57:43.539 [JavaFX Application Thread] DEBUG Input                - Registered new binding: Right - D
11:57:43.540 [JavaFX Application Thread] DEBUG Input                - Registered new binding: Jump - W
11:57:43.540 [JavaFX Application Thread] DEBUG FXGLAssetLoaderServi - Loading from file system: jar:file:/Users/chalitandunu/.m2/repository/com/github/almasb/fxgl/11.14/fxgl-11.14.jar!/fxglassets/textures/fxgl_icon.png
11:57:43.564 [JavaFX Application Thread] DEBUG FXGLAssetLoaderServi - Loading from file system: jar:file:/Users/chalitandunu/.m2/repository/com/github/almasb/fxgl/11.14/fxgl-11.14.jar!/fxglassets/ui/cursors/fxgl_default.png
11:57:43.576 [JavaFX Application Thread] DEBUG Input                - Registered new binding: Screenshot - P
11:57:43.577 [JavaFX Application Thread] DEBUG Input                - Registered new binding: System info dump - CTRL+9
11:57:43.578 [JavaFX Application Thread] DEBUG Input                - Registered new binding: Restart - CTRL+R
11:57:43.578 [JavaFX Application Thread] DEBUG Input                - Registered new binding: Toggle Debug Camera - CTRL+C
11:57:43.587 [JavaFX Application Thread] DEBUG LoopRunner           - Starting loop
11:57:43.587 [JavaFX Application Thread] DEBUG LoopRunner           - Initializing JavaFX AnimationTimerLoop
11:57:43.591 [JavaFX Application Thread] DEBUG Input                - Clearing active input actions
11:57:43.602 [JavaFX Application Thread] DEBUG GameApplicationServi - Removing overlay from FXGLStartupScene and adding to FXGLMainMenuDummyScene
11:57:43.602 [JavaFX Application Thread] DEBUG PrimaryStageWindow   - FXGLStartupScene -> FXGLMainMenuDummyScene
11:57:43.602 [JavaFX Application Thread] DEBUG PrimaryStageWindow   - Push state: MainMenu
11:57:43.603 [JavaFX Application Thread] DEBUG Input                - Clearing active input actions
11:57:44.325 [JavaFX Application Thread] DEBUG GameApplicationServi - Removing overlay from FXGLMainMenuDummyScene and adding to MainMenu
11:57:44.326 [JavaFX Application Thread] DEBUG PrimaryStageWindow   - FXGLMainMenuDummyScene -> MainMenu
11:57:45.724 [JavaFX Application Thread] DEBUG Menu                 - fireNewGame()
11:57:45.724 [JavaFX Application Thread] DEBUG GameApplicationServi - Starting new game
11:57:45.725 [JavaFX Application Thread] DEBUG PrimaryStageWindow   - Pop state: MainMenu
11:57:45.726 [JavaFX Application Thread] DEBUG Input                - Clearing active input actions
11:57:45.728 [JavaFX Application Thread] DEBUG GameApplicationServi - Removing overlay from MainMenu and adding to FXGLMainMenuDummyScene
11:57:45.729 [JavaFX Application Thread] DEBUG PrimaryStageWindow   - FXGLMainMenuDummyScene <- MainMenu
11:57:45.729 [JavaFX Application Thread] DEBUG Input                - Clearing active input actions
11:57:45.740 [JavaFX Application Thread] DEBUG GameApplicationServi - Removing overlay from FXGLMainMenuDummyScene and adding to FXGLLoadingScene
11:57:45.741 [JavaFX Application Thread] DEBUG PrimaryStageWindow   - FXGLMainMenuDummyScene -> FXGLLoadingScene
11:57:45.741 [JavaFX Application Thread] DEBUG GameApplicationServi - Clearing previous game
11:57:45.741 [JavaFX Application Thread] DEBUG GameScene            - Clearing game scene
11:57:45.741 [JavaFX Application Thread] DEBUG GameWorld            - Clearing game world
11:57:45.742 [JavaFX Application Thread] DEBUG PhysicsWorld         - Clearing physics world
11:57:45.743 [FXGL Background Thread 2 ] DEBUG FXGLApplication      - Initializing game
11:57:45.760 [FXGL Background Thread 2 ] DEBUG FXGLAssetLoaderServi - Loading from file system: file:/Users/chalitandunu/Desktop/the%20void/HS/Jaar%201/Periode%203/IPOSE/nerdsvsthevirus/target/classes/assets/textures/bg1.jpg
11:57:45.851 [FXGL Background Thread 2 ] WARN  TMXLevelLoader       - TiledMap generated from 1.5.0. Supported version: 1.2.3. Some features may not be parsed fully.
11:57:45.866 [FXGL Background Thread 2 ] DEBUG TMXLevelLoader       - Parsed raw map: TiledMap(width=30, height=10, tilewidth=70, tileheight=70, orientation=orthogonal, layers=[Layer(width=30, height=10, name=Bottom, type=tilelayer, visible=false, x=0, y=0, data=[0, 0, 0, 0, 0, 0, 0, 0, 0, 0, 0, 0, 0, 0, 0, 0, 0, 0, 0, 0, 0, 0, 0, 0, 0, 0, 0, 0, 0, 0, 0, 0, 0, 0, 0, 0, 0, 0, 0, 0, 0, 0, 0, 0, 0, 0, 0, 0, 0, 0, 0, 0, 0, 0, 0, 0, 0, 0, 0, 0, 0, 0, 0, 0, 0, 0, 0, 0, 0, 0, 0, 0, 0, 0, 0, 0, 0, 0, 0, 0, 0, 0, 0, 0, 0, 0, 0, 0, 0, 0, 0, 0, 0, 0, 0, 0, 0, 0, 0, 0, 0, 0, 0, 0, 0, 0, 0, 0, 0, 0, 0, 0, 0, 0, 0, 0, 0, 0, 0, 0, 0, 0, 0, 0, 0, 0, 0, 0, 0, 0, 0, 0, 0, 0, 0, 0, 0, 0, 0, 0, 0, 0, 0, 0, 0, 0, 0, 0, 0, 0, 0, 0, 0, 0, 0, 0, 0, 0, 0, 0, 0, 206, 205, 206, 0, 0, 0, 0, 0, 0, 0, 0, 0, 0, 0, 0, 0, 0, 0, 0, 0, 0, 0, 0, 0, 0, 0, 205, 206, 207, 0, 0, 0, 0, 0, 0, 0, 0, 0, 0, 0, 0, 0, 0, 0, 0, 0, 0, 0, 0, 0, 0, 0, 0, 206, 205, 0, 0, 0, 0, 0, 0, 0, 0, 0, 0, 0, 0, 0, 0, 0, 0, 0, 0, 0, 0, 0, 0, 0, 0, 0, 263, 0, 203, 0, 0, 0, 0, 0, 0, 0, 243, 244, 245, 0, 0, 0, 0, 0, 0, 0, 0, 0, 0, 0, 0, 0, 0, 0, 0, 185, 185, 185, 185, 185, 185, 185, 185, 185, 185, 185, 185, 185, 185, 185, 185, 0, 0, 185, 185, 185, 0, 0, 185, 185, 185, 185, 185, 185, 185], objects=[], opacity=0.0, draworder=), Layer(width=30, height=10, name=overlay, type=tilelayer, visible=false, x=0, y=0, data=[213, 185, 185, 185, 185, 185, 185, 185, 185, 185, 185, 227, 185, 185, 185, 185, 213, 0, 0, 0, 0, 0, 0, 0, 0, 0, 0, 0, 0, 0, 0, 0, 0, 0, 0, 0, 0, 0, 0, 0, 0, 241, 0, 0, 0, 0, 0, 0, 0, 0, 0, 0, 0, 0, 0, 0, 0, 0, 0, 0, 0, 0, 0, 0, 0, 0, 0, 0, 0, 0, 0, 255, 0, 0, 0, 0, 0, 0, 0, 0, 0, 0, 0, 0, 0, 0, 0, 0, 0, 0, 0, 0, 0, 0, 0, 0, 0, 0, 0, 0, 0, 0, 0, 0, 0, 0, 0, 0, 0, 0, 0, 0, 0, 0, 0, 0, 0, 0, 0, 0, 0, 0, 0, 0, 0, 0, 0, 0, 0, 0, 0, 0, 0, 0, 0, 0, 0, 0, 0, 0, 0, 0, 0, 0, 0, 0, 0, 0, 0, 0, 0, 0, 0, 0, 0, 0, 0, 0, 0, 0, 0, 215, 216, 217, 0, 0, 0, 0, 0, 0, 0, 0, 0, 0, 0, 0, 0, 0, 0, 0, 0, 0, 0, 0, 0, 0, 0, 0, 0, 0, 0, 0, 0, 0, 0, 0, 0, 0, 0, 0, 0, 0, 0, 0, 0, 0, 0, 0, 0, 0, 0, 0, 0, 189, 0, 0, 0, 0, 0, 0, 0, 0, 0, 226, 0, 0, 0, 0, 0, 0, 0, 0, 0, 0, 0, 0, 0, 0, 46, 0, 0, 0, 0, 0, 0, 0, 0, 0, 0, 0, 0, 0, 0, 0, 0, 0, 0, 0, 0, 0, 0, 0, 0, 0, 0, 0, 226, 0, 58, 0, 0, 0, 0, 0, 0, 0, 0, 0, 0, 0, 0, 0, 0, 0, 0, 0, 224, 224, 0, 0, 0, 224, 224, 0, 0, 0, 0, 0, 0, 0], objects=[], opacity=0.0, draworder=), Layer(width=0, height=0, name=Objectlaag 1, type=objectgroup, visible=false, x=0, y=0, data=[], objects=[com.almasb.fxgl.entity.level.tiled.TiledObject@b6cb069, com.almasb.fxgl.entity.level.tiled.TiledObject@5abac977, com.almasb.fxgl.entity.level.tiled.TiledObject@4862c127, com.almasb.fxgl.entity.level.tiled.TiledObject@70ca0a89, com.almasb.fxgl.entity.level.tiled.TiledObject@1ecb0301, com.almasb.fxgl.entity.level.tiled.TiledObject@12b680de, com.almasb.fxgl.entity.level.tiled.TiledObject@4c830056, com.almasb.fxgl.entity.level.tiled.TiledObject@6cbdc50d, com.almasb.fxgl.entity.level.tiled.TiledObject@2a281090, com.almasb.fxgl.entity.level.tiled.TiledObject@cbed57b, com.almasb.fxgl.entity.level.tiled.TiledObject@58ebe50a, com.almasb.fxgl.entity.level.tiled.TiledObject@5afcc6b7, com.almasb.fxgl.entity.level.tiled.TiledObject@303af1e8, com.almasb.fxgl.entity.level.tiled.TiledObject@4ad5ef99, com.almasb.fxgl.entity.level.tiled.TiledObject@4d91807c, com.almasb.fxgl.entity.level.tiled.TiledObject@71e43e07, com.almasb.fxgl.entity.level.tiled.TiledObject@16b62462, com.almasb.fxgl.entity.level.tiled.TiledObject@737aa80a], opacity=0.0, draworder=)], tilesets=[Tileset(firstgid=1, image=../../../../../../../Eigen test/src/main/resources/assets/levels/tiles_spritesheet.png, name=tiles_spritesheet, tilewidth=70, tileheight=70, imagewidth=914, imageheight=936, margin=0, spacing=2, columns=12, tilecount=156, transparentcolor=, tiles=[]), Tileset(firstgid=157, image=../../../../../../../Eigen test/src/main/resources/assets/levels/platformerPack_industrial_tilesheet.png, name=_industrial, tilewidth=70, tileheight=70, imagewidth=980, imageheight=560, margin=0, spacing=0, columns=14, tilecount=112, transparentcolor=, tiles=[])], backgroundcolor=, renderorder=right-down, nextobjectid=22, version=1, tiledversion=1.5.0, type=map, infinite=false, hexsidelength=0, staggeraxis=, staggerindex=, properties={}, propertytypes={})
11:57:45.867 [FXGL Background Thread 2 ] DEBUG TMXLevelLoader       - Creating tile layer entities
11:57:45.868 [FXGL Background Thread 2 ] DEBUG TilesetLoader        - Loading view for layer Bottom
11:57:45.874 [FXGL Background Thread 2 ] DEBUG TilesetLoader        - Created buffer with size 2100.0x700.0
11:57:45.893 [FXGL Background Thread 2 ] DEBUG TilesetLoader        - Writing to buffer: dst=770,350, w=70,h=70, src=490,210
11:57:45.894 [FXGL Background Thread 2 ] DEBUG TilesetLoader        - Writing to buffer: dst=840,350, w=70,h=70, src=420,210
11:57:45.894 [FXGL Background Thread 2 ] DEBUG TilesetLoader        - Writing to buffer: dst=910,350, w=70,h=70, src=490,210
11:57:45.894 [FXGL Background Thread 2 ] DEBUG TilesetLoader        - Writing to buffer: dst=490,420, w=70,h=70, src=420,210
11:57:45.895 [FXGL Background Thread 2 ] DEBUG TilesetLoader        - Writing to buffer: dst=560,420, w=70,h=70, src=490,210
11:57:45.895 [FXGL Background Thread 2 ] DEBUG TilesetLoader        - Writing to buffer: dst=630,420, w=70,h=70, src=560,210
11:57:45.895 [FXGL Background Thread 2 ] DEBUG TilesetLoader        - Writing to buffer: dst=280,490, w=70,h=70, src=490,210
11:57:45.896 [FXGL Background Thread 2 ] DEBUG TilesetLoader        - Writing to buffer: dst=350,490, w=70,h=70, src=420,210
11:57:45.896 [FXGL Background Thread 2 ] DEBUG TilesetLoader        - Writing to buffer: dst=70,560, w=70,h=70, src=560,490
11:57:45.896 [FXGL Background Thread 2 ] DEBUG TilesetLoader        - Writing to buffer: dst=210,560, w=70,h=70, src=280,210
11:57:45.897 [FXGL Background Thread 2 ] DEBUG TilesetLoader        - Writing to buffer: dst=770,560, w=70,h=70, src=140,420
11:57:45.897 [FXGL Background Thread 2 ] DEBUG TilesetLoader        - Writing to buffer: dst=840,560, w=70,h=70, src=210,420
11:57:45.897 [FXGL Background Thread 2 ] DEBUG TilesetLoader        - Writing to buffer: dst=910,560, w=70,h=70, src=280,420
11:57:45.897 [FXGL Background Thread 2 ] DEBUG TilesetLoader        - Writing to buffer: dst=0,630, w=70,h=70, src=0,140
11:57:45.898 [FXGL Background Thread 2 ] DEBUG TilesetLoader        - Writing to buffer: dst=70,630, w=70,h=70, src=0,140
11:57:45.899 [FXGL Background Thread 2 ] DEBUG TilesetLoader        - Writing to buffer: dst=140,630, w=70,h=70, src=0,140
11:57:45.899 [FXGL Background Thread 2 ] DEBUG TilesetLoader        - Writing to buffer: dst=210,630, w=70,h=70, src=0,140
11:57:45.900 [FXGL Background Thread 2 ] DEBUG TilesetLoader        - Writing to buffer: dst=280,630, w=70,h=70, src=0,140
11:57:45.900 [FXGL Background Thread 2 ] DEBUG TilesetLoader        - Writing to buffer: dst=350,630, w=70,h=70, src=0,140
11:57:45.901 [FXGL Background Thread 2 ] DEBUG TilesetLoader        - Writing to buffer: dst=420,630, w=70,h=70, src=0,140
11:57:45.907 [FXGL Background Thread 2 ] DEBUG TilesetLoader        - Writing to buffer: dst=490,630, w=70,h=70, src=0,140
11:57:45.907 [FXGL Background Thread 2 ] DEBUG TilesetLoader        - Writing to buffer: dst=560,630, w=70,h=70, src=0,140
11:57:45.908 [FXGL Background Thread 2 ] DEBUG TilesetLoader        - Writing to buffer: dst=630,630, w=70,h=70, src=0,140
11:57:45.908 [FXGL Background Thread 2 ] DEBUG TilesetLoader        - Writing to buffer: dst=700,630, w=70,h=70, src=0,140
11:57:45.908 [FXGL Background Thread 2 ] DEBUG TilesetLoader        - Writing to buffer: dst=770,630, w=70,h=70, src=0,140
11:57:45.908 [FXGL Background Thread 2 ] DEBUG TilesetLoader        - Writing to buffer: dst=840,630, w=70,h=70, src=0,140
11:57:45.909 [FXGL Background Thread 2 ] DEBUG TilesetLoader        - Writing to buffer: dst=910,630, w=70,h=70, src=0,140
11:57:45.909 [FXGL Background Thread 2 ] DEBUG TilesetLoader        - Writing to buffer: dst=980,630, w=70,h=70, src=0,140
11:57:45.909 [FXGL Background Thread 2 ] DEBUG TilesetLoader        - Writing to buffer: dst=1050,630, w=70,h=70, src=0,140
11:57:45.910 [FXGL Background Thread 2 ] DEBUG TilesetLoader        - Writing to buffer: dst=1260,630, w=70,h=70, src=0,140
11:57:45.910 [FXGL Background Thread 2 ] DEBUG TilesetLoader        - Writing to buffer: dst=1330,630, w=70,h=70, src=0,140
11:57:45.910 [FXGL Background Thread 2 ] DEBUG TilesetLoader        - Writing to buffer: dst=1400,630, w=70,h=70, src=0,140
11:57:45.911 [FXGL Background Thread 2 ] DEBUG TilesetLoader        - Writing to buffer: dst=1610,630, w=70,h=70, src=0,140
11:57:45.912 [FXGL Background Thread 2 ] DEBUG TilesetLoader        - Writing to buffer: dst=1680,630, w=70,h=70, src=0,140
11:57:45.913 [FXGL Background Thread 2 ] DEBUG TilesetLoader        - Writing to buffer: dst=1750,630, w=70,h=70, src=0,140
11:57:45.915 [FXGL Background Thread 2 ] DEBUG TilesetLoader        - Writing to buffer: dst=1820,630, w=70,h=70, src=0,140
11:57:45.915 [FXGL Background Thread 2 ] DEBUG TilesetLoader        - Writing to buffer: dst=1890,630, w=70,h=70, src=0,140
11:57:45.916 [FXGL Background Thread 2 ] DEBUG TilesetLoader        - Writing to buffer: dst=1960,630, w=70,h=70, src=0,140
11:57:45.916 [FXGL Background Thread 2 ] DEBUG TilesetLoader        - Writing to buffer: dst=2030,630, w=70,h=70, src=0,140
11:57:45.917 [FXGL Background Thread 2 ] DEBUG TilesetLoader        - Loading view for layer overlay
11:57:45.929 [FXGL Background Thread 2 ] DEBUG TilesetLoader        - Created buffer with size 2100.0x700.0
11:57:45.930 [FXGL Background Thread 2 ] DEBUG TilesetLoader        - Writing to buffer: dst=0,0, w=70,h=70, src=0,280
11:57:45.930 [FXGL Background Thread 2 ] DEBUG TilesetLoader        - Writing to buffer: dst=70,0, w=70,h=70, src=0,140
11:57:45.930 [FXGL Background Thread 2 ] DEBUG TilesetLoader        - Writing to buffer: dst=140,0, w=70,h=70, src=0,140
11:57:45.931 [FXGL Background Thread 2 ] DEBUG TilesetLoader        - Writing to buffer: dst=210,0, w=70,h=70, src=0,140
11:57:45.931 [FXGL Background Thread 2 ] DEBUG TilesetLoader        - Writing to buffer: dst=280,0, w=70,h=70, src=0,140
11:57:45.931 [FXGL Background Thread 2 ] DEBUG TilesetLoader        - Writing to buffer: dst=350,0, w=70,h=70, src=0,140
11:57:45.931 [FXGL Background Thread 2 ] DEBUG TilesetLoader        - Writing to buffer: dst=420,0, w=70,h=70, src=0,140
11:57:45.932 [FXGL Background Thread 2 ] DEBUG TilesetLoader        - Writing to buffer: dst=490,0, w=70,h=70, src=0,140
11:57:45.933 [FXGL Background Thread 2 ] DEBUG TilesetLoader        - Writing to buffer: dst=560,0, w=70,h=70, src=0,140
11:57:45.933 [FXGL Background Thread 2 ] DEBUG TilesetLoader        - Writing to buffer: dst=630,0, w=70,h=70, src=0,140
11:57:45.934 [FXGL Background Thread 2 ] DEBUG TilesetLoader        - Writing to buffer: dst=700,0, w=70,h=70, src=0,140
11:57:45.934 [FXGL Background Thread 2 ] DEBUG TilesetLoader        - Writing to buffer: dst=770,0, w=70,h=70, src=0,350
11:57:45.934 [FXGL Background Thread 2 ] DEBUG TilesetLoader        - Writing to buffer: dst=840,0, w=70,h=70, src=0,140
11:57:45.934 [FXGL Background Thread 2 ] DEBUG TilesetLoader        - Writing to buffer: dst=910,0, w=70,h=70, src=0,140
11:57:45.935 [FXGL Background Thread 2 ] DEBUG TilesetLoader        - Writing to buffer: dst=980,0, w=70,h=70, src=0,140
11:57:45.940 [FXGL Background Thread 2 ] DEBUG TilesetLoader        - Writing to buffer: dst=1050,0, w=70,h=70, src=0,140
11:57:45.940 [FXGL Background Thread 2 ] DEBUG TilesetLoader        - Writing to buffer: dst=1120,0, w=70,h=70, src=0,280
11:57:45.941 [FXGL Background Thread 2 ] DEBUG TilesetLoader        - Writing to buffer: dst=770,70, w=70,h=70, src=0,420
11:57:45.941 [FXGL Background Thread 2 ] DEBUG TilesetLoader        - Writing to buffer: dst=770,140, w=70,h=70, src=0,490
11:57:45.941 [FXGL Background Thread 2 ] DEBUG TilesetLoader        - Writing to buffer: dst=770,350, w=70,h=70, src=140,280
11:57:45.941 [FXGL Background Thread 2 ] DEBUG TilesetLoader        - Writing to buffer: dst=840,350, w=70,h=70, src=210,280
11:57:45.941 [FXGL Background Thread 2 ] DEBUG TilesetLoader        - Writing to buffer: dst=910,350, w=70,h=70, src=280,280
11:57:45.941 [FXGL Background Thread 2 ] DEBUG TilesetLoader        - Writing to buffer: dst=210,490, w=70,h=70, src=280,140
11:57:45.942 [FXGL Background Thread 2 ] DEBUG TilesetLoader        - Writing to buffer: dst=910,490, w=70,h=70, src=910,280
11:57:45.959 [FXGL Background Thread 2 ] DEBUG TilesetLoader        - Writing to buffer: dst=1960,490, w=70,h=70, src=648,216
11:57:45.959 [FXGL Background Thread 2 ] DEBUG TilesetLoader        - Writing to buffer: dst=1820,560, w=70,h=70, src=910,280
11:57:45.959 [FXGL Background Thread 2 ] DEBUG TilesetLoader        - Writing to buffer: dst=1960,560, w=70,h=70, src=648,288
11:57:45.960 [FXGL Background Thread 2 ] DEBUG TilesetLoader        - Writing to buffer: dst=1120,630, w=70,h=70, src=770,280
11:57:45.960 [FXGL Background Thread 2 ] DEBUG TilesetLoader        - Writing to buffer: dst=1190,630, w=70,h=70, src=770,280
11:57:45.960 [FXGL Background Thread 2 ] DEBUG TilesetLoader        - Writing to buffer: dst=1470,630, w=70,h=70, src=770,280
11:57:45.960 [FXGL Background Thread 2 ] DEBUG TilesetLoader        - Writing to buffer: dst=1540,630, w=70,h=70, src=770,280
11:57:45.961 [FXGL Background Thread 2 ] DEBUG TMXLevelLoader       - Creating object layer entities
11:57:45.972 [FXGL Background Thread 2 ] DEBUG FXGLAssetLoaderServi - Loading from file system: file:/Users/chalitandunu/Desktop/the%20void/HS/Jaar%201/Periode%203/IPOSE/nerdsvsthevirus/target/classes/assets/textures/spuit2.png
11:57:45.981 [FXGL Background Thread 2 ] DEBUG FXGLAssetLoaderServi - Loading from file system: file:/Users/chalitandunu/Desktop/the%20void/HS/Jaar%201/Periode%203/IPOSE/nerdsvsthevirus/target/classes/assets/textures/bacteria.png
11:57:45.994 [FXGL Background Thread 2 ] DEBUG GameWorld            - Clearing removable entities
11:57:45.994 [FXGL Background Thread 2 ] DEBUG GameWorld            - Setting level: com.almasb.fxgl.entity.level.Level@7b887513
11:57:46.018 [FXGL Background Thread 2 ] DEBUG FXGLAssetLoaderServi - Loading from file system: file:/Users/chalitandunu/Desktop/the%20void/HS/Jaar%201/Periode%203/IPOSE/nerdsvsthevirus/target/classes/assets/textures/sprite.png
11:57:46.031 [FXGL Background Thread 2 ] INFO  FXGLApplication      - Game initialization took: 0.287 sec
11:57:46.032 [JavaFX Application Thread] DEBUG Input                - Clearing active input actions
11:57:46.041 [JavaFX Application Thread] DEBUG GameApplicationServi - Removing overlay from FXGLLoadingScene and adding to GameScene
11:57:46.042 [JavaFX Application Thread] DEBUG PrimaryStageWindow   - FXGLLoadingScene -> GameScene
11:57:46.419 [FXGL Background Thread 3 ] DEBUG Engine               - Logging environment variables
11:57:46.419 [FXGL Background Thread 3 ] DEBUG Engine               - achievements: []
11:57:46.419 [FXGL Background Thread 3 ] DEBUG Engine               - actualHeight: 700.0
11:57:46.419 [FXGL Background Thread 3 ] DEBUG Engine               - actualHeightProperty: ReadOnlyDoubleProperty [value: 700.0]
11:57:46.419 [FXGL Background Thread 3 ] DEBUG Engine               - actualWidth: 1050.0
11:57:46.420 [FXGL Background Thread 3 ] DEBUG Engine               - actualWidthProperty: ReadOnlyDoubleProperty [value: 1050.0]
11:57:46.420 [FXGL Background Thread 3 ] DEBUG Engine               - appIcon: fxgl_icon.png
11:57:46.420 [FXGL Background Thread 3 ] DEBUG Engine               - applicationMode: DEVELOPER
11:57:46.420 [FXGL Background Thread 3 ] DEBUG Engine               - cSSList: [fxgl_dark.css]
11:57:46.420 [FXGL Background Thread 3 ] DEBUG Engine               - collisionDetectionStrategy: BRUTE_FORCE
11:57:46.421 [FXGL Background Thread 3 ] DEBUG Engine               - configClass: Optional.empty
11:57:46.421 [FXGL Background Thread 3 ] DEBUG Engine               - credits: []
11:57:46.421 [FXGL Background Thread 3 ] DEBUG Engine               - devBBoxColorProperty: ObjectProperty [value: 0xff0000ff]
11:57:46.421 [FXGL Background Thread 3 ] DEBUG Engine               - devEnableDebugCameraProperty: BooleanProperty [value: false]
11:57:46.422 [FXGL Background Thread 3 ] DEBUG Engine               - devSensorColorProperty: ObjectProperty [value: 0xffff00ff]
11:57:46.422 [FXGL Background Thread 3 ] DEBUG Engine               - devShowBBoxProperty: BooleanProperty [value: false]
11:57:46.422 [FXGL Background Thread 3 ] DEBUG Engine               - devShowPositionProperty: BooleanProperty [value: false]
11:57:46.422 [FXGL Background Thread 3 ] DEBUG Engine               - enabledMenuItems: []
11:57:46.422 [FXGL Background Thread 3 ] DEBUG Engine               - engineServices: [class com.almasb.fxgl.app.services.FXGLAssetLoaderService, class com.almasb.fxgl.app.FXGLApplication$GameApplicationService, class com.almasb.fxgl.app.services.FXGLDialogService, class com.almasb.fxgl.app.services.IOTaskExecutorService, class com.almasb.fxgl.event.EventBusService, class com.almasb.fxgl.io.FileSystemService, class com.almasb.fxgl.localization.LocalizationService, class com.almasb.fxgl.app.services.SystemBundleService, class com.almasb.fxgl.profile.SaveLoadService, class com.almasb.fxgl.ui.FXGLUIFactoryServiceProvider, class com.almasb.fxgl.ui.FXGLDialogFactoryServiceProvider, class com.almasb.fxgl.audio.AudioPlayer, class com.almasb.fxgl.notification.impl.NotificationServiceProvider, class com.almasb.fxgl.achievement.AchievementService, class com.almasb.fxgl.cutscene.CutsceneService, class com.almasb.fxgl.minigames.MiniGameService, class com.almasb.fxgl.net.NetService, class com.almasb.fxgl.app.services.UpdaterService, class com.almasb.fxgl.dev.DevService]
11:57:46.422 [FXGL Background Thread 3 ] DEBUG Engine               - fontGame: Abel-Regular.ttf
11:57:46.423 [FXGL Background Thread 3 ] DEBUG Engine               - fontMono: lucida_console.ttf
11:57:46.423 [FXGL Background Thread 3 ] DEBUG Engine               - fontText: Courier-Prime.ttf
11:57:46.423 [FXGL Background Thread 3 ] DEBUG Engine               - fontUI: VarelaRound-Regular.ttf
11:57:46.423 [FXGL Background Thread 3 ] DEBUG Engine               - fullScreen: BooleanProperty [value: false]
11:57:46.423 [FXGL Background Thread 3 ] DEBUG Engine               - gameDifficulty: MEDIUM
11:57:46.424 [FXGL Background Thread 3 ] DEBUG Engine               - gameDifficultyProperty: ObjectProperty [value: MEDIUM]
11:57:46.424 [FXGL Background Thread 3 ] DEBUG Engine               - globalMusicVolume: 0.5
11:57:46.424 [FXGL Background Thread 3 ] DEBUG Engine               - globalMusicVolumeProperty: DoubleProperty [value: 0.5]
11:57:46.424 [FXGL Background Thread 3 ] DEBUG Engine               - globalSoundVolume: 0.5
11:57:46.424 [FXGL Background Thread 3 ] DEBUG Engine               - globalSoundVolumeProperty: DoubleProperty [value: 0.5]
11:57:46.425 [FXGL Background Thread 3 ] DEBUG Engine               - height: 700
11:57:46.425 [FXGL Background Thread 3 ] DEBUG Engine               - isAndroid: false
11:57:46.425 [FXGL Background Thread 3 ] DEBUG Engine               - isBrowser: false
11:57:46.425 [FXGL Background Thread 3 ] DEBUG Engine               - isClickFeedbackEnabled: false
11:57:46.425 [FXGL Background Thread 3 ] DEBUG Engine               - isCloseConfirmation: false
11:57:46.425 [FXGL Background Thread 3 ] DEBUG Engine               - isDesktop: true
11:57:46.425 [FXGL Background Thread 3 ] DEBUG Engine               - isDeveloperMenuEnabled: false
11:57:46.426 [FXGL Background Thread 3 ] DEBUG Engine               - isEntityPreloadEnabled: true
11:57:46.426 [FXGL Background Thread 3 ] DEBUG Engine               - isExperimental3D: false
11:57:46.426 [FXGL Background Thread 3 ] DEBUG Engine               - isExperimentalNative: false
11:57:46.426 [FXGL Background Thread 3 ] DEBUG Engine               - isExperimentalTiledLargeMap: false
11:57:46.426 [FXGL Background Thread 3 ] DEBUG Engine               - isFileSystemWriteAllowed: true
11:57:46.427 [FXGL Background Thread 3 ] DEBUG Engine               - isFullScreenAllowed: false
11:57:46.427 [FXGL Background Thread 3 ] DEBUG Engine               - isFullScreenFromStart: false
11:57:46.427 [FXGL Background Thread 3 ] DEBUG Engine               - isGameMenuEnabled: true
11:57:46.427 [FXGL Background Thread 3 ] DEBUG Engine               - isIOS: false
11:57:46.427 [FXGL Background Thread 3 ] DEBUG Engine               - isIntroEnabled: false
11:57:46.427 [FXGL Background Thread 3 ] DEBUG Engine               - isLinux: false
11:57:46.427 [FXGL Background Thread 3 ] DEBUG Engine               - isMac: true
11:57:46.428 [FXGL Background Thread 3 ] DEBUG Engine               - isMainMenuEnabled: true
11:57:46.428 [FXGL Background Thread 3 ] DEBUG Engine               - isManualResizeEnabled: false
11:57:46.428 [FXGL Background Thread 3 ] DEBUG Engine               - isMobile: false
11:57:46.428 [FXGL Background Thread 3 ] DEBUG Engine               - isPreserveResizeRatio: false
11:57:46.429 [FXGL Background Thread 3 ] DEBUG Engine               - isProfilingEnabled: false
11:57:46.429 [FXGL Background Thread 3 ] DEBUG Engine               - isScaleAffectedOnResize: true
11:57:46.429 [FXGL Background Thread 3 ] DEBUG Engine               - isSingleStep: false
11:57:46.429 [FXGL Background Thread 3 ] DEBUG Engine               - isUserProfileEnabled: false
11:57:46.429 [FXGL Background Thread 3 ] DEBUG Engine               - isWindows: false
11:57:46.430 [FXGL Background Thread 3 ] DEBUG Engine               - language: ObjectProperty [value: ENGLISH]
11:57:46.430 [FXGL Background Thread 3 ] DEBUG Engine               - menuKey: ESCAPE
11:57:46.430 [FXGL Background Thread 3 ] DEBUG Engine               - notificationViewClass: class com.almasb.fxgl.notification.view.XboxNotificationView
11:57:46.430 [FXGL Background Thread 3 ] DEBUG Engine               - pixelsPerMeter: 50.0
11:57:46.430 [FXGL Background Thread 3 ] DEBUG Engine               - platform: MAC
11:57:46.430 [FXGL Background Thread 3 ] DEBUG Engine               - prefHeightProperty: ReadOnlyDoubleProperty [value: 700.0]
11:57:46.431 [FXGL Background Thread 3 ] DEBUG Engine               - prefWidthProperty: ReadOnlyDoubleProperty [value: 1050.0]
11:57:46.431 [FXGL Background Thread 3 ] DEBUG Engine               - profileDir: profiles/
11:57:46.431 [FXGL Background Thread 3 ] DEBUG Engine               - profileName: StringProperty [value: DEFAULT]
11:57:46.431 [FXGL Background Thread 3 ] DEBUG Engine               - randomSeed: -1
11:57:46.431 [FXGL Background Thread 3 ] DEBUG Engine               - runtimeInfo: RuntimeInfo(platform=MAC, version=11.14, build=01.03.2021 16.59)
11:57:46.432 [FXGL Background Thread 3 ] DEBUG Engine               - saveFileExt: sav
11:57:46.432 [FXGL Background Thread 3 ] DEBUG Engine               - scaledHeightProp$fxgl: DoubleProperty [bound, value: 700.0]
11:57:46.432 [FXGL Background Thread 3 ] DEBUG Engine               - scaledWidthProp$fxgl: DoubleProperty [bound, value: 1050.0]
11:57:46.433 [FXGL Background Thread 3 ] DEBUG Engine               - sceneFactory: NerdvsVirus.Game$1@51ffa7a1
11:57:46.433 [FXGL Background Thread 3 ] DEBUG Engine               - secondsIn24h: 60
11:57:46.433 [FXGL Background Thread 3 ] DEBUG Engine               - soundMenuBack: menu/back.wav
11:57:46.433 [FXGL Background Thread 3 ] DEBUG Engine               - soundMenuPress: menu/press.wav
11:57:46.433 [FXGL Background Thread 3 ] DEBUG Engine               - soundMenuSelect: menu/select.wav
11:57:46.434 [FXGL Background Thread 3 ] DEBUG Engine               - soundNotification: core/notification.wav
11:57:46.434 [FXGL Background Thread 3 ] DEBUG Engine               - stageStyle: DECORATED
11:57:46.434 [FXGL Background Thread 3 ] DEBUG Engine               - supportedLanguages: [ENGLISH, FRENCH, GERMAN, HUNGARIAN, RUSSIAN]
11:57:46.434 [FXGL Background Thread 3 ] DEBUG Engine               - ticksPerSecond: -1
11:57:46.434 [FXGL Background Thread 3 ] DEBUG Engine               - title: Nerds VS Virus
11:57:46.434 [FXGL Background Thread 3 ] DEBUG Engine               - urlGithub: https://github.com/AlmasB/FXGL
11:57:46.434 [FXGL Background Thread 3 ] DEBUG Engine               - urlLeaderboard: http://fxgl-top.herokuapp.com/
11:57:46.435 [FXGL Background Thread 3 ] DEBUG Engine               - urlPOM: https://raw.githubusercontent.com/AlmasB/FXGL/release/README.md
11:57:46.435 [FXGL Background Thread 3 ] DEBUG Engine               - userAppClass: class NerdvsVirus.Game
11:57:46.435 [FXGL Background Thread 3 ] DEBUG Engine               - version: 0.0
11:57:46.435 [FXGL Background Thread 3 ] DEBUG Engine               - versionCheckDays: 7
11:57:46.435 [FXGL Background Thread 3 ] DEBUG Engine               - width: 1050
11:57:46.435 [FXGL Background Thread 3 ] DEBUG Engine               - Logging services
11:57:46.436 [FXGL Background Thread 3 ] DEBUG Engine               - class com.almasb.fxgl.app.services.FXGLAssetLoaderService
11:57:46.436 [FXGL Background Thread 3 ] DEBUG Engine               - class com.almasb.fxgl.app.FXGLApplication$GameApplicationService
11:57:46.436 [FXGL Background Thread 3 ] DEBUG Engine               - class com.almasb.fxgl.app.services.FXGLDialogService
11:57:46.436 [FXGL Background Thread 3 ] DEBUG Engine               - class com.almasb.fxgl.app.services.IOTaskExecutorService
11:57:46.436 [FXGL Background Thread 3 ] DEBUG Engine               - class com.almasb.fxgl.event.EventBusService
11:57:46.436 [FXGL Background Thread 3 ] DEBUG Engine               - class com.almasb.fxgl.io.FileSystemService
11:57:46.436 [FXGL Background Thread 3 ] DEBUG Engine               - class com.almasb.fxgl.localization.LocalizationService
11:57:46.436 [FXGL Background Thread 3 ] DEBUG Engine               - class com.almasb.fxgl.app.services.SystemBundleService
11:57:46.437 [FXGL Background Thread 3 ] DEBUG Engine               - class com.almasb.fxgl.profile.SaveLoadService
11:57:46.437 [FXGL Background Thread 3 ] DEBUG Engine               - class com.almasb.fxgl.ui.FXGLUIFactoryServiceProvider
11:57:46.437 [FXGL Background Thread 3 ] DEBUG Engine               - class com.almasb.fxgl.ui.FXGLDialogFactoryServiceProvider
11:57:46.437 [FXGL Background Thread 3 ] DEBUG Engine               - class com.almasb.fxgl.audio.AudioPlayer
11:57:46.437 [FXGL Background Thread 3 ] DEBUG Engine               - class com.almasb.fxgl.notification.impl.NotificationServiceProvider
11:57:46.437 [FXGL Background Thread 3 ] DEBUG Engine               - class com.almasb.fxgl.achievement.AchievementService
11:57:46.438 [FXGL Background Thread 3 ] DEBUG Engine               - class com.almasb.fxgl.cutscene.CutsceneService
11:57:46.438 [FXGL Background Thread 3 ] DEBUG Engine               - class com.almasb.fxgl.minigames.MiniGameService
11:57:46.438 [FXGL Background Thread 3 ] DEBUG Engine               - class com.almasb.fxgl.net.NetService
11:57:46.438 [FXGL Background Thread 3 ] DEBUG Engine               - class com.almasb.fxgl.app.services.UpdaterService
11:57:46.438 [FXGL Background Thread 3 ] DEBUG Engine               - class com.almasb.fxgl.dev.DevService
11:58:04.735 [JavaFX Application Thread] DEBUG PrimaryStageWindow   - Push state: DialogSubScene
11:58:04.735 [JavaFX Application Thread] DEBUG Input                - Clearing active input actions
11:58:04.751 [JavaFX Application Thread] DEBUG GameApplicationServi - Removing overlay from GameScene and adding to DialogSubScene
11:58:04.751 [JavaFX Application Thread] DEBUG PrimaryStageWindow   - GameScene -> DialogSubScene
11:58:05.893 [JavaFX Application Thread] DEBUG PrimaryStageWindow   - Pop state: DialogSubScene
11:58:05.894 [JavaFX Application Thread] DEBUG Input                - Clearing active input actions
11:58:05.895 [JavaFX Application Thread] DEBUG GameApplicationServi - Removing overlay from DialogSubScene and adding to GameScene
11:58:05.896 [JavaFX Application Thread] DEBUG PrimaryStageWindow   - GameScene <- DialogSubScene
11:58:05.897 [JavaFX Application Thread] DEBUG FXGLAssetLoaderServi - Loading from file system: file:/Users/chalitandunu/Desktop/the%20void/HS/Jaar%201/Periode%203/IPOSE/nerdsvsthevirus/target/classes/assets/textures/bg2.jpg
11:58:05.937 [JavaFX Application Thread] WARN  TMXLevelLoader       - TiledMap generated from 1.5.0. Supported version: 1.2.3. Some features may not be parsed fully.
11:58:05.942 [JavaFX Application Thread] DEBUG TMXLevelLoader       - Parsed raw map: TiledMap(width=30, height=10, tilewidth=70, tileheight=70, orientation=orthogonal, layers=[Layer(width=30, height=10, name=Bottom, type=tilelayer, visible=false, x=0, y=0, data=[0, 0, 0, 0, 0, 0, 0, 0, 0, 0, 0, 0, 0, 0, 0, 0, 0, 194, 194, 194, 194, 194, 194, 194, 194, 194, 194, 194, 194, 194, 0, 0, 0, 0, 0, 0, 0, 0, 0, 0, 0, 0, 0, 0, 0, 0, 0, 0, 0, 0, 0, 0, 0, 0, 0, 0, 0, 0, 0, 0, 0, 0, 0, 0, 0, 0, 0, 0, 0, 0, 0, 0, 0, 0, 0, 0, 0, 0, 0, 0, 0, 0, 0, 0, 0, 0, 0, 0, 0, 0, 0, 0, 0, 0, 0, 0, 0, 0, 0, 0, 0, 0, 0, 0, 0, 0, 0, 0, 0, 0, 0, 0, 0, 0, 0, 0, 0, 0, 0, 0, 0, 0, 0, 0, 0, 0, 0, 0, 0, 0, 0, 0, 0, 0, 0, 0, 0, 0, 0, 0, 0, 0, 0, 0, 0, 0, 0, 0, 46, 0, 0, 0, 0, 0, 0, 0, 0, 0, 0, 0, 0, 0, 0, 0, 0, 0, 0, 0, 0, 0, 0, 0, 0, 0, 0, 0, 0, 0, 58, 0, 0, 0, 0, 0, 0, 0, 0, 191, 192, 193, 0, 0, 0, 0, 0, 0, 0, 0, 0, 0, 0, 0, 0, 0, 0, 0, 0, 199, 199, 0, 0, 0, 0, 191, 192, 193, 0, 0, 0, 0, 0, 191, 192, 193, 0, 0, 0, 0, 0, 0, 0, 0, 0, 0, 0, 0, 199, 199, 199, 0, 0, 0, 0, 0, 0, 0, 0, 0, 0, 0, 0, 0, 0, 0, 0, 0, 0, 0, 0, 0, 0, 0, 0, 0, 0, 199, 199, 199, 199, 0, 185, 185, 185, 0, 0, 0, 0, 0, 0, 0, 0, 0, 0, 0, 0, 185, 0, 0, 185, 185, 185, 0, 0, 185, 185, 185, 185, 185, 185, 185], objects=[], opacity=0.0, draworder=), Layer(width=30, height=10, name=overlay, type=tilelayer, visible=false, x=0, y=0, data=[213, 185, 185, 185, 185, 185, 185, 185, 185, 185, 185, 227, 185, 185, 185, 185, 213, 0, 0, 0, 0, 0, 0, 0, 0, 0, 0, 0, 0, 0, 0, 0, 0, 0, 0, 0, 0, 0, 0, 0, 0, 0, 0, 0, 0, 0, 0, 0, 0, 0, 0, 0, 0, 0, 0, 0, 0, 0, 0, 0, 0, 0, 0, 0, 0, 0, 0, 0, 0, 0, 0, 0, 0, 0, 0, 0, 0, 0, 0, 0, 0, 0, 0, 0, 0, 0, 0, 0, 0, 0, 0, 0, 0, 0, 0, 0, 0, 0, 0, 0, 0, 0, 0, 0, 0, 0, 0, 0, 0, 0, 0, 0, 0, 0, 0, 0, 0, 0, 0, 0, 0, 0, 0, 0, 0, 0, 0, 0, 0, 0, 0, 0, 0, 0, 0, 0, 0, 0, 0, 0, 0, 0, 0, 0, 0, 0, 0, 0, 0, 0, 0, 0, 0, 0, 0, 0, 0, 0, 0, 0, 0, 0, 0, 0, 0, 0, 0, 0, 0, 0, 0, 0, 0, 0, 0, 0, 0, 0, 0, 0, 0, 0, 0, 0, 0, 0, 0, 0, 0, 0, 0, 0, 0, 0, 0, 0, 0, 0, 0, 0, 0, 0, 0, 0, 0, 0, 0, 0, 0, 0, 0, 0, 0, 0, 0, 0, 0, 0, 0, 0, 0, 0, 0, 0, 0, 0, 0, 0, 0, 0, 0, 0, 0, 0, 0, 0, 0, 0, 0, 0, 0, 0, 0, 0, 0, 0, 0, 0, 0, 0, 0, 0, 0, 0, 0, 0, 0, 0, 0, 0, 0, 0, 0, 0, 0, 0, 0, 0, 0, 0, 0, 0, 0, 0, 0, 0, 0, 0, 0, 0, 0, 0, 0, 0, 0, 0, 224, 224, 0, 0, 0, 224, 224, 0, 0, 0, 0, 0, 0, 0], objects=[], opacity=0.0, draworder=), Layer(width=0, height=0, name=Objectlaag 1, type=objectgroup, visible=false, x=0, y=0, data=[], objects=[com.almasb.fxgl.entity.level.tiled.TiledObject@71bde41d, com.almasb.fxgl.entity.level.tiled.TiledObject@3bee2efe, com.almasb.fxgl.entity.level.tiled.TiledObject@6eef4b77, com.almasb.fxgl.entity.level.tiled.TiledObject@4fd4ce81, com.almasb.fxgl.entity.level.tiled.TiledObject@5157566a, com.almasb.fxgl.entity.level.tiled.TiledObject@1b041b60, com.almasb.fxgl.entity.level.tiled.TiledObject@fa44f84, com.almasb.fxgl.entity.level.tiled.TiledObject@66ed3837, com.almasb.fxgl.entity.level.tiled.TiledObject@de2d686, com.almasb.fxgl.entity.level.tiled.TiledObject@36860341, com.almasb.fxgl.entity.level.tiled.TiledObject@1bf3b27a, com.almasb.fxgl.entity.level.tiled.TiledObject@14d00db3, com.almasb.fxgl.entity.level.tiled.TiledObject@f1daf49, com.almasb.fxgl.entity.level.tiled.TiledObject@98739e0, com.almasb.fxgl.entity.level.tiled.TiledObject@fe13ac8, com.almasb.fxgl.entity.level.tiled.TiledObject@1b481312, com.almasb.fxgl.entity.level.tiled.TiledObject@79cd90d5, com.almasb.fxgl.entity.level.tiled.TiledObject@49b5fe35], opacity=0.0, draworder=)], tilesets=[Tileset(firstgid=1, image=../../../../../../../Eigen test/src/main/resources/assets/levels/tiles_spritesheet.png, name=tiles_spritesheet, tilewidth=70, tileheight=70, imagewidth=914, imageheight=936, margin=0, spacing=2, columns=12, tilecount=156, transparentcolor=, tiles=[]), Tileset(firstgid=157, image=../../../../../../../Eigen test/src/main/resources/assets/levels/platformerPack_industrial_tilesheet.png, name=_industrial, tilewidth=70, tileheight=70, imagewidth=980, imageheight=560, margin=0, spacing=0, columns=14, tilecount=112, transparentcolor=, tiles=[])], backgroundcolor=, renderorder=right-down, nextobjectid=26, version=1, tiledversion=1.5.0, type=map, infinite=false, hexsidelength=0, staggeraxis=, staggerindex=, properties={}, propertytypes={})
11:58:05.942 [JavaFX Application Thread] DEBUG TMXLevelLoader       - Creating tile layer entities
11:58:05.943 [JavaFX Application Thread] DEBUG TilesetLoader        - Loading view for layer Bottom
11:58:05.944 [JavaFX Application Thread] DEBUG TilesetLoader        - Created buffer with size 2100.0x700.0
11:58:05.968 [JavaFX Application Thread] DEBUG TilesetLoader        - Writing to buffer: dst=1190,0, w=70,h=70, src=630,140
11:58:05.968 [JavaFX Application Thread] DEBUG TilesetLoader        - Writing to buffer: dst=1260,0, w=70,h=70, src=630,140
11:58:05.968 [JavaFX Application Thread] DEBUG TilesetLoader        - Writing to buffer: dst=1330,0, w=70,h=70, src=630,140
11:58:05.968 [JavaFX Application Thread] DEBUG TilesetLoader        - Writing to buffer: dst=1400,0, w=70,h=70, src=630,140
11:58:05.969 [JavaFX Application Thread] DEBUG TilesetLoader        - Writing to buffer: dst=1470,0, w=70,h=70, src=630,140
11:58:05.969 [JavaFX Application Thread] DEBUG TilesetLoader        - Writing to buffer: dst=1540,0, w=70,h=70, src=630,140
11:58:05.969 [JavaFX Application Thread] DEBUG TilesetLoader        - Writing to buffer: dst=1610,0, w=70,h=70, src=630,140
11:58:05.969 [JavaFX Application Thread] DEBUG TilesetLoader        - Writing to buffer: dst=1680,0, w=70,h=70, src=630,140
11:58:05.969 [JavaFX Application Thread] DEBUG TilesetLoader        - Writing to buffer: dst=1750,0, w=70,h=70, src=630,140
11:58:05.969 [JavaFX Application Thread] DEBUG TilesetLoader        - Writing to buffer: dst=1820,0, w=70,h=70, src=630,140
11:58:05.969 [JavaFX Application Thread] DEBUG TilesetLoader        - Writing to buffer: dst=1890,0, w=70,h=70, src=630,140
11:58:05.970 [JavaFX Application Thread] DEBUG TilesetLoader        - Writing to buffer: dst=1960,0, w=70,h=70, src=630,140
11:58:05.970 [JavaFX Application Thread] DEBUG TilesetLoader        - Writing to buffer: dst=2030,0, w=70,h=70, src=630,140
11:58:05.992 [JavaFX Application Thread] DEBUG TilesetLoader        - Writing to buffer: dst=1960,280, w=70,h=70, src=648,216
11:58:05.992 [JavaFX Application Thread] DEBUG TilesetLoader        - Writing to buffer: dst=1960,350, w=70,h=70, src=648,288
11:58:05.992 [JavaFX Application Thread] DEBUG TilesetLoader        - Writing to buffer: dst=490,420, w=70,h=70, src=420,140
11:58:05.992 [JavaFX Application Thread] DEBUG TilesetLoader        - Writing to buffer: dst=560,420, w=70,h=70, src=490,140
11:58:05.992 [JavaFX Application Thread] DEBUG TilesetLoader        - Writing to buffer: dst=630,420, w=70,h=70, src=560,140
11:58:05.992 [JavaFX Application Thread] DEBUG TilesetLoader        - Writing to buffer: dst=1890,420, w=70,h=70, src=0,210
11:58:05.992 [JavaFX Application Thread] DEBUG TilesetLoader        - Writing to buffer: dst=1960,420, w=70,h=70, src=0,210
11:58:05.993 [JavaFX Application Thread] DEBUG TilesetLoader        - Writing to buffer: dst=210,490, w=70,h=70, src=420,140
11:58:05.993 [JavaFX Application Thread] DEBUG TilesetLoader        - Writing to buffer: dst=280,490, w=70,h=70, src=490,140
11:58:05.993 [JavaFX Application Thread] DEBUG TilesetLoader        - Writing to buffer: dst=350,490, w=70,h=70, src=560,140
11:58:05.993 [JavaFX Application Thread] DEBUG TilesetLoader        - Writing to buffer: dst=770,490, w=70,h=70, src=420,140
11:58:05.993 [JavaFX Application Thread] DEBUG TilesetLoader        - Writing to buffer: dst=840,490, w=70,h=70, src=490,140
11:58:05.993 [JavaFX Application Thread] DEBUG TilesetLoader        - Writing to buffer: dst=910,490, w=70,h=70, src=560,140
11:58:05.993 [JavaFX Application Thread] DEBUG TilesetLoader        - Writing to buffer: dst=1820,490, w=70,h=70, src=0,210
11:58:05.993 [JavaFX Application Thread] DEBUG TilesetLoader        - Writing to buffer: dst=1890,490, w=70,h=70, src=0,210
11:58:05.994 [JavaFX Application Thread] DEBUG TilesetLoader        - Writing to buffer: dst=1960,490, w=70,h=70, src=0,210
11:58:05.994 [JavaFX Application Thread] DEBUG TilesetLoader        - Writing to buffer: dst=1750,560, w=70,h=70, src=0,210
11:58:05.994 [JavaFX Application Thread] DEBUG TilesetLoader        - Writing to buffer: dst=1820,560, w=70,h=70, src=0,210
11:58:05.994 [JavaFX Application Thread] DEBUG TilesetLoader        - Writing to buffer: dst=1890,560, w=70,h=70, src=0,210
11:58:05.995 [JavaFX Application Thread] DEBUG TilesetLoader        - Writing to buffer: dst=1960,560, w=70,h=70, src=0,210
11:58:05.995 [JavaFX Application Thread] DEBUG TilesetLoader        - Writing to buffer: dst=0,630, w=70,h=70, src=0,140
11:58:05.995 [JavaFX Application Thread] DEBUG TilesetLoader        - Writing to buffer: dst=70,630, w=70,h=70, src=0,140
11:58:05.995 [JavaFX Application Thread] DEBUG TilesetLoader        - Writing to buffer: dst=140,630, w=70,h=70, src=0,140
11:58:05.995 [JavaFX Application Thread] DEBUG TilesetLoader        - Writing to buffer: dst=1050,630, w=70,h=70, src=0,140
11:58:05.995 [JavaFX Application Thread] DEBUG TilesetLoader        - Writing to buffer: dst=1260,630, w=70,h=70, src=0,140
11:58:05.995 [JavaFX Application Thread] DEBUG TilesetLoader        - Writing to buffer: dst=1330,630, w=70,h=70, src=0,140
11:58:05.996 [JavaFX Application Thread] DEBUG TilesetLoader        - Writing to buffer: dst=1400,630, w=70,h=70, src=0,140
11:58:05.996 [JavaFX Application Thread] DEBUG TilesetLoader        - Writing to buffer: dst=1610,630, w=70,h=70, src=0,140
11:58:05.996 [JavaFX Application Thread] DEBUG TilesetLoader        - Writing to buffer: dst=1680,630, w=70,h=70, src=0,140
11:58:05.996 [JavaFX Application Thread] DEBUG TilesetLoader        - Writing to buffer: dst=1750,630, w=70,h=70, src=0,140
11:58:05.996 [JavaFX Application Thread] DEBUG TilesetLoader        - Writing to buffer: dst=1820,630, w=70,h=70, src=0,140
11:58:05.996 [JavaFX Application Thread] DEBUG TilesetLoader        - Writing to buffer: dst=1890,630, w=70,h=70, src=0,140
11:58:05.997 [JavaFX Application Thread] DEBUG TilesetLoader        - Writing to buffer: dst=1960,630, w=70,h=70, src=0,140
11:58:05.997 [JavaFX Application Thread] DEBUG TilesetLoader        - Writing to buffer: dst=2030,630, w=70,h=70, src=0,140
11:58:05.997 [JavaFX Application Thread] DEBUG TilesetLoader        - Loading view for layer overlay
11:58:05.999 [JavaFX Application Thread] DEBUG TilesetLoader        - Created buffer with size 2100.0x700.0
11:58:05.999 [JavaFX Application Thread] DEBUG TilesetLoader        - Writing to buffer: dst=0,0, w=70,h=70, src=0,280
11:58:05.999 [JavaFX Application Thread] DEBUG TilesetLoader        - Writing to buffer: dst=70,0, w=70,h=70, src=0,140
11:58:06.000 [JavaFX Application Thread] DEBUG TilesetLoader        - Writing to buffer: dst=140,0, w=70,h=70, src=0,140
11:58:06.000 [JavaFX Application Thread] DEBUG TilesetLoader        - Writing to buffer: dst=210,0, w=70,h=70, src=0,140
11:58:06.000 [JavaFX Application Thread] DEBUG TilesetLoader        - Writing to buffer: dst=280,0, w=70,h=70, src=0,140
11:58:06.000 [JavaFX Application Thread] DEBUG TilesetLoader        - Writing to buffer: dst=350,0, w=70,h=70, src=0,140
11:58:06.000 [JavaFX Application Thread] DEBUG TilesetLoader        - Writing to buffer: dst=420,0, w=70,h=70, src=0,140
11:58:06.000 [JavaFX Application Thread] DEBUG TilesetLoader        - Writing to buffer: dst=490,0, w=70,h=70, src=0,140
11:58:06.001 [JavaFX Application Thread] DEBUG TilesetLoader        - Writing to buffer: dst=560,0, w=70,h=70, src=0,140
11:58:06.001 [JavaFX Application Thread] DEBUG TilesetLoader        - Writing to buffer: dst=630,0, w=70,h=70, src=0,140
11:58:06.001 [JavaFX Application Thread] DEBUG TilesetLoader        - Writing to buffer: dst=700,0, w=70,h=70, src=0,140
11:58:06.001 [JavaFX Application Thread] DEBUG TilesetLoader        - Writing to buffer: dst=770,0, w=70,h=70, src=0,350
11:58:06.007 [JavaFX Application Thread] DEBUG TilesetLoader        - Writing to buffer: dst=840,0, w=70,h=70, src=0,140
11:58:06.007 [JavaFX Application Thread] DEBUG TilesetLoader        - Writing to buffer: dst=910,0, w=70,h=70, src=0,140
11:58:06.008 [JavaFX Application Thread] DEBUG TilesetLoader        - Writing to buffer: dst=980,0, w=70,h=70, src=0,140
11:58:06.008 [JavaFX Application Thread] DEBUG TilesetLoader        - Writing to buffer: dst=1050,0, w=70,h=70, src=0,140
11:58:06.008 [JavaFX Application Thread] DEBUG TilesetLoader        - Writing to buffer: dst=1120,0, w=70,h=70, src=0,280
11:58:06.008 [JavaFX Application Thread] DEBUG TilesetLoader        - Writing to buffer: dst=1120,630, w=70,h=70, src=770,280
11:58:06.008 [JavaFX Application Thread] DEBUG TilesetLoader        - Writing to buffer: dst=1190,630, w=70,h=70, src=770,280
11:58:06.008 [JavaFX Application Thread] DEBUG TilesetLoader        - Writing to buffer: dst=1470,630, w=70,h=70, src=770,280
11:58:06.009 [JavaFX Application Thread] DEBUG TilesetLoader        - Writing to buffer: dst=1540,630, w=70,h=70, src=770,280
11:58:06.009 [JavaFX Application Thread] DEBUG TMXLevelLoader       - Creating object layer entities
11:58:06.019 [JavaFX Application Thread] DEBUG GameWorld            - Clearing removable entities
11:58:06.024 [JavaFX Application Thread] DEBUG GameWorld            - Setting level: com.almasb.fxgl.entity.level.Level@2e4bdaa3
11:58:21.290 [JavaFX Application Thread] DEBUG FXGLApplication      - Exiting FXGL
11:58:21.291 [JavaFX Application Thread] DEBUG LoopRunner           - Stopping loop
11:58:21.291 [JavaFX Application Thread] DEBUG SystemBundleService  - Saving FXGL system data
11:58:21.294 [JavaFX Application Thread] DEBUG FileSystemAccess     - Writing to: /Users/chalitandunu/Desktop/the void/HS/Jaar 1/Periode 3/IPOSE/nerdsvsthevirus/system/fxgl.bundle
11:58:21.296 [JavaFX Application Thread] DEBUG Async                - Shutting down background threads
11:58:21.296 [JavaFX Application Thread] DEBUG PrimaryStageWindow   - Closing main window
11:58:21.305 [JavaFX Application Thread] DEBUG Logger               - Closing Logger
