10:26:56.473 [main                     ] DEBUG Logger               - Configured Logger
10:26:56.484 [main                     ] DEBUG GameApplication      - Logging settings
Title: Nerds VS Virus
Version: 0.0
Width: 1050
Height: 700
Fullscreen: false
Intro: false
Profiling: false
Single step:false
App Mode: DEVELOPER
Menu Key: ESCAPE
Stage Style: DECORATED
Scene Factory: class NerdvsVirus.Game$1

10:26:56.974 [JavaFX Application Thread] DEBUG FXGLApplication      - Initializing FXGL
10:26:56.975 [JavaFX Application Thread] INFO  Engine               - FXGL-11.14 (01.03.2021 16.59) on WINDOWS (J:15.0.2 FX:15)
10:26:56.976 [JavaFX Application Thread] DEBUG Engine               - JRE Vendor Name: Oracle Corporation
10:26:56.976 [JavaFX Application Thread] DEBUG Engine               - Running on OS: Windows 10 version 10.0
10:26:56.976 [JavaFX Application Thread] DEBUG Engine               - Architecture: amd64
10:26:56.976 [JavaFX Application Thread] INFO  Engine               - Source code and latest versions at: https://github.com/AlmasB/FXGL
10:26:56.976 [JavaFX Application Thread] INFO  Engine               -              Join the FXGL chat at: https://gitter.im/AlmasB/FXGL
10:26:57.103 [JavaFX Application Thread] DEBUG PrimaryStageWindow   - Creating a JavaFX scene
10:26:57.155 [JavaFX Application Thread] DEBUG PrimaryStageWindow   - Target settings size: 1050.0 x 700.0
10:26:57.155 [JavaFX Application Thread] DEBUG PrimaryStageWindow   - Scaled scene size:    1050.0 x 700.0
10:26:57.156 [JavaFX Application Thread] DEBUG PrimaryStageWindow   - Scaled ratio: (1.0, 1.0)
10:26:57.157 [JavaFX Application Thread] DEBUG PrimaryStageWindow   - Set initial scene to FXGLStartupScene
10:26:57.163 [JavaFX Application Thread] DEBUG PrimaryStageWindow   - Opening main window
10:26:57.241 [JavaFX Application Thread] DEBUG PrimaryStageWindow   - Window border size: (16.0, 39.0)
10:26:57.241 [JavaFX Application Thread] DEBUG PrimaryStageWindow   - Scaled size: 1050.0 x 700.0
10:26:57.242 [JavaFX Application Thread] DEBUG PrimaryStageWindow   - Scaled ratio: (1.0, 1.0)
10:26:57.242 [JavaFX Application Thread] DEBUG PrimaryStageWindow   - Scene size: 1050.0 x 700.0
10:26:57.242 [JavaFX Application Thread] DEBUG PrimaryStageWindow   - Stage size: 1066.0 x 739.0
10:26:57.249 [FXGL Background Thread 1 ] DEBUG Engine               - Initializing environment variables
10:26:57.279 [FXGL Background Thread 1 ] DEBUG FXGLAssetLoaderServi - User app class for loading assets: class NerdvsVirus.Game
10:26:57.280 [FXGL Background Thread 1 ] DEBUG GameApplicationServi - Applying CSS: fxgl_dark.css
10:26:57.281 [FXGL Background Thread 1 ] DEBUG FXGLAssetLoaderServi - Loading from file system: jar:file:/C:/Users/luukb/.m2/repository/com/github/almasb/fxgl/11.14/fxgl-11.14.jar!/fxglassets/ui/css/fxgl_dark.css
10:26:57.326 [FXGL Background Thread 1 ] DEBUG GameApplicationServi - Initializing application scenes
10:26:57.358 [FXGL Background Thread 1 ] DEBUG GameWorld            - Game world initialized
10:26:57.411 [FXGL Background Thread 1 ] DEBUG PhysicsWorld         - Physics world initialized: appHeight=700, physics.ppm=50,0
10:26:57.411 [FXGL Background Thread 1 ] DEBUG PhysicsWorld         - Using strategy: BRUTE_FORCE
10:26:57.414 [FXGL Background Thread 1 ] DEBUG GameScene            - Game scene initialized: 1050x700
10:26:57.536 [FXGL Background Thread 1 ] DEBUG FXGLAssetLoaderServi - Loading from file system: jar:file:/C:/Users/luukb/.m2/repository/com/github/almasb/fxgl/11.14/fxgl-11.14.jar!/fxglassets/textures/particles/trace_horizontal.png
10:26:57.564 [FXGL Background Thread 1 ] DEBUG FXGL.DefaultMenu     - createMenuBodyGameMenu()
10:26:57.581 [FXGL Background Thread 1 ] DEBUG FXGL.DefaultMenu     - createOptionsMenu()
10:26:57.586 [FXGL Background Thread 1 ] DEBUG FXGLAssetLoaderServi - Loading from file system: jar:file:/C:/Users/luukb/.m2/repository/com/github/almasb/fxgl/11.14/fxgl-11.14.jar!/fxglassets/textures/particles/smoke.png
10:26:57.632 [FXGL Background Thread 1 ] DEBUG GameApplicationServi - Application scenes initialized
10:26:57.643 [FXGL Background Thread 1 ] DEBUG SystemBundleService  - Loading FXGL system data
10:26:57.646 [FXGL Background Thread 1 ] DEBUG FileSystemAccess     - Reading from: D:\OneDrive\OneDrive - Hogeschool Leiden\IPOSE\NERDS VS VIRUS\nerdsvsthevirus\system\fxgl.bundle
10:26:57.650 [FXGL Background Thread 1 ] DEBUG SystemBundleService  - Bundle FXGL: {}
10:26:57.650 [FXGL Background Thread 1 ] DEBUG UpdaterService       - Checking for updates
10:26:57.654 [FXGL Background Thread 4 ] DEBUG FXGLApplication      - Loading fonts
10:26:57.654 [FXGL Background Thread 1 ] DEBUG FXGLApplication      - Loading default localization
10:26:57.655 [FXGL Background Thread 4 ] DEBUG FXGLAssetLoaderServi - Loading from file system: jar:file:/C:/Users/luukb/.m2/repository/com/github/almasb/fxgl/11.14/fxgl-11.14.jar!/fxglassets/ui/fonts/VarelaRound-Regular.ttf
10:26:57.655 [FXGL Background Thread 1 ] DEBUG FXGLAssetLoaderServi - Loading from file system: jar:file:/C:/Users/luukb/.m2/repository/com/github/almasb/fxgl/11.14/fxgl-11.14.jar!/fxglassets/languages/english.lang
10:26:57.658 [FXGL Background Thread 4 ] DEBUG FXGLAssetLoaderServi - Loading from file system: jar:file:/C:/Users/luukb/.m2/repository/com/github/almasb/fxgl/11.14/fxgl-11.14.jar!/fxglassets/ui/fonts/Abel-Regular.ttf
10:26:57.662 [FXGL Background Thread 4 ] DEBUG FXGLAssetLoaderServi - Loading from file system: jar:file:/C:/Users/luukb/.m2/repository/com/github/almasb/fxgl/11.14/fxgl-11.14.jar!/fxglassets/ui/fonts/lucida_console.ttf
10:26:57.667 [FXGL Background Thread 1 ] INFO  FXGLApplication      - FXGL initialization took: 0,418 sec
10:26:57.668 [FXGL Background Thread 4 ] DEBUG FXGLAssetLoaderServi - Loading from file system: jar:file:/C:/Users/luukb/.m2/repository/com/github/almasb/fxgl/11.14/fxgl-11.14.jar!/fxglassets/ui/fonts/Courier-Prime.ttf
10:26:57.676 [JavaFX Application Thread] DEBUG Input                - Registered new binding: Left - A
10:26:57.676 [JavaFX Application Thread] DEBUG Input                - Registered new binding: Right - D
10:26:57.677 [JavaFX Application Thread] DEBUG Input                - Registered new binding: Jump - W
10:26:57.677 [JavaFX Application Thread] DEBUG FXGLAssetLoaderServi - Loading from file system: jar:file:/C:/Users/luukb/.m2/repository/com/github/almasb/fxgl/11.14/fxgl-11.14.jar!/fxglassets/textures/fxgl_icon.png
10:26:57.685 [JavaFX Application Thread] DEBUG FXGLAssetLoaderServi - Loading from file system: jar:file:/C:/Users/luukb/.m2/repository/com/github/almasb/fxgl/11.14/fxgl-11.14.jar!/fxglassets/ui/cursors/fxgl_default.png
10:26:57.686 [JavaFX Application Thread] DEBUG Input                - Registered new binding: Screenshot - P
10:26:57.687 [JavaFX Application Thread] DEBUG Input                - Registered new binding: System info dump - CTRL+9
10:26:57.688 [JavaFX Application Thread] DEBUG Input                - Registered new binding: Restart - CTRL+R
10:26:57.688 [JavaFX Application Thread] DEBUG Input                - Registered new binding: Toggle Debug Camera - CTRL+C
10:26:57.691 [JavaFX Application Thread] DEBUG LoopRunner           - Starting loop
10:26:57.691 [JavaFX Application Thread] DEBUG LoopRunner           - Initializing JavaFX AnimationTimerLoop
10:26:57.694 [JavaFX Application Thread] DEBUG Input                - Clearing active input actions
10:26:57.700 [JavaFX Application Thread] DEBUG GameApplicationServi - Removing overlay from FXGLStartupScene and adding to FXGLMainMenuDummyScene
10:26:57.701 [JavaFX Application Thread] DEBUG PrimaryStageWindow   - FXGLStartupScene -> FXGLMainMenuDummyScene
10:26:57.701 [JavaFX Application Thread] DEBUG PrimaryStageWindow   - Push state: MainMenu
10:26:57.702 [JavaFX Application Thread] DEBUG Input                - Clearing active input actions
10:26:58.128 [JavaFX Application Thread] DEBUG GameApplicationServi - Removing overlay from FXGLMainMenuDummyScene and adding to MainMenu
10:26:58.128 [JavaFX Application Thread] DEBUG PrimaryStageWindow   - FXGLMainMenuDummyScene -> MainMenu
10:26:58.128 [JavaFX Application Thread] DEBUG FXGLApplication      - Registering font factories with UI factory
10:26:58.851 [JavaFX Application Thread] DEBUG Menu                 - fireNewGame()
10:26:58.852 [JavaFX Application Thread] DEBUG GameApplicationServi - Starting new game
10:26:58.852 [JavaFX Application Thread] DEBUG PrimaryStageWindow   - Pop state: MainMenu
10:26:58.852 [JavaFX Application Thread] DEBUG Input                - Clearing active input actions
10:26:58.852 [JavaFX Application Thread] DEBUG GameApplicationServi - Removing overlay from MainMenu and adding to FXGLMainMenuDummyScene
10:26:58.853 [JavaFX Application Thread] DEBUG PrimaryStageWindow   - FXGLMainMenuDummyScene <- MainMenu
10:26:58.853 [JavaFX Application Thread] DEBUG Input                - Clearing active input actions
10:26:58.859 [JavaFX Application Thread] DEBUG GameApplicationServi - Removing overlay from FXGLMainMenuDummyScene and adding to FXGLLoadingScene
10:26:58.859 [JavaFX Application Thread] DEBUG PrimaryStageWindow   - FXGLMainMenuDummyScene -> FXGLLoadingScene
10:26:58.860 [JavaFX Application Thread] DEBUG GameApplicationServi - Clearing previous game
10:26:58.860 [JavaFX Application Thread] DEBUG GameScene            - Clearing game scene
10:26:58.860 [JavaFX Application Thread] DEBUG GameWorld            - Clearing game world
10:26:58.860 [JavaFX Application Thread] DEBUG PhysicsWorld         - Clearing physics world
10:26:58.861 [FXGL Background Thread 2 ] DEBUG FXGLApplication      - Initializing game
10:26:58.882 [JavaFX Application Thread] DEBUG LoopRunner           - Stopping loop
10:26:58.883 [JavaFX Application Thread] FATAL FXGLApplication      - Uncaught Exception:
java.lang.RuntimeException: Initialization failed
	at com.almasb.fxgl.app.FXGLApplication$InitAppTask.failed(FXGLApplication.kt:376)
	at javafx.concurrent.Task.setState(Task.java:710)
	at javafx.concurrent.Task$TaskCallable.lambda$call$2(Task.java:1455)
	at com.sun.javafx.application.PlatformImpl.lambda$runLater$10(PlatformImpl.java:428)
	at java.base/java.security.AccessController.doPrivileged(AccessController.java:391)
	at com.sun.javafx.application.PlatformImpl.lambda$runLater$11(PlatformImpl.java:427)
	at com.sun.glass.ui.InvokeLaterDispatcher$Future.run(InvokeLaterDispatcher.java:96)
	at com.sun.glass.ui.win.WinApplication._runLoop(Native Method)
	at com.sun.glass.ui.win.WinApplication.lambda$runLoop$3(WinApplication.java:174)
	at java.base/java.lang.Thread.run(Thread.java:832)
Caused by: java.lang.IllegalArgumentException: No EntityFactory has a method annotated @Spawns(backgroundlevel)
	at com.almasb.fxgl.entity.GameWorld.create(GameWorld.kt:398)
	at com.almasb.fxgl.entity.GameWorld.spawn(GameWorld.kt:381)
	at com.almasb.fxgl.entity.GameWorld.spawn(GameWorld.kt:369)
	at com.almasb.fxgl.entity.GameWorld.spawn(GameWorld.kt:344)
	at com.almasb.fxgl.dsl.FXGLForKtKt.spawn(FXGLForKt.kt:157)
	at NerdvsVirus.Game.setLevel(Game.java:163)
	at NerdvsVirus.Game.nextLevel(Game.java:154)
	at NerdvsVirus.Game.initGame(Game.java:112)
	at com.almasb.fxgl.app.FXGLApplication$InitAppTask.initGame(FXGLApplication.kt:372)
	at com.almasb.fxgl.app.FXGLApplication$InitAppTask.call(FXGLApplication.kt:352)
	at com.almasb.fxgl.app.FXGLApplication$InitAppTask.call(FXGLApplication.kt:344)
	at javafx.concurrent.Task$TaskCallable.call(Task.java:1425)
	at java.base/java.util.concurrent.FutureTask.run(FutureTask.java:264)
	at java.base/java.util.concurrent.Executors$RunnableAdapter.call(Executors.java:515)
	at java.base/java.util.concurrent.FutureTask.run(FutureTask.java:264)
	at java.base/java.util.concurrent.ThreadPoolExecutor.runWorker(ThreadPoolExecutor.java:1130)
	at java.base/java.util.concurrent.ThreadPoolExecutor$Worker.run(ThreadPoolExecutor.java:630)
	... 1 more

10:26:58.884 [JavaFX Application Thread] FATAL FXGLApplication      - Application will now exit
10:26:58.897 [JavaFX Application Thread] DEBUG PrimaryStageWindow   - Push state: ErrorSubScene
10:26:58.897 [JavaFX Application Thread] DEBUG Input                - Clearing active input actions
10:26:58.903 [JavaFX Application Thread] DEBUG GameApplicationServi - Removing overlay from FXGLLoadingScene and adding to ErrorSubScene
10:26:58.904 [JavaFX Application Thread] DEBUG PrimaryStageWindow   - FXGLLoadingScene -> ErrorSubScene
10:27:00.654 [FXGL Background Thread 3 ] DEBUG Engine               - Logging environment variables
10:27:00.654 [FXGL Background Thread 3 ] DEBUG Engine               - achievements: []
10:27:00.654 [FXGL Background Thread 3 ] DEBUG Engine               - actualHeight: 700.0
10:27:00.655 [FXGL Background Thread 3 ] DEBUG Engine               - actualHeightProperty: ReadOnlyDoubleProperty [value: 700.0]
10:27:00.655 [FXGL Background Thread 3 ] DEBUG Engine               - actualWidth: 1050.0
10:27:00.655 [FXGL Background Thread 3 ] DEBUG Engine               - actualWidthProperty: ReadOnlyDoubleProperty [value: 1050.0]
10:27:00.655 [FXGL Background Thread 3 ] DEBUG Engine               - appIcon: fxgl_icon.png
10:27:00.655 [FXGL Background Thread 3 ] DEBUG Engine               - applicationMode: DEVELOPER
10:27:00.655 [FXGL Background Thread 3 ] DEBUG Engine               - cSSList: [fxgl_dark.css]
10:27:00.655 [FXGL Background Thread 3 ] DEBUG Engine               - collisionDetectionStrategy: BRUTE_FORCE
10:27:00.655 [FXGL Background Thread 3 ] DEBUG Engine               - configClass: Optional.empty
10:27:00.655 [FXGL Background Thread 3 ] DEBUG Engine               - credits: []
10:27:00.656 [FXGL Background Thread 3 ] DEBUG Engine               - devBBoxColorProperty: ObjectProperty [value: 0xff0000ff]
10:27:00.656 [FXGL Background Thread 3 ] DEBUG Engine               - devEnableDebugCameraProperty: BooleanProperty [value: false]
10:27:00.656 [FXGL Background Thread 3 ] DEBUG Engine               - devSensorColorProperty: ObjectProperty [value: 0xffff00ff]
10:27:00.656 [FXGL Background Thread 3 ] DEBUG Engine               - devShowBBoxProperty: BooleanProperty [value: false]
10:27:00.656 [FXGL Background Thread 3 ] DEBUG Engine               - devShowPositionProperty: BooleanProperty [value: false]
10:27:00.656 [FXGL Background Thread 3 ] DEBUG Engine               - enabledMenuItems: []
10:27:00.657 [FXGL Background Thread 3 ] DEBUG Engine               - engineServices: [class com.almasb.fxgl.app.services.FXGLAssetLoaderService, class com.almasb.fxgl.app.FXGLApplication$GameApplicationService, class com.almasb.fxgl.app.services.FXGLDialogService, class com.almasb.fxgl.app.services.IOTaskExecutorService, class com.almasb.fxgl.event.EventBusService, class com.almasb.fxgl.io.FileSystemService, class com.almasb.fxgl.localization.LocalizationService, class com.almasb.fxgl.app.services.SystemBundleService, class com.almasb.fxgl.profile.SaveLoadService, class com.almasb.fxgl.ui.FXGLUIFactoryServiceProvider, class com.almasb.fxgl.ui.FXGLDialogFactoryServiceProvider, class com.almasb.fxgl.audio.AudioPlayer, class com.almasb.fxgl.notification.impl.NotificationServiceProvider, class com.almasb.fxgl.achievement.AchievementService, class com.almasb.fxgl.cutscene.CutsceneService, class com.almasb.fxgl.minigames.MiniGameService, class com.almasb.fxgl.net.NetService, class com.almasb.fxgl.app.services.UpdaterService, class com.almasb.fxgl.dev.DevService]
10:27:00.657 [FXGL Background Thread 3 ] DEBUG Engine               - fontGame: Abel-Regular.ttf
10:27:00.657 [FXGL Background Thread 3 ] DEBUG Engine               - fontMono: lucida_console.ttf
10:27:00.657 [FXGL Background Thread 3 ] DEBUG Engine               - fontText: Courier-Prime.ttf
10:27:00.657 [FXGL Background Thread 3 ] DEBUG Engine               - fontUI: VarelaRound-Regular.ttf
10:27:00.657 [FXGL Background Thread 3 ] DEBUG Engine               - fullScreen: BooleanProperty [value: false]
10:27:00.657 [FXGL Background Thread 3 ] DEBUG Engine               - gameDifficulty: MEDIUM
10:27:00.657 [FXGL Background Thread 3 ] DEBUG Engine               - gameDifficultyProperty: ObjectProperty [value: MEDIUM]
10:27:00.657 [FXGL Background Thread 3 ] DEBUG Engine               - globalMusicVolume: 0.5
10:27:00.657 [FXGL Background Thread 3 ] DEBUG Engine               - globalMusicVolumeProperty: DoubleProperty [value: 0.5]
10:27:00.658 [FXGL Background Thread 3 ] DEBUG Engine               - globalSoundVolume: 0.5
10:27:00.658 [FXGL Background Thread 3 ] DEBUG Engine               - globalSoundVolumeProperty: DoubleProperty [value: 0.5]
10:27:00.658 [FXGL Background Thread 3 ] DEBUG Engine               - height: 700
10:27:00.658 [FXGL Background Thread 3 ] DEBUG Engine               - isAndroid: false
10:27:00.658 [FXGL Background Thread 3 ] DEBUG Engine               - isBrowser: false
10:27:00.658 [FXGL Background Thread 3 ] DEBUG Engine               - isClickFeedbackEnabled: false
10:27:00.658 [FXGL Background Thread 3 ] DEBUG Engine               - isCloseConfirmation: false
10:27:00.658 [FXGL Background Thread 3 ] DEBUG Engine               - isDesktop: true
10:27:00.659 [FXGL Background Thread 3 ] DEBUG Engine               - isDeveloperMenuEnabled: false
10:27:00.659 [FXGL Background Thread 3 ] DEBUG Engine               - isEntityPreloadEnabled: true
10:27:00.659 [FXGL Background Thread 3 ] DEBUG Engine               - isExperimental3D: false
10:27:00.659 [FXGL Background Thread 3 ] DEBUG Engine               - isExperimentalNative: false
10:27:00.659 [FXGL Background Thread 3 ] DEBUG Engine               - isExperimentalTiledLargeMap: false
10:27:00.659 [FXGL Background Thread 3 ] DEBUG Engine               - isFileSystemWriteAllowed: true
10:27:00.659 [FXGL Background Thread 3 ] DEBUG Engine               - isFullScreenAllowed: false
10:27:00.659 [FXGL Background Thread 3 ] DEBUG Engine               - isFullScreenFromStart: false
10:27:00.659 [FXGL Background Thread 3 ] DEBUG Engine               - isGameMenuEnabled: true
10:27:00.659 [FXGL Background Thread 3 ] DEBUG Engine               - isIOS: false
10:27:00.659 [FXGL Background Thread 3 ] DEBUG Engine               - isIntroEnabled: false
10:27:00.659 [FXGL Background Thread 3 ] DEBUG Engine               - isLinux: false
10:27:00.659 [FXGL Background Thread 3 ] DEBUG Engine               - isMac: false
10:27:00.660 [FXGL Background Thread 3 ] DEBUG Engine               - isMainMenuEnabled: true
10:27:00.660 [FXGL Background Thread 3 ] DEBUG Engine               - isManualResizeEnabled: false
10:27:00.660 [FXGL Background Thread 3 ] DEBUG Engine               - isMobile: false
10:27:00.660 [FXGL Background Thread 3 ] DEBUG Engine               - isPreserveResizeRatio: false
10:27:00.660 [FXGL Background Thread 3 ] DEBUG Engine               - isProfilingEnabled: false
10:27:00.660 [FXGL Background Thread 3 ] DEBUG Engine               - isScaleAffectedOnResize: true
10:27:00.660 [FXGL Background Thread 3 ] DEBUG Engine               - isSingleStep: false
10:27:00.660 [FXGL Background Thread 3 ] DEBUG Engine               - isUserProfileEnabled: false
10:27:00.661 [FXGL Background Thread 3 ] DEBUG Engine               - isWindows: true
10:27:00.661 [FXGL Background Thread 3 ] DEBUG Engine               - language: ObjectProperty [value: ENGLISH]
10:27:00.661 [FXGL Background Thread 3 ] DEBUG Engine               - menuKey: ESCAPE
10:27:00.661 [FXGL Background Thread 3 ] DEBUG Engine               - notificationViewClass: class com.almasb.fxgl.notification.view.XboxNotificationView
10:27:00.661 [FXGL Background Thread 3 ] DEBUG Engine               - pixelsPerMeter: 50.0
10:27:00.661 [FXGL Background Thread 3 ] DEBUG Engine               - platform: WINDOWS
10:27:00.661 [FXGL Background Thread 3 ] DEBUG Engine               - prefHeightProperty: ReadOnlyDoubleProperty [value: 700.0]
10:27:00.662 [FXGL Background Thread 3 ] DEBUG Engine               - prefWidthProperty: ReadOnlyDoubleProperty [value: 1050.0]
10:27:00.662 [FXGL Background Thread 3 ] DEBUG Engine               - profileDir: profiles/
10:27:00.662 [FXGL Background Thread 3 ] DEBUG Engine               - profileName: StringProperty [value: DEFAULT]
10:27:00.662 [FXGL Background Thread 3 ] DEBUG Engine               - randomSeed: -1
10:27:00.662 [FXGL Background Thread 3 ] DEBUG Engine               - runtimeInfo: RuntimeInfo(platform=WINDOWS, version=11.14, build=01.03.2021 16.59)
10:27:00.662 [FXGL Background Thread 3 ] DEBUG Engine               - saveFileExt: sav
10:27:00.662 [FXGL Background Thread 3 ] DEBUG Engine               - scaledHeightProp$fxgl: DoubleProperty [bound, value: 700.0]
10:27:00.662 [FXGL Background Thread 3 ] DEBUG Engine               - scaledWidthProp$fxgl: DoubleProperty [bound, value: 1050.0]
10:27:00.662 [FXGL Background Thread 3 ] DEBUG Engine               - sceneFactory: NerdvsVirus.Game$1@4a1cacc4
10:27:00.663 [FXGL Background Thread 3 ] DEBUG Engine               - secondsIn24h: 60
10:27:00.663 [FXGL Background Thread 3 ] DEBUG Engine               - soundMenuBack: menu/back.wav
10:27:00.663 [FXGL Background Thread 3 ] DEBUG Engine               - soundMenuPress: menu/press.wav
10:27:00.663 [FXGL Background Thread 3 ] DEBUG Engine               - soundMenuSelect: menu/select.wav
10:27:00.663 [FXGL Background Thread 3 ] DEBUG Engine               - soundNotification: core/notification.wav
10:27:00.663 [FXGL Background Thread 3 ] DEBUG Engine               - stageStyle: DECORATED
10:27:00.663 [FXGL Background Thread 3 ] DEBUG Engine               - supportedLanguages: [ENGLISH, FRENCH, GERMAN, HUNGARIAN, RUSSIAN]
10:27:00.663 [FXGL Background Thread 3 ] DEBUG Engine               - ticksPerSecond: -1
10:27:00.663 [FXGL Background Thread 3 ] DEBUG Engine               - title: Nerds VS Virus
10:27:00.663 [FXGL Background Thread 3 ] DEBUG Engine               - urlGithub: https://github.com/AlmasB/FXGL
10:27:00.664 [FXGL Background Thread 3 ] DEBUG Engine               - urlLeaderboard: http://fxgl-top.herokuapp.com/
10:27:00.664 [FXGL Background Thread 3 ] DEBUG Engine               - urlPOM: https://raw.githubusercontent.com/AlmasB/FXGL/release/README.md
10:27:00.664 [FXGL Background Thread 3 ] DEBUG Engine               - userAppClass: class NerdvsVirus.Game
10:27:00.664 [FXGL Background Thread 3 ] DEBUG Engine               - version: 0.0
10:27:00.664 [FXGL Background Thread 3 ] DEBUG Engine               - versionCheckDays: 7
10:27:00.664 [FXGL Background Thread 3 ] DEBUG Engine               - width: 1050
10:27:00.664 [FXGL Background Thread 3 ] DEBUG Engine               - Logging services
10:27:00.664 [FXGL Background Thread 3 ] DEBUG Engine               - class com.almasb.fxgl.app.services.FXGLAssetLoaderService
10:27:00.664 [FXGL Background Thread 3 ] DEBUG Engine               - class com.almasb.fxgl.app.FXGLApplication$GameApplicationService
10:27:00.665 [FXGL Background Thread 3 ] DEBUG Engine               - class com.almasb.fxgl.app.services.FXGLDialogService
10:27:00.665 [FXGL Background Thread 3 ] DEBUG Engine               - class com.almasb.fxgl.app.services.IOTaskExecutorService
10:27:00.665 [FXGL Background Thread 3 ] DEBUG Engine               - class com.almasb.fxgl.event.EventBusService
10:27:00.665 [FXGL Background Thread 3 ] DEBUG Engine               - class com.almasb.fxgl.io.FileSystemService
10:27:00.665 [FXGL Background Thread 3 ] DEBUG Engine               - class com.almasb.fxgl.localization.LocalizationService
10:27:00.665 [FXGL Background Thread 3 ] DEBUG Engine               - class com.almasb.fxgl.app.services.SystemBundleService
10:27:00.665 [FXGL Background Thread 3 ] DEBUG Engine               - class com.almasb.fxgl.profile.SaveLoadService
10:27:00.665 [FXGL Background Thread 3 ] DEBUG Engine               - class com.almasb.fxgl.ui.FXGLUIFactoryServiceProvider
10:27:00.666 [FXGL Background Thread 3 ] DEBUG Engine               - class com.almasb.fxgl.ui.FXGLDialogFactoryServiceProvider
10:27:00.666 [FXGL Background Thread 3 ] DEBUG Engine               - class com.almasb.fxgl.audio.AudioPlayer
10:27:00.666 [FXGL Background Thread 3 ] DEBUG Engine               - class com.almasb.fxgl.notification.impl.NotificationServiceProvider
10:27:00.666 [FXGL Background Thread 3 ] DEBUG Engine               - class com.almasb.fxgl.achievement.AchievementService
10:27:00.666 [FXGL Background Thread 3 ] DEBUG Engine               - class com.almasb.fxgl.cutscene.CutsceneService
10:27:00.666 [FXGL Background Thread 3 ] DEBUG Engine               - class com.almasb.fxgl.minigames.MiniGameService
10:27:00.666 [FXGL Background Thread 3 ] DEBUG Engine               - class com.almasb.fxgl.net.NetService
10:27:00.666 [FXGL Background Thread 3 ] DEBUG Engine               - class com.almasb.fxgl.app.services.UpdaterService
10:27:00.667 [FXGL Background Thread 3 ] DEBUG Engine               - class com.almasb.fxgl.dev.DevService
10:27:19.126 [JavaFX Application Thread] DEBUG FXGLApplication      - Exiting FXGL
10:27:19.126 [JavaFX Application Thread] DEBUG Async                - Shutting down background threads
10:27:19.126 [JavaFX Application Thread] DEBUG PrimaryStageWindow   - Closing main window
10:27:19.138 [JavaFX Application Thread] DEBUG Logger               - Closing Logger
