20:27:02.426 [main                     ] DEBUG Logger               - Configured Logger
20:27:02.453 [main                     ] DEBUG GameApplication      - Logging settings
Title: Nerds VS Virus
Version: 0.0
Width: 1200
Height: 800
Fullscreen: false
Intro: false
Profiling: false
Single step:false
App Mode: DEVELOPER
Menu Key: ESCAPE
Stage Style: DECORATED
Scene Factory: class Game$1

20:27:02.907 [JavaFX Application Thread] DEBUG FXGLApplication      - Initializing FXGL
20:27:02.909 [JavaFX Application Thread] INFO  Engine               - FXGL-11.14 (01.03.2021 16.59) on MAC (J:15.0.1 FX:15)
20:27:02.910 [JavaFX Application Thread] DEBUG Engine               - JRE Vendor Name: Oracle Corporation
20:27:02.910 [JavaFX Application Thread] DEBUG Engine               - Running on OS: Mac OS X version 10.16
20:27:02.911 [JavaFX Application Thread] DEBUG Engine               - Architecture: x86_64
20:27:02.911 [JavaFX Application Thread] INFO  Engine               - Source code and latest versions at: https://github.com/AlmasB/FXGL
20:27:02.912 [JavaFX Application Thread] INFO  Engine               -              Join the FXGL chat at: https://gitter.im/AlmasB/FXGL
20:27:03.092 [JavaFX Application Thread] DEBUG PrimaryStageWindow   - Creating a JavaFX scene
20:27:03.162 [JavaFX Application Thread] DEBUG PrimaryStageWindow   - Target settings size: 1200.0 x 800.0
20:27:03.162 [JavaFX Application Thread] DEBUG PrimaryStageWindow   - Scaled scene size:    1200.0 x 800.0
20:27:03.162 [JavaFX Application Thread] DEBUG PrimaryStageWindow   - Scaled ratio: (1.0, 1.0)
20:27:03.164 [JavaFX Application Thread] DEBUG PrimaryStageWindow   - Set initial scene to FXGLStartupScene
20:27:03.173 [JavaFX Application Thread] DEBUG PrimaryStageWindow   - Opening main window
20:27:03.321 [JavaFX Application Thread] DEBUG PrimaryStageWindow   - Window border size: (0.0, 28.0)
20:27:03.321 [JavaFX Application Thread] DEBUG PrimaryStageWindow   - Scaled size: 1200.0 x 800.0
20:27:03.321 [JavaFX Application Thread] DEBUG PrimaryStageWindow   - Scaled ratio: (1.0, 1.0)
20:27:03.322 [JavaFX Application Thread] DEBUG PrimaryStageWindow   - Scene size: 1200.0 x 800.0
20:27:03.322 [JavaFX Application Thread] DEBUG PrimaryStageWindow   - Stage size: 1200.0 x 828.0
20:27:03.329 [FXGL Background Thread 1 ] DEBUG Engine               - Initializing environment variables
20:27:03.372 [FXGL Background Thread 1 ] DEBUG FXGLAssetLoaderServi - User app class for loading assets: class Game
20:27:03.372 [FXGL Background Thread 1 ] DEBUG GameApplicationServi - Applying CSS: fxgl_dark.css
20:27:03.373 [FXGL Background Thread 1 ] DEBUG FXGLAssetLoaderServi - Loading from file system: jar:file:/Users/chalitandunu/.m2/repository/com/github/almasb/fxgl/11.14/fxgl-11.14.jar!/fxglassets/ui/css/fxgl_dark.css
20:27:03.438 [FXGL Background Thread 1 ] DEBUG GameApplicationServi - Initializing application scenes
20:27:04.127 [FXGL Background Thread 1 ] DEBUG GameWorld            - Game world initialized
20:27:04.190 [FXGL Background Thread 1 ] DEBUG PhysicsWorld         - Physics world initialized: appHeight=800, physics.ppm=50.0
20:27:04.191 [FXGL Background Thread 1 ] DEBUG PhysicsWorld         - Using strategy: BRUTE_FORCE
20:27:04.194 [FXGL Background Thread 1 ] DEBUG GameScene            - Game scene initialized: 1200x800
20:27:04.234 [FXGL Background Thread 1 ] DEBUG GameApplicationServi - Application scenes initialized
20:27:04.253 [FXGL Background Thread 1 ] DEBUG SystemBundleService  - Loading FXGL system data
20:27:04.258 [FXGL Background Thread 1 ] DEBUG FileSystemAccess     - Reading from: /Users/chalitandunu/Desktop/the void/HS/Jaar 1/Periode 3/IPOSE/nerdsvsthevirus/system/fxgl.bundle
20:27:04.269 [FXGL Background Thread 1 ] DEBUG SystemBundleService  - Bundle FXGL: {}
20:27:04.270 [FXGL Background Thread 1 ] DEBUG UpdaterService       - Checking for updates
20:27:04.278 [FXGL Background Thread 4 ] DEBUG FXGLApplication      - Loading fonts
20:27:04.280 [FXGL Background Thread 4 ] DEBUG FXGLAssetLoaderServi - Loading from file system: jar:file:/Users/chalitandunu/.m2/repository/com/github/almasb/fxgl/11.14/fxgl-11.14.jar!/fxglassets/ui/fonts/VarelaRound-Regular.ttf
20:27:04.280 [FXGL Background Thread 1 ] DEBUG FXGLApplication      - Loading default localization
20:27:04.285 [FXGL Background Thread 1 ] DEBUG FXGLAssetLoaderServi - Loading from file system: jar:file:/Users/chalitandunu/.m2/repository/com/github/almasb/fxgl/11.14/fxgl-11.14.jar!/fxglassets/languages/english.lang
20:27:04.304 [FXGL Background Thread 4 ] DEBUG FXGLAssetLoaderServi - Loading from file system: jar:file:/Users/chalitandunu/.m2/repository/com/github/almasb/fxgl/11.14/fxgl-11.14.jar!/fxglassets/ui/fonts/Abel-Regular.ttf
20:27:04.308 [FXGL Background Thread 4 ] DEBUG FXGLAssetLoaderServi - Loading from file system: jar:file:/Users/chalitandunu/.m2/repository/com/github/almasb/fxgl/11.14/fxgl-11.14.jar!/fxglassets/ui/fonts/lucida_console.ttf
20:27:04.314 [FXGL Background Thread 4 ] DEBUG FXGLAssetLoaderServi - Loading from file system: jar:file:/Users/chalitandunu/.m2/repository/com/github/almasb/fxgl/11.14/fxgl-11.14.jar!/fxglassets/ui/fonts/Courier-Prime.ttf
20:27:04.324 [FXGL Background Thread 1 ] INFO  FXGLApplication      - FXGL initialization took: 0.995 sec
20:27:04.320 [JavaFX Application Thread] DEBUG FXGLApplication      - Registering font factories with UI factory
20:27:04.341 [JavaFX Application Thread] DEBUG Input                - Registered new binding: action0 - D
20:27:04.341 [JavaFX Application Thread] DEBUG Input                - Registered new binding: action1 - A
20:27:04.342 [JavaFX Application Thread] DEBUG FXGLAssetLoaderServi - Loading from file system: jar:file:/Users/chalitandunu/.m2/repository/com/github/almasb/fxgl/11.14/fxgl-11.14.jar!/fxglassets/textures/fxgl_icon.png
20:27:04.425 [JavaFX Application Thread] DEBUG FXGLAssetLoaderServi - Loading from file system: jar:file:/Users/chalitandunu/.m2/repository/com/github/almasb/fxgl/11.14/fxgl-11.14.jar!/fxglassets/ui/cursors/fxgl_default.png
20:27:04.428 [JavaFX Application Thread] DEBUG Input                - Registered new binding: Screenshot - P
20:27:04.429 [JavaFX Application Thread] DEBUG Input                - Registered new binding: System info dump - CTRL+9
20:27:04.430 [JavaFX Application Thread] DEBUG Input                - Registered new binding: Restart - CTRL+R
20:27:04.431 [JavaFX Application Thread] DEBUG Input                - Registered new binding: Toggle Debug Camera - CTRL+C
20:27:04.433 [JavaFX Application Thread] DEBUG LoopRunner           - Starting loop
20:27:04.433 [JavaFX Application Thread] DEBUG LoopRunner           - Initializing JavaFX AnimationTimerLoop
20:27:04.435 [JavaFX Application Thread] DEBUG GameApplicationServi - Starting new game
20:27:04.437 [JavaFX Application Thread] DEBUG Input                - Clearing active input actions
20:27:04.450 [JavaFX Application Thread] DEBUG GameApplicationServi - Removing overlay from FXGLStartupScene and adding to FXGLLoadingScene
20:27:04.451 [JavaFX Application Thread] DEBUG PrimaryStageWindow   - FXGLStartupScene -> FXGLLoadingScene
20:27:04.451 [JavaFX Application Thread] DEBUG GameApplicationServi - Clearing previous game
20:27:04.451 [JavaFX Application Thread] DEBUG GameScene            - Clearing game scene
20:27:04.452 [JavaFX Application Thread] DEBUG GameWorld            - Clearing game world
20:27:04.452 [JavaFX Application Thread] DEBUG PhysicsWorld         - Clearing physics world
20:27:04.454 [FXGL Background Thread 1 ] DEBUG FXGLApplication      - Initializing game
20:27:04.461 [FXGL Background Thread 1 ] DEBUG FXGLAssetLoaderServi - Loading from file system: file:/Users/chalitandunu/Desktop/the%20void/HS/Jaar%201/Periode%203/IPOSE/nerdsvsthevirus/target/classes/assets/textures//Game/sprite.png
20:27:04.517 [FXGL Background Thread 1 ] INFO  FXGLApplication      - Game initialization took: 0.062 sec
20:27:04.597 [JavaFX Application Thread] DEBUG Input                - Clearing active input actions
20:27:04.610 [JavaFX Application Thread] DEBUG GameApplicationServi - Removing overlay from FXGLLoadingScene and adding to GameScene
20:27:04.610 [JavaFX Application Thread] DEBUG PrimaryStageWindow   - FXGLLoadingScene -> GameScene
20:27:05.618 [JavaFX Application Thread] DEBUG PrimaryStageWindow   - Push state: MyPauseMenu
20:27:05.619 [JavaFX Application Thread] DEBUG Input                - Clearing active input actions
20:27:05.620 [JavaFX Application Thread] DEBUG GameApplicationServi - Removing overlay from GameScene and adding to MyPauseMenu
20:27:05.621 [JavaFX Application Thread] DEBUG PrimaryStageWindow   - GameScene -> MyPauseMenu
20:27:07.139 [JavaFX Application Thread] DEBUG PrimaryStageWindow   - Pop state: MyPauseMenu
20:27:07.139 [JavaFX Application Thread] DEBUG Input                - Clearing active input actions
20:27:07.140 [JavaFX Application Thread] DEBUG GameApplicationServi - Removing overlay from MyPauseMenu and adding to GameScene
20:27:07.140 [JavaFX Application Thread] DEBUG PrimaryStageWindow   - GameScene <- MyPauseMenu
20:27:07.279 [FXGL Background Thread 3 ] DEBUG Engine               - Logging environment variables
20:27:07.280 [FXGL Background Thread 3 ] DEBUG Engine               - achievements: []
20:27:07.281 [FXGL Background Thread 3 ] DEBUG Engine               - actualHeight: 800.0
20:27:07.281 [FXGL Background Thread 3 ] DEBUG Engine               - actualHeightProperty: ReadOnlyDoubleProperty [value: 800.0]
20:27:07.282 [FXGL Background Thread 3 ] DEBUG Engine               - actualWidth: 1200.0
20:27:07.282 [FXGL Background Thread 3 ] DEBUG Engine               - actualWidthProperty: ReadOnlyDoubleProperty [value: 1200.0]
20:27:07.282 [FXGL Background Thread 3 ] DEBUG Engine               - appIcon: fxgl_icon.png
20:27:07.283 [FXGL Background Thread 3 ] DEBUG Engine               - applicationMode: DEVELOPER
20:27:07.283 [FXGL Background Thread 3 ] DEBUG Engine               - cSSList: [fxgl_dark.css]
20:27:07.284 [FXGL Background Thread 3 ] DEBUG Engine               - collisionDetectionStrategy: BRUTE_FORCE
20:27:07.284 [FXGL Background Thread 3 ] DEBUG Engine               - configClass: Optional.empty
20:27:07.285 [FXGL Background Thread 3 ] DEBUG Engine               - credits: []
20:27:07.285 [FXGL Background Thread 3 ] DEBUG Engine               - devBBoxColorProperty: ObjectProperty [value: 0xff0000ff]
20:27:07.286 [FXGL Background Thread 3 ] DEBUG Engine               - devEnableDebugCameraProperty: BooleanProperty [value: false]
20:27:07.286 [FXGL Background Thread 3 ] DEBUG Engine               - devSensorColorProperty: ObjectProperty [value: 0xffff00ff]
20:27:07.287 [FXGL Background Thread 3 ] DEBUG Engine               - devShowBBoxProperty: BooleanProperty [value: false]
20:27:07.287 [FXGL Background Thread 3 ] DEBUG Engine               - devShowPositionProperty: BooleanProperty [value: false]
20:27:07.287 [FXGL Background Thread 3 ] DEBUG Engine               - enabledMenuItems: []
20:27:07.287 [FXGL Background Thread 3 ] DEBUG Engine               - engineServices: [class com.almasb.fxgl.app.services.FXGLAssetLoaderService, class com.almasb.fxgl.app.FXGLApplication$GameApplicationService, class com.almasb.fxgl.app.services.FXGLDialogService, class com.almasb.fxgl.app.services.IOTaskExecutorService, class com.almasb.fxgl.event.EventBusService, class com.almasb.fxgl.io.FileSystemService, class com.almasb.fxgl.localization.LocalizationService, class com.almasb.fxgl.app.services.SystemBundleService, class com.almasb.fxgl.profile.SaveLoadService, class com.almasb.fxgl.ui.FXGLUIFactoryServiceProvider, class com.almasb.fxgl.ui.FXGLDialogFactoryServiceProvider, class com.almasb.fxgl.audio.AudioPlayer, class com.almasb.fxgl.notification.impl.NotificationServiceProvider, class com.almasb.fxgl.achievement.AchievementService, class com.almasb.fxgl.cutscene.CutsceneService, class com.almasb.fxgl.minigames.MiniGameService, class com.almasb.fxgl.net.NetService, class com.almasb.fxgl.app.services.UpdaterService, class com.almasb.fxgl.dev.DevService]
20:27:07.288 [FXGL Background Thread 3 ] DEBUG Engine               - fontGame: Abel-Regular.ttf
20:27:07.288 [FXGL Background Thread 3 ] DEBUG Engine               - fontMono: lucida_console.ttf
20:27:07.288 [FXGL Background Thread 3 ] DEBUG Engine               - fontText: Courier-Prime.ttf
20:27:07.288 [FXGL Background Thread 3 ] DEBUG Engine               - fontUI: VarelaRound-Regular.ttf
20:27:07.289 [FXGL Background Thread 3 ] DEBUG Engine               - fullScreen: BooleanProperty [value: false]
20:27:07.289 [FXGL Background Thread 3 ] DEBUG Engine               - gameDifficulty: MEDIUM
20:27:07.289 [FXGL Background Thread 3 ] DEBUG Engine               - gameDifficultyProperty: ObjectProperty [value: MEDIUM]
20:27:07.289 [FXGL Background Thread 3 ] DEBUG Engine               - globalMusicVolume: 0.5
20:27:07.290 [FXGL Background Thread 3 ] DEBUG Engine               - globalMusicVolumeProperty: DoubleProperty [value: 0.5]
20:27:07.290 [FXGL Background Thread 3 ] DEBUG Engine               - globalSoundVolume: 0.5
20:27:07.290 [FXGL Background Thread 3 ] DEBUG Engine               - globalSoundVolumeProperty: DoubleProperty [value: 0.5]
20:27:07.290 [FXGL Background Thread 3 ] DEBUG Engine               - height: 800
20:27:07.290 [FXGL Background Thread 3 ] DEBUG Engine               - isAndroid: false
20:27:07.290 [FXGL Background Thread 3 ] DEBUG Engine               - isBrowser: false
20:27:07.291 [FXGL Background Thread 3 ] DEBUG Engine               - isClickFeedbackEnabled: false
20:27:07.291 [FXGL Background Thread 3 ] DEBUG Engine               - isCloseConfirmation: false
20:27:07.291 [FXGL Background Thread 3 ] DEBUG Engine               - isDesktop: true
20:27:07.291 [FXGL Background Thread 3 ] DEBUG Engine               - isDeveloperMenuEnabled: false
20:27:07.291 [FXGL Background Thread 3 ] DEBUG Engine               - isEntityPreloadEnabled: true
20:27:07.291 [FXGL Background Thread 3 ] DEBUG Engine               - isExperimental3D: false
20:27:07.291 [FXGL Background Thread 3 ] DEBUG Engine               - isExperimentalNative: false
20:27:07.292 [FXGL Background Thread 3 ] DEBUG Engine               - isExperimentalTiledLargeMap: false
20:27:07.292 [FXGL Background Thread 3 ] DEBUG Engine               - isFileSystemWriteAllowed: true
20:27:07.292 [FXGL Background Thread 3 ] DEBUG Engine               - isFullScreenAllowed: false
20:27:07.292 [FXGL Background Thread 3 ] DEBUG Engine               - isFullScreenFromStart: false
20:27:07.292 [FXGL Background Thread 3 ] DEBUG Engine               - isGameMenuEnabled: true
20:27:07.293 [FXGL Background Thread 3 ] DEBUG Engine               - isIOS: false
20:27:07.293 [FXGL Background Thread 3 ] DEBUG Engine               - isIntroEnabled: false
20:27:07.293 [FXGL Background Thread 3 ] DEBUG Engine               - isLinux: false
20:27:07.293 [FXGL Background Thread 3 ] DEBUG Engine               - isMac: true
20:27:07.293 [FXGL Background Thread 3 ] DEBUG Engine               - isMainMenuEnabled: false
20:27:07.293 [FXGL Background Thread 3 ] DEBUG Engine               - isManualResizeEnabled: false
20:27:07.294 [FXGL Background Thread 3 ] DEBUG Engine               - isMobile: false
20:27:07.294 [FXGL Background Thread 3 ] DEBUG Engine               - isPreserveResizeRatio: false
20:27:07.294 [FXGL Background Thread 3 ] DEBUG Engine               - isProfilingEnabled: false
20:27:07.294 [FXGL Background Thread 3 ] DEBUG Engine               - isScaleAffectedOnResize: true
20:27:07.295 [FXGL Background Thread 3 ] DEBUG Engine               - isSingleStep: false
20:27:07.295 [FXGL Background Thread 3 ] DEBUG Engine               - isUserProfileEnabled: false
20:27:07.295 [FXGL Background Thread 3 ] DEBUG Engine               - isWindows: false
20:27:07.295 [FXGL Background Thread 3 ] DEBUG Engine               - language: ObjectProperty [value: ENGLISH]
20:27:07.295 [FXGL Background Thread 3 ] DEBUG Engine               - menuKey: ESCAPE
20:27:07.296 [FXGL Background Thread 3 ] DEBUG Engine               - notificationViewClass: class com.almasb.fxgl.notification.view.XboxNotificationView
20:27:07.296 [FXGL Background Thread 3 ] DEBUG Engine               - pixelsPerMeter: 50.0
20:27:07.296 [FXGL Background Thread 3 ] DEBUG Engine               - platform: MAC
20:27:07.296 [FXGL Background Thread 3 ] DEBUG Engine               - prefHeightProperty: ReadOnlyDoubleProperty [value: 800.0]
20:27:07.296 [FXGL Background Thread 3 ] DEBUG Engine               - prefWidthProperty: ReadOnlyDoubleProperty [value: 1200.0]
20:27:07.297 [FXGL Background Thread 3 ] DEBUG Engine               - profileDir: profiles/
20:27:07.297 [FXGL Background Thread 3 ] DEBUG Engine               - profileName: StringProperty [value: DEFAULT]
20:27:07.297 [FXGL Background Thread 3 ] DEBUG Engine               - randomSeed: -1
20:27:07.297 [FXGL Background Thread 3 ] DEBUG Engine               - runtimeInfo: RuntimeInfo(platform=MAC, version=11.14, build=01.03.2021 16.59)
20:27:07.297 [FXGL Background Thread 3 ] DEBUG Engine               - saveFileExt: sav
20:27:07.297 [FXGL Background Thread 3 ] DEBUG Engine               - scaledHeightProp$fxgl: DoubleProperty [bound, value: 800.0]
20:27:07.297 [FXGL Background Thread 3 ] DEBUG Engine               - scaledWidthProp$fxgl: DoubleProperty [bound, value: 1200.0]
20:27:07.298 [FXGL Background Thread 3 ] DEBUG Engine               - sceneFactory: Game$1@6c1380fe
20:27:07.298 [FXGL Background Thread 3 ] DEBUG Engine               - secondsIn24h: 60
20:27:07.298 [FXGL Background Thread 3 ] DEBUG Engine               - soundMenuBack: menu/back.wav
20:27:07.298 [FXGL Background Thread 3 ] DEBUG Engine               - soundMenuPress: menu/press.wav
20:27:07.298 [FXGL Background Thread 3 ] DEBUG Engine               - soundMenuSelect: menu/select.wav
20:27:07.299 [FXGL Background Thread 3 ] DEBUG Engine               - soundNotification: core/notification.wav
20:27:07.299 [FXGL Background Thread 3 ] DEBUG Engine               - stageStyle: DECORATED
20:27:07.299 [FXGL Background Thread 3 ] DEBUG Engine               - supportedLanguages: [ENGLISH, FRENCH, GERMAN, HUNGARIAN, RUSSIAN]
20:27:07.299 [FXGL Background Thread 3 ] DEBUG Engine               - ticksPerSecond: -1
20:27:07.299 [FXGL Background Thread 3 ] DEBUG Engine               - title: Nerds VS Virus
20:27:07.300 [FXGL Background Thread 3 ] DEBUG Engine               - urlGithub: https://github.com/AlmasB/FXGL
20:27:07.300 [FXGL Background Thread 3 ] DEBUG Engine               - urlLeaderboard: http://fxgl-top.herokuapp.com/
20:27:07.300 [FXGL Background Thread 3 ] DEBUG Engine               - urlPOM: https://raw.githubusercontent.com/AlmasB/FXGL/release/README.md
20:27:07.300 [FXGL Background Thread 3 ] DEBUG Engine               - userAppClass: class Game
20:27:07.300 [FXGL Background Thread 3 ] DEBUG Engine               - version: 0.0
20:27:07.300 [FXGL Background Thread 3 ] DEBUG Engine               - versionCheckDays: 7
20:27:07.301 [FXGL Background Thread 3 ] DEBUG Engine               - width: 1200
20:27:07.301 [FXGL Background Thread 3 ] DEBUG Engine               - Logging services
20:27:07.301 [FXGL Background Thread 3 ] DEBUG Engine               - class com.almasb.fxgl.app.services.FXGLAssetLoaderService
20:27:07.301 [FXGL Background Thread 3 ] DEBUG Engine               - class com.almasb.fxgl.app.FXGLApplication$GameApplicationService
20:27:07.302 [FXGL Background Thread 3 ] DEBUG Engine               - class com.almasb.fxgl.app.services.FXGLDialogService
20:27:07.302 [FXGL Background Thread 3 ] DEBUG Engine               - class com.almasb.fxgl.app.services.IOTaskExecutorService
20:27:07.302 [FXGL Background Thread 3 ] DEBUG Engine               - class com.almasb.fxgl.event.EventBusService
20:27:07.302 [FXGL Background Thread 3 ] DEBUG Engine               - class com.almasb.fxgl.io.FileSystemService
20:27:07.302 [FXGL Background Thread 3 ] DEBUG Engine               - class com.almasb.fxgl.localization.LocalizationService
20:27:07.303 [FXGL Background Thread 3 ] DEBUG Engine               - class com.almasb.fxgl.app.services.SystemBundleService
20:27:07.303 [FXGL Background Thread 3 ] DEBUG Engine               - class com.almasb.fxgl.profile.SaveLoadService
20:27:07.303 [FXGL Background Thread 3 ] DEBUG Engine               - class com.almasb.fxgl.ui.FXGLUIFactoryServiceProvider
20:27:07.303 [FXGL Background Thread 3 ] DEBUG Engine               - class com.almasb.fxgl.ui.FXGLDialogFactoryServiceProvider
20:27:07.303 [FXGL Background Thread 3 ] DEBUG Engine               - class com.almasb.fxgl.audio.AudioPlayer
20:27:07.303 [FXGL Background Thread 3 ] DEBUG Engine               - class com.almasb.fxgl.notification.impl.NotificationServiceProvider
20:27:07.304 [FXGL Background Thread 3 ] DEBUG Engine               - class com.almasb.fxgl.achievement.AchievementService
20:27:07.304 [FXGL Background Thread 3 ] DEBUG Engine               - class com.almasb.fxgl.cutscene.CutsceneService
20:27:07.304 [FXGL Background Thread 3 ] DEBUG Engine               - class com.almasb.fxgl.minigames.MiniGameService
20:27:07.304 [FXGL Background Thread 3 ] DEBUG Engine               - class com.almasb.fxgl.net.NetService
20:27:07.305 [FXGL Background Thread 3 ] DEBUG Engine               - class com.almasb.fxgl.app.services.UpdaterService
20:27:07.305 [FXGL Background Thread 3 ] DEBUG Engine               - class com.almasb.fxgl.dev.DevService
20:27:08.177 [JavaFX Application Thread] DEBUG PrimaryStageWindow   - Push state: MyPauseMenu
20:27:08.177 [JavaFX Application Thread] DEBUG Input                - Clearing active input actions
20:27:08.178 [JavaFX Application Thread] DEBUG GameApplicationServi - Removing overlay from GameScene and adding to MyPauseMenu
20:27:08.178 [JavaFX Application Thread] DEBUG PrimaryStageWindow   - GameScene -> MyPauseMenu
20:27:09.756 [JavaFX Application Thread] DEBUG FXGLApplication      - Exiting FXGL
20:27:09.757 [JavaFX Application Thread] DEBUG LoopRunner           - Stopping loop
20:27:09.757 [JavaFX Application Thread] DEBUG SystemBundleService  - Saving FXGL system data
20:27:09.760 [JavaFX Application Thread] DEBUG FileSystemAccess     - Writing to: /Users/chalitandunu/Desktop/the void/HS/Jaar 1/Periode 3/IPOSE/nerdsvsthevirus/system/fxgl.bundle
20:27:09.764 [JavaFX Application Thread] DEBUG Async                - Shutting down background threads
20:27:09.765 [JavaFX Application Thread] DEBUG PrimaryStageWindow   - Closing main window
20:27:09.775 [JavaFX Application Thread] DEBUG Logger               - Closing Logger
