20:28:00.475 [main                     ] DEBUG Logger               - Configured Logger
20:28:00.495 [main                     ] DEBUG GameApplication      - Logging settings
Title: Nerds VS Virus
Version: 0.0
Width: 1200
Height: 800
Fullscreen: false
Intro: false
Profiling: false
Single step:false
App Mode: DEVELOPER
Menu Key: ESCAPE
Stage Style: DECORATED
Scene Factory: class com.almasb.fxgl.app.scene.SceneFactory

20:28:00.968 [JavaFX Application Thread] DEBUG FXGLApplication      - Initializing FXGL
20:28:00.971 [JavaFX Application Thread] INFO  Engine               - FXGL-11.14 (01.03.2021 16.59) on MAC (J:15.0.1 FX:15)
20:28:00.972 [JavaFX Application Thread] DEBUG Engine               - JRE Vendor Name: Oracle Corporation
20:28:00.972 [JavaFX Application Thread] DEBUG Engine               - Running on OS: Mac OS X version 10.16
20:28:00.972 [JavaFX Application Thread] DEBUG Engine               - Architecture: x86_64
20:28:00.973 [JavaFX Application Thread] INFO  Engine               - Source code and latest versions at: https://github.com/AlmasB/FXGL
20:28:00.973 [JavaFX Application Thread] INFO  Engine               -              Join the FXGL chat at: https://gitter.im/AlmasB/FXGL
20:28:01.139 [JavaFX Application Thread] DEBUG PrimaryStageWindow   - Creating a JavaFX scene
20:28:01.313 [JavaFX Application Thread] DEBUG PrimaryStageWindow   - Target settings size: 1200.0 x 800.0
20:28:01.313 [JavaFX Application Thread] DEBUG PrimaryStageWindow   - Scaled scene size:    1200.0 x 800.0
20:28:01.314 [JavaFX Application Thread] DEBUG PrimaryStageWindow   - Scaled ratio: (1.0, 1.0)
20:28:01.315 [JavaFX Application Thread] DEBUG PrimaryStageWindow   - Set initial scene to FXGLStartupScene
20:28:01.326 [JavaFX Application Thread] DEBUG PrimaryStageWindow   - Opening main window
20:28:01.424 [JavaFX Application Thread] DEBUG PrimaryStageWindow   - Window border size: (0.0, 28.0)
20:28:01.424 [JavaFX Application Thread] DEBUG PrimaryStageWindow   - Scaled size: 1200.0 x 800.0
20:28:01.424 [JavaFX Application Thread] DEBUG PrimaryStageWindow   - Scaled ratio: (1.0, 1.0)
20:28:01.424 [JavaFX Application Thread] DEBUG PrimaryStageWindow   - Scene size: 1200.0 x 800.0
20:28:01.425 [JavaFX Application Thread] DEBUG PrimaryStageWindow   - Stage size: 1200.0 x 828.0
20:28:01.433 [FXGL Background Thread 1 ] DEBUG Engine               - Initializing environment variables
20:28:01.480 [FXGL Background Thread 1 ] DEBUG FXGLAssetLoaderServi - User app class for loading assets: class Game
20:28:01.481 [FXGL Background Thread 1 ] DEBUG GameApplicationServi - Applying CSS: fxgl_dark.css
20:28:01.482 [FXGL Background Thread 1 ] DEBUG FXGLAssetLoaderServi - Loading from file system: jar:file:/Users/chalitandunu/.m2/repository/com/github/almasb/fxgl/11.14/fxgl-11.14.jar!/fxglassets/ui/css/fxgl_dark.css
20:28:01.563 [FXGL Background Thread 1 ] DEBUG GameApplicationServi - Initializing application scenes
20:28:02.347 [FXGL Background Thread 1 ] DEBUG GameWorld            - Game world initialized
20:28:02.409 [FXGL Background Thread 1 ] DEBUG PhysicsWorld         - Physics world initialized: appHeight=800, physics.ppm=50.0
20:28:02.409 [FXGL Background Thread 1 ] DEBUG PhysicsWorld         - Using strategy: BRUTE_FORCE
20:28:02.412 [FXGL Background Thread 1 ] DEBUG GameScene            - Game scene initialized: 1200x800
20:28:02.465 [FXGL Background Thread 1 ] DEBUG FXGLAssetLoaderServi - Loading from file system: jar:file:/Users/chalitandunu/.m2/repository/com/github/almasb/fxgl/11.14/fxgl-11.14.jar!/fxglassets/textures/particles/trace_horizontal.png
20:28:02.542 [FXGL Background Thread 1 ] DEBUG FXGL.DefaultMenu     - createMenuBodyGameMenu()
20:28:02.564 [FXGL Background Thread 1 ] DEBUG FXGL.DefaultMenu     - createOptionsMenu()
20:28:02.569 [FXGL Background Thread 1 ] DEBUG FXGLAssetLoaderServi - Loading from file system: jar:file:/Users/chalitandunu/.m2/repository/com/github/almasb/fxgl/11.14/fxgl-11.14.jar!/fxglassets/textures/particles/smoke.png
20:28:02.631 [FXGL Background Thread 1 ] DEBUG GameApplicationServi - Application scenes initialized
20:28:02.643 [FXGL Background Thread 1 ] DEBUG SystemBundleService  - Loading FXGL system data
20:28:02.647 [FXGL Background Thread 1 ] DEBUG FileSystemAccess     - Reading from: /Users/chalitandunu/Desktop/the void/HS/Jaar 1/Periode 3/IPOSE/nerdsvsthevirus/system/fxgl.bundle
20:28:02.655 [FXGL Background Thread 1 ] DEBUG SystemBundleService  - Bundle FXGL: {}
20:28:02.655 [FXGL Background Thread 1 ] DEBUG UpdaterService       - Checking for updates
20:28:02.659 [FXGL Background Thread 4 ] DEBUG FXGLApplication      - Loading fonts
20:28:02.660 [FXGL Background Thread 4 ] DEBUG FXGLAssetLoaderServi - Loading from file system: jar:file:/Users/chalitandunu/.m2/repository/com/github/almasb/fxgl/11.14/fxgl-11.14.jar!/fxglassets/ui/fonts/VarelaRound-Regular.ttf
20:28:02.660 [FXGL Background Thread 1 ] DEBUG FXGLApplication      - Loading default localization
20:28:02.661 [FXGL Background Thread 1 ] DEBUG FXGLAssetLoaderServi - Loading from file system: jar:file:/Users/chalitandunu/.m2/repository/com/github/almasb/fxgl/11.14/fxgl-11.14.jar!/fxglassets/languages/english.lang
20:28:02.679 [FXGL Background Thread 4 ] DEBUG FXGLAssetLoaderServi - Loading from file system: jar:file:/Users/chalitandunu/.m2/repository/com/github/almasb/fxgl/11.14/fxgl-11.14.jar!/fxglassets/ui/fonts/Abel-Regular.ttf
20:28:02.683 [FXGL Background Thread 1 ] INFO  FXGLApplication      - FXGL initialization took: 1.250 sec
20:28:02.684 [FXGL Background Thread 4 ] DEBUG FXGLAssetLoaderServi - Loading from file system: jar:file:/Users/chalitandunu/.m2/repository/com/github/almasb/fxgl/11.14/fxgl-11.14.jar!/fxglassets/ui/fonts/lucida_console.ttf
20:28:02.692 [FXGL Background Thread 4 ] DEBUG FXGLAssetLoaderServi - Loading from file system: jar:file:/Users/chalitandunu/.m2/repository/com/github/almasb/fxgl/11.14/fxgl-11.14.jar!/fxglassets/ui/fonts/Courier-Prime.ttf
20:28:02.702 [JavaFX Application Thread] DEBUG Input                - Registered new binding: action0 - D
20:28:02.703 [JavaFX Application Thread] DEBUG Input                - Registered new binding: action1 - A
20:28:02.704 [JavaFX Application Thread] DEBUG FXGLAssetLoaderServi - Loading from file system: jar:file:/Users/chalitandunu/.m2/repository/com/github/almasb/fxgl/11.14/fxgl-11.14.jar!/fxglassets/textures/fxgl_icon.png
20:28:02.753 [JavaFX Application Thread] DEBUG FXGLAssetLoaderServi - Loading from file system: jar:file:/Users/chalitandunu/.m2/repository/com/github/almasb/fxgl/11.14/fxgl-11.14.jar!/fxglassets/ui/cursors/fxgl_default.png
20:28:02.755 [JavaFX Application Thread] DEBUG Input                - Registered new binding: Screenshot - P
20:28:02.756 [JavaFX Application Thread] DEBUG Input                - Registered new binding: System info dump - CTRL+9
20:28:02.757 [JavaFX Application Thread] DEBUG Input                - Registered new binding: Restart - CTRL+R
20:28:02.757 [JavaFX Application Thread] DEBUG Input                - Registered new binding: Toggle Debug Camera - CTRL+C
20:28:02.760 [JavaFX Application Thread] DEBUG LoopRunner           - Starting loop
20:28:02.760 [JavaFX Application Thread] DEBUG LoopRunner           - Initializing JavaFX AnimationTimerLoop
20:28:02.768 [JavaFX Application Thread] DEBUG GameApplicationServi - Starting new game
20:28:02.769 [JavaFX Application Thread] DEBUG Input                - Clearing active input actions
20:28:02.783 [JavaFX Application Thread] DEBUG GameApplicationServi - Removing overlay from FXGLStartupScene and adding to FXGLLoadingScene
20:28:02.784 [JavaFX Application Thread] DEBUG PrimaryStageWindow   - FXGLStartupScene -> FXGLLoadingScene
20:28:02.784 [JavaFX Application Thread] DEBUG GameApplicationServi - Clearing previous game
20:28:02.785 [JavaFX Application Thread] DEBUG GameScene            - Clearing game scene
20:28:02.785 [JavaFX Application Thread] DEBUG GameWorld            - Clearing game world
20:28:02.785 [JavaFX Application Thread] DEBUG PhysicsWorld         - Clearing physics world
20:28:02.787 [FXGL Background Thread 4 ] DEBUG FXGLApplication      - Initializing game
20:28:02.790 [FXGL Background Thread 4 ] DEBUG FXGLAssetLoaderServi - Loading from file system: file:/Users/chalitandunu/Desktop/the%20void/HS/Jaar%201/Periode%203/IPOSE/nerdsvsthevirus/target/classes/assets/textures//Game/sprite.png
20:28:02.830 [JavaFX Application Thread] DEBUG FXGLApplication      - Registering font factories with UI factory
20:28:02.891 [FXGL Background Thread 4 ] INFO  FXGLApplication      - Game initialization took: 0.100 sec
20:28:02.912 [JavaFX Application Thread] DEBUG Input                - Clearing active input actions
20:28:02.924 [JavaFX Application Thread] DEBUG GameApplicationServi - Removing overlay from FXGLLoadingScene and adding to GameScene
20:28:02.925 [JavaFX Application Thread] DEBUG PrimaryStageWindow   - FXGLLoadingScene -> GameScene
20:28:04.481 [JavaFX Application Thread] DEBUG PrimaryStageWindow   - Push state: FXGLDefaultMenu
20:28:04.486 [JavaFX Application Thread] DEBUG Input                - Clearing active input actions
20:28:04.501 [JavaFX Application Thread] DEBUG GameApplicationServi - Removing overlay from GameScene and adding to FXGLDefaultMenu
20:28:04.502 [JavaFX Application Thread] DEBUG PrimaryStageWindow   - GameScene -> FXGLDefaultMenu
20:28:05.662 [FXGL Background Thread 3 ] DEBUG Engine               - Logging environment variables
20:28:05.663 [FXGL Background Thread 3 ] DEBUG Engine               - achievements: []
20:28:05.663 [FXGL Background Thread 3 ] DEBUG Engine               - actualHeight: 800.0
20:28:05.664 [FXGL Background Thread 3 ] DEBUG Engine               - actualHeightProperty: ReadOnlyDoubleProperty [value: 800.0]
20:28:05.664 [FXGL Background Thread 3 ] DEBUG Engine               - actualWidth: 1200.0
20:28:05.665 [FXGL Background Thread 3 ] DEBUG Engine               - actualWidthProperty: ReadOnlyDoubleProperty [value: 1200.0]
20:28:05.665 [FXGL Background Thread 3 ] DEBUG Engine               - appIcon: fxgl_icon.png
20:28:05.665 [FXGL Background Thread 3 ] DEBUG Engine               - applicationMode: DEVELOPER
20:28:05.665 [FXGL Background Thread 3 ] DEBUG Engine               - cSSList: [fxgl_dark.css]
20:28:05.666 [FXGL Background Thread 3 ] DEBUG Engine               - collisionDetectionStrategy: BRUTE_FORCE
20:28:05.666 [FXGL Background Thread 3 ] DEBUG Engine               - configClass: Optional.empty
20:28:05.666 [FXGL Background Thread 3 ] DEBUG Engine               - credits: []
20:28:05.667 [FXGL Background Thread 3 ] DEBUG Engine               - devBBoxColorProperty: ObjectProperty [value: 0xff0000ff]
20:28:05.667 [FXGL Background Thread 3 ] DEBUG Engine               - devEnableDebugCameraProperty: BooleanProperty [value: false]
20:28:05.667 [FXGL Background Thread 3 ] DEBUG Engine               - devSensorColorProperty: ObjectProperty [value: 0xffff00ff]
20:28:05.667 [FXGL Background Thread 3 ] DEBUG Engine               - devShowBBoxProperty: BooleanProperty [value: false]
20:28:05.668 [FXGL Background Thread 3 ] DEBUG Engine               - devShowPositionProperty: BooleanProperty [value: false]
20:28:05.668 [FXGL Background Thread 3 ] DEBUG Engine               - enabledMenuItems: []
20:28:05.668 [FXGL Background Thread 3 ] DEBUG Engine               - engineServices: [class com.almasb.fxgl.app.services.FXGLAssetLoaderService, class com.almasb.fxgl.app.FXGLApplication$GameApplicationService, class com.almasb.fxgl.app.services.FXGLDialogService, class com.almasb.fxgl.app.services.IOTaskExecutorService, class com.almasb.fxgl.event.EventBusService, class com.almasb.fxgl.io.FileSystemService, class com.almasb.fxgl.localization.LocalizationService, class com.almasb.fxgl.app.services.SystemBundleService, class com.almasb.fxgl.profile.SaveLoadService, class com.almasb.fxgl.ui.FXGLUIFactoryServiceProvider, class com.almasb.fxgl.ui.FXGLDialogFactoryServiceProvider, class com.almasb.fxgl.audio.AudioPlayer, class com.almasb.fxgl.notification.impl.NotificationServiceProvider, class com.almasb.fxgl.achievement.AchievementService, class com.almasb.fxgl.cutscene.CutsceneService, class com.almasb.fxgl.minigames.MiniGameService, class com.almasb.fxgl.net.NetService, class com.almasb.fxgl.app.services.UpdaterService, class com.almasb.fxgl.dev.DevService]
20:28:05.669 [FXGL Background Thread 3 ] DEBUG Engine               - fontGame: Abel-Regular.ttf
20:28:05.669 [FXGL Background Thread 3 ] DEBUG Engine               - fontMono: lucida_console.ttf
20:28:05.669 [FXGL Background Thread 3 ] DEBUG Engine               - fontText: Courier-Prime.ttf
20:28:05.670 [FXGL Background Thread 3 ] DEBUG Engine               - fontUI: VarelaRound-Regular.ttf
20:28:05.670 [FXGL Background Thread 3 ] DEBUG Engine               - fullScreen: BooleanProperty [value: false]
20:28:05.670 [FXGL Background Thread 3 ] DEBUG Engine               - gameDifficulty: MEDIUM
20:28:05.670 [FXGL Background Thread 3 ] DEBUG Engine               - gameDifficultyProperty: ObjectProperty [value: MEDIUM]
20:28:05.670 [FXGL Background Thread 3 ] DEBUG Engine               - globalMusicVolume: 0.5
20:28:05.671 [FXGL Background Thread 3 ] DEBUG Engine               - globalMusicVolumeProperty: DoubleProperty [value: 0.5]
20:28:05.671 [FXGL Background Thread 3 ] DEBUG Engine               - globalSoundVolume: 0.5
20:28:05.672 [FXGL Background Thread 3 ] DEBUG Engine               - globalSoundVolumeProperty: DoubleProperty [value: 0.5]
20:28:05.672 [FXGL Background Thread 3 ] DEBUG Engine               - height: 800
20:28:05.672 [FXGL Background Thread 3 ] DEBUG Engine               - isAndroid: false
20:28:05.673 [FXGL Background Thread 3 ] DEBUG Engine               - isBrowser: false
20:28:05.673 [FXGL Background Thread 3 ] DEBUG Engine               - isClickFeedbackEnabled: false
20:28:05.673 [FXGL Background Thread 3 ] DEBUG Engine               - isCloseConfirmation: false
20:28:05.674 [FXGL Background Thread 3 ] DEBUG Engine               - isDesktop: true
20:28:05.674 [FXGL Background Thread 3 ] DEBUG Engine               - isDeveloperMenuEnabled: false
20:28:05.674 [FXGL Background Thread 3 ] DEBUG Engine               - isEntityPreloadEnabled: true
20:28:05.674 [FXGL Background Thread 3 ] DEBUG Engine               - isExperimental3D: false
20:28:05.675 [FXGL Background Thread 3 ] DEBUG Engine               - isExperimentalNative: false
20:28:05.675 [FXGL Background Thread 3 ] DEBUG Engine               - isExperimentalTiledLargeMap: false
20:28:05.675 [FXGL Background Thread 3 ] DEBUG Engine               - isFileSystemWriteAllowed: true
20:28:05.675 [FXGL Background Thread 3 ] DEBUG Engine               - isFullScreenAllowed: false
20:28:05.675 [FXGL Background Thread 3 ] DEBUG Engine               - isFullScreenFromStart: false
20:28:05.676 [FXGL Background Thread 3 ] DEBUG Engine               - isGameMenuEnabled: true
20:28:05.676 [FXGL Background Thread 3 ] DEBUG Engine               - isIOS: false
20:28:05.676 [FXGL Background Thread 3 ] DEBUG Engine               - isIntroEnabled: false
20:28:05.676 [FXGL Background Thread 3 ] DEBUG Engine               - isLinux: false
20:28:05.676 [FXGL Background Thread 3 ] DEBUG Engine               - isMac: true
20:28:05.676 [FXGL Background Thread 3 ] DEBUG Engine               - isMainMenuEnabled: false
20:28:05.677 [FXGL Background Thread 3 ] DEBUG Engine               - isManualResizeEnabled: false
20:28:05.677 [FXGL Background Thread 3 ] DEBUG Engine               - isMobile: false
20:28:05.677 [FXGL Background Thread 3 ] DEBUG Engine               - isPreserveResizeRatio: false
20:28:05.677 [FXGL Background Thread 3 ] DEBUG Engine               - isProfilingEnabled: false
20:28:05.677 [FXGL Background Thread 3 ] DEBUG Engine               - isScaleAffectedOnResize: true
20:28:05.678 [FXGL Background Thread 3 ] DEBUG Engine               - isSingleStep: false
20:28:05.678 [FXGL Background Thread 3 ] DEBUG Engine               - isUserProfileEnabled: false
20:28:05.678 [FXGL Background Thread 3 ] DEBUG Engine               - isWindows: false
20:28:05.678 [FXGL Background Thread 3 ] DEBUG Engine               - language: ObjectProperty [value: ENGLISH]
20:28:05.678 [FXGL Background Thread 3 ] DEBUG Engine               - menuKey: ESCAPE
20:28:05.679 [FXGL Background Thread 3 ] DEBUG Engine               - notificationViewClass: class com.almasb.fxgl.notification.view.XboxNotificationView
20:28:05.679 [FXGL Background Thread 3 ] DEBUG Engine               - pixelsPerMeter: 50.0
20:28:05.679 [FXGL Background Thread 3 ] DEBUG Engine               - platform: MAC
20:28:05.679 [FXGL Background Thread 3 ] DEBUG Engine               - prefHeightProperty: ReadOnlyDoubleProperty [value: 800.0]
20:28:05.679 [FXGL Background Thread 3 ] DEBUG Engine               - prefWidthProperty: ReadOnlyDoubleProperty [value: 1200.0]
20:28:05.680 [FXGL Background Thread 3 ] DEBUG Engine               - profileDir: profiles/
20:28:05.680 [FXGL Background Thread 3 ] DEBUG Engine               - profileName: StringProperty [value: DEFAULT]
20:28:05.680 [FXGL Background Thread 3 ] DEBUG Engine               - randomSeed: -1
20:28:05.681 [FXGL Background Thread 3 ] DEBUG Engine               - runtimeInfo: RuntimeInfo(platform=MAC, version=11.14, build=01.03.2021 16.59)
20:28:05.681 [FXGL Background Thread 3 ] DEBUG Engine               - saveFileExt: sav
20:28:05.681 [FXGL Background Thread 3 ] DEBUG Engine               - scaledHeightProp$fxgl: DoubleProperty [bound, value: 800.0]
20:28:05.681 [FXGL Background Thread 3 ] DEBUG Engine               - scaledWidthProp$fxgl: DoubleProperty [bound, value: 1200.0]
20:28:05.681 [FXGL Background Thread 3 ] DEBUG Engine               - sceneFactory: com.almasb.fxgl.app.scene.SceneFactory@19d2e9e1
20:28:05.682 [FXGL Background Thread 3 ] DEBUG Engine               - secondsIn24h: 60
20:28:05.682 [FXGL Background Thread 3 ] DEBUG Engine               - soundMenuBack: menu/back.wav
20:28:05.682 [FXGL Background Thread 3 ] DEBUG Engine               - soundMenuPress: menu/press.wav
20:28:05.682 [FXGL Background Thread 3 ] DEBUG Engine               - soundMenuSelect: menu/select.wav
20:28:05.682 [FXGL Background Thread 3 ] DEBUG Engine               - soundNotification: core/notification.wav
20:28:05.682 [FXGL Background Thread 3 ] DEBUG Engine               - stageStyle: DECORATED
20:28:05.683 [FXGL Background Thread 3 ] DEBUG Engine               - supportedLanguages: [ENGLISH, FRENCH, GERMAN, HUNGARIAN, RUSSIAN]
20:28:05.683 [FXGL Background Thread 3 ] DEBUG Engine               - ticksPerSecond: -1
20:28:05.683 [FXGL Background Thread 3 ] DEBUG Engine               - title: Nerds VS Virus
20:28:05.684 [FXGL Background Thread 3 ] DEBUG Engine               - urlGithub: https://github.com/AlmasB/FXGL
20:28:05.684 [FXGL Background Thread 3 ] DEBUG Engine               - urlLeaderboard: http://fxgl-top.herokuapp.com/
20:28:05.685 [FXGL Background Thread 3 ] DEBUG Engine               - urlPOM: https://raw.githubusercontent.com/AlmasB/FXGL/release/README.md
20:28:05.685 [FXGL Background Thread 3 ] DEBUG Engine               - userAppClass: class Game
20:28:05.685 [FXGL Background Thread 3 ] DEBUG Engine               - version: 0.0
20:28:05.685 [FXGL Background Thread 3 ] DEBUG Engine               - versionCheckDays: 7
20:28:05.686 [FXGL Background Thread 3 ] DEBUG Engine               - width: 1200
20:28:05.686 [FXGL Background Thread 3 ] DEBUG Engine               - Logging services
20:28:05.686 [FXGL Background Thread 3 ] DEBUG Engine               - class com.almasb.fxgl.app.services.FXGLAssetLoaderService
20:28:05.686 [FXGL Background Thread 3 ] DEBUG Engine               - class com.almasb.fxgl.app.FXGLApplication$GameApplicationService
20:28:05.686 [FXGL Background Thread 3 ] DEBUG Engine               - class com.almasb.fxgl.app.services.FXGLDialogService
20:28:05.687 [FXGL Background Thread 3 ] DEBUG Engine               - class com.almasb.fxgl.app.services.IOTaskExecutorService
20:28:05.687 [FXGL Background Thread 3 ] DEBUG Engine               - class com.almasb.fxgl.event.EventBusService
20:28:05.687 [FXGL Background Thread 3 ] DEBUG Engine               - class com.almasb.fxgl.io.FileSystemService
20:28:05.687 [FXGL Background Thread 3 ] DEBUG Engine               - class com.almasb.fxgl.localization.LocalizationService
20:28:05.688 [FXGL Background Thread 3 ] DEBUG Engine               - class com.almasb.fxgl.app.services.SystemBundleService
20:28:05.689 [FXGL Background Thread 3 ] DEBUG Engine               - class com.almasb.fxgl.profile.SaveLoadService
20:28:05.689 [FXGL Background Thread 3 ] DEBUG Engine               - class com.almasb.fxgl.ui.FXGLUIFactoryServiceProvider
20:28:05.689 [FXGL Background Thread 3 ] DEBUG Engine               - class com.almasb.fxgl.ui.FXGLDialogFactoryServiceProvider
20:28:05.689 [FXGL Background Thread 3 ] DEBUG Engine               - class com.almasb.fxgl.audio.AudioPlayer
20:28:05.689 [FXGL Background Thread 3 ] DEBUG Engine               - class com.almasb.fxgl.notification.impl.NotificationServiceProvider
20:28:05.690 [FXGL Background Thread 3 ] DEBUG Engine               - class com.almasb.fxgl.achievement.AchievementService
20:28:05.690 [FXGL Background Thread 3 ] DEBUG Engine               - class com.almasb.fxgl.cutscene.CutsceneService
20:28:05.690 [FXGL Background Thread 3 ] DEBUG Engine               - class com.almasb.fxgl.minigames.MiniGameService
20:28:05.690 [FXGL Background Thread 3 ] DEBUG Engine               - class com.almasb.fxgl.net.NetService
20:28:05.690 [FXGL Background Thread 3 ] DEBUG Engine               - class com.almasb.fxgl.app.services.UpdaterService
20:28:05.690 [FXGL Background Thread 3 ] DEBUG Engine               - class com.almasb.fxgl.dev.DevService
20:28:08.909 [JavaFX Application Thread] DEBUG PrimaryStageWindow   - Pop state: FXGLDefaultMenu
20:28:08.910 [JavaFX Application Thread] DEBUG Input                - Clearing active input actions
20:28:08.911 [JavaFX Application Thread] DEBUG GameApplicationServi - Removing overlay from FXGLDefaultMenu and adding to GameScene
20:28:08.912 [JavaFX Application Thread] DEBUG PrimaryStageWindow   - GameScene <- FXGLDefaultMenu
20:28:09.444 [JavaFX Application Thread] DEBUG PrimaryStageWindow   - Push state: FXGLDefaultMenu
20:28:09.445 [JavaFX Application Thread] DEBUG Input                - Clearing active input actions
20:28:09.450 [JavaFX Application Thread] DEBUG GameApplicationServi - Removing overlay from GameScene and adding to FXGLDefaultMenu
20:28:09.450 [JavaFX Application Thread] DEBUG PrimaryStageWindow   - GameScene -> FXGLDefaultMenu
20:28:10.070 [JavaFX Application Thread] DEBUG PrimaryStageWindow   - Pop state: FXGLDefaultMenu
20:28:10.070 [JavaFX Application Thread] DEBUG Input                - Clearing active input actions
20:28:10.071 [JavaFX Application Thread] DEBUG GameApplicationServi - Removing overlay from FXGLDefaultMenu and adding to GameScene
20:28:10.072 [JavaFX Application Thread] DEBUG PrimaryStageWindow   - GameScene <- FXGLDefaultMenu
20:28:15.088 [JavaFX Application Thread] DEBUG FXGLApplication      - Exiting FXGL
20:28:15.088 [JavaFX Application Thread] DEBUG LoopRunner           - Stopping loop
20:28:15.089 [JavaFX Application Thread] DEBUG SystemBundleService  - Saving FXGL system data
20:28:15.092 [JavaFX Application Thread] DEBUG FileSystemAccess     - Writing to: /Users/chalitandunu/Desktop/the void/HS/Jaar 1/Periode 3/IPOSE/nerdsvsthevirus/system/fxgl.bundle
20:28:15.093 [JavaFX Application Thread] DEBUG Async                - Shutting down background threads
20:28:15.094 [JavaFX Application Thread] DEBUG PrimaryStageWindow   - Closing main window
20:28:15.104 [JavaFX Application Thread] DEBUG Logger               - Closing Logger
