21:59:12.510 [main                     ] DEBUG Logger               - Configured Logger
21:59:12.538 [main                     ] DEBUG GameApplication      - Logging settings
Title: Nerds VS Virus
Version: 0.0
Width: 1200
Height: 800
Fullscreen: false
Intro: false
Profiling: false
Single step:false
App Mode: DEVELOPER
Menu Key: ESCAPE
Stage Style: DECORATED
Scene Factory: class Game$1

21:59:13.074 [JavaFX Application Thread] DEBUG FXGLApplication      - Initializing FXGL
21:59:13.078 [JavaFX Application Thread] INFO  Engine               - FXGL-11.14 (01.03.2021 16.59) on MAC (J:15.0.1 FX:15)
21:59:13.080 [JavaFX Application Thread] DEBUG Engine               - JRE Vendor Name: Oracle Corporation
21:59:13.081 [JavaFX Application Thread] DEBUG Engine               - Running on OS: Mac OS X version 10.16
21:59:13.081 [JavaFX Application Thread] DEBUG Engine               - Architecture: x86_64
21:59:13.081 [JavaFX Application Thread] INFO  Engine               - Source code and latest versions at: https://github.com/AlmasB/FXGL
21:59:13.082 [JavaFX Application Thread] INFO  Engine               -              Join the FXGL chat at: https://gitter.im/AlmasB/FXGL
21:59:13.323 [JavaFX Application Thread] DEBUG PrimaryStageWindow   - Creating a JavaFX scene
21:59:13.462 [JavaFX Application Thread] DEBUG PrimaryStageWindow   - Target settings size: 1200.0 x 800.0
21:59:13.462 [JavaFX Application Thread] DEBUG PrimaryStageWindow   - Scaled scene size:    1200.0 x 800.0
21:59:13.462 [JavaFX Application Thread] DEBUG PrimaryStageWindow   - Scaled ratio: (1.0, 1.0)
21:59:13.464 [JavaFX Application Thread] DEBUG PrimaryStageWindow   - Set initial scene to FXGLStartupScene
21:59:13.473 [JavaFX Application Thread] DEBUG PrimaryStageWindow   - Opening main window
21:59:13.580 [JavaFX Application Thread] DEBUG PrimaryStageWindow   - Window border size: (0.0, 28.0)
21:59:13.580 [JavaFX Application Thread] DEBUG PrimaryStageWindow   - Scaled size: 1200.0 x 800.0
21:59:13.581 [JavaFX Application Thread] DEBUG PrimaryStageWindow   - Scaled ratio: (1.0, 1.0)
21:59:13.581 [JavaFX Application Thread] DEBUG PrimaryStageWindow   - Scene size: 1200.0 x 800.0
21:59:13.582 [JavaFX Application Thread] DEBUG PrimaryStageWindow   - Stage size: 1200.0 x 828.0
21:59:13.590 [FXGL Background Thread 1 ] DEBUG Engine               - Initializing environment variables
21:59:13.639 [FXGL Background Thread 1 ] DEBUG FXGLAssetLoaderServi - User app class for loading assets: class Game
21:59:13.639 [FXGL Background Thread 1 ] DEBUG GameApplicationServi - Applying CSS: fxgl_dark.css
21:59:13.641 [FXGL Background Thread 1 ] DEBUG FXGLAssetLoaderServi - Loading from file system: jar:file:/Users/chalitandunu/.m2/repository/com/github/almasb/fxgl/11.14/fxgl-11.14.jar!/fxglassets/ui/css/fxgl_dark.css
21:59:13.707 [FXGL Background Thread 1 ] DEBUG GameApplicationServi - Initializing application scenes
21:59:14.595 [FXGL Background Thread 1 ] DEBUG GameWorld            - Game world initialized
21:59:14.658 [FXGL Background Thread 1 ] DEBUG PhysicsWorld         - Physics world initialized: appHeight=800, physics.ppm=50.0
21:59:14.659 [FXGL Background Thread 1 ] DEBUG PhysicsWorld         - Using strategy: BRUTE_FORCE
21:59:14.662 [FXGL Background Thread 1 ] DEBUG GameScene            - Game scene initialized: 1200x800
21:59:14.723 [FXGL Background Thread 1 ] DEBUG FXGLAssetLoaderServi - Loading from file system: jar:file:/Users/chalitandunu/.m2/repository/com/github/almasb/fxgl/11.14/fxgl-11.14.jar!/fxglassets/textures/particles/trace_horizontal.png
21:59:14.809 [FXGL Background Thread 1 ] DEBUG FXGL.DefaultMenu     - createMenuBodyGameMenu()
21:59:14.832 [FXGL Background Thread 1 ] DEBUG FXGL.DefaultMenu     - createOptionsMenu()
21:59:14.838 [FXGL Background Thread 1 ] DEBUG FXGLAssetLoaderServi - Loading from file system: jar:file:/Users/chalitandunu/.m2/repository/com/github/almasb/fxgl/11.14/fxgl-11.14.jar!/fxglassets/textures/particles/smoke.png
21:59:14.906 [FXGL Background Thread 1 ] DEBUG GameApplicationServi - Application scenes initialized
21:59:14.918 [FXGL Background Thread 1 ] DEBUG SystemBundleService  - Loading FXGL system data
21:59:14.922 [FXGL Background Thread 1 ] DEBUG FileSystemAccess     - Reading from: /Users/chalitandunu/Desktop/the void/HS/Jaar 1/Periode 3/IPOSE/nerdsvsthevirus/system/fxgl.bundle
21:59:14.929 [FXGL Background Thread 1 ] DEBUG SystemBundleService  - Bundle FXGL: {}
21:59:14.929 [FXGL Background Thread 1 ] DEBUG UpdaterService       - Checking for updates
21:59:14.933 [FXGL Background Thread 4 ] DEBUG FXGLApplication      - Loading fonts
21:59:14.934 [FXGL Background Thread 4 ] DEBUG FXGLAssetLoaderServi - Loading from file system: jar:file:/Users/chalitandunu/.m2/repository/com/github/almasb/fxgl/11.14/fxgl-11.14.jar!/fxglassets/ui/fonts/VarelaRound-Regular.ttf
21:59:14.934 [FXGL Background Thread 1 ] DEBUG FXGLApplication      - Loading default localization
21:59:14.936 [FXGL Background Thread 1 ] DEBUG FXGLAssetLoaderServi - Loading from file system: jar:file:/Users/chalitandunu/.m2/repository/com/github/almasb/fxgl/11.14/fxgl-11.14.jar!/fxglassets/languages/english.lang
21:59:14.957 [FXGL Background Thread 4 ] DEBUG FXGLAssetLoaderServi - Loading from file system: jar:file:/Users/chalitandunu/.m2/repository/com/github/almasb/fxgl/11.14/fxgl-11.14.jar!/fxglassets/ui/fonts/Abel-Regular.ttf
21:59:14.957 [FXGL Background Thread 1 ] INFO  FXGLApplication      - FXGL initialization took: 1.367 sec
21:59:14.962 [FXGL Background Thread 4 ] DEBUG FXGLAssetLoaderServi - Loading from file system: jar:file:/Users/chalitandunu/.m2/repository/com/github/almasb/fxgl/11.14/fxgl-11.14.jar!/fxglassets/ui/fonts/lucida_console.ttf
21:59:14.975 [JavaFX Application Thread] DEBUG Input                - Registered new binding: action0 - D
21:59:14.974 [FXGL Background Thread 4 ] DEBUG FXGLAssetLoaderServi - Loading from file system: jar:file:/Users/chalitandunu/.m2/repository/com/github/almasb/fxgl/11.14/fxgl-11.14.jar!/fxglassets/ui/fonts/Courier-Prime.ttf
21:59:14.975 [JavaFX Application Thread] DEBUG Input                - Registered new binding: action1 - A
21:59:14.976 [JavaFX Application Thread] DEBUG FXGLAssetLoaderServi - Loading from file system: jar:file:/Users/chalitandunu/.m2/repository/com/github/almasb/fxgl/11.14/fxgl-11.14.jar!/fxglassets/textures/fxgl_icon.png
21:59:15.023 [JavaFX Application Thread] DEBUG FXGLAssetLoaderServi - Loading from file system: jar:file:/Users/chalitandunu/.m2/repository/com/github/almasb/fxgl/11.14/fxgl-11.14.jar!/fxglassets/ui/cursors/fxgl_default.png
21:59:15.026 [JavaFX Application Thread] DEBUG Input                - Registered new binding: Screenshot - P
21:59:15.027 [JavaFX Application Thread] DEBUG Input                - Registered new binding: System info dump - CTRL+9
21:59:15.028 [JavaFX Application Thread] DEBUG Input                - Registered new binding: Restart - CTRL+R
21:59:15.029 [JavaFX Application Thread] DEBUG Input                - Registered new binding: Toggle Debug Camera - CTRL+C
21:59:15.032 [JavaFX Application Thread] DEBUG LoopRunner           - Starting loop
21:59:15.032 [JavaFX Application Thread] DEBUG LoopRunner           - Initializing JavaFX AnimationTimerLoop
21:59:15.037 [JavaFX Application Thread] DEBUG Input                - Clearing active input actions
21:59:15.047 [JavaFX Application Thread] DEBUG GameApplicationServi - Removing overlay from FXGLStartupScene and adding to FXGLMainMenuDummyScene
21:59:15.048 [JavaFX Application Thread] DEBUG PrimaryStageWindow   - FXGLStartupScene -> FXGLMainMenuDummyScene
21:59:15.048 [JavaFX Application Thread] DEBUG PrimaryStageWindow   - Push state: MainMenu
21:59:15.049 [JavaFX Application Thread] DEBUG Input                - Clearing active input actions
21:59:15.052 [JavaFX Application Thread] DEBUG GameApplicationServi - Removing overlay from FXGLMainMenuDummyScene and adding to MainMenu
21:59:15.052 [JavaFX Application Thread] DEBUG PrimaryStageWindow   - FXGLMainMenuDummyScene -> MainMenu
21:59:15.091 [JavaFX Application Thread] DEBUG FXGLApplication      - Registering font factories with UI factory
21:59:17.936 [FXGL Background Thread 3 ] DEBUG Engine               - Logging environment variables
21:59:17.940 [FXGL Background Thread 3 ] DEBUG Engine               - achievements: []
21:59:17.941 [FXGL Background Thread 3 ] DEBUG Engine               - actualHeight: 800.0
21:59:17.942 [FXGL Background Thread 3 ] DEBUG Engine               - actualHeightProperty: ReadOnlyDoubleProperty [value: 800.0]
21:59:17.942 [FXGL Background Thread 3 ] DEBUG Engine               - actualWidth: 1200.0
21:59:17.943 [FXGL Background Thread 3 ] DEBUG Engine               - actualWidthProperty: ReadOnlyDoubleProperty [value: 1200.0]
21:59:17.943 [FXGL Background Thread 3 ] DEBUG Engine               - appIcon: fxgl_icon.png
21:59:17.943 [FXGL Background Thread 3 ] DEBUG Engine               - applicationMode: DEVELOPER
21:59:17.944 [FXGL Background Thread 3 ] DEBUG Engine               - cSSList: [fxgl_dark.css]
21:59:17.945 [FXGL Background Thread 3 ] DEBUG Engine               - collisionDetectionStrategy: BRUTE_FORCE
21:59:17.945 [FXGL Background Thread 3 ] DEBUG Engine               - configClass: Optional.empty
21:59:17.946 [FXGL Background Thread 3 ] DEBUG Engine               - credits: []
21:59:17.948 [FXGL Background Thread 3 ] DEBUG Engine               - devBBoxColorProperty: ObjectProperty [value: 0xff0000ff]
21:59:17.954 [FXGL Background Thread 3 ] DEBUG Engine               - devEnableDebugCameraProperty: BooleanProperty [value: false]
21:59:17.958 [FXGL Background Thread 3 ] DEBUG Engine               - devSensorColorProperty: ObjectProperty [value: 0xffff00ff]
21:59:17.959 [FXGL Background Thread 3 ] DEBUG Engine               - devShowBBoxProperty: BooleanProperty [value: false]
21:59:17.959 [FXGL Background Thread 3 ] DEBUG Engine               - devShowPositionProperty: BooleanProperty [value: false]
21:59:17.960 [FXGL Background Thread 3 ] DEBUG Engine               - enabledMenuItems: []
21:59:17.960 [FXGL Background Thread 3 ] DEBUG Engine               - engineServices: [class com.almasb.fxgl.app.services.FXGLAssetLoaderService, class com.almasb.fxgl.app.FXGLApplication$GameApplicationService, class com.almasb.fxgl.app.services.FXGLDialogService, class com.almasb.fxgl.app.services.IOTaskExecutorService, class com.almasb.fxgl.event.EventBusService, class com.almasb.fxgl.io.FileSystemService, class com.almasb.fxgl.localization.LocalizationService, class com.almasb.fxgl.app.services.SystemBundleService, class com.almasb.fxgl.profile.SaveLoadService, class com.almasb.fxgl.ui.FXGLUIFactoryServiceProvider, class com.almasb.fxgl.ui.FXGLDialogFactoryServiceProvider, class com.almasb.fxgl.audio.AudioPlayer, class com.almasb.fxgl.notification.impl.NotificationServiceProvider, class com.almasb.fxgl.achievement.AchievementService, class com.almasb.fxgl.cutscene.CutsceneService, class com.almasb.fxgl.minigames.MiniGameService, class com.almasb.fxgl.net.NetService, class com.almasb.fxgl.app.services.UpdaterService, class com.almasb.fxgl.dev.DevService]
21:59:17.961 [FXGL Background Thread 3 ] DEBUG Engine               - fontGame: Abel-Regular.ttf
21:59:17.963 [FXGL Background Thread 3 ] DEBUG Engine               - fontMono: lucida_console.ttf
21:59:17.963 [FXGL Background Thread 3 ] DEBUG Engine               - fontText: Courier-Prime.ttf
21:59:17.964 [FXGL Background Thread 3 ] DEBUG Engine               - fontUI: VarelaRound-Regular.ttf
21:59:17.965 [FXGL Background Thread 3 ] DEBUG Engine               - fullScreen: BooleanProperty [value: false]
21:59:17.965 [FXGL Background Thread 3 ] DEBUG Engine               - gameDifficulty: MEDIUM
21:59:17.966 [FXGL Background Thread 3 ] DEBUG Engine               - gameDifficultyProperty: ObjectProperty [value: MEDIUM]
21:59:17.966 [FXGL Background Thread 3 ] DEBUG Engine               - globalMusicVolume: 0.5
21:59:17.966 [FXGL Background Thread 3 ] DEBUG Engine               - globalMusicVolumeProperty: DoubleProperty [value: 0.5]
21:59:17.967 [FXGL Background Thread 3 ] DEBUG Engine               - globalSoundVolume: 0.5
21:59:17.967 [FXGL Background Thread 3 ] DEBUG Engine               - globalSoundVolumeProperty: DoubleProperty [value: 0.5]
21:59:17.968 [FXGL Background Thread 3 ] DEBUG Engine               - height: 800
21:59:17.968 [FXGL Background Thread 3 ] DEBUG Engine               - isAndroid: false
21:59:17.968 [FXGL Background Thread 3 ] DEBUG Engine               - isBrowser: false
21:59:17.968 [FXGL Background Thread 3 ] DEBUG Engine               - isClickFeedbackEnabled: false
21:59:17.968 [FXGL Background Thread 3 ] DEBUG Engine               - isCloseConfirmation: false
21:59:17.969 [FXGL Background Thread 3 ] DEBUG Engine               - isDesktop: true
21:59:17.969 [FXGL Background Thread 3 ] DEBUG Engine               - isDeveloperMenuEnabled: false
21:59:17.969 [FXGL Background Thread 3 ] DEBUG Engine               - isEntityPreloadEnabled: true
21:59:17.970 [FXGL Background Thread 3 ] DEBUG Engine               - isExperimental3D: false
21:59:17.970 [FXGL Background Thread 3 ] DEBUG Engine               - isExperimentalNative: false
21:59:17.971 [FXGL Background Thread 3 ] DEBUG Engine               - isExperimentalTiledLargeMap: false
21:59:17.971 [FXGL Background Thread 3 ] DEBUG Engine               - isFileSystemWriteAllowed: true
21:59:17.971 [FXGL Background Thread 3 ] DEBUG Engine               - isFullScreenAllowed: false
21:59:17.972 [FXGL Background Thread 3 ] DEBUG Engine               - isFullScreenFromStart: false
21:59:17.972 [FXGL Background Thread 3 ] DEBUG Engine               - isGameMenuEnabled: true
21:59:17.972 [FXGL Background Thread 3 ] DEBUG Engine               - isIOS: false
21:59:17.972 [FXGL Background Thread 3 ] DEBUG Engine               - isIntroEnabled: false
21:59:17.973 [FXGL Background Thread 3 ] DEBUG Engine               - isLinux: false
21:59:17.973 [FXGL Background Thread 3 ] DEBUG Engine               - isMac: true
21:59:17.973 [FXGL Background Thread 3 ] DEBUG Engine               - isMainMenuEnabled: true
21:59:17.974 [FXGL Background Thread 3 ] DEBUG Engine               - isManualResizeEnabled: false
21:59:17.974 [FXGL Background Thread 3 ] DEBUG Engine               - isMobile: false
21:59:17.974 [FXGL Background Thread 3 ] DEBUG Engine               - isPreserveResizeRatio: false
21:59:17.974 [FXGL Background Thread 3 ] DEBUG Engine               - isProfilingEnabled: false
21:59:17.975 [FXGL Background Thread 3 ] DEBUG Engine               - isScaleAffectedOnResize: true
21:59:17.976 [FXGL Background Thread 3 ] DEBUG Engine               - isSingleStep: false
21:59:17.976 [FXGL Background Thread 3 ] DEBUG Engine               - isUserProfileEnabled: false
21:59:17.977 [FXGL Background Thread 3 ] DEBUG Engine               - isWindows: false
21:59:17.977 [FXGL Background Thread 3 ] DEBUG Engine               - language: ObjectProperty [value: ENGLISH]
21:59:17.977 [FXGL Background Thread 3 ] DEBUG Engine               - menuKey: ESCAPE
21:59:17.977 [FXGL Background Thread 3 ] DEBUG Engine               - notificationViewClass: class com.almasb.fxgl.notification.view.XboxNotificationView
21:59:17.978 [FXGL Background Thread 3 ] DEBUG Engine               - pixelsPerMeter: 50.0
21:59:17.978 [FXGL Background Thread 3 ] DEBUG Engine               - platform: MAC
21:59:17.978 [FXGL Background Thread 3 ] DEBUG Engine               - prefHeightProperty: ReadOnlyDoubleProperty [value: 800.0]
21:59:17.979 [FXGL Background Thread 3 ] DEBUG Engine               - prefWidthProperty: ReadOnlyDoubleProperty [value: 1200.0]
21:59:17.979 [FXGL Background Thread 3 ] DEBUG Engine               - profileDir: profiles/
21:59:17.979 [FXGL Background Thread 3 ] DEBUG Engine               - profileName: StringProperty [value: DEFAULT]
21:59:17.980 [FXGL Background Thread 3 ] DEBUG Engine               - randomSeed: -1
21:59:17.980 [FXGL Background Thread 3 ] DEBUG Engine               - runtimeInfo: RuntimeInfo(platform=MAC, version=11.14, build=01.03.2021 16.59)
21:59:17.980 [FXGL Background Thread 3 ] DEBUG Engine               - saveFileExt: sav
21:59:17.980 [FXGL Background Thread 3 ] DEBUG Engine               - scaledHeightProp$fxgl: DoubleProperty [bound, value: 800.0]
21:59:17.981 [FXGL Background Thread 3 ] DEBUG Engine               - scaledWidthProp$fxgl: DoubleProperty [bound, value: 1200.0]
21:59:17.981 [FXGL Background Thread 3 ] DEBUG Engine               - sceneFactory: Game$1@4c67d683
21:59:17.981 [FXGL Background Thread 3 ] DEBUG Engine               - secondsIn24h: 60
21:59:17.981 [FXGL Background Thread 3 ] DEBUG Engine               - soundMenuBack: menu/back.wav
21:59:17.982 [FXGL Background Thread 3 ] DEBUG Engine               - soundMenuPress: menu/press.wav
21:59:17.982 [FXGL Background Thread 3 ] DEBUG Engine               - soundMenuSelect: menu/select.wav
21:59:17.982 [FXGL Background Thread 3 ] DEBUG Engine               - soundNotification: core/notification.wav
21:59:17.982 [FXGL Background Thread 3 ] DEBUG Engine               - stageStyle: DECORATED
21:59:17.982 [FXGL Background Thread 3 ] DEBUG Engine               - supportedLanguages: [ENGLISH, FRENCH, GERMAN, HUNGARIAN, RUSSIAN]
21:59:17.983 [FXGL Background Thread 3 ] DEBUG Engine               - ticksPerSecond: -1
21:59:17.983 [FXGL Background Thread 3 ] DEBUG Engine               - title: Nerds VS Virus
21:59:17.983 [FXGL Background Thread 3 ] DEBUG Engine               - urlGithub: https://github.com/AlmasB/FXGL
21:59:17.983 [FXGL Background Thread 3 ] DEBUG Engine               - urlLeaderboard: http://fxgl-top.herokuapp.com/
21:59:17.983 [FXGL Background Thread 3 ] DEBUG Engine               - urlPOM: https://raw.githubusercontent.com/AlmasB/FXGL/release/README.md
21:59:17.984 [FXGL Background Thread 3 ] DEBUG Engine               - userAppClass: class Game
21:59:17.984 [FXGL Background Thread 3 ] DEBUG Engine               - version: 0.0
21:59:17.984 [FXGL Background Thread 3 ] DEBUG Engine               - versionCheckDays: 7
21:59:17.984 [FXGL Background Thread 3 ] DEBUG Engine               - width: 1200
21:59:17.984 [FXGL Background Thread 3 ] DEBUG Engine               - Logging services
21:59:17.985 [FXGL Background Thread 3 ] DEBUG Engine               - class com.almasb.fxgl.app.services.FXGLAssetLoaderService
21:59:17.985 [FXGL Background Thread 3 ] DEBUG Engine               - class com.almasb.fxgl.app.FXGLApplication$GameApplicationService
21:59:17.985 [FXGL Background Thread 3 ] DEBUG Engine               - class com.almasb.fxgl.app.services.FXGLDialogService
21:59:17.986 [FXGL Background Thread 3 ] DEBUG Engine               - class com.almasb.fxgl.app.services.IOTaskExecutorService
21:59:17.988 [FXGL Background Thread 3 ] DEBUG Engine               - class com.almasb.fxgl.event.EventBusService
21:59:17.988 [FXGL Background Thread 3 ] DEBUG Engine               - class com.almasb.fxgl.io.FileSystemService
21:59:17.988 [FXGL Background Thread 3 ] DEBUG Engine               - class com.almasb.fxgl.localization.LocalizationService
21:59:17.989 [FXGL Background Thread 3 ] DEBUG Engine               - class com.almasb.fxgl.app.services.SystemBundleService
21:59:17.989 [FXGL Background Thread 3 ] DEBUG Engine               - class com.almasb.fxgl.profile.SaveLoadService
21:59:17.989 [FXGL Background Thread 3 ] DEBUG Engine               - class com.almasb.fxgl.ui.FXGLUIFactoryServiceProvider
21:59:17.989 [FXGL Background Thread 3 ] DEBUG Engine               - class com.almasb.fxgl.ui.FXGLDialogFactoryServiceProvider
21:59:17.990 [FXGL Background Thread 3 ] DEBUG Engine               - class com.almasb.fxgl.audio.AudioPlayer
21:59:17.990 [FXGL Background Thread 3 ] DEBUG Engine               - class com.almasb.fxgl.notification.impl.NotificationServiceProvider
21:59:17.990 [FXGL Background Thread 3 ] DEBUG Engine               - class com.almasb.fxgl.achievement.AchievementService
21:59:17.991 [FXGL Background Thread 3 ] DEBUG Engine               - class com.almasb.fxgl.cutscene.CutsceneService
21:59:17.991 [FXGL Background Thread 3 ] DEBUG Engine               - class com.almasb.fxgl.minigames.MiniGameService
21:59:17.992 [FXGL Background Thread 3 ] DEBUG Engine               - class com.almasb.fxgl.net.NetService
21:59:17.992 [FXGL Background Thread 3 ] DEBUG Engine               - class com.almasb.fxgl.app.services.UpdaterService
21:59:17.992 [FXGL Background Thread 3 ] DEBUG Engine               - class com.almasb.fxgl.dev.DevService
21:59:24.622 [JavaFX Application Thread] DEBUG Menu                 - fireNewGame()
21:59:24.623 [JavaFX Application Thread] DEBUG GameApplicationServi - Starting new game
21:59:24.624 [JavaFX Application Thread] DEBUG PrimaryStageWindow   - Pop state: MainMenu
21:59:24.625 [JavaFX Application Thread] DEBUG Input                - Clearing active input actions
21:59:24.627 [JavaFX Application Thread] DEBUG GameApplicationServi - Removing overlay from MainMenu and adding to FXGLMainMenuDummyScene
21:59:24.627 [JavaFX Application Thread] DEBUG PrimaryStageWindow   - FXGLMainMenuDummyScene <- MainMenu
21:59:24.628 [JavaFX Application Thread] DEBUG Input                - Clearing active input actions
21:59:24.659 [JavaFX Application Thread] DEBUG GameApplicationServi - Removing overlay from FXGLMainMenuDummyScene and adding to FXGLLoadingScene
21:59:24.660 [JavaFX Application Thread] DEBUG PrimaryStageWindow   - FXGLMainMenuDummyScene -> FXGLLoadingScene
21:59:24.661 [JavaFX Application Thread] DEBUG GameApplicationServi - Clearing previous game
21:59:24.661 [JavaFX Application Thread] DEBUG GameScene            - Clearing game scene
21:59:24.661 [JavaFX Application Thread] DEBUG GameWorld            - Clearing game world
21:59:24.662 [JavaFX Application Thread] DEBUG PhysicsWorld         - Clearing physics world
21:59:24.663 [FXGL Background Thread 2 ] DEBUG FXGLApplication      - Initializing game
21:59:24.667 [FXGL Background Thread 2 ] DEBUG FXGLAssetLoaderServi - Loading from file system: file:/Users/chalitandunu/Desktop/the%20void/HS/Jaar%201/Periode%203/IPOSE/nerdsvsthevirus/target/classes/assets/textures//Game/sprite.png
21:59:24.683 [FXGL Background Thread 2 ] INFO  FXGLApplication      - Game initialization took: 0.020 sec
21:59:24.709 [JavaFX Application Thread] DEBUG Input                - Clearing active input actions
21:59:24.722 [JavaFX Application Thread] DEBUG GameApplicationServi - Removing overlay from FXGLLoadingScene and adding to GameScene
21:59:24.723 [JavaFX Application Thread] DEBUG PrimaryStageWindow   - FXGLLoadingScene -> GameScene
21:59:27.589 [JavaFX Application Thread] DEBUG FXGLApplication      - Exiting FXGL
21:59:27.589 [JavaFX Application Thread] DEBUG LoopRunner           - Stopping loop
21:59:27.589 [JavaFX Application Thread] DEBUG SystemBundleService  - Saving FXGL system data
21:59:27.594 [JavaFX Application Thread] DEBUG FileSystemAccess     - Writing to: /Users/chalitandunu/Desktop/the void/HS/Jaar 1/Periode 3/IPOSE/nerdsvsthevirus/system/fxgl.bundle
21:59:27.595 [JavaFX Application Thread] DEBUG Async                - Shutting down background threads
21:59:27.596 [JavaFX Application Thread] DEBUG PrimaryStageWindow   - Closing main window
21:59:27.606 [JavaFX Application Thread] DEBUG Logger               - Closing Logger
