22:23:50.989 [main                     ] DEBUG Logger               - Configured Logger
22:23:51.017 [main                     ] DEBUG GameApplication      - Logging settings
Title: Nerds VS Virus
Version: 0.0
Width: 1050
Height: 700
Fullscreen: false
Intro: false
Profiling: false
Single step:false
App Mode: DEVELOPER
Menu Key: ESCAPE
Stage Style: DECORATED
Scene Factory: class NerdvsVirus.Game$1

22:23:51.489 [JavaFX Application Thread] DEBUG FXGLApplication      - Initializing FXGL
22:23:51.492 [JavaFX Application Thread] INFO  Engine               - FXGL-11.14 (01.03.2021 16.59) on MAC (J:15.0.1 FX:15)
22:23:51.493 [JavaFX Application Thread] DEBUG Engine               - JRE Vendor Name: Oracle Corporation
22:23:51.493 [JavaFX Application Thread] DEBUG Engine               - Running on OS: Mac OS X version 10.16
22:23:51.493 [JavaFX Application Thread] DEBUG Engine               - Architecture: x86_64
22:23:51.494 [JavaFX Application Thread] INFO  Engine               - Source code and latest versions at: https://github.com/AlmasB/FXGL
22:23:51.494 [JavaFX Application Thread] INFO  Engine               -              Join the FXGL chat at: https://gitter.im/AlmasB/FXGL
22:23:51.726 [JavaFX Application Thread] DEBUG PrimaryStageWindow   - Creating a JavaFX scene
22:23:51.891 [JavaFX Application Thread] DEBUG PrimaryStageWindow   - Target settings size: 1050.0 x 700.0
22:23:51.891 [JavaFX Application Thread] DEBUG PrimaryStageWindow   - Scaled scene size:    1050.0 x 700.0
22:23:51.892 [JavaFX Application Thread] DEBUG PrimaryStageWindow   - Scaled ratio: (1.0, 1.0)
22:23:51.893 [JavaFX Application Thread] DEBUG PrimaryStageWindow   - Set initial scene to FXGLStartupScene
22:23:51.902 [JavaFX Application Thread] DEBUG PrimaryStageWindow   - Opening main window
22:23:51.994 [JavaFX Application Thread] DEBUG PrimaryStageWindow   - Window border size: (0.0, 28.0)
22:23:51.994 [JavaFX Application Thread] DEBUG PrimaryStageWindow   - Scaled size: 1050.0 x 700.0
22:23:51.995 [JavaFX Application Thread] DEBUG PrimaryStageWindow   - Scaled ratio: (1.0, 1.0)
22:23:51.995 [JavaFX Application Thread] DEBUG PrimaryStageWindow   - Scene size: 1050.0 x 700.0
22:23:51.995 [JavaFX Application Thread] DEBUG PrimaryStageWindow   - Stage size: 1050.0 x 728.0
22:23:52.004 [FXGL Background Thread 1 ] DEBUG Engine               - Initializing environment variables
22:23:52.073 [FXGL Background Thread 1 ] DEBUG FXGLAssetLoaderServi - User app class for loading assets: class NerdvsVirus.Game
22:23:52.073 [FXGL Background Thread 1 ] DEBUG GameApplicationServi - Applying CSS: fxgl_dark.css
22:23:52.075 [FXGL Background Thread 1 ] DEBUG FXGLAssetLoaderServi - Loading from file system: jar:file:/Users/chalitandunu/.m2/repository/com/github/almasb/fxgl/11.14/fxgl-11.14.jar!/fxglassets/ui/css/fxgl_dark.css
22:23:52.178 [FXGL Background Thread 1 ] DEBUG GameApplicationServi - Initializing application scenes
22:23:52.998 [FXGL Background Thread 1 ] DEBUG GameWorld            - Game world initialized
22:23:53.101 [FXGL Background Thread 1 ] DEBUG PhysicsWorld         - Physics world initialized: appHeight=700, physics.ppm=50.0
22:23:53.101 [FXGL Background Thread 1 ] DEBUG PhysicsWorld         - Using strategy: BRUTE_FORCE
22:23:53.105 [FXGL Background Thread 1 ] DEBUG GameScene            - Game scene initialized: 1050x700
22:23:53.267 [FXGL Background Thread 1 ] DEBUG FXGLAssetLoaderServi - Loading from file system: jar:file:/Users/chalitandunu/.m2/repository/com/github/almasb/fxgl/11.14/fxgl-11.14.jar!/fxglassets/textures/particles/trace_horizontal.png
22:23:53.351 [FXGL Background Thread 1 ] DEBUG FXGL.DefaultMenu     - createMenuBodyGameMenu()
22:23:53.375 [FXGL Background Thread 1 ] DEBUG FXGL.DefaultMenu     - createOptionsMenu()
22:23:53.381 [FXGL Background Thread 1 ] DEBUG FXGLAssetLoaderServi - Loading from file system: jar:file:/Users/chalitandunu/.m2/repository/com/github/almasb/fxgl/11.14/fxgl-11.14.jar!/fxglassets/textures/particles/smoke.png
22:23:53.469 [FXGL Background Thread 1 ] DEBUG GameApplicationServi - Application scenes initialized
22:23:53.485 [FXGL Background Thread 1 ] DEBUG SystemBundleService  - Loading FXGL system data
22:23:53.490 [FXGL Background Thread 1 ] DEBUG FileSystemAccess     - Reading from: /Users/chalitandunu/Desktop/the void/HS/Jaar 1/Periode 3/IPOSE/nerdsvsthevirus/system/fxgl.bundle
22:23:53.497 [FXGL Background Thread 1 ] DEBUG SystemBundleService  - Bundle FXGL: {}
22:23:53.497 [FXGL Background Thread 1 ] DEBUG UpdaterService       - Checking for updates
22:23:53.501 [FXGL Background Thread 4 ] DEBUG FXGLApplication      - Loading fonts
22:23:53.502 [FXGL Background Thread 4 ] DEBUG FXGLAssetLoaderServi - Loading from file system: jar:file:/Users/chalitandunu/.m2/repository/com/github/almasb/fxgl/11.14/fxgl-11.14.jar!/fxglassets/ui/fonts/VarelaRound-Regular.ttf
22:23:53.504 [FXGL Background Thread 1 ] DEBUG FXGLApplication      - Loading default localization
22:23:53.505 [FXGL Background Thread 1 ] DEBUG FXGLAssetLoaderServi - Loading from file system: jar:file:/Users/chalitandunu/.m2/repository/com/github/almasb/fxgl/11.14/fxgl-11.14.jar!/fxglassets/languages/english.lang
22:23:53.513 [FXGL Background Thread 4 ] DEBUG FXGLAssetLoaderServi - Loading from file system: jar:file:/Users/chalitandunu/.m2/repository/com/github/almasb/fxgl/11.14/fxgl-11.14.jar!/fxglassets/ui/fonts/Abel-Regular.ttf
22:23:53.518 [FXGL Background Thread 4 ] DEBUG FXGLAssetLoaderServi - Loading from file system: jar:file:/Users/chalitandunu/.m2/repository/com/github/almasb/fxgl/11.14/fxgl-11.14.jar!/fxglassets/ui/fonts/lucida_console.ttf
22:23:53.530 [FXGL Background Thread 4 ] DEBUG FXGLAssetLoaderServi - Loading from file system: jar:file:/Users/chalitandunu/.m2/repository/com/github/almasb/fxgl/11.14/fxgl-11.14.jar!/fxglassets/ui/fonts/Courier-Prime.ttf
22:23:53.536 [JavaFX Application Thread] DEBUG FXGLApplication      - Registering font factories with UI factory
22:23:53.548 [FXGL Background Thread 1 ] INFO  FXGLApplication      - FXGL initialization took: 1.544 sec
22:23:53.559 [JavaFX Application Thread] DEBUG Input                - Registered new binding: Left - A
22:23:53.560 [JavaFX Application Thread] DEBUG Input                - Registered new binding: Right - D
22:23:53.560 [JavaFX Application Thread] DEBUG Input                - Registered new binding: Jump - W
22:23:53.561 [JavaFX Application Thread] DEBUG FXGLAssetLoaderServi - Loading from file system: file:/Users/chalitandunu/Desktop/the%20void/HS/Jaar%201/Periode%203/IPOSE/nerdsvsthevirus/target/classes/assets/music/background.wav
22:23:53.800 [JavaFX Application Thread] DEBUG AudioPlayer          - Playing music com.almasb.fxgl.audio.Music@937e7ef
22:23:53.801 [JavaFX Application Thread] DEBUG FXGLAssetLoaderServi - Loading from file system: jar:file:/Users/chalitandunu/.m2/repository/com/github/almasb/fxgl/11.14/fxgl-11.14.jar!/fxglassets/textures/fxgl_icon.png
22:23:53.833 [JavaFX Application Thread] DEBUG FXGLAssetLoaderServi - Loading from file system: jar:file:/Users/chalitandunu/.m2/repository/com/github/almasb/fxgl/11.14/fxgl-11.14.jar!/fxglassets/ui/cursors/fxgl_default.png
22:23:53.845 [JavaFX Application Thread] DEBUG Input                - Registered new binding: Screenshot - P
22:23:53.846 [JavaFX Application Thread] DEBUG Input                - Registered new binding: System info dump - CTRL+9
22:23:53.846 [JavaFX Application Thread] DEBUG Input                - Registered new binding: Restart - CTRL+R
22:23:53.847 [JavaFX Application Thread] DEBUG Input                - Registered new binding: Toggle Debug Camera - CTRL+C
22:23:53.850 [JavaFX Application Thread] DEBUG LoopRunner           - Starting loop
22:23:53.850 [JavaFX Application Thread] DEBUG LoopRunner           - Initializing JavaFX AnimationTimerLoop
22:23:53.853 [JavaFX Application Thread] DEBUG Input                - Clearing active input actions
22:23:53.860 [JavaFX Application Thread] DEBUG GameApplicationServi - Removing overlay from FXGLStartupScene and adding to FXGLMainMenuDummyScene
22:23:53.860 [JavaFX Application Thread] DEBUG PrimaryStageWindow   - FXGLStartupScene -> FXGLMainMenuDummyScene
22:23:53.860 [JavaFX Application Thread] DEBUG PrimaryStageWindow   - Push state: MainMenu
22:23:53.861 [JavaFX Application Thread] DEBUG Input                - Clearing active input actions
22:23:54.227 [JavaFX Application Thread] DEBUG GameApplicationServi - Removing overlay from FXGLMainMenuDummyScene and adding to MainMenu
22:23:54.227 [JavaFX Application Thread] DEBUG PrimaryStageWindow   - FXGLMainMenuDummyScene -> MainMenu
22:23:56.505 [FXGL Background Thread 3 ] DEBUG Engine               - Logging environment variables
22:23:56.507 [FXGL Background Thread 3 ] DEBUG Engine               - achievements: []
22:23:56.507 [FXGL Background Thread 3 ] DEBUG Engine               - actualHeight: 700.0
22:23:56.508 [FXGL Background Thread 3 ] DEBUG Engine               - actualHeightProperty: ReadOnlyDoubleProperty [value: 700.0]
22:23:56.508 [FXGL Background Thread 3 ] DEBUG Engine               - actualWidth: 1050.0
22:23:56.509 [FXGL Background Thread 3 ] DEBUG Engine               - actualWidthProperty: ReadOnlyDoubleProperty [value: 1050.0]
22:23:56.509 [FXGL Background Thread 3 ] DEBUG Engine               - appIcon: fxgl_icon.png
22:23:56.509 [FXGL Background Thread 3 ] DEBUG Engine               - applicationMode: DEVELOPER
22:23:56.510 [FXGL Background Thread 3 ] DEBUG Engine               - cSSList: [fxgl_dark.css]
22:23:56.510 [FXGL Background Thread 3 ] DEBUG Engine               - collisionDetectionStrategy: BRUTE_FORCE
22:23:56.510 [FXGL Background Thread 3 ] DEBUG Engine               - configClass: Optional.empty
22:23:56.511 [FXGL Background Thread 3 ] DEBUG Engine               - credits: []
22:23:56.511 [FXGL Background Thread 3 ] DEBUG Engine               - devBBoxColorProperty: ObjectProperty [value: 0xff0000ff]
22:23:56.512 [FXGL Background Thread 3 ] DEBUG Engine               - devEnableDebugCameraProperty: BooleanProperty [value: false]
22:23:56.515 [FXGL Background Thread 3 ] DEBUG Engine               - devSensorColorProperty: ObjectProperty [value: 0xffff00ff]
22:23:56.515 [FXGL Background Thread 3 ] DEBUG Engine               - devShowBBoxProperty: BooleanProperty [value: false]
22:23:56.516 [FXGL Background Thread 3 ] DEBUG Engine               - devShowPositionProperty: BooleanProperty [value: false]
22:23:56.516 [FXGL Background Thread 3 ] DEBUG Engine               - enabledMenuItems: []
22:23:56.518 [FXGL Background Thread 3 ] DEBUG Engine               - engineServices: [class com.almasb.fxgl.app.services.FXGLAssetLoaderService, class com.almasb.fxgl.app.FXGLApplication$GameApplicationService, class com.almasb.fxgl.app.services.FXGLDialogService, class com.almasb.fxgl.app.services.IOTaskExecutorService, class com.almasb.fxgl.event.EventBusService, class com.almasb.fxgl.io.FileSystemService, class com.almasb.fxgl.localization.LocalizationService, class com.almasb.fxgl.app.services.SystemBundleService, class com.almasb.fxgl.profile.SaveLoadService, class com.almasb.fxgl.ui.FXGLUIFactoryServiceProvider, class com.almasb.fxgl.ui.FXGLDialogFactoryServiceProvider, class com.almasb.fxgl.audio.AudioPlayer, class com.almasb.fxgl.notification.impl.NotificationServiceProvider, class com.almasb.fxgl.achievement.AchievementService, class com.almasb.fxgl.cutscene.CutsceneService, class com.almasb.fxgl.minigames.MiniGameService, class com.almasb.fxgl.net.NetService, class com.almasb.fxgl.app.services.UpdaterService, class com.almasb.fxgl.dev.DevService]
22:23:56.519 [FXGL Background Thread 3 ] DEBUG Engine               - fontGame: Abel-Regular.ttf
22:23:56.519 [FXGL Background Thread 3 ] DEBUG Engine               - fontMono: lucida_console.ttf
22:23:56.519 [FXGL Background Thread 3 ] DEBUG Engine               - fontText: Courier-Prime.ttf
22:23:56.520 [FXGL Background Thread 3 ] DEBUG Engine               - fontUI: VarelaRound-Regular.ttf
22:23:56.520 [FXGL Background Thread 3 ] DEBUG Engine               - fullScreen: BooleanProperty [value: false]
22:23:56.520 [FXGL Background Thread 3 ] DEBUG Engine               - gameDifficulty: MEDIUM
22:23:56.522 [FXGL Background Thread 3 ] DEBUG Engine               - gameDifficultyProperty: ObjectProperty [value: MEDIUM]
22:23:56.522 [FXGL Background Thread 3 ] DEBUG Engine               - globalMusicVolume: 0.5
22:23:56.523 [FXGL Background Thread 3 ] DEBUG Engine               - globalMusicVolumeProperty: DoubleProperty [value: 0.1]
22:23:56.523 [FXGL Background Thread 3 ] DEBUG Engine               - globalSoundVolume: 0.5
22:23:56.524 [FXGL Background Thread 3 ] DEBUG Engine               - globalSoundVolumeProperty: DoubleProperty [value: 0.5]
22:23:56.525 [FXGL Background Thread 3 ] DEBUG Engine               - height: 700
22:23:56.525 [FXGL Background Thread 3 ] DEBUG Engine               - isAndroid: false
22:23:56.529 [FXGL Background Thread 3 ] DEBUG Engine               - isBrowser: false
22:23:56.529 [FXGL Background Thread 3 ] DEBUG Engine               - isClickFeedbackEnabled: false
22:23:56.531 [FXGL Background Thread 3 ] DEBUG Engine               - isCloseConfirmation: false
22:23:56.533 [FXGL Background Thread 3 ] DEBUG Engine               - isDesktop: true
22:23:56.534 [FXGL Background Thread 3 ] DEBUG Engine               - isDeveloperMenuEnabled: false
22:23:56.534 [FXGL Background Thread 3 ] DEBUG Engine               - isEntityPreloadEnabled: true
22:23:56.535 [FXGL Background Thread 3 ] DEBUG Engine               - isExperimental3D: false
22:23:56.535 [FXGL Background Thread 3 ] DEBUG Engine               - isExperimentalNative: false
22:23:56.536 [FXGL Background Thread 3 ] DEBUG Engine               - isExperimentalTiledLargeMap: false
22:23:56.537 [FXGL Background Thread 3 ] DEBUG Engine               - isFileSystemWriteAllowed: true
22:23:56.538 [FXGL Background Thread 3 ] DEBUG Engine               - isFullScreenAllowed: false
22:23:56.539 [FXGL Background Thread 3 ] DEBUG Engine               - isFullScreenFromStart: false
22:23:56.545 [FXGL Background Thread 3 ] DEBUG Engine               - isGameMenuEnabled: true
22:23:56.546 [FXGL Background Thread 3 ] DEBUG Engine               - isIOS: false
22:23:56.546 [FXGL Background Thread 3 ] DEBUG Engine               - isIntroEnabled: false
22:23:56.547 [FXGL Background Thread 3 ] DEBUG Engine               - isLinux: false
22:23:56.548 [FXGL Background Thread 3 ] DEBUG Engine               - isMac: true
22:23:56.550 [FXGL Background Thread 3 ] DEBUG Engine               - isMainMenuEnabled: true
22:23:56.552 [FXGL Background Thread 3 ] DEBUG Engine               - isManualResizeEnabled: false
22:23:56.554 [FXGL Background Thread 3 ] DEBUG Engine               - isMobile: false
22:23:56.555 [FXGL Background Thread 3 ] DEBUG Engine               - isPreserveResizeRatio: false
22:23:56.556 [FXGL Background Thread 3 ] DEBUG Engine               - isProfilingEnabled: false
22:23:56.557 [FXGL Background Thread 3 ] DEBUG Engine               - isScaleAffectedOnResize: true
22:23:56.560 [FXGL Background Thread 3 ] DEBUG Engine               - isSingleStep: false
22:23:56.561 [FXGL Background Thread 3 ] DEBUG Engine               - isUserProfileEnabled: false
22:23:56.562 [FXGL Background Thread 3 ] DEBUG Engine               - isWindows: false
22:23:56.562 [FXGL Background Thread 3 ] DEBUG Engine               - language: ObjectProperty [value: ENGLISH]
22:23:56.564 [FXGL Background Thread 3 ] DEBUG Engine               - menuKey: ESCAPE
22:23:56.565 [FXGL Background Thread 3 ] DEBUG Engine               - notificationViewClass: class com.almasb.fxgl.notification.view.XboxNotificationView
22:23:56.569 [FXGL Background Thread 3 ] DEBUG Engine               - pixelsPerMeter: 50.0
22:23:56.569 [FXGL Background Thread 3 ] DEBUG Engine               - platform: MAC
22:23:56.570 [FXGL Background Thread 3 ] DEBUG Engine               - prefHeightProperty: ReadOnlyDoubleProperty [value: 700.0]
22:23:56.570 [FXGL Background Thread 3 ] DEBUG Engine               - prefWidthProperty: ReadOnlyDoubleProperty [value: 1050.0]
22:23:56.570 [FXGL Background Thread 3 ] DEBUG Engine               - profileDir: profiles/
22:23:56.570 [FXGL Background Thread 3 ] DEBUG Engine               - profileName: StringProperty [value: DEFAULT]
22:23:56.570 [FXGL Background Thread 3 ] DEBUG Engine               - randomSeed: -1
22:23:56.571 [FXGL Background Thread 3 ] DEBUG Engine               - runtimeInfo: RuntimeInfo(platform=MAC, version=11.14, build=01.03.2021 16.59)
22:23:56.571 [FXGL Background Thread 3 ] DEBUG Engine               - saveFileExt: sav
22:23:56.571 [FXGL Background Thread 3 ] DEBUG Engine               - scaledHeightProp$fxgl: DoubleProperty [bound, value: 700.0]
22:23:56.571 [FXGL Background Thread 3 ] DEBUG Engine               - scaledWidthProp$fxgl: DoubleProperty [bound, value: 1050.0]
22:23:56.571 [FXGL Background Thread 3 ] DEBUG Engine               - sceneFactory: NerdvsVirus.Game$1@85f58d2
22:23:56.571 [FXGL Background Thread 3 ] DEBUG Engine               - secondsIn24h: 60
22:23:56.572 [FXGL Background Thread 3 ] DEBUG Engine               - soundMenuBack: menu/back.wav
22:23:56.572 [FXGL Background Thread 3 ] DEBUG Engine               - soundMenuPress: menu/press.wav
22:23:56.572 [FXGL Background Thread 3 ] DEBUG Engine               - soundMenuSelect: menu/select.wav
22:23:56.572 [FXGL Background Thread 3 ] DEBUG Engine               - soundNotification: core/notification.wav
22:23:56.572 [FXGL Background Thread 3 ] DEBUG Engine               - stageStyle: DECORATED
22:23:56.573 [FXGL Background Thread 3 ] DEBUG Engine               - supportedLanguages: [ENGLISH, FRENCH, GERMAN, HUNGARIAN, RUSSIAN]
22:23:56.573 [FXGL Background Thread 3 ] DEBUG Engine               - ticksPerSecond: -1
22:23:56.573 [FXGL Background Thread 3 ] DEBUG Engine               - title: Nerds VS Virus
22:23:56.573 [FXGL Background Thread 3 ] DEBUG Engine               - urlGithub: https://github.com/AlmasB/FXGL
22:23:56.573 [FXGL Background Thread 3 ] DEBUG Engine               - urlLeaderboard: http://fxgl-top.herokuapp.com/
22:23:56.573 [FXGL Background Thread 3 ] DEBUG Engine               - urlPOM: https://raw.githubusercontent.com/AlmasB/FXGL/release/README.md
22:23:56.574 [FXGL Background Thread 3 ] DEBUG Engine               - userAppClass: class NerdvsVirus.Game
22:23:56.574 [FXGL Background Thread 3 ] DEBUG Engine               - version: 0.0
22:23:56.574 [FXGL Background Thread 3 ] DEBUG Engine               - versionCheckDays: 7
22:23:56.574 [FXGL Background Thread 3 ] DEBUG Engine               - width: 1050
22:23:56.575 [FXGL Background Thread 3 ] DEBUG Engine               - Logging services
22:23:56.575 [FXGL Background Thread 3 ] DEBUG Engine               - class com.almasb.fxgl.app.services.FXGLAssetLoaderService
22:23:56.575 [FXGL Background Thread 3 ] DEBUG Engine               - class com.almasb.fxgl.app.FXGLApplication$GameApplicationService
22:23:56.575 [FXGL Background Thread 3 ] DEBUG Engine               - class com.almasb.fxgl.app.services.FXGLDialogService
22:23:56.576 [FXGL Background Thread 3 ] DEBUG Engine               - class com.almasb.fxgl.app.services.IOTaskExecutorService
22:23:56.576 [FXGL Background Thread 3 ] DEBUG Engine               - class com.almasb.fxgl.event.EventBusService
22:23:56.576 [FXGL Background Thread 3 ] DEBUG Engine               - class com.almasb.fxgl.io.FileSystemService
22:23:56.576 [FXGL Background Thread 3 ] DEBUG Engine               - class com.almasb.fxgl.localization.LocalizationService
22:23:56.576 [FXGL Background Thread 3 ] DEBUG Engine               - class com.almasb.fxgl.app.services.SystemBundleService
22:23:56.577 [FXGL Background Thread 3 ] DEBUG Engine               - class com.almasb.fxgl.profile.SaveLoadService
22:23:56.577 [FXGL Background Thread 3 ] DEBUG Engine               - class com.almasb.fxgl.ui.FXGLUIFactoryServiceProvider
22:23:56.577 [FXGL Background Thread 3 ] DEBUG Engine               - class com.almasb.fxgl.ui.FXGLDialogFactoryServiceProvider
22:23:56.577 [FXGL Background Thread 3 ] DEBUG Engine               - class com.almasb.fxgl.audio.AudioPlayer
22:23:56.577 [FXGL Background Thread 3 ] DEBUG Engine               - class com.almasb.fxgl.notification.impl.NotificationServiceProvider
22:23:56.578 [FXGL Background Thread 3 ] DEBUG Engine               - class com.almasb.fxgl.achievement.AchievementService
22:23:56.578 [FXGL Background Thread 3 ] DEBUG Engine               - class com.almasb.fxgl.cutscene.CutsceneService
22:23:56.578 [FXGL Background Thread 3 ] DEBUG Engine               - class com.almasb.fxgl.minigames.MiniGameService
22:23:56.578 [FXGL Background Thread 3 ] DEBUG Engine               - class com.almasb.fxgl.net.NetService
22:23:56.579 [FXGL Background Thread 3 ] DEBUG Engine               - class com.almasb.fxgl.app.services.UpdaterService
22:23:56.579 [FXGL Background Thread 3 ] DEBUG Engine               - class com.almasb.fxgl.dev.DevService
22:23:57.147 [JavaFX Application Thread] DEBUG Menu                 - fireNewGame()
22:23:57.147 [JavaFX Application Thread] DEBUG GameApplicationServi - Starting new game
22:23:57.148 [JavaFX Application Thread] DEBUG PrimaryStageWindow   - Pop state: MainMenu
22:23:57.148 [JavaFX Application Thread] DEBUG Input                - Clearing active input actions
22:23:57.149 [JavaFX Application Thread] DEBUG GameApplicationServi - Removing overlay from MainMenu and adding to FXGLMainMenuDummyScene
22:23:57.149 [JavaFX Application Thread] DEBUG PrimaryStageWindow   - FXGLMainMenuDummyScene <- MainMenu
22:23:57.150 [JavaFX Application Thread] DEBUG Input                - Clearing active input actions
22:23:57.159 [JavaFX Application Thread] DEBUG GameApplicationServi - Removing overlay from FXGLMainMenuDummyScene and adding to FXGLLoadingScene
22:23:57.159 [JavaFX Application Thread] DEBUG PrimaryStageWindow   - FXGLMainMenuDummyScene -> FXGLLoadingScene
22:23:57.159 [JavaFX Application Thread] DEBUG GameApplicationServi - Clearing previous game
22:23:57.160 [JavaFX Application Thread] DEBUG GameScene            - Clearing game scene
22:23:57.160 [JavaFX Application Thread] DEBUG GameWorld            - Clearing game world
22:23:57.160 [JavaFX Application Thread] DEBUG PhysicsWorld         - Clearing physics world
22:23:57.163 [FXGL Background Thread 2 ] DEBUG FXGLApplication      - Initializing game
22:23:57.188 [FXGL Background Thread 2 ] DEBUG FXGLAssetLoaderServi - Loading from file system: file:/Users/chalitandunu/Desktop/the%20void/HS/Jaar%201/Periode%203/IPOSE/nerdsvsthevirus/target/classes/assets/textures/bg1.jpg
22:23:57.405 [FXGL Background Thread 2 ] WARN  TMXLevelLoader       - TiledMap generated from 1.5.0. Supported version: 1.2.3. Some features may not be parsed fully.
22:23:57.434 [FXGL Background Thread 2 ] DEBUG TMXLevelLoader       - Parsed raw map: TiledMap(width=30, height=10, tilewidth=70, tileheight=70, orientation=orthogonal, layers=[Layer(width=30, height=10, name=Bottom, type=tilelayer, visible=false, x=0, y=0, data=[0, 0, 0, 0, 0, 0, 0, 0, 0, 0, 0, 0, 0, 0, 0, 0, 0, 0, 0, 0, 0, 0, 0, 0, 0, 0, 0, 0, 0, 0, 0, 0, 0, 0, 0, 0, 0, 0, 0, 0, 0, 0, 0, 0, 0, 0, 0, 0, 0, 0, 0, 0, 0, 0, 0, 0, 0, 0, 0, 0, 0, 0, 0, 0, 0, 0, 0, 0, 0, 0, 0, 0, 0, 0, 0, 0, 0, 0, 0, 0, 0, 0, 0, 0, 0, 0, 0, 0, 0, 0, 0, 0, 0, 0, 0, 0, 0, 0, 0, 0, 0, 0, 0, 0, 0, 0, 0, 0, 0, 0, 0, 0, 0, 0, 0, 0, 0, 0, 0, 0, 0, 0, 0, 0, 0, 0, 0, 0, 0, 0, 0, 0, 0, 0, 0, 0, 0, 0, 0, 0, 0, 0, 0, 0, 0, 0, 0, 0, 0, 0, 0, 0, 0, 0, 0, 0, 0, 0, 0, 0, 0, 206, 205, 206, 0, 0, 0, 0, 0, 0, 0, 0, 0, 0, 0, 0, 0, 0, 0, 0, 0, 0, 0, 0, 0, 0, 0, 205, 206, 207, 0, 0, 0, 0, 0, 0, 0, 0, 0, 0, 0, 0, 0, 0, 0, 0, 0, 0, 0, 0, 0, 0, 0, 0, 206, 205, 0, 0, 0, 0, 0, 0, 0, 0, 0, 0, 0, 0, 0, 0, 0, 0, 0, 0, 0, 0, 0, 0, 0, 0, 0, 263, 0, 203, 0, 0, 0, 0, 0, 0, 0, 243, 244, 245, 0, 0, 0, 0, 0, 0, 0, 0, 0, 0, 0, 0, 0, 0, 0, 0, 185, 185, 185, 185, 185, 185, 185, 185, 185, 185, 185, 185, 185, 185, 185, 185, 0, 0, 185, 185, 185, 0, 0, 185, 185, 185, 185, 185, 185, 185], objects=[], opacity=0.0, draworder=), Layer(width=30, height=10, name=overlay, type=tilelayer, visible=false, x=0, y=0, data=[213, 185, 185, 185, 185, 185, 185, 185, 185, 185, 185, 227, 185, 185, 185, 185, 213, 0, 0, 0, 0, 0, 0, 0, 0, 0, 0, 0, 0, 0, 0, 0, 0, 0, 0, 0, 0, 0, 0, 0, 0, 241, 0, 0, 0, 0, 0, 0, 0, 0, 0, 0, 0, 0, 0, 0, 0, 0, 0, 0, 0, 0, 0, 0, 0, 0, 0, 0, 0, 0, 0, 255, 0, 0, 0, 0, 0, 0, 0, 0, 0, 0, 0, 0, 0, 0, 0, 0, 0, 0, 0, 0, 0, 0, 0, 0, 0, 0, 0, 0, 0, 0, 0, 0, 0, 0, 0, 0, 0, 0, 0, 0, 0, 0, 0, 0, 0, 0, 0, 0, 0, 0, 0, 0, 0, 0, 0, 0, 0, 0, 0, 0, 0, 0, 0, 0, 0, 0, 0, 0, 0, 0, 0, 0, 0, 0, 0, 0, 0, 0, 0, 0, 0, 0, 0, 0, 0, 0, 0, 0, 0, 215, 216, 217, 0, 0, 0, 0, 0, 0, 0, 0, 0, 0, 0, 0, 0, 0, 0, 0, 0, 0, 0, 0, 0, 0, 0, 0, 0, 0, 0, 0, 0, 0, 0, 0, 0, 0, 0, 0, 0, 0, 0, 0, 0, 0, 0, 0, 0, 0, 0, 0, 0, 189, 0, 0, 0, 0, 0, 0, 0, 0, 0, 226, 0, 0, 0, 0, 0, 0, 0, 0, 0, 0, 0, 0, 0, 0, 46, 0, 0, 0, 0, 0, 0, 0, 0, 0, 0, 0, 0, 0, 0, 0, 0, 0, 0, 0, 0, 0, 0, 0, 0, 0, 0, 0, 226, 0, 58, 0, 0, 0, 0, 0, 0, 0, 0, 0, 0, 0, 0, 0, 0, 0, 0, 0, 224, 224, 0, 0, 0, 224, 224, 0, 0, 0, 0, 0, 0, 0], objects=[], opacity=0.0, draworder=), Layer(width=0, height=0, name=Objectlaag 1, type=objectgroup, visible=false, x=0, y=0, data=[], objects=[com.almasb.fxgl.entity.level.tiled.TiledObject@20852772, com.almasb.fxgl.entity.level.tiled.TiledObject@3da3bd56, com.almasb.fxgl.entity.level.tiled.TiledObject@16099686, com.almasb.fxgl.entity.level.tiled.TiledObject@13728ba0, com.almasb.fxgl.entity.level.tiled.TiledObject@1a45800b, com.almasb.fxgl.entity.level.tiled.TiledObject@3aacd718, com.almasb.fxgl.entity.level.tiled.TiledObject@60cbcb6d, com.almasb.fxgl.entity.level.tiled.TiledObject@6763735f, com.almasb.fxgl.entity.level.tiled.TiledObject@5190e260, com.almasb.fxgl.entity.level.tiled.TiledObject@dd8fb5d, com.almasb.fxgl.entity.level.tiled.TiledObject@33f6d928, com.almasb.fxgl.entity.level.tiled.TiledObject@4f73ad82, com.almasb.fxgl.entity.level.tiled.TiledObject@19a6c5ee, com.almasb.fxgl.entity.level.tiled.TiledObject@53eed794, com.almasb.fxgl.entity.level.tiled.TiledObject@56547b58, com.almasb.fxgl.entity.level.tiled.TiledObject@499c3ad, com.almasb.fxgl.entity.level.tiled.TiledObject@2b3fff65, com.almasb.fxgl.entity.level.tiled.TiledObject@e48dfe1, com.almasb.fxgl.entity.level.tiled.TiledObject@7bb3ebcb, com.almasb.fxgl.entity.level.tiled.TiledObject@31fdcbbb], opacity=0.0, draworder=)], tilesets=[Tileset(firstgid=1, image=../../../../../../../Eigen test/src/main/resources/assets/levels/tiles_spritesheet.png, name=tiles_spritesheet, tilewidth=70, tileheight=70, imagewidth=914, imageheight=936, margin=0, spacing=2, columns=12, tilecount=156, transparentcolor=, tiles=[]), Tileset(firstgid=157, image=../../../../../../../Eigen test/src/main/resources/assets/levels/platformerPack_industrial_tilesheet.png, name=_industrial, tilewidth=70, tileheight=70, imagewidth=980, imageheight=560, margin=0, spacing=0, columns=14, tilecount=112, transparentcolor=, tiles=[])], backgroundcolor=, renderorder=right-down, nextobjectid=29, version=1, tiledversion=1.5.0, type=map, infinite=false, hexsidelength=0, staggeraxis=, staggerindex=, properties={}, propertytypes={})
22:23:57.435 [FXGL Background Thread 2 ] DEBUG TMXLevelLoader       - Creating tile layer entities
22:23:57.437 [FXGL Background Thread 2 ] DEBUG TilesetLoader        - Loading view for layer Bottom
22:23:57.446 [FXGL Background Thread 2 ] DEBUG TilesetLoader        - Created buffer with size 2100.0x700.0
22:23:57.533 [FXGL Background Thread 2 ] DEBUG TilesetLoader        - Writing to buffer: dst=770,350, w=70,h=70, src=490,210
22:23:57.534 [FXGL Background Thread 2 ] DEBUG TilesetLoader        - Writing to buffer: dst=840,350, w=70,h=70, src=420,210
22:23:57.535 [FXGL Background Thread 2 ] DEBUG TilesetLoader        - Writing to buffer: dst=910,350, w=70,h=70, src=490,210
22:23:57.535 [FXGL Background Thread 2 ] DEBUG TilesetLoader        - Writing to buffer: dst=490,420, w=70,h=70, src=420,210
22:23:57.535 [FXGL Background Thread 2 ] DEBUG TilesetLoader        - Writing to buffer: dst=560,420, w=70,h=70, src=490,210
22:23:57.535 [FXGL Background Thread 2 ] DEBUG TilesetLoader        - Writing to buffer: dst=630,420, w=70,h=70, src=560,210
22:23:57.536 [FXGL Background Thread 2 ] DEBUG TilesetLoader        - Writing to buffer: dst=280,490, w=70,h=70, src=490,210
22:23:57.536 [FXGL Background Thread 2 ] DEBUG TilesetLoader        - Writing to buffer: dst=350,490, w=70,h=70, src=420,210
22:23:57.536 [FXGL Background Thread 2 ] DEBUG TilesetLoader        - Writing to buffer: dst=70,560, w=70,h=70, src=560,490
22:23:57.536 [FXGL Background Thread 2 ] DEBUG TilesetLoader        - Writing to buffer: dst=210,560, w=70,h=70, src=280,210
22:23:57.536 [FXGL Background Thread 2 ] DEBUG TilesetLoader        - Writing to buffer: dst=770,560, w=70,h=70, src=140,420
22:23:57.537 [FXGL Background Thread 2 ] DEBUG TilesetLoader        - Writing to buffer: dst=840,560, w=70,h=70, src=210,420
22:23:57.537 [FXGL Background Thread 2 ] DEBUG TilesetLoader        - Writing to buffer: dst=910,560, w=70,h=70, src=280,420
22:23:57.537 [FXGL Background Thread 2 ] DEBUG TilesetLoader        - Writing to buffer: dst=0,630, w=70,h=70, src=0,140
22:23:57.537 [FXGL Background Thread 2 ] DEBUG TilesetLoader        - Writing to buffer: dst=70,630, w=70,h=70, src=0,140
22:23:57.538 [FXGL Background Thread 2 ] DEBUG TilesetLoader        - Writing to buffer: dst=140,630, w=70,h=70, src=0,140
22:23:57.538 [FXGL Background Thread 2 ] DEBUG TilesetLoader        - Writing to buffer: dst=210,630, w=70,h=70, src=0,140
22:23:57.538 [FXGL Background Thread 2 ] DEBUG TilesetLoader        - Writing to buffer: dst=280,630, w=70,h=70, src=0,140
22:23:57.539 [FXGL Background Thread 2 ] DEBUG TilesetLoader        - Writing to buffer: dst=350,630, w=70,h=70, src=0,140
22:23:57.539 [FXGL Background Thread 2 ] DEBUG TilesetLoader        - Writing to buffer: dst=420,630, w=70,h=70, src=0,140
22:23:57.539 [FXGL Background Thread 2 ] DEBUG TilesetLoader        - Writing to buffer: dst=490,630, w=70,h=70, src=0,140
22:23:57.540 [FXGL Background Thread 2 ] DEBUG TilesetLoader        - Writing to buffer: dst=560,630, w=70,h=70, src=0,140
22:23:57.540 [FXGL Background Thread 2 ] DEBUG TilesetLoader        - Writing to buffer: dst=630,630, w=70,h=70, src=0,140
22:23:57.540 [FXGL Background Thread 2 ] DEBUG TilesetLoader        - Writing to buffer: dst=700,630, w=70,h=70, src=0,140
22:23:57.541 [FXGL Background Thread 2 ] DEBUG TilesetLoader        - Writing to buffer: dst=770,630, w=70,h=70, src=0,140
22:23:57.541 [FXGL Background Thread 2 ] DEBUG TilesetLoader        - Writing to buffer: dst=840,630, w=70,h=70, src=0,140
22:23:57.541 [FXGL Background Thread 2 ] DEBUG TilesetLoader        - Writing to buffer: dst=910,630, w=70,h=70, src=0,140
22:23:57.541 [FXGL Background Thread 2 ] DEBUG TilesetLoader        - Writing to buffer: dst=980,630, w=70,h=70, src=0,140
22:23:57.541 [FXGL Background Thread 2 ] DEBUG TilesetLoader        - Writing to buffer: dst=1050,630, w=70,h=70, src=0,140
22:23:57.542 [FXGL Background Thread 2 ] DEBUG TilesetLoader        - Writing to buffer: dst=1260,630, w=70,h=70, src=0,140
22:23:57.542 [FXGL Background Thread 2 ] DEBUG TilesetLoader        - Writing to buffer: dst=1330,630, w=70,h=70, src=0,140
22:23:57.542 [FXGL Background Thread 2 ] DEBUG TilesetLoader        - Writing to buffer: dst=1400,630, w=70,h=70, src=0,140
22:23:57.542 [FXGL Background Thread 2 ] DEBUG TilesetLoader        - Writing to buffer: dst=1610,630, w=70,h=70, src=0,140
22:23:57.543 [FXGL Background Thread 2 ] DEBUG TilesetLoader        - Writing to buffer: dst=1680,630, w=70,h=70, src=0,140
22:23:57.543 [FXGL Background Thread 2 ] DEBUG TilesetLoader        - Writing to buffer: dst=1750,630, w=70,h=70, src=0,140
22:23:57.543 [FXGL Background Thread 2 ] DEBUG TilesetLoader        - Writing to buffer: dst=1820,630, w=70,h=70, src=0,140
22:23:57.545 [FXGL Background Thread 2 ] DEBUG TilesetLoader        - Writing to buffer: dst=1890,630, w=70,h=70, src=0,140
22:23:57.546 [FXGL Background Thread 2 ] DEBUG TilesetLoader        - Writing to buffer: dst=1960,630, w=70,h=70, src=0,140
22:23:57.546 [FXGL Background Thread 2 ] DEBUG TilesetLoader        - Writing to buffer: dst=2030,630, w=70,h=70, src=0,140
22:23:57.547 [FXGL Background Thread 2 ] DEBUG TilesetLoader        - Loading view for layer overlay
22:23:57.553 [FXGL Background Thread 2 ] DEBUG TilesetLoader        - Created buffer with size 2100.0x700.0
22:23:57.554 [FXGL Background Thread 2 ] DEBUG TilesetLoader        - Writing to buffer: dst=0,0, w=70,h=70, src=0,280
22:23:57.554 [FXGL Background Thread 2 ] DEBUG TilesetLoader        - Writing to buffer: dst=70,0, w=70,h=70, src=0,140
22:23:57.554 [FXGL Background Thread 2 ] DEBUG TilesetLoader        - Writing to buffer: dst=140,0, w=70,h=70, src=0,140
22:23:57.554 [FXGL Background Thread 2 ] DEBUG TilesetLoader        - Writing to buffer: dst=210,0, w=70,h=70, src=0,140
22:23:57.555 [FXGL Background Thread 2 ] DEBUG TilesetLoader        - Writing to buffer: dst=280,0, w=70,h=70, src=0,140
22:23:57.555 [FXGL Background Thread 2 ] DEBUG TilesetLoader        - Writing to buffer: dst=350,0, w=70,h=70, src=0,140
22:23:57.555 [FXGL Background Thread 2 ] DEBUG TilesetLoader        - Writing to buffer: dst=420,0, w=70,h=70, src=0,140
22:23:57.555 [FXGL Background Thread 2 ] DEBUG TilesetLoader        - Writing to buffer: dst=490,0, w=70,h=70, src=0,140
22:23:57.555 [FXGL Background Thread 2 ] DEBUG TilesetLoader        - Writing to buffer: dst=560,0, w=70,h=70, src=0,140
22:23:57.556 [FXGL Background Thread 2 ] DEBUG TilesetLoader        - Writing to buffer: dst=630,0, w=70,h=70, src=0,140
22:23:57.556 [FXGL Background Thread 2 ] DEBUG TilesetLoader        - Writing to buffer: dst=700,0, w=70,h=70, src=0,140
22:23:57.556 [FXGL Background Thread 2 ] DEBUG TilesetLoader        - Writing to buffer: dst=770,0, w=70,h=70, src=0,350
22:23:57.556 [FXGL Background Thread 2 ] DEBUG TilesetLoader        - Writing to buffer: dst=840,0, w=70,h=70, src=0,140
22:23:57.556 [FXGL Background Thread 2 ] DEBUG TilesetLoader        - Writing to buffer: dst=910,0, w=70,h=70, src=0,140
22:23:57.557 [FXGL Background Thread 2 ] DEBUG TilesetLoader        - Writing to buffer: dst=980,0, w=70,h=70, src=0,140
22:23:57.557 [FXGL Background Thread 2 ] DEBUG TilesetLoader        - Writing to buffer: dst=1050,0, w=70,h=70, src=0,140
22:23:57.557 [FXGL Background Thread 2 ] DEBUG TilesetLoader        - Writing to buffer: dst=1120,0, w=70,h=70, src=0,280
22:23:57.558 [FXGL Background Thread 2 ] DEBUG TilesetLoader        - Writing to buffer: dst=770,70, w=70,h=70, src=0,420
22:23:57.558 [FXGL Background Thread 2 ] DEBUG TilesetLoader        - Writing to buffer: dst=770,140, w=70,h=70, src=0,490
22:23:57.558 [FXGL Background Thread 2 ] DEBUG TilesetLoader        - Writing to buffer: dst=770,350, w=70,h=70, src=140,280
22:23:57.558 [FXGL Background Thread 2 ] DEBUG TilesetLoader        - Writing to buffer: dst=840,350, w=70,h=70, src=210,280
22:23:57.559 [FXGL Background Thread 2 ] DEBUG TilesetLoader        - Writing to buffer: dst=910,350, w=70,h=70, src=280,280
22:23:57.559 [FXGL Background Thread 2 ] DEBUG TilesetLoader        - Writing to buffer: dst=210,490, w=70,h=70, src=280,140
22:23:57.559 [FXGL Background Thread 2 ] DEBUG TilesetLoader        - Writing to buffer: dst=910,490, w=70,h=70, src=910,280
22:23:57.576 [FXGL Background Thread 2 ] DEBUG TilesetLoader        - Writing to buffer: dst=1960,490, w=70,h=70, src=648,216
22:23:57.576 [FXGL Background Thread 2 ] DEBUG TilesetLoader        - Writing to buffer: dst=1820,560, w=70,h=70, src=910,280
22:23:57.576 [FXGL Background Thread 2 ] DEBUG TilesetLoader        - Writing to buffer: dst=1960,560, w=70,h=70, src=648,288
22:23:57.577 [FXGL Background Thread 2 ] DEBUG TilesetLoader        - Writing to buffer: dst=1120,630, w=70,h=70, src=770,280
22:23:57.577 [FXGL Background Thread 2 ] DEBUG TilesetLoader        - Writing to buffer: dst=1190,630, w=70,h=70, src=770,280
22:23:57.577 [FXGL Background Thread 2 ] DEBUG TilesetLoader        - Writing to buffer: dst=1470,630, w=70,h=70, src=770,280
22:23:57.578 [FXGL Background Thread 2 ] DEBUG TilesetLoader        - Writing to buffer: dst=1540,630, w=70,h=70, src=770,280
22:23:57.579 [FXGL Background Thread 2 ] DEBUG TMXLevelLoader       - Creating object layer entities
22:23:57.601 [FXGL Background Thread 2 ] DEBUG FXGLAssetLoaderServi - Loading from file system: file:/Users/chalitandunu/Desktop/the%20void/HS/Jaar%201/Periode%203/IPOSE/nerdsvsthevirus/target/classes/assets/textures/spuit2.png
22:23:57.629 [FXGL Background Thread 2 ] DEBUG FXGLAssetLoaderServi - Loading from file system: file:/Users/chalitandunu/Desktop/the%20void/HS/Jaar%201/Periode%203/IPOSE/nerdsvsthevirus/target/classes/assets/textures/bacteria.png
22:23:57.669 [FXGL Background Thread 2 ] DEBUG GameWorld            - Clearing removable entities
22:23:57.669 [FXGL Background Thread 2 ] DEBUG GameWorld            - Setting level: com.almasb.fxgl.entity.level.Level@73df2210
22:23:57.683 [FXGL Background Thread 2 ] DEBUG FXGLAssetLoaderServi - Loading from file system: file:/Users/chalitandunu/Desktop/the%20void/HS/Jaar%201/Periode%203/IPOSE/nerdsvsthevirus/target/classes/assets/textures/nerd.png
22:23:57.701 [FXGL Background Thread 2 ] DEBUG FXGLAssetLoaderServi - Loading from file system: file:/Users/chalitandunu/Desktop/the%20void/HS/Jaar%201/Periode%203/IPOSE/nerdsvsthevirus/target/classes/assets/textures/hart.png
22:23:57.732 [FXGL Background Thread 2 ] INFO  FXGLApplication      - Game initialization took: 0.569 sec
22:23:57.732 [JavaFX Application Thread] DEBUG Input                - Clearing active input actions
22:23:57.744 [JavaFX Application Thread] DEBUG GameApplicationServi - Removing overlay from FXGLLoadingScene and adding to GameScene
22:23:57.745 [JavaFX Application Thread] DEBUG PrimaryStageWindow   - FXGLLoadingScene -> GameScene
22:24:03.970 [JavaFX Application Thread] DEBUG FXGLAssetLoaderServi - Loading from file system: file:/Users/chalitandunu/Desktop/the%20void/HS/Jaar%201/Periode%203/IPOSE/nerdsvsthevirus/target/classes/assets/sounds/life.wav
22:24:04.285 [JavaFX Application Thread] DEBUG FXGLAssetLoaderServi - Loading from file system: file:/Users/chalitandunu/Desktop/the%20void/HS/Jaar%201/Periode%203/IPOSE/nerdsvsthevirus/target/classes/assets/sounds/impact.wav
22:24:15.272 [JavaFX Application Thread] DEBUG PrimaryStageWindow   - Push state: DialogSubScene
22:24:15.272 [JavaFX Application Thread] DEBUG Input                - Clearing active input actions
22:24:15.281 [JavaFX Application Thread] DEBUG GameApplicationServi - Removing overlay from GameScene and adding to DialogSubScene
22:24:15.281 [JavaFX Application Thread] DEBUG PrimaryStageWindow   - GameScene -> DialogSubScene
22:24:16.209 [JavaFX Application Thread] DEBUG PrimaryStageWindow   - Pop state: DialogSubScene
22:24:16.210 [JavaFX Application Thread] DEBUG Input                - Clearing active input actions
22:24:16.211 [JavaFX Application Thread] DEBUG GameApplicationServi - Removing overlay from DialogSubScene and adding to GameScene
22:24:16.212 [JavaFX Application Thread] DEBUG PrimaryStageWindow   - GameScene <- DialogSubScene
22:24:16.213 [JavaFX Application Thread] DEBUG FXGLAssetLoaderServi - Loading from file system: file:/Users/chalitandunu/Desktop/the%20void/HS/Jaar%201/Periode%203/IPOSE/nerdsvsthevirus/target/classes/assets/textures/bg2.jpg
22:24:16.243 [JavaFX Application Thread] WARN  TMXLevelLoader       - TiledMap generated from 1.5.0. Supported version: 1.2.3. Some features may not be parsed fully.
22:24:16.250 [JavaFX Application Thread] DEBUG TMXLevelLoader       - Parsed raw map: TiledMap(width=30, height=10, tilewidth=70, tileheight=70, orientation=orthogonal, layers=[Layer(width=30, height=10, name=Bottom, type=tilelayer, visible=false, x=0, y=0, data=[0, 0, 0, 0, 0, 0, 0, 0, 0, 0, 0, 0, 0, 0, 0, 0, 0, 194, 194, 194, 194, 194, 194, 194, 194, 194, 194, 194, 194, 194, 0, 0, 0, 0, 0, 0, 0, 0, 0, 0, 0, 0, 0, 0, 0, 0, 0, 0, 0, 0, 0, 0, 0, 0, 0, 0, 0, 0, 0, 0, 0, 0, 0, 0, 0, 0, 0, 0, 0, 0, 0, 0, 0, 0, 0, 0, 0, 0, 0, 0, 0, 0, 0, 0, 0, 0, 0, 0, 0, 0, 0, 0, 0, 0, 0, 0, 0, 0, 0, 0, 0, 0, 0, 0, 0, 0, 0, 0, 0, 0, 0, 0, 0, 0, 0, 0, 0, 0, 0, 0, 0, 0, 0, 0, 0, 0, 0, 0, 0, 0, 0, 0, 0, 0, 0, 0, 0, 0, 0, 0, 0, 0, 0, 0, 0, 0, 0, 0, 46, 0, 0, 0, 0, 0, 0, 0, 0, 0, 0, 0, 0, 0, 0, 0, 0, 0, 0, 0, 0, 0, 0, 0, 0, 0, 0, 0, 0, 0, 58, 0, 0, 0, 0, 0, 0, 0, 0, 191, 192, 193, 0, 0, 0, 0, 0, 0, 0, 0, 0, 0, 0, 0, 0, 0, 0, 0, 0, 199, 199, 0, 0, 0, 0, 191, 192, 193, 0, 0, 0, 0, 0, 191, 192, 193, 0, 0, 0, 0, 0, 0, 0, 0, 0, 0, 0, 0, 199, 199, 199, 0, 0, 0, 0, 0, 0, 0, 0, 0, 0, 0, 0, 0, 0, 0, 0, 0, 0, 0, 0, 0, 0, 0, 0, 0, 0, 199, 199, 199, 199, 0, 185, 185, 185, 0, 0, 0, 0, 0, 0, 0, 0, 0, 0, 0, 0, 185, 0, 0, 185, 185, 185, 0, 0, 185, 185, 185, 185, 185, 185, 185], objects=[], opacity=0.0, draworder=), Layer(width=30, height=10, name=overlay, type=tilelayer, visible=false, x=0, y=0, data=[213, 185, 185, 185, 185, 185, 185, 185, 185, 185, 185, 227, 185, 185, 185, 185, 213, 0, 0, 0, 0, 0, 0, 0, 0, 0, 0, 0, 0, 0, 0, 0, 0, 0, 0, 0, 0, 0, 0, 0, 0, 0, 0, 0, 0, 0, 0, 0, 0, 0, 0, 0, 0, 0, 0, 0, 0, 0, 0, 0, 0, 0, 0, 0, 0, 0, 0, 0, 0, 0, 0, 0, 0, 0, 0, 0, 0, 0, 0, 0, 0, 0, 0, 0, 0, 0, 0, 0, 0, 0, 0, 0, 0, 0, 0, 0, 0, 0, 0, 0, 0, 0, 0, 0, 0, 0, 0, 0, 0, 0, 0, 0, 0, 0, 0, 0, 0, 0, 0, 0, 0, 0, 0, 0, 0, 0, 0, 0, 0, 0, 0, 0, 0, 0, 0, 0, 0, 0, 0, 0, 0, 0, 0, 0, 0, 0, 0, 0, 0, 0, 0, 0, 0, 0, 0, 0, 0, 0, 0, 0, 0, 0, 0, 0, 0, 0, 0, 0, 0, 0, 0, 0, 0, 0, 0, 0, 0, 0, 0, 0, 0, 0, 0, 0, 0, 0, 0, 0, 0, 0, 0, 0, 0, 0, 0, 0, 0, 0, 0, 0, 0, 0, 0, 0, 0, 0, 0, 0, 0, 0, 0, 0, 0, 0, 0, 0, 0, 0, 0, 0, 0, 0, 0, 0, 0, 0, 0, 0, 0, 0, 0, 0, 0, 0, 0, 0, 0, 0, 0, 0, 0, 0, 0, 0, 0, 0, 0, 0, 0, 0, 0, 0, 0, 0, 0, 0, 0, 0, 0, 0, 0, 0, 0, 0, 0, 0, 0, 0, 0, 0, 0, 0, 0, 0, 0, 0, 0, 0, 0, 0, 0, 0, 0, 0, 0, 0, 224, 224, 0, 0, 0, 224, 224, 0, 0, 0, 0, 0, 0, 0], objects=[], opacity=0.0, draworder=), Layer(width=0, height=0, name=Objectlaag 1, type=objectgroup, visible=false, x=0, y=0, data=[], objects=[com.almasb.fxgl.entity.level.tiled.TiledObject@5643b017, com.almasb.fxgl.entity.level.tiled.TiledObject@d758e92, com.almasb.fxgl.entity.level.tiled.TiledObject@6fc0e9f0, com.almasb.fxgl.entity.level.tiled.TiledObject@754d1a8a, com.almasb.fxgl.entity.level.tiled.TiledObject@3e45df3c, com.almasb.fxgl.entity.level.tiled.TiledObject@1fe5d778, com.almasb.fxgl.entity.level.tiled.TiledObject@7702321d, com.almasb.fxgl.entity.level.tiled.TiledObject@6a86ef3d, com.almasb.fxgl.entity.level.tiled.TiledObject@7aaa616e, com.almasb.fxgl.entity.level.tiled.TiledObject@4bc53754, com.almasb.fxgl.entity.level.tiled.TiledObject@2d3166eb, com.almasb.fxgl.entity.level.tiled.TiledObject@70938b77, com.almasb.fxgl.entity.level.tiled.TiledObject@599b251a, com.almasb.fxgl.entity.level.tiled.TiledObject@3b06c6ea, com.almasb.fxgl.entity.level.tiled.TiledObject@1d26e95f, com.almasb.fxgl.entity.level.tiled.TiledObject@718201bf, com.almasb.fxgl.entity.level.tiled.TiledObject@71b15960, com.almasb.fxgl.entity.level.tiled.TiledObject@7c0df02a, com.almasb.fxgl.entity.level.tiled.TiledObject@56cb92e5, com.almasb.fxgl.entity.level.tiled.TiledObject@37a5ee7a, com.almasb.fxgl.entity.level.tiled.TiledObject@4c24dbb7, com.almasb.fxgl.entity.level.tiled.TiledObject@5f3bfeb9], opacity=0.0, draworder=)], tilesets=[Tileset(firstgid=1, image=../../../../../../../Eigen test/src/main/resources/assets/levels/tiles_spritesheet.png, name=tiles_spritesheet, tilewidth=70, tileheight=70, imagewidth=914, imageheight=936, margin=0, spacing=2, columns=12, tilecount=156, transparentcolor=, tiles=[]), Tileset(firstgid=157, image=../../../../../../../Eigen test/src/main/resources/assets/levels/platformerPack_industrial_tilesheet.png, name=_industrial, tilewidth=70, tileheight=70, imagewidth=980, imageheight=560, margin=0, spacing=0, columns=14, tilecount=112, transparentcolor=, tiles=[])], backgroundcolor=, renderorder=right-down, nextobjectid=33, version=1, tiledversion=1.5.0, type=map, infinite=false, hexsidelength=0, staggeraxis=, staggerindex=, properties={}, propertytypes={})
22:24:16.251 [JavaFX Application Thread] DEBUG TMXLevelLoader       - Creating tile layer entities
22:24:16.251 [JavaFX Application Thread] DEBUG TilesetLoader        - Loading view for layer Bottom
22:24:16.256 [JavaFX Application Thread] DEBUG TilesetLoader        - Created buffer with size 2100.0x700.0
22:24:16.289 [JavaFX Application Thread] DEBUG TilesetLoader        - Writing to buffer: dst=1190,0, w=70,h=70, src=630,140
22:24:16.289 [JavaFX Application Thread] DEBUG TilesetLoader        - Writing to buffer: dst=1260,0, w=70,h=70, src=630,140
22:24:16.289 [JavaFX Application Thread] DEBUG TilesetLoader        - Writing to buffer: dst=1330,0, w=70,h=70, src=630,140
22:24:16.289 [JavaFX Application Thread] DEBUG TilesetLoader        - Writing to buffer: dst=1400,0, w=70,h=70, src=630,140
22:24:16.289 [JavaFX Application Thread] DEBUG TilesetLoader        - Writing to buffer: dst=1470,0, w=70,h=70, src=630,140
22:24:16.289 [JavaFX Application Thread] DEBUG TilesetLoader        - Writing to buffer: dst=1540,0, w=70,h=70, src=630,140
22:24:16.289 [JavaFX Application Thread] DEBUG TilesetLoader        - Writing to buffer: dst=1610,0, w=70,h=70, src=630,140
22:24:16.289 [JavaFX Application Thread] DEBUG TilesetLoader        - Writing to buffer: dst=1680,0, w=70,h=70, src=630,140
22:24:16.290 [JavaFX Application Thread] DEBUG TilesetLoader        - Writing to buffer: dst=1750,0, w=70,h=70, src=630,140
22:24:16.290 [JavaFX Application Thread] DEBUG TilesetLoader        - Writing to buffer: dst=1820,0, w=70,h=70, src=630,140
22:24:16.290 [JavaFX Application Thread] DEBUG TilesetLoader        - Writing to buffer: dst=1890,0, w=70,h=70, src=630,140
22:24:16.290 [JavaFX Application Thread] DEBUG TilesetLoader        - Writing to buffer: dst=1960,0, w=70,h=70, src=630,140
22:24:16.290 [JavaFX Application Thread] DEBUG TilesetLoader        - Writing to buffer: dst=2030,0, w=70,h=70, src=630,140
22:24:16.309 [JavaFX Application Thread] DEBUG TilesetLoader        - Writing to buffer: dst=1960,280, w=70,h=70, src=648,216
22:24:16.309 [JavaFX Application Thread] DEBUG TilesetLoader        - Writing to buffer: dst=1960,350, w=70,h=70, src=648,288
22:24:16.309 [JavaFX Application Thread] DEBUG TilesetLoader        - Writing to buffer: dst=490,420, w=70,h=70, src=420,140
22:24:16.309 [JavaFX Application Thread] DEBUG TilesetLoader        - Writing to buffer: dst=560,420, w=70,h=70, src=490,140
22:24:16.309 [JavaFX Application Thread] DEBUG TilesetLoader        - Writing to buffer: dst=630,420, w=70,h=70, src=560,140
22:24:16.309 [JavaFX Application Thread] DEBUG TilesetLoader        - Writing to buffer: dst=1890,420, w=70,h=70, src=0,210
22:24:16.310 [JavaFX Application Thread] DEBUG TilesetLoader        - Writing to buffer: dst=1960,420, w=70,h=70, src=0,210
22:24:16.310 [JavaFX Application Thread] DEBUG TilesetLoader        - Writing to buffer: dst=210,490, w=70,h=70, src=420,140
22:24:16.310 [JavaFX Application Thread] DEBUG TilesetLoader        - Writing to buffer: dst=280,490, w=70,h=70, src=490,140
22:24:16.310 [JavaFX Application Thread] DEBUG TilesetLoader        - Writing to buffer: dst=350,490, w=70,h=70, src=560,140
22:24:16.310 [JavaFX Application Thread] DEBUG TilesetLoader        - Writing to buffer: dst=770,490, w=70,h=70, src=420,140
22:24:16.310 [JavaFX Application Thread] DEBUG TilesetLoader        - Writing to buffer: dst=840,490, w=70,h=70, src=490,140
22:24:16.311 [JavaFX Application Thread] DEBUG TilesetLoader        - Writing to buffer: dst=910,490, w=70,h=70, src=560,140
22:24:16.311 [JavaFX Application Thread] DEBUG TilesetLoader        - Writing to buffer: dst=1820,490, w=70,h=70, src=0,210
22:24:16.311 [JavaFX Application Thread] DEBUG TilesetLoader        - Writing to buffer: dst=1890,490, w=70,h=70, src=0,210
22:24:16.311 [JavaFX Application Thread] DEBUG TilesetLoader        - Writing to buffer: dst=1960,490, w=70,h=70, src=0,210
22:24:16.313 [JavaFX Application Thread] DEBUG TilesetLoader        - Writing to buffer: dst=1750,560, w=70,h=70, src=0,210
22:24:16.314 [JavaFX Application Thread] DEBUG TilesetLoader        - Writing to buffer: dst=1820,560, w=70,h=70, src=0,210
22:24:16.314 [JavaFX Application Thread] DEBUG TilesetLoader        - Writing to buffer: dst=1890,560, w=70,h=70, src=0,210
22:24:16.314 [JavaFX Application Thread] DEBUG TilesetLoader        - Writing to buffer: dst=1960,560, w=70,h=70, src=0,210
22:24:16.314 [JavaFX Application Thread] DEBUG TilesetLoader        - Writing to buffer: dst=0,630, w=70,h=70, src=0,140
22:24:16.314 [JavaFX Application Thread] DEBUG TilesetLoader        - Writing to buffer: dst=70,630, w=70,h=70, src=0,140
22:24:16.314 [JavaFX Application Thread] DEBUG TilesetLoader        - Writing to buffer: dst=140,630, w=70,h=70, src=0,140
22:24:16.315 [JavaFX Application Thread] DEBUG TilesetLoader        - Writing to buffer: dst=1050,630, w=70,h=70, src=0,140
22:24:16.315 [JavaFX Application Thread] DEBUG TilesetLoader        - Writing to buffer: dst=1260,630, w=70,h=70, src=0,140
22:24:16.315 [JavaFX Application Thread] DEBUG TilesetLoader        - Writing to buffer: dst=1330,630, w=70,h=70, src=0,140
22:24:16.315 [JavaFX Application Thread] DEBUG TilesetLoader        - Writing to buffer: dst=1400,630, w=70,h=70, src=0,140
22:24:16.315 [JavaFX Application Thread] DEBUG TilesetLoader        - Writing to buffer: dst=1610,630, w=70,h=70, src=0,140
22:24:16.315 [JavaFX Application Thread] DEBUG TilesetLoader        - Writing to buffer: dst=1680,630, w=70,h=70, src=0,140
22:24:16.315 [JavaFX Application Thread] DEBUG TilesetLoader        - Writing to buffer: dst=1750,630, w=70,h=70, src=0,140
22:24:16.316 [JavaFX Application Thread] DEBUG TilesetLoader        - Writing to buffer: dst=1820,630, w=70,h=70, src=0,140
22:24:16.316 [JavaFX Application Thread] DEBUG TilesetLoader        - Writing to buffer: dst=1890,630, w=70,h=70, src=0,140
22:24:16.316 [JavaFX Application Thread] DEBUG TilesetLoader        - Writing to buffer: dst=1960,630, w=70,h=70, src=0,140
22:24:16.316 [JavaFX Application Thread] DEBUG TilesetLoader        - Writing to buffer: dst=2030,630, w=70,h=70, src=0,140
22:24:16.317 [JavaFX Application Thread] DEBUG TilesetLoader        - Loading view for layer overlay
22:24:16.319 [JavaFX Application Thread] DEBUG TilesetLoader        - Created buffer with size 2100.0x700.0
22:24:16.319 [JavaFX Application Thread] DEBUG TilesetLoader        - Writing to buffer: dst=0,0, w=70,h=70, src=0,280
22:24:16.319 [JavaFX Application Thread] DEBUG TilesetLoader        - Writing to buffer: dst=70,0, w=70,h=70, src=0,140
22:24:16.319 [JavaFX Application Thread] DEBUG TilesetLoader        - Writing to buffer: dst=140,0, w=70,h=70, src=0,140
22:24:16.319 [JavaFX Application Thread] DEBUG TilesetLoader        - Writing to buffer: dst=210,0, w=70,h=70, src=0,140
22:24:16.320 [JavaFX Application Thread] DEBUG TilesetLoader        - Writing to buffer: dst=280,0, w=70,h=70, src=0,140
22:24:16.320 [JavaFX Application Thread] DEBUG TilesetLoader        - Writing to buffer: dst=350,0, w=70,h=70, src=0,140
22:24:16.320 [JavaFX Application Thread] DEBUG TilesetLoader        - Writing to buffer: dst=420,0, w=70,h=70, src=0,140
22:24:16.320 [JavaFX Application Thread] DEBUG TilesetLoader        - Writing to buffer: dst=490,0, w=70,h=70, src=0,140
22:24:16.320 [JavaFX Application Thread] DEBUG TilesetLoader        - Writing to buffer: dst=560,0, w=70,h=70, src=0,140
22:24:16.320 [JavaFX Application Thread] DEBUG TilesetLoader        - Writing to buffer: dst=630,0, w=70,h=70, src=0,140
22:24:16.320 [JavaFX Application Thread] DEBUG TilesetLoader        - Writing to buffer: dst=700,0, w=70,h=70, src=0,140
22:24:16.320 [JavaFX Application Thread] DEBUG TilesetLoader        - Writing to buffer: dst=770,0, w=70,h=70, src=0,350
22:24:16.322 [JavaFX Application Thread] DEBUG TilesetLoader        - Writing to buffer: dst=840,0, w=70,h=70, src=0,140
22:24:16.322 [JavaFX Application Thread] DEBUG TilesetLoader        - Writing to buffer: dst=910,0, w=70,h=70, src=0,140
22:24:16.322 [JavaFX Application Thread] DEBUG TilesetLoader        - Writing to buffer: dst=980,0, w=70,h=70, src=0,140
22:24:16.322 [JavaFX Application Thread] DEBUG TilesetLoader        - Writing to buffer: dst=1050,0, w=70,h=70, src=0,140
22:24:16.322 [JavaFX Application Thread] DEBUG TilesetLoader        - Writing to buffer: dst=1120,0, w=70,h=70, src=0,280
22:24:16.322 [JavaFX Application Thread] DEBUG TilesetLoader        - Writing to buffer: dst=1120,630, w=70,h=70, src=770,280
22:24:16.322 [JavaFX Application Thread] DEBUG TilesetLoader        - Writing to buffer: dst=1190,630, w=70,h=70, src=770,280
22:24:16.323 [JavaFX Application Thread] DEBUG TilesetLoader        - Writing to buffer: dst=1470,630, w=70,h=70, src=770,280
22:24:16.323 [JavaFX Application Thread] DEBUG TilesetLoader        - Writing to buffer: dst=1540,630, w=70,h=70, src=770,280
22:24:16.323 [JavaFX Application Thread] DEBUG TMXLevelLoader       - Creating object layer entities
22:24:16.339 [JavaFX Application Thread] DEBUG GameWorld            - Clearing removable entities
22:24:16.342 [JavaFX Application Thread] DEBUG GameWorld            - Setting level: com.almasb.fxgl.entity.level.Level@ede28c3
22:24:25.184 [JavaFX Application Thread] DEBUG PrimaryStageWindow   - Push state: DialogSubScene
22:24:25.184 [JavaFX Application Thread] DEBUG Input                - Clearing active input actions
22:24:25.185 [JavaFX Application Thread] DEBUG GameApplicationServi - Removing overlay from GameScene and adding to DialogSubScene
22:24:25.186 [JavaFX Application Thread] DEBUG PrimaryStageWindow   - GameScene -> DialogSubScene
22:24:37.865 [JavaFX Application Thread] DEBUG PrimaryStageWindow   - Pop state: DialogSubScene
22:24:37.865 [JavaFX Application Thread] DEBUG Input                - Clearing active input actions
22:24:37.866 [JavaFX Application Thread] DEBUG GameApplicationServi - Removing overlay from DialogSubScene and adding to GameScene
22:24:37.867 [JavaFX Application Thread] DEBUG PrimaryStageWindow   - GameScene <- DialogSubScene
22:24:37.867 [JavaFX Application Thread] DEBUG Input                - Clearing active input actions
22:24:37.878 [JavaFX Application Thread] DEBUG GameApplicationServi - Removing overlay from GameScene and adding to FXGLMainMenuDummyScene
22:24:37.879 [JavaFX Application Thread] DEBUG PrimaryStageWindow   - GameScene -> FXGLMainMenuDummyScene
22:24:37.879 [JavaFX Application Thread] DEBUG PrimaryStageWindow   - Push state: MainMenu
22:24:37.879 [JavaFX Application Thread] DEBUG Input                - Clearing active input actions
22:24:38.276 [JavaFX Application Thread] DEBUG GameApplicationServi - Removing overlay from FXGLMainMenuDummyScene and adding to MainMenu
22:24:38.278 [JavaFX Application Thread] DEBUG PrimaryStageWindow   - FXGLMainMenuDummyScene -> MainMenu
22:25:02.633 [JavaFX Application Thread] DEBUG Menu                 - fireNewGame()
22:25:02.633 [JavaFX Application Thread] DEBUG GameApplicationServi - Starting new game
22:25:02.634 [JavaFX Application Thread] DEBUG PrimaryStageWindow   - Pop state: MainMenu
22:25:02.634 [JavaFX Application Thread] DEBUG Input                - Clearing active input actions
22:25:02.635 [JavaFX Application Thread] DEBUG GameApplicationServi - Removing overlay from MainMenu and adding to FXGLMainMenuDummyScene
22:25:02.636 [JavaFX Application Thread] DEBUG PrimaryStageWindow   - FXGLMainMenuDummyScene <- MainMenu
22:25:02.636 [JavaFX Application Thread] DEBUG Input                - Clearing active input actions
22:25:02.645 [JavaFX Application Thread] DEBUG GameApplicationServi - Removing overlay from FXGLMainMenuDummyScene and adding to FXGLLoadingScene
22:25:02.645 [JavaFX Application Thread] DEBUG PrimaryStageWindow   - FXGLMainMenuDummyScene -> FXGLLoadingScene
22:25:02.645 [JavaFX Application Thread] DEBUG GameApplicationServi - Clearing previous game
22:25:02.646 [JavaFX Application Thread] DEBUG GameScene            - Clearing game scene
22:25:02.646 [JavaFX Application Thread] DEBUG GameWorld            - Clearing game world
22:25:02.649 [JavaFX Application Thread] DEBUG PhysicsWorld         - Clearing physics world
22:25:02.649 [FXGL Background Thread 5 ] DEBUG FXGLApplication      - Initializing game
22:25:02.659 [FXGL Background Thread 5 ] WARN  TMXLevelLoader       - TiledMap generated from 1.5.0. Supported version: 1.2.3. Some features may not be parsed fully.
22:25:02.672 [FXGL Background Thread 5 ] DEBUG TMXLevelLoader       - Parsed raw map: TiledMap(width=30, height=10, tilewidth=70, tileheight=70, orientation=orthogonal, layers=[Layer(width=30, height=10, name=Bottom, type=tilelayer, visible=false, x=0, y=0, data=[0, 0, 0, 0, 0, 0, 0, 0, 0, 0, 0, 0, 0, 0, 0, 0, 0, 0, 0, 0, 0, 0, 0, 0, 0, 0, 0, 0, 0, 0, 0, 0, 0, 0, 0, 0, 0, 0, 0, 0, 0, 0, 0, 0, 0, 0, 0, 0, 0, 0, 0, 0, 0, 0, 0, 0, 0, 0, 0, 0, 0, 0, 0, 0, 0, 0, 0, 0, 0, 0, 0, 0, 0, 0, 0, 0, 0, 0, 0, 0, 0, 0, 0, 0, 0, 0, 0, 0, 0, 0, 0, 0, 0, 0, 0, 0, 0, 0, 0, 0, 0, 0, 0, 0, 0, 0, 0, 0, 0, 0, 0, 0, 0, 0, 0, 0, 0, 0, 0, 0, 0, 0, 0, 0, 0, 0, 0, 0, 0, 0, 0, 0, 0, 0, 0, 0, 0, 0, 0, 0, 0, 0, 0, 0, 0, 0, 0, 0, 0, 0, 0, 0, 0, 0, 0, 0, 0, 0, 0, 0, 0, 206, 205, 206, 0, 0, 0, 0, 0, 0, 0, 0, 0, 0, 0, 0, 0, 0, 0, 0, 0, 0, 0, 0, 0, 0, 0, 205, 206, 207, 0, 0, 0, 0, 0, 0, 0, 0, 0, 0, 0, 0, 0, 0, 0, 0, 0, 0, 0, 0, 0, 0, 0, 0, 206, 205, 0, 0, 0, 0, 0, 0, 0, 0, 0, 0, 0, 0, 0, 0, 0, 0, 0, 0, 0, 0, 0, 0, 0, 0, 0, 263, 0, 203, 0, 0, 0, 0, 0, 0, 0, 243, 244, 245, 0, 0, 0, 0, 0, 0, 0, 0, 0, 0, 0, 0, 0, 0, 0, 0, 185, 185, 185, 185, 185, 185, 185, 185, 185, 185, 185, 185, 185, 185, 185, 185, 0, 0, 185, 185, 185, 0, 0, 185, 185, 185, 185, 185, 185, 185], objects=[], opacity=0.0, draworder=), Layer(width=30, height=10, name=overlay, type=tilelayer, visible=false, x=0, y=0, data=[213, 185, 185, 185, 185, 185, 185, 185, 185, 185, 185, 227, 185, 185, 185, 185, 213, 0, 0, 0, 0, 0, 0, 0, 0, 0, 0, 0, 0, 0, 0, 0, 0, 0, 0, 0, 0, 0, 0, 0, 0, 241, 0, 0, 0, 0, 0, 0, 0, 0, 0, 0, 0, 0, 0, 0, 0, 0, 0, 0, 0, 0, 0, 0, 0, 0, 0, 0, 0, 0, 0, 255, 0, 0, 0, 0, 0, 0, 0, 0, 0, 0, 0, 0, 0, 0, 0, 0, 0, 0, 0, 0, 0, 0, 0, 0, 0, 0, 0, 0, 0, 0, 0, 0, 0, 0, 0, 0, 0, 0, 0, 0, 0, 0, 0, 0, 0, 0, 0, 0, 0, 0, 0, 0, 0, 0, 0, 0, 0, 0, 0, 0, 0, 0, 0, 0, 0, 0, 0, 0, 0, 0, 0, 0, 0, 0, 0, 0, 0, 0, 0, 0, 0, 0, 0, 0, 0, 0, 0, 0, 0, 215, 216, 217, 0, 0, 0, 0, 0, 0, 0, 0, 0, 0, 0, 0, 0, 0, 0, 0, 0, 0, 0, 0, 0, 0, 0, 0, 0, 0, 0, 0, 0, 0, 0, 0, 0, 0, 0, 0, 0, 0, 0, 0, 0, 0, 0, 0, 0, 0, 0, 0, 0, 189, 0, 0, 0, 0, 0, 0, 0, 0, 0, 226, 0, 0, 0, 0, 0, 0, 0, 0, 0, 0, 0, 0, 0, 0, 46, 0, 0, 0, 0, 0, 0, 0, 0, 0, 0, 0, 0, 0, 0, 0, 0, 0, 0, 0, 0, 0, 0, 0, 0, 0, 0, 0, 226, 0, 58, 0, 0, 0, 0, 0, 0, 0, 0, 0, 0, 0, 0, 0, 0, 0, 0, 0, 224, 224, 0, 0, 0, 224, 224, 0, 0, 0, 0, 0, 0, 0], objects=[], opacity=0.0, draworder=), Layer(width=0, height=0, name=Objectlaag 1, type=objectgroup, visible=false, x=0, y=0, data=[], objects=[com.almasb.fxgl.entity.level.tiled.TiledObject@567fb283, com.almasb.fxgl.entity.level.tiled.TiledObject@775ec2b4, com.almasb.fxgl.entity.level.tiled.TiledObject@77d0f73, com.almasb.fxgl.entity.level.tiled.TiledObject@4650055f, com.almasb.fxgl.entity.level.tiled.TiledObject@6d905cbc, com.almasb.fxgl.entity.level.tiled.TiledObject@6c5a68d8, com.almasb.fxgl.entity.level.tiled.TiledObject@333f4b7, com.almasb.fxgl.entity.level.tiled.TiledObject@450f7373, com.almasb.fxgl.entity.level.tiled.TiledObject@2a15b2d2, com.almasb.fxgl.entity.level.tiled.TiledObject@15b603e0, com.almasb.fxgl.entity.level.tiled.TiledObject@9bccbad, com.almasb.fxgl.entity.level.tiled.TiledObject@3716b502, com.almasb.fxgl.entity.level.tiled.TiledObject@30121210, com.almasb.fxgl.entity.level.tiled.TiledObject@159eaef1, com.almasb.fxgl.entity.level.tiled.TiledObject@7a90fe4c, com.almasb.fxgl.entity.level.tiled.TiledObject@78aceab9, com.almasb.fxgl.entity.level.tiled.TiledObject@580ee52e, com.almasb.fxgl.entity.level.tiled.TiledObject@388731f8, com.almasb.fxgl.entity.level.tiled.TiledObject@4518da3a, com.almasb.fxgl.entity.level.tiled.TiledObject@5a7e0902], opacity=0.0, draworder=)], tilesets=[Tileset(firstgid=1, image=../../../../../../../Eigen test/src/main/resources/assets/levels/tiles_spritesheet.png, name=tiles_spritesheet, tilewidth=70, tileheight=70, imagewidth=914, imageheight=936, margin=0, spacing=2, columns=12, tilecount=156, transparentcolor=, tiles=[]), Tileset(firstgid=157, image=../../../../../../../Eigen test/src/main/resources/assets/levels/platformerPack_industrial_tilesheet.png, name=_industrial, tilewidth=70, tileheight=70, imagewidth=980, imageheight=560, margin=0, spacing=0, columns=14, tilecount=112, transparentcolor=, tiles=[])], backgroundcolor=, renderorder=right-down, nextobjectid=29, version=1, tiledversion=1.5.0, type=map, infinite=false, hexsidelength=0, staggeraxis=, staggerindex=, properties={}, propertytypes={})
22:25:02.672 [FXGL Background Thread 5 ] DEBUG TMXLevelLoader       - Creating tile layer entities
22:25:02.674 [FXGL Background Thread 5 ] DEBUG TilesetLoader        - Loading view for layer Bottom
22:25:02.678 [FXGL Background Thread 5 ] DEBUG TilesetLoader        - Created buffer with size 2100.0x700.0
22:25:02.707 [FXGL Background Thread 5 ] DEBUG TilesetLoader        - Writing to buffer: dst=770,350, w=70,h=70, src=490,210
22:25:02.708 [FXGL Background Thread 5 ] DEBUG TilesetLoader        - Writing to buffer: dst=840,350, w=70,h=70, src=420,210
22:25:02.708 [FXGL Background Thread 5 ] DEBUG TilesetLoader        - Writing to buffer: dst=910,350, w=70,h=70, src=490,210
22:25:02.709 [FXGL Background Thread 5 ] DEBUG TilesetLoader        - Writing to buffer: dst=490,420, w=70,h=70, src=420,210
22:25:02.710 [FXGL Background Thread 5 ] DEBUG TilesetLoader        - Writing to buffer: dst=560,420, w=70,h=70, src=490,210
22:25:02.710 [FXGL Background Thread 5 ] DEBUG TilesetLoader        - Writing to buffer: dst=630,420, w=70,h=70, src=560,210
22:25:02.710 [FXGL Background Thread 5 ] DEBUG TilesetLoader        - Writing to buffer: dst=280,490, w=70,h=70, src=490,210
22:25:02.710 [FXGL Background Thread 5 ] DEBUG TilesetLoader        - Writing to buffer: dst=350,490, w=70,h=70, src=420,210
22:25:02.710 [FXGL Background Thread 5 ] DEBUG TilesetLoader        - Writing to buffer: dst=70,560, w=70,h=70, src=560,490
22:25:02.711 [FXGL Background Thread 5 ] DEBUG TilesetLoader        - Writing to buffer: dst=210,560, w=70,h=70, src=280,210
22:25:02.711 [FXGL Background Thread 5 ] DEBUG TilesetLoader        - Writing to buffer: dst=770,560, w=70,h=70, src=140,420
22:25:02.711 [FXGL Background Thread 5 ] DEBUG TilesetLoader        - Writing to buffer: dst=840,560, w=70,h=70, src=210,420
22:25:02.711 [FXGL Background Thread 5 ] DEBUG TilesetLoader        - Writing to buffer: dst=910,560, w=70,h=70, src=280,420
22:25:02.711 [FXGL Background Thread 5 ] DEBUG TilesetLoader        - Writing to buffer: dst=0,630, w=70,h=70, src=0,140
22:25:02.711 [FXGL Background Thread 5 ] DEBUG TilesetLoader        - Writing to buffer: dst=70,630, w=70,h=70, src=0,140
22:25:02.711 [FXGL Background Thread 5 ] DEBUG TilesetLoader        - Writing to buffer: dst=140,630, w=70,h=70, src=0,140
22:25:02.715 [FXGL Background Thread 5 ] DEBUG TilesetLoader        - Writing to buffer: dst=210,630, w=70,h=70, src=0,140
22:25:02.715 [FXGL Background Thread 5 ] DEBUG TilesetLoader        - Writing to buffer: dst=280,630, w=70,h=70, src=0,140
22:25:02.716 [FXGL Background Thread 5 ] DEBUG TilesetLoader        - Writing to buffer: dst=350,630, w=70,h=70, src=0,140
22:25:02.717 [FXGL Background Thread 5 ] DEBUG TilesetLoader        - Writing to buffer: dst=420,630, w=70,h=70, src=0,140
22:25:02.718 [FXGL Background Thread 5 ] DEBUG TilesetLoader        - Writing to buffer: dst=490,630, w=70,h=70, src=0,140
22:25:02.718 [FXGL Background Thread 5 ] DEBUG TilesetLoader        - Writing to buffer: dst=560,630, w=70,h=70, src=0,140
22:25:02.718 [FXGL Background Thread 5 ] DEBUG TilesetLoader        - Writing to buffer: dst=630,630, w=70,h=70, src=0,140
22:25:02.718 [FXGL Background Thread 5 ] DEBUG TilesetLoader        - Writing to buffer: dst=700,630, w=70,h=70, src=0,140
22:25:02.718 [FXGL Background Thread 5 ] DEBUG TilesetLoader        - Writing to buffer: dst=770,630, w=70,h=70, src=0,140
22:25:02.719 [FXGL Background Thread 5 ] DEBUG TilesetLoader        - Writing to buffer: dst=840,630, w=70,h=70, src=0,140
22:25:02.719 [FXGL Background Thread 5 ] DEBUG TilesetLoader        - Writing to buffer: dst=910,630, w=70,h=70, src=0,140
22:25:02.719 [FXGL Background Thread 5 ] DEBUG TilesetLoader        - Writing to buffer: dst=980,630, w=70,h=70, src=0,140
22:25:02.719 [FXGL Background Thread 5 ] DEBUG TilesetLoader        - Writing to buffer: dst=1050,630, w=70,h=70, src=0,140
22:25:02.719 [FXGL Background Thread 5 ] DEBUG TilesetLoader        - Writing to buffer: dst=1260,630, w=70,h=70, src=0,140
22:25:02.719 [FXGL Background Thread 5 ] DEBUG TilesetLoader        - Writing to buffer: dst=1330,630, w=70,h=70, src=0,140
22:25:02.719 [FXGL Background Thread 5 ] DEBUG TilesetLoader        - Writing to buffer: dst=1400,630, w=70,h=70, src=0,140
22:25:02.721 [FXGL Background Thread 5 ] DEBUG TilesetLoader        - Writing to buffer: dst=1610,630, w=70,h=70, src=0,140
22:25:02.721 [FXGL Background Thread 5 ] DEBUG TilesetLoader        - Writing to buffer: dst=1680,630, w=70,h=70, src=0,140
22:25:02.721 [FXGL Background Thread 5 ] DEBUG TilesetLoader        - Writing to buffer: dst=1750,630, w=70,h=70, src=0,140
22:25:02.721 [FXGL Background Thread 5 ] DEBUG TilesetLoader        - Writing to buffer: dst=1820,630, w=70,h=70, src=0,140
22:25:02.721 [FXGL Background Thread 5 ] DEBUG TilesetLoader        - Writing to buffer: dst=1890,630, w=70,h=70, src=0,140
22:25:02.721 [FXGL Background Thread 5 ] DEBUG TilesetLoader        - Writing to buffer: dst=1960,630, w=70,h=70, src=0,140
22:25:02.721 [FXGL Background Thread 5 ] DEBUG TilesetLoader        - Writing to buffer: dst=2030,630, w=70,h=70, src=0,140
22:25:02.722 [FXGL Background Thread 5 ] DEBUG TilesetLoader        - Loading view for layer overlay
22:25:02.723 [FXGL Background Thread 5 ] DEBUG TilesetLoader        - Created buffer with size 2100.0x700.0
22:25:02.723 [FXGL Background Thread 5 ] DEBUG TilesetLoader        - Writing to buffer: dst=0,0, w=70,h=70, src=0,280
22:25:02.723 [FXGL Background Thread 5 ] DEBUG TilesetLoader        - Writing to buffer: dst=70,0, w=70,h=70, src=0,140
22:25:02.723 [FXGL Background Thread 5 ] DEBUG TilesetLoader        - Writing to buffer: dst=140,0, w=70,h=70, src=0,140
22:25:02.723 [FXGL Background Thread 5 ] DEBUG TilesetLoader        - Writing to buffer: dst=210,0, w=70,h=70, src=0,140
22:25:02.723 [FXGL Background Thread 5 ] DEBUG TilesetLoader        - Writing to buffer: dst=280,0, w=70,h=70, src=0,140
22:25:02.723 [FXGL Background Thread 5 ] DEBUG TilesetLoader        - Writing to buffer: dst=350,0, w=70,h=70, src=0,140
22:25:02.724 [FXGL Background Thread 5 ] DEBUG TilesetLoader        - Writing to buffer: dst=420,0, w=70,h=70, src=0,140
22:25:02.728 [FXGL Background Thread 5 ] DEBUG TilesetLoader        - Writing to buffer: dst=490,0, w=70,h=70, src=0,140
22:25:02.728 [FXGL Background Thread 5 ] DEBUG TilesetLoader        - Writing to buffer: dst=560,0, w=70,h=70, src=0,140
22:25:02.728 [FXGL Background Thread 5 ] DEBUG TilesetLoader        - Writing to buffer: dst=630,0, w=70,h=70, src=0,140
22:25:02.728 [FXGL Background Thread 5 ] DEBUG TilesetLoader        - Writing to buffer: dst=700,0, w=70,h=70, src=0,140
22:25:02.728 [FXGL Background Thread 5 ] DEBUG TilesetLoader        - Writing to buffer: dst=770,0, w=70,h=70, src=0,350
22:25:02.729 [FXGL Background Thread 5 ] DEBUG TilesetLoader        - Writing to buffer: dst=840,0, w=70,h=70, src=0,140
22:25:02.729 [FXGL Background Thread 5 ] DEBUG TilesetLoader        - Writing to buffer: dst=910,0, w=70,h=70, src=0,140
22:25:02.729 [FXGL Background Thread 5 ] DEBUG TilesetLoader        - Writing to buffer: dst=980,0, w=70,h=70, src=0,140
22:25:02.729 [FXGL Background Thread 5 ] DEBUG TilesetLoader        - Writing to buffer: dst=1050,0, w=70,h=70, src=0,140
22:25:02.729 [FXGL Background Thread 5 ] DEBUG TilesetLoader        - Writing to buffer: dst=1120,0, w=70,h=70, src=0,280
22:25:02.729 [FXGL Background Thread 5 ] DEBUG TilesetLoader        - Writing to buffer: dst=770,70, w=70,h=70, src=0,420
22:25:02.729 [FXGL Background Thread 5 ] DEBUG TilesetLoader        - Writing to buffer: dst=770,140, w=70,h=70, src=0,490
22:25:02.730 [FXGL Background Thread 5 ] DEBUG TilesetLoader        - Writing to buffer: dst=770,350, w=70,h=70, src=140,280
22:25:02.731 [FXGL Background Thread 5 ] DEBUG TilesetLoader        - Writing to buffer: dst=840,350, w=70,h=70, src=210,280
22:25:02.731 [FXGL Background Thread 5 ] DEBUG TilesetLoader        - Writing to buffer: dst=910,350, w=70,h=70, src=280,280
22:25:02.739 [FXGL Background Thread 5 ] DEBUG TilesetLoader        - Writing to buffer: dst=210,490, w=70,h=70, src=280,140
22:25:02.740 [FXGL Background Thread 5 ] DEBUG TilesetLoader        - Writing to buffer: dst=910,490, w=70,h=70, src=910,280
22:25:02.758 [FXGL Background Thread 5 ] DEBUG TilesetLoader        - Writing to buffer: dst=1960,490, w=70,h=70, src=648,216
22:25:02.759 [FXGL Background Thread 5 ] DEBUG TilesetLoader        - Writing to buffer: dst=1820,560, w=70,h=70, src=910,280
22:25:02.759 [FXGL Background Thread 5 ] DEBUG TilesetLoader        - Writing to buffer: dst=1960,560, w=70,h=70, src=648,288
22:25:02.759 [FXGL Background Thread 5 ] DEBUG TilesetLoader        - Writing to buffer: dst=1120,630, w=70,h=70, src=770,280
22:25:02.759 [FXGL Background Thread 5 ] DEBUG TilesetLoader        - Writing to buffer: dst=1190,630, w=70,h=70, src=770,280
22:25:02.759 [FXGL Background Thread 5 ] DEBUG TilesetLoader        - Writing to buffer: dst=1470,630, w=70,h=70, src=770,280
22:25:02.760 [FXGL Background Thread 5 ] DEBUG TilesetLoader        - Writing to buffer: dst=1540,630, w=70,h=70, src=770,280
22:25:02.760 [FXGL Background Thread 5 ] DEBUG TMXLevelLoader       - Creating object layer entities
22:25:02.774 [FXGL Background Thread 5 ] DEBUG GameWorld            - Clearing removable entities
22:25:02.774 [FXGL Background Thread 5 ] DEBUG GameWorld            - Setting level: com.almasb.fxgl.entity.level.Level@72d6b8e1
22:25:02.782 [FXGL Background Thread 5 ] INFO  FXGLApplication      - Game initialization took: 0.133 sec
22:25:02.784 [JavaFX Application Thread] DEBUG Input                - Clearing active input actions
22:25:02.789 [JavaFX Application Thread] DEBUG GameApplicationServi - Removing overlay from FXGLLoadingScene and adding to GameScene
22:25:02.789 [JavaFX Application Thread] DEBUG PrimaryStageWindow   - FXGLLoadingScene -> GameScene
22:26:41.995 [JavaFX Application Thread] DEBUG FXGLApplication      - Exiting FXGL
22:26:41.996 [JavaFX Application Thread] DEBUG LoopRunner           - Stopping loop
22:26:41.996 [JavaFX Application Thread] DEBUG SystemBundleService  - Saving FXGL system data
22:26:42.001 [JavaFX Application Thread] DEBUG FileSystemAccess     - Writing to: /Users/chalitandunu/Desktop/the void/HS/Jaar 1/Periode 3/IPOSE/nerdsvsthevirus/system/fxgl.bundle
22:26:42.004 [JavaFX Application Thread] DEBUG Async                - Shutting down background threads
22:26:42.005 [JavaFX Application Thread] DEBUG PrimaryStageWindow   - Closing main window
22:26:42.009 [JavaFX Application Thread] DEBUG Logger               - Closing Logger
