15:32:39.386 [main                     ] DEBUG Logger               - Configured Logger
15:32:39.459 [main                     ] DEBUG GameApplication      - Logging settings
Title: Nerds VS Virus
Version: 0.0
Width: 1200
Height: 800
Fullscreen: false
Intro: false
Profiling: false
Single step:false
App Mode: DEVELOPER
Menu Key: ESCAPE
Stage Style: DECORATED
Scene Factory: class com.almasb.fxgl.app.scene.SceneFactory

15:32:40.677 [JavaFX Application Thread] DEBUG FXGLApplication      - Initializing FXGL
15:32:40.682 [JavaFX Application Thread] INFO  Engine               - FXGL-11.14 (01.03.2021 16.59) on MAC (J:15.0.1 FX:15)
15:32:40.685 [JavaFX Application Thread] DEBUG Engine               - JRE Vendor Name: Oracle Corporation
15:32:40.685 [JavaFX Application Thread] DEBUG Engine               - Running on OS: Mac OS X version 10.16
15:32:40.686 [JavaFX Application Thread] DEBUG Engine               - Architecture: x86_64
15:32:40.686 [JavaFX Application Thread] INFO  Engine               - Source code and latest versions at: https://github.com/AlmasB/FXGL
15:32:40.686 [JavaFX Application Thread] INFO  Engine               -              Join the FXGL chat at: https://gitter.im/AlmasB/FXGL
15:32:41.111 [JavaFX Application Thread] DEBUG PrimaryStageWindow   - Creating a JavaFX scene
15:32:41.265 [JavaFX Application Thread] DEBUG PrimaryStageWindow   - Target settings size: 1200.0 x 800.0
15:32:41.266 [JavaFX Application Thread] DEBUG PrimaryStageWindow   - Scaled scene size:    1200.0 x 800.0
15:32:41.266 [JavaFX Application Thread] DEBUG PrimaryStageWindow   - Scaled ratio: (1.0, 1.0)
15:32:41.269 [JavaFX Application Thread] DEBUG PrimaryStageWindow   - Set initial scene to FXGLStartupScene
15:32:41.281 [JavaFX Application Thread] DEBUG PrimaryStageWindow   - Opening main window
15:32:41.532 [JavaFX Application Thread] DEBUG PrimaryStageWindow   - Window border size: (0.0, 28.0)
15:32:41.533 [JavaFX Application Thread] DEBUG PrimaryStageWindow   - Scaled size: 1200.0 x 800.0
15:32:41.533 [JavaFX Application Thread] DEBUG PrimaryStageWindow   - Scaled ratio: (1.0, 1.0)
15:32:41.533 [JavaFX Application Thread] DEBUG PrimaryStageWindow   - Scene size: 1200.0 x 800.0
15:32:41.533 [JavaFX Application Thread] DEBUG PrimaryStageWindow   - Stage size: 1200.0 x 828.0
15:32:41.806 [FXGL Background Thread 1 ] DEBUG Engine               - Initializing environment variables
15:32:42.021 [FXGL Background Thread 1 ] DEBUG FXGLAssetLoaderServi - User app class for loading assets: class Game
15:32:42.024 [FXGL Background Thread 1 ] DEBUG GameApplicationServi - Applying CSS: fxgl_dark.css
15:32:42.037 [FXGL Background Thread 1 ] DEBUG FXGLAssetLoaderServi - Loading from file system: jar:file:/Users/chalitandunu/.m2/repository/com/github/almasb/fxgl/11.14/fxgl-11.14.jar!/fxglassets/ui/css/fxgl_dark.css
15:32:42.268 [FXGL Background Thread 1 ] DEBUG GameApplicationServi - Initializing application scenes
15:32:43.982 [FXGL Background Thread 1 ] DEBUG GameWorld            - Game world initialized
15:32:44.147 [FXGL Background Thread 1 ] DEBUG PhysicsWorld         - Physics world initialized: appHeight=800, physics.ppm=50.0
15:32:44.148 [FXGL Background Thread 1 ] DEBUG PhysicsWorld         - Using strategy: BRUTE_FORCE
15:32:44.197 [FXGL Background Thread 1 ] DEBUG GameScene            - Game scene initialized: 1200x800
15:32:44.388 [FXGL Background Thread 1 ] DEBUG FXGLAssetLoaderServi - Loading from file system: jar:file:/Users/chalitandunu/.m2/repository/com/github/almasb/fxgl/11.14/fxgl-11.14.jar!/fxglassets/textures/particles/trace_horizontal.png
15:32:44.531 [FXGL Background Thread 1 ] DEBUG FXGL.DefaultMenu     - createMenuBodyGameMenu()
15:32:44.590 [FXGL Background Thread 1 ] DEBUG FXGL.DefaultMenu     - createOptionsMenu()
15:32:44.610 [FXGL Background Thread 1 ] DEBUG FXGLAssetLoaderServi - Loading from file system: jar:file:/Users/chalitandunu/.m2/repository/com/github/almasb/fxgl/11.14/fxgl-11.14.jar!/fxglassets/textures/particles/smoke.png
15:32:44.798 [FXGL Background Thread 1 ] DEBUG GameApplicationServi - Application scenes initialized
15:32:44.827 [FXGL Background Thread 1 ] DEBUG SystemBundleService  - Loading default FXGL system data
15:32:44.828 [FXGL Background Thread 1 ] DEBUG UpdaterService       - Checking for updates
15:32:44.836 [FXGL Background Thread 4 ] DEBUG FXGLApplication      - Loading fonts
15:32:44.837 [FXGL Background Thread 4 ] DEBUG FXGLAssetLoaderServi - Loading from file system: jar:file:/Users/chalitandunu/.m2/repository/com/github/almasb/fxgl/11.14/fxgl-11.14.jar!/fxglassets/ui/fonts/VarelaRound-Regular.ttf
15:32:44.837 [FXGL Background Thread 1 ] DEBUG FXGLApplication      - Loading default localization
15:32:44.839 [FXGL Background Thread 1 ] DEBUG FXGLAssetLoaderServi - Loading from file system: jar:file:/Users/chalitandunu/.m2/repository/com/github/almasb/fxgl/11.14/fxgl-11.14.jar!/fxglassets/languages/english.lang
15:32:44.877 [FXGL Background Thread 4 ] DEBUG FXGLAssetLoaderServi - Loading from file system: jar:file:/Users/chalitandunu/.m2/repository/com/github/almasb/fxgl/11.14/fxgl-11.14.jar!/fxglassets/ui/fonts/Abel-Regular.ttf
15:32:44.885 [FXGL Background Thread 4 ] DEBUG FXGLAssetLoaderServi - Loading from file system: jar:file:/Users/chalitandunu/.m2/repository/com/github/almasb/fxgl/11.14/fxgl-11.14.jar!/fxglassets/ui/fonts/lucida_console.ttf
15:32:44.901 [FXGL Background Thread 4 ] DEBUG FXGLAssetLoaderServi - Loading from file system: jar:file:/Users/chalitandunu/.m2/repository/com/github/almasb/fxgl/11.14/fxgl-11.14.jar!/fxglassets/ui/fonts/Courier-Prime.ttf
15:32:44.911 [JavaFX Application Thread] DEBUG FXGLApplication      - Registering font factories with UI factory
15:32:44.931 [FXGL Background Thread 1 ] INFO  FXGLApplication      - FXGL initialization took: 3.125 sec
15:32:44.946 [JavaFX Application Thread] DEBUG Input                - Registered new binding: action0 - D
15:32:44.947 [JavaFX Application Thread] DEBUG Input                - Registered new binding: action1 - A
15:32:44.948 [JavaFX Application Thread] DEBUG FXGLAssetLoaderServi - Loading from file system: jar:file:/Users/chalitandunu/.m2/repository/com/github/almasb/fxgl/11.14/fxgl-11.14.jar!/fxglassets/textures/fxgl_icon.png
15:32:44.989 [JavaFX Application Thread] DEBUG FXGLAssetLoaderServi - Loading from file system: jar:file:/Users/chalitandunu/.m2/repository/com/github/almasb/fxgl/11.14/fxgl-11.14.jar!/fxglassets/ui/cursors/fxgl_default.png
15:32:45.008 [JavaFX Application Thread] DEBUG Input                - Registered new binding: Screenshot - P
15:32:45.009 [JavaFX Application Thread] DEBUG Input                - Registered new binding: System info dump - CTRL+9
15:32:45.010 [JavaFX Application Thread] DEBUG Input                - Registered new binding: Restart - CTRL+R
15:32:45.011 [JavaFX Application Thread] DEBUG Input                - Registered new binding: Toggle Debug Camera - CTRL+C
15:32:45.014 [JavaFX Application Thread] DEBUG LoopRunner           - Starting loop
15:32:45.019 [JavaFX Application Thread] DEBUG LoopRunner           - Initializing JavaFX AnimationTimerLoop
15:32:45.021 [JavaFX Application Thread] DEBUG GameApplicationServi - Starting new game
15:32:45.022 [JavaFX Application Thread] DEBUG Input                - Clearing active input actions
15:32:45.042 [JavaFX Application Thread] DEBUG GameApplicationServi - Removing overlay from FXGLStartupScene and adding to FXGLLoadingScene
15:32:45.042 [JavaFX Application Thread] DEBUG PrimaryStageWindow   - FXGLStartupScene -> FXGLLoadingScene
15:32:45.043 [JavaFX Application Thread] DEBUG GameApplicationServi - Clearing previous game
15:32:45.043 [JavaFX Application Thread] DEBUG GameScene            - Clearing game scene
15:32:45.043 [JavaFX Application Thread] DEBUG GameWorld            - Clearing game world
15:32:45.044 [JavaFX Application Thread] DEBUG PhysicsWorld         - Clearing physics world
15:32:45.164 [FXGL Background Thread 1 ] DEBUG FXGLApplication      - Initializing game
15:32:45.207 [FXGL Background Thread 1 ] DEBUG FXGLAssetLoaderServi - Loading from file system: file:/Users/chalitandunu/Desktop/the%20void/HS/Jaar%201/Periode%203/IPOSE/nerdsvsthevirus/target/classes/assets/textures//Game/sprite.png
15:32:45.424 [FXGL Background Thread 1 ] INFO  FXGLApplication      - Game initialization took: 0.260 sec
15:32:45.595 [JavaFX Application Thread] DEBUG Input                - Clearing active input actions
15:32:45.609 [JavaFX Application Thread] DEBUG GameApplicationServi - Removing overlay from FXGLLoadingScene and adding to GameScene
15:32:45.610 [JavaFX Application Thread] DEBUG PrimaryStageWindow   - FXGLLoadingScene -> GameScene
15:32:47.836 [FXGL Background Thread 3 ] DEBUG Engine               - Logging environment variables
15:32:47.837 [FXGL Background Thread 3 ] DEBUG Engine               - achievements: []
15:32:47.837 [FXGL Background Thread 3 ] DEBUG Engine               - actualHeight: 800.0
15:32:47.837 [FXGL Background Thread 3 ] DEBUG Engine               - actualHeightProperty: ReadOnlyDoubleProperty [value: 800.0]
15:32:47.837 [FXGL Background Thread 3 ] DEBUG Engine               - actualWidth: 1200.0
15:32:47.837 [FXGL Background Thread 3 ] DEBUG Engine               - actualWidthProperty: ReadOnlyDoubleProperty [value: 1200.0]
15:32:47.838 [FXGL Background Thread 3 ] DEBUG Engine               - appIcon: fxgl_icon.png
15:32:47.838 [FXGL Background Thread 3 ] DEBUG Engine               - applicationMode: DEVELOPER
15:32:47.838 [FXGL Background Thread 3 ] DEBUG Engine               - cSSList: [fxgl_dark.css]
15:32:47.838 [FXGL Background Thread 3 ] DEBUG Engine               - collisionDetectionStrategy: BRUTE_FORCE
15:32:47.838 [FXGL Background Thread 3 ] DEBUG Engine               - configClass: Optional.empty
15:32:47.838 [FXGL Background Thread 3 ] DEBUG Engine               - credits: []
15:32:47.839 [FXGL Background Thread 3 ] DEBUG Engine               - devBBoxColorProperty: ObjectProperty [value: 0xff0000ff]
15:32:47.839 [FXGL Background Thread 3 ] DEBUG Engine               - devEnableDebugCameraProperty: BooleanProperty [value: false]
15:32:47.840 [FXGL Background Thread 3 ] DEBUG Engine               - devSensorColorProperty: ObjectProperty [value: 0xffff00ff]
15:32:47.841 [FXGL Background Thread 3 ] DEBUG Engine               - devShowBBoxProperty: BooleanProperty [value: false]
15:32:47.844 [FXGL Background Thread 3 ] DEBUG Engine               - devShowPositionProperty: BooleanProperty [value: false]
15:32:47.844 [FXGL Background Thread 3 ] DEBUG Engine               - enabledMenuItems: []
15:32:47.845 [FXGL Background Thread 3 ] DEBUG Engine               - engineServices: [class com.almasb.fxgl.app.services.FXGLAssetLoaderService, class com.almasb.fxgl.app.FXGLApplication$GameApplicationService, class com.almasb.fxgl.app.services.FXGLDialogService, class com.almasb.fxgl.app.services.IOTaskExecutorService, class com.almasb.fxgl.event.EventBusService, class com.almasb.fxgl.io.FileSystemService, class com.almasb.fxgl.localization.LocalizationService, class com.almasb.fxgl.app.services.SystemBundleService, class com.almasb.fxgl.profile.SaveLoadService, class com.almasb.fxgl.ui.FXGLUIFactoryServiceProvider, class com.almasb.fxgl.ui.FXGLDialogFactoryServiceProvider, class com.almasb.fxgl.audio.AudioPlayer, class com.almasb.fxgl.notification.impl.NotificationServiceProvider, class com.almasb.fxgl.achievement.AchievementService, class com.almasb.fxgl.cutscene.CutsceneService, class com.almasb.fxgl.minigames.MiniGameService, class com.almasb.fxgl.net.NetService, class com.almasb.fxgl.app.services.UpdaterService, class com.almasb.fxgl.dev.DevService]
15:32:47.845 [FXGL Background Thread 3 ] DEBUG Engine               - fontGame: Abel-Regular.ttf
15:32:47.845 [FXGL Background Thread 3 ] DEBUG Engine               - fontMono: lucida_console.ttf
15:32:47.846 [FXGL Background Thread 3 ] DEBUG Engine               - fontText: Courier-Prime.ttf
15:32:47.846 [FXGL Background Thread 3 ] DEBUG Engine               - fontUI: VarelaRound-Regular.ttf
15:32:47.847 [FXGL Background Thread 3 ] DEBUG Engine               - fullScreen: BooleanProperty [value: false]
15:32:47.847 [FXGL Background Thread 3 ] DEBUG Engine               - gameDifficulty: MEDIUM
15:32:47.848 [FXGL Background Thread 3 ] DEBUG Engine               - gameDifficultyProperty: ObjectProperty [value: MEDIUM]
15:32:47.848 [FXGL Background Thread 3 ] DEBUG Engine               - globalMusicVolume: 0.5
15:32:47.849 [FXGL Background Thread 3 ] DEBUG Engine               - globalMusicVolumeProperty: DoubleProperty [value: 0.5]
15:32:47.849 [FXGL Background Thread 3 ] DEBUG Engine               - globalSoundVolume: 0.5
15:32:47.849 [FXGL Background Thread 3 ] DEBUG Engine               - globalSoundVolumeProperty: DoubleProperty [value: 0.5]
15:32:47.854 [FXGL Background Thread 3 ] DEBUG Engine               - height: 800
15:32:47.855 [FXGL Background Thread 3 ] DEBUG Engine               - isAndroid: false
15:32:47.855 [FXGL Background Thread 3 ] DEBUG Engine               - isBrowser: false
15:32:47.855 [FXGL Background Thread 3 ] DEBUG Engine               - isClickFeedbackEnabled: false
15:32:47.855 [FXGL Background Thread 3 ] DEBUG Engine               - isCloseConfirmation: false
15:32:47.856 [FXGL Background Thread 3 ] DEBUG Engine               - isDesktop: true
15:32:47.856 [FXGL Background Thread 3 ] DEBUG Engine               - isDeveloperMenuEnabled: false
15:32:47.857 [FXGL Background Thread 3 ] DEBUG Engine               - isEntityPreloadEnabled: true
15:32:47.857 [FXGL Background Thread 3 ] DEBUG Engine               - isExperimental3D: false
15:32:47.857 [FXGL Background Thread 3 ] DEBUG Engine               - isExperimentalNative: false
15:32:47.858 [FXGL Background Thread 3 ] DEBUG Engine               - isExperimentalTiledLargeMap: false
15:32:47.858 [FXGL Background Thread 3 ] DEBUG Engine               - isFileSystemWriteAllowed: true
15:32:47.859 [FXGL Background Thread 3 ] DEBUG Engine               - isFullScreenAllowed: false
15:32:47.859 [FXGL Background Thread 3 ] DEBUG Engine               - isFullScreenFromStart: false
15:32:47.859 [FXGL Background Thread 3 ] DEBUG Engine               - isGameMenuEnabled: true
15:32:47.860 [FXGL Background Thread 3 ] DEBUG Engine               - isIOS: false
15:32:47.862 [FXGL Background Thread 3 ] DEBUG Engine               - isIntroEnabled: false
15:32:47.863 [FXGL Background Thread 3 ] DEBUG Engine               - isLinux: false
15:32:47.864 [FXGL Background Thread 3 ] DEBUG Engine               - isMac: true
15:32:47.865 [FXGL Background Thread 3 ] DEBUG Engine               - isMainMenuEnabled: false
15:32:47.865 [FXGL Background Thread 3 ] DEBUG Engine               - isManualResizeEnabled: false
15:32:47.865 [FXGL Background Thread 3 ] DEBUG Engine               - isMobile: false
15:32:47.865 [FXGL Background Thread 3 ] DEBUG Engine               - isPreserveResizeRatio: false
15:32:47.866 [FXGL Background Thread 3 ] DEBUG Engine               - isProfilingEnabled: false
15:32:47.866 [FXGL Background Thread 3 ] DEBUG Engine               - isScaleAffectedOnResize: true
15:32:47.866 [FXGL Background Thread 3 ] DEBUG Engine               - isSingleStep: false
15:32:47.867 [FXGL Background Thread 3 ] DEBUG Engine               - isUserProfileEnabled: false
15:32:47.867 [FXGL Background Thread 3 ] DEBUG Engine               - isWindows: false
15:32:47.867 [FXGL Background Thread 3 ] DEBUG Engine               - language: ObjectProperty [value: ENGLISH]
15:32:47.868 [FXGL Background Thread 3 ] DEBUG Engine               - menuKey: ESCAPE
15:32:47.868 [FXGL Background Thread 3 ] DEBUG Engine               - notificationViewClass: class com.almasb.fxgl.notification.view.XboxNotificationView
15:32:47.868 [FXGL Background Thread 3 ] DEBUG Engine               - pixelsPerMeter: 50.0
15:32:47.870 [FXGL Background Thread 3 ] DEBUG Engine               - platform: MAC
15:32:47.871 [FXGL Background Thread 3 ] DEBUG Engine               - prefHeightProperty: ReadOnlyDoubleProperty [value: 800.0]
15:32:47.871 [FXGL Background Thread 3 ] DEBUG Engine               - prefWidthProperty: ReadOnlyDoubleProperty [value: 1200.0]
15:32:47.871 [FXGL Background Thread 3 ] DEBUG Engine               - profileDir: profiles/
15:32:47.871 [FXGL Background Thread 3 ] DEBUG Engine               - profileName: StringProperty [value: DEFAULT]
15:32:47.872 [FXGL Background Thread 3 ] DEBUG Engine               - randomSeed: -1
15:32:47.872 [FXGL Background Thread 3 ] DEBUG Engine               - runtimeInfo: RuntimeInfo(platform=MAC, version=11.14, build=01.03.2021 16.59)
15:32:47.872 [FXGL Background Thread 3 ] DEBUG Engine               - saveFileExt: sav
15:32:47.872 [FXGL Background Thread 3 ] DEBUG Engine               - scaledHeightProp$fxgl: DoubleProperty [bound, value: 800.0]
15:32:47.873 [FXGL Background Thread 3 ] DEBUG Engine               - scaledWidthProp$fxgl: DoubleProperty [bound, value: 1200.0]
15:32:47.873 [FXGL Background Thread 3 ] DEBUG Engine               - sceneFactory: com.almasb.fxgl.app.scene.SceneFactory@202fb7c0
15:32:47.873 [FXGL Background Thread 3 ] DEBUG Engine               - secondsIn24h: 60
15:32:47.873 [FXGL Background Thread 3 ] DEBUG Engine               - soundMenuBack: menu/back.wav
15:32:47.873 [FXGL Background Thread 3 ] DEBUG Engine               - soundMenuPress: menu/press.wav
15:32:47.874 [FXGL Background Thread 3 ] DEBUG Engine               - soundMenuSelect: menu/select.wav
15:32:47.874 [FXGL Background Thread 3 ] DEBUG Engine               - soundNotification: core/notification.wav
15:32:47.874 [FXGL Background Thread 3 ] DEBUG Engine               - stageStyle: DECORATED
15:32:47.874 [FXGL Background Thread 3 ] DEBUG Engine               - supportedLanguages: [ENGLISH, FRENCH, GERMAN, HUNGARIAN, RUSSIAN]
15:32:47.874 [FXGL Background Thread 3 ] DEBUG Engine               - ticksPerSecond: -1
15:32:47.874 [FXGL Background Thread 3 ] DEBUG Engine               - title: Nerds VS Virus
15:32:47.875 [FXGL Background Thread 3 ] DEBUG Engine               - urlGithub: https://github.com/AlmasB/FXGL
15:32:47.875 [FXGL Background Thread 3 ] DEBUG Engine               - urlLeaderboard: http://fxgl-top.herokuapp.com/
15:32:47.875 [FXGL Background Thread 3 ] DEBUG Engine               - urlPOM: https://raw.githubusercontent.com/AlmasB/FXGL/release/README.md
15:32:47.876 [FXGL Background Thread 3 ] DEBUG Engine               - userAppClass: class Game
15:32:47.876 [FXGL Background Thread 3 ] DEBUG Engine               - version: 0.0
15:32:47.876 [FXGL Background Thread 3 ] DEBUG Engine               - versionCheckDays: 7
15:32:47.876 [FXGL Background Thread 3 ] DEBUG Engine               - width: 1200
15:32:47.876 [FXGL Background Thread 3 ] DEBUG Engine               - Logging services
15:32:47.877 [FXGL Background Thread 3 ] DEBUG Engine               - class com.almasb.fxgl.app.services.FXGLAssetLoaderService
15:32:47.877 [FXGL Background Thread 3 ] DEBUG Engine               - class com.almasb.fxgl.app.FXGLApplication$GameApplicationService
15:32:47.879 [FXGL Background Thread 3 ] DEBUG Engine               - class com.almasb.fxgl.app.services.FXGLDialogService
15:32:47.879 [FXGL Background Thread 3 ] DEBUG Engine               - class com.almasb.fxgl.app.services.IOTaskExecutorService
15:32:47.879 [FXGL Background Thread 3 ] DEBUG Engine               - class com.almasb.fxgl.event.EventBusService
15:32:47.879 [FXGL Background Thread 3 ] DEBUG Engine               - class com.almasb.fxgl.io.FileSystemService
15:32:47.880 [FXGL Background Thread 3 ] DEBUG Engine               - class com.almasb.fxgl.localization.LocalizationService
15:32:47.880 [FXGL Background Thread 3 ] DEBUG Engine               - class com.almasb.fxgl.app.services.SystemBundleService
15:32:47.880 [FXGL Background Thread 3 ] DEBUG Engine               - class com.almasb.fxgl.profile.SaveLoadService
15:32:47.880 [FXGL Background Thread 3 ] DEBUG Engine               - class com.almasb.fxgl.ui.FXGLUIFactoryServiceProvider
15:32:47.880 [FXGL Background Thread 3 ] DEBUG Engine               - class com.almasb.fxgl.ui.FXGLDialogFactoryServiceProvider
15:32:47.880 [FXGL Background Thread 3 ] DEBUG Engine               - class com.almasb.fxgl.audio.AudioPlayer
15:32:47.881 [FXGL Background Thread 3 ] DEBUG Engine               - class com.almasb.fxgl.notification.impl.NotificationServiceProvider
15:32:47.881 [FXGL Background Thread 3 ] DEBUG Engine               - class com.almasb.fxgl.achievement.AchievementService
15:32:47.881 [FXGL Background Thread 3 ] DEBUG Engine               - class com.almasb.fxgl.cutscene.CutsceneService
15:32:47.881 [FXGL Background Thread 3 ] DEBUG Engine               - class com.almasb.fxgl.minigames.MiniGameService
15:32:47.881 [FXGL Background Thread 3 ] DEBUG Engine               - class com.almasb.fxgl.net.NetService
15:32:47.882 [FXGL Background Thread 3 ] DEBUG Engine               - class com.almasb.fxgl.app.services.UpdaterService
15:32:47.883 [FXGL Background Thread 3 ] DEBUG Engine               - class com.almasb.fxgl.dev.DevService
15:33:08.296 [JavaFX Application Thread] DEBUG FXGLApplication      - Exiting FXGL
15:33:08.296 [JavaFX Application Thread] DEBUG LoopRunner           - Stopping loop
15:33:08.296 [JavaFX Application Thread] DEBUG SystemBundleService  - Saving FXGL system data
15:33:08.302 [JavaFX Application Thread] DEBUG FileSystemAccess     - Writing to: /Users/chalitandunu/Desktop/the void/HS/Jaar 1/Periode 3/IPOSE/nerdsvsthevirus/system/fxgl.bundle
15:33:08.310 [JavaFX Application Thread] DEBUG Async                - Shutting down background threads
15:33:08.311 [JavaFX Application Thread] DEBUG PrimaryStageWindow   - Closing main window
15:33:08.320 [JavaFX Application Thread] DEBUG Logger               - Closing Logger
