09:53:32.871 [main                     ] DEBUG Logger               - Configured Logger
09:53:32.881 [main                     ] DEBUG GameApplication      - Logging settings
Title: Nerds VS Virus
Version: 0.0
Width: 1200
Height: 800
Fullscreen: false
Intro: false
Profiling: false
Single step:false
App Mode: DEVELOPER
Menu Key: ESCAPE
Stage Style: DECORATED
Scene Factory: class Game$1

09:53:33.360 [JavaFX Application Thread] DEBUG FXGLApplication      - Initializing FXGL
09:53:33.361 [JavaFX Application Thread] INFO  Engine               - FXGL-11.14 (01.03.2021 16.59) on WINDOWS (J:15.0.2 FX:15)
09:53:33.361 [JavaFX Application Thread] DEBUG Engine               - JRE Vendor Name: Oracle Corporation
09:53:33.362 [JavaFX Application Thread] DEBUG Engine               - Running on OS: Windows 10 version 10.0
09:53:33.362 [JavaFX Application Thread] DEBUG Engine               - Architecture: amd64
09:53:33.362 [JavaFX Application Thread] INFO  Engine               - Source code and latest versions at: https://github.com/AlmasB/FXGL
09:53:33.362 [JavaFX Application Thread] INFO  Engine               -              Join the FXGL chat at: https://gitter.im/AlmasB/FXGL
09:53:33.479 [JavaFX Application Thread] DEBUG PrimaryStageWindow   - Creating a JavaFX scene
09:53:33.524 [JavaFX Application Thread] DEBUG PrimaryStageWindow   - Target settings size: 1200.0 x 800.0
09:53:33.524 [JavaFX Application Thread] DEBUG PrimaryStageWindow   - Scaled scene size:    1200.0 x 800.0
09:53:33.525 [JavaFX Application Thread] DEBUG PrimaryStageWindow   - Scaled ratio: (1.0, 1.0)
09:53:33.525 [JavaFX Application Thread] DEBUG PrimaryStageWindow   - Set initial scene to FXGLStartupScene
09:53:33.532 [JavaFX Application Thread] DEBUG PrimaryStageWindow   - Opening main window
09:53:33.601 [JavaFX Application Thread] DEBUG PrimaryStageWindow   - Window border size: (16.0, 39.0)
09:53:33.601 [JavaFX Application Thread] DEBUG PrimaryStageWindow   - Scaled size: 1200.0 x 800.0
09:53:33.602 [JavaFX Application Thread] DEBUG PrimaryStageWindow   - Scaled ratio: (1.0, 1.0)
09:53:33.602 [JavaFX Application Thread] DEBUG PrimaryStageWindow   - Scene size: 1200.0 x 800.0
09:53:33.602 [JavaFX Application Thread] DEBUG PrimaryStageWindow   - Stage size: 1216.0 x 839.0
09:53:33.608 [FXGL Background Thread 1 ] DEBUG Engine               - Initializing environment variables
09:53:33.637 [FXGL Background Thread 1 ] DEBUG FXGLAssetLoaderServi - User app class for loading assets: class Game
09:53:33.637 [FXGL Background Thread 1 ] DEBUG GameApplicationServi - Applying CSS: fxgl_dark.css
09:53:33.638 [FXGL Background Thread 1 ] DEBUG FXGLAssetLoaderServi - Loading from file system: jar:file:/C:/Users/luukb/.m2/repository/com/github/almasb/fxgl/11.14/fxgl-11.14.jar!/fxglassets/ui/css/fxgl_dark.css
09:53:33.679 [FXGL Background Thread 1 ] DEBUG GameApplicationServi - Initializing application scenes
09:53:33.709 [FXGL Background Thread 1 ] DEBUG GameWorld            - Game world initialized
09:53:33.771 [FXGL Background Thread 1 ] DEBUG PhysicsWorld         - Physics world initialized: appHeight=800, physics.ppm=50,0
09:53:33.772 [FXGL Background Thread 1 ] DEBUG PhysicsWorld         - Using strategy: BRUTE_FORCE
09:53:33.774 [FXGL Background Thread 1 ] DEBUG GameScene            - Game scene initialized: 1200x800
09:53:33.805 [FXGL Background Thread 1 ] DEBUG FXGLAssetLoaderServi - Loading from file system: jar:file:/C:/Users/luukb/.m2/repository/com/github/almasb/fxgl/11.14/fxgl-11.14.jar!/fxglassets/textures/particles/trace_horizontal.png
09:53:33.843 [FXGL Background Thread 1 ] DEBUG FXGL.DefaultMenu     - createMenuBodyGameMenu()
09:53:33.857 [FXGL Background Thread 1 ] DEBUG FXGL.DefaultMenu     - createOptionsMenu()
09:53:33.860 [FXGL Background Thread 1 ] DEBUG FXGLAssetLoaderServi - Loading from file system: jar:file:/C:/Users/luukb/.m2/repository/com/github/almasb/fxgl/11.14/fxgl-11.14.jar!/fxglassets/textures/particles/smoke.png
09:53:33.908 [FXGL Background Thread 1 ] DEBUG GameApplicationServi - Application scenes initialized
09:53:33.919 [FXGL Background Thread 1 ] DEBUG SystemBundleService  - Loading FXGL system data
09:53:33.923 [FXGL Background Thread 1 ] DEBUG FileSystemAccess     - Reading from: D:\OneDrive\OneDrive - Hogeschool Leiden\IPOSE\NERDS VS VIRUS\nerdsvsthevirus\system\fxgl.bundle
09:53:33.929 [FXGL Background Thread 1 ] DEBUG SystemBundleService  - Bundle FXGL: {}
09:53:33.929 [FXGL Background Thread 1 ] DEBUG UpdaterService       - Checking for updates
09:53:33.933 [FXGL Background Thread 4 ] DEBUG FXGLApplication      - Loading fonts
09:53:33.934 [FXGL Background Thread 1 ] DEBUG FXGLApplication      - Loading default localization
09:53:33.934 [FXGL Background Thread 4 ] DEBUG FXGLAssetLoaderServi - Loading from file system: jar:file:/C:/Users/luukb/.m2/repository/com/github/almasb/fxgl/11.14/fxgl-11.14.jar!/fxglassets/ui/fonts/VarelaRound-Regular.ttf
09:53:33.935 [FXGL Background Thread 1 ] DEBUG FXGLAssetLoaderServi - Loading from file system: jar:file:/C:/Users/luukb/.m2/repository/com/github/almasb/fxgl/11.14/fxgl-11.14.jar!/fxglassets/languages/english.lang
09:53:33.951 [FXGL Background Thread 1 ] INFO  FXGLApplication      - FXGL initialization took: 0,343 sec
09:53:33.963 [JavaFX Application Thread] DEBUG Input                - Registered new binding: action0 - D
09:53:33.964 [JavaFX Application Thread] DEBUG Input                - Registered new binding: action1 - A
09:53:33.965 [JavaFX Application Thread] DEBUG FXGLAssetLoaderServi - Loading from file system: jar:file:/C:/Users/luukb/.m2/repository/com/github/almasb/fxgl/11.14/fxgl-11.14.jar!/fxglassets/textures/fxgl_icon.png
09:53:33.985 [JavaFX Application Thread] DEBUG FXGLAssetLoaderServi - Loading from file system: jar:file:/C:/Users/luukb/.m2/repository/com/github/almasb/fxgl/11.14/fxgl-11.14.jar!/fxglassets/ui/cursors/fxgl_default.png
09:53:33.987 [JavaFX Application Thread] DEBUG Input                - Registered new binding: Screenshot - P
09:53:33.988 [JavaFX Application Thread] DEBUG Input                - Registered new binding: System info dump - CTRL+9
09:53:33.989 [JavaFX Application Thread] DEBUG Input                - Registered new binding: Restart - CTRL+R
09:53:33.989 [JavaFX Application Thread] DEBUG Input                - Registered new binding: Toggle Debug Camera - CTRL+C
09:53:33.992 [JavaFX Application Thread] DEBUG LoopRunner           - Starting loop
09:53:33.992 [JavaFX Application Thread] DEBUG LoopRunner           - Initializing JavaFX AnimationTimerLoop
09:53:33.996 [JavaFX Application Thread] DEBUG Input                - Clearing active input actions
09:53:33.997 [FXGL Background Thread 4 ] DEBUG FXGLAssetLoaderServi - Loading from file system: jar:file:/C:/Users/luukb/.m2/repository/com/github/almasb/fxgl/11.14/fxgl-11.14.jar!/fxglassets/ui/fonts/Abel-Regular.ttf
09:53:34.001 [FXGL Background Thread 4 ] DEBUG FXGLAssetLoaderServi - Loading from file system: jar:file:/C:/Users/luukb/.m2/repository/com/github/almasb/fxgl/11.14/fxgl-11.14.jar!/fxglassets/ui/fonts/lucida_console.ttf
09:53:34.004 [JavaFX Application Thread] DEBUG GameApplicationServi - Removing overlay from FXGLStartupScene and adding to FXGLMainMenuDummyScene
09:53:34.004 [JavaFX Application Thread] DEBUG PrimaryStageWindow   - FXGLStartupScene -> FXGLMainMenuDummyScene
09:53:34.004 [JavaFX Application Thread] DEBUG PrimaryStageWindow   - Push state: MainMenu
09:53:34.005 [JavaFX Application Thread] DEBUG Input                - Clearing active input actions
09:53:34.008 [FXGL Background Thread 4 ] DEBUG FXGLAssetLoaderServi - Loading from file system: jar:file:/C:/Users/luukb/.m2/repository/com/github/almasb/fxgl/11.14/fxgl-11.14.jar!/fxglassets/ui/fonts/Courier-Prime.ttf
09:53:34.008 [JavaFX Application Thread] DEBUG GameApplicationServi - Removing overlay from FXGLMainMenuDummyScene and adding to MainMenu
09:53:34.009 [JavaFX Application Thread] DEBUG PrimaryStageWindow   - FXGLMainMenuDummyScene -> MainMenu
09:53:34.017 [JavaFX Application Thread] DEBUG FXGLApplication      - Registering font factories with UI factory
09:53:36.333 [JavaFX Application Thread] DEBUG Menu                 - fireNewGame()
09:53:36.334 [JavaFX Application Thread] DEBUG GameApplicationServi - Starting new game
09:53:36.334 [JavaFX Application Thread] DEBUG PrimaryStageWindow   - Pop state: MainMenu
09:53:36.334 [JavaFX Application Thread] DEBUG Input                - Clearing active input actions
09:53:36.334 [JavaFX Application Thread] DEBUG GameApplicationServi - Removing overlay from MainMenu and adding to FXGLMainMenuDummyScene
09:53:36.335 [JavaFX Application Thread] DEBUG PrimaryStageWindow   - FXGLMainMenuDummyScene <- MainMenu
09:53:36.335 [JavaFX Application Thread] DEBUG Input                - Clearing active input actions
09:53:36.340 [JavaFX Application Thread] DEBUG GameApplicationServi - Removing overlay from FXGLMainMenuDummyScene and adding to FXGLLoadingScene
09:53:36.341 [JavaFX Application Thread] DEBUG PrimaryStageWindow   - FXGLMainMenuDummyScene -> FXGLLoadingScene
09:53:36.341 [JavaFX Application Thread] DEBUG GameApplicationServi - Clearing previous game
09:53:36.341 [JavaFX Application Thread] DEBUG GameScene            - Clearing game scene
09:53:36.341 [JavaFX Application Thread] DEBUG GameWorld            - Clearing game world
09:53:36.341 [JavaFX Application Thread] DEBUG PhysicsWorld         - Clearing physics world
09:53:36.342 [FXGL Background Thread 2 ] DEBUG FXGLApplication      - Initializing game
09:53:36.344 [FXGL Background Thread 2 ] DEBUG FXGLAssetLoaderServi - Loading from file system: file:/D:/OneDrive/OneDrive%20-%20Hogeschool%20Leiden/IPOSE/NERDS%20VS%20VIRUS/nerdsvsthevirus/target/classes/assets/textures//Game/sprite.png
09:53:36.366 [FXGL Background Thread 2 ] INFO  FXGLApplication      - Game initialization took: 0,024 sec
09:53:36.366 [JavaFX Application Thread] DEBUG Input                - Clearing active input actions
09:53:36.374 [JavaFX Application Thread] DEBUG GameApplicationServi - Removing overlay from FXGLLoadingScene and adding to GameScene
09:53:36.374 [JavaFX Application Thread] DEBUG PrimaryStageWindow   - FXGLLoadingScene -> GameScene
09:53:36.932 [FXGL Background Thread 3 ] DEBUG Engine               - Logging environment variables
09:53:36.933 [FXGL Background Thread 3 ] DEBUG Engine               - achievements: []
09:53:36.933 [FXGL Background Thread 3 ] DEBUG Engine               - actualHeight: 800.0
09:53:36.933 [FXGL Background Thread 3 ] DEBUG Engine               - actualHeightProperty: ReadOnlyDoubleProperty [value: 800.0]
09:53:36.933 [FXGL Background Thread 3 ] DEBUG Engine               - actualWidth: 1200.0
09:53:36.933 [FXGL Background Thread 3 ] DEBUG Engine               - actualWidthProperty: ReadOnlyDoubleProperty [value: 1200.0]
09:53:36.934 [FXGL Background Thread 3 ] DEBUG Engine               - appIcon: fxgl_icon.png
09:53:36.934 [FXGL Background Thread 3 ] DEBUG Engine               - applicationMode: DEVELOPER
09:53:36.934 [FXGL Background Thread 3 ] DEBUG Engine               - cSSList: [fxgl_dark.css]
09:53:36.934 [FXGL Background Thread 3 ] DEBUG Engine               - collisionDetectionStrategy: BRUTE_FORCE
09:53:36.934 [FXGL Background Thread 3 ] DEBUG Engine               - configClass: Optional.empty
09:53:36.934 [FXGL Background Thread 3 ] DEBUG Engine               - credits: []
09:53:36.934 [FXGL Background Thread 3 ] DEBUG Engine               - devBBoxColorProperty: ObjectProperty [value: 0xff0000ff]
09:53:36.934 [FXGL Background Thread 3 ] DEBUG Engine               - devEnableDebugCameraProperty: BooleanProperty [value: false]
09:53:36.935 [FXGL Background Thread 3 ] DEBUG Engine               - devSensorColorProperty: ObjectProperty [value: 0xffff00ff]
09:53:36.935 [FXGL Background Thread 3 ] DEBUG Engine               - devShowBBoxProperty: BooleanProperty [value: false]
09:53:36.935 [FXGL Background Thread 3 ] DEBUG Engine               - devShowPositionProperty: BooleanProperty [value: false]
09:53:36.935 [FXGL Background Thread 3 ] DEBUG Engine               - enabledMenuItems: []
09:53:36.935 [FXGL Background Thread 3 ] DEBUG Engine               - engineServices: [class com.almasb.fxgl.app.services.FXGLAssetLoaderService, class com.almasb.fxgl.app.FXGLApplication$GameApplicationService, class com.almasb.fxgl.app.services.FXGLDialogService, class com.almasb.fxgl.app.services.IOTaskExecutorService, class com.almasb.fxgl.event.EventBusService, class com.almasb.fxgl.io.FileSystemService, class com.almasb.fxgl.localization.LocalizationService, class com.almasb.fxgl.app.services.SystemBundleService, class com.almasb.fxgl.profile.SaveLoadService, class com.almasb.fxgl.ui.FXGLUIFactoryServiceProvider, class com.almasb.fxgl.ui.FXGLDialogFactoryServiceProvider, class com.almasb.fxgl.audio.AudioPlayer, class com.almasb.fxgl.notification.impl.NotificationServiceProvider, class com.almasb.fxgl.achievement.AchievementService, class com.almasb.fxgl.cutscene.CutsceneService, class com.almasb.fxgl.minigames.MiniGameService, class com.almasb.fxgl.net.NetService, class com.almasb.fxgl.app.services.UpdaterService, class com.almasb.fxgl.dev.DevService]
09:53:36.936 [FXGL Background Thread 3 ] DEBUG Engine               - fontGame: Abel-Regular.ttf
09:53:36.936 [FXGL Background Thread 3 ] DEBUG Engine               - fontMono: lucida_console.ttf
09:53:36.936 [FXGL Background Thread 3 ] DEBUG Engine               - fontText: Courier-Prime.ttf
09:53:36.936 [FXGL Background Thread 3 ] DEBUG Engine               - fontUI: VarelaRound-Regular.ttf
09:53:36.936 [FXGL Background Thread 3 ] DEBUG Engine               - fullScreen: BooleanProperty [value: false]
09:53:36.936 [FXGL Background Thread 3 ] DEBUG Engine               - gameDifficulty: MEDIUM
09:53:36.936 [FXGL Background Thread 3 ] DEBUG Engine               - gameDifficultyProperty: ObjectProperty [value: MEDIUM]
09:53:36.936 [FXGL Background Thread 3 ] DEBUG Engine               - globalMusicVolume: 0.5
09:53:36.936 [FXGL Background Thread 3 ] DEBUG Engine               - globalMusicVolumeProperty: DoubleProperty [value: 0.5]
09:53:36.937 [FXGL Background Thread 3 ] DEBUG Engine               - globalSoundVolume: 0.5
09:53:36.937 [FXGL Background Thread 3 ] DEBUG Engine               - globalSoundVolumeProperty: DoubleProperty [value: 0.5]
09:53:36.937 [FXGL Background Thread 3 ] DEBUG Engine               - height: 800
09:53:36.937 [FXGL Background Thread 3 ] DEBUG Engine               - isAndroid: false
09:53:36.937 [FXGL Background Thread 3 ] DEBUG Engine               - isBrowser: false
09:53:36.937 [FXGL Background Thread 3 ] DEBUG Engine               - isClickFeedbackEnabled: false
09:53:36.937 [FXGL Background Thread 3 ] DEBUG Engine               - isCloseConfirmation: false
09:53:36.938 [FXGL Background Thread 3 ] DEBUG Engine               - isDesktop: true
09:53:36.938 [FXGL Background Thread 3 ] DEBUG Engine               - isDeveloperMenuEnabled: false
09:53:36.938 [FXGL Background Thread 3 ] DEBUG Engine               - isEntityPreloadEnabled: true
09:53:36.938 [FXGL Background Thread 3 ] DEBUG Engine               - isExperimental3D: false
09:53:36.938 [FXGL Background Thread 3 ] DEBUG Engine               - isExperimentalNative: false
09:53:36.938 [FXGL Background Thread 3 ] DEBUG Engine               - isExperimentalTiledLargeMap: false
09:53:36.938 [FXGL Background Thread 3 ] DEBUG Engine               - isFileSystemWriteAllowed: true
09:53:36.938 [FXGL Background Thread 3 ] DEBUG Engine               - isFullScreenAllowed: false
09:53:36.938 [FXGL Background Thread 3 ] DEBUG Engine               - isFullScreenFromStart: false
09:53:36.939 [FXGL Background Thread 3 ] DEBUG Engine               - isGameMenuEnabled: true
09:53:36.939 [FXGL Background Thread 3 ] DEBUG Engine               - isIOS: false
09:53:36.939 [FXGL Background Thread 3 ] DEBUG Engine               - isIntroEnabled: false
09:53:36.939 [FXGL Background Thread 3 ] DEBUG Engine               - isLinux: false
09:53:36.939 [FXGL Background Thread 3 ] DEBUG Engine               - isMac: false
09:53:36.939 [FXGL Background Thread 3 ] DEBUG Engine               - isMainMenuEnabled: true
09:53:36.939 [FXGL Background Thread 3 ] DEBUG Engine               - isManualResizeEnabled: false
09:53:36.939 [FXGL Background Thread 3 ] DEBUG Engine               - isMobile: false
09:53:36.939 [FXGL Background Thread 3 ] DEBUG Engine               - isPreserveResizeRatio: false
09:53:36.940 [FXGL Background Thread 3 ] DEBUG Engine               - isProfilingEnabled: false
09:53:36.940 [FXGL Background Thread 3 ] DEBUG Engine               - isScaleAffectedOnResize: true
09:53:36.940 [FXGL Background Thread 3 ] DEBUG Engine               - isSingleStep: false
09:53:36.940 [FXGL Background Thread 3 ] DEBUG Engine               - isUserProfileEnabled: false
09:53:36.940 [FXGL Background Thread 3 ] DEBUG Engine               - isWindows: true
09:53:36.940 [FXGL Background Thread 3 ] DEBUG Engine               - language: ObjectProperty [value: ENGLISH]
09:53:36.940 [FXGL Background Thread 3 ] DEBUG Engine               - menuKey: ESCAPE
09:53:36.940 [FXGL Background Thread 3 ] DEBUG Engine               - notificationViewClass: class com.almasb.fxgl.notification.view.XboxNotificationView
09:53:36.940 [FXGL Background Thread 3 ] DEBUG Engine               - pixelsPerMeter: 50.0
09:53:36.940 [FXGL Background Thread 3 ] DEBUG Engine               - platform: WINDOWS
09:53:36.941 [FXGL Background Thread 3 ] DEBUG Engine               - prefHeightProperty: ReadOnlyDoubleProperty [value: 800.0]
09:53:36.941 [FXGL Background Thread 3 ] DEBUG Engine               - prefWidthProperty: ReadOnlyDoubleProperty [value: 1200.0]
09:53:36.941 [FXGL Background Thread 3 ] DEBUG Engine               - profileDir: profiles/
09:53:36.941 [FXGL Background Thread 3 ] DEBUG Engine               - profileName: StringProperty [value: DEFAULT]
09:53:36.941 [FXGL Background Thread 3 ] DEBUG Engine               - randomSeed: -1
09:53:36.941 [FXGL Background Thread 3 ] DEBUG Engine               - runtimeInfo: RuntimeInfo(platform=WINDOWS, version=11.14, build=01.03.2021 16.59)
09:53:36.941 [FXGL Background Thread 3 ] DEBUG Engine               - saveFileExt: sav
09:53:36.941 [FXGL Background Thread 3 ] DEBUG Engine               - scaledHeightProp$fxgl: DoubleProperty [bound, value: 800.0]
09:53:36.941 [FXGL Background Thread 3 ] DEBUG Engine               - scaledWidthProp$fxgl: DoubleProperty [bound, value: 1200.0]
09:53:36.941 [FXGL Background Thread 3 ] DEBUG Engine               - sceneFactory: Game$1@74ef68d
09:53:36.941 [FXGL Background Thread 3 ] DEBUG Engine               - secondsIn24h: 60
09:53:36.942 [FXGL Background Thread 3 ] DEBUG Engine               - soundMenuBack: menu/back.wav
09:53:36.942 [FXGL Background Thread 3 ] DEBUG Engine               - soundMenuPress: menu/press.wav
09:53:36.942 [FXGL Background Thread 3 ] DEBUG Engine               - soundMenuSelect: menu/select.wav
09:53:36.942 [FXGL Background Thread 3 ] DEBUG Engine               - soundNotification: core/notification.wav
09:53:36.942 [FXGL Background Thread 3 ] DEBUG Engine               - stageStyle: DECORATED
09:53:36.942 [FXGL Background Thread 3 ] DEBUG Engine               - supportedLanguages: [ENGLISH, FRENCH, GERMAN, HUNGARIAN, RUSSIAN]
09:53:36.942 [FXGL Background Thread 3 ] DEBUG Engine               - ticksPerSecond: -1
09:53:36.942 [FXGL Background Thread 3 ] DEBUG Engine               - title: Nerds VS Virus
09:53:36.942 [FXGL Background Thread 3 ] DEBUG Engine               - urlGithub: https://github.com/AlmasB/FXGL
09:53:36.943 [FXGL Background Thread 3 ] DEBUG Engine               - urlLeaderboard: http://fxgl-top.herokuapp.com/
09:53:36.943 [FXGL Background Thread 3 ] DEBUG Engine               - urlPOM: https://raw.githubusercontent.com/AlmasB/FXGL/release/README.md
09:53:36.943 [FXGL Background Thread 3 ] DEBUG Engine               - userAppClass: class Game
09:53:36.943 [FXGL Background Thread 3 ] DEBUG Engine               - version: 0.0
09:53:36.943 [FXGL Background Thread 3 ] DEBUG Engine               - versionCheckDays: 7
09:53:36.943 [FXGL Background Thread 3 ] DEBUG Engine               - width: 1200
09:53:36.943 [FXGL Background Thread 3 ] DEBUG Engine               - Logging services
09:53:36.943 [FXGL Background Thread 3 ] DEBUG Engine               - class com.almasb.fxgl.app.services.FXGLAssetLoaderService
09:53:36.943 [FXGL Background Thread 3 ] DEBUG Engine               - class com.almasb.fxgl.app.FXGLApplication$GameApplicationService
09:53:36.944 [FXGL Background Thread 3 ] DEBUG Engine               - class com.almasb.fxgl.app.services.FXGLDialogService
09:53:36.944 [FXGL Background Thread 3 ] DEBUG Engine               - class com.almasb.fxgl.app.services.IOTaskExecutorService
09:53:36.944 [FXGL Background Thread 3 ] DEBUG Engine               - class com.almasb.fxgl.event.EventBusService
09:53:36.944 [FXGL Background Thread 3 ] DEBUG Engine               - class com.almasb.fxgl.io.FileSystemService
09:53:36.944 [FXGL Background Thread 3 ] DEBUG Engine               - class com.almasb.fxgl.localization.LocalizationService
09:53:36.944 [FXGL Background Thread 3 ] DEBUG Engine               - class com.almasb.fxgl.app.services.SystemBundleService
09:53:36.944 [FXGL Background Thread 3 ] DEBUG Engine               - class com.almasb.fxgl.profile.SaveLoadService
09:53:36.944 [FXGL Background Thread 3 ] DEBUG Engine               - class com.almasb.fxgl.ui.FXGLUIFactoryServiceProvider
09:53:36.944 [FXGL Background Thread 3 ] DEBUG Engine               - class com.almasb.fxgl.ui.FXGLDialogFactoryServiceProvider
09:53:36.945 [FXGL Background Thread 3 ] DEBUG Engine               - class com.almasb.fxgl.audio.AudioPlayer
09:53:36.945 [FXGL Background Thread 3 ] DEBUG Engine               - class com.almasb.fxgl.notification.impl.NotificationServiceProvider
09:53:36.945 [FXGL Background Thread 3 ] DEBUG Engine               - class com.almasb.fxgl.achievement.AchievementService
09:53:36.945 [FXGL Background Thread 3 ] DEBUG Engine               - class com.almasb.fxgl.cutscene.CutsceneService
09:53:36.945 [FXGL Background Thread 3 ] DEBUG Engine               - class com.almasb.fxgl.minigames.MiniGameService
09:53:36.945 [FXGL Background Thread 3 ] DEBUG Engine               - class com.almasb.fxgl.net.NetService
09:53:36.945 [FXGL Background Thread 3 ] DEBUG Engine               - class com.almasb.fxgl.app.services.UpdaterService
09:53:36.945 [FXGL Background Thread 3 ] DEBUG Engine               - class com.almasb.fxgl.dev.DevService
09:53:38.451 [JavaFX Application Thread] DEBUG FXGLApplication      - Exiting FXGL
09:53:38.451 [JavaFX Application Thread] DEBUG LoopRunner           - Stopping loop
09:53:38.451 [JavaFX Application Thread] DEBUG SystemBundleService  - Saving FXGL system data
09:53:38.452 [JavaFX Application Thread] DEBUG FileSystemAccess     - Writing to: D:\OneDrive\OneDrive - Hogeschool Leiden\IPOSE\NERDS VS VIRUS\nerdsvsthevirus\system\fxgl.bundle
09:53:38.454 [JavaFX Application Thread] DEBUG Async                - Shutting down background threads
09:53:38.454 [JavaFX Application Thread] DEBUG PrimaryStageWindow   - Closing main window
09:53:38.461 [JavaFX Application Thread] DEBUG Logger               - Closing Logger
