22:45:25.401 [main                     ] DEBUG Logger               - Configured Logger
22:45:25.411 [main                     ] DEBUG GameApplication      - Logging settings
Title: Nerds VS Virus
Version: 0.0
Width: 1050
Height: 700
Fullscreen: false
Intro: false
Profiling: false
Single step:false
App Mode: DEVELOPER
Menu Key: ESCAPE
Stage Style: DECORATED
Scene Factory: class NerdvsVirus.Game$1

22:45:25.869 [JavaFX Application Thread] DEBUG FXGLApplication      - Initializing FXGL
22:45:25.870 [JavaFX Application Thread] INFO  Engine               - FXGL-11.14 (01.03.2021 16.59) on WINDOWS (J:15.0.2 FX:15)
22:45:25.871 [JavaFX Application Thread] DEBUG Engine               - JRE Vendor Name: Oracle Corporation
22:45:25.871 [JavaFX Application Thread] DEBUG Engine               - Running on OS: Windows 10 version 10.0
22:45:25.871 [JavaFX Application Thread] DEBUG Engine               - Architecture: amd64
22:45:25.871 [JavaFX Application Thread] INFO  Engine               - Source code and latest versions at: https://github.com/AlmasB/FXGL
22:45:25.871 [JavaFX Application Thread] INFO  Engine               -              Join the FXGL chat at: https://gitter.im/AlmasB/FXGL
22:45:25.988 [JavaFX Application Thread] DEBUG PrimaryStageWindow   - Creating a JavaFX scene
22:45:26.039 [JavaFX Application Thread] DEBUG PrimaryStageWindow   - Target settings size: 1050.0 x 700.0
22:45:26.040 [JavaFX Application Thread] DEBUG PrimaryStageWindow   - Scaled scene size:    1050.0 x 700.0
22:45:26.040 [JavaFX Application Thread] DEBUG PrimaryStageWindow   - Scaled ratio: (1.0, 1.0)
22:45:26.041 [JavaFX Application Thread] DEBUG PrimaryStageWindow   - Set initial scene to FXGLStartupScene
22:45:26.047 [JavaFX Application Thread] DEBUG PrimaryStageWindow   - Opening main window
22:45:26.120 [JavaFX Application Thread] DEBUG PrimaryStageWindow   - Window border size: (16.0, 39.0)
22:45:26.121 [JavaFX Application Thread] DEBUG PrimaryStageWindow   - Scaled size: 1050.0 x 700.0
22:45:26.121 [JavaFX Application Thread] DEBUG PrimaryStageWindow   - Scaled ratio: (1.0, 1.0)
22:45:26.121 [JavaFX Application Thread] DEBUG PrimaryStageWindow   - Scene size: 1050.0 x 700.0
22:45:26.121 [JavaFX Application Thread] DEBUG PrimaryStageWindow   - Stage size: 1066.0 x 739.0
22:45:26.127 [FXGL Background Thread 1 ] DEBUG Engine               - Initializing environment variables
22:45:26.157 [FXGL Background Thread 1 ] DEBUG FXGLAssetLoaderServi - User app class for loading assets: class NerdvsVirus.Game
22:45:26.157 [FXGL Background Thread 1 ] DEBUG GameApplicationServi - Applying CSS: fxgl_dark.css
22:45:26.158 [FXGL Background Thread 1 ] DEBUG FXGLAssetLoaderServi - Loading from file system: jar:file:/C:/Users/luukb/.m2/repository/com/github/almasb/fxgl/11.14/fxgl-11.14.jar!/fxglassets/ui/css/fxgl_dark.css
22:45:26.205 [FXGL Background Thread 1 ] DEBUG GameApplicationServi - Initializing application scenes
22:45:26.233 [FXGL Background Thread 1 ] DEBUG GameWorld            - Game world initialized
22:45:26.289 [FXGL Background Thread 1 ] DEBUG PhysicsWorld         - Physics world initialized: appHeight=700, physics.ppm=50,0
22:45:26.289 [FXGL Background Thread 1 ] DEBUG PhysicsWorld         - Using strategy: BRUTE_FORCE
22:45:26.291 [FXGL Background Thread 1 ] DEBUG GameScene            - Game scene initialized: 1050x700
22:45:26.402 [FXGL Background Thread 1 ] DEBUG FXGLAssetLoaderServi - Loading from file system: jar:file:/C:/Users/luukb/.m2/repository/com/github/almasb/fxgl/11.14/fxgl-11.14.jar!/fxglassets/textures/particles/trace_horizontal.png
22:45:26.430 [FXGL Background Thread 1 ] DEBUG FXGL.DefaultMenu     - createMenuBodyGameMenu()
22:45:26.447 [FXGL Background Thread 1 ] DEBUG FXGL.DefaultMenu     - createOptionsMenu()
22:45:26.451 [FXGL Background Thread 1 ] DEBUG FXGLAssetLoaderServi - Loading from file system: jar:file:/C:/Users/luukb/.m2/repository/com/github/almasb/fxgl/11.14/fxgl-11.14.jar!/fxglassets/textures/particles/smoke.png
22:45:26.493 [FXGL Background Thread 1 ] DEBUG GameApplicationServi - Application scenes initialized
22:45:26.504 [FXGL Background Thread 1 ] DEBUG SystemBundleService  - Loading FXGL system data
22:45:26.507 [FXGL Background Thread 1 ] DEBUG FileSystemAccess     - Reading from: D:\OneDrive\OneDrive - Hogeschool Leiden\IPOSE\NERDS VS VIRUS\nerdsvsthevirus\system\fxgl.bundle
22:45:26.512 [FXGL Background Thread 1 ] DEBUG SystemBundleService  - Bundle FXGL: {}
22:45:26.512 [FXGL Background Thread 1 ] DEBUG UpdaterService       - Checking for updates
22:45:26.516 [FXGL Background Thread 4 ] DEBUG FXGLApplication      - Loading fonts
22:45:26.517 [FXGL Background Thread 1 ] DEBUG FXGLApplication      - Loading default localization
22:45:26.517 [FXGL Background Thread 4 ] DEBUG FXGLAssetLoaderServi - Loading from file system: jar:file:/C:/Users/luukb/.m2/repository/com/github/almasb/fxgl/11.14/fxgl-11.14.jar!/fxglassets/ui/fonts/VarelaRound-Regular.ttf
22:45:26.518 [FXGL Background Thread 1 ] DEBUG FXGLAssetLoaderServi - Loading from file system: jar:file:/C:/Users/luukb/.m2/repository/com/github/almasb/fxgl/11.14/fxgl-11.14.jar!/fxglassets/languages/english.lang
22:45:26.521 [FXGL Background Thread 4 ] DEBUG FXGLAssetLoaderServi - Loading from file system: jar:file:/C:/Users/luukb/.m2/repository/com/github/almasb/fxgl/11.14/fxgl-11.14.jar!/fxglassets/ui/fonts/Abel-Regular.ttf
22:45:26.526 [FXGL Background Thread 4 ] DEBUG FXGLAssetLoaderServi - Loading from file system: jar:file:/C:/Users/luukb/.m2/repository/com/github/almasb/fxgl/11.14/fxgl-11.14.jar!/fxglassets/ui/fonts/lucida_console.ttf
22:45:26.532 [FXGL Background Thread 1 ] INFO  FXGLApplication      - FXGL initialization took: 0,405 sec
22:45:26.532 [FXGL Background Thread 4 ] DEBUG FXGLAssetLoaderServi - Loading from file system: jar:file:/C:/Users/luukb/.m2/repository/com/github/almasb/fxgl/11.14/fxgl-11.14.jar!/fxglassets/ui/fonts/Courier-Prime.ttf
22:45:26.540 [JavaFX Application Thread] DEBUG Input                - Registered new binding: Left - A
22:45:26.540 [JavaFX Application Thread] DEBUG Input                - Registered new binding: Right - D
22:45:26.541 [JavaFX Application Thread] DEBUG Input                - Registered new binding: Jump - W
22:45:26.541 [JavaFX Application Thread] DEBUG FXGLAssetLoaderServi - Loading from file system: jar:file:/C:/Users/luukb/.m2/repository/com/github/almasb/fxgl/11.14/fxgl-11.14.jar!/fxglassets/textures/fxgl_icon.png
22:45:26.553 [JavaFX Application Thread] DEBUG FXGLAssetLoaderServi - Loading from file system: jar:file:/C:/Users/luukb/.m2/repository/com/github/almasb/fxgl/11.14/fxgl-11.14.jar!/fxglassets/ui/cursors/fxgl_default.png
22:45:26.554 [JavaFX Application Thread] DEBUG Input                - Registered new binding: Screenshot - P
22:45:26.554 [JavaFX Application Thread] DEBUG Input                - Registered new binding: System info dump - CTRL+9
22:45:26.555 [JavaFX Application Thread] DEBUG Input                - Registered new binding: Restart - CTRL+R
22:45:26.555 [JavaFX Application Thread] DEBUG Input                - Registered new binding: Toggle Debug Camera - CTRL+C
22:45:26.557 [JavaFX Application Thread] DEBUG LoopRunner           - Starting loop
22:45:26.557 [JavaFX Application Thread] DEBUG LoopRunner           - Initializing JavaFX AnimationTimerLoop
22:45:26.560 [JavaFX Application Thread] DEBUG Input                - Clearing active input actions
22:45:26.565 [JavaFX Application Thread] DEBUG GameApplicationServi - Removing overlay from FXGLStartupScene and adding to FXGLMainMenuDummyScene
22:45:26.565 [JavaFX Application Thread] DEBUG PrimaryStageWindow   - FXGLStartupScene -> FXGLMainMenuDummyScene
22:45:26.565 [JavaFX Application Thread] DEBUG PrimaryStageWindow   - Push state: MainMenu
22:45:26.566 [JavaFX Application Thread] DEBUG Input                - Clearing active input actions
22:45:26.921 [JavaFX Application Thread] DEBUG GameApplicationServi - Removing overlay from FXGLMainMenuDummyScene and adding to MainMenu
22:45:26.921 [JavaFX Application Thread] DEBUG PrimaryStageWindow   - FXGLMainMenuDummyScene -> MainMenu
22:45:26.922 [JavaFX Application Thread] DEBUG FXGLApplication      - Registering font factories with UI factory
22:45:27.636 [JavaFX Application Thread] DEBUG Menu                 - fireNewGame()
22:45:27.636 [JavaFX Application Thread] DEBUG GameApplicationServi - Starting new game
22:45:27.637 [JavaFX Application Thread] DEBUG PrimaryStageWindow   - Pop state: MainMenu
22:45:27.637 [JavaFX Application Thread] DEBUG Input                - Clearing active input actions
22:45:27.637 [JavaFX Application Thread] DEBUG GameApplicationServi - Removing overlay from MainMenu and adding to FXGLMainMenuDummyScene
22:45:27.637 [JavaFX Application Thread] DEBUG PrimaryStageWindow   - FXGLMainMenuDummyScene <- MainMenu
22:45:27.638 [JavaFX Application Thread] DEBUG Input                - Clearing active input actions
22:45:27.643 [JavaFX Application Thread] DEBUG GameApplicationServi - Removing overlay from FXGLMainMenuDummyScene and adding to FXGLLoadingScene
22:45:27.643 [JavaFX Application Thread] DEBUG PrimaryStageWindow   - FXGLMainMenuDummyScene -> FXGLLoadingScene
22:45:27.643 [JavaFX Application Thread] DEBUG GameApplicationServi - Clearing previous game
22:45:27.644 [JavaFX Application Thread] DEBUG GameScene            - Clearing game scene
22:45:27.644 [JavaFX Application Thread] DEBUG GameWorld            - Clearing game world
22:45:27.644 [JavaFX Application Thread] DEBUG PhysicsWorld         - Clearing physics world
22:45:27.646 [FXGL Background Thread 2 ] DEBUG FXGLApplication      - Initializing game
22:45:27.668 [FXGL Background Thread 2 ] WARN  TMXLevelLoader       - TiledMap generated from 1.5.0. Supported version: 1.2.3. Some features may not be parsed fully.
22:45:27.674 [FXGL Background Thread 2 ] DEBUG TMXLevelLoader       - Parsed raw map: TiledMap(width=30, height=10, tilewidth=70, tileheight=70, orientation=orthogonal, layers=[Layer(width=30, height=10, name=Bottom, type=tilelayer, visible=false, x=0, y=0, data=[0, 0, 0, 0, 0, 0, 0, 0, 0, 0, 0, 0, 0, 0, 0, 0, 0, 0, 0, 0, 0, 0, 0, 0, 0, 0, 0, 0, 0, 0, 0, 0, 0, 0, 0, 0, 0, 0, 0, 0, 0, 0, 0, 0, 0, 0, 0, 0, 0, 0, 0, 0, 0, 0, 0, 0, 0, 0, 0, 0, 0, 0, 0, 0, 0, 0, 0, 0, 0, 0, 0, 0, 0, 0, 0, 0, 0, 0, 0, 0, 0, 0, 0, 0, 0, 0, 0, 0, 0, 0, 0, 0, 0, 0, 0, 0, 0, 0, 0, 0, 0, 0, 0, 0, 0, 0, 0, 0, 0, 0, 0, 0, 0, 0, 0, 0, 0, 0, 0, 0, 0, 0, 0, 0, 0, 0, 0, 0, 0, 0, 0, 0, 0, 0, 0, 0, 0, 0, 0, 0, 0, 0, 0, 0, 0, 0, 0, 0, 0, 0, 0, 0, 0, 0, 0, 0, 0, 0, 0, 0, 0, 206, 205, 206, 0, 0, 0, 0, 0, 0, 0, 0, 0, 0, 0, 0, 0, 0, 0, 0, 0, 0, 0, 0, 0, 0, 0, 205, 206, 207, 0, 0, 0, 0, 0, 0, 0, 0, 0, 0, 0, 0, 0, 0, 0, 0, 0, 0, 0, 0, 0, 0, 0, 0, 206, 205, 0, 0, 0, 0, 0, 0, 0, 0, 0, 0, 0, 0, 0, 0, 0, 0, 0, 0, 0, 0, 0, 0, 0, 0, 0, 263, 0, 203, 0, 0, 0, 0, 0, 0, 0, 243, 244, 245, 0, 0, 0, 0, 0, 0, 0, 0, 0, 0, 0, 0, 0, 0, 0, 0, 185, 185, 185, 185, 185, 185, 185, 185, 185, 185, 185, 185, 185, 185, 185, 185, 0, 0, 185, 185, 185, 0, 0, 185, 185, 185, 185, 185, 185, 185], objects=[], opacity=0.0, draworder=), Layer(width=30, height=10, name=overlay, type=tilelayer, visible=false, x=0, y=0, data=[213, 185, 185, 185, 185, 185, 185, 185, 185, 185, 185, 227, 185, 185, 185, 185, 213, 0, 0, 0, 0, 0, 0, 0, 0, 0, 0, 0, 0, 0, 0, 0, 0, 0, 0, 0, 0, 0, 0, 0, 0, 241, 0, 0, 0, 0, 0, 0, 0, 0, 0, 0, 0, 0, 0, 0, 0, 0, 0, 0, 0, 0, 0, 0, 0, 0, 0, 0, 0, 0, 0, 255, 0, 0, 0, 0, 0, 0, 0, 0, 0, 0, 0, 0, 0, 0, 0, 0, 0, 0, 0, 0, 0, 0, 0, 0, 0, 0, 0, 0, 0, 0, 0, 0, 0, 0, 0, 0, 0, 0, 0, 0, 0, 0, 0, 0, 0, 0, 0, 0, 0, 0, 0, 0, 0, 0, 0, 0, 0, 0, 0, 0, 0, 0, 0, 0, 0, 0, 0, 0, 0, 0, 0, 0, 0, 0, 0, 0, 0, 0, 0, 0, 0, 0, 0, 0, 0, 0, 0, 0, 0, 215, 216, 217, 0, 0, 0, 0, 0, 0, 0, 0, 0, 0, 0, 0, 0, 0, 0, 0, 0, 0, 0, 0, 0, 0, 0, 0, 0, 0, 0, 0, 0, 0, 0, 0, 0, 0, 0, 0, 0, 0, 0, 0, 0, 0, 0, 0, 0, 0, 0, 0, 0, 189, 0, 0, 0, 0, 0, 0, 0, 0, 0, 226, 0, 0, 0, 0, 0, 0, 0, 0, 0, 0, 0, 0, 0, 0, 46, 0, 0, 0, 0, 0, 0, 0, 0, 0, 0, 0, 0, 0, 0, 0, 0, 0, 0, 0, 0, 0, 0, 0, 0, 0, 0, 0, 226, 0, 58, 0, 0, 0, 0, 0, 0, 0, 0, 0, 0, 0, 0, 0, 0, 0, 0, 0, 224, 224, 0, 0, 0, 224, 224, 0, 0, 0, 0, 0, 0, 0], objects=[], opacity=0.0, draworder=), Layer(width=0, height=0, name=Objectlaag 1, type=objectgroup, visible=false, x=0, y=0, data=[], objects=[com.almasb.fxgl.entity.level.tiled.TiledObject@1372435b, com.almasb.fxgl.entity.level.tiled.TiledObject@719d8e5f, com.almasb.fxgl.entity.level.tiled.TiledObject@69dc0487, com.almasb.fxgl.entity.level.tiled.TiledObject@7f23abb1, com.almasb.fxgl.entity.level.tiled.TiledObject@7eca4795, com.almasb.fxgl.entity.level.tiled.TiledObject@6338d165, com.almasb.fxgl.entity.level.tiled.TiledObject@6ac919b9, com.almasb.fxgl.entity.level.tiled.TiledObject@8554972, com.almasb.fxgl.entity.level.tiled.TiledObject@248f4102, com.almasb.fxgl.entity.level.tiled.TiledObject@1991f0f, com.almasb.fxgl.entity.level.tiled.TiledObject@23bfca54, com.almasb.fxgl.entity.level.tiled.TiledObject@1830988, com.almasb.fxgl.entity.level.tiled.TiledObject@5fdadfeb, com.almasb.fxgl.entity.level.tiled.TiledObject@1672c278, com.almasb.fxgl.entity.level.tiled.TiledObject@4b424788, com.almasb.fxgl.entity.level.tiled.TiledObject@5294d821], opacity=0.0, draworder=)], tilesets=[Tileset(firstgid=1, image=../../../../../../../Eigen test/src/main/resources/assets/levels/tiles_spritesheet.png, name=tiles_spritesheet, tilewidth=70, tileheight=70, imagewidth=914, imageheight=936, margin=0, spacing=2, columns=12, tilecount=156, transparentcolor=, tiles=[]), Tileset(firstgid=157, image=../../../../../../../Eigen test/src/main/resources/assets/levels/platformerPack_industrial_tilesheet.png, name=_industrial, tilewidth=70, tileheight=70, imagewidth=980, imageheight=560, margin=0, spacing=0, columns=14, tilecount=112, transparentcolor=, tiles=[])], backgroundcolor=, renderorder=right-down, nextobjectid=18, version=1, tiledversion=1.5.0, type=map, infinite=false, hexsidelength=0, staggeraxis=, staggerindex=, properties={}, propertytypes={})
22:45:27.675 [FXGL Background Thread 2 ] DEBUG TMXLevelLoader       - Creating tile layer entities
22:45:27.676 [FXGL Background Thread 2 ] DEBUG TilesetLoader        - Loading view for layer Bottom
22:45:27.677 [FXGL Background Thread 2 ] DEBUG TilesetLoader        - Created buffer with size 2100.0x700.0
22:45:27.688 [FXGL Background Thread 2 ] DEBUG TilesetLoader        - Writing to buffer: dst=770,350, w=70,h=70, src=490,210
22:45:27.689 [FXGL Background Thread 2 ] DEBUG TilesetLoader        - Writing to buffer: dst=840,350, w=70,h=70, src=420,210
22:45:27.689 [FXGL Background Thread 2 ] DEBUG TilesetLoader        - Writing to buffer: dst=910,350, w=70,h=70, src=490,210
22:45:27.689 [FXGL Background Thread 2 ] DEBUG TilesetLoader        - Writing to buffer: dst=490,420, w=70,h=70, src=420,210
22:45:27.690 [FXGL Background Thread 2 ] DEBUG TilesetLoader        - Writing to buffer: dst=560,420, w=70,h=70, src=490,210
22:45:27.690 [FXGL Background Thread 2 ] DEBUG TilesetLoader        - Writing to buffer: dst=630,420, w=70,h=70, src=560,210
22:45:27.690 [FXGL Background Thread 2 ] DEBUG TilesetLoader        - Writing to buffer: dst=280,490, w=70,h=70, src=490,210
22:45:27.690 [FXGL Background Thread 2 ] DEBUG TilesetLoader        - Writing to buffer: dst=350,490, w=70,h=70, src=420,210
22:45:27.690 [FXGL Background Thread 2 ] DEBUG TilesetLoader        - Writing to buffer: dst=70,560, w=70,h=70, src=560,490
22:45:27.691 [FXGL Background Thread 2 ] DEBUG TilesetLoader        - Writing to buffer: dst=210,560, w=70,h=70, src=280,210
22:45:27.691 [FXGL Background Thread 2 ] DEBUG TilesetLoader        - Writing to buffer: dst=770,560, w=70,h=70, src=140,420
22:45:27.691 [FXGL Background Thread 2 ] DEBUG TilesetLoader        - Writing to buffer: dst=840,560, w=70,h=70, src=210,420
22:45:27.691 [FXGL Background Thread 2 ] DEBUG TilesetLoader        - Writing to buffer: dst=910,560, w=70,h=70, src=280,420
22:45:27.691 [FXGL Background Thread 2 ] DEBUG TilesetLoader        - Writing to buffer: dst=0,630, w=70,h=70, src=0,140
22:45:27.692 [FXGL Background Thread 2 ] DEBUG TilesetLoader        - Writing to buffer: dst=70,630, w=70,h=70, src=0,140
22:45:27.692 [FXGL Background Thread 2 ] DEBUG TilesetLoader        - Writing to buffer: dst=140,630, w=70,h=70, src=0,140
22:45:27.692 [FXGL Background Thread 2 ] DEBUG TilesetLoader        - Writing to buffer: dst=210,630, w=70,h=70, src=0,140
22:45:27.692 [FXGL Background Thread 2 ] DEBUG TilesetLoader        - Writing to buffer: dst=280,630, w=70,h=70, src=0,140
22:45:27.692 [FXGL Background Thread 2 ] DEBUG TilesetLoader        - Writing to buffer: dst=350,630, w=70,h=70, src=0,140
22:45:27.693 [FXGL Background Thread 2 ] DEBUG TilesetLoader        - Writing to buffer: dst=420,630, w=70,h=70, src=0,140
22:45:27.693 [FXGL Background Thread 2 ] DEBUG TilesetLoader        - Writing to buffer: dst=490,630, w=70,h=70, src=0,140
22:45:27.693 [FXGL Background Thread 2 ] DEBUG TilesetLoader        - Writing to buffer: dst=560,630, w=70,h=70, src=0,140
22:45:27.693 [FXGL Background Thread 2 ] DEBUG TilesetLoader        - Writing to buffer: dst=630,630, w=70,h=70, src=0,140
22:45:27.693 [FXGL Background Thread 2 ] DEBUG TilesetLoader        - Writing to buffer: dst=700,630, w=70,h=70, src=0,140
22:45:27.693 [FXGL Background Thread 2 ] DEBUG TilesetLoader        - Writing to buffer: dst=770,630, w=70,h=70, src=0,140
22:45:27.694 [FXGL Background Thread 2 ] DEBUG TilesetLoader        - Writing to buffer: dst=840,630, w=70,h=70, src=0,140
22:45:27.694 [FXGL Background Thread 2 ] DEBUG TilesetLoader        - Writing to buffer: dst=910,630, w=70,h=70, src=0,140
22:45:27.694 [FXGL Background Thread 2 ] DEBUG TilesetLoader        - Writing to buffer: dst=980,630, w=70,h=70, src=0,140
22:45:27.694 [FXGL Background Thread 2 ] DEBUG TilesetLoader        - Writing to buffer: dst=1050,630, w=70,h=70, src=0,140
22:45:27.694 [FXGL Background Thread 2 ] DEBUG TilesetLoader        - Writing to buffer: dst=1260,630, w=70,h=70, src=0,140
22:45:27.694 [FXGL Background Thread 2 ] DEBUG TilesetLoader        - Writing to buffer: dst=1330,630, w=70,h=70, src=0,140
22:45:27.695 [FXGL Background Thread 2 ] DEBUG TilesetLoader        - Writing to buffer: dst=1400,630, w=70,h=70, src=0,140
22:45:27.695 [FXGL Background Thread 2 ] DEBUG TilesetLoader        - Writing to buffer: dst=1610,630, w=70,h=70, src=0,140
22:45:27.695 [FXGL Background Thread 2 ] DEBUG TilesetLoader        - Writing to buffer: dst=1680,630, w=70,h=70, src=0,140
22:45:27.696 [FXGL Background Thread 2 ] DEBUG TilesetLoader        - Writing to buffer: dst=1750,630, w=70,h=70, src=0,140
22:45:27.696 [FXGL Background Thread 2 ] DEBUG TilesetLoader        - Writing to buffer: dst=1820,630, w=70,h=70, src=0,140
22:45:27.696 [FXGL Background Thread 2 ] DEBUG TilesetLoader        - Writing to buffer: dst=1890,630, w=70,h=70, src=0,140
22:45:27.696 [FXGL Background Thread 2 ] DEBUG TilesetLoader        - Writing to buffer: dst=1960,630, w=70,h=70, src=0,140
22:45:27.696 [FXGL Background Thread 2 ] DEBUG TilesetLoader        - Writing to buffer: dst=2030,630, w=70,h=70, src=0,140
22:45:27.697 [FXGL Background Thread 2 ] DEBUG TilesetLoader        - Loading view for layer overlay
22:45:27.703 [FXGL Background Thread 2 ] DEBUG TilesetLoader        - Created buffer with size 2100.0x700.0
22:45:27.703 [FXGL Background Thread 2 ] DEBUG TilesetLoader        - Writing to buffer: dst=0,0, w=70,h=70, src=0,280
22:45:27.704 [FXGL Background Thread 2 ] DEBUG TilesetLoader        - Writing to buffer: dst=70,0, w=70,h=70, src=0,140
22:45:27.704 [FXGL Background Thread 2 ] DEBUG TilesetLoader        - Writing to buffer: dst=140,0, w=70,h=70, src=0,140
22:45:27.704 [FXGL Background Thread 2 ] DEBUG TilesetLoader        - Writing to buffer: dst=210,0, w=70,h=70, src=0,140
22:45:27.704 [FXGL Background Thread 2 ] DEBUG TilesetLoader        - Writing to buffer: dst=280,0, w=70,h=70, src=0,140
22:45:27.705 [FXGL Background Thread 2 ] DEBUG TilesetLoader        - Writing to buffer: dst=350,0, w=70,h=70, src=0,140
22:45:27.705 [FXGL Background Thread 2 ] DEBUG TilesetLoader        - Writing to buffer: dst=420,0, w=70,h=70, src=0,140
22:45:27.705 [FXGL Background Thread 2 ] DEBUG TilesetLoader        - Writing to buffer: dst=490,0, w=70,h=70, src=0,140
22:45:27.705 [FXGL Background Thread 2 ] DEBUG TilesetLoader        - Writing to buffer: dst=560,0, w=70,h=70, src=0,140
22:45:27.705 [FXGL Background Thread 2 ] DEBUG TilesetLoader        - Writing to buffer: dst=630,0, w=70,h=70, src=0,140
22:45:27.705 [FXGL Background Thread 2 ] DEBUG TilesetLoader        - Writing to buffer: dst=700,0, w=70,h=70, src=0,140
22:45:27.706 [FXGL Background Thread 2 ] DEBUG TilesetLoader        - Writing to buffer: dst=770,0, w=70,h=70, src=0,350
22:45:27.706 [FXGL Background Thread 2 ] DEBUG TilesetLoader        - Writing to buffer: dst=840,0, w=70,h=70, src=0,140
22:45:27.706 [FXGL Background Thread 2 ] DEBUG TilesetLoader        - Writing to buffer: dst=910,0, w=70,h=70, src=0,140
22:45:27.706 [FXGL Background Thread 2 ] DEBUG TilesetLoader        - Writing to buffer: dst=980,0, w=70,h=70, src=0,140
22:45:27.708 [FXGL Background Thread 2 ] DEBUG TilesetLoader        - Writing to buffer: dst=1050,0, w=70,h=70, src=0,140
22:45:27.708 [FXGL Background Thread 2 ] DEBUG TilesetLoader        - Writing to buffer: dst=1120,0, w=70,h=70, src=0,280
22:45:27.708 [FXGL Background Thread 2 ] DEBUG TilesetLoader        - Writing to buffer: dst=770,70, w=70,h=70, src=0,420
22:45:27.708 [FXGL Background Thread 2 ] DEBUG TilesetLoader        - Writing to buffer: dst=770,140, w=70,h=70, src=0,490
22:45:27.709 [FXGL Background Thread 2 ] DEBUG TilesetLoader        - Writing to buffer: dst=770,350, w=70,h=70, src=140,280
22:45:27.709 [FXGL Background Thread 2 ] DEBUG TilesetLoader        - Writing to buffer: dst=840,350, w=70,h=70, src=210,280
22:45:27.709 [FXGL Background Thread 2 ] DEBUG TilesetLoader        - Writing to buffer: dst=910,350, w=70,h=70, src=280,280
22:45:27.710 [FXGL Background Thread 2 ] DEBUG TilesetLoader        - Writing to buffer: dst=210,490, w=70,h=70, src=280,140
22:45:27.711 [FXGL Background Thread 2 ] DEBUG TilesetLoader        - Writing to buffer: dst=910,490, w=70,h=70, src=910,280
22:45:27.727 [FXGL Background Thread 2 ] DEBUG TilesetLoader        - Writing to buffer: dst=1960,490, w=70,h=70, src=648,216
22:45:27.727 [FXGL Background Thread 2 ] DEBUG TilesetLoader        - Writing to buffer: dst=1820,560, w=70,h=70, src=910,280
22:45:27.727 [FXGL Background Thread 2 ] DEBUG TilesetLoader        - Writing to buffer: dst=1960,560, w=70,h=70, src=648,288
22:45:27.727 [FXGL Background Thread 2 ] DEBUG TilesetLoader        - Writing to buffer: dst=1120,630, w=70,h=70, src=770,280
22:45:27.728 [FXGL Background Thread 2 ] DEBUG TilesetLoader        - Writing to buffer: dst=1190,630, w=70,h=70, src=770,280
22:45:27.728 [FXGL Background Thread 2 ] DEBUG TilesetLoader        - Writing to buffer: dst=1470,630, w=70,h=70, src=770,280
22:45:27.728 [FXGL Background Thread 2 ] DEBUG TilesetLoader        - Writing to buffer: dst=1540,630, w=70,h=70, src=770,280
22:45:27.728 [FXGL Background Thread 2 ] DEBUG TMXLevelLoader       - Creating object layer entities
22:45:27.742 [FXGL Background Thread 2 ] DEBUG FXGLAssetLoaderServi - Loading from file system: file:/D:/OneDrive/OneDrive%20-%20Hogeschool%20Leiden/IPOSE/NERDS%20VS%20VIRUS/nerdsvsthevirus/target/classes/assets/textures/spuit2.png
22:45:27.749 [FXGL Background Thread 2 ] DEBUG FXGLAssetLoaderServi - Loading from file system: file:/D:/OneDrive/OneDrive%20-%20Hogeschool%20Leiden/IPOSE/NERDS%20VS%20VIRUS/nerdsvsthevirus/target/classes/assets/textures/bacteria.png
22:45:27.756 [FXGL Background Thread 2 ] DEBUG GameWorld            - Clearing removable entities
22:45:27.756 [FXGL Background Thread 2 ] DEBUG GameWorld            - Setting level: com.almasb.fxgl.entity.level.Level@d05372b
22:45:27.764 [FXGL Background Thread 2 ] DEBUG FXGLAssetLoaderServi - Loading from file system: file:/D:/OneDrive/OneDrive%20-%20Hogeschool%20Leiden/IPOSE/NERDS%20VS%20VIRUS/nerdsvsthevirus/target/classes/assets/textures/Start/startBg.png
22:45:27.802 [FXGL Background Thread 2 ] DEBUG FXGLAssetLoaderServi - Loading from file system: file:/D:/OneDrive/OneDrive%20-%20Hogeschool%20Leiden/IPOSE/NERDS%20VS%20VIRUS/nerdsvsthevirus/target/classes/assets/textures/sprite.png
22:45:27.810 [FXGL Background Thread 2 ] INFO  FXGLApplication      - Game initialization took: 0,163 sec
22:45:27.814 [JavaFX Application Thread] DEBUG Input                - Clearing active input actions
22:45:27.819 [JavaFX Application Thread] DEBUG GameApplicationServi - Removing overlay from FXGLLoadingScene and adding to GameScene
22:45:27.819 [JavaFX Application Thread] DEBUG PrimaryStageWindow   - FXGLLoadingScene -> GameScene
22:45:29.515 [FXGL Background Thread 3 ] DEBUG Engine               - Logging environment variables
22:45:29.515 [FXGL Background Thread 3 ] DEBUG Engine               - achievements: []
22:45:29.516 [FXGL Background Thread 3 ] DEBUG Engine               - actualHeight: 700.0
22:45:29.516 [FXGL Background Thread 3 ] DEBUG Engine               - actualHeightProperty: ReadOnlyDoubleProperty [value: 700.0]
22:45:29.516 [FXGL Background Thread 3 ] DEBUG Engine               - actualWidth: 1050.0
22:45:29.516 [FXGL Background Thread 3 ] DEBUG Engine               - actualWidthProperty: ReadOnlyDoubleProperty [value: 1050.0]
22:45:29.516 [FXGL Background Thread 3 ] DEBUG Engine               - appIcon: fxgl_icon.png
22:45:29.516 [FXGL Background Thread 3 ] DEBUG Engine               - applicationMode: DEVELOPER
22:45:29.516 [FXGL Background Thread 3 ] DEBUG Engine               - cSSList: [fxgl_dark.css]
22:45:29.516 [FXGL Background Thread 3 ] DEBUG Engine               - collisionDetectionStrategy: BRUTE_FORCE
22:45:29.516 [FXGL Background Thread 3 ] DEBUG Engine               - configClass: Optional.empty
22:45:29.516 [FXGL Background Thread 3 ] DEBUG Engine               - credits: []
22:45:29.517 [FXGL Background Thread 3 ] DEBUG Engine               - devBBoxColorProperty: ObjectProperty [value: 0xff0000ff]
22:45:29.517 [FXGL Background Thread 3 ] DEBUG Engine               - devEnableDebugCameraProperty: BooleanProperty [value: false]
22:45:29.517 [FXGL Background Thread 3 ] DEBUG Engine               - devSensorColorProperty: ObjectProperty [value: 0xffff00ff]
22:45:29.517 [FXGL Background Thread 3 ] DEBUG Engine               - devShowBBoxProperty: BooleanProperty [value: false]
22:45:29.517 [FXGL Background Thread 3 ] DEBUG Engine               - devShowPositionProperty: BooleanProperty [value: false]
22:45:29.517 [FXGL Background Thread 3 ] DEBUG Engine               - enabledMenuItems: []
22:45:29.517 [FXGL Background Thread 3 ] DEBUG Engine               - engineServices: [class com.almasb.fxgl.app.services.FXGLAssetLoaderService, class com.almasb.fxgl.app.FXGLApplication$GameApplicationService, class com.almasb.fxgl.app.services.FXGLDialogService, class com.almasb.fxgl.app.services.IOTaskExecutorService, class com.almasb.fxgl.event.EventBusService, class com.almasb.fxgl.io.FileSystemService, class com.almasb.fxgl.localization.LocalizationService, class com.almasb.fxgl.app.services.SystemBundleService, class com.almasb.fxgl.profile.SaveLoadService, class com.almasb.fxgl.ui.FXGLUIFactoryServiceProvider, class com.almasb.fxgl.ui.FXGLDialogFactoryServiceProvider, class com.almasb.fxgl.audio.AudioPlayer, class com.almasb.fxgl.notification.impl.NotificationServiceProvider, class com.almasb.fxgl.achievement.AchievementService, class com.almasb.fxgl.cutscene.CutsceneService, class com.almasb.fxgl.minigames.MiniGameService, class com.almasb.fxgl.net.NetService, class com.almasb.fxgl.app.services.UpdaterService, class com.almasb.fxgl.dev.DevService]
22:45:29.517 [FXGL Background Thread 3 ] DEBUG Engine               - fontGame: Abel-Regular.ttf
22:45:29.518 [FXGL Background Thread 3 ] DEBUG Engine               - fontMono: lucida_console.ttf
22:45:29.518 [FXGL Background Thread 3 ] DEBUG Engine               - fontText: Courier-Prime.ttf
22:45:29.518 [FXGL Background Thread 3 ] DEBUG Engine               - fontUI: VarelaRound-Regular.ttf
22:45:29.518 [FXGL Background Thread 3 ] DEBUG Engine               - fullScreen: BooleanProperty [value: false]
22:45:29.518 [FXGL Background Thread 3 ] DEBUG Engine               - gameDifficulty: MEDIUM
22:45:29.518 [FXGL Background Thread 3 ] DEBUG Engine               - gameDifficultyProperty: ObjectProperty [value: MEDIUM]
22:45:29.518 [FXGL Background Thread 3 ] DEBUG Engine               - globalMusicVolume: 0.5
22:45:29.518 [FXGL Background Thread 3 ] DEBUG Engine               - globalMusicVolumeProperty: DoubleProperty [value: 0.5]
22:45:29.518 [FXGL Background Thread 3 ] DEBUG Engine               - globalSoundVolume: 0.5
22:45:29.518 [FXGL Background Thread 3 ] DEBUG Engine               - globalSoundVolumeProperty: DoubleProperty [value: 0.5]
22:45:29.519 [FXGL Background Thread 3 ] DEBUG Engine               - height: 700
22:45:29.519 [FXGL Background Thread 3 ] DEBUG Engine               - isAndroid: false
22:45:29.519 [FXGL Background Thread 3 ] DEBUG Engine               - isBrowser: false
22:45:29.519 [FXGL Background Thread 3 ] DEBUG Engine               - isClickFeedbackEnabled: false
22:45:29.519 [FXGL Background Thread 3 ] DEBUG Engine               - isCloseConfirmation: false
22:45:29.519 [FXGL Background Thread 3 ] DEBUG Engine               - isDesktop: true
22:45:29.519 [FXGL Background Thread 3 ] DEBUG Engine               - isDeveloperMenuEnabled: false
22:45:29.519 [FXGL Background Thread 3 ] DEBUG Engine               - isEntityPreloadEnabled: true
22:45:29.519 [FXGL Background Thread 3 ] DEBUG Engine               - isExperimental3D: false
22:45:29.519 [FXGL Background Thread 3 ] DEBUG Engine               - isExperimentalNative: false
22:45:29.519 [FXGL Background Thread 3 ] DEBUG Engine               - isExperimentalTiledLargeMap: false
22:45:29.519 [FXGL Background Thread 3 ] DEBUG Engine               - isFileSystemWriteAllowed: true
22:45:29.519 [FXGL Background Thread 3 ] DEBUG Engine               - isFullScreenAllowed: false
22:45:29.520 [FXGL Background Thread 3 ] DEBUG Engine               - isFullScreenFromStart: false
22:45:29.520 [FXGL Background Thread 3 ] DEBUG Engine               - isGameMenuEnabled: true
22:45:29.520 [FXGL Background Thread 3 ] DEBUG Engine               - isIOS: false
22:45:29.520 [FXGL Background Thread 3 ] DEBUG Engine               - isIntroEnabled: false
22:45:29.520 [FXGL Background Thread 3 ] DEBUG Engine               - isLinux: false
22:45:29.520 [FXGL Background Thread 3 ] DEBUG Engine               - isMac: false
22:45:29.520 [FXGL Background Thread 3 ] DEBUG Engine               - isMainMenuEnabled: true
22:45:29.520 [FXGL Background Thread 3 ] DEBUG Engine               - isManualResizeEnabled: false
22:45:29.520 [FXGL Background Thread 3 ] DEBUG Engine               - isMobile: false
22:45:29.521 [FXGL Background Thread 3 ] DEBUG Engine               - isPreserveResizeRatio: false
22:45:29.521 [FXGL Background Thread 3 ] DEBUG Engine               - isProfilingEnabled: false
22:45:29.521 [FXGL Background Thread 3 ] DEBUG Engine               - isScaleAffectedOnResize: true
22:45:29.521 [FXGL Background Thread 3 ] DEBUG Engine               - isSingleStep: false
22:45:29.521 [FXGL Background Thread 3 ] DEBUG Engine               - isUserProfileEnabled: false
22:45:29.521 [FXGL Background Thread 3 ] DEBUG Engine               - isWindows: true
22:45:29.521 [FXGL Background Thread 3 ] DEBUG Engine               - language: ObjectProperty [value: ENGLISH]
22:45:29.521 [FXGL Background Thread 3 ] DEBUG Engine               - menuKey: ESCAPE
22:45:29.521 [FXGL Background Thread 3 ] DEBUG Engine               - notificationViewClass: class com.almasb.fxgl.notification.view.XboxNotificationView
22:45:29.522 [FXGL Background Thread 3 ] DEBUG Engine               - pixelsPerMeter: 50.0
22:45:29.522 [FXGL Background Thread 3 ] DEBUG Engine               - platform: WINDOWS
22:45:29.522 [FXGL Background Thread 3 ] DEBUG Engine               - prefHeightProperty: ReadOnlyDoubleProperty [value: 700.0]
22:45:29.522 [FXGL Background Thread 3 ] DEBUG Engine               - prefWidthProperty: ReadOnlyDoubleProperty [value: 1050.0]
22:45:29.522 [FXGL Background Thread 3 ] DEBUG Engine               - profileDir: profiles/
22:45:29.522 [FXGL Background Thread 3 ] DEBUG Engine               - profileName: StringProperty [value: DEFAULT]
22:45:29.522 [FXGL Background Thread 3 ] DEBUG Engine               - randomSeed: -1
22:45:29.522 [FXGL Background Thread 3 ] DEBUG Engine               - runtimeInfo: RuntimeInfo(platform=WINDOWS, version=11.14, build=01.03.2021 16.59)
22:45:29.522 [FXGL Background Thread 3 ] DEBUG Engine               - saveFileExt: sav
22:45:29.523 [FXGL Background Thread 3 ] DEBUG Engine               - scaledHeightProp$fxgl: DoubleProperty [bound, value: 700.0]
22:45:29.523 [FXGL Background Thread 3 ] DEBUG Engine               - scaledWidthProp$fxgl: DoubleProperty [bound, value: 1050.0]
22:45:29.523 [FXGL Background Thread 3 ] DEBUG Engine               - sceneFactory: NerdvsVirus.Game$1@30cf66bf
22:45:29.523 [FXGL Background Thread 3 ] DEBUG Engine               - secondsIn24h: 60
22:45:29.523 [FXGL Background Thread 3 ] DEBUG Engine               - soundMenuBack: menu/back.wav
22:45:29.523 [FXGL Background Thread 3 ] DEBUG Engine               - soundMenuPress: menu/press.wav
22:45:29.523 [FXGL Background Thread 3 ] DEBUG Engine               - soundMenuSelect: menu/select.wav
22:45:29.523 [FXGL Background Thread 3 ] DEBUG Engine               - soundNotification: core/notification.wav
22:45:29.523 [FXGL Background Thread 3 ] DEBUG Engine               - stageStyle: DECORATED
22:45:29.523 [FXGL Background Thread 3 ] DEBUG Engine               - supportedLanguages: [ENGLISH, FRENCH, GERMAN, HUNGARIAN, RUSSIAN]
22:45:29.523 [FXGL Background Thread 3 ] DEBUG Engine               - ticksPerSecond: -1
22:45:29.523 [FXGL Background Thread 3 ] DEBUG Engine               - title: Nerds VS Virus
22:45:29.524 [FXGL Background Thread 3 ] DEBUG Engine               - urlGithub: https://github.com/AlmasB/FXGL
22:45:29.524 [FXGL Background Thread 3 ] DEBUG Engine               - urlLeaderboard: http://fxgl-top.herokuapp.com/
22:45:29.524 [FXGL Background Thread 3 ] DEBUG Engine               - urlPOM: https://raw.githubusercontent.com/AlmasB/FXGL/release/README.md
22:45:29.524 [FXGL Background Thread 3 ] DEBUG Engine               - userAppClass: class NerdvsVirus.Game
22:45:29.524 [FXGL Background Thread 3 ] DEBUG Engine               - version: 0.0
22:45:29.524 [FXGL Background Thread 3 ] DEBUG Engine               - versionCheckDays: 7
22:45:29.524 [FXGL Background Thread 3 ] DEBUG Engine               - width: 1050
22:45:29.524 [FXGL Background Thread 3 ] DEBUG Engine               - Logging services
22:45:29.524 [FXGL Background Thread 3 ] DEBUG Engine               - class com.almasb.fxgl.app.services.FXGLAssetLoaderService
22:45:29.524 [FXGL Background Thread 3 ] DEBUG Engine               - class com.almasb.fxgl.app.FXGLApplication$GameApplicationService
22:45:29.524 [FXGL Background Thread 3 ] DEBUG Engine               - class com.almasb.fxgl.app.services.FXGLDialogService
22:45:29.524 [FXGL Background Thread 3 ] DEBUG Engine               - class com.almasb.fxgl.app.services.IOTaskExecutorService
22:45:29.525 [FXGL Background Thread 3 ] DEBUG Engine               - class com.almasb.fxgl.event.EventBusService
22:45:29.525 [FXGL Background Thread 3 ] DEBUG Engine               - class com.almasb.fxgl.io.FileSystemService
22:45:29.525 [FXGL Background Thread 3 ] DEBUG Engine               - class com.almasb.fxgl.localization.LocalizationService
22:45:29.525 [FXGL Background Thread 3 ] DEBUG Engine               - class com.almasb.fxgl.app.services.SystemBundleService
22:45:29.525 [FXGL Background Thread 3 ] DEBUG Engine               - class com.almasb.fxgl.profile.SaveLoadService
22:45:29.525 [FXGL Background Thread 3 ] DEBUG Engine               - class com.almasb.fxgl.ui.FXGLUIFactoryServiceProvider
22:45:29.525 [FXGL Background Thread 3 ] DEBUG Engine               - class com.almasb.fxgl.ui.FXGLDialogFactoryServiceProvider
22:45:29.525 [FXGL Background Thread 3 ] DEBUG Engine               - class com.almasb.fxgl.audio.AudioPlayer
22:45:29.525 [FXGL Background Thread 3 ] DEBUG Engine               - class com.almasb.fxgl.notification.impl.NotificationServiceProvider
22:45:29.525 [FXGL Background Thread 3 ] DEBUG Engine               - class com.almasb.fxgl.achievement.AchievementService
22:45:29.525 [FXGL Background Thread 3 ] DEBUG Engine               - class com.almasb.fxgl.cutscene.CutsceneService
22:45:29.525 [FXGL Background Thread 3 ] DEBUG Engine               - class com.almasb.fxgl.minigames.MiniGameService
22:45:29.525 [FXGL Background Thread 3 ] DEBUG Engine               - class com.almasb.fxgl.net.NetService
22:45:29.525 [FXGL Background Thread 3 ] DEBUG Engine               - class com.almasb.fxgl.app.services.UpdaterService
22:45:29.526 [FXGL Background Thread 3 ] DEBUG Engine               - class com.almasb.fxgl.dev.DevService
22:45:36.440 [JavaFX Application Thread] DEBUG FXGLApplication      - Exiting FXGL
22:45:36.441 [JavaFX Application Thread] DEBUG LoopRunner           - Stopping loop
22:45:36.441 [JavaFX Application Thread] DEBUG SystemBundleService  - Saving FXGL system data
22:45:36.443 [JavaFX Application Thread] DEBUG FileSystemAccess     - Writing to: D:\OneDrive\OneDrive - Hogeschool Leiden\IPOSE\NERDS VS VIRUS\nerdsvsthevirus\system\fxgl.bundle
22:45:36.444 [JavaFX Application Thread] DEBUG Async                - Shutting down background threads
22:45:36.444 [JavaFX Application Thread] DEBUG PrimaryStageWindow   - Closing main window
22:45:36.454 [JavaFX Application Thread] DEBUG Logger               - Closing Logger
