12:15:31.773 [main                     ] DEBUG Logger               - Configured Logger
12:15:31.784 [main                     ] DEBUG GameApplication      - Logging settings
Title: Nerds VS Virus
Version: 0.0
Width: 1200
Height: 800
Fullscreen: false
Intro: false
Profiling: false
Single step:false
App Mode: DEVELOPER
Menu Key: ESCAPE
Stage Style: DECORATED
Scene Factory: class Game$1

12:15:32.251 [JavaFX Application Thread] DEBUG FXGLApplication      - Initializing FXGL
12:15:32.254 [JavaFX Application Thread] INFO  Engine               - FXGL-11.14 (01.03.2021 16.59) on WINDOWS (J:15.0.2 FX:15)
12:15:32.254 [JavaFX Application Thread] DEBUG Engine               - JRE Vendor Name: Oracle Corporation
12:15:32.254 [JavaFX Application Thread] DEBUG Engine               - Running on OS: Windows 10 version 10.0
12:15:32.254 [JavaFX Application Thread] DEBUG Engine               - Architecture: amd64
12:15:32.254 [JavaFX Application Thread] INFO  Engine               - Source code and latest versions at: https://github.com/AlmasB/FXGL
12:15:32.255 [JavaFX Application Thread] INFO  Engine               -              Join the FXGL chat at: https://gitter.im/AlmasB/FXGL
12:15:32.378 [JavaFX Application Thread] DEBUG PrimaryStageWindow   - Creating a JavaFX scene
12:15:32.426 [JavaFX Application Thread] DEBUG PrimaryStageWindow   - Target settings size: 1200.0 x 800.0
12:15:32.426 [JavaFX Application Thread] DEBUG PrimaryStageWindow   - Scaled scene size:    1200.0 x 800.0
12:15:32.426 [JavaFX Application Thread] DEBUG PrimaryStageWindow   - Scaled ratio: (1.0, 1.0)
12:15:32.427 [JavaFX Application Thread] DEBUG PrimaryStageWindow   - Set initial scene to FXGLStartupScene
12:15:32.434 [JavaFX Application Thread] DEBUG PrimaryStageWindow   - Opening main window
12:15:32.503 [JavaFX Application Thread] DEBUG PrimaryStageWindow   - Window border size: (16.0, 39.0)
12:15:32.503 [JavaFX Application Thread] DEBUG PrimaryStageWindow   - Scaled size: 1200.0 x 800.0
12:15:32.503 [JavaFX Application Thread] DEBUG PrimaryStageWindow   - Scaled ratio: (1.0, 1.0)
12:15:32.503 [JavaFX Application Thread] DEBUG PrimaryStageWindow   - Scene size: 1200.0 x 800.0
12:15:32.504 [JavaFX Application Thread] DEBUG PrimaryStageWindow   - Stage size: 1216.0 x 839.0
12:15:32.509 [FXGL Background Thread 1 ] DEBUG Engine               - Initializing environment variables
12:15:32.537 [FXGL Background Thread 1 ] DEBUG FXGLAssetLoaderServi - User app class for loading assets: class Game
12:15:32.537 [FXGL Background Thread 1 ] DEBUG GameApplicationServi - Applying CSS: fxgl_dark.css
12:15:32.538 [FXGL Background Thread 1 ] DEBUG FXGLAssetLoaderServi - Loading from file system: jar:file:/C:/Users/luukb/.m2/repository/com/github/almasb/fxgl/11.14/fxgl-11.14.jar!/fxglassets/ui/css/fxgl_dark.css
12:15:32.577 [FXGL Background Thread 1 ] DEBUG GameApplicationServi - Initializing application scenes
12:15:32.605 [FXGL Background Thread 1 ] DEBUG GameWorld            - Game world initialized
12:15:32.657 [FXGL Background Thread 1 ] DEBUG PhysicsWorld         - Physics world initialized: appHeight=800, physics.ppm=50,0
12:15:32.658 [FXGL Background Thread 1 ] DEBUG PhysicsWorld         - Using strategy: BRUTE_FORCE
12:15:32.660 [FXGL Background Thread 1 ] DEBUG GameScene            - Game scene initialized: 1200x800
12:15:32.691 [FXGL Background Thread 1 ] DEBUG FXGLAssetLoaderServi - Loading from file system: jar:file:/C:/Users/luukb/.m2/repository/com/github/almasb/fxgl/11.14/fxgl-11.14.jar!/fxglassets/textures/particles/trace_horizontal.png
12:15:32.735 [FXGL Background Thread 1 ] DEBUG FXGL.DefaultMenu     - createMenuBodyGameMenu()
12:15:32.750 [FXGL Background Thread 1 ] DEBUG FXGL.DefaultMenu     - createOptionsMenu()
12:15:32.754 [FXGL Background Thread 1 ] DEBUG FXGLAssetLoaderServi - Loading from file system: jar:file:/C:/Users/luukb/.m2/repository/com/github/almasb/fxgl/11.14/fxgl-11.14.jar!/fxglassets/textures/particles/smoke.png
12:15:32.819 [FXGL Background Thread 1 ] DEBUG GameApplicationServi - Application scenes initialized
12:15:32.830 [FXGL Background Thread 1 ] DEBUG SystemBundleService  - Loading FXGL system data
12:15:32.833 [FXGL Background Thread 1 ] DEBUG FileSystemAccess     - Reading from: D:\OneDrive\OneDrive - Hogeschool Leiden\IPOSE\NERDS VS VIRUS\nerdsvsthevirus\system\fxgl.bundle
12:15:32.839 [FXGL Background Thread 1 ] DEBUG SystemBundleService  - Bundle FXGL: {}
12:15:32.839 [FXGL Background Thread 1 ] DEBUG UpdaterService       - Checking for updates
12:15:32.844 [FXGL Background Thread 4 ] DEBUG FXGLApplication      - Loading fonts
12:15:32.844 [FXGL Background Thread 1 ] DEBUG FXGLApplication      - Loading default localization
12:15:32.845 [FXGL Background Thread 4 ] DEBUG FXGLAssetLoaderServi - Loading from file system: jar:file:/C:/Users/luukb/.m2/repository/com/github/almasb/fxgl/11.14/fxgl-11.14.jar!/fxglassets/ui/fonts/VarelaRound-Regular.ttf
12:15:32.845 [FXGL Background Thread 1 ] DEBUG FXGLAssetLoaderServi - Loading from file system: jar:file:/C:/Users/luukb/.m2/repository/com/github/almasb/fxgl/11.14/fxgl-11.14.jar!/fxglassets/languages/english.lang
12:15:32.868 [FXGL Background Thread 1 ] INFO  FXGLApplication      - FXGL initialization took: 0,359 sec
12:15:32.879 [JavaFX Application Thread] DEBUG Input                - Registered new binding: action0 - D
12:15:32.879 [JavaFX Application Thread] DEBUG Input                - Registered new binding: action1 - A
12:15:32.880 [JavaFX Application Thread] DEBUG FXGLAssetLoaderServi - Loading from file system: jar:file:/C:/Users/luukb/.m2/repository/com/github/almasb/fxgl/11.14/fxgl-11.14.jar!/fxglassets/textures/fxgl_icon.png
12:15:32.899 [JavaFX Application Thread] DEBUG FXGLAssetLoaderServi - Loading from file system: jar:file:/C:/Users/luukb/.m2/repository/com/github/almasb/fxgl/11.14/fxgl-11.14.jar!/fxglassets/ui/cursors/fxgl_default.png
12:15:32.901 [JavaFX Application Thread] DEBUG Input                - Registered new binding: Screenshot - P
12:15:32.901 [JavaFX Application Thread] DEBUG Input                - Registered new binding: System info dump - CTRL+9
12:15:32.902 [JavaFX Application Thread] DEBUG Input                - Registered new binding: Restart - CTRL+R
12:15:32.902 [JavaFX Application Thread] DEBUG Input                - Registered new binding: Toggle Debug Camera - CTRL+C
12:15:32.904 [JavaFX Application Thread] DEBUG LoopRunner           - Starting loop
12:15:32.905 [JavaFX Application Thread] DEBUG LoopRunner           - Initializing JavaFX AnimationTimerLoop
12:15:32.908 [JavaFX Application Thread] DEBUG Input                - Clearing active input actions
12:15:32.916 [JavaFX Application Thread] DEBUG GameApplicationServi - Removing overlay from FXGLStartupScene and adding to FXGLMainMenuDummyScene
12:15:32.916 [JavaFX Application Thread] DEBUG PrimaryStageWindow   - FXGLStartupScene -> FXGLMainMenuDummyScene
12:15:32.917 [JavaFX Application Thread] DEBUG PrimaryStageWindow   - Push state: MainMenu
12:15:32.917 [JavaFX Application Thread] DEBUG Input                - Clearing active input actions
12:15:32.919 [FXGL Background Thread 4 ] DEBUG FXGLAssetLoaderServi - Loading from file system: jar:file:/C:/Users/luukb/.m2/repository/com/github/almasb/fxgl/11.14/fxgl-11.14.jar!/fxglassets/ui/fonts/Abel-Regular.ttf
12:15:32.920 [JavaFX Application Thread] DEBUG GameApplicationServi - Removing overlay from FXGLMainMenuDummyScene and adding to MainMenu
12:15:32.920 [JavaFX Application Thread] DEBUG PrimaryStageWindow   - FXGLMainMenuDummyScene -> MainMenu
12:15:32.923 [FXGL Background Thread 4 ] DEBUG FXGLAssetLoaderServi - Loading from file system: jar:file:/C:/Users/luukb/.m2/repository/com/github/almasb/fxgl/11.14/fxgl-11.14.jar!/fxglassets/ui/fonts/lucida_console.ttf
12:15:32.928 [FXGL Background Thread 4 ] DEBUG FXGLAssetLoaderServi - Loading from file system: jar:file:/C:/Users/luukb/.m2/repository/com/github/almasb/fxgl/11.14/fxgl-11.14.jar!/fxglassets/ui/fonts/Courier-Prime.ttf
12:15:32.992 [JavaFX Application Thread] DEBUG FXGLApplication      - Registering font factories with UI factory
12:15:34.528 [JavaFX Application Thread] DEBUG Menu                 - fireNewGame()
12:15:34.528 [JavaFX Application Thread] DEBUG GameApplicationServi - Starting new game
12:15:34.528 [JavaFX Application Thread] DEBUG PrimaryStageWindow   - Pop state: MainMenu
12:15:34.529 [JavaFX Application Thread] DEBUG Input                - Clearing active input actions
12:15:34.529 [JavaFX Application Thread] DEBUG GameApplicationServi - Removing overlay from MainMenu and adding to FXGLMainMenuDummyScene
12:15:34.529 [JavaFX Application Thread] DEBUG PrimaryStageWindow   - FXGLMainMenuDummyScene <- MainMenu
12:15:34.530 [JavaFX Application Thread] DEBUG Input                - Clearing active input actions
12:15:34.537 [JavaFX Application Thread] DEBUG GameApplicationServi - Removing overlay from FXGLMainMenuDummyScene and adding to FXGLLoadingScene
12:15:34.538 [JavaFX Application Thread] DEBUG PrimaryStageWindow   - FXGLMainMenuDummyScene -> FXGLLoadingScene
12:15:34.538 [JavaFX Application Thread] DEBUG GameApplicationServi - Clearing previous game
12:15:34.538 [JavaFX Application Thread] DEBUG GameScene            - Clearing game scene
12:15:34.539 [JavaFX Application Thread] DEBUG GameWorld            - Clearing game world
12:15:34.539 [JavaFX Application Thread] DEBUG PhysicsWorld         - Clearing physics world
12:15:34.540 [FXGL Background Thread 2 ] DEBUG FXGLApplication      - Initializing game
12:15:34.542 [FXGL Background Thread 2 ] DEBUG FXGLAssetLoaderServi - Loading from file system: file:/D:/OneDrive/OneDrive%20-%20Hogeschool%20Leiden/IPOSE/NERDS%20VS%20VIRUS/nerdsvsthevirus/target/classes/assets/textures//Game/sprite.png
12:15:34.556 [FXGL Background Thread 2 ] INFO  FXGLApplication      - Game initialization took: 0,016 sec
12:15:34.622 [JavaFX Application Thread] DEBUG Input                - Clearing active input actions
12:15:34.627 [JavaFX Application Thread] DEBUG GameApplicationServi - Removing overlay from FXGLLoadingScene and adding to GameScene
12:15:34.628 [JavaFX Application Thread] DEBUG PrimaryStageWindow   - FXGLLoadingScene -> GameScene
12:15:35.843 [FXGL Background Thread 3 ] DEBUG Engine               - Logging environment variables
12:15:35.843 [FXGL Background Thread 3 ] DEBUG Engine               - achievements: []
12:15:35.844 [FXGL Background Thread 3 ] DEBUG Engine               - actualHeight: 800.0
12:15:35.844 [FXGL Background Thread 3 ] DEBUG Engine               - actualHeightProperty: ReadOnlyDoubleProperty [value: 800.0]
12:15:35.844 [FXGL Background Thread 3 ] DEBUG Engine               - actualWidth: 1200.0
12:15:35.844 [FXGL Background Thread 3 ] DEBUG Engine               - actualWidthProperty: ReadOnlyDoubleProperty [value: 1200.0]
12:15:35.844 [FXGL Background Thread 3 ] DEBUG Engine               - appIcon: fxgl_icon.png
12:15:35.844 [FXGL Background Thread 3 ] DEBUG Engine               - applicationMode: DEVELOPER
12:15:35.844 [FXGL Background Thread 3 ] DEBUG Engine               - cSSList: [fxgl_dark.css]
12:15:35.844 [FXGL Background Thread 3 ] DEBUG Engine               - collisionDetectionStrategy: BRUTE_FORCE
12:15:35.844 [FXGL Background Thread 3 ] DEBUG Engine               - configClass: Optional.empty
12:15:35.845 [FXGL Background Thread 3 ] DEBUG Engine               - credits: []
12:15:35.845 [FXGL Background Thread 3 ] DEBUG Engine               - devBBoxColorProperty: ObjectProperty [value: 0xff0000ff]
12:15:35.845 [FXGL Background Thread 3 ] DEBUG Engine               - devEnableDebugCameraProperty: BooleanProperty [value: false]
12:15:35.845 [FXGL Background Thread 3 ] DEBUG Engine               - devSensorColorProperty: ObjectProperty [value: 0xffff00ff]
12:15:35.845 [FXGL Background Thread 3 ] DEBUG Engine               - devShowBBoxProperty: BooleanProperty [value: false]
12:15:35.845 [FXGL Background Thread 3 ] DEBUG Engine               - devShowPositionProperty: BooleanProperty [value: false]
12:15:35.845 [FXGL Background Thread 3 ] DEBUG Engine               - enabledMenuItems: []
12:15:35.846 [FXGL Background Thread 3 ] DEBUG Engine               - engineServices: [class com.almasb.fxgl.app.services.FXGLAssetLoaderService, class com.almasb.fxgl.app.FXGLApplication$GameApplicationService, class com.almasb.fxgl.app.services.FXGLDialogService, class com.almasb.fxgl.app.services.IOTaskExecutorService, class com.almasb.fxgl.event.EventBusService, class com.almasb.fxgl.io.FileSystemService, class com.almasb.fxgl.localization.LocalizationService, class com.almasb.fxgl.app.services.SystemBundleService, class com.almasb.fxgl.profile.SaveLoadService, class com.almasb.fxgl.ui.FXGLUIFactoryServiceProvider, class com.almasb.fxgl.ui.FXGLDialogFactoryServiceProvider, class com.almasb.fxgl.audio.AudioPlayer, class com.almasb.fxgl.notification.impl.NotificationServiceProvider, class com.almasb.fxgl.achievement.AchievementService, class com.almasb.fxgl.cutscene.CutsceneService, class com.almasb.fxgl.minigames.MiniGameService, class com.almasb.fxgl.net.NetService, class com.almasb.fxgl.app.services.UpdaterService, class com.almasb.fxgl.dev.DevService]
12:15:35.846 [FXGL Background Thread 3 ] DEBUG Engine               - fontGame: Abel-Regular.ttf
12:15:35.846 [FXGL Background Thread 3 ] DEBUG Engine               - fontMono: lucida_console.ttf
12:15:35.846 [FXGL Background Thread 3 ] DEBUG Engine               - fontText: Courier-Prime.ttf
12:15:35.846 [FXGL Background Thread 3 ] DEBUG Engine               - fontUI: VarelaRound-Regular.ttf
12:15:35.846 [FXGL Background Thread 3 ] DEBUG Engine               - fullScreen: BooleanProperty [value: false]
12:15:35.846 [FXGL Background Thread 3 ] DEBUG Engine               - gameDifficulty: MEDIUM
12:15:35.846 [FXGL Background Thread 3 ] DEBUG Engine               - gameDifficultyProperty: ObjectProperty [value: MEDIUM]
12:15:35.846 [FXGL Background Thread 3 ] DEBUG Engine               - globalMusicVolume: 0.5
12:15:35.846 [FXGL Background Thread 3 ] DEBUG Engine               - globalMusicVolumeProperty: DoubleProperty [value: 0.5]
12:15:35.847 [FXGL Background Thread 3 ] DEBUG Engine               - globalSoundVolume: 0.5
12:15:35.847 [FXGL Background Thread 3 ] DEBUG Engine               - globalSoundVolumeProperty: DoubleProperty [value: 0.5]
12:15:35.847 [FXGL Background Thread 3 ] DEBUG Engine               - height: 800
12:15:35.847 [FXGL Background Thread 3 ] DEBUG Engine               - isAndroid: false
12:15:35.847 [FXGL Background Thread 3 ] DEBUG Engine               - isBrowser: false
12:15:35.847 [FXGL Background Thread 3 ] DEBUG Engine               - isClickFeedbackEnabled: false
12:15:35.847 [FXGL Background Thread 3 ] DEBUG Engine               - isCloseConfirmation: false
12:15:35.847 [FXGL Background Thread 3 ] DEBUG Engine               - isDesktop: true
12:15:35.847 [FXGL Background Thread 3 ] DEBUG Engine               - isDeveloperMenuEnabled: false
12:15:35.847 [FXGL Background Thread 3 ] DEBUG Engine               - isEntityPreloadEnabled: true
12:15:35.847 [FXGL Background Thread 3 ] DEBUG Engine               - isExperimental3D: false
12:15:35.847 [FXGL Background Thread 3 ] DEBUG Engine               - isExperimentalNative: false
12:15:35.847 [FXGL Background Thread 3 ] DEBUG Engine               - isExperimentalTiledLargeMap: false
12:15:35.848 [FXGL Background Thread 3 ] DEBUG Engine               - isFileSystemWriteAllowed: true
12:15:35.848 [FXGL Background Thread 3 ] DEBUG Engine               - isFullScreenAllowed: false
12:15:35.848 [FXGL Background Thread 3 ] DEBUG Engine               - isFullScreenFromStart: false
12:15:35.848 [FXGL Background Thread 3 ] DEBUG Engine               - isGameMenuEnabled: true
12:15:35.848 [FXGL Background Thread 3 ] DEBUG Engine               - isIOS: false
12:15:35.848 [FXGL Background Thread 3 ] DEBUG Engine               - isIntroEnabled: false
12:15:35.848 [FXGL Background Thread 3 ] DEBUG Engine               - isLinux: false
12:15:35.848 [FXGL Background Thread 3 ] DEBUG Engine               - isMac: false
12:15:35.848 [FXGL Background Thread 3 ] DEBUG Engine               - isMainMenuEnabled: true
12:15:35.849 [FXGL Background Thread 3 ] DEBUG Engine               - isManualResizeEnabled: false
12:15:35.849 [FXGL Background Thread 3 ] DEBUG Engine               - isMobile: false
12:15:35.849 [FXGL Background Thread 3 ] DEBUG Engine               - isPreserveResizeRatio: false
12:15:35.849 [FXGL Background Thread 3 ] DEBUG Engine               - isProfilingEnabled: false
12:15:35.849 [FXGL Background Thread 3 ] DEBUG Engine               - isScaleAffectedOnResize: true
12:15:35.849 [FXGL Background Thread 3 ] DEBUG Engine               - isSingleStep: false
12:15:35.849 [FXGL Background Thread 3 ] DEBUG Engine               - isUserProfileEnabled: false
12:15:35.849 [FXGL Background Thread 3 ] DEBUG Engine               - isWindows: true
12:15:35.849 [FXGL Background Thread 3 ] DEBUG Engine               - language: ObjectProperty [value: ENGLISH]
12:15:35.849 [FXGL Background Thread 3 ] DEBUG Engine               - menuKey: ESCAPE
12:15:35.849 [FXGL Background Thread 3 ] DEBUG Engine               - notificationViewClass: class com.almasb.fxgl.notification.view.XboxNotificationView
12:15:35.850 [FXGL Background Thread 3 ] DEBUG Engine               - pixelsPerMeter: 50.0
12:15:35.850 [FXGL Background Thread 3 ] DEBUG Engine               - platform: WINDOWS
12:15:35.850 [FXGL Background Thread 3 ] DEBUG Engine               - prefHeightProperty: ReadOnlyDoubleProperty [value: 800.0]
12:15:35.850 [FXGL Background Thread 3 ] DEBUG Engine               - prefWidthProperty: ReadOnlyDoubleProperty [value: 1200.0]
12:15:35.850 [FXGL Background Thread 3 ] DEBUG Engine               - profileDir: profiles/
12:15:35.850 [FXGL Background Thread 3 ] DEBUG Engine               - profileName: StringProperty [value: DEFAULT]
12:15:35.850 [FXGL Background Thread 3 ] DEBUG Engine               - randomSeed: -1
12:15:35.850 [FXGL Background Thread 3 ] DEBUG Engine               - runtimeInfo: RuntimeInfo(platform=WINDOWS, version=11.14, build=01.03.2021 16.59)
12:15:35.850 [FXGL Background Thread 3 ] DEBUG Engine               - saveFileExt: sav
12:15:35.851 [FXGL Background Thread 3 ] DEBUG Engine               - scaledHeightProp$fxgl: DoubleProperty [bound, value: 800.0]
12:15:35.851 [FXGL Background Thread 3 ] DEBUG Engine               - scaledWidthProp$fxgl: DoubleProperty [bound, value: 1200.0]
12:15:35.851 [FXGL Background Thread 3 ] DEBUG Engine               - sceneFactory: Game$1@495f8b5b
12:15:35.851 [FXGL Background Thread 3 ] DEBUG Engine               - secondsIn24h: 60
12:15:35.851 [FXGL Background Thread 3 ] DEBUG Engine               - soundMenuBack: menu/back.wav
12:15:35.851 [FXGL Background Thread 3 ] DEBUG Engine               - soundMenuPress: menu/press.wav
12:15:35.851 [FXGL Background Thread 3 ] DEBUG Engine               - soundMenuSelect: menu/select.wav
12:15:35.851 [FXGL Background Thread 3 ] DEBUG Engine               - soundNotification: core/notification.wav
12:15:35.852 [FXGL Background Thread 3 ] DEBUG Engine               - stageStyle: DECORATED
12:15:35.852 [FXGL Background Thread 3 ] DEBUG Engine               - supportedLanguages: [ENGLISH, FRENCH, GERMAN, HUNGARIAN, RUSSIAN]
12:15:35.852 [FXGL Background Thread 3 ] DEBUG Engine               - ticksPerSecond: -1
12:15:35.852 [FXGL Background Thread 3 ] DEBUG Engine               - title: Nerds VS Virus
12:15:35.852 [FXGL Background Thread 3 ] DEBUG Engine               - urlGithub: https://github.com/AlmasB/FXGL
12:15:35.852 [FXGL Background Thread 3 ] DEBUG Engine               - urlLeaderboard: http://fxgl-top.herokuapp.com/
12:15:35.852 [FXGL Background Thread 3 ] DEBUG Engine               - urlPOM: https://raw.githubusercontent.com/AlmasB/FXGL/release/README.md
12:15:35.853 [FXGL Background Thread 3 ] DEBUG Engine               - userAppClass: class Game
12:15:35.853 [FXGL Background Thread 3 ] DEBUG Engine               - version: 0.0
12:15:35.853 [FXGL Background Thread 3 ] DEBUG Engine               - versionCheckDays: 7
12:15:35.853 [FXGL Background Thread 3 ] DEBUG Engine               - width: 1200
12:15:35.853 [FXGL Background Thread 3 ] DEBUG Engine               - Logging services
12:15:35.853 [FXGL Background Thread 3 ] DEBUG Engine               - class com.almasb.fxgl.app.services.FXGLAssetLoaderService
12:15:35.853 [FXGL Background Thread 3 ] DEBUG Engine               - class com.almasb.fxgl.app.FXGLApplication$GameApplicationService
12:15:35.853 [FXGL Background Thread 3 ] DEBUG Engine               - class com.almasb.fxgl.app.services.FXGLDialogService
12:15:35.854 [FXGL Background Thread 3 ] DEBUG Engine               - class com.almasb.fxgl.app.services.IOTaskExecutorService
12:15:35.854 [FXGL Background Thread 3 ] DEBUG Engine               - class com.almasb.fxgl.event.EventBusService
12:15:35.854 [FXGL Background Thread 3 ] DEBUG Engine               - class com.almasb.fxgl.io.FileSystemService
12:15:35.854 [FXGL Background Thread 3 ] DEBUG Engine               - class com.almasb.fxgl.localization.LocalizationService
12:15:35.854 [FXGL Background Thread 3 ] DEBUG Engine               - class com.almasb.fxgl.app.services.SystemBundleService
12:15:35.854 [FXGL Background Thread 3 ] DEBUG Engine               - class com.almasb.fxgl.profile.SaveLoadService
12:15:35.854 [FXGL Background Thread 3 ] DEBUG Engine               - class com.almasb.fxgl.ui.FXGLUIFactoryServiceProvider
12:15:35.854 [FXGL Background Thread 3 ] DEBUG Engine               - class com.almasb.fxgl.ui.FXGLDialogFactoryServiceProvider
12:15:35.854 [FXGL Background Thread 3 ] DEBUG Engine               - class com.almasb.fxgl.audio.AudioPlayer
12:15:35.854 [FXGL Background Thread 3 ] DEBUG Engine               - class com.almasb.fxgl.notification.impl.NotificationServiceProvider
12:15:35.854 [FXGL Background Thread 3 ] DEBUG Engine               - class com.almasb.fxgl.achievement.AchievementService
12:15:35.854 [FXGL Background Thread 3 ] DEBUG Engine               - class com.almasb.fxgl.cutscene.CutsceneService
12:15:35.855 [FXGL Background Thread 3 ] DEBUG Engine               - class com.almasb.fxgl.minigames.MiniGameService
12:15:35.855 [FXGL Background Thread 3 ] DEBUG Engine               - class com.almasb.fxgl.net.NetService
12:15:35.855 [FXGL Background Thread 3 ] DEBUG Engine               - class com.almasb.fxgl.app.services.UpdaterService
12:15:35.855 [FXGL Background Thread 3 ] DEBUG Engine               - class com.almasb.fxgl.dev.DevService
12:15:36.049 [JavaFX Application Thread] DEBUG FXGLApplication      - Exiting FXGL
12:15:36.049 [JavaFX Application Thread] DEBUG LoopRunner           - Stopping loop
12:15:36.050 [JavaFX Application Thread] DEBUG SystemBundleService  - Saving FXGL system data
12:15:36.051 [JavaFX Application Thread] DEBUG FileSystemAccess     - Writing to: D:\OneDrive\OneDrive - Hogeschool Leiden\IPOSE\NERDS VS VIRUS\nerdsvsthevirus\system\fxgl.bundle
12:15:36.052 [JavaFX Application Thread] DEBUG Async                - Shutting down background threads
12:15:36.053 [JavaFX Application Thread] DEBUG PrimaryStageWindow   - Closing main window
12:15:36.060 [JavaFX Application Thread] DEBUG Logger               - Closing Logger
