10:28:22.146 [main                     ] DEBUG Logger               - Configured Logger
10:28:22.158 [main                     ] DEBUG GameApplication      - Logging settings
Title: Nerds VS Virus
Version: 0.0
Width: 1050
Height: 700
Fullscreen: false
Intro: false
Profiling: false
Single step:false
App Mode: DEVELOPER
Menu Key: ESCAPE
Stage Style: DECORATED
Scene Factory: class NerdvsVirus.Game$1

10:28:22.659 [JavaFX Application Thread] DEBUG FXGLApplication      - Initializing FXGL
10:28:22.662 [JavaFX Application Thread] INFO  Engine               - FXGL-11.14 (01.03.2021 16.59) on WINDOWS (J:15.0.2 FX:15)
10:28:22.662 [JavaFX Application Thread] DEBUG Engine               - JRE Vendor Name: Oracle Corporation
10:28:22.662 [JavaFX Application Thread] DEBUG Engine               - Running on OS: Windows 10 version 10.0
10:28:22.662 [JavaFX Application Thread] DEBUG Engine               - Architecture: amd64
10:28:22.663 [JavaFX Application Thread] INFO  Engine               - Source code and latest versions at: https://github.com/AlmasB/FXGL
10:28:22.663 [JavaFX Application Thread] INFO  Engine               -              Join the FXGL chat at: https://gitter.im/AlmasB/FXGL
10:28:22.784 [JavaFX Application Thread] DEBUG PrimaryStageWindow   - Creating a JavaFX scene
10:28:22.845 [JavaFX Application Thread] DEBUG PrimaryStageWindow   - Target settings size: 1050.0 x 700.0
10:28:22.845 [JavaFX Application Thread] DEBUG PrimaryStageWindow   - Scaled scene size:    1050.0 x 700.0
10:28:22.845 [JavaFX Application Thread] DEBUG PrimaryStageWindow   - Scaled ratio: (1.0, 1.0)
10:28:22.846 [JavaFX Application Thread] DEBUG PrimaryStageWindow   - Set initial scene to FXGLStartupScene
10:28:22.855 [JavaFX Application Thread] DEBUG PrimaryStageWindow   - Opening main window
10:28:22.934 [JavaFX Application Thread] DEBUG PrimaryStageWindow   - Window border size: (16.0, 39.0)
10:28:22.934 [JavaFX Application Thread] DEBUG PrimaryStageWindow   - Scaled size: 1050.0 x 700.0
10:28:22.935 [JavaFX Application Thread] DEBUG PrimaryStageWindow   - Scaled ratio: (1.0, 1.0)
10:28:22.935 [JavaFX Application Thread] DEBUG PrimaryStageWindow   - Scene size: 1050.0 x 700.0
10:28:22.935 [JavaFX Application Thread] DEBUG PrimaryStageWindow   - Stage size: 1066.0 x 739.0
10:28:22.942 [FXGL Background Thread 1 ] DEBUG Engine               - Initializing environment variables
10:28:22.973 [FXGL Background Thread 1 ] DEBUG FXGLAssetLoaderServi - User app class for loading assets: class NerdvsVirus.Game
10:28:22.973 [FXGL Background Thread 1 ] DEBUG GameApplicationServi - Applying CSS: fxgl_dark.css
10:28:22.975 [FXGL Background Thread 1 ] DEBUG FXGLAssetLoaderServi - Loading from file system: jar:file:/C:/Users/luukb/.m2/repository/com/github/almasb/fxgl/11.14/fxgl-11.14.jar!/fxglassets/ui/css/fxgl_dark.css
10:28:23.018 [FXGL Background Thread 1 ] DEBUG GameApplicationServi - Initializing application scenes
10:28:23.048 [FXGL Background Thread 1 ] DEBUG GameWorld            - Game world initialized
10:28:23.103 [FXGL Background Thread 1 ] DEBUG PhysicsWorld         - Physics world initialized: appHeight=700, physics.ppm=50,0
10:28:23.103 [FXGL Background Thread 1 ] DEBUG PhysicsWorld         - Using strategy: BRUTE_FORCE
10:28:23.105 [FXGL Background Thread 1 ] DEBUG GameScene            - Game scene initialized: 1050x700
10:28:23.230 [FXGL Background Thread 1 ] DEBUG FXGLAssetLoaderServi - Loading from file system: jar:file:/C:/Users/luukb/.m2/repository/com/github/almasb/fxgl/11.14/fxgl-11.14.jar!/fxglassets/textures/particles/trace_horizontal.png
10:28:23.270 [FXGL Background Thread 1 ] DEBUG FXGL.DefaultMenu     - createMenuBodyGameMenu()
10:28:23.287 [FXGL Background Thread 1 ] DEBUG FXGL.DefaultMenu     - createOptionsMenu()
10:28:23.292 [FXGL Background Thread 1 ] DEBUG FXGLAssetLoaderServi - Loading from file system: jar:file:/C:/Users/luukb/.m2/repository/com/github/almasb/fxgl/11.14/fxgl-11.14.jar!/fxglassets/textures/particles/smoke.png
10:28:23.343 [FXGL Background Thread 1 ] DEBUG GameApplicationServi - Application scenes initialized
10:28:23.355 [FXGL Background Thread 1 ] DEBUG SystemBundleService  - Loading FXGL system data
10:28:23.358 [FXGL Background Thread 1 ] DEBUG FileSystemAccess     - Reading from: D:\OneDrive\OneDrive - Hogeschool Leiden\IPOSE\NERDS VS VIRUS\nerdsvsthevirus\system\fxgl.bundle
10:28:23.364 [FXGL Background Thread 1 ] DEBUG SystemBundleService  - Bundle FXGL: {}
10:28:23.365 [FXGL Background Thread 1 ] DEBUG UpdaterService       - Checking for updates
10:28:23.368 [FXGL Background Thread 4 ] DEBUG FXGLApplication      - Loading fonts
10:28:23.369 [FXGL Background Thread 4 ] DEBUG FXGLAssetLoaderServi - Loading from file system: jar:file:/C:/Users/luukb/.m2/repository/com/github/almasb/fxgl/11.14/fxgl-11.14.jar!/fxglassets/ui/fonts/VarelaRound-Regular.ttf
10:28:23.369 [FXGL Background Thread 1 ] DEBUG FXGLApplication      - Loading default localization
10:28:23.370 [FXGL Background Thread 1 ] DEBUG FXGLAssetLoaderServi - Loading from file system: jar:file:/C:/Users/luukb/.m2/repository/com/github/almasb/fxgl/11.14/fxgl-11.14.jar!/fxglassets/languages/english.lang
10:28:23.374 [FXGL Background Thread 4 ] DEBUG FXGLAssetLoaderServi - Loading from file system: jar:file:/C:/Users/luukb/.m2/repository/com/github/almasb/fxgl/11.14/fxgl-11.14.jar!/fxglassets/ui/fonts/Abel-Regular.ttf
10:28:23.377 [FXGL Background Thread 4 ] DEBUG FXGLAssetLoaderServi - Loading from file system: jar:file:/C:/Users/luukb/.m2/repository/com/github/almasb/fxgl/11.14/fxgl-11.14.jar!/fxglassets/ui/fonts/lucida_console.ttf
10:28:23.384 [FXGL Background Thread 4 ] DEBUG FXGLAssetLoaderServi - Loading from file system: jar:file:/C:/Users/luukb/.m2/repository/com/github/almasb/fxgl/11.14/fxgl-11.14.jar!/fxglassets/ui/fonts/Courier-Prime.ttf
10:28:23.385 [FXGL Background Thread 1 ] INFO  FXGLApplication      - FXGL initialization took: 0,443 sec
10:28:23.394 [JavaFX Application Thread] DEBUG Input                - Registered new binding: Left - A
10:28:23.394 [JavaFX Application Thread] DEBUG Input                - Registered new binding: Right - D
10:28:23.395 [JavaFX Application Thread] DEBUG Input                - Registered new binding: Jump - W
10:28:23.396 [JavaFX Application Thread] DEBUG FXGLAssetLoaderServi - Loading from file system: jar:file:/C:/Users/luukb/.m2/repository/com/github/almasb/fxgl/11.14/fxgl-11.14.jar!/fxglassets/textures/fxgl_icon.png
10:28:23.404 [JavaFX Application Thread] DEBUG FXGLAssetLoaderServi - Loading from file system: jar:file:/C:/Users/luukb/.m2/repository/com/github/almasb/fxgl/11.14/fxgl-11.14.jar!/fxglassets/ui/cursors/fxgl_default.png
10:28:23.406 [JavaFX Application Thread] DEBUG Input                - Registered new binding: Screenshot - P
10:28:23.407 [JavaFX Application Thread] DEBUG Input                - Registered new binding: System info dump - CTRL+9
10:28:23.407 [JavaFX Application Thread] DEBUG Input                - Registered new binding: Restart - CTRL+R
10:28:23.408 [JavaFX Application Thread] DEBUG Input                - Registered new binding: Toggle Debug Camera - CTRL+C
10:28:23.411 [JavaFX Application Thread] DEBUG LoopRunner           - Starting loop
10:28:23.411 [JavaFX Application Thread] DEBUG LoopRunner           - Initializing JavaFX AnimationTimerLoop
10:28:23.414 [JavaFX Application Thread] DEBUG Input                - Clearing active input actions
10:28:23.421 [JavaFX Application Thread] DEBUG GameApplicationServi - Removing overlay from FXGLStartupScene and adding to FXGLMainMenuDummyScene
10:28:23.421 [JavaFX Application Thread] DEBUG PrimaryStageWindow   - FXGLStartupScene -> FXGLMainMenuDummyScene
10:28:23.422 [JavaFX Application Thread] DEBUG PrimaryStageWindow   - Push state: MainMenu
10:28:23.422 [JavaFX Application Thread] DEBUG Input                - Clearing active input actions
10:28:23.849 [JavaFX Application Thread] DEBUG GameApplicationServi - Removing overlay from FXGLMainMenuDummyScene and adding to MainMenu
10:28:23.849 [JavaFX Application Thread] DEBUG PrimaryStageWindow   - FXGLMainMenuDummyScene -> MainMenu
10:28:23.854 [JavaFX Application Thread] DEBUG FXGLApplication      - Registering font factories with UI factory
10:28:24.402 [JavaFX Application Thread] DEBUG Menu                 - fireNewGame()
10:28:24.402 [JavaFX Application Thread] DEBUG GameApplicationServi - Starting new game
10:28:24.402 [JavaFX Application Thread] DEBUG PrimaryStageWindow   - Pop state: MainMenu
10:28:24.402 [JavaFX Application Thread] DEBUG Input                - Clearing active input actions
10:28:24.403 [JavaFX Application Thread] DEBUG GameApplicationServi - Removing overlay from MainMenu and adding to FXGLMainMenuDummyScene
10:28:24.403 [JavaFX Application Thread] DEBUG PrimaryStageWindow   - FXGLMainMenuDummyScene <- MainMenu
10:28:24.403 [JavaFX Application Thread] DEBUG Input                - Clearing active input actions
10:28:24.409 [JavaFX Application Thread] DEBUG GameApplicationServi - Removing overlay from FXGLMainMenuDummyScene and adding to FXGLLoadingScene
10:28:24.409 [JavaFX Application Thread] DEBUG PrimaryStageWindow   - FXGLMainMenuDummyScene -> FXGLLoadingScene
10:28:24.409 [JavaFX Application Thread] DEBUG GameApplicationServi - Clearing previous game
10:28:24.409 [JavaFX Application Thread] DEBUG GameScene            - Clearing game scene
10:28:24.409 [JavaFX Application Thread] DEBUG GameWorld            - Clearing game world
10:28:24.409 [JavaFX Application Thread] DEBUG PhysicsWorld         - Clearing physics world
10:28:24.410 [FXGL Background Thread 2 ] DEBUG FXGLApplication      - Initializing game
10:28:24.418 [FXGL Background Thread 2 ] DEBUG FXGLAssetLoaderServi - Loading from file system: file:/D:/OneDrive/OneDrive%20-%20Hogeschool%20Leiden/IPOSE/NERDS%20VS%20VIRUS/nerdsvsthevirus/target/classes/assets/textures/bg1.jpg
10:28:24.466 [FXGL Background Thread 2 ] WARN  TMXLevelLoader       - TiledMap generated from 1.5.0. Supported version: 1.2.3. Some features may not be parsed fully.
10:28:24.473 [FXGL Background Thread 2 ] DEBUG TMXLevelLoader       - Parsed raw map: TiledMap(width=30, height=10, tilewidth=70, tileheight=70, orientation=orthogonal, layers=[Layer(width=30, height=10, name=Bottom, type=tilelayer, visible=false, x=0, y=0, data=[0, 0, 0, 0, 0, 0, 0, 0, 0, 0, 0, 0, 0, 0, 0, 0, 0, 0, 0, 0, 0, 0, 0, 0, 0, 0, 0, 0, 0, 0, 0, 0, 0, 0, 0, 0, 0, 0, 0, 0, 0, 0, 0, 0, 0, 0, 0, 0, 0, 0, 0, 0, 0, 0, 0, 0, 0, 0, 0, 0, 0, 0, 0, 0, 0, 0, 0, 0, 0, 0, 0, 0, 0, 0, 0, 0, 0, 0, 0, 0, 0, 0, 0, 0, 0, 0, 0, 0, 0, 0, 0, 0, 0, 0, 0, 0, 0, 0, 0, 0, 0, 0, 0, 0, 0, 0, 0, 0, 0, 0, 0, 0, 0, 0, 0, 0, 0, 0, 0, 0, 0, 0, 0, 0, 0, 0, 0, 0, 0, 0, 0, 0, 0, 0, 0, 0, 0, 0, 0, 0, 0, 0, 0, 0, 0, 0, 0, 0, 0, 0, 0, 0, 0, 0, 0, 0, 0, 0, 0, 0, 0, 206, 205, 206, 0, 0, 0, 0, 0, 0, 0, 0, 0, 0, 0, 0, 0, 0, 0, 0, 0, 0, 0, 0, 0, 0, 0, 205, 206, 207, 0, 0, 0, 0, 0, 0, 0, 0, 0, 0, 0, 0, 0, 0, 0, 0, 0, 0, 0, 0, 0, 0, 0, 0, 206, 205, 0, 0, 0, 0, 0, 0, 0, 0, 0, 0, 0, 0, 0, 0, 0, 0, 0, 0, 0, 0, 0, 0, 0, 0, 0, 263, 0, 203, 0, 0, 0, 0, 0, 0, 0, 243, 244, 245, 0, 0, 0, 0, 0, 0, 0, 0, 0, 0, 0, 0, 0, 0, 0, 0, 185, 185, 185, 185, 185, 185, 185, 185, 185, 185, 185, 185, 185, 185, 185, 185, 0, 0, 185, 185, 185, 0, 0, 185, 185, 185, 185, 185, 185, 185], objects=[], opacity=0.0, draworder=), Layer(width=30, height=10, name=overlay, type=tilelayer, visible=false, x=0, y=0, data=[213, 185, 185, 185, 185, 185, 185, 185, 185, 185, 185, 227, 185, 185, 185, 185, 213, 0, 0, 0, 0, 0, 0, 0, 0, 0, 0, 0, 0, 0, 0, 0, 0, 0, 0, 0, 0, 0, 0, 0, 0, 241, 0, 0, 0, 0, 0, 0, 0, 0, 0, 0, 0, 0, 0, 0, 0, 0, 0, 0, 0, 0, 0, 0, 0, 0, 0, 0, 0, 0, 0, 255, 0, 0, 0, 0, 0, 0, 0, 0, 0, 0, 0, 0, 0, 0, 0, 0, 0, 0, 0, 0, 0, 0, 0, 0, 0, 0, 0, 0, 0, 0, 0, 0, 0, 0, 0, 0, 0, 0, 0, 0, 0, 0, 0, 0, 0, 0, 0, 0, 0, 0, 0, 0, 0, 0, 0, 0, 0, 0, 0, 0, 0, 0, 0, 0, 0, 0, 0, 0, 0, 0, 0, 0, 0, 0, 0, 0, 0, 0, 0, 0, 0, 0, 0, 0, 0, 0, 0, 0, 0, 215, 216, 217, 0, 0, 0, 0, 0, 0, 0, 0, 0, 0, 0, 0, 0, 0, 0, 0, 0, 0, 0, 0, 0, 0, 0, 0, 0, 0, 0, 0, 0, 0, 0, 0, 0, 0, 0, 0, 0, 0, 0, 0, 0, 0, 0, 0, 0, 0, 0, 0, 0, 189, 0, 0, 0, 0, 0, 0, 0, 0, 0, 226, 0, 0, 0, 0, 0, 0, 0, 0, 0, 0, 0, 0, 0, 0, 46, 0, 0, 0, 0, 0, 0, 0, 0, 0, 0, 0, 0, 0, 0, 0, 0, 0, 0, 0, 0, 0, 0, 0, 0, 0, 0, 0, 226, 0, 58, 0, 0, 0, 0, 0, 0, 0, 0, 0, 0, 0, 0, 0, 0, 0, 0, 0, 224, 224, 0, 0, 0, 224, 224, 0, 0, 0, 0, 0, 0, 0], objects=[], opacity=0.0, draworder=), Layer(width=0, height=0, name=Objectlaag 1, type=objectgroup, visible=false, x=0, y=0, data=[], objects=[com.almasb.fxgl.entity.level.tiled.TiledObject@74ae6b3c, com.almasb.fxgl.entity.level.tiled.TiledObject@112feb80, com.almasb.fxgl.entity.level.tiled.TiledObject@385aff28, com.almasb.fxgl.entity.level.tiled.TiledObject@360a0429, com.almasb.fxgl.entity.level.tiled.TiledObject@317a7e5f, com.almasb.fxgl.entity.level.tiled.TiledObject@5f67f01b, com.almasb.fxgl.entity.level.tiled.TiledObject@30abf760, com.almasb.fxgl.entity.level.tiled.TiledObject@56e68610, com.almasb.fxgl.entity.level.tiled.TiledObject@340c9215, com.almasb.fxgl.entity.level.tiled.TiledObject@540b4ba7, com.almasb.fxgl.entity.level.tiled.TiledObject@3bf4a6b1, com.almasb.fxgl.entity.level.tiled.TiledObject@59c061d9, com.almasb.fxgl.entity.level.tiled.TiledObject@98cccce, com.almasb.fxgl.entity.level.tiled.TiledObject@7d4f82b, com.almasb.fxgl.entity.level.tiled.TiledObject@190b074e, com.almasb.fxgl.entity.level.tiled.TiledObject@439f731f, com.almasb.fxgl.entity.level.tiled.TiledObject@2c9a3d1e, com.almasb.fxgl.entity.level.tiled.TiledObject@caf8d06], opacity=0.0, draworder=)], tilesets=[Tileset(firstgid=1, image=../../../../../../../Eigen test/src/main/resources/assets/levels/tiles_spritesheet.png, name=tiles_spritesheet, tilewidth=70, tileheight=70, imagewidth=914, imageheight=936, margin=0, spacing=2, columns=12, tilecount=156, transparentcolor=, tiles=[]), Tileset(firstgid=157, image=../../../../../../../Eigen test/src/main/resources/assets/levels/platformerPack_industrial_tilesheet.png, name=_industrial, tilewidth=70, tileheight=70, imagewidth=980, imageheight=560, margin=0, spacing=0, columns=14, tilecount=112, transparentcolor=, tiles=[])], backgroundcolor=, renderorder=right-down, nextobjectid=22, version=1, tiledversion=1.5.0, type=map, infinite=false, hexsidelength=0, staggeraxis=, staggerindex=, properties={}, propertytypes={})
10:28:24.475 [FXGL Background Thread 2 ] DEBUG TMXLevelLoader       - Creating tile layer entities
10:28:24.476 [FXGL Background Thread 2 ] DEBUG TilesetLoader        - Loading view for layer Bottom
10:28:24.478 [FXGL Background Thread 2 ] DEBUG TilesetLoader        - Created buffer with size 2100.0x700.0
10:28:24.497 [FXGL Background Thread 2 ] DEBUG TilesetLoader        - Writing to buffer: dst=770,350, w=70,h=70, src=490,210
10:28:24.497 [FXGL Background Thread 2 ] DEBUG TilesetLoader        - Writing to buffer: dst=840,350, w=70,h=70, src=420,210
10:28:24.497 [FXGL Background Thread 2 ] DEBUG TilesetLoader        - Writing to buffer: dst=910,350, w=70,h=70, src=490,210
10:28:24.497 [FXGL Background Thread 2 ] DEBUG TilesetLoader        - Writing to buffer: dst=490,420, w=70,h=70, src=420,210
10:28:24.498 [FXGL Background Thread 2 ] DEBUG TilesetLoader        - Writing to buffer: dst=560,420, w=70,h=70, src=490,210
10:28:24.498 [FXGL Background Thread 2 ] DEBUG TilesetLoader        - Writing to buffer: dst=630,420, w=70,h=70, src=560,210
10:28:24.498 [FXGL Background Thread 2 ] DEBUG TilesetLoader        - Writing to buffer: dst=280,490, w=70,h=70, src=490,210
10:28:24.498 [FXGL Background Thread 2 ] DEBUG TilesetLoader        - Writing to buffer: dst=350,490, w=70,h=70, src=420,210
10:28:24.498 [FXGL Background Thread 2 ] DEBUG TilesetLoader        - Writing to buffer: dst=70,560, w=70,h=70, src=560,490
10:28:24.498 [FXGL Background Thread 2 ] DEBUG TilesetLoader        - Writing to buffer: dst=210,560, w=70,h=70, src=280,210
10:28:24.498 [FXGL Background Thread 2 ] DEBUG TilesetLoader        - Writing to buffer: dst=770,560, w=70,h=70, src=140,420
10:28:24.498 [FXGL Background Thread 2 ] DEBUG TilesetLoader        - Writing to buffer: dst=840,560, w=70,h=70, src=210,420
10:28:24.499 [FXGL Background Thread 2 ] DEBUG TilesetLoader        - Writing to buffer: dst=910,560, w=70,h=70, src=280,420
10:28:24.499 [FXGL Background Thread 2 ] DEBUG TilesetLoader        - Writing to buffer: dst=0,630, w=70,h=70, src=0,140
10:28:24.499 [FXGL Background Thread 2 ] DEBUG TilesetLoader        - Writing to buffer: dst=70,630, w=70,h=70, src=0,140
10:28:24.499 [FXGL Background Thread 2 ] DEBUG TilesetLoader        - Writing to buffer: dst=140,630, w=70,h=70, src=0,140
10:28:24.499 [FXGL Background Thread 2 ] DEBUG TilesetLoader        - Writing to buffer: dst=210,630, w=70,h=70, src=0,140
10:28:24.500 [FXGL Background Thread 2 ] DEBUG TilesetLoader        - Writing to buffer: dst=280,630, w=70,h=70, src=0,140
10:28:24.500 [FXGL Background Thread 2 ] DEBUG TilesetLoader        - Writing to buffer: dst=350,630, w=70,h=70, src=0,140
10:28:24.500 [FXGL Background Thread 2 ] DEBUG TilesetLoader        - Writing to buffer: dst=420,630, w=70,h=70, src=0,140
10:28:24.500 [FXGL Background Thread 2 ] DEBUG TilesetLoader        - Writing to buffer: dst=490,630, w=70,h=70, src=0,140
10:28:24.500 [FXGL Background Thread 2 ] DEBUG TilesetLoader        - Writing to buffer: dst=560,630, w=70,h=70, src=0,140
10:28:24.500 [FXGL Background Thread 2 ] DEBUG TilesetLoader        - Writing to buffer: dst=630,630, w=70,h=70, src=0,140
10:28:24.501 [FXGL Background Thread 2 ] DEBUG TilesetLoader        - Writing to buffer: dst=700,630, w=70,h=70, src=0,140
10:28:24.501 [FXGL Background Thread 2 ] DEBUG TilesetLoader        - Writing to buffer: dst=770,630, w=70,h=70, src=0,140
10:28:24.501 [FXGL Background Thread 2 ] DEBUG TilesetLoader        - Writing to buffer: dst=840,630, w=70,h=70, src=0,140
10:28:24.501 [FXGL Background Thread 2 ] DEBUG TilesetLoader        - Writing to buffer: dst=910,630, w=70,h=70, src=0,140
10:28:24.501 [FXGL Background Thread 2 ] DEBUG TilesetLoader        - Writing to buffer: dst=980,630, w=70,h=70, src=0,140
10:28:24.501 [FXGL Background Thread 2 ] DEBUG TilesetLoader        - Writing to buffer: dst=1050,630, w=70,h=70, src=0,140
10:28:24.501 [FXGL Background Thread 2 ] DEBUG TilesetLoader        - Writing to buffer: dst=1260,630, w=70,h=70, src=0,140
10:28:24.501 [FXGL Background Thread 2 ] DEBUG TilesetLoader        - Writing to buffer: dst=1330,630, w=70,h=70, src=0,140
10:28:24.502 [FXGL Background Thread 2 ] DEBUG TilesetLoader        - Writing to buffer: dst=1400,630, w=70,h=70, src=0,140
10:28:24.502 [FXGL Background Thread 2 ] DEBUG TilesetLoader        - Writing to buffer: dst=1610,630, w=70,h=70, src=0,140
10:28:24.502 [FXGL Background Thread 2 ] DEBUG TilesetLoader        - Writing to buffer: dst=1680,630, w=70,h=70, src=0,140
10:28:24.502 [FXGL Background Thread 2 ] DEBUG TilesetLoader        - Writing to buffer: dst=1750,630, w=70,h=70, src=0,140
10:28:24.502 [FXGL Background Thread 2 ] DEBUG TilesetLoader        - Writing to buffer: dst=1820,630, w=70,h=70, src=0,140
10:28:24.502 [FXGL Background Thread 2 ] DEBUG TilesetLoader        - Writing to buffer: dst=1890,630, w=70,h=70, src=0,140
10:28:24.502 [FXGL Background Thread 2 ] DEBUG TilesetLoader        - Writing to buffer: dst=1960,630, w=70,h=70, src=0,140
10:28:24.503 [FXGL Background Thread 2 ] DEBUG TilesetLoader        - Writing to buffer: dst=2030,630, w=70,h=70, src=0,140
10:28:24.503 [FXGL Background Thread 2 ] DEBUG TilesetLoader        - Loading view for layer overlay
10:28:24.506 [FXGL Background Thread 2 ] DEBUG TilesetLoader        - Created buffer with size 2100.0x700.0
10:28:24.506 [FXGL Background Thread 2 ] DEBUG TilesetLoader        - Writing to buffer: dst=0,0, w=70,h=70, src=0,280
10:28:24.506 [FXGL Background Thread 2 ] DEBUG TilesetLoader        - Writing to buffer: dst=70,0, w=70,h=70, src=0,140
10:28:24.506 [FXGL Background Thread 2 ] DEBUG TilesetLoader        - Writing to buffer: dst=140,0, w=70,h=70, src=0,140
10:28:24.506 [FXGL Background Thread 2 ] DEBUG TilesetLoader        - Writing to buffer: dst=210,0, w=70,h=70, src=0,140
10:28:24.507 [FXGL Background Thread 2 ] DEBUG TilesetLoader        - Writing to buffer: dst=280,0, w=70,h=70, src=0,140
10:28:24.507 [FXGL Background Thread 2 ] DEBUG TilesetLoader        - Writing to buffer: dst=350,0, w=70,h=70, src=0,140
10:28:24.507 [FXGL Background Thread 2 ] DEBUG TilesetLoader        - Writing to buffer: dst=420,0, w=70,h=70, src=0,140
10:28:24.507 [FXGL Background Thread 2 ] DEBUG TilesetLoader        - Writing to buffer: dst=490,0, w=70,h=70, src=0,140
10:28:24.507 [FXGL Background Thread 2 ] DEBUG TilesetLoader        - Writing to buffer: dst=560,0, w=70,h=70, src=0,140
10:28:24.507 [FXGL Background Thread 2 ] DEBUG TilesetLoader        - Writing to buffer: dst=630,0, w=70,h=70, src=0,140
10:28:24.507 [FXGL Background Thread 2 ] DEBUG TilesetLoader        - Writing to buffer: dst=700,0, w=70,h=70, src=0,140
10:28:24.508 [FXGL Background Thread 2 ] DEBUG TilesetLoader        - Writing to buffer: dst=770,0, w=70,h=70, src=0,350
10:28:24.508 [FXGL Background Thread 2 ] DEBUG TilesetLoader        - Writing to buffer: dst=840,0, w=70,h=70, src=0,140
10:28:24.508 [FXGL Background Thread 2 ] DEBUG TilesetLoader        - Writing to buffer: dst=910,0, w=70,h=70, src=0,140
10:28:24.508 [FXGL Background Thread 2 ] DEBUG TilesetLoader        - Writing to buffer: dst=980,0, w=70,h=70, src=0,140
10:28:24.508 [FXGL Background Thread 2 ] DEBUG TilesetLoader        - Writing to buffer: dst=1050,0, w=70,h=70, src=0,140
10:28:24.508 [FXGL Background Thread 2 ] DEBUG TilesetLoader        - Writing to buffer: dst=1120,0, w=70,h=70, src=0,280
10:28:24.509 [FXGL Background Thread 2 ] DEBUG TilesetLoader        - Writing to buffer: dst=770,70, w=70,h=70, src=0,420
10:28:24.509 [FXGL Background Thread 2 ] DEBUG TilesetLoader        - Writing to buffer: dst=770,140, w=70,h=70, src=0,490
10:28:24.509 [FXGL Background Thread 2 ] DEBUG TilesetLoader        - Writing to buffer: dst=770,350, w=70,h=70, src=140,280
10:28:24.509 [FXGL Background Thread 2 ] DEBUG TilesetLoader        - Writing to buffer: dst=840,350, w=70,h=70, src=210,280
10:28:24.509 [FXGL Background Thread 2 ] DEBUG TilesetLoader        - Writing to buffer: dst=910,350, w=70,h=70, src=280,280
10:28:24.509 [FXGL Background Thread 2 ] DEBUG TilesetLoader        - Writing to buffer: dst=210,490, w=70,h=70, src=280,140
10:28:24.509 [FXGL Background Thread 2 ] DEBUG TilesetLoader        - Writing to buffer: dst=910,490, w=70,h=70, src=910,280
10:28:24.522 [FXGL Background Thread 2 ] DEBUG TilesetLoader        - Writing to buffer: dst=1960,490, w=70,h=70, src=648,216
10:28:24.522 [FXGL Background Thread 2 ] DEBUG TilesetLoader        - Writing to buffer: dst=1820,560, w=70,h=70, src=910,280
10:28:24.522 [FXGL Background Thread 2 ] DEBUG TilesetLoader        - Writing to buffer: dst=1960,560, w=70,h=70, src=648,288
10:28:24.523 [FXGL Background Thread 2 ] DEBUG TilesetLoader        - Writing to buffer: dst=1120,630, w=70,h=70, src=770,280
10:28:24.523 [FXGL Background Thread 2 ] DEBUG TilesetLoader        - Writing to buffer: dst=1190,630, w=70,h=70, src=770,280
10:28:24.523 [FXGL Background Thread 2 ] DEBUG TilesetLoader        - Writing to buffer: dst=1470,630, w=70,h=70, src=770,280
10:28:24.523 [FXGL Background Thread 2 ] DEBUG TilesetLoader        - Writing to buffer: dst=1540,630, w=70,h=70, src=770,280
10:28:24.523 [FXGL Background Thread 2 ] DEBUG TMXLevelLoader       - Creating object layer entities
10:28:24.529 [FXGL Background Thread 2 ] DEBUG FXGLAssetLoaderServi - Loading from file system: file:/D:/OneDrive/OneDrive%20-%20Hogeschool%20Leiden/IPOSE/NERDS%20VS%20VIRUS/nerdsvsthevirus/target/classes/assets/textures/spuit2.png
10:28:24.534 [FXGL Background Thread 2 ] DEBUG FXGLAssetLoaderServi - Loading from file system: file:/D:/OneDrive/OneDrive%20-%20Hogeschool%20Leiden/IPOSE/NERDS%20VS%20VIRUS/nerdsvsthevirus/target/classes/assets/textures/bacteria.png
10:28:24.541 [FXGL Background Thread 2 ] DEBUG GameWorld            - Clearing removable entities
10:28:24.542 [FXGL Background Thread 2 ] DEBUG GameWorld            - Setting level: com.almasb.fxgl.entity.level.Level@3b51f2a9
10:28:24.551 [FXGL Background Thread 2 ] DEBUG FXGLAssetLoaderServi - Loading from file system: file:/D:/OneDrive/OneDrive%20-%20Hogeschool%20Leiden/IPOSE/NERDS%20VS%20VIRUS/nerdsvsthevirus/target/classes/assets/textures/sprite.png
10:28:24.558 [FXGL Background Thread 2 ] INFO  FXGLApplication      - Game initialization took: 0,147 sec
10:28:24.558 [JavaFX Application Thread] DEBUG Input                - Clearing active input actions
10:28:24.562 [JavaFX Application Thread] DEBUG GameApplicationServi - Removing overlay from FXGLLoadingScene and adding to GameScene
10:28:24.563 [JavaFX Application Thread] DEBUG PrimaryStageWindow   - FXGLLoadingScene -> GameScene
10:28:26.368 [FXGL Background Thread 3 ] DEBUG Engine               - Logging environment variables
10:28:26.368 [FXGL Background Thread 3 ] DEBUG Engine               - achievements: []
10:28:26.368 [FXGL Background Thread 3 ] DEBUG Engine               - actualHeight: 700.0
10:28:26.369 [FXGL Background Thread 3 ] DEBUG Engine               - actualHeightProperty: ReadOnlyDoubleProperty [value: 700.0]
10:28:26.369 [FXGL Background Thread 3 ] DEBUG Engine               - actualWidth: 1050.0
10:28:26.369 [FXGL Background Thread 3 ] DEBUG Engine               - actualWidthProperty: ReadOnlyDoubleProperty [value: 1050.0]
10:28:26.369 [FXGL Background Thread 3 ] DEBUG Engine               - appIcon: fxgl_icon.png
10:28:26.369 [FXGL Background Thread 3 ] DEBUG Engine               - applicationMode: DEVELOPER
10:28:26.369 [FXGL Background Thread 3 ] DEBUG Engine               - cSSList: [fxgl_dark.css]
10:28:26.369 [FXGL Background Thread 3 ] DEBUG Engine               - collisionDetectionStrategy: BRUTE_FORCE
10:28:26.369 [FXGL Background Thread 3 ] DEBUG Engine               - configClass: Optional.empty
10:28:26.370 [FXGL Background Thread 3 ] DEBUG Engine               - credits: []
10:28:26.370 [FXGL Background Thread 3 ] DEBUG Engine               - devBBoxColorProperty: ObjectProperty [value: 0xff0000ff]
10:28:26.370 [FXGL Background Thread 3 ] DEBUG Engine               - devEnableDebugCameraProperty: BooleanProperty [value: false]
10:28:26.370 [FXGL Background Thread 3 ] DEBUG Engine               - devSensorColorProperty: ObjectProperty [value: 0xffff00ff]
10:28:26.370 [FXGL Background Thread 3 ] DEBUG Engine               - devShowBBoxProperty: BooleanProperty [value: false]
10:28:26.370 [FXGL Background Thread 3 ] DEBUG Engine               - devShowPositionProperty: BooleanProperty [value: false]
10:28:26.370 [FXGL Background Thread 3 ] DEBUG Engine               - enabledMenuItems: []
10:28:26.370 [FXGL Background Thread 3 ] DEBUG Engine               - engineServices: [class com.almasb.fxgl.app.services.FXGLAssetLoaderService, class com.almasb.fxgl.app.FXGLApplication$GameApplicationService, class com.almasb.fxgl.app.services.FXGLDialogService, class com.almasb.fxgl.app.services.IOTaskExecutorService, class com.almasb.fxgl.event.EventBusService, class com.almasb.fxgl.io.FileSystemService, class com.almasb.fxgl.localization.LocalizationService, class com.almasb.fxgl.app.services.SystemBundleService, class com.almasb.fxgl.profile.SaveLoadService, class com.almasb.fxgl.ui.FXGLUIFactoryServiceProvider, class com.almasb.fxgl.ui.FXGLDialogFactoryServiceProvider, class com.almasb.fxgl.audio.AudioPlayer, class com.almasb.fxgl.notification.impl.NotificationServiceProvider, class com.almasb.fxgl.achievement.AchievementService, class com.almasb.fxgl.cutscene.CutsceneService, class com.almasb.fxgl.minigames.MiniGameService, class com.almasb.fxgl.net.NetService, class com.almasb.fxgl.app.services.UpdaterService, class com.almasb.fxgl.dev.DevService]
10:28:26.370 [FXGL Background Thread 3 ] DEBUG Engine               - fontGame: Abel-Regular.ttf
10:28:26.370 [FXGL Background Thread 3 ] DEBUG Engine               - fontMono: lucida_console.ttf
10:28:26.370 [FXGL Background Thread 3 ] DEBUG Engine               - fontText: Courier-Prime.ttf
10:28:26.370 [FXGL Background Thread 3 ] DEBUG Engine               - fontUI: VarelaRound-Regular.ttf
10:28:26.371 [FXGL Background Thread 3 ] DEBUG Engine               - fullScreen: BooleanProperty [value: false]
10:28:26.371 [FXGL Background Thread 3 ] DEBUG Engine               - gameDifficulty: MEDIUM
10:28:26.371 [FXGL Background Thread 3 ] DEBUG Engine               - gameDifficultyProperty: ObjectProperty [value: MEDIUM]
10:28:26.371 [FXGL Background Thread 3 ] DEBUG Engine               - globalMusicVolume: 0.5
10:28:26.371 [FXGL Background Thread 3 ] DEBUG Engine               - globalMusicVolumeProperty: DoubleProperty [value: 0.5]
10:28:26.371 [FXGL Background Thread 3 ] DEBUG Engine               - globalSoundVolume: 0.5
10:28:26.371 [FXGL Background Thread 3 ] DEBUG Engine               - globalSoundVolumeProperty: DoubleProperty [value: 0.5]
10:28:26.371 [FXGL Background Thread 3 ] DEBUG Engine               - height: 700
10:28:26.371 [FXGL Background Thread 3 ] DEBUG Engine               - isAndroid: false
10:28:26.371 [FXGL Background Thread 3 ] DEBUG Engine               - isBrowser: false
10:28:26.371 [FXGL Background Thread 3 ] DEBUG Engine               - isClickFeedbackEnabled: false
10:28:26.372 [FXGL Background Thread 3 ] DEBUG Engine               - isCloseConfirmation: false
10:28:26.372 [FXGL Background Thread 3 ] DEBUG Engine               - isDesktop: true
10:28:26.372 [FXGL Background Thread 3 ] DEBUG Engine               - isDeveloperMenuEnabled: false
10:28:26.372 [FXGL Background Thread 3 ] DEBUG Engine               - isEntityPreloadEnabled: true
10:28:26.372 [FXGL Background Thread 3 ] DEBUG Engine               - isExperimental3D: false
10:28:26.372 [FXGL Background Thread 3 ] DEBUG Engine               - isExperimentalNative: false
10:28:26.372 [FXGL Background Thread 3 ] DEBUG Engine               - isExperimentalTiledLargeMap: false
10:28:26.372 [FXGL Background Thread 3 ] DEBUG Engine               - isFileSystemWriteAllowed: true
10:28:26.372 [FXGL Background Thread 3 ] DEBUG Engine               - isFullScreenAllowed: false
10:28:26.372 [FXGL Background Thread 3 ] DEBUG Engine               - isFullScreenFromStart: false
10:28:26.372 [FXGL Background Thread 3 ] DEBUG Engine               - isGameMenuEnabled: true
10:28:26.372 [FXGL Background Thread 3 ] DEBUG Engine               - isIOS: false
10:28:26.373 [FXGL Background Thread 3 ] DEBUG Engine               - isIntroEnabled: false
10:28:26.373 [FXGL Background Thread 3 ] DEBUG Engine               - isLinux: false
10:28:26.373 [FXGL Background Thread 3 ] DEBUG Engine               - isMac: false
10:28:26.373 [FXGL Background Thread 3 ] DEBUG Engine               - isMainMenuEnabled: true
10:28:26.373 [FXGL Background Thread 3 ] DEBUG Engine               - isManualResizeEnabled: false
10:28:26.373 [FXGL Background Thread 3 ] DEBUG Engine               - isMobile: false
10:28:26.373 [FXGL Background Thread 3 ] DEBUG Engine               - isPreserveResizeRatio: false
10:28:26.373 [FXGL Background Thread 3 ] DEBUG Engine               - isProfilingEnabled: false
10:28:26.373 [FXGL Background Thread 3 ] DEBUG Engine               - isScaleAffectedOnResize: true
10:28:26.373 [FXGL Background Thread 3 ] DEBUG Engine               - isSingleStep: false
10:28:26.373 [FXGL Background Thread 3 ] DEBUG Engine               - isUserProfileEnabled: false
10:28:26.373 [FXGL Background Thread 3 ] DEBUG Engine               - isWindows: true
10:28:26.373 [FXGL Background Thread 3 ] DEBUG Engine               - language: ObjectProperty [value: ENGLISH]
10:28:26.374 [FXGL Background Thread 3 ] DEBUG Engine               - menuKey: ESCAPE
10:28:26.374 [FXGL Background Thread 3 ] DEBUG Engine               - notificationViewClass: class com.almasb.fxgl.notification.view.XboxNotificationView
10:28:26.374 [FXGL Background Thread 3 ] DEBUG Engine               - pixelsPerMeter: 50.0
10:28:26.374 [FXGL Background Thread 3 ] DEBUG Engine               - platform: WINDOWS
10:28:26.374 [FXGL Background Thread 3 ] DEBUG Engine               - prefHeightProperty: ReadOnlyDoubleProperty [value: 700.0]
10:28:26.374 [FXGL Background Thread 3 ] DEBUG Engine               - prefWidthProperty: ReadOnlyDoubleProperty [value: 1050.0]
10:28:26.374 [FXGL Background Thread 3 ] DEBUG Engine               - profileDir: profiles/
10:28:26.374 [FXGL Background Thread 3 ] DEBUG Engine               - profileName: StringProperty [value: DEFAULT]
10:28:26.374 [FXGL Background Thread 3 ] DEBUG Engine               - randomSeed: -1
10:28:26.374 [FXGL Background Thread 3 ] DEBUG Engine               - runtimeInfo: RuntimeInfo(platform=WINDOWS, version=11.14, build=01.03.2021 16.59)
10:28:26.374 [FXGL Background Thread 3 ] DEBUG Engine               - saveFileExt: sav
10:28:26.374 [FXGL Background Thread 3 ] DEBUG Engine               - scaledHeightProp$fxgl: DoubleProperty [bound, value: 700.0]
10:28:26.374 [FXGL Background Thread 3 ] DEBUG Engine               - scaledWidthProp$fxgl: DoubleProperty [bound, value: 1050.0]
10:28:26.375 [FXGL Background Thread 3 ] DEBUG Engine               - sceneFactory: NerdvsVirus.Game$1@4696aac4
10:28:26.375 [FXGL Background Thread 3 ] DEBUG Engine               - secondsIn24h: 60
10:28:26.375 [FXGL Background Thread 3 ] DEBUG Engine               - soundMenuBack: menu/back.wav
10:28:26.375 [FXGL Background Thread 3 ] DEBUG Engine               - soundMenuPress: menu/press.wav
10:28:26.375 [FXGL Background Thread 3 ] DEBUG Engine               - soundMenuSelect: menu/select.wav
10:28:26.375 [FXGL Background Thread 3 ] DEBUG Engine               - soundNotification: core/notification.wav
10:28:26.375 [FXGL Background Thread 3 ] DEBUG Engine               - stageStyle: DECORATED
10:28:26.375 [FXGL Background Thread 3 ] DEBUG Engine               - supportedLanguages: [ENGLISH, FRENCH, GERMAN, HUNGARIAN, RUSSIAN]
10:28:26.375 [FXGL Background Thread 3 ] DEBUG Engine               - ticksPerSecond: -1
10:28:26.375 [FXGL Background Thread 3 ] DEBUG Engine               - title: Nerds VS Virus
10:28:26.375 [FXGL Background Thread 3 ] DEBUG Engine               - urlGithub: https://github.com/AlmasB/FXGL
10:28:26.375 [FXGL Background Thread 3 ] DEBUG Engine               - urlLeaderboard: http://fxgl-top.herokuapp.com/
10:28:26.375 [FXGL Background Thread 3 ] DEBUG Engine               - urlPOM: https://raw.githubusercontent.com/AlmasB/FXGL/release/README.md
10:28:26.375 [FXGL Background Thread 3 ] DEBUG Engine               - userAppClass: class NerdvsVirus.Game
10:28:26.376 [FXGL Background Thread 3 ] DEBUG Engine               - version: 0.0
10:28:26.376 [FXGL Background Thread 3 ] DEBUG Engine               - versionCheckDays: 7
10:28:26.376 [FXGL Background Thread 3 ] DEBUG Engine               - width: 1050
10:28:26.376 [FXGL Background Thread 3 ] DEBUG Engine               - Logging services
10:28:26.376 [FXGL Background Thread 3 ] DEBUG Engine               - class com.almasb.fxgl.app.services.FXGLAssetLoaderService
10:28:26.376 [FXGL Background Thread 3 ] DEBUG Engine               - class com.almasb.fxgl.app.FXGLApplication$GameApplicationService
10:28:26.376 [FXGL Background Thread 3 ] DEBUG Engine               - class com.almasb.fxgl.app.services.FXGLDialogService
10:28:26.376 [FXGL Background Thread 3 ] DEBUG Engine               - class com.almasb.fxgl.app.services.IOTaskExecutorService
10:28:26.376 [FXGL Background Thread 3 ] DEBUG Engine               - class com.almasb.fxgl.event.EventBusService
10:28:26.376 [FXGL Background Thread 3 ] DEBUG Engine               - class com.almasb.fxgl.io.FileSystemService
10:28:26.376 [FXGL Background Thread 3 ] DEBUG Engine               - class com.almasb.fxgl.localization.LocalizationService
10:28:26.376 [FXGL Background Thread 3 ] DEBUG Engine               - class com.almasb.fxgl.app.services.SystemBundleService
10:28:26.376 [FXGL Background Thread 3 ] DEBUG Engine               - class com.almasb.fxgl.profile.SaveLoadService
10:28:26.377 [FXGL Background Thread 3 ] DEBUG Engine               - class com.almasb.fxgl.ui.FXGLUIFactoryServiceProvider
10:28:26.377 [FXGL Background Thread 3 ] DEBUG Engine               - class com.almasb.fxgl.ui.FXGLDialogFactoryServiceProvider
10:28:26.377 [FXGL Background Thread 3 ] DEBUG Engine               - class com.almasb.fxgl.audio.AudioPlayer
10:28:26.377 [FXGL Background Thread 3 ] DEBUG Engine               - class com.almasb.fxgl.notification.impl.NotificationServiceProvider
10:28:26.377 [FXGL Background Thread 3 ] DEBUG Engine               - class com.almasb.fxgl.achievement.AchievementService
10:28:26.377 [FXGL Background Thread 3 ] DEBUG Engine               - class com.almasb.fxgl.cutscene.CutsceneService
10:28:26.377 [FXGL Background Thread 3 ] DEBUG Engine               - class com.almasb.fxgl.minigames.MiniGameService
10:28:26.377 [FXGL Background Thread 3 ] DEBUG Engine               - class com.almasb.fxgl.net.NetService
10:28:26.377 [FXGL Background Thread 3 ] DEBUG Engine               - class com.almasb.fxgl.app.services.UpdaterService
10:28:26.377 [FXGL Background Thread 3 ] DEBUG Engine               - class com.almasb.fxgl.dev.DevService
10:28:26.824 [JavaFX Application Thread] DEBUG FXGLApplication      - Exiting FXGL
10:28:26.824 [JavaFX Application Thread] DEBUG LoopRunner           - Stopping loop
10:28:26.825 [JavaFX Application Thread] DEBUG SystemBundleService  - Saving FXGL system data
10:28:26.826 [JavaFX Application Thread] DEBUG FileSystemAccess     - Writing to: D:\OneDrive\OneDrive - Hogeschool Leiden\IPOSE\NERDS VS VIRUS\nerdsvsthevirus\system\fxgl.bundle
10:28:26.827 [JavaFX Application Thread] DEBUG Async                - Shutting down background threads
10:28:26.827 [JavaFX Application Thread] DEBUG PrimaryStageWindow   - Closing main window
10:28:26.835 [JavaFX Application Thread] DEBUG Logger               - Closing Logger
