16:24:17.161 [main                     ] DEBUG Logger               - Configured Logger
16:24:17.173 [main                     ] DEBUG GameApplication      - Logging settings
Title: Nerds VS Virus
Version: 0.0
Width: 1050
Height: 700
Fullscreen: false
Intro: false
Profiling: false
Single step:false
App Mode: DEVELOPER
Menu Key: ESCAPE
Stage Style: DECORATED
Scene Factory: class NerdvsVirus.Game$1

16:24:17.679 [JavaFX Application Thread] DEBUG FXGLApplication      - Initializing FXGL
16:24:17.681 [JavaFX Application Thread] INFO  Engine               - FXGL-11.14 (01.03.2021 16.59) on WINDOWS (J:15.0.2 FX:15)
16:24:17.681 [JavaFX Application Thread] DEBUG Engine               - JRE Vendor Name: Oracle Corporation
16:24:17.681 [JavaFX Application Thread] DEBUG Engine               - Running on OS: Windows 10 version 10.0
16:24:17.681 [JavaFX Application Thread] DEBUG Engine               - Architecture: amd64
16:24:17.682 [JavaFX Application Thread] INFO  Engine               - Source code and latest versions at: https://github.com/AlmasB/FXGL
16:24:17.682 [JavaFX Application Thread] INFO  Engine               -              Join the FXGL chat at: https://gitter.im/AlmasB/FXGL
16:24:17.812 [JavaFX Application Thread] DEBUG PrimaryStageWindow   - Creating a JavaFX scene
16:24:17.875 [JavaFX Application Thread] DEBUG PrimaryStageWindow   - Target settings size: 1050.0 x 700.0
16:24:17.875 [JavaFX Application Thread] DEBUG PrimaryStageWindow   - Scaled scene size:    1050.0 x 700.0
16:24:17.875 [JavaFX Application Thread] DEBUG PrimaryStageWindow   - Scaled ratio: (1.0, 1.0)
16:24:17.876 [JavaFX Application Thread] DEBUG PrimaryStageWindow   - Set initial scene to FXGLStartupScene
16:24:17.886 [JavaFX Application Thread] DEBUG PrimaryStageWindow   - Opening main window
16:24:17.969 [JavaFX Application Thread] DEBUG PrimaryStageWindow   - Window border size: (16.0, 39.0)
16:24:17.969 [JavaFX Application Thread] DEBUG PrimaryStageWindow   - Scaled size: 1050.0 x 700.0
16:24:17.969 [JavaFX Application Thread] DEBUG PrimaryStageWindow   - Scaled ratio: (1.0, 1.0)
16:24:17.970 [JavaFX Application Thread] DEBUG PrimaryStageWindow   - Scene size: 1050.0 x 700.0
16:24:17.970 [JavaFX Application Thread] DEBUG PrimaryStageWindow   - Stage size: 1066.0 x 739.0
16:24:17.978 [FXGL Background Thread 1 ] DEBUG Engine               - Initializing environment variables
16:24:18.009 [FXGL Background Thread 1 ] DEBUG FXGLAssetLoaderServi - User app class for loading assets: class NerdvsVirus.Game
16:24:18.009 [FXGL Background Thread 1 ] DEBUG GameApplicationServi - Applying CSS: fxgl_dark.css
16:24:18.010 [FXGL Background Thread 1 ] DEBUG FXGLAssetLoaderServi - Loading from file system: jar:file:/C:/Users/luukb/.m2/repository/com/github/almasb/fxgl/11.14/fxgl-11.14.jar!/fxglassets/ui/css/fxgl_dark.css
16:24:18.058 [FXGL Background Thread 1 ] DEBUG GameApplicationServi - Initializing application scenes
16:24:18.092 [FXGL Background Thread 1 ] DEBUG GameWorld            - Game world initialized
16:24:18.148 [FXGL Background Thread 1 ] DEBUG PhysicsWorld         - Physics world initialized: appHeight=700, physics.ppm=50,0
16:24:18.148 [FXGL Background Thread 1 ] DEBUG PhysicsWorld         - Using strategy: BRUTE_FORCE
16:24:18.150 [FXGL Background Thread 1 ] DEBUG GameScene            - Game scene initialized: 1050x700
16:24:18.286 [FXGL Background Thread 1 ] DEBUG FXGLAssetLoaderServi - Loading from file system: jar:file:/C:/Users/luukb/.m2/repository/com/github/almasb/fxgl/11.14/fxgl-11.14.jar!/fxglassets/textures/particles/trace_horizontal.png
16:24:18.317 [FXGL Background Thread 1 ] DEBUG FXGL.DefaultMenu     - createMenuBodyGameMenu()
16:24:18.334 [FXGL Background Thread 1 ] DEBUG FXGL.DefaultMenu     - createOptionsMenu()
16:24:18.340 [FXGL Background Thread 1 ] DEBUG FXGLAssetLoaderServi - Loading from file system: jar:file:/C:/Users/luukb/.m2/repository/com/github/almasb/fxgl/11.14/fxgl-11.14.jar!/fxglassets/textures/particles/smoke.png
16:24:18.388 [FXGL Background Thread 1 ] DEBUG GameApplicationServi - Application scenes initialized
16:24:18.399 [FXGL Background Thread 1 ] DEBUG SystemBundleService  - Loading FXGL system data
16:24:18.403 [FXGL Background Thread 1 ] DEBUG FileSystemAccess     - Reading from: D:\OneDrive\OneDrive - Hogeschool Leiden\IPOSE\NERDS VS VIRUS\nerdsvsthevirus\system\fxgl.bundle
16:24:18.408 [FXGL Background Thread 1 ] DEBUG SystemBundleService  - Bundle FXGL: {}
16:24:18.408 [FXGL Background Thread 1 ] DEBUG UpdaterService       - Checking for updates
16:24:18.412 [FXGL Background Thread 4 ] DEBUG FXGLApplication      - Loading fonts
16:24:18.412 [FXGL Background Thread 1 ] DEBUG FXGLApplication      - Loading default localization
16:24:18.412 [FXGL Background Thread 4 ] DEBUG FXGLAssetLoaderServi - Loading from file system: jar:file:/C:/Users/luukb/.m2/repository/com/github/almasb/fxgl/11.14/fxgl-11.14.jar!/fxglassets/ui/fonts/VarelaRound-Regular.ttf
16:24:18.413 [FXGL Background Thread 1 ] DEBUG FXGLAssetLoaderServi - Loading from file system: jar:file:/C:/Users/luukb/.m2/repository/com/github/almasb/fxgl/11.14/fxgl-11.14.jar!/fxglassets/languages/english.lang
16:24:18.418 [FXGL Background Thread 4 ] DEBUG FXGLAssetLoaderServi - Loading from file system: jar:file:/C:/Users/luukb/.m2/repository/com/github/almasb/fxgl/11.14/fxgl-11.14.jar!/fxglassets/ui/fonts/Abel-Regular.ttf
16:24:18.422 [FXGL Background Thread 4 ] DEBUG FXGLAssetLoaderServi - Loading from file system: jar:file:/C:/Users/luukb/.m2/repository/com/github/almasb/fxgl/11.14/fxgl-11.14.jar!/fxglassets/ui/fonts/lucida_console.ttf
16:24:18.427 [FXGL Background Thread 4 ] DEBUG FXGLAssetLoaderServi - Loading from file system: jar:file:/C:/Users/luukb/.m2/repository/com/github/almasb/fxgl/11.14/fxgl-11.14.jar!/fxglassets/ui/fonts/Courier-Prime.ttf
16:24:18.428 [FXGL Background Thread 1 ] INFO  FXGLApplication      - FXGL initialization took: 0,450 sec
16:24:18.438 [JavaFX Application Thread] DEBUG Input                - Registered new binding: Left - A
16:24:18.438 [JavaFX Application Thread] DEBUG Input                - Registered new binding: Right - D
16:24:18.438 [JavaFX Application Thread] DEBUG Input                - Registered new binding: Jump - W
16:24:18.439 [JavaFX Application Thread] DEBUG FXGLAssetLoaderServi - Loading from file system: file:/D:/OneDrive/OneDrive%20-%20Hogeschool%20Leiden/IPOSE/NERDS%20VS%20VIRUS/nerdsvsthevirus/target/classes/assets/music/background.wav
16:24:18.621 [JavaFX Application Thread] DEBUG AudioPlayer          - Playing music com.almasb.fxgl.audio.Music@1a5fdd7a
16:24:18.621 [JavaFX Application Thread] DEBUG FXGLAssetLoaderServi - Loading from file system: jar:file:/C:/Users/luukb/.m2/repository/com/github/almasb/fxgl/11.14/fxgl-11.14.jar!/fxglassets/textures/fxgl_icon.png
16:24:18.633 [JavaFX Application Thread] DEBUG FXGLAssetLoaderServi - Loading from file system: jar:file:/C:/Users/luukb/.m2/repository/com/github/almasb/fxgl/11.14/fxgl-11.14.jar!/fxglassets/ui/cursors/fxgl_default.png
16:24:18.635 [JavaFX Application Thread] DEBUG Input                - Registered new binding: Screenshot - P
16:24:18.636 [JavaFX Application Thread] DEBUG Input                - Registered new binding: System info dump - CTRL+9
16:24:18.636 [JavaFX Application Thread] DEBUG Input                - Registered new binding: Restart - CTRL+R
16:24:18.637 [JavaFX Application Thread] DEBUG Input                - Registered new binding: Toggle Debug Camera - CTRL+C
16:24:18.639 [JavaFX Application Thread] DEBUG LoopRunner           - Starting loop
16:24:18.640 [JavaFX Application Thread] DEBUG LoopRunner           - Initializing JavaFX AnimationTimerLoop
16:24:18.642 [JavaFX Application Thread] DEBUG Input                - Clearing active input actions
16:24:18.649 [JavaFX Application Thread] DEBUG GameApplicationServi - Removing overlay from FXGLStartupScene and adding to FXGLMainMenuDummyScene
16:24:18.649 [JavaFX Application Thread] DEBUG PrimaryStageWindow   - FXGLStartupScene -> FXGLMainMenuDummyScene
16:24:18.649 [JavaFX Application Thread] DEBUG PrimaryStageWindow   - Push state: MainMenu
16:24:18.650 [JavaFX Application Thread] DEBUG Input                - Clearing active input actions
16:24:18.960 [JavaFX Application Thread] DEBUG GameApplicationServi - Removing overlay from FXGLMainMenuDummyScene and adding to MainMenu
16:24:18.961 [JavaFX Application Thread] DEBUG PrimaryStageWindow   - FXGLMainMenuDummyScene -> MainMenu
16:24:18.966 [JavaFX Application Thread] DEBUG FXGLApplication      - Registering font factories with UI factory
16:24:19.635 [JavaFX Application Thread] DEBUG FXGLApplication      - Exiting FXGL
16:24:19.636 [JavaFX Application Thread] DEBUG LoopRunner           - Stopping loop
16:24:19.636 [JavaFX Application Thread] DEBUG SystemBundleService  - Saving FXGL system data
16:24:19.638 [JavaFX Application Thread] DEBUG FileSystemAccess     - Writing to: D:\OneDrive\OneDrive - Hogeschool Leiden\IPOSE\NERDS VS VIRUS\nerdsvsthevirus\system\fxgl.bundle
16:24:19.639 [JavaFX Application Thread] DEBUG Async                - Shutting down background threads
16:24:19.639 [JavaFX Application Thread] DEBUG PrimaryStageWindow   - Closing main window
16:24:19.649 [JavaFX Application Thread] DEBUG Logger               - Closing Logger
