12:19:31.888 [main                     ] DEBUG Logger               - Configured Logger
12:19:31.933 [main                     ] DEBUG GameApplication      - Logging settings
Title: Nerds VS Virus
Version: 0.0
Width: 1050
Height: 700
Fullscreen: false
Intro: false
Profiling: false
Single step:false
App Mode: DEVELOPER
Menu Key: ESCAPE
Stage Style: DECORATED
Scene Factory: class NerdvsVirus.Game$1

12:19:32.653 [JavaFX Application Thread] DEBUG FXGLApplication      - Initializing FXGL
12:19:32.656 [JavaFX Application Thread] INFO  Engine               - FXGL-11.14 (01.03.2021 16.59) on MAC (J:15.0.1 FX:15)
12:19:32.657 [JavaFX Application Thread] DEBUG Engine               - JRE Vendor Name: Oracle Corporation
12:19:32.657 [JavaFX Application Thread] DEBUG Engine               - Running on OS: Mac OS X version 10.16
12:19:32.658 [JavaFX Application Thread] DEBUG Engine               - Architecture: x86_64
12:19:32.658 [JavaFX Application Thread] INFO  Engine               - Source code and latest versions at: https://github.com/AlmasB/FXGL
12:19:32.659 [JavaFX Application Thread] INFO  Engine               -              Join the FXGL chat at: https://gitter.im/AlmasB/FXGL
12:19:32.893 [JavaFX Application Thread] DEBUG PrimaryStageWindow   - Creating a JavaFX scene
12:19:33.101 [JavaFX Application Thread] DEBUG PrimaryStageWindow   - Target settings size: 1050.0 x 700.0
12:19:33.101 [JavaFX Application Thread] DEBUG PrimaryStageWindow   - Scaled scene size:    1050.0 x 700.0
12:19:33.102 [JavaFX Application Thread] DEBUG PrimaryStageWindow   - Scaled ratio: (1.0, 1.0)
12:19:33.104 [JavaFX Application Thread] DEBUG PrimaryStageWindow   - Set initial scene to FXGLStartupScene
12:19:33.115 [JavaFX Application Thread] DEBUG PrimaryStageWindow   - Opening main window
12:19:33.336 [JavaFX Application Thread] DEBUG PrimaryStageWindow   - Window border size: (0.0, 28.0)
12:19:33.337 [JavaFX Application Thread] DEBUG PrimaryStageWindow   - Scaled size: 1050.0 x 700.0
12:19:33.337 [JavaFX Application Thread] DEBUG PrimaryStageWindow   - Scaled ratio: (1.0, 1.0)
12:19:33.338 [JavaFX Application Thread] DEBUG PrimaryStageWindow   - Scene size: 1050.0 x 700.0
12:19:33.338 [JavaFX Application Thread] DEBUG PrimaryStageWindow   - Stage size: 1050.0 x 728.0
12:19:33.352 [FXGL Background Thread 1 ] DEBUG Engine               - Initializing environment variables
12:19:33.409 [FXGL Background Thread 1 ] DEBUG FXGLAssetLoaderServi - User app class for loading assets: class NerdvsVirus.Game
12:19:33.409 [FXGL Background Thread 1 ] DEBUG GameApplicationServi - Applying CSS: fxgl_dark.css
12:19:33.412 [FXGL Background Thread 1 ] DEBUG FXGLAssetLoaderServi - Loading from file system: jar:file:/Users/chalitandunu/.m2/repository/com/github/almasb/fxgl/11.14/fxgl-11.14.jar!/fxglassets/ui/css/fxgl_dark.css
12:19:33.987 [FXGL Background Thread 1 ] DEBUG GameApplicationServi - Initializing application scenes
12:19:36.252 [FXGL Background Thread 1 ] DEBUG GameWorld            - Game world initialized
12:19:36.624 [FXGL Background Thread 1 ] DEBUG PhysicsWorld         - Physics world initialized: appHeight=700, physics.ppm=50.0
12:19:36.625 [FXGL Background Thread 1 ] DEBUG PhysicsWorld         - Using strategy: BRUTE_FORCE
12:19:36.630 [FXGL Background Thread 1 ] DEBUG GameScene            - Game scene initialized: 1050x700
12:19:37.005 [FXGL Background Thread 1 ] DEBUG FXGLAssetLoaderServi - Loading from file system: jar:file:/Users/chalitandunu/.m2/repository/com/github/almasb/fxgl/11.14/fxgl-11.14.jar!/fxglassets/textures/particles/trace_horizontal.png
12:19:37.128 [FXGL Background Thread 1 ] DEBUG FXGL.DefaultMenu     - createMenuBodyGameMenu()
12:19:37.173 [FXGL Background Thread 1 ] DEBUG FXGL.DefaultMenu     - createOptionsMenu()
12:19:37.185 [FXGL Background Thread 1 ] DEBUG FXGLAssetLoaderServi - Loading from file system: jar:file:/Users/chalitandunu/.m2/repository/com/github/almasb/fxgl/11.14/fxgl-11.14.jar!/fxglassets/textures/particles/smoke.png
12:19:37.320 [FXGL Background Thread 1 ] DEBUG GameApplicationServi - Application scenes initialized
12:19:37.345 [FXGL Background Thread 1 ] DEBUG SystemBundleService  - Loading FXGL system data
12:19:37.351 [FXGL Background Thread 1 ] DEBUG FileSystemAccess     - Reading from: /Users/chalitandunu/Desktop/the void/HS/Jaar 1/Periode 3/IPOSE/nerdsvsthevirus/system/fxgl.bundle
12:19:37.363 [FXGL Background Thread 1 ] DEBUG SystemBundleService  - Bundle FXGL: {}
12:19:37.363 [FXGL Background Thread 1 ] DEBUG UpdaterService       - Checking for updates
12:19:37.372 [FXGL Background Thread 4 ] DEBUG FXGLApplication      - Loading fonts
12:19:37.373 [FXGL Background Thread 1 ] DEBUG FXGLApplication      - Loading default localization
12:19:37.374 [FXGL Background Thread 1 ] DEBUG FXGLAssetLoaderServi - Loading from file system: jar:file:/Users/chalitandunu/.m2/repository/com/github/almasb/fxgl/11.14/fxgl-11.14.jar!/fxglassets/languages/english.lang
12:19:37.373 [FXGL Background Thread 4 ] DEBUG FXGLAssetLoaderServi - Loading from file system: jar:file:/Users/chalitandunu/.m2/repository/com/github/almasb/fxgl/11.14/fxgl-11.14.jar!/fxglassets/ui/fonts/VarelaRound-Regular.ttf
12:19:37.392 [FXGL Background Thread 4 ] DEBUG FXGLAssetLoaderServi - Loading from file system: jar:file:/Users/chalitandunu/.m2/repository/com/github/almasb/fxgl/11.14/fxgl-11.14.jar!/fxglassets/ui/fonts/Abel-Regular.ttf
12:19:37.421 [FXGL Background Thread 4 ] DEBUG FXGLAssetLoaderServi - Loading from file system: jar:file:/Users/chalitandunu/.m2/repository/com/github/almasb/fxgl/11.14/fxgl-11.14.jar!/fxglassets/ui/fonts/lucida_console.ttf
12:19:37.441 [FXGL Background Thread 4 ] DEBUG FXGLAssetLoaderServi - Loading from file system: jar:file:/Users/chalitandunu/.m2/repository/com/github/almasb/fxgl/11.14/fxgl-11.14.jar!/fxglassets/ui/fonts/Courier-Prime.ttf
12:19:37.465 [JavaFX Application Thread] DEBUG FXGLApplication      - Registering font factories with UI factory
12:19:37.472 [FXGL Background Thread 1 ] INFO  FXGLApplication      - FXGL initialization took: 4.119 sec
12:19:37.499 [JavaFX Application Thread] DEBUG Input                - Registered new binding: Left - A
12:19:37.499 [JavaFX Application Thread] DEBUG Input                - Registered new binding: Right - D
12:19:37.500 [JavaFX Application Thread] DEBUG Input                - Registered new binding: Jump - W
12:19:37.501 [JavaFX Application Thread] DEBUG FXGLAssetLoaderServi - Loading from file system: jar:file:/Users/chalitandunu/.m2/repository/com/github/almasb/fxgl/11.14/fxgl-11.14.jar!/fxglassets/textures/fxgl_icon.png
12:19:37.540 [JavaFX Application Thread] DEBUG FXGLAssetLoaderServi - Loading from file system: jar:file:/Users/chalitandunu/.m2/repository/com/github/almasb/fxgl/11.14/fxgl-11.14.jar!/fxglassets/ui/cursors/fxgl_default.png
12:19:37.547 [JavaFX Application Thread] DEBUG Input                - Registered new binding: Screenshot - P
12:19:37.550 [JavaFX Application Thread] DEBUG Input                - Registered new binding: System info dump - CTRL+9
12:19:37.551 [JavaFX Application Thread] DEBUG Input                - Registered new binding: Restart - CTRL+R
12:19:37.552 [JavaFX Application Thread] DEBUG Input                - Registered new binding: Toggle Debug Camera - CTRL+C
12:19:37.557 [JavaFX Application Thread] DEBUG LoopRunner           - Starting loop
12:19:37.557 [JavaFX Application Thread] DEBUG LoopRunner           - Initializing JavaFX AnimationTimerLoop
12:19:37.561 [JavaFX Application Thread] DEBUG Input                - Clearing active input actions
12:19:37.576 [JavaFX Application Thread] DEBUG GameApplicationServi - Removing overlay from FXGLStartupScene and adding to FXGLMainMenuDummyScene
12:19:37.577 [JavaFX Application Thread] DEBUG PrimaryStageWindow   - FXGLStartupScene -> FXGLMainMenuDummyScene
12:19:37.631 [JavaFX Application Thread] DEBUG PrimaryStageWindow   - Push state: MainMenu
12:19:37.631 [JavaFX Application Thread] DEBUG Input                - Clearing active input actions
12:19:39.014 [JavaFX Application Thread] DEBUG GameApplicationServi - Removing overlay from FXGLMainMenuDummyScene and adding to MainMenu
12:19:39.015 [JavaFX Application Thread] DEBUG PrimaryStageWindow   - FXGLMainMenuDummyScene -> MainMenu
12:19:40.370 [FXGL Background Thread 3 ] DEBUG Engine               - Logging environment variables
12:19:40.371 [FXGL Background Thread 3 ] DEBUG Engine               - achievements: []
12:19:40.372 [FXGL Background Thread 3 ] DEBUG Engine               - actualHeight: 700.0
12:19:40.372 [FXGL Background Thread 3 ] DEBUG Engine               - actualHeightProperty: ReadOnlyDoubleProperty [value: 700.0]
12:19:40.373 [FXGL Background Thread 3 ] DEBUG Engine               - actualWidth: 1050.0
12:19:40.373 [FXGL Background Thread 3 ] DEBUG Engine               - actualWidthProperty: ReadOnlyDoubleProperty [value: 1050.0]
12:19:40.373 [FXGL Background Thread 3 ] DEBUG Engine               - appIcon: fxgl_icon.png
12:19:40.374 [FXGL Background Thread 3 ] DEBUG Engine               - applicationMode: DEVELOPER
12:19:40.374 [FXGL Background Thread 3 ] DEBUG Engine               - cSSList: [fxgl_dark.css]
12:19:40.375 [FXGL Background Thread 3 ] DEBUG Engine               - collisionDetectionStrategy: BRUTE_FORCE
12:19:40.376 [FXGL Background Thread 3 ] DEBUG Engine               - configClass: Optional.empty
12:19:40.376 [FXGL Background Thread 3 ] DEBUG Engine               - credits: []
12:19:40.378 [FXGL Background Thread 3 ] DEBUG Engine               - devBBoxColorProperty: ObjectProperty [value: 0xff0000ff]
12:19:40.379 [FXGL Background Thread 3 ] DEBUG Engine               - devEnableDebugCameraProperty: BooleanProperty [value: false]
12:19:40.380 [FXGL Background Thread 3 ] DEBUG Engine               - devSensorColorProperty: ObjectProperty [value: 0xffff00ff]
12:19:40.381 [FXGL Background Thread 3 ] DEBUG Engine               - devShowBBoxProperty: BooleanProperty [value: false]
12:19:40.381 [FXGL Background Thread 3 ] DEBUG Engine               - devShowPositionProperty: BooleanProperty [value: false]
12:19:40.381 [FXGL Background Thread 3 ] DEBUG Engine               - enabledMenuItems: []
12:19:40.381 [FXGL Background Thread 3 ] DEBUG Engine               - engineServices: [class com.almasb.fxgl.app.services.FXGLAssetLoaderService, class com.almasb.fxgl.app.FXGLApplication$GameApplicationService, class com.almasb.fxgl.app.services.FXGLDialogService, class com.almasb.fxgl.app.services.IOTaskExecutorService, class com.almasb.fxgl.event.EventBusService, class com.almasb.fxgl.io.FileSystemService, class com.almasb.fxgl.localization.LocalizationService, class com.almasb.fxgl.app.services.SystemBundleService, class com.almasb.fxgl.profile.SaveLoadService, class com.almasb.fxgl.ui.FXGLUIFactoryServiceProvider, class com.almasb.fxgl.ui.FXGLDialogFactoryServiceProvider, class com.almasb.fxgl.audio.AudioPlayer, class com.almasb.fxgl.notification.impl.NotificationServiceProvider, class com.almasb.fxgl.achievement.AchievementService, class com.almasb.fxgl.cutscene.CutsceneService, class com.almasb.fxgl.minigames.MiniGameService, class com.almasb.fxgl.net.NetService, class com.almasb.fxgl.app.services.UpdaterService, class com.almasb.fxgl.dev.DevService]
12:19:40.382 [FXGL Background Thread 3 ] DEBUG Engine               - fontGame: Abel-Regular.ttf
12:19:40.382 [FXGL Background Thread 3 ] DEBUG Engine               - fontMono: lucida_console.ttf
12:19:40.383 [FXGL Background Thread 3 ] DEBUG Engine               - fontText: Courier-Prime.ttf
12:19:40.383 [FXGL Background Thread 3 ] DEBUG Engine               - fontUI: VarelaRound-Regular.ttf
12:19:40.383 [FXGL Background Thread 3 ] DEBUG Engine               - fullScreen: BooleanProperty [value: false]
12:19:40.383 [FXGL Background Thread 3 ] DEBUG Engine               - gameDifficulty: MEDIUM
12:19:40.384 [FXGL Background Thread 3 ] DEBUG Engine               - gameDifficultyProperty: ObjectProperty [value: MEDIUM]
12:19:40.384 [FXGL Background Thread 3 ] DEBUG Engine               - globalMusicVolume: 0.5
12:19:40.384 [FXGL Background Thread 3 ] DEBUG Engine               - globalMusicVolumeProperty: DoubleProperty [value: 0.5]
12:19:40.385 [FXGL Background Thread 3 ] DEBUG Engine               - globalSoundVolume: 0.5
12:19:40.385 [FXGL Background Thread 3 ] DEBUG Engine               - globalSoundVolumeProperty: DoubleProperty [value: 0.5]
12:19:40.385 [FXGL Background Thread 3 ] DEBUG Engine               - height: 700
12:19:40.386 [FXGL Background Thread 3 ] DEBUG Engine               - isAndroid: false
12:19:40.386 [FXGL Background Thread 3 ] DEBUG Engine               - isBrowser: false
12:19:40.387 [FXGL Background Thread 3 ] DEBUG Engine               - isClickFeedbackEnabled: false
12:19:40.387 [FXGL Background Thread 3 ] DEBUG Engine               - isCloseConfirmation: false
12:19:40.388 [FXGL Background Thread 3 ] DEBUG Engine               - isDesktop: true
12:19:40.388 [FXGL Background Thread 3 ] DEBUG Engine               - isDeveloperMenuEnabled: false
12:19:40.388 [FXGL Background Thread 3 ] DEBUG Engine               - isEntityPreloadEnabled: true
12:19:40.389 [FXGL Background Thread 3 ] DEBUG Engine               - isExperimental3D: false
12:19:40.389 [FXGL Background Thread 3 ] DEBUG Engine               - isExperimentalNative: false
12:19:40.389 [FXGL Background Thread 3 ] DEBUG Engine               - isExperimentalTiledLargeMap: false
12:19:40.389 [FXGL Background Thread 3 ] DEBUG Engine               - isFileSystemWriteAllowed: true
12:19:40.390 [FXGL Background Thread 3 ] DEBUG Engine               - isFullScreenAllowed: false
12:19:40.390 [FXGL Background Thread 3 ] DEBUG Engine               - isFullScreenFromStart: false
12:19:40.391 [FXGL Background Thread 3 ] DEBUG Engine               - isGameMenuEnabled: true
12:19:40.391 [FXGL Background Thread 3 ] DEBUG Engine               - isIOS: false
12:19:40.391 [FXGL Background Thread 3 ] DEBUG Engine               - isIntroEnabled: false
12:19:40.392 [FXGL Background Thread 3 ] DEBUG Engine               - isLinux: false
12:19:40.420 [FXGL Background Thread 3 ] DEBUG Engine               - isMac: true
12:19:40.421 [FXGL Background Thread 3 ] DEBUG Engine               - isMainMenuEnabled: true
12:19:40.421 [FXGL Background Thread 3 ] DEBUG Engine               - isManualResizeEnabled: false
12:19:40.422 [FXGL Background Thread 3 ] DEBUG Engine               - isMobile: false
12:19:40.422 [FXGL Background Thread 3 ] DEBUG Engine               - isPreserveResizeRatio: false
12:19:40.422 [FXGL Background Thread 3 ] DEBUG Engine               - isProfilingEnabled: false
12:19:40.423 [FXGL Background Thread 3 ] DEBUG Engine               - isScaleAffectedOnResize: true
12:19:40.423 [FXGL Background Thread 3 ] DEBUG Engine               - isSingleStep: false
12:19:40.424 [FXGL Background Thread 3 ] DEBUG Engine               - isUserProfileEnabled: false
12:19:40.424 [FXGL Background Thread 3 ] DEBUG Engine               - isWindows: false
12:19:40.425 [FXGL Background Thread 3 ] DEBUG Engine               - language: ObjectProperty [value: ENGLISH]
12:19:40.425 [FXGL Background Thread 3 ] DEBUG Engine               - menuKey: ESCAPE
12:19:40.425 [FXGL Background Thread 3 ] DEBUG Engine               - notificationViewClass: class com.almasb.fxgl.notification.view.XboxNotificationView
12:19:40.427 [FXGL Background Thread 3 ] DEBUG Engine               - pixelsPerMeter: 50.0
12:19:40.439 [FXGL Background Thread 3 ] DEBUG Engine               - platform: MAC
12:19:40.439 [FXGL Background Thread 3 ] DEBUG Engine               - prefHeightProperty: ReadOnlyDoubleProperty [value: 700.0]
12:19:40.440 [FXGL Background Thread 3 ] DEBUG Engine               - prefWidthProperty: ReadOnlyDoubleProperty [value: 1050.0]
12:19:40.441 [FXGL Background Thread 3 ] DEBUG Engine               - profileDir: profiles/
12:19:40.441 [FXGL Background Thread 3 ] DEBUG Engine               - profileName: StringProperty [value: DEFAULT]
12:19:40.441 [FXGL Background Thread 3 ] DEBUG Engine               - randomSeed: -1
12:19:40.442 [FXGL Background Thread 3 ] DEBUG Engine               - runtimeInfo: RuntimeInfo(platform=MAC, version=11.14, build=01.03.2021 16.59)
12:19:40.442 [FXGL Background Thread 3 ] DEBUG Engine               - saveFileExt: sav
12:19:40.442 [FXGL Background Thread 3 ] DEBUG Engine               - scaledHeightProp$fxgl: DoubleProperty [bound, value: 700.0]
12:19:40.442 [FXGL Background Thread 3 ] DEBUG Engine               - scaledWidthProp$fxgl: DoubleProperty [bound, value: 1050.0]
12:19:40.443 [FXGL Background Thread 3 ] DEBUG Engine               - sceneFactory: NerdvsVirus.Game$1@34491d5b
12:19:40.443 [FXGL Background Thread 3 ] DEBUG Engine               - secondsIn24h: 60
12:19:40.443 [FXGL Background Thread 3 ] DEBUG Engine               - soundMenuBack: menu/back.wav
12:19:40.444 [FXGL Background Thread 3 ] DEBUG Engine               - soundMenuPress: menu/press.wav
12:19:40.444 [FXGL Background Thread 3 ] DEBUG Engine               - soundMenuSelect: menu/select.wav
12:19:40.457 [FXGL Background Thread 3 ] DEBUG Engine               - soundNotification: core/notification.wav
12:19:40.457 [FXGL Background Thread 3 ] DEBUG Engine               - stageStyle: DECORATED
12:19:40.457 [FXGL Background Thread 3 ] DEBUG Engine               - supportedLanguages: [ENGLISH, FRENCH, GERMAN, HUNGARIAN, RUSSIAN]
12:19:40.458 [FXGL Background Thread 3 ] DEBUG Engine               - ticksPerSecond: -1
12:19:40.458 [FXGL Background Thread 3 ] DEBUG Engine               - title: Nerds VS Virus
12:19:40.458 [FXGL Background Thread 3 ] DEBUG Engine               - urlGithub: https://github.com/AlmasB/FXGL
12:19:40.458 [FXGL Background Thread 3 ] DEBUG Engine               - urlLeaderboard: http://fxgl-top.herokuapp.com/
12:19:40.459 [FXGL Background Thread 3 ] DEBUG Engine               - urlPOM: https://raw.githubusercontent.com/AlmasB/FXGL/release/README.md
12:19:40.459 [FXGL Background Thread 3 ] DEBUG Engine               - userAppClass: class NerdvsVirus.Game
12:19:40.459 [FXGL Background Thread 3 ] DEBUG Engine               - version: 0.0
12:19:40.460 [FXGL Background Thread 3 ] DEBUG Engine               - versionCheckDays: 7
12:19:40.460 [FXGL Background Thread 3 ] DEBUG Engine               - width: 1050
12:19:40.460 [FXGL Background Thread 3 ] DEBUG Engine               - Logging services
12:19:40.461 [FXGL Background Thread 3 ] DEBUG Engine               - class com.almasb.fxgl.app.services.FXGLAssetLoaderService
12:19:40.461 [FXGL Background Thread 3 ] DEBUG Engine               - class com.almasb.fxgl.app.FXGLApplication$GameApplicationService
12:19:40.462 [FXGL Background Thread 3 ] DEBUG Engine               - class com.almasb.fxgl.app.services.FXGLDialogService
12:19:40.462 [FXGL Background Thread 3 ] DEBUG Engine               - class com.almasb.fxgl.app.services.IOTaskExecutorService
12:19:40.462 [FXGL Background Thread 3 ] DEBUG Engine               - class com.almasb.fxgl.event.EventBusService
12:19:40.463 [FXGL Background Thread 3 ] DEBUG Engine               - class com.almasb.fxgl.io.FileSystemService
12:19:40.463 [FXGL Background Thread 3 ] DEBUG Engine               - class com.almasb.fxgl.localization.LocalizationService
12:19:40.463 [FXGL Background Thread 3 ] DEBUG Engine               - class com.almasb.fxgl.app.services.SystemBundleService
12:19:40.463 [FXGL Background Thread 3 ] DEBUG Engine               - class com.almasb.fxgl.profile.SaveLoadService
12:19:40.464 [FXGL Background Thread 3 ] DEBUG Engine               - class com.almasb.fxgl.ui.FXGLUIFactoryServiceProvider
12:19:40.465 [FXGL Background Thread 3 ] DEBUG Engine               - class com.almasb.fxgl.ui.FXGLDialogFactoryServiceProvider
12:19:40.465 [FXGL Background Thread 3 ] DEBUG Engine               - class com.almasb.fxgl.audio.AudioPlayer
12:19:40.465 [FXGL Background Thread 3 ] DEBUG Engine               - class com.almasb.fxgl.notification.impl.NotificationServiceProvider
12:19:40.466 [FXGL Background Thread 3 ] DEBUG Engine               - class com.almasb.fxgl.achievement.AchievementService
12:19:40.466 [FXGL Background Thread 3 ] DEBUG Engine               - class com.almasb.fxgl.cutscene.CutsceneService
12:19:40.466 [FXGL Background Thread 3 ] DEBUG Engine               - class com.almasb.fxgl.minigames.MiniGameService
12:19:40.467 [FXGL Background Thread 3 ] DEBUG Engine               - class com.almasb.fxgl.net.NetService
12:19:40.467 [FXGL Background Thread 3 ] DEBUG Engine               - class com.almasb.fxgl.app.services.UpdaterService
12:19:40.467 [FXGL Background Thread 3 ] DEBUG Engine               - class com.almasb.fxgl.dev.DevService
12:19:42.599 [JavaFX Application Thread] DEBUG Menu                 - fireNewGame()
12:19:42.600 [JavaFX Application Thread] DEBUG GameApplicationServi - Starting new game
12:19:42.600 [JavaFX Application Thread] DEBUG PrimaryStageWindow   - Pop state: MainMenu
12:19:42.600 [JavaFX Application Thread] DEBUG Input                - Clearing active input actions
12:19:42.602 [JavaFX Application Thread] DEBUG GameApplicationServi - Removing overlay from MainMenu and adding to FXGLMainMenuDummyScene
12:19:42.603 [JavaFX Application Thread] DEBUG PrimaryStageWindow   - FXGLMainMenuDummyScene <- MainMenu
12:19:42.603 [JavaFX Application Thread] DEBUG Input                - Clearing active input actions
12:19:42.617 [JavaFX Application Thread] DEBUG GameApplicationServi - Removing overlay from FXGLMainMenuDummyScene and adding to FXGLLoadingScene
12:19:42.618 [JavaFX Application Thread] DEBUG PrimaryStageWindow   - FXGLMainMenuDummyScene -> FXGLLoadingScene
12:19:42.618 [JavaFX Application Thread] DEBUG GameApplicationServi - Clearing previous game
12:19:42.618 [JavaFX Application Thread] DEBUG GameScene            - Clearing game scene
12:19:42.629 [JavaFX Application Thread] DEBUG GameWorld            - Clearing game world
12:19:42.629 [JavaFX Application Thread] DEBUG PhysicsWorld         - Clearing physics world
12:19:42.631 [FXGL Background Thread 2 ] DEBUG FXGLApplication      - Initializing game
12:19:42.688 [FXGL Background Thread 2 ] DEBUG FXGLAssetLoaderServi - Loading from file system: file:/Users/chalitandunu/Desktop/the%20void/HS/Jaar%201/Periode%203/IPOSE/nerdsvsthevirus/target/classes/assets/textures/bg1.jpg
12:19:42.845 [FXGL Background Thread 2 ] WARN  TMXLevelLoader       - TiledMap generated from 1.5.0. Supported version: 1.2.3. Some features may not be parsed fully.
12:19:42.860 [FXGL Background Thread 2 ] DEBUG TMXLevelLoader       - Parsed raw map: TiledMap(width=30, height=10, tilewidth=70, tileheight=70, orientation=orthogonal, layers=[Layer(width=30, height=10, name=Bottom, type=tilelayer, visible=false, x=0, y=0, data=[0, 0, 0, 0, 0, 0, 0, 0, 0, 0, 0, 0, 0, 0, 0, 0, 0, 0, 0, 0, 0, 0, 0, 0, 0, 0, 0, 0, 0, 0, 0, 0, 0, 0, 0, 0, 0, 0, 0, 0, 0, 0, 0, 0, 0, 0, 0, 0, 0, 0, 0, 0, 0, 0, 0, 0, 0, 0, 0, 0, 0, 0, 0, 0, 0, 0, 0, 0, 0, 0, 0, 0, 0, 0, 0, 0, 0, 0, 0, 0, 0, 0, 0, 0, 0, 0, 0, 0, 0, 0, 0, 0, 0, 0, 0, 0, 0, 0, 0, 0, 0, 0, 0, 0, 0, 0, 0, 0, 0, 0, 0, 0, 0, 0, 0, 0, 0, 0, 0, 0, 0, 0, 0, 0, 0, 0, 0, 0, 0, 0, 0, 0, 0, 0, 0, 0, 0, 0, 0, 0, 0, 0, 0, 0, 0, 0, 0, 0, 0, 0, 0, 0, 0, 0, 0, 0, 0, 0, 0, 0, 0, 206, 205, 206, 0, 0, 0, 0, 0, 0, 0, 0, 0, 0, 0, 0, 0, 0, 0, 0, 0, 0, 0, 0, 0, 0, 0, 205, 206, 207, 0, 0, 0, 0, 0, 0, 0, 0, 0, 0, 0, 0, 0, 0, 0, 0, 0, 0, 0, 0, 0, 0, 0, 0, 206, 205, 0, 0, 0, 0, 0, 0, 0, 0, 0, 0, 0, 0, 0, 0, 0, 0, 0, 0, 0, 0, 0, 0, 0, 0, 0, 263, 0, 203, 0, 0, 0, 0, 0, 0, 0, 243, 244, 245, 0, 0, 0, 0, 0, 0, 0, 0, 0, 0, 0, 0, 0, 0, 0, 0, 185, 185, 185, 185, 185, 185, 185, 185, 185, 185, 185, 185, 185, 185, 185, 185, 0, 0, 185, 185, 185, 0, 0, 185, 185, 185, 185, 185, 185, 185], objects=[], opacity=0.0, draworder=), Layer(width=30, height=10, name=overlay, type=tilelayer, visible=false, x=0, y=0, data=[213, 185, 185, 185, 185, 185, 185, 185, 185, 185, 185, 227, 185, 185, 185, 185, 213, 0, 0, 0, 0, 0, 0, 0, 0, 0, 0, 0, 0, 0, 0, 0, 0, 0, 0, 0, 0, 0, 0, 0, 0, 241, 0, 0, 0, 0, 0, 0, 0, 0, 0, 0, 0, 0, 0, 0, 0, 0, 0, 0, 0, 0, 0, 0, 0, 0, 0, 0, 0, 0, 0, 255, 0, 0, 0, 0, 0, 0, 0, 0, 0, 0, 0, 0, 0, 0, 0, 0, 0, 0, 0, 0, 0, 0, 0, 0, 0, 0, 0, 0, 0, 0, 0, 0, 0, 0, 0, 0, 0, 0, 0, 0, 0, 0, 0, 0, 0, 0, 0, 0, 0, 0, 0, 0, 0, 0, 0, 0, 0, 0, 0, 0, 0, 0, 0, 0, 0, 0, 0, 0, 0, 0, 0, 0, 0, 0, 0, 0, 0, 0, 0, 0, 0, 0, 0, 0, 0, 0, 0, 0, 0, 215, 216, 217, 0, 0, 0, 0, 0, 0, 0, 0, 0, 0, 0, 0, 0, 0, 0, 0, 0, 0, 0, 0, 0, 0, 0, 0, 0, 0, 0, 0, 0, 0, 0, 0, 0, 0, 0, 0, 0, 0, 0, 0, 0, 0, 0, 0, 0, 0, 0, 0, 0, 189, 0, 0, 0, 0, 0, 0, 0, 0, 0, 226, 0, 0, 0, 0, 0, 0, 0, 0, 0, 0, 0, 0, 0, 0, 46, 0, 0, 0, 0, 0, 0, 0, 0, 0, 0, 0, 0, 0, 0, 0, 0, 0, 0, 0, 0, 0, 0, 0, 0, 0, 0, 0, 226, 0, 58, 0, 0, 0, 0, 0, 0, 0, 0, 0, 0, 0, 0, 0, 0, 0, 0, 0, 224, 224, 0, 0, 0, 224, 224, 0, 0, 0, 0, 0, 0, 0], objects=[], opacity=0.0, draworder=), Layer(width=0, height=0, name=Objectlaag 1, type=objectgroup, visible=false, x=0, y=0, data=[], objects=[com.almasb.fxgl.entity.level.tiled.TiledObject@31b7e3f8, com.almasb.fxgl.entity.level.tiled.TiledObject@4a6faa9d, com.almasb.fxgl.entity.level.tiled.TiledObject@2caed375, com.almasb.fxgl.entity.level.tiled.TiledObject@44dba716, com.almasb.fxgl.entity.level.tiled.TiledObject@4a7d3456, com.almasb.fxgl.entity.level.tiled.TiledObject@7d7154c6, com.almasb.fxgl.entity.level.tiled.TiledObject@271e0566, com.almasb.fxgl.entity.level.tiled.TiledObject@3ee4e584, com.almasb.fxgl.entity.level.tiled.TiledObject@1d18a98a, com.almasb.fxgl.entity.level.tiled.TiledObject@6ab8098b, com.almasb.fxgl.entity.level.tiled.TiledObject@3dda148f, com.almasb.fxgl.entity.level.tiled.TiledObject@248b0e75, com.almasb.fxgl.entity.level.tiled.TiledObject@7c87a797, com.almasb.fxgl.entity.level.tiled.TiledObject@56590ddd, com.almasb.fxgl.entity.level.tiled.TiledObject@3b4a15f5, com.almasb.fxgl.entity.level.tiled.TiledObject@47ce4c4f, com.almasb.fxgl.entity.level.tiled.TiledObject@634e03e, com.almasb.fxgl.entity.level.tiled.TiledObject@189d32c0], opacity=0.0, draworder=)], tilesets=[Tileset(firstgid=1, image=../../../../../../../Eigen test/src/main/resources/assets/levels/tiles_spritesheet.png, name=tiles_spritesheet, tilewidth=70, tileheight=70, imagewidth=914, imageheight=936, margin=0, spacing=2, columns=12, tilecount=156, transparentcolor=, tiles=[]), Tileset(firstgid=157, image=../../../../../../../Eigen test/src/main/resources/assets/levels/platformerPack_industrial_tilesheet.png, name=_industrial, tilewidth=70, tileheight=70, imagewidth=980, imageheight=560, margin=0, spacing=0, columns=14, tilecount=112, transparentcolor=, tiles=[])], backgroundcolor=, renderorder=right-down, nextobjectid=22, version=1, tiledversion=1.5.0, type=map, infinite=false, hexsidelength=0, staggeraxis=, staggerindex=, properties={}, propertytypes={})
12:19:42.861 [FXGL Background Thread 2 ] DEBUG TMXLevelLoader       - Creating tile layer entities
12:19:42.863 [FXGL Background Thread 2 ] DEBUG TilesetLoader        - Loading view for layer Bottom
12:19:42.869 [FXGL Background Thread 2 ] DEBUG TilesetLoader        - Created buffer with size 2100.0x700.0
12:19:42.907 [FXGL Background Thread 2 ] DEBUG TilesetLoader        - Writing to buffer: dst=770,350, w=70,h=70, src=490,210
12:19:42.908 [FXGL Background Thread 2 ] DEBUG TilesetLoader        - Writing to buffer: dst=840,350, w=70,h=70, src=420,210
12:19:42.909 [FXGL Background Thread 2 ] DEBUG TilesetLoader        - Writing to buffer: dst=910,350, w=70,h=70, src=490,210
12:19:42.909 [FXGL Background Thread 2 ] DEBUG TilesetLoader        - Writing to buffer: dst=490,420, w=70,h=70, src=420,210
12:19:42.909 [FXGL Background Thread 2 ] DEBUG TilesetLoader        - Writing to buffer: dst=560,420, w=70,h=70, src=490,210
12:19:42.909 [FXGL Background Thread 2 ] DEBUG TilesetLoader        - Writing to buffer: dst=630,420, w=70,h=70, src=560,210
12:19:42.910 [FXGL Background Thread 2 ] DEBUG TilesetLoader        - Writing to buffer: dst=280,490, w=70,h=70, src=490,210
12:19:42.910 [FXGL Background Thread 2 ] DEBUG TilesetLoader        - Writing to buffer: dst=350,490, w=70,h=70, src=420,210
12:19:42.911 [FXGL Background Thread 2 ] DEBUG TilesetLoader        - Writing to buffer: dst=70,560, w=70,h=70, src=560,490
12:19:42.911 [FXGL Background Thread 2 ] DEBUG TilesetLoader        - Writing to buffer: dst=210,560, w=70,h=70, src=280,210
12:19:42.911 [FXGL Background Thread 2 ] DEBUG TilesetLoader        - Writing to buffer: dst=770,560, w=70,h=70, src=140,420
12:19:42.912 [FXGL Background Thread 2 ] DEBUG TilesetLoader        - Writing to buffer: dst=840,560, w=70,h=70, src=210,420
12:19:42.928 [FXGL Background Thread 2 ] DEBUG TilesetLoader        - Writing to buffer: dst=910,560, w=70,h=70, src=280,420
12:19:42.929 [FXGL Background Thread 2 ] DEBUG TilesetLoader        - Writing to buffer: dst=0,630, w=70,h=70, src=0,140
12:19:42.929 [FXGL Background Thread 2 ] DEBUG TilesetLoader        - Writing to buffer: dst=70,630, w=70,h=70, src=0,140
12:19:42.929 [FXGL Background Thread 2 ] DEBUG TilesetLoader        - Writing to buffer: dst=140,630, w=70,h=70, src=0,140
12:19:42.930 [FXGL Background Thread 2 ] DEBUG TilesetLoader        - Writing to buffer: dst=210,630, w=70,h=70, src=0,140
12:19:42.930 [FXGL Background Thread 2 ] DEBUG TilesetLoader        - Writing to buffer: dst=280,630, w=70,h=70, src=0,140
12:19:42.931 [FXGL Background Thread 2 ] DEBUG TilesetLoader        - Writing to buffer: dst=350,630, w=70,h=70, src=0,140
12:19:42.932 [FXGL Background Thread 2 ] DEBUG TilesetLoader        - Writing to buffer: dst=420,630, w=70,h=70, src=0,140
12:19:42.932 [FXGL Background Thread 2 ] DEBUG TilesetLoader        - Writing to buffer: dst=490,630, w=70,h=70, src=0,140
12:19:42.932 [FXGL Background Thread 2 ] DEBUG TilesetLoader        - Writing to buffer: dst=560,630, w=70,h=70, src=0,140
12:19:42.933 [FXGL Background Thread 2 ] DEBUG TilesetLoader        - Writing to buffer: dst=630,630, w=70,h=70, src=0,140
12:19:42.933 [FXGL Background Thread 2 ] DEBUG TilesetLoader        - Writing to buffer: dst=700,630, w=70,h=70, src=0,140
12:19:42.933 [FXGL Background Thread 2 ] DEBUG TilesetLoader        - Writing to buffer: dst=770,630, w=70,h=70, src=0,140
12:19:42.933 [FXGL Background Thread 2 ] DEBUG TilesetLoader        - Writing to buffer: dst=840,630, w=70,h=70, src=0,140
12:19:42.934 [FXGL Background Thread 2 ] DEBUG TilesetLoader        - Writing to buffer: dst=910,630, w=70,h=70, src=0,140
12:19:42.937 [FXGL Background Thread 2 ] DEBUG TilesetLoader        - Writing to buffer: dst=980,630, w=70,h=70, src=0,140
12:19:42.938 [FXGL Background Thread 2 ] DEBUG TilesetLoader        - Writing to buffer: dst=1050,630, w=70,h=70, src=0,140
12:19:42.938 [FXGL Background Thread 2 ] DEBUG TilesetLoader        - Writing to buffer: dst=1260,630, w=70,h=70, src=0,140
12:19:42.939 [FXGL Background Thread 2 ] DEBUG TilesetLoader        - Writing to buffer: dst=1330,630, w=70,h=70, src=0,140
12:19:42.939 [FXGL Background Thread 2 ] DEBUG TilesetLoader        - Writing to buffer: dst=1400,630, w=70,h=70, src=0,140
12:19:42.940 [FXGL Background Thread 2 ] DEBUG TilesetLoader        - Writing to buffer: dst=1610,630, w=70,h=70, src=0,140
12:19:42.940 [FXGL Background Thread 2 ] DEBUG TilesetLoader        - Writing to buffer: dst=1680,630, w=70,h=70, src=0,140
12:19:42.940 [FXGL Background Thread 2 ] DEBUG TilesetLoader        - Writing to buffer: dst=1750,630, w=70,h=70, src=0,140
12:19:42.941 [FXGL Background Thread 2 ] DEBUG TilesetLoader        - Writing to buffer: dst=1820,630, w=70,h=70, src=0,140
12:19:42.941 [FXGL Background Thread 2 ] DEBUG TilesetLoader        - Writing to buffer: dst=1890,630, w=70,h=70, src=0,140
12:19:42.941 [FXGL Background Thread 2 ] DEBUG TilesetLoader        - Writing to buffer: dst=1960,630, w=70,h=70, src=0,140
12:19:42.941 [FXGL Background Thread 2 ] DEBUG TilesetLoader        - Writing to buffer: dst=2030,630, w=70,h=70, src=0,140
12:19:42.944 [FXGL Background Thread 2 ] DEBUG TilesetLoader        - Loading view for layer overlay
12:19:42.970 [FXGL Background Thread 2 ] DEBUG TilesetLoader        - Created buffer with size 2100.0x700.0
12:19:42.971 [FXGL Background Thread 2 ] DEBUG TilesetLoader        - Writing to buffer: dst=0,0, w=70,h=70, src=0,280
12:19:42.971 [FXGL Background Thread 2 ] DEBUG TilesetLoader        - Writing to buffer: dst=70,0, w=70,h=70, src=0,140
12:19:42.971 [FXGL Background Thread 2 ] DEBUG TilesetLoader        - Writing to buffer: dst=140,0, w=70,h=70, src=0,140
12:19:42.972 [FXGL Background Thread 2 ] DEBUG TilesetLoader        - Writing to buffer: dst=210,0, w=70,h=70, src=0,140
12:19:42.972 [FXGL Background Thread 2 ] DEBUG TilesetLoader        - Writing to buffer: dst=280,0, w=70,h=70, src=0,140
12:19:42.972 [FXGL Background Thread 2 ] DEBUG TilesetLoader        - Writing to buffer: dst=350,0, w=70,h=70, src=0,140
12:19:42.973 [FXGL Background Thread 2 ] DEBUG TilesetLoader        - Writing to buffer: dst=420,0, w=70,h=70, src=0,140
12:19:42.973 [FXGL Background Thread 2 ] DEBUG TilesetLoader        - Writing to buffer: dst=490,0, w=70,h=70, src=0,140
12:19:42.973 [FXGL Background Thread 2 ] DEBUG TilesetLoader        - Writing to buffer: dst=560,0, w=70,h=70, src=0,140
12:19:42.982 [FXGL Background Thread 2 ] DEBUG TilesetLoader        - Writing to buffer: dst=630,0, w=70,h=70, src=0,140
12:19:42.982 [FXGL Background Thread 2 ] DEBUG TilesetLoader        - Writing to buffer: dst=700,0, w=70,h=70, src=0,140
12:19:42.983 [FXGL Background Thread 2 ] DEBUG TilesetLoader        - Writing to buffer: dst=770,0, w=70,h=70, src=0,350
12:19:42.983 [FXGL Background Thread 2 ] DEBUG TilesetLoader        - Writing to buffer: dst=840,0, w=70,h=70, src=0,140
12:19:42.983 [FXGL Background Thread 2 ] DEBUG TilesetLoader        - Writing to buffer: dst=910,0, w=70,h=70, src=0,140
12:19:42.984 [FXGL Background Thread 2 ] DEBUG TilesetLoader        - Writing to buffer: dst=980,0, w=70,h=70, src=0,140
12:19:42.999 [FXGL Background Thread 2 ] DEBUG TilesetLoader        - Writing to buffer: dst=1050,0, w=70,h=70, src=0,140
12:19:43.008 [FXGL Background Thread 2 ] DEBUG TilesetLoader        - Writing to buffer: dst=1120,0, w=70,h=70, src=0,280
12:19:43.016 [FXGL Background Thread 2 ] DEBUG TilesetLoader        - Writing to buffer: dst=770,70, w=70,h=70, src=0,420
12:19:43.017 [FXGL Background Thread 2 ] DEBUG TilesetLoader        - Writing to buffer: dst=770,140, w=70,h=70, src=0,490
12:19:43.018 [FXGL Background Thread 2 ] DEBUG TilesetLoader        - Writing to buffer: dst=770,350, w=70,h=70, src=140,280
12:19:43.020 [FXGL Background Thread 2 ] DEBUG TilesetLoader        - Writing to buffer: dst=840,350, w=70,h=70, src=210,280
12:19:43.022 [FXGL Background Thread 2 ] DEBUG TilesetLoader        - Writing to buffer: dst=910,350, w=70,h=70, src=280,280
12:19:43.022 [FXGL Background Thread 2 ] DEBUG TilesetLoader        - Writing to buffer: dst=210,490, w=70,h=70, src=280,140
12:19:43.022 [FXGL Background Thread 2 ] DEBUG TilesetLoader        - Writing to buffer: dst=910,490, w=70,h=70, src=910,280
12:19:43.056 [FXGL Background Thread 2 ] DEBUG TilesetLoader        - Writing to buffer: dst=1960,490, w=70,h=70, src=648,216
12:19:43.057 [FXGL Background Thread 2 ] DEBUG TilesetLoader        - Writing to buffer: dst=1820,560, w=70,h=70, src=910,280
12:19:43.065 [FXGL Background Thread 2 ] DEBUG TilesetLoader        - Writing to buffer: dst=1960,560, w=70,h=70, src=648,288
12:19:43.069 [FXGL Background Thread 2 ] DEBUG TilesetLoader        - Writing to buffer: dst=1120,630, w=70,h=70, src=770,280
12:19:43.069 [FXGL Background Thread 2 ] DEBUG TilesetLoader        - Writing to buffer: dst=1190,630, w=70,h=70, src=770,280
12:19:43.069 [FXGL Background Thread 2 ] DEBUG TilesetLoader        - Writing to buffer: dst=1470,630, w=70,h=70, src=770,280
12:19:43.071 [FXGL Background Thread 2 ] DEBUG TilesetLoader        - Writing to buffer: dst=1540,630, w=70,h=70, src=770,280
12:19:43.071 [FXGL Background Thread 2 ] DEBUG TMXLevelLoader       - Creating object layer entities
12:19:43.155 [FXGL Background Thread 2 ] DEBUG FXGLAssetLoaderServi - Loading from file system: file:/Users/chalitandunu/Desktop/the%20void/HS/Jaar%201/Periode%203/IPOSE/nerdsvsthevirus/target/classes/assets/textures/spuit2.png
12:19:43.170 [FXGL Background Thread 2 ] DEBUG FXGLAssetLoaderServi - Loading from file system: file:/Users/chalitandunu/Desktop/the%20void/HS/Jaar%201/Periode%203/IPOSE/nerdsvsthevirus/target/classes/assets/textures/bacteria.png
12:19:43.199 [FXGL Background Thread 2 ] DEBUG GameWorld            - Clearing removable entities
12:19:43.200 [FXGL Background Thread 2 ] DEBUG GameWorld            - Setting level: com.almasb.fxgl.entity.level.Level@5bed7cb
12:19:43.218 [FXGL Background Thread 2 ] DEBUG FXGLAssetLoaderServi - Loading from file system: file:/Users/chalitandunu/Desktop/the%20void/HS/Jaar%201/Periode%203/IPOSE/nerdsvsthevirus/target/classes/assets/textures/sprite.png
12:19:43.241 [FXGL Background Thread 2 ] INFO  FXGLApplication      - Game initialization took: 0.610 sec
12:19:43.243 [JavaFX Application Thread] DEBUG Input                - Clearing active input actions
12:19:43.255 [JavaFX Application Thread] DEBUG GameApplicationServi - Removing overlay from FXGLLoadingScene and adding to GameScene
12:19:43.256 [JavaFX Application Thread] DEBUG PrimaryStageWindow   - FXGLLoadingScene -> GameScene
12:19:47.844 [JavaFX Application Thread] DEBUG PrimaryStageWindow   - Push state: DialogSubScene
12:19:47.844 [JavaFX Application Thread] DEBUG Input                - Clearing active input actions
12:19:47.851 [JavaFX Application Thread] DEBUG GameApplicationServi - Removing overlay from GameScene and adding to DialogSubScene
12:19:47.852 [JavaFX Application Thread] DEBUG PrimaryStageWindow   - GameScene -> DialogSubScene
12:31:43.363 [JavaFX Application Thread] DEBUG PrimaryStageWindow   - Pop state: DialogSubScene
12:31:43.365 [JavaFX Application Thread] DEBUG Input                - Clearing active input actions
12:31:43.367 [JavaFX Application Thread] DEBUG GameApplicationServi - Removing overlay from DialogSubScene and adding to GameScene
12:31:43.368 [JavaFX Application Thread] DEBUG PrimaryStageWindow   - GameScene <- DialogSubScene
12:37:19.171 [JavaFX Application Thread] DEBUG FXGLApplication      - Exiting FXGL
12:37:19.172 [JavaFX Application Thread] DEBUG LoopRunner           - Stopping loop
12:37:19.173 [JavaFX Application Thread] DEBUG SystemBundleService  - Saving FXGL system data
12:37:19.178 [JavaFX Application Thread] DEBUG FileSystemAccess     - Writing to: /Users/chalitandunu/Desktop/the void/HS/Jaar 1/Periode 3/IPOSE/nerdsvsthevirus/system/fxgl.bundle
12:37:19.184 [JavaFX Application Thread] DEBUG Async                - Shutting down background threads
12:37:19.185 [JavaFX Application Thread] DEBUG PrimaryStageWindow   - Closing main window
12:37:19.198 [JavaFX Application Thread] DEBUG Logger               - Closing Logger
