09:30:22.545 [main                     ] DEBUG Logger               - Configured Logger
09:30:22.567 [main                     ] DEBUG GameApplication      - Logging settings
Title: Nerds VS Virus
Version: 0.0
Width: 1050
Height: 700
Fullscreen: false
Intro: false
Profiling: false
Single step:false
App Mode: DEVELOPER
Menu Key: ESCAPE
Stage Style: DECORATED
Scene Factory: class NerdvsVirus.Game$1

09:30:23.205 [JavaFX Application Thread] DEBUG FXGLApplication      - Initializing FXGL
09:30:23.208 [JavaFX Application Thread] INFO  Engine               - FXGL-11.14 (01.03.2021 16.59) on MAC (J:15.0.1 FX:15)
09:30:23.209 [JavaFX Application Thread] DEBUG Engine               - JRE Vendor Name: Oracle Corporation
09:30:23.209 [JavaFX Application Thread] DEBUG Engine               - Running on OS: Mac OS X version 10.16
09:30:23.209 [JavaFX Application Thread] DEBUG Engine               - Architecture: x86_64
09:30:23.210 [JavaFX Application Thread] INFO  Engine               - Source code and latest versions at: https://github.com/AlmasB/FXGL
09:30:23.210 [JavaFX Application Thread] INFO  Engine               -              Join the FXGL chat at: https://gitter.im/AlmasB/FXGL
09:30:23.503 [JavaFX Application Thread] DEBUG PrimaryStageWindow   - Creating a JavaFX scene
09:30:23.585 [JavaFX Application Thread] DEBUG PrimaryStageWindow   - Target settings size: 1050.0 x 700.0
09:30:23.585 [JavaFX Application Thread] DEBUG PrimaryStageWindow   - Scaled scene size:    1050.0 x 700.0
09:30:23.585 [JavaFX Application Thread] DEBUG PrimaryStageWindow   - Scaled ratio: (1.0, 1.0)
09:30:23.587 [JavaFX Application Thread] DEBUG PrimaryStageWindow   - Set initial scene to FXGLStartupScene
09:30:23.596 [JavaFX Application Thread] DEBUG PrimaryStageWindow   - Opening main window
09:30:23.694 [JavaFX Application Thread] DEBUG PrimaryStageWindow   - Window border size: (0.0, 28.0)
09:30:23.694 [JavaFX Application Thread] DEBUG PrimaryStageWindow   - Scaled size: 1050.0 x 700.0
09:30:23.695 [JavaFX Application Thread] DEBUG PrimaryStageWindow   - Scaled ratio: (1.0, 1.0)
09:30:23.695 [JavaFX Application Thread] DEBUG PrimaryStageWindow   - Scene size: 1050.0 x 700.0
09:30:23.695 [JavaFX Application Thread] DEBUG PrimaryStageWindow   - Stage size: 1050.0 x 728.0
09:30:23.705 [FXGL Background Thread 1 ] DEBUG Engine               - Initializing environment variables
09:30:23.758 [FXGL Background Thread 1 ] DEBUG FXGLAssetLoaderServi - User app class for loading assets: class NerdvsVirus.Game
09:30:23.758 [FXGL Background Thread 1 ] DEBUG GameApplicationServi - Applying CSS: fxgl_dark.css
09:30:23.761 [FXGL Background Thread 1 ] DEBUG FXGLAssetLoaderServi - Loading from file system: jar:file:/Users/chalitandunu/.m2/repository/com/github/almasb/fxgl/11.14/fxgl-11.14.jar!/fxglassets/ui/css/fxgl_dark.css
09:30:23.888 [FXGL Background Thread 1 ] DEBUG GameApplicationServi - Initializing application scenes
09:30:24.721 [FXGL Background Thread 1 ] DEBUG GameWorld            - Game world initialized
09:30:24.817 [FXGL Background Thread 1 ] DEBUG PhysicsWorld         - Physics world initialized: appHeight=700, physics.ppm=50.0
09:30:24.817 [FXGL Background Thread 1 ] DEBUG PhysicsWorld         - Using strategy: BRUTE_FORCE
09:30:24.832 [FXGL Background Thread 1 ] DEBUG GameScene            - Game scene initialized: 1050x700
09:30:24.979 [FXGL Background Thread 1 ] DEBUG FXGLAssetLoaderServi - Loading from file system: jar:file:/Users/chalitandunu/.m2/repository/com/github/almasb/fxgl/11.14/fxgl-11.14.jar!/fxglassets/textures/particles/trace_horizontal.png
09:30:25.049 [FXGL Background Thread 1 ] DEBUG FXGL.DefaultMenu     - createMenuBodyGameMenu()
09:30:25.071 [FXGL Background Thread 1 ] DEBUG FXGL.DefaultMenu     - createOptionsMenu()
09:30:25.076 [FXGL Background Thread 1 ] DEBUG FXGLAssetLoaderServi - Loading from file system: jar:file:/Users/chalitandunu/.m2/repository/com/github/almasb/fxgl/11.14/fxgl-11.14.jar!/fxglassets/textures/particles/smoke.png
09:30:25.163 [FXGL Background Thread 1 ] DEBUG GameApplicationServi - Application scenes initialized
09:30:25.181 [FXGL Background Thread 1 ] DEBUG SystemBundleService  - Loading FXGL system data
09:30:25.188 [FXGL Background Thread 1 ] DEBUG FileSystemAccess     - Reading from: /Users/chalitandunu/Desktop/the void/HS/Jaar 1/Periode 3/IPOSE/nerdsvsthevirus/system/fxgl.bundle
09:30:25.196 [FXGL Background Thread 1 ] DEBUG SystemBundleService  - Bundle FXGL: {}
09:30:25.196 [FXGL Background Thread 1 ] DEBUG UpdaterService       - Checking for updates
09:30:25.203 [FXGL Background Thread 4 ] DEBUG FXGLApplication      - Loading fonts
09:30:25.203 [FXGL Background Thread 4 ] DEBUG FXGLAssetLoaderServi - Loading from file system: jar:file:/Users/chalitandunu/.m2/repository/com/github/almasb/fxgl/11.14/fxgl-11.14.jar!/fxglassets/ui/fonts/VarelaRound-Regular.ttf
09:30:25.203 [FXGL Background Thread 1 ] DEBUG FXGLApplication      - Loading default localization
09:30:25.205 [FXGL Background Thread 1 ] DEBUG FXGLAssetLoaderServi - Loading from file system: jar:file:/Users/chalitandunu/.m2/repository/com/github/almasb/fxgl/11.14/fxgl-11.14.jar!/fxglassets/languages/english.lang
09:30:25.210 [FXGL Background Thread 4 ] DEBUG FXGLAssetLoaderServi - Loading from file system: jar:file:/Users/chalitandunu/.m2/repository/com/github/almasb/fxgl/11.14/fxgl-11.14.jar!/fxglassets/ui/fonts/Abel-Regular.ttf
09:30:25.215 [FXGL Background Thread 4 ] DEBUG FXGLAssetLoaderServi - Loading from file system: jar:file:/Users/chalitandunu/.m2/repository/com/github/almasb/fxgl/11.14/fxgl-11.14.jar!/fxglassets/ui/fonts/lucida_console.ttf
09:30:25.222 [FXGL Background Thread 4 ] DEBUG FXGLAssetLoaderServi - Loading from file system: jar:file:/Users/chalitandunu/.m2/repository/com/github/almasb/fxgl/11.14/fxgl-11.14.jar!/fxglassets/ui/fonts/Courier-Prime.ttf
09:30:25.236 [JavaFX Application Thread] DEBUG FXGLApplication      - Registering font factories with UI factory
09:30:25.252 [FXGL Background Thread 1 ] INFO  FXGLApplication      - FXGL initialization took: 1.547 sec
09:30:25.276 [JavaFX Application Thread] DEBUG Input                - Registered new binding: Left - A
09:30:25.277 [JavaFX Application Thread] DEBUG Input                - Registered new binding: Right - D
09:30:25.277 [JavaFX Application Thread] DEBUG Input                - Registered new binding: Jump - W
09:30:25.278 [JavaFX Application Thread] DEBUG FXGLAssetLoaderServi - Loading from file system: file:/Users/chalitandunu/Desktop/the%20void/HS/Jaar%201/Periode%203/IPOSE/nerdsvsthevirus/target/classes/assets/music/background.wav
09:30:25.550 [JavaFX Application Thread] DEBUG AudioPlayer          - Playing music com.almasb.fxgl.audio.Music@3d53cfa8
09:30:25.552 [JavaFX Application Thread] DEBUG FXGLAssetLoaderServi - Loading from file system: jar:file:/Users/chalitandunu/.m2/repository/com/github/almasb/fxgl/11.14/fxgl-11.14.jar!/fxglassets/textures/fxgl_icon.png
09:30:25.570 [JavaFX Application Thread] DEBUG FXGLAssetLoaderServi - Loading from file system: jar:file:/Users/chalitandunu/.m2/repository/com/github/almasb/fxgl/11.14/fxgl-11.14.jar!/fxglassets/ui/cursors/fxgl_default.png
09:30:25.572 [JavaFX Application Thread] DEBUG Input                - Registered new binding: Screenshot - P
09:30:25.572 [JavaFX Application Thread] DEBUG Input                - Registered new binding: System info dump - CTRL+9
09:30:25.573 [JavaFX Application Thread] DEBUG Input                - Registered new binding: Restart - CTRL+R
09:30:25.573 [JavaFX Application Thread] DEBUG Input                - Registered new binding: Toggle Debug Camera - CTRL+C
09:30:25.576 [JavaFX Application Thread] DEBUG LoopRunner           - Starting loop
09:30:25.576 [JavaFX Application Thread] DEBUG LoopRunner           - Initializing JavaFX AnimationTimerLoop
09:30:25.579 [JavaFX Application Thread] DEBUG Input                - Clearing active input actions
09:30:25.589 [JavaFX Application Thread] DEBUG GameApplicationServi - Removing overlay from FXGLStartupScene and adding to FXGLMainMenuDummyScene
09:30:25.589 [JavaFX Application Thread] DEBUG PrimaryStageWindow   - FXGLStartupScene -> FXGLMainMenuDummyScene
09:30:25.590 [JavaFX Application Thread] DEBUG PrimaryStageWindow   - Push state: MainMenu
09:30:25.590 [JavaFX Application Thread] DEBUG Input                - Clearing active input actions
09:30:26.933 [JavaFX Application Thread] DEBUG GameApplicationServi - Removing overlay from FXGLMainMenuDummyScene and adding to MainMenu
09:30:26.934 [JavaFX Application Thread] DEBUG PrimaryStageWindow   - FXGLMainMenuDummyScene -> MainMenu
09:30:28.202 [FXGL Background Thread 3 ] DEBUG Engine               - Logging environment variables
09:30:28.203 [FXGL Background Thread 3 ] DEBUG Engine               - achievements: []
09:30:28.204 [FXGL Background Thread 3 ] DEBUG Engine               - actualHeight: 700.0
09:30:28.204 [FXGL Background Thread 3 ] DEBUG Engine               - actualHeightProperty: ReadOnlyDoubleProperty [value: 700.0]
09:30:28.205 [FXGL Background Thread 3 ] DEBUG Engine               - actualWidth: 1050.0
09:30:28.205 [FXGL Background Thread 3 ] DEBUG Engine               - actualWidthProperty: ReadOnlyDoubleProperty [value: 1050.0]
09:30:28.206 [FXGL Background Thread 3 ] DEBUG Engine               - appIcon: fxgl_icon.png
09:30:28.206 [FXGL Background Thread 3 ] DEBUG Engine               - applicationMode: DEVELOPER
09:30:28.206 [FXGL Background Thread 3 ] DEBUG Engine               - cSSList: [fxgl_dark.css]
09:30:28.207 [FXGL Background Thread 3 ] DEBUG Engine               - collisionDetectionStrategy: BRUTE_FORCE
09:30:28.207 [FXGL Background Thread 3 ] DEBUG Engine               - configClass: Optional.empty
09:30:28.207 [FXGL Background Thread 3 ] DEBUG Engine               - credits: []
09:30:28.208 [FXGL Background Thread 3 ] DEBUG Engine               - devBBoxColorProperty: ObjectProperty [value: 0xff0000ff]
09:30:28.208 [FXGL Background Thread 3 ] DEBUG Engine               - devEnableDebugCameraProperty: BooleanProperty [value: false]
09:30:28.209 [FXGL Background Thread 3 ] DEBUG Engine               - devSensorColorProperty: ObjectProperty [value: 0xffff00ff]
09:30:28.209 [FXGL Background Thread 3 ] DEBUG Engine               - devShowBBoxProperty: BooleanProperty [value: false]
09:30:28.209 [FXGL Background Thread 3 ] DEBUG Engine               - devShowPositionProperty: BooleanProperty [value: false]
09:30:28.209 [FXGL Background Thread 3 ] DEBUG Engine               - enabledMenuItems: []
09:30:28.210 [FXGL Background Thread 3 ] DEBUG Engine               - engineServices: [class com.almasb.fxgl.app.services.FXGLAssetLoaderService, class com.almasb.fxgl.app.FXGLApplication$GameApplicationService, class com.almasb.fxgl.app.services.FXGLDialogService, class com.almasb.fxgl.app.services.IOTaskExecutorService, class com.almasb.fxgl.event.EventBusService, class com.almasb.fxgl.io.FileSystemService, class com.almasb.fxgl.localization.LocalizationService, class com.almasb.fxgl.app.services.SystemBundleService, class com.almasb.fxgl.profile.SaveLoadService, class com.almasb.fxgl.ui.FXGLUIFactoryServiceProvider, class com.almasb.fxgl.ui.FXGLDialogFactoryServiceProvider, class com.almasb.fxgl.audio.AudioPlayer, class com.almasb.fxgl.notification.impl.NotificationServiceProvider, class com.almasb.fxgl.achievement.AchievementService, class com.almasb.fxgl.cutscene.CutsceneService, class com.almasb.fxgl.minigames.MiniGameService, class com.almasb.fxgl.net.NetService, class com.almasb.fxgl.app.services.UpdaterService, class com.almasb.fxgl.dev.DevService]
09:30:28.210 [FXGL Background Thread 3 ] DEBUG Engine               - fontGame: Abel-Regular.ttf
09:30:28.210 [FXGL Background Thread 3 ] DEBUG Engine               - fontMono: lucida_console.ttf
09:30:28.210 [FXGL Background Thread 3 ] DEBUG Engine               - fontText: Courier-Prime.ttf
09:30:28.211 [FXGL Background Thread 3 ] DEBUG Engine               - fontUI: VarelaRound-Regular.ttf
09:30:28.211 [FXGL Background Thread 3 ] DEBUG Engine               - fullScreen: BooleanProperty [value: false]
09:30:28.211 [FXGL Background Thread 3 ] DEBUG Engine               - gameDifficulty: MEDIUM
09:30:28.211 [FXGL Background Thread 3 ] DEBUG Engine               - gameDifficultyProperty: ObjectProperty [value: MEDIUM]
09:30:28.211 [FXGL Background Thread 3 ] DEBUG Engine               - globalMusicVolume: 0.5
09:30:28.212 [FXGL Background Thread 3 ] DEBUG Engine               - globalMusicVolumeProperty: DoubleProperty [value: 0.1]
09:30:28.212 [FXGL Background Thread 3 ] DEBUG Engine               - globalSoundVolume: 0.5
09:30:28.212 [FXGL Background Thread 3 ] DEBUG Engine               - globalSoundVolumeProperty: DoubleProperty [value: 0.5]
09:30:28.212 [FXGL Background Thread 3 ] DEBUG Engine               - height: 700
09:30:28.213 [FXGL Background Thread 3 ] DEBUG Engine               - isAndroid: false
09:30:28.213 [FXGL Background Thread 3 ] DEBUG Engine               - isBrowser: false
09:30:28.213 [FXGL Background Thread 3 ] DEBUG Engine               - isClickFeedbackEnabled: false
09:30:28.213 [FXGL Background Thread 3 ] DEBUG Engine               - isCloseConfirmation: false
09:30:28.213 [FXGL Background Thread 3 ] DEBUG Engine               - isDesktop: true
09:30:28.213 [FXGL Background Thread 3 ] DEBUG Engine               - isDeveloperMenuEnabled: false
09:30:28.214 [FXGL Background Thread 3 ] DEBUG Engine               - isEntityPreloadEnabled: true
09:30:28.214 [FXGL Background Thread 3 ] DEBUG Engine               - isExperimental3D: false
09:30:28.214 [FXGL Background Thread 3 ] DEBUG Engine               - isExperimentalNative: false
09:30:28.214 [FXGL Background Thread 3 ] DEBUG Engine               - isExperimentalTiledLargeMap: false
09:30:28.214 [FXGL Background Thread 3 ] DEBUG Engine               - isFileSystemWriteAllowed: true
09:30:28.214 [FXGL Background Thread 3 ] DEBUG Engine               - isFullScreenAllowed: false
09:30:28.214 [FXGL Background Thread 3 ] DEBUG Engine               - isFullScreenFromStart: false
09:30:28.215 [FXGL Background Thread 3 ] DEBUG Engine               - isGameMenuEnabled: true
09:30:28.215 [FXGL Background Thread 3 ] DEBUG Engine               - isIOS: false
09:30:28.215 [FXGL Background Thread 3 ] DEBUG Engine               - isIntroEnabled: false
09:30:28.215 [FXGL Background Thread 3 ] DEBUG Engine               - isLinux: false
09:30:28.216 [FXGL Background Thread 3 ] DEBUG Engine               - isMac: true
09:30:28.216 [FXGL Background Thread 3 ] DEBUG Engine               - isMainMenuEnabled: true
09:30:28.216 [FXGL Background Thread 3 ] DEBUG Engine               - isManualResizeEnabled: false
09:30:28.216 [FXGL Background Thread 3 ] DEBUG Engine               - isMobile: false
09:30:28.217 [FXGL Background Thread 3 ] DEBUG Engine               - isPreserveResizeRatio: false
09:30:28.217 [FXGL Background Thread 3 ] DEBUG Engine               - isProfilingEnabled: false
09:30:28.217 [FXGL Background Thread 3 ] DEBUG Engine               - isScaleAffectedOnResize: true
09:30:28.217 [FXGL Background Thread 3 ] DEBUG Engine               - isSingleStep: false
09:30:28.217 [FXGL Background Thread 3 ] DEBUG Engine               - isUserProfileEnabled: false
09:30:28.217 [FXGL Background Thread 3 ] DEBUG Engine               - isWindows: false
09:30:28.218 [FXGL Background Thread 3 ] DEBUG Engine               - language: ObjectProperty [value: ENGLISH]
09:30:28.218 [FXGL Background Thread 3 ] DEBUG Engine               - menuKey: ESCAPE
09:30:28.218 [FXGL Background Thread 3 ] DEBUG Engine               - notificationViewClass: class com.almasb.fxgl.notification.view.XboxNotificationView
09:30:28.219 [FXGL Background Thread 3 ] DEBUG Engine               - pixelsPerMeter: 50.0
09:30:28.220 [FXGL Background Thread 3 ] DEBUG Engine               - platform: MAC
09:30:28.220 [FXGL Background Thread 3 ] DEBUG Engine               - prefHeightProperty: ReadOnlyDoubleProperty [value: 700.0]
09:30:28.220 [FXGL Background Thread 3 ] DEBUG Engine               - prefWidthProperty: ReadOnlyDoubleProperty [value: 1050.0]
09:30:28.220 [FXGL Background Thread 3 ] DEBUG Engine               - profileDir: profiles/
09:30:28.221 [FXGL Background Thread 3 ] DEBUG Engine               - profileName: StringProperty [value: DEFAULT]
09:30:28.221 [FXGL Background Thread 3 ] DEBUG Engine               - randomSeed: -1
09:30:28.221 [FXGL Background Thread 3 ] DEBUG Engine               - runtimeInfo: RuntimeInfo(platform=MAC, version=11.14, build=01.03.2021 16.59)
09:30:28.221 [FXGL Background Thread 3 ] DEBUG Engine               - saveFileExt: sav
09:30:28.222 [FXGL Background Thread 3 ] DEBUG Engine               - scaledHeightProp$fxgl: DoubleProperty [bound, value: 700.0]
09:30:28.222 [FXGL Background Thread 3 ] DEBUG Engine               - scaledWidthProp$fxgl: DoubleProperty [bound, value: 1050.0]
09:30:28.222 [FXGL Background Thread 3 ] DEBUG Engine               - sceneFactory: NerdvsVirus.Game$1@6d700f6b
09:30:28.222 [FXGL Background Thread 3 ] DEBUG Engine               - secondsIn24h: 60
09:30:28.222 [FXGL Background Thread 3 ] DEBUG Engine               - soundMenuBack: menu/back.wav
09:30:28.223 [FXGL Background Thread 3 ] DEBUG Engine               - soundMenuPress: menu/press.wav
09:30:28.223 [FXGL Background Thread 3 ] DEBUG Engine               - soundMenuSelect: menu/select.wav
09:30:28.223 [FXGL Background Thread 3 ] DEBUG Engine               - soundNotification: core/notification.wav
09:30:28.223 [FXGL Background Thread 3 ] DEBUG Engine               - stageStyle: DECORATED
09:30:28.223 [FXGL Background Thread 3 ] DEBUG Engine               - supportedLanguages: [ENGLISH, FRENCH, GERMAN, HUNGARIAN, RUSSIAN]
09:30:28.224 [FXGL Background Thread 3 ] DEBUG Engine               - ticksPerSecond: -1
09:30:28.224 [FXGL Background Thread 3 ] DEBUG Engine               - title: Nerds VS Virus
09:30:28.224 [FXGL Background Thread 3 ] DEBUG Engine               - urlGithub: https://github.com/AlmasB/FXGL
09:30:28.224 [FXGL Background Thread 3 ] DEBUG Engine               - urlLeaderboard: http://fxgl-top.herokuapp.com/
09:30:28.224 [FXGL Background Thread 3 ] DEBUG Engine               - urlPOM: https://raw.githubusercontent.com/AlmasB/FXGL/release/README.md
09:30:28.224 [FXGL Background Thread 3 ] DEBUG Engine               - userAppClass: class NerdvsVirus.Game
09:30:28.224 [FXGL Background Thread 3 ] DEBUG Engine               - version: 0.0
09:30:28.225 [FXGL Background Thread 3 ] DEBUG Engine               - versionCheckDays: 7
09:30:28.225 [FXGL Background Thread 3 ] DEBUG Engine               - width: 1050
09:30:28.225 [FXGL Background Thread 3 ] DEBUG Engine               - Logging services
09:30:28.225 [FXGL Background Thread 3 ] DEBUG Engine               - class com.almasb.fxgl.app.services.FXGLAssetLoaderService
09:30:28.225 [FXGL Background Thread 3 ] DEBUG Engine               - class com.almasb.fxgl.app.FXGLApplication$GameApplicationService
09:30:28.226 [FXGL Background Thread 3 ] DEBUG Engine               - class com.almasb.fxgl.app.services.FXGLDialogService
09:30:28.226 [FXGL Background Thread 3 ] DEBUG Engine               - class com.almasb.fxgl.app.services.IOTaskExecutorService
09:30:28.226 [FXGL Background Thread 3 ] DEBUG Engine               - class com.almasb.fxgl.event.EventBusService
09:30:28.226 [FXGL Background Thread 3 ] DEBUG Engine               - class com.almasb.fxgl.io.FileSystemService
09:30:28.226 [FXGL Background Thread 3 ] DEBUG Engine               - class com.almasb.fxgl.localization.LocalizationService
09:30:28.227 [FXGL Background Thread 3 ] DEBUG Engine               - class com.almasb.fxgl.app.services.SystemBundleService
09:30:28.227 [FXGL Background Thread 3 ] DEBUG Engine               - class com.almasb.fxgl.profile.SaveLoadService
09:30:28.227 [FXGL Background Thread 3 ] DEBUG Engine               - class com.almasb.fxgl.ui.FXGLUIFactoryServiceProvider
09:30:28.227 [FXGL Background Thread 3 ] DEBUG Engine               - class com.almasb.fxgl.ui.FXGLDialogFactoryServiceProvider
09:30:28.229 [FXGL Background Thread 3 ] DEBUG Engine               - class com.almasb.fxgl.audio.AudioPlayer
09:30:28.229 [FXGL Background Thread 3 ] DEBUG Engine               - class com.almasb.fxgl.notification.impl.NotificationServiceProvider
09:30:28.229 [FXGL Background Thread 3 ] DEBUG Engine               - class com.almasb.fxgl.achievement.AchievementService
09:30:28.229 [FXGL Background Thread 3 ] DEBUG Engine               - class com.almasb.fxgl.cutscene.CutsceneService
09:30:28.230 [FXGL Background Thread 3 ] DEBUG Engine               - class com.almasb.fxgl.minigames.MiniGameService
09:30:28.230 [FXGL Background Thread 3 ] DEBUG Engine               - class com.almasb.fxgl.net.NetService
09:30:28.230 [FXGL Background Thread 3 ] DEBUG Engine               - class com.almasb.fxgl.app.services.UpdaterService
09:30:28.230 [FXGL Background Thread 3 ] DEBUG Engine               - class com.almasb.fxgl.dev.DevService
09:30:33.598 [JavaFX Application Thread] DEBUG Menu                 - fireNewGame()
09:30:33.598 [JavaFX Application Thread] DEBUG GameApplicationServi - Starting new game
09:30:33.599 [JavaFX Application Thread] DEBUG PrimaryStageWindow   - Pop state: MainMenu
09:30:33.599 [JavaFX Application Thread] DEBUG Input                - Clearing active input actions
09:30:33.600 [JavaFX Application Thread] DEBUG GameApplicationServi - Removing overlay from MainMenu and adding to FXGLMainMenuDummyScene
09:30:33.601 [JavaFX Application Thread] DEBUG PrimaryStageWindow   - FXGLMainMenuDummyScene <- MainMenu
09:30:33.601 [JavaFX Application Thread] DEBUG Input                - Clearing active input actions
09:30:33.614 [JavaFX Application Thread] DEBUG GameApplicationServi - Removing overlay from FXGLMainMenuDummyScene and adding to FXGLLoadingScene
09:30:33.615 [JavaFX Application Thread] DEBUG PrimaryStageWindow   - FXGLMainMenuDummyScene -> FXGLLoadingScene
09:30:33.615 [JavaFX Application Thread] DEBUG GameApplicationServi - Clearing previous game
09:30:33.616 [JavaFX Application Thread] DEBUG GameScene            - Clearing game scene
09:30:33.616 [JavaFX Application Thread] DEBUG GameWorld            - Clearing game world
09:30:33.616 [JavaFX Application Thread] DEBUG PhysicsWorld         - Clearing physics world
09:30:33.618 [FXGL Background Thread 2 ] DEBUG FXGLApplication      - Initializing game
09:30:33.646 [FXGL Background Thread 2 ] DEBUG FXGLAssetLoaderServi - Loading from file system: file:/Users/chalitandunu/Desktop/the%20void/HS/Jaar%201/Periode%203/IPOSE/nerdsvsthevirus/target/classes/assets/textures/bg1.jpg
09:30:33.768 [FXGL Background Thread 2 ] WARN  TMXLevelLoader       - TiledMap generated from 1.5.0. Supported version: 1.2.3. Some features may not be parsed fully.
09:30:33.789 [FXGL Background Thread 2 ] DEBUG TMXLevelLoader       - Parsed raw map: TiledMap(width=30, height=10, tilewidth=70, tileheight=70, orientation=orthogonal, layers=[Layer(width=30, height=10, name=Bottom, type=tilelayer, visible=false, x=0, y=0, data=[0, 0, 0, 0, 0, 0, 0, 0, 0, 0, 0, 0, 0, 0, 0, 0, 0, 0, 0, 0, 0, 0, 0, 0, 0, 0, 0, 0, 0, 0, 0, 0, 0, 0, 0, 0, 0, 0, 0, 0, 0, 0, 0, 0, 0, 0, 0, 0, 0, 0, 0, 0, 0, 0, 0, 0, 0, 0, 0, 0, 0, 0, 0, 0, 0, 0, 0, 0, 0, 0, 0, 0, 0, 0, 0, 0, 0, 0, 0, 0, 0, 0, 0, 0, 0, 0, 0, 0, 0, 0, 0, 0, 0, 0, 0, 0, 0, 0, 0, 0, 0, 0, 0, 0, 0, 0, 0, 0, 0, 0, 0, 0, 0, 0, 0, 0, 0, 0, 0, 0, 0, 0, 0, 0, 0, 0, 0, 0, 0, 0, 0, 0, 0, 0, 0, 0, 0, 0, 0, 0, 0, 0, 0, 0, 0, 0, 0, 0, 0, 0, 0, 0, 0, 0, 0, 0, 0, 0, 0, 0, 0, 206, 205, 206, 0, 0, 0, 0, 0, 0, 0, 0, 0, 0, 0, 0, 0, 0, 0, 0, 0, 0, 0, 0, 0, 0, 0, 205, 206, 207, 0, 0, 0, 0, 0, 0, 0, 0, 0, 0, 0, 0, 0, 0, 0, 0, 0, 0, 0, 0, 0, 0, 0, 0, 206, 205, 0, 0, 0, 0, 0, 0, 0, 0, 0, 0, 0, 0, 0, 0, 0, 0, 0, 0, 0, 0, 0, 0, 0, 0, 0, 263, 0, 203, 0, 0, 0, 0, 0, 0, 0, 243, 244, 245, 0, 0, 0, 0, 0, 0, 0, 0, 0, 0, 0, 0, 0, 0, 0, 0, 185, 185, 185, 185, 185, 185, 185, 185, 185, 185, 185, 185, 185, 185, 185, 185, 0, 0, 185, 185, 185, 0, 0, 185, 185, 185, 185, 185, 185, 185], objects=[], opacity=0.0, draworder=), Layer(width=30, height=10, name=overlay, type=tilelayer, visible=false, x=0, y=0, data=[213, 185, 185, 185, 185, 185, 185, 185, 185, 185, 185, 227, 185, 185, 185, 185, 213, 0, 0, 0, 0, 0, 0, 0, 0, 0, 0, 0, 0, 0, 0, 0, 0, 0, 0, 0, 0, 0, 0, 0, 0, 241, 0, 0, 0, 0, 0, 0, 0, 0, 0, 0, 0, 0, 0, 0, 0, 0, 0, 0, 0, 0, 0, 0, 0, 0, 0, 0, 0, 0, 0, 255, 0, 0, 0, 0, 0, 0, 0, 0, 0, 0, 0, 0, 0, 0, 0, 0, 0, 0, 0, 0, 0, 0, 0, 0, 0, 0, 0, 0, 0, 0, 0, 0, 0, 0, 0, 0, 0, 0, 0, 0, 0, 0, 0, 0, 0, 0, 0, 0, 0, 0, 0, 0, 0, 0, 0, 0, 0, 0, 0, 0, 0, 0, 0, 0, 0, 0, 0, 0, 0, 0, 0, 0, 0, 0, 0, 0, 0, 0, 0, 0, 0, 0, 0, 0, 0, 0, 0, 0, 0, 215, 216, 217, 0, 0, 0, 0, 0, 0, 0, 0, 0, 0, 0, 0, 0, 0, 0, 0, 0, 0, 0, 0, 0, 0, 0, 0, 0, 0, 0, 0, 0, 0, 0, 0, 0, 0, 0, 0, 0, 0, 0, 0, 0, 0, 0, 0, 0, 0, 0, 0, 0, 189, 0, 0, 0, 0, 0, 0, 0, 0, 0, 226, 0, 0, 0, 0, 0, 0, 0, 0, 0, 0, 0, 0, 0, 0, 46, 0, 0, 0, 0, 0, 0, 0, 0, 0, 0, 0, 0, 0, 0, 0, 0, 0, 0, 0, 0, 0, 0, 0, 0, 0, 0, 0, 226, 0, 58, 0, 0, 0, 0, 0, 0, 0, 0, 0, 0, 0, 0, 0, 0, 0, 0, 0, 224, 224, 0, 0, 0, 224, 224, 0, 0, 0, 0, 0, 0, 0], objects=[], opacity=0.0, draworder=), Layer(width=0, height=0, name=Objectlaag 1, type=objectgroup, visible=false, x=0, y=0, data=[], objects=[com.almasb.fxgl.entity.level.tiled.TiledObject@5d4d1135, com.almasb.fxgl.entity.level.tiled.TiledObject@7dd2a56b, com.almasb.fxgl.entity.level.tiled.TiledObject@454d9fb3, com.almasb.fxgl.entity.level.tiled.TiledObject@4560c321, com.almasb.fxgl.entity.level.tiled.TiledObject@7011a601, com.almasb.fxgl.entity.level.tiled.TiledObject@1880ac95, com.almasb.fxgl.entity.level.tiled.TiledObject@31991831, com.almasb.fxgl.entity.level.tiled.TiledObject@7223bce8, com.almasb.fxgl.entity.level.tiled.TiledObject@fff3d03, com.almasb.fxgl.entity.level.tiled.TiledObject@1206cc6d, com.almasb.fxgl.entity.level.tiled.TiledObject@6b27168c, com.almasb.fxgl.entity.level.tiled.TiledObject@48c33fc, com.almasb.fxgl.entity.level.tiled.TiledObject@72ed114b, com.almasb.fxgl.entity.level.tiled.TiledObject@562ccedf, com.almasb.fxgl.entity.level.tiled.TiledObject@56c21e0, com.almasb.fxgl.entity.level.tiled.TiledObject@609af162, com.almasb.fxgl.entity.level.tiled.TiledObject@7a67d373, com.almasb.fxgl.entity.level.tiled.TiledObject@4a0da0d6, com.almasb.fxgl.entity.level.tiled.TiledObject@2e8afb56, com.almasb.fxgl.entity.level.tiled.TiledObject@192c0e04], opacity=0.0, draworder=)], tilesets=[Tileset(firstgid=1, image=../../../../../../../Eigen test/src/main/resources/assets/levels/tiles_spritesheet.png, name=tiles_spritesheet, tilewidth=70, tileheight=70, imagewidth=914, imageheight=936, margin=0, spacing=2, columns=12, tilecount=156, transparentcolor=, tiles=[]), Tileset(firstgid=157, image=../../../../../../../Eigen test/src/main/resources/assets/levels/platformerPack_industrial_tilesheet.png, name=_industrial, tilewidth=70, tileheight=70, imagewidth=980, imageheight=560, margin=0, spacing=0, columns=14, tilecount=112, transparentcolor=, tiles=[])], backgroundcolor=, renderorder=right-down, nextobjectid=29, version=1, tiledversion=1.5.0, type=map, infinite=false, hexsidelength=0, staggeraxis=, staggerindex=, properties={}, propertytypes={})
09:30:33.790 [FXGL Background Thread 2 ] DEBUG TMXLevelLoader       - Creating tile layer entities
09:30:33.791 [FXGL Background Thread 2 ] DEBUG TilesetLoader        - Loading view for layer Bottom
09:30:33.792 [FXGL Background Thread 2 ] DEBUG TilesetLoader        - Created buffer with size 2100.0x700.0
09:30:33.812 [FXGL Background Thread 2 ] DEBUG TilesetLoader        - Writing to buffer: dst=770,350, w=70,h=70, src=490,210
09:30:33.812 [FXGL Background Thread 2 ] DEBUG TilesetLoader        - Writing to buffer: dst=840,350, w=70,h=70, src=420,210
09:30:33.813 [FXGL Background Thread 2 ] DEBUG TilesetLoader        - Writing to buffer: dst=910,350, w=70,h=70, src=490,210
09:30:33.813 [FXGL Background Thread 2 ] DEBUG TilesetLoader        - Writing to buffer: dst=490,420, w=70,h=70, src=420,210
09:30:33.814 [FXGL Background Thread 2 ] DEBUG TilesetLoader        - Writing to buffer: dst=560,420, w=70,h=70, src=490,210
09:30:33.814 [FXGL Background Thread 2 ] DEBUG TilesetLoader        - Writing to buffer: dst=630,420, w=70,h=70, src=560,210
09:30:33.815 [FXGL Background Thread 2 ] DEBUG TilesetLoader        - Writing to buffer: dst=280,490, w=70,h=70, src=490,210
09:30:33.815 [FXGL Background Thread 2 ] DEBUG TilesetLoader        - Writing to buffer: dst=350,490, w=70,h=70, src=420,210
09:30:33.815 [FXGL Background Thread 2 ] DEBUG TilesetLoader        - Writing to buffer: dst=70,560, w=70,h=70, src=560,490
09:30:33.815 [FXGL Background Thread 2 ] DEBUG TilesetLoader        - Writing to buffer: dst=210,560, w=70,h=70, src=280,210
09:30:33.816 [FXGL Background Thread 2 ] DEBUG TilesetLoader        - Writing to buffer: dst=770,560, w=70,h=70, src=140,420
09:30:33.816 [FXGL Background Thread 2 ] DEBUG TilesetLoader        - Writing to buffer: dst=840,560, w=70,h=70, src=210,420
09:30:33.816 [FXGL Background Thread 2 ] DEBUG TilesetLoader        - Writing to buffer: dst=910,560, w=70,h=70, src=280,420
09:30:33.816 [FXGL Background Thread 2 ] DEBUG TilesetLoader        - Writing to buffer: dst=0,630, w=70,h=70, src=0,140
09:30:33.817 [FXGL Background Thread 2 ] DEBUG TilesetLoader        - Writing to buffer: dst=70,630, w=70,h=70, src=0,140
09:30:33.817 [FXGL Background Thread 2 ] DEBUG TilesetLoader        - Writing to buffer: dst=140,630, w=70,h=70, src=0,140
09:30:33.817 [FXGL Background Thread 2 ] DEBUG TilesetLoader        - Writing to buffer: dst=210,630, w=70,h=70, src=0,140
09:30:33.817 [FXGL Background Thread 2 ] DEBUG TilesetLoader        - Writing to buffer: dst=280,630, w=70,h=70, src=0,140
09:30:33.818 [FXGL Background Thread 2 ] DEBUG TilesetLoader        - Writing to buffer: dst=350,630, w=70,h=70, src=0,140
09:30:33.818 [FXGL Background Thread 2 ] DEBUG TilesetLoader        - Writing to buffer: dst=420,630, w=70,h=70, src=0,140
09:30:33.818 [FXGL Background Thread 2 ] DEBUG TilesetLoader        - Writing to buffer: dst=490,630, w=70,h=70, src=0,140
09:30:33.819 [FXGL Background Thread 2 ] DEBUG TilesetLoader        - Writing to buffer: dst=560,630, w=70,h=70, src=0,140
09:30:33.819 [FXGL Background Thread 2 ] DEBUG TilesetLoader        - Writing to buffer: dst=630,630, w=70,h=70, src=0,140
09:30:33.819 [FXGL Background Thread 2 ] DEBUG TilesetLoader        - Writing to buffer: dst=700,630, w=70,h=70, src=0,140
09:30:33.819 [FXGL Background Thread 2 ] DEBUG TilesetLoader        - Writing to buffer: dst=770,630, w=70,h=70, src=0,140
09:30:33.820 [FXGL Background Thread 2 ] DEBUG TilesetLoader        - Writing to buffer: dst=840,630, w=70,h=70, src=0,140
09:30:33.820 [FXGL Background Thread 2 ] DEBUG TilesetLoader        - Writing to buffer: dst=910,630, w=70,h=70, src=0,140
09:30:33.820 [FXGL Background Thread 2 ] DEBUG TilesetLoader        - Writing to buffer: dst=980,630, w=70,h=70, src=0,140
09:30:33.821 [FXGL Background Thread 2 ] DEBUG TilesetLoader        - Writing to buffer: dst=1050,630, w=70,h=70, src=0,140
09:30:33.821 [FXGL Background Thread 2 ] DEBUG TilesetLoader        - Writing to buffer: dst=1260,630, w=70,h=70, src=0,140
09:30:33.821 [FXGL Background Thread 2 ] DEBUG TilesetLoader        - Writing to buffer: dst=1330,630, w=70,h=70, src=0,140
09:30:33.822 [FXGL Background Thread 2 ] DEBUG TilesetLoader        - Writing to buffer: dst=1400,630, w=70,h=70, src=0,140
09:30:33.822 [FXGL Background Thread 2 ] DEBUG TilesetLoader        - Writing to buffer: dst=1610,630, w=70,h=70, src=0,140
09:30:33.822 [FXGL Background Thread 2 ] DEBUG TilesetLoader        - Writing to buffer: dst=1680,630, w=70,h=70, src=0,140
09:30:33.822 [FXGL Background Thread 2 ] DEBUG TilesetLoader        - Writing to buffer: dst=1750,630, w=70,h=70, src=0,140
09:30:33.822 [FXGL Background Thread 2 ] DEBUG TilesetLoader        - Writing to buffer: dst=1820,630, w=70,h=70, src=0,140
09:30:33.823 [FXGL Background Thread 2 ] DEBUG TilesetLoader        - Writing to buffer: dst=1890,630, w=70,h=70, src=0,140
09:30:33.823 [FXGL Background Thread 2 ] DEBUG TilesetLoader        - Writing to buffer: dst=1960,630, w=70,h=70, src=0,140
09:30:33.823 [FXGL Background Thread 2 ] DEBUG TilesetLoader        - Writing to buffer: dst=2030,630, w=70,h=70, src=0,140
09:30:33.824 [FXGL Background Thread 2 ] DEBUG TilesetLoader        - Loading view for layer overlay
09:30:33.831 [FXGL Background Thread 2 ] DEBUG TilesetLoader        - Created buffer with size 2100.0x700.0
09:30:33.832 [FXGL Background Thread 2 ] DEBUG TilesetLoader        - Writing to buffer: dst=0,0, w=70,h=70, src=0,280
09:30:33.832 [FXGL Background Thread 2 ] DEBUG TilesetLoader        - Writing to buffer: dst=70,0, w=70,h=70, src=0,140
09:30:33.832 [FXGL Background Thread 2 ] DEBUG TilesetLoader        - Writing to buffer: dst=140,0, w=70,h=70, src=0,140
09:30:33.832 [FXGL Background Thread 2 ] DEBUG TilesetLoader        - Writing to buffer: dst=210,0, w=70,h=70, src=0,140
09:30:33.832 [FXGL Background Thread 2 ] DEBUG TilesetLoader        - Writing to buffer: dst=280,0, w=70,h=70, src=0,140
09:30:33.833 [FXGL Background Thread 2 ] DEBUG TilesetLoader        - Writing to buffer: dst=350,0, w=70,h=70, src=0,140
09:30:33.833 [FXGL Background Thread 2 ] DEBUG TilesetLoader        - Writing to buffer: dst=420,0, w=70,h=70, src=0,140
09:30:33.833 [FXGL Background Thread 2 ] DEBUG TilesetLoader        - Writing to buffer: dst=490,0, w=70,h=70, src=0,140
09:30:33.833 [FXGL Background Thread 2 ] DEBUG TilesetLoader        - Writing to buffer: dst=560,0, w=70,h=70, src=0,140
09:30:33.833 [FXGL Background Thread 2 ] DEBUG TilesetLoader        - Writing to buffer: dst=630,0, w=70,h=70, src=0,140
09:30:33.834 [FXGL Background Thread 2 ] DEBUG TilesetLoader        - Writing to buffer: dst=700,0, w=70,h=70, src=0,140
09:30:33.834 [FXGL Background Thread 2 ] DEBUG TilesetLoader        - Writing to buffer: dst=770,0, w=70,h=70, src=0,350
09:30:33.834 [FXGL Background Thread 2 ] DEBUG TilesetLoader        - Writing to buffer: dst=840,0, w=70,h=70, src=0,140
09:30:33.834 [FXGL Background Thread 2 ] DEBUG TilesetLoader        - Writing to buffer: dst=910,0, w=70,h=70, src=0,140
09:30:33.838 [FXGL Background Thread 2 ] DEBUG TilesetLoader        - Writing to buffer: dst=980,0, w=70,h=70, src=0,140
09:30:33.839 [FXGL Background Thread 2 ] DEBUG TilesetLoader        - Writing to buffer: dst=1050,0, w=70,h=70, src=0,140
09:30:33.839 [FXGL Background Thread 2 ] DEBUG TilesetLoader        - Writing to buffer: dst=1120,0, w=70,h=70, src=0,280
09:30:33.840 [FXGL Background Thread 2 ] DEBUG TilesetLoader        - Writing to buffer: dst=770,70, w=70,h=70, src=0,420
09:30:33.840 [FXGL Background Thread 2 ] DEBUG TilesetLoader        - Writing to buffer: dst=770,140, w=70,h=70, src=0,490
09:30:33.840 [FXGL Background Thread 2 ] DEBUG TilesetLoader        - Writing to buffer: dst=770,350, w=70,h=70, src=140,280
09:30:33.840 [FXGL Background Thread 2 ] DEBUG TilesetLoader        - Writing to buffer: dst=840,350, w=70,h=70, src=210,280
09:30:33.841 [FXGL Background Thread 2 ] DEBUG TilesetLoader        - Writing to buffer: dst=910,350, w=70,h=70, src=280,280
09:30:33.841 [FXGL Background Thread 2 ] DEBUG TilesetLoader        - Writing to buffer: dst=210,490, w=70,h=70, src=280,140
09:30:33.841 [FXGL Background Thread 2 ] DEBUG TilesetLoader        - Writing to buffer: dst=910,490, w=70,h=70, src=910,280
09:30:33.874 [FXGL Background Thread 2 ] DEBUG TilesetLoader        - Writing to buffer: dst=1960,490, w=70,h=70, src=648,216
09:30:33.875 [FXGL Background Thread 2 ] DEBUG TilesetLoader        - Writing to buffer: dst=1820,560, w=70,h=70, src=910,280
09:30:33.875 [FXGL Background Thread 2 ] DEBUG TilesetLoader        - Writing to buffer: dst=1960,560, w=70,h=70, src=648,288
09:30:33.876 [FXGL Background Thread 2 ] DEBUG TilesetLoader        - Writing to buffer: dst=1120,630, w=70,h=70, src=770,280
09:30:33.876 [FXGL Background Thread 2 ] DEBUG TilesetLoader        - Writing to buffer: dst=1190,630, w=70,h=70, src=770,280
09:30:33.876 [FXGL Background Thread 2 ] DEBUG TilesetLoader        - Writing to buffer: dst=1470,630, w=70,h=70, src=770,280
09:30:33.876 [FXGL Background Thread 2 ] DEBUG TilesetLoader        - Writing to buffer: dst=1540,630, w=70,h=70, src=770,280
09:30:33.885 [FXGL Background Thread 2 ] DEBUG TMXLevelLoader       - Creating object layer entities
09:30:33.907 [FXGL Background Thread 2 ] DEBUG FXGLAssetLoaderServi - Loading from file system: file:/Users/chalitandunu/Desktop/the%20void/HS/Jaar%201/Periode%203/IPOSE/nerdsvsthevirus/target/classes/assets/textures/spuit2.png
09:30:33.919 [FXGL Background Thread 2 ] DEBUG FXGLAssetLoaderServi - Loading from file system: file:/Users/chalitandunu/Desktop/the%20void/HS/Jaar%201/Periode%203/IPOSE/nerdsvsthevirus/target/classes/assets/textures/bacteria.png
09:30:33.933 [FXGL Background Thread 2 ] DEBUG GameWorld            - Clearing removable entities
09:30:33.934 [FXGL Background Thread 2 ] DEBUG GameWorld            - Setting level: com.almasb.fxgl.entity.level.Level@4a739a2b
09:30:33.948 [FXGL Background Thread 2 ] DEBUG FXGLAssetLoaderServi - Loading from file system: file:/Users/chalitandunu/Desktop/the%20void/HS/Jaar%201/Periode%203/IPOSE/nerdsvsthevirus/target/classes/assets/textures/nerd.png
09:30:33.966 [FXGL Background Thread 2 ] DEBUG FXGLAssetLoaderServi - Loading from file system: file:/Users/chalitandunu/Desktop/the%20void/HS/Jaar%201/Periode%203/IPOSE/nerdsvsthevirus/target/classes/assets/textures/hart.png
09:30:33.980 [FXGL Background Thread 2 ] INFO  FXGLApplication      - Game initialization took: 0.361 sec
09:30:33.982 [JavaFX Application Thread] DEBUG Input                - Clearing active input actions
09:30:33.994 [JavaFX Application Thread] DEBUG GameApplicationServi - Removing overlay from FXGLLoadingScene and adding to GameScene
09:30:33.994 [JavaFX Application Thread] DEBUG PrimaryStageWindow   - FXGLLoadingScene -> GameScene
09:31:03.009 [JavaFX Application Thread] DEBUG FXGLApplication      - Exiting FXGL
09:31:03.010 [JavaFX Application Thread] DEBUG LoopRunner           - Stopping loop
09:31:03.010 [JavaFX Application Thread] DEBUG SystemBundleService  - Saving FXGL system data
09:31:03.020 [JavaFX Application Thread] DEBUG FileSystemAccess     - Writing to: /Users/chalitandunu/Desktop/the void/HS/Jaar 1/Periode 3/IPOSE/nerdsvsthevirus/system/fxgl.bundle
09:31:03.022 [JavaFX Application Thread] DEBUG Async                - Shutting down background threads
09:31:03.022 [JavaFX Application Thread] DEBUG PrimaryStageWindow   - Closing main window
09:31:03.032 [JavaFX Application Thread] DEBUG Logger               - Closing Logger
