20:59:04.008 [main                     ] DEBUG Logger               - Configured Logger
20:59:04.057 [main                     ] DEBUG GameApplication      - Logging settings
Title: Nerds VS Virus
Version: 0.0
Width: 1200
Height: 800
Fullscreen: false
Intro: false
Profiling: false
Single step:false
App Mode: DEVELOPER
Menu Key: ESCAPE
Stage Style: DECORATED
Scene Factory: class Game$1

20:59:04.605 [JavaFX Application Thread] DEBUG FXGLApplication      - Initializing FXGL
20:59:04.608 [JavaFX Application Thread] INFO  Engine               - FXGL-11.14 (01.03.2021 16.59) on MAC (J:15.0.1 FX:15)
20:59:04.609 [JavaFX Application Thread] DEBUG Engine               - JRE Vendor Name: Oracle Corporation
20:59:04.609 [JavaFX Application Thread] DEBUG Engine               - Running on OS: Mac OS X version 10.16
20:59:04.610 [JavaFX Application Thread] DEBUG Engine               - Architecture: x86_64
20:59:04.610 [JavaFX Application Thread] INFO  Engine               - Source code and latest versions at: https://github.com/AlmasB/FXGL
20:59:04.610 [JavaFX Application Thread] INFO  Engine               -              Join the FXGL chat at: https://gitter.im/AlmasB/FXGL
20:59:04.794 [JavaFX Application Thread] DEBUG PrimaryStageWindow   - Creating a JavaFX scene
20:59:04.900 [JavaFX Application Thread] DEBUG PrimaryStageWindow   - Target settings size: 1200.0 x 800.0
20:59:04.901 [JavaFX Application Thread] DEBUG PrimaryStageWindow   - Scaled scene size:    1200.0 x 800.0
20:59:04.901 [JavaFX Application Thread] DEBUG PrimaryStageWindow   - Scaled ratio: (1.0, 1.0)
20:59:04.902 [JavaFX Application Thread] DEBUG PrimaryStageWindow   - Set initial scene to FXGLStartupScene
20:59:04.962 [JavaFX Application Thread] DEBUG PrimaryStageWindow   - Opening main window
20:59:05.099 [JavaFX Application Thread] DEBUG PrimaryStageWindow   - Window border size: (0.0, 28.0)
20:59:05.099 [JavaFX Application Thread] DEBUG PrimaryStageWindow   - Scaled size: 1200.0 x 800.0
20:59:05.100 [JavaFX Application Thread] DEBUG PrimaryStageWindow   - Scaled ratio: (1.0, 1.0)
20:59:05.100 [JavaFX Application Thread] DEBUG PrimaryStageWindow   - Scene size: 1200.0 x 800.0
20:59:05.100 [JavaFX Application Thread] DEBUG PrimaryStageWindow   - Stage size: 1200.0 x 828.0
20:59:05.108 [FXGL Background Thread 1 ] DEBUG Engine               - Initializing environment variables
20:59:05.167 [FXGL Background Thread 1 ] DEBUG FXGLAssetLoaderServi - User app class for loading assets: class Game
20:59:05.168 [FXGL Background Thread 1 ] DEBUG GameApplicationServi - Applying CSS: fxgl_dark.css
20:59:05.169 [FXGL Background Thread 1 ] DEBUG FXGLAssetLoaderServi - Loading from file system: jar:file:/Users/chalitandunu/.m2/repository/com/github/almasb/fxgl/11.14/fxgl-11.14.jar!/fxglassets/ui/css/fxgl_dark.css
20:59:05.317 [FXGL Background Thread 1 ] DEBUG GameApplicationServi - Initializing application scenes
20:59:06.138 [FXGL Background Thread 1 ] DEBUG GameWorld            - Game world initialized
20:59:06.224 [FXGL Background Thread 1 ] DEBUG PhysicsWorld         - Physics world initialized: appHeight=800, physics.ppm=50.0
20:59:06.225 [FXGL Background Thread 1 ] DEBUG PhysicsWorld         - Using strategy: BRUTE_FORCE
20:59:06.228 [FXGL Background Thread 1 ] DEBUG GameScene            - Game scene initialized: 1200x800
20:59:06.300 [FXGL Background Thread 1 ] DEBUG FXGLAssetLoaderServi - Loading from file system: jar:file:/Users/chalitandunu/.m2/repository/com/github/almasb/fxgl/11.14/fxgl-11.14.jar!/fxglassets/textures/particles/trace_horizontal.png
20:59:06.393 [FXGL Background Thread 1 ] DEBUG FXGL.DefaultMenu     - createMenuBodyGameMenu()
20:59:06.428 [FXGL Background Thread 1 ] DEBUG FXGL.DefaultMenu     - createOptionsMenu()
20:59:06.438 [FXGL Background Thread 1 ] DEBUG FXGLAssetLoaderServi - Loading from file system: jar:file:/Users/chalitandunu/.m2/repository/com/github/almasb/fxgl/11.14/fxgl-11.14.jar!/fxglassets/textures/particles/smoke.png
20:59:06.518 [FXGL Background Thread 1 ] DEBUG GameApplicationServi - Application scenes initialized
20:59:06.533 [FXGL Background Thread 1 ] DEBUG SystemBundleService  - Loading FXGL system data
20:59:06.537 [FXGL Background Thread 1 ] DEBUG FileSystemAccess     - Reading from: /Users/chalitandunu/Desktop/the void/HS/Jaar 1/Periode 3/IPOSE/nerdsvsthevirus/system/fxgl.bundle
20:59:06.545 [FXGL Background Thread 1 ] DEBUG SystemBundleService  - Bundle FXGL: {}
20:59:06.546 [FXGL Background Thread 1 ] DEBUG UpdaterService       - Checking for updates
20:59:06.552 [FXGL Background Thread 4 ] DEBUG FXGLApplication      - Loading fonts
20:59:06.553 [FXGL Background Thread 4 ] DEBUG FXGLAssetLoaderServi - Loading from file system: jar:file:/Users/chalitandunu/.m2/repository/com/github/almasb/fxgl/11.14/fxgl-11.14.jar!/fxglassets/ui/fonts/VarelaRound-Regular.ttf
20:59:06.557 [FXGL Background Thread 1 ] DEBUG FXGLApplication      - Loading default localization
20:59:06.564 [FXGL Background Thread 1 ] DEBUG FXGLAssetLoaderServi - Loading from file system: jar:file:/Users/chalitandunu/.m2/repository/com/github/almasb/fxgl/11.14/fxgl-11.14.jar!/fxglassets/languages/english.lang
20:59:06.582 [FXGL Background Thread 4 ] DEBUG FXGLAssetLoaderServi - Loading from file system: jar:file:/Users/chalitandunu/.m2/repository/com/github/almasb/fxgl/11.14/fxgl-11.14.jar!/fxglassets/ui/fonts/Abel-Regular.ttf
20:59:06.589 [FXGL Background Thread 4 ] DEBUG FXGLAssetLoaderServi - Loading from file system: jar:file:/Users/chalitandunu/.m2/repository/com/github/almasb/fxgl/11.14/fxgl-11.14.jar!/fxglassets/ui/fonts/lucida_console.ttf
20:59:06.595 [FXGL Background Thread 4 ] DEBUG FXGLAssetLoaderServi - Loading from file system: jar:file:/Users/chalitandunu/.m2/repository/com/github/almasb/fxgl/11.14/fxgl-11.14.jar!/fxglassets/ui/fonts/Courier-Prime.ttf
20:59:06.598 [FXGL Background Thread 1 ] INFO  FXGLApplication      - FXGL initialization took: 1.490 sec
20:59:06.613 [JavaFX Application Thread] DEBUG Input                - Registered new binding: action0 - D
20:59:06.613 [JavaFX Application Thread] DEBUG Input                - Registered new binding: action1 - A
20:59:06.614 [JavaFX Application Thread] DEBUG FXGLAssetLoaderServi - Loading from file system: jar:file:/Users/chalitandunu/.m2/repository/com/github/almasb/fxgl/11.14/fxgl-11.14.jar!/fxglassets/textures/fxgl_icon.png
20:59:06.651 [JavaFX Application Thread] DEBUG FXGLAssetLoaderServi - Loading from file system: jar:file:/Users/chalitandunu/.m2/repository/com/github/almasb/fxgl/11.14/fxgl-11.14.jar!/fxglassets/ui/cursors/fxgl_default.png
20:59:06.653 [JavaFX Application Thread] DEBUG Input                - Registered new binding: Screenshot - P
20:59:06.654 [JavaFX Application Thread] DEBUG Input                - Registered new binding: System info dump - CTRL+9
20:59:06.654 [JavaFX Application Thread] DEBUG Input                - Registered new binding: Restart - CTRL+R
20:59:06.655 [JavaFX Application Thread] DEBUG Input                - Registered new binding: Toggle Debug Camera - CTRL+C
20:59:06.658 [JavaFX Application Thread] DEBUG LoopRunner           - Starting loop
20:59:06.658 [JavaFX Application Thread] DEBUG LoopRunner           - Initializing JavaFX AnimationTimerLoop
20:59:06.666 [JavaFX Application Thread] DEBUG Input                - Clearing active input actions
20:59:06.677 [JavaFX Application Thread] DEBUG GameApplicationServi - Removing overlay from FXGLStartupScene and adding to FXGLMainMenuDummyScene
20:59:06.678 [JavaFX Application Thread] DEBUG PrimaryStageWindow   - FXGLStartupScene -> FXGLMainMenuDummyScene
20:59:06.678 [JavaFX Application Thread] DEBUG PrimaryStageWindow   - Push state: MainMenu
20:59:06.679 [JavaFX Application Thread] DEBUG Input                - Clearing active input actions
20:59:06.682 [JavaFX Application Thread] DEBUG GameApplicationServi - Removing overlay from FXGLMainMenuDummyScene and adding to MainMenu
20:59:06.682 [JavaFX Application Thread] DEBUG PrimaryStageWindow   - FXGLMainMenuDummyScene -> MainMenu
20:59:06.724 [JavaFX Application Thread] DEBUG FXGLApplication      - Registering font factories with UI factory
20:59:08.494 [JavaFX Application Thread] DEBUG Menu                 - fireNewGame()
20:59:08.494 [JavaFX Application Thread] DEBUG GameApplicationServi - Starting new game
20:59:08.495 [JavaFX Application Thread] DEBUG PrimaryStageWindow   - Pop state: MainMenu
20:59:08.496 [JavaFX Application Thread] DEBUG Input                - Clearing active input actions
20:59:08.497 [JavaFX Application Thread] DEBUG GameApplicationServi - Removing overlay from MainMenu and adding to FXGLMainMenuDummyScene
20:59:08.498 [JavaFX Application Thread] DEBUG PrimaryStageWindow   - FXGLMainMenuDummyScene <- MainMenu
20:59:08.499 [JavaFX Application Thread] DEBUG Input                - Clearing active input actions
20:59:08.512 [JavaFX Application Thread] DEBUG GameApplicationServi - Removing overlay from FXGLMainMenuDummyScene and adding to FXGLLoadingScene
20:59:08.513 [JavaFX Application Thread] DEBUG PrimaryStageWindow   - FXGLMainMenuDummyScene -> FXGLLoadingScene
20:59:08.513 [JavaFX Application Thread] DEBUG GameApplicationServi - Clearing previous game
20:59:08.517 [JavaFX Application Thread] DEBUG GameScene            - Clearing game scene
20:59:08.518 [JavaFX Application Thread] DEBUG GameWorld            - Clearing game world
20:59:08.518 [JavaFX Application Thread] DEBUG PhysicsWorld         - Clearing physics world
20:59:08.521 [FXGL Background Thread 2 ] DEBUG FXGLApplication      - Initializing game
20:59:08.527 [FXGL Background Thread 2 ] DEBUG FXGLAssetLoaderServi - Loading from file system: file:/Users/chalitandunu/Desktop/the%20void/HS/Jaar%201/Periode%203/IPOSE/nerdsvsthevirus/target/classes/assets/textures//Game/sprite.png
20:59:08.592 [FXGL Background Thread 2 ] INFO  FXGLApplication      - Game initialization took: 0.071 sec
20:59:08.702 [JavaFX Application Thread] DEBUG Input                - Clearing active input actions
20:59:08.718 [JavaFX Application Thread] DEBUG GameApplicationServi - Removing overlay from FXGLLoadingScene and adding to GameScene
20:59:08.719 [JavaFX Application Thread] DEBUG PrimaryStageWindow   - FXGLLoadingScene -> GameScene
20:59:09.555 [FXGL Background Thread 3 ] DEBUG Engine               - Logging environment variables
20:59:09.556 [FXGL Background Thread 3 ] DEBUG Engine               - achievements: []
20:59:09.557 [FXGL Background Thread 3 ] DEBUG Engine               - actualHeight: 800.0
20:59:09.557 [FXGL Background Thread 3 ] DEBUG Engine               - actualHeightProperty: ReadOnlyDoubleProperty [value: 800.0]
20:59:09.557 [FXGL Background Thread 3 ] DEBUG Engine               - actualWidth: 1200.0
20:59:09.558 [FXGL Background Thread 3 ] DEBUG Engine               - actualWidthProperty: ReadOnlyDoubleProperty [value: 1200.0]
20:59:09.558 [FXGL Background Thread 3 ] DEBUG Engine               - appIcon: fxgl_icon.png
20:59:09.558 [FXGL Background Thread 3 ] DEBUG Engine               - applicationMode: DEVELOPER
20:59:09.558 [FXGL Background Thread 3 ] DEBUG Engine               - cSSList: [fxgl_dark.css]
20:59:09.559 [FXGL Background Thread 3 ] DEBUG Engine               - collisionDetectionStrategy: BRUTE_FORCE
20:59:09.559 [FXGL Background Thread 3 ] DEBUG Engine               - configClass: Optional.empty
20:59:09.560 [FXGL Background Thread 3 ] DEBUG Engine               - credits: []
20:59:09.560 [FXGL Background Thread 3 ] DEBUG Engine               - devBBoxColorProperty: ObjectProperty [value: 0xff0000ff]
20:59:09.560 [FXGL Background Thread 3 ] DEBUG Engine               - devEnableDebugCameraProperty: BooleanProperty [value: false]
20:59:09.562 [FXGL Background Thread 3 ] DEBUG Engine               - devSensorColorProperty: ObjectProperty [value: 0xffff00ff]
20:59:09.563 [FXGL Background Thread 3 ] DEBUG Engine               - devShowBBoxProperty: BooleanProperty [value: false]
20:59:09.563 [FXGL Background Thread 3 ] DEBUG Engine               - devShowPositionProperty: BooleanProperty [value: false]
20:59:09.563 [FXGL Background Thread 3 ] DEBUG Engine               - enabledMenuItems: []
20:59:09.564 [FXGL Background Thread 3 ] DEBUG Engine               - engineServices: [class com.almasb.fxgl.app.services.FXGLAssetLoaderService, class com.almasb.fxgl.app.FXGLApplication$GameApplicationService, class com.almasb.fxgl.app.services.FXGLDialogService, class com.almasb.fxgl.app.services.IOTaskExecutorService, class com.almasb.fxgl.event.EventBusService, class com.almasb.fxgl.io.FileSystemService, class com.almasb.fxgl.localization.LocalizationService, class com.almasb.fxgl.app.services.SystemBundleService, class com.almasb.fxgl.profile.SaveLoadService, class com.almasb.fxgl.ui.FXGLUIFactoryServiceProvider, class com.almasb.fxgl.ui.FXGLDialogFactoryServiceProvider, class com.almasb.fxgl.audio.AudioPlayer, class com.almasb.fxgl.notification.impl.NotificationServiceProvider, class com.almasb.fxgl.achievement.AchievementService, class com.almasb.fxgl.cutscene.CutsceneService, class com.almasb.fxgl.minigames.MiniGameService, class com.almasb.fxgl.net.NetService, class com.almasb.fxgl.app.services.UpdaterService, class com.almasb.fxgl.dev.DevService]
20:59:09.564 [FXGL Background Thread 3 ] DEBUG Engine               - fontGame: Abel-Regular.ttf
20:59:09.564 [FXGL Background Thread 3 ] DEBUG Engine               - fontMono: lucida_console.ttf
20:59:09.564 [FXGL Background Thread 3 ] DEBUG Engine               - fontText: Courier-Prime.ttf
20:59:09.565 [FXGL Background Thread 3 ] DEBUG Engine               - fontUI: VarelaRound-Regular.ttf
20:59:09.565 [FXGL Background Thread 3 ] DEBUG Engine               - fullScreen: BooleanProperty [value: false]
20:59:09.565 [FXGL Background Thread 3 ] DEBUG Engine               - gameDifficulty: MEDIUM
20:59:09.565 [FXGL Background Thread 3 ] DEBUG Engine               - gameDifficultyProperty: ObjectProperty [value: MEDIUM]
20:59:09.566 [FXGL Background Thread 3 ] DEBUG Engine               - globalMusicVolume: 0.5
20:59:09.566 [FXGL Background Thread 3 ] DEBUG Engine               - globalMusicVolumeProperty: DoubleProperty [value: 0.5]
20:59:09.567 [FXGL Background Thread 3 ] DEBUG Engine               - globalSoundVolume: 0.5
20:59:09.567 [FXGL Background Thread 3 ] DEBUG Engine               - globalSoundVolumeProperty: DoubleProperty [value: 0.5]
20:59:09.567 [FXGL Background Thread 3 ] DEBUG Engine               - height: 800
20:59:09.568 [FXGL Background Thread 3 ] DEBUG Engine               - isAndroid: false
20:59:09.568 [FXGL Background Thread 3 ] DEBUG Engine               - isBrowser: false
20:59:09.568 [FXGL Background Thread 3 ] DEBUG Engine               - isClickFeedbackEnabled: false
20:59:09.571 [FXGL Background Thread 3 ] DEBUG Engine               - isCloseConfirmation: false
20:59:09.571 [FXGL Background Thread 3 ] DEBUG Engine               - isDesktop: true
20:59:09.571 [FXGL Background Thread 3 ] DEBUG Engine               - isDeveloperMenuEnabled: false
20:59:09.572 [FXGL Background Thread 3 ] DEBUG Engine               - isEntityPreloadEnabled: true
20:59:09.572 [FXGL Background Thread 3 ] DEBUG Engine               - isExperimental3D: false
20:59:09.572 [FXGL Background Thread 3 ] DEBUG Engine               - isExperimentalNative: false
20:59:09.572 [FXGL Background Thread 3 ] DEBUG Engine               - isExperimentalTiledLargeMap: false
20:59:09.573 [FXGL Background Thread 3 ] DEBUG Engine               - isFileSystemWriteAllowed: true
20:59:09.573 [FXGL Background Thread 3 ] DEBUG Engine               - isFullScreenAllowed: false
20:59:09.573 [FXGL Background Thread 3 ] DEBUG Engine               - isFullScreenFromStart: false
20:59:09.573 [FXGL Background Thread 3 ] DEBUG Engine               - isGameMenuEnabled: true
20:59:09.574 [FXGL Background Thread 3 ] DEBUG Engine               - isIOS: false
20:59:09.574 [FXGL Background Thread 3 ] DEBUG Engine               - isIntroEnabled: false
20:59:09.574 [FXGL Background Thread 3 ] DEBUG Engine               - isLinux: false
20:59:09.575 [FXGL Background Thread 3 ] DEBUG Engine               - isMac: true
20:59:09.575 [FXGL Background Thread 3 ] DEBUG Engine               - isMainMenuEnabled: true
20:59:09.575 [FXGL Background Thread 3 ] DEBUG Engine               - isManualResizeEnabled: false
20:59:09.575 [FXGL Background Thread 3 ] DEBUG Engine               - isMobile: false
20:59:09.575 [FXGL Background Thread 3 ] DEBUG Engine               - isPreserveResizeRatio: false
20:59:09.576 [FXGL Background Thread 3 ] DEBUG Engine               - isProfilingEnabled: false
20:59:09.576 [FXGL Background Thread 3 ] DEBUG Engine               - isScaleAffectedOnResize: true
20:59:09.576 [FXGL Background Thread 3 ] DEBUG Engine               - isSingleStep: false
20:59:09.576 [FXGL Background Thread 3 ] DEBUG Engine               - isUserProfileEnabled: false
20:59:09.577 [FXGL Background Thread 3 ] DEBUG Engine               - isWindows: false
20:59:09.578 [FXGL Background Thread 3 ] DEBUG Engine               - language: ObjectProperty [value: ENGLISH]
20:59:09.578 [FXGL Background Thread 3 ] DEBUG Engine               - menuKey: ESCAPE
20:59:09.579 [FXGL Background Thread 3 ] DEBUG Engine               - notificationViewClass: class com.almasb.fxgl.notification.view.XboxNotificationView
20:59:09.579 [FXGL Background Thread 3 ] DEBUG Engine               - pixelsPerMeter: 50.0
20:59:09.580 [FXGL Background Thread 3 ] DEBUG Engine               - platform: MAC
20:59:09.580 [FXGL Background Thread 3 ] DEBUG Engine               - prefHeightProperty: ReadOnlyDoubleProperty [value: 800.0]
20:59:09.580 [FXGL Background Thread 3 ] DEBUG Engine               - prefWidthProperty: ReadOnlyDoubleProperty [value: 1200.0]
20:59:09.580 [FXGL Background Thread 3 ] DEBUG Engine               - profileDir: profiles/
20:59:09.581 [FXGL Background Thread 3 ] DEBUG Engine               - profileName: StringProperty [value: DEFAULT]
20:59:09.581 [FXGL Background Thread 3 ] DEBUG Engine               - randomSeed: -1
20:59:09.581 [FXGL Background Thread 3 ] DEBUG Engine               - runtimeInfo: RuntimeInfo(platform=MAC, version=11.14, build=01.03.2021 16.59)
20:59:09.581 [FXGL Background Thread 3 ] DEBUG Engine               - saveFileExt: sav
20:59:09.581 [FXGL Background Thread 3 ] DEBUG Engine               - scaledHeightProp$fxgl: DoubleProperty [bound, value: 800.0]
20:59:09.582 [FXGL Background Thread 3 ] DEBUG Engine               - scaledWidthProp$fxgl: DoubleProperty [bound, value: 1200.0]
20:59:09.582 [FXGL Background Thread 3 ] DEBUG Engine               - sceneFactory: Game$1@3d3e3625
20:59:09.582 [FXGL Background Thread 3 ] DEBUG Engine               - secondsIn24h: 60
20:59:09.582 [FXGL Background Thread 3 ] DEBUG Engine               - soundMenuBack: menu/back.wav
20:59:09.582 [FXGL Background Thread 3 ] DEBUG Engine               - soundMenuPress: menu/press.wav
20:59:09.583 [FXGL Background Thread 3 ] DEBUG Engine               - soundMenuSelect: menu/select.wav
20:59:09.584 [FXGL Background Thread 3 ] DEBUG Engine               - soundNotification: core/notification.wav
20:59:09.584 [FXGL Background Thread 3 ] DEBUG Engine               - stageStyle: DECORATED
20:59:09.584 [FXGL Background Thread 3 ] DEBUG Engine               - supportedLanguages: [ENGLISH, FRENCH, GERMAN, HUNGARIAN, RUSSIAN]
20:59:09.584 [FXGL Background Thread 3 ] DEBUG Engine               - ticksPerSecond: -1
20:59:09.584 [FXGL Background Thread 3 ] DEBUG Engine               - title: Nerds VS Virus
20:59:09.585 [FXGL Background Thread 3 ] DEBUG Engine               - urlGithub: https://github.com/AlmasB/FXGL
20:59:09.585 [FXGL Background Thread 3 ] DEBUG Engine               - urlLeaderboard: http://fxgl-top.herokuapp.com/
20:59:09.586 [FXGL Background Thread 3 ] DEBUG Engine               - urlPOM: https://raw.githubusercontent.com/AlmasB/FXGL/release/README.md
20:59:09.586 [FXGL Background Thread 3 ] DEBUG Engine               - userAppClass: class Game
20:59:09.586 [FXGL Background Thread 3 ] DEBUG Engine               - version: 0.0
20:59:09.586 [FXGL Background Thread 3 ] DEBUG Engine               - versionCheckDays: 7
20:59:09.587 [FXGL Background Thread 3 ] DEBUG Engine               - width: 1200
20:59:09.587 [FXGL Background Thread 3 ] DEBUG Engine               - Logging services
20:59:09.587 [FXGL Background Thread 3 ] DEBUG Engine               - class com.almasb.fxgl.app.services.FXGLAssetLoaderService
20:59:09.587 [FXGL Background Thread 3 ] DEBUG Engine               - class com.almasb.fxgl.app.FXGLApplication$GameApplicationService
20:59:09.588 [FXGL Background Thread 3 ] DEBUG Engine               - class com.almasb.fxgl.app.services.FXGLDialogService
20:59:09.588 [FXGL Background Thread 3 ] DEBUG Engine               - class com.almasb.fxgl.app.services.IOTaskExecutorService
20:59:09.588 [FXGL Background Thread 3 ] DEBUG Engine               - class com.almasb.fxgl.event.EventBusService
20:59:09.588 [FXGL Background Thread 3 ] DEBUG Engine               - class com.almasb.fxgl.io.FileSystemService
20:59:09.588 [FXGL Background Thread 3 ] DEBUG Engine               - class com.almasb.fxgl.localization.LocalizationService
20:59:09.589 [FXGL Background Thread 3 ] DEBUG Engine               - class com.almasb.fxgl.app.services.SystemBundleService
20:59:09.589 [FXGL Background Thread 3 ] DEBUG Engine               - class com.almasb.fxgl.profile.SaveLoadService
20:59:09.589 [FXGL Background Thread 3 ] DEBUG Engine               - class com.almasb.fxgl.ui.FXGLUIFactoryServiceProvider
20:59:09.589 [FXGL Background Thread 3 ] DEBUG Engine               - class com.almasb.fxgl.ui.FXGLDialogFactoryServiceProvider
20:59:09.589 [FXGL Background Thread 3 ] DEBUG Engine               - class com.almasb.fxgl.audio.AudioPlayer
20:59:09.589 [FXGL Background Thread 3 ] DEBUG Engine               - class com.almasb.fxgl.notification.impl.NotificationServiceProvider
20:59:09.590 [FXGL Background Thread 3 ] DEBUG Engine               - class com.almasb.fxgl.achievement.AchievementService
20:59:09.590 [FXGL Background Thread 3 ] DEBUG Engine               - class com.almasb.fxgl.cutscene.CutsceneService
20:59:09.590 [FXGL Background Thread 3 ] DEBUG Engine               - class com.almasb.fxgl.minigames.MiniGameService
20:59:09.590 [FXGL Background Thread 3 ] DEBUG Engine               - class com.almasb.fxgl.net.NetService
20:59:09.590 [FXGL Background Thread 3 ] DEBUG Engine               - class com.almasb.fxgl.app.services.UpdaterService
20:59:09.591 [FXGL Background Thread 3 ] DEBUG Engine               - class com.almasb.fxgl.dev.DevService
20:59:10.615 [JavaFX Application Thread] DEBUG FXGLApplication      - Exiting FXGL
20:59:10.615 [JavaFX Application Thread] DEBUG LoopRunner           - Stopping loop
20:59:10.615 [JavaFX Application Thread] DEBUG SystemBundleService  - Saving FXGL system data
20:59:10.633 [JavaFX Application Thread] DEBUG FileSystemAccess     - Writing to: /Users/chalitandunu/Desktop/the void/HS/Jaar 1/Periode 3/IPOSE/nerdsvsthevirus/system/fxgl.bundle
20:59:10.636 [JavaFX Application Thread] DEBUG Async                - Shutting down background threads
20:59:10.637 [JavaFX Application Thread] DEBUG PrimaryStageWindow   - Closing main window
20:59:10.646 [JavaFX Application Thread] DEBUG Logger               - Closing Logger
