09:28:29.051 [main                     ] DEBUG Logger               - Configured Logger
09:28:29.090 [main                     ] DEBUG GameApplication      - Logging settings
Title: Nerds VS Virus
Version: 0.0
Width: 1050
Height: 700
Fullscreen: false
Intro: false
Profiling: false
Single step:false
App Mode: DEVELOPER
Menu Key: ESCAPE
Stage Style: DECORATED
Scene Factory: class NerdvsVirus.Game$1

09:28:30.011 [JavaFX Application Thread] DEBUG FXGLApplication      - Initializing FXGL
09:28:30.015 [JavaFX Application Thread] INFO  Engine               - FXGL-11.14 (01.03.2021 16.59) on MAC (J:15.0.1 FX:15)
09:28:30.015 [JavaFX Application Thread] DEBUG Engine               - JRE Vendor Name: Oracle Corporation
09:28:30.016 [JavaFX Application Thread] DEBUG Engine               - Running on OS: Mac OS X version 10.16
09:28:30.016 [JavaFX Application Thread] DEBUG Engine               - Architecture: x86_64
09:28:30.017 [JavaFX Application Thread] INFO  Engine               - Source code and latest versions at: https://github.com/AlmasB/FXGL
09:28:30.017 [JavaFX Application Thread] INFO  Engine               -              Join the FXGL chat at: https://gitter.im/AlmasB/FXGL
09:28:30.273 [JavaFX Application Thread] DEBUG PrimaryStageWindow   - Creating a JavaFX scene
09:28:30.487 [JavaFX Application Thread] DEBUG PrimaryStageWindow   - Target settings size: 1050.0 x 700.0
09:28:30.488 [JavaFX Application Thread] DEBUG PrimaryStageWindow   - Scaled scene size:    1050.0 x 700.0
09:28:30.488 [JavaFX Application Thread] DEBUG PrimaryStageWindow   - Scaled ratio: (1.0, 1.0)
09:28:30.489 [JavaFX Application Thread] DEBUG PrimaryStageWindow   - Set initial scene to FXGLStartupScene
09:28:30.499 [JavaFX Application Thread] DEBUG PrimaryStageWindow   - Opening main window
09:28:30.636 [JavaFX Application Thread] DEBUG PrimaryStageWindow   - Window border size: (0.0, 28.0)
09:28:30.636 [JavaFX Application Thread] DEBUG PrimaryStageWindow   - Scaled size: 1050.0 x 700.0
09:28:30.637 [JavaFX Application Thread] DEBUG PrimaryStageWindow   - Scaled ratio: (1.0, 1.0)
09:28:30.638 [JavaFX Application Thread] DEBUG PrimaryStageWindow   - Scene size: 1050.0 x 700.0
09:28:30.638 [JavaFX Application Thread] DEBUG PrimaryStageWindow   - Stage size: 1050.0 x 728.0
09:28:30.653 [FXGL Background Thread 1 ] DEBUG Engine               - Initializing environment variables
09:28:30.704 [FXGL Background Thread 1 ] DEBUG FXGLAssetLoaderServi - User app class for loading assets: class NerdvsVirus.Game
09:28:30.705 [FXGL Background Thread 1 ] DEBUG GameApplicationServi - Applying CSS: fxgl_dark.css
09:28:30.707 [FXGL Background Thread 1 ] DEBUG FXGLAssetLoaderServi - Loading from file system: jar:file:/Users/chalitandunu/.m2/repository/com/github/almasb/fxgl/11.14/fxgl-11.14.jar!/fxglassets/ui/css/fxgl_dark.css
09:28:31.103 [FXGL Background Thread 1 ] DEBUG GameApplicationServi - Initializing application scenes
09:28:32.607 [FXGL Background Thread 1 ] DEBUG GameWorld            - Game world initialized
09:28:33.059 [FXGL Background Thread 1 ] DEBUG PhysicsWorld         - Physics world initialized: appHeight=700, physics.ppm=50.0
09:28:33.060 [FXGL Background Thread 1 ] DEBUG PhysicsWorld         - Using strategy: BRUTE_FORCE
09:28:33.074 [FXGL Background Thread 1 ] DEBUG GameScene            - Game scene initialized: 1050x700
09:28:33.792 [FXGL Background Thread 1 ] DEBUG FXGLAssetLoaderServi - Loading from file system: jar:file:/Users/chalitandunu/.m2/repository/com/github/almasb/fxgl/11.14/fxgl-11.14.jar!/fxglassets/textures/particles/trace_horizontal.png
09:28:33.967 [FXGL Background Thread 1 ] DEBUG FXGL.DefaultMenu     - createMenuBodyGameMenu()
09:28:34.042 [FXGL Background Thread 1 ] DEBUG FXGL.DefaultMenu     - createOptionsMenu()
09:28:34.060 [FXGL Background Thread 1 ] DEBUG FXGLAssetLoaderServi - Loading from file system: jar:file:/Users/chalitandunu/.m2/repository/com/github/almasb/fxgl/11.14/fxgl-11.14.jar!/fxglassets/textures/particles/smoke.png
09:28:34.263 [FXGL Background Thread 1 ] DEBUG GameApplicationServi - Application scenes initialized
09:28:34.290 [FXGL Background Thread 1 ] DEBUG SystemBundleService  - Loading FXGL system data
09:28:34.297 [FXGL Background Thread 1 ] DEBUG FileSystemAccess     - Reading from: /Users/chalitandunu/Desktop/the void/HS/Jaar 1/Periode 3/IPOSE/nerdsvsthevirus/system/fxgl.bundle
09:28:34.311 [FXGL Background Thread 1 ] DEBUG SystemBundleService  - Bundle FXGL: {}
09:28:34.312 [FXGL Background Thread 1 ] DEBUG UpdaterService       - Checking for updates
09:28:34.320 [FXGL Background Thread 4 ] DEBUG FXGLApplication      - Loading fonts
09:28:34.321 [FXGL Background Thread 4 ] DEBUG FXGLAssetLoaderServi - Loading from file system: jar:file:/Users/chalitandunu/.m2/repository/com/github/almasb/fxgl/11.14/fxgl-11.14.jar!/fxglassets/ui/fonts/VarelaRound-Regular.ttf
09:28:34.321 [FXGL Background Thread 1 ] DEBUG FXGLApplication      - Loading default localization
09:28:34.329 [FXGL Background Thread 4 ] DEBUG FXGLAssetLoaderServi - Loading from file system: jar:file:/Users/chalitandunu/.m2/repository/com/github/almasb/fxgl/11.14/fxgl-11.14.jar!/fxglassets/ui/fonts/Abel-Regular.ttf
09:28:34.327 [FXGL Background Thread 1 ] DEBUG FXGLAssetLoaderServi - Loading from file system: jar:file:/Users/chalitandunu/.m2/repository/com/github/almasb/fxgl/11.14/fxgl-11.14.jar!/fxglassets/languages/english.lang
09:28:34.337 [FXGL Background Thread 4 ] DEBUG FXGLAssetLoaderServi - Loading from file system: jar:file:/Users/chalitandunu/.m2/repository/com/github/almasb/fxgl/11.14/fxgl-11.14.jar!/fxglassets/ui/fonts/lucida_console.ttf
09:28:34.345 [FXGL Background Thread 4 ] DEBUG FXGLAssetLoaderServi - Loading from file system: jar:file:/Users/chalitandunu/.m2/repository/com/github/almasb/fxgl/11.14/fxgl-11.14.jar!/fxglassets/ui/fonts/Courier-Prime.ttf
09:28:34.354 [JavaFX Application Thread] DEBUG FXGLApplication      - Registering font factories with UI factory
09:28:34.466 [FXGL Background Thread 1 ] INFO  FXGLApplication      - FXGL initialization took: 3.812 sec
09:28:34.480 [JavaFX Application Thread] DEBUG Input                - Registered new binding: Left - A
09:28:34.481 [JavaFX Application Thread] DEBUG Input                - Registered new binding: Right - D
09:28:34.481 [JavaFX Application Thread] DEBUG Input                - Registered new binding: Jump - W
09:28:34.482 [JavaFX Application Thread] DEBUG FXGLAssetLoaderServi - Loading from file system: file:/Users/chalitandunu/Desktop/the%20void/HS/Jaar%201/Periode%203/IPOSE/nerdsvsthevirus/target/classes/assets/music/background.wav
09:28:34.993 [JavaFX Application Thread] DEBUG AudioPlayer          - Playing music com.almasb.fxgl.audio.Music@2e2e227f
09:28:34.995 [JavaFX Application Thread] DEBUG FXGLAssetLoaderServi - Loading from file system: jar:file:/Users/chalitandunu/.m2/repository/com/github/almasb/fxgl/11.14/fxgl-11.14.jar!/fxglassets/textures/fxgl_icon.png
09:28:35.043 [JavaFX Application Thread] DEBUG FXGLAssetLoaderServi - Loading from file system: jar:file:/Users/chalitandunu/.m2/repository/com/github/almasb/fxgl/11.14/fxgl-11.14.jar!/fxglassets/ui/cursors/fxgl_default.png
09:28:35.054 [JavaFX Application Thread] DEBUG Input                - Registered new binding: Screenshot - P
09:28:35.055 [JavaFX Application Thread] DEBUG Input                - Registered new binding: System info dump - CTRL+9
09:28:35.056 [JavaFX Application Thread] DEBUG Input                - Registered new binding: Restart - CTRL+R
09:28:35.060 [JavaFX Application Thread] DEBUG Input                - Registered new binding: Toggle Debug Camera - CTRL+C
09:28:35.065 [JavaFX Application Thread] DEBUG LoopRunner           - Starting loop
09:28:35.065 [JavaFX Application Thread] DEBUG LoopRunner           - Initializing JavaFX AnimationTimerLoop
09:28:35.072 [JavaFX Application Thread] DEBUG Input                - Clearing active input actions
09:28:35.119 [JavaFX Application Thread] DEBUG GameApplicationServi - Removing overlay from FXGLStartupScene and adding to FXGLMainMenuDummyScene
09:28:35.120 [JavaFX Application Thread] DEBUG PrimaryStageWindow   - FXGLStartupScene -> FXGLMainMenuDummyScene
09:28:35.120 [JavaFX Application Thread] DEBUG PrimaryStageWindow   - Push state: MainMenu
09:28:35.151 [JavaFX Application Thread] DEBUG Input                - Clearing active input actions
09:28:35.757 [JavaFX Application Thread] DEBUG GameApplicationServi - Removing overlay from FXGLMainMenuDummyScene and adding to MainMenu
09:28:35.758 [JavaFX Application Thread] DEBUG PrimaryStageWindow   - FXGLMainMenuDummyScene -> MainMenu
09:28:37.321 [FXGL Background Thread 3 ] DEBUG Engine               - Logging environment variables
09:28:37.322 [FXGL Background Thread 3 ] DEBUG Engine               - achievements: []
09:28:37.323 [FXGL Background Thread 3 ] DEBUG Engine               - actualHeight: 700.0
09:28:37.324 [FXGL Background Thread 3 ] DEBUG Engine               - actualHeightProperty: ReadOnlyDoubleProperty [value: 700.0]
09:28:37.325 [FXGL Background Thread 3 ] DEBUG Engine               - actualWidth: 1050.0
09:28:37.325 [FXGL Background Thread 3 ] DEBUG Engine               - actualWidthProperty: ReadOnlyDoubleProperty [value: 1050.0]
09:28:37.325 [FXGL Background Thread 3 ] DEBUG Engine               - appIcon: fxgl_icon.png
09:28:37.326 [FXGL Background Thread 3 ] DEBUG Engine               - applicationMode: DEVELOPER
09:28:37.326 [FXGL Background Thread 3 ] DEBUG Engine               - cSSList: [fxgl_dark.css]
09:28:37.326 [FXGL Background Thread 3 ] DEBUG Engine               - collisionDetectionStrategy: BRUTE_FORCE
09:28:37.326 [FXGL Background Thread 3 ] DEBUG Engine               - configClass: Optional.empty
09:28:37.327 [FXGL Background Thread 3 ] DEBUG Engine               - credits: []
09:28:37.327 [FXGL Background Thread 3 ] DEBUG Engine               - devBBoxColorProperty: ObjectProperty [value: 0xff0000ff]
09:28:37.328 [FXGL Background Thread 3 ] DEBUG Engine               - devEnableDebugCameraProperty: BooleanProperty [value: false]
09:28:37.330 [FXGL Background Thread 3 ] DEBUG Engine               - devSensorColorProperty: ObjectProperty [value: 0xffff00ff]
09:28:37.331 [FXGL Background Thread 3 ] DEBUG Engine               - devShowBBoxProperty: BooleanProperty [value: false]
09:28:37.332 [FXGL Background Thread 3 ] DEBUG Engine               - devShowPositionProperty: BooleanProperty [value: false]
09:28:37.332 [FXGL Background Thread 3 ] DEBUG Engine               - enabledMenuItems: []
09:28:37.333 [FXGL Background Thread 3 ] DEBUG Engine               - engineServices: [class com.almasb.fxgl.app.services.FXGLAssetLoaderService, class com.almasb.fxgl.app.FXGLApplication$GameApplicationService, class com.almasb.fxgl.app.services.FXGLDialogService, class com.almasb.fxgl.app.services.IOTaskExecutorService, class com.almasb.fxgl.event.EventBusService, class com.almasb.fxgl.io.FileSystemService, class com.almasb.fxgl.localization.LocalizationService, class com.almasb.fxgl.app.services.SystemBundleService, class com.almasb.fxgl.profile.SaveLoadService, class com.almasb.fxgl.ui.FXGLUIFactoryServiceProvider, class com.almasb.fxgl.ui.FXGLDialogFactoryServiceProvider, class com.almasb.fxgl.audio.AudioPlayer, class com.almasb.fxgl.notification.impl.NotificationServiceProvider, class com.almasb.fxgl.achievement.AchievementService, class com.almasb.fxgl.cutscene.CutsceneService, class com.almasb.fxgl.minigames.MiniGameService, class com.almasb.fxgl.net.NetService, class com.almasb.fxgl.app.services.UpdaterService, class com.almasb.fxgl.dev.DevService]
09:28:37.333 [FXGL Background Thread 3 ] DEBUG Engine               - fontGame: Abel-Regular.ttf
09:28:37.333 [FXGL Background Thread 3 ] DEBUG Engine               - fontMono: lucida_console.ttf
09:28:37.333 [FXGL Background Thread 3 ] DEBUG Engine               - fontText: Courier-Prime.ttf
09:28:37.334 [FXGL Background Thread 3 ] DEBUG Engine               - fontUI: VarelaRound-Regular.ttf
09:28:37.334 [FXGL Background Thread 3 ] DEBUG Engine               - fullScreen: BooleanProperty [value: false]
09:28:37.335 [FXGL Background Thread 3 ] DEBUG Engine               - gameDifficulty: MEDIUM
09:28:37.335 [FXGL Background Thread 3 ] DEBUG Engine               - gameDifficultyProperty: ObjectProperty [value: MEDIUM]
09:28:37.335 [FXGL Background Thread 3 ] DEBUG Engine               - globalMusicVolume: 0.5
09:28:37.336 [FXGL Background Thread 3 ] DEBUG Engine               - globalMusicVolumeProperty: DoubleProperty [value: 0.1]
09:28:37.336 [FXGL Background Thread 3 ] DEBUG Engine               - globalSoundVolume: 0.5
09:28:37.337 [FXGL Background Thread 3 ] DEBUG Engine               - globalSoundVolumeProperty: DoubleProperty [value: 0.5]
09:28:37.337 [FXGL Background Thread 3 ] DEBUG Engine               - height: 700
09:28:37.337 [FXGL Background Thread 3 ] DEBUG Engine               - isAndroid: false
09:28:37.337 [FXGL Background Thread 3 ] DEBUG Engine               - isBrowser: false
09:28:37.338 [FXGL Background Thread 3 ] DEBUG Engine               - isClickFeedbackEnabled: false
09:28:37.339 [FXGL Background Thread 3 ] DEBUG Engine               - isCloseConfirmation: false
09:28:37.339 [FXGL Background Thread 3 ] DEBUG Engine               - isDesktop: true
09:28:37.340 [FXGL Background Thread 3 ] DEBUG Engine               - isDeveloperMenuEnabled: false
09:28:37.340 [FXGL Background Thread 3 ] DEBUG Engine               - isEntityPreloadEnabled: true
09:28:37.341 [FXGL Background Thread 3 ] DEBUG Engine               - isExperimental3D: false
09:28:37.341 [FXGL Background Thread 3 ] DEBUG Engine               - isExperimentalNative: false
09:28:37.342 [FXGL Background Thread 3 ] DEBUG Engine               - isExperimentalTiledLargeMap: false
09:28:37.342 [FXGL Background Thread 3 ] DEBUG Engine               - isFileSystemWriteAllowed: true
09:28:37.342 [FXGL Background Thread 3 ] DEBUG Engine               - isFullScreenAllowed: false
09:28:37.343 [FXGL Background Thread 3 ] DEBUG Engine               - isFullScreenFromStart: false
09:28:37.343 [FXGL Background Thread 3 ] DEBUG Engine               - isGameMenuEnabled: true
09:28:37.344 [FXGL Background Thread 3 ] DEBUG Engine               - isIOS: false
09:28:37.344 [FXGL Background Thread 3 ] DEBUG Engine               - isIntroEnabled: false
09:28:37.344 [FXGL Background Thread 3 ] DEBUG Engine               - isLinux: false
09:28:37.344 [FXGL Background Thread 3 ] DEBUG Engine               - isMac: true
09:28:37.345 [FXGL Background Thread 3 ] DEBUG Engine               - isMainMenuEnabled: true
09:28:37.345 [FXGL Background Thread 3 ] DEBUG Engine               - isManualResizeEnabled: false
09:28:37.345 [FXGL Background Thread 3 ] DEBUG Engine               - isMobile: false
09:28:37.346 [FXGL Background Thread 3 ] DEBUG Engine               - isPreserveResizeRatio: false
09:28:37.346 [FXGL Background Thread 3 ] DEBUG Engine               - isProfilingEnabled: false
09:28:37.346 [FXGL Background Thread 3 ] DEBUG Engine               - isScaleAffectedOnResize: true
09:28:37.347 [FXGL Background Thread 3 ] DEBUG Engine               - isSingleStep: false
09:28:37.347 [FXGL Background Thread 3 ] DEBUG Engine               - isUserProfileEnabled: false
09:28:37.347 [FXGL Background Thread 3 ] DEBUG Engine               - isWindows: false
09:28:37.348 [FXGL Background Thread 3 ] DEBUG Engine               - language: ObjectProperty [value: ENGLISH]
09:28:37.349 [FXGL Background Thread 3 ] DEBUG Engine               - menuKey: ESCAPE
09:28:37.349 [FXGL Background Thread 3 ] DEBUG Engine               - notificationViewClass: class com.almasb.fxgl.notification.view.XboxNotificationView
09:28:37.350 [FXGL Background Thread 3 ] DEBUG Engine               - pixelsPerMeter: 50.0
09:28:37.351 [FXGL Background Thread 3 ] DEBUG Engine               - platform: MAC
09:28:37.351 [FXGL Background Thread 3 ] DEBUG Engine               - prefHeightProperty: ReadOnlyDoubleProperty [value: 700.0]
09:28:37.351 [FXGL Background Thread 3 ] DEBUG Engine               - prefWidthProperty: ReadOnlyDoubleProperty [value: 1050.0]
09:28:37.352 [FXGL Background Thread 3 ] DEBUG Engine               - profileDir: profiles/
09:28:37.352 [FXGL Background Thread 3 ] DEBUG Engine               - profileName: StringProperty [value: DEFAULT]
09:28:37.353 [FXGL Background Thread 3 ] DEBUG Engine               - randomSeed: -1
09:28:37.353 [FXGL Background Thread 3 ] DEBUG Engine               - runtimeInfo: RuntimeInfo(platform=MAC, version=11.14, build=01.03.2021 16.59)
09:28:37.353 [FXGL Background Thread 3 ] DEBUG Engine               - saveFileExt: sav
09:28:37.354 [FXGL Background Thread 3 ] DEBUG Engine               - scaledHeightProp$fxgl: DoubleProperty [bound, value: 700.0]
09:28:37.354 [FXGL Background Thread 3 ] DEBUG Engine               - scaledWidthProp$fxgl: DoubleProperty [bound, value: 1050.0]
09:28:37.354 [FXGL Background Thread 3 ] DEBUG Engine               - sceneFactory: NerdvsVirus.Game$1@73e76e12
09:28:37.354 [FXGL Background Thread 3 ] DEBUG Engine               - secondsIn24h: 60
09:28:37.356 [FXGL Background Thread 3 ] DEBUG Engine               - soundMenuBack: menu/back.wav
09:28:37.356 [FXGL Background Thread 3 ] DEBUG Engine               - soundMenuPress: menu/press.wav
09:28:37.356 [FXGL Background Thread 3 ] DEBUG Engine               - soundMenuSelect: menu/select.wav
09:28:37.357 [FXGL Background Thread 3 ] DEBUG Engine               - soundNotification: core/notification.wav
09:28:37.357 [FXGL Background Thread 3 ] DEBUG Engine               - stageStyle: DECORATED
09:28:37.358 [FXGL Background Thread 3 ] DEBUG Engine               - supportedLanguages: [ENGLISH, FRENCH, GERMAN, HUNGARIAN, RUSSIAN]
09:28:37.358 [FXGL Background Thread 3 ] DEBUG Engine               - ticksPerSecond: -1
09:28:37.359 [FXGL Background Thread 3 ] DEBUG Engine               - title: Nerds VS Virus
09:28:37.359 [FXGL Background Thread 3 ] DEBUG Engine               - urlGithub: https://github.com/AlmasB/FXGL
09:28:37.359 [FXGL Background Thread 3 ] DEBUG Engine               - urlLeaderboard: http://fxgl-top.herokuapp.com/
09:28:37.359 [FXGL Background Thread 3 ] DEBUG Engine               - urlPOM: https://raw.githubusercontent.com/AlmasB/FXGL/release/README.md
09:28:37.360 [FXGL Background Thread 3 ] DEBUG Engine               - userAppClass: class NerdvsVirus.Game
09:28:37.361 [FXGL Background Thread 3 ] DEBUG Engine               - version: 0.0
09:28:37.361 [FXGL Background Thread 3 ] DEBUG Engine               - versionCheckDays: 7
09:28:37.361 [FXGL Background Thread 3 ] DEBUG Engine               - width: 1050
09:28:37.361 [FXGL Background Thread 3 ] DEBUG Engine               - Logging services
09:28:37.362 [FXGL Background Thread 3 ] DEBUG Engine               - class com.almasb.fxgl.app.services.FXGLAssetLoaderService
09:28:37.362 [FXGL Background Thread 3 ] DEBUG Engine               - class com.almasb.fxgl.app.FXGLApplication$GameApplicationService
09:28:37.362 [FXGL Background Thread 3 ] DEBUG Engine               - class com.almasb.fxgl.app.services.FXGLDialogService
09:28:37.362 [FXGL Background Thread 3 ] DEBUG Engine               - class com.almasb.fxgl.app.services.IOTaskExecutorService
09:28:37.364 [FXGL Background Thread 3 ] DEBUG Engine               - class com.almasb.fxgl.event.EventBusService
09:28:37.364 [FXGL Background Thread 3 ] DEBUG Engine               - class com.almasb.fxgl.io.FileSystemService
09:28:37.365 [FXGL Background Thread 3 ] DEBUG Engine               - class com.almasb.fxgl.localization.LocalizationService
09:28:37.365 [FXGL Background Thread 3 ] DEBUG Engine               - class com.almasb.fxgl.app.services.SystemBundleService
09:28:37.365 [FXGL Background Thread 3 ] DEBUG Engine               - class com.almasb.fxgl.profile.SaveLoadService
09:28:37.365 [FXGL Background Thread 3 ] DEBUG Engine               - class com.almasb.fxgl.ui.FXGLUIFactoryServiceProvider
09:28:37.366 [FXGL Background Thread 3 ] DEBUG Engine               - class com.almasb.fxgl.ui.FXGLDialogFactoryServiceProvider
09:28:37.366 [FXGL Background Thread 3 ] DEBUG Engine               - class com.almasb.fxgl.audio.AudioPlayer
09:28:37.366 [FXGL Background Thread 3 ] DEBUG Engine               - class com.almasb.fxgl.notification.impl.NotificationServiceProvider
09:28:37.366 [FXGL Background Thread 3 ] DEBUG Engine               - class com.almasb.fxgl.achievement.AchievementService
09:28:37.367 [FXGL Background Thread 3 ] DEBUG Engine               - class com.almasb.fxgl.cutscene.CutsceneService
09:28:37.367 [FXGL Background Thread 3 ] DEBUG Engine               - class com.almasb.fxgl.minigames.MiniGameService
09:28:37.367 [FXGL Background Thread 3 ] DEBUG Engine               - class com.almasb.fxgl.net.NetService
09:28:37.367 [FXGL Background Thread 3 ] DEBUG Engine               - class com.almasb.fxgl.app.services.UpdaterService
09:28:37.367 [FXGL Background Thread 3 ] DEBUG Engine               - class com.almasb.fxgl.dev.DevService
09:28:39.780 [JavaFX Application Thread] DEBUG Menu                 - fireNewGame()
09:28:39.781 [JavaFX Application Thread] DEBUG GameApplicationServi - Starting new game
09:28:39.781 [JavaFX Application Thread] DEBUG PrimaryStageWindow   - Pop state: MainMenu
09:28:39.781 [JavaFX Application Thread] DEBUG Input                - Clearing active input actions
09:28:39.782 [JavaFX Application Thread] DEBUG GameApplicationServi - Removing overlay from MainMenu and adding to FXGLMainMenuDummyScene
09:28:39.783 [JavaFX Application Thread] DEBUG PrimaryStageWindow   - FXGLMainMenuDummyScene <- MainMenu
09:28:39.783 [JavaFX Application Thread] DEBUG Input                - Clearing active input actions
09:28:39.797 [JavaFX Application Thread] DEBUG GameApplicationServi - Removing overlay from FXGLMainMenuDummyScene and adding to FXGLLoadingScene
09:28:39.797 [JavaFX Application Thread] DEBUG PrimaryStageWindow   - FXGLMainMenuDummyScene -> FXGLLoadingScene
09:28:39.798 [JavaFX Application Thread] DEBUG GameApplicationServi - Clearing previous game
09:28:39.798 [JavaFX Application Thread] DEBUG GameScene            - Clearing game scene
09:28:39.798 [JavaFX Application Thread] DEBUG GameWorld            - Clearing game world
09:28:39.798 [JavaFX Application Thread] DEBUG PhysicsWorld         - Clearing physics world
09:28:39.809 [FXGL Background Thread 2 ] DEBUG FXGLApplication      - Initializing game
09:28:39.829 [FXGL Background Thread 2 ] DEBUG FXGLAssetLoaderServi - Loading from file system: file:/Users/chalitandunu/Desktop/the%20void/HS/Jaar%201/Periode%203/IPOSE/nerdsvsthevirus/target/classes/assets/textures/bg1.jpg
09:28:40.034 [FXGL Background Thread 2 ] WARN  TMXLevelLoader       - TiledMap generated from 1.5.0. Supported version: 1.2.3. Some features may not be parsed fully.
09:28:40.072 [FXGL Background Thread 2 ] DEBUG TMXLevelLoader       - Parsed raw map: TiledMap(width=30, height=10, tilewidth=70, tileheight=70, orientation=orthogonal, layers=[Layer(width=30, height=10, name=Bottom, type=tilelayer, visible=false, x=0, y=0, data=[0, 0, 0, 0, 0, 0, 0, 0, 0, 0, 0, 0, 0, 0, 0, 0, 0, 0, 0, 0, 0, 0, 0, 0, 0, 0, 0, 0, 0, 0, 0, 0, 0, 0, 0, 0, 0, 0, 0, 0, 0, 0, 0, 0, 0, 0, 0, 0, 0, 0, 0, 0, 0, 0, 0, 0, 0, 0, 0, 0, 0, 0, 0, 0, 0, 0, 0, 0, 0, 0, 0, 0, 0, 0, 0, 0, 0, 0, 0, 0, 0, 0, 0, 0, 0, 0, 0, 0, 0, 0, 0, 0, 0, 0, 0, 0, 0, 0, 0, 0, 0, 0, 0, 0, 0, 0, 0, 0, 0, 0, 0, 0, 0, 0, 0, 0, 0, 0, 0, 0, 0, 0, 0, 0, 0, 0, 0, 0, 0, 0, 0, 0, 0, 0, 0, 0, 0, 0, 0, 0, 0, 0, 0, 0, 0, 0, 0, 0, 0, 0, 0, 0, 0, 0, 0, 0, 0, 0, 0, 0, 0, 206, 205, 206, 0, 0, 0, 0, 0, 0, 0, 0, 0, 0, 0, 0, 0, 0, 0, 0, 0, 0, 0, 0, 0, 0, 0, 205, 206, 207, 0, 0, 0, 0, 0, 0, 0, 0, 0, 0, 0, 0, 0, 0, 0, 0, 0, 0, 0, 0, 0, 0, 0, 0, 206, 205, 0, 0, 0, 0, 0, 0, 0, 0, 0, 0, 0, 0, 0, 0, 0, 0, 0, 0, 0, 0, 0, 0, 0, 0, 0, 263, 0, 203, 0, 0, 0, 0, 0, 0, 0, 243, 244, 245, 0, 0, 0, 0, 0, 0, 0, 0, 0, 0, 0, 0, 0, 0, 0, 0, 185, 185, 185, 185, 185, 185, 185, 185, 185, 185, 185, 185, 185, 185, 185, 185, 0, 0, 185, 185, 185, 0, 0, 185, 185, 185, 185, 185, 185, 185], objects=[], opacity=0.0, draworder=), Layer(width=30, height=10, name=overlay, type=tilelayer, visible=false, x=0, y=0, data=[213, 185, 185, 185, 185, 185, 185, 185, 185, 185, 185, 227, 185, 185, 185, 185, 213, 0, 0, 0, 0, 0, 0, 0, 0, 0, 0, 0, 0, 0, 0, 0, 0, 0, 0, 0, 0, 0, 0, 0, 0, 241, 0, 0, 0, 0, 0, 0, 0, 0, 0, 0, 0, 0, 0, 0, 0, 0, 0, 0, 0, 0, 0, 0, 0, 0, 0, 0, 0, 0, 0, 255, 0, 0, 0, 0, 0, 0, 0, 0, 0, 0, 0, 0, 0, 0, 0, 0, 0, 0, 0, 0, 0, 0, 0, 0, 0, 0, 0, 0, 0, 0, 0, 0, 0, 0, 0, 0, 0, 0, 0, 0, 0, 0, 0, 0, 0, 0, 0, 0, 0, 0, 0, 0, 0, 0, 0, 0, 0, 0, 0, 0, 0, 0, 0, 0, 0, 0, 0, 0, 0, 0, 0, 0, 0, 0, 0, 0, 0, 0, 0, 0, 0, 0, 0, 0, 0, 0, 0, 0, 0, 215, 216, 217, 0, 0, 0, 0, 0, 0, 0, 0, 0, 0, 0, 0, 0, 0, 0, 0, 0, 0, 0, 0, 0, 0, 0, 0, 0, 0, 0, 0, 0, 0, 0, 0, 0, 0, 0, 0, 0, 0, 0, 0, 0, 0, 0, 0, 0, 0, 0, 0, 0, 189, 0, 0, 0, 0, 0, 0, 0, 0, 0, 226, 0, 0, 0, 0, 0, 0, 0, 0, 0, 0, 0, 0, 0, 0, 46, 0, 0, 0, 0, 0, 0, 0, 0, 0, 0, 0, 0, 0, 0, 0, 0, 0, 0, 0, 0, 0, 0, 0, 0, 0, 0, 0, 226, 0, 58, 0, 0, 0, 0, 0, 0, 0, 0, 0, 0, 0, 0, 0, 0, 0, 0, 0, 224, 224, 0, 0, 0, 224, 224, 0, 0, 0, 0, 0, 0, 0], objects=[], opacity=0.0, draworder=), Layer(width=0, height=0, name=Objectlaag 1, type=objectgroup, visible=false, x=0, y=0, data=[], objects=[com.almasb.fxgl.entity.level.tiled.TiledObject@633247f2, com.almasb.fxgl.entity.level.tiled.TiledObject@11b3607a, com.almasb.fxgl.entity.level.tiled.TiledObject@119d5cff, com.almasb.fxgl.entity.level.tiled.TiledObject@10629913, com.almasb.fxgl.entity.level.tiled.TiledObject@619e513a, com.almasb.fxgl.entity.level.tiled.TiledObject@6ba45dc3, com.almasb.fxgl.entity.level.tiled.TiledObject@10a59eec, com.almasb.fxgl.entity.level.tiled.TiledObject@148b27ea, com.almasb.fxgl.entity.level.tiled.TiledObject@70fb3c0, com.almasb.fxgl.entity.level.tiled.TiledObject@4e8caca7, com.almasb.fxgl.entity.level.tiled.TiledObject@72620964, com.almasb.fxgl.entity.level.tiled.TiledObject@3f9bd4b5, com.almasb.fxgl.entity.level.tiled.TiledObject@45f0e135, com.almasb.fxgl.entity.level.tiled.TiledObject@6e3294b8, com.almasb.fxgl.entity.level.tiled.TiledObject@cf99933, com.almasb.fxgl.entity.level.tiled.TiledObject@6da6ca65, com.almasb.fxgl.entity.level.tiled.TiledObject@2f9d67ad, com.almasb.fxgl.entity.level.tiled.TiledObject@55f0a1b2, com.almasb.fxgl.entity.level.tiled.TiledObject@15808a3e, com.almasb.fxgl.entity.level.tiled.TiledObject@4eae8f09], opacity=0.0, draworder=)], tilesets=[Tileset(firstgid=1, image=../../../../../../../Eigen test/src/main/resources/assets/levels/tiles_spritesheet.png, name=tiles_spritesheet, tilewidth=70, tileheight=70, imagewidth=914, imageheight=936, margin=0, spacing=2, columns=12, tilecount=156, transparentcolor=, tiles=[]), Tileset(firstgid=157, image=../../../../../../../Eigen test/src/main/resources/assets/levels/platformerPack_industrial_tilesheet.png, name=_industrial, tilewidth=70, tileheight=70, imagewidth=980, imageheight=560, margin=0, spacing=0, columns=14, tilecount=112, transparentcolor=, tiles=[])], backgroundcolor=, renderorder=right-down, nextobjectid=29, version=1, tiledversion=1.5.0, type=map, infinite=false, hexsidelength=0, staggeraxis=, staggerindex=, properties={}, propertytypes={})
09:28:40.075 [FXGL Background Thread 2 ] DEBUG TMXLevelLoader       - Creating tile layer entities
09:28:40.077 [FXGL Background Thread 2 ] DEBUG TilesetLoader        - Loading view for layer Bottom
09:28:40.188 [FXGL Background Thread 2 ] DEBUG TilesetLoader        - Created buffer with size 2100.0x700.0
09:28:40.350 [FXGL Background Thread 2 ] DEBUG TilesetLoader        - Writing to buffer: dst=770,350, w=70,h=70, src=490,210
09:28:40.351 [FXGL Background Thread 2 ] DEBUG TilesetLoader        - Writing to buffer: dst=840,350, w=70,h=70, src=420,210
09:28:40.352 [FXGL Background Thread 2 ] DEBUG TilesetLoader        - Writing to buffer: dst=910,350, w=70,h=70, src=490,210
09:28:40.352 [FXGL Background Thread 2 ] DEBUG TilesetLoader        - Writing to buffer: dst=490,420, w=70,h=70, src=420,210
09:28:40.352 [FXGL Background Thread 2 ] DEBUG TilesetLoader        - Writing to buffer: dst=560,420, w=70,h=70, src=490,210
09:28:40.353 [FXGL Background Thread 2 ] DEBUG TilesetLoader        - Writing to buffer: dst=630,420, w=70,h=70, src=560,210
09:28:40.353 [FXGL Background Thread 2 ] DEBUG TilesetLoader        - Writing to buffer: dst=280,490, w=70,h=70, src=490,210
09:28:40.354 [FXGL Background Thread 2 ] DEBUG TilesetLoader        - Writing to buffer: dst=350,490, w=70,h=70, src=420,210
09:28:40.354 [FXGL Background Thread 2 ] DEBUG TilesetLoader        - Writing to buffer: dst=70,560, w=70,h=70, src=560,490
09:28:40.354 [FXGL Background Thread 2 ] DEBUG TilesetLoader        - Writing to buffer: dst=210,560, w=70,h=70, src=280,210
09:28:40.354 [FXGL Background Thread 2 ] DEBUG TilesetLoader        - Writing to buffer: dst=770,560, w=70,h=70, src=140,420
09:28:40.354 [FXGL Background Thread 2 ] DEBUG TilesetLoader        - Writing to buffer: dst=840,560, w=70,h=70, src=210,420
09:28:40.403 [FXGL Background Thread 2 ] DEBUG TilesetLoader        - Writing to buffer: dst=910,560, w=70,h=70, src=280,420
09:28:40.440 [FXGL Background Thread 2 ] DEBUG TilesetLoader        - Writing to buffer: dst=0,630, w=70,h=70, src=0,140
09:28:40.440 [FXGL Background Thread 2 ] DEBUG TilesetLoader        - Writing to buffer: dst=70,630, w=70,h=70, src=0,140
09:28:40.440 [FXGL Background Thread 2 ] DEBUG TilesetLoader        - Writing to buffer: dst=140,630, w=70,h=70, src=0,140
09:28:40.440 [FXGL Background Thread 2 ] DEBUG TilesetLoader        - Writing to buffer: dst=210,630, w=70,h=70, src=0,140
09:28:40.440 [FXGL Background Thread 2 ] DEBUG TilesetLoader        - Writing to buffer: dst=280,630, w=70,h=70, src=0,140
09:28:40.441 [FXGL Background Thread 2 ] DEBUG TilesetLoader        - Writing to buffer: dst=350,630, w=70,h=70, src=0,140
09:28:40.441 [FXGL Background Thread 2 ] DEBUG TilesetLoader        - Writing to buffer: dst=420,630, w=70,h=70, src=0,140
09:28:40.441 [FXGL Background Thread 2 ] DEBUG TilesetLoader        - Writing to buffer: dst=490,630, w=70,h=70, src=0,140
09:28:40.441 [FXGL Background Thread 2 ] DEBUG TilesetLoader        - Writing to buffer: dst=560,630, w=70,h=70, src=0,140
09:28:40.441 [FXGL Background Thread 2 ] DEBUG TilesetLoader        - Writing to buffer: dst=630,630, w=70,h=70, src=0,140
09:28:40.443 [FXGL Background Thread 2 ] DEBUG TilesetLoader        - Writing to buffer: dst=700,630, w=70,h=70, src=0,140
09:28:40.445 [FXGL Background Thread 2 ] DEBUG TilesetLoader        - Writing to buffer: dst=770,630, w=70,h=70, src=0,140
09:28:40.446 [FXGL Background Thread 2 ] DEBUG TilesetLoader        - Writing to buffer: dst=840,630, w=70,h=70, src=0,140
09:28:40.449 [FXGL Background Thread 2 ] DEBUG TilesetLoader        - Writing to buffer: dst=910,630, w=70,h=70, src=0,140
09:28:40.450 [FXGL Background Thread 2 ] DEBUG TilesetLoader        - Writing to buffer: dst=980,630, w=70,h=70, src=0,140
09:28:40.450 [FXGL Background Thread 2 ] DEBUG TilesetLoader        - Writing to buffer: dst=1050,630, w=70,h=70, src=0,140
09:28:40.451 [FXGL Background Thread 2 ] DEBUG TilesetLoader        - Writing to buffer: dst=1260,630, w=70,h=70, src=0,140
09:28:40.452 [FXGL Background Thread 2 ] DEBUG TilesetLoader        - Writing to buffer: dst=1330,630, w=70,h=70, src=0,140
09:28:40.452 [FXGL Background Thread 2 ] DEBUG TilesetLoader        - Writing to buffer: dst=1400,630, w=70,h=70, src=0,140
09:28:40.452 [FXGL Background Thread 2 ] DEBUG TilesetLoader        - Writing to buffer: dst=1610,630, w=70,h=70, src=0,140
09:28:40.452 [FXGL Background Thread 2 ] DEBUG TilesetLoader        - Writing to buffer: dst=1680,630, w=70,h=70, src=0,140
09:28:40.453 [FXGL Background Thread 2 ] DEBUG TilesetLoader        - Writing to buffer: dst=1750,630, w=70,h=70, src=0,140
09:28:40.453 [FXGL Background Thread 2 ] DEBUG TilesetLoader        - Writing to buffer: dst=1820,630, w=70,h=70, src=0,140
09:28:40.453 [FXGL Background Thread 2 ] DEBUG TilesetLoader        - Writing to buffer: dst=1890,630, w=70,h=70, src=0,140
09:28:40.453 [FXGL Background Thread 2 ] DEBUG TilesetLoader        - Writing to buffer: dst=1960,630, w=70,h=70, src=0,140
09:28:40.453 [FXGL Background Thread 2 ] DEBUG TilesetLoader        - Writing to buffer: dst=2030,630, w=70,h=70, src=0,140
09:28:40.454 [FXGL Background Thread 2 ] DEBUG TilesetLoader        - Loading view for layer overlay
09:28:40.457 [FXGL Background Thread 2 ] DEBUG TilesetLoader        - Created buffer with size 2100.0x700.0
09:28:40.457 [FXGL Background Thread 2 ] DEBUG TilesetLoader        - Writing to buffer: dst=0,0, w=70,h=70, src=0,280
09:28:40.457 [FXGL Background Thread 2 ] DEBUG TilesetLoader        - Writing to buffer: dst=70,0, w=70,h=70, src=0,140
09:28:40.457 [FXGL Background Thread 2 ] DEBUG TilesetLoader        - Writing to buffer: dst=140,0, w=70,h=70, src=0,140
09:28:40.460 [FXGL Background Thread 2 ] DEBUG TilesetLoader        - Writing to buffer: dst=210,0, w=70,h=70, src=0,140
09:28:40.461 [FXGL Background Thread 2 ] DEBUG TilesetLoader        - Writing to buffer: dst=280,0, w=70,h=70, src=0,140
09:28:40.461 [FXGL Background Thread 2 ] DEBUG TilesetLoader        - Writing to buffer: dst=350,0, w=70,h=70, src=0,140
09:28:40.461 [FXGL Background Thread 2 ] DEBUG TilesetLoader        - Writing to buffer: dst=420,0, w=70,h=70, src=0,140
09:28:40.462 [FXGL Background Thread 2 ] DEBUG TilesetLoader        - Writing to buffer: dst=490,0, w=70,h=70, src=0,140
09:28:40.462 [FXGL Background Thread 2 ] DEBUG TilesetLoader        - Writing to buffer: dst=560,0, w=70,h=70, src=0,140
09:28:40.463 [FXGL Background Thread 2 ] DEBUG TilesetLoader        - Writing to buffer: dst=630,0, w=70,h=70, src=0,140
09:28:40.468 [FXGL Background Thread 2 ] DEBUG TilesetLoader        - Writing to buffer: dst=700,0, w=70,h=70, src=0,140
09:28:40.469 [FXGL Background Thread 2 ] DEBUG TilesetLoader        - Writing to buffer: dst=770,0, w=70,h=70, src=0,350
09:28:40.469 [FXGL Background Thread 2 ] DEBUG TilesetLoader        - Writing to buffer: dst=840,0, w=70,h=70, src=0,140
09:28:40.469 [FXGL Background Thread 2 ] DEBUG TilesetLoader        - Writing to buffer: dst=910,0, w=70,h=70, src=0,140
09:28:40.470 [FXGL Background Thread 2 ] DEBUG TilesetLoader        - Writing to buffer: dst=980,0, w=70,h=70, src=0,140
09:28:40.470 [FXGL Background Thread 2 ] DEBUG TilesetLoader        - Writing to buffer: dst=1050,0, w=70,h=70, src=0,140
09:28:40.470 [FXGL Background Thread 2 ] DEBUG TilesetLoader        - Writing to buffer: dst=1120,0, w=70,h=70, src=0,280
09:28:40.470 [FXGL Background Thread 2 ] DEBUG TilesetLoader        - Writing to buffer: dst=770,70, w=70,h=70, src=0,420
09:28:40.471 [FXGL Background Thread 2 ] DEBUG TilesetLoader        - Writing to buffer: dst=770,140, w=70,h=70, src=0,490
09:28:40.471 [FXGL Background Thread 2 ] DEBUG TilesetLoader        - Writing to buffer: dst=770,350, w=70,h=70, src=140,280
09:28:40.471 [FXGL Background Thread 2 ] DEBUG TilesetLoader        - Writing to buffer: dst=840,350, w=70,h=70, src=210,280
09:28:40.471 [FXGL Background Thread 2 ] DEBUG TilesetLoader        - Writing to buffer: dst=910,350, w=70,h=70, src=280,280
09:28:40.472 [FXGL Background Thread 2 ] DEBUG TilesetLoader        - Writing to buffer: dst=210,490, w=70,h=70, src=280,140
09:28:40.472 [FXGL Background Thread 2 ] DEBUG TilesetLoader        - Writing to buffer: dst=910,490, w=70,h=70, src=910,280
09:28:40.510 [FXGL Background Thread 2 ] DEBUG TilesetLoader        - Writing to buffer: dst=1960,490, w=70,h=70, src=648,216
09:28:40.510 [FXGL Background Thread 2 ] DEBUG TilesetLoader        - Writing to buffer: dst=1820,560, w=70,h=70, src=910,280
09:28:40.512 [FXGL Background Thread 2 ] DEBUG TilesetLoader        - Writing to buffer: dst=1960,560, w=70,h=70, src=648,288
09:28:40.513 [FXGL Background Thread 2 ] DEBUG TilesetLoader        - Writing to buffer: dst=1120,630, w=70,h=70, src=770,280
09:28:40.514 [FXGL Background Thread 2 ] DEBUG TilesetLoader        - Writing to buffer: dst=1190,630, w=70,h=70, src=770,280
09:28:40.515 [FXGL Background Thread 2 ] DEBUG TilesetLoader        - Writing to buffer: dst=1470,630, w=70,h=70, src=770,280
09:28:40.515 [FXGL Background Thread 2 ] DEBUG TilesetLoader        - Writing to buffer: dst=1540,630, w=70,h=70, src=770,280
09:28:40.516 [FXGL Background Thread 2 ] DEBUG TMXLevelLoader       - Creating object layer entities
09:28:40.539 [FXGL Background Thread 2 ] DEBUG FXGLAssetLoaderServi - Loading from file system: file:/Users/chalitandunu/Desktop/the%20void/HS/Jaar%201/Periode%203/IPOSE/nerdsvsthevirus/target/classes/assets/textures/spuit2.png
09:28:40.557 [FXGL Background Thread 2 ] DEBUG FXGLAssetLoaderServi - Loading from file system: file:/Users/chalitandunu/Desktop/the%20void/HS/Jaar%201/Periode%203/IPOSE/nerdsvsthevirus/target/classes/assets/textures/bacteria.png
09:28:40.585 [FXGL Background Thread 2 ] DEBUG GameWorld            - Clearing removable entities
09:28:40.587 [FXGL Background Thread 2 ] DEBUG GameWorld            - Setting level: com.almasb.fxgl.entity.level.Level@af23360
09:28:40.640 [FXGL Background Thread 2 ] DEBUG FXGLAssetLoaderServi - Loading from file system: file:/Users/chalitandunu/Desktop/the%20void/HS/Jaar%201/Periode%203/IPOSE/nerdsvsthevirus/target/classes/assets/textures/nerd.png
09:28:40.673 [FXGL Background Thread 2 ] DEBUG FXGLAssetLoaderServi - Loading from file system: file:/Users/chalitandunu/Desktop/the%20void/HS/Jaar%201/Periode%203/IPOSE/nerdsvsthevirus/target/classes/assets/textures/hart.png
09:28:40.697 [FXGL Background Thread 2 ] INFO  FXGLApplication      - Game initialization took: 0.888 sec
09:28:40.699 [JavaFX Application Thread] DEBUG Input                - Clearing active input actions
09:28:40.710 [JavaFX Application Thread] DEBUG GameApplicationServi - Removing overlay from FXGLLoadingScene and adding to GameScene
09:28:40.711 [JavaFX Application Thread] DEBUG PrimaryStageWindow   - FXGLLoadingScene -> GameScene
09:28:56.833 [JavaFX Application Thread] DEBUG FXGLApplication      - Exiting FXGL
09:28:56.833 [JavaFX Application Thread] DEBUG LoopRunner           - Stopping loop
09:28:56.833 [JavaFX Application Thread] DEBUG SystemBundleService  - Saving FXGL system data
09:28:56.855 [JavaFX Application Thread] DEBUG FileSystemAccess     - Writing to: /Users/chalitandunu/Desktop/the void/HS/Jaar 1/Periode 3/IPOSE/nerdsvsthevirus/system/fxgl.bundle
09:28:56.857 [JavaFX Application Thread] DEBUG Async                - Shutting down background threads
09:28:56.858 [JavaFX Application Thread] DEBUG PrimaryStageWindow   - Closing main window
09:28:56.861 [JavaFX Application Thread] DEBUG Logger               - Closing Logger
