22:22:50.542 [main                     ] DEBUG Logger               - Configured Logger
22:22:50.563 [main                     ] DEBUG GameApplication      - Logging settings
Title: Nerds VS Virus
Version: 0.0
Width: 1050
Height: 700
Fullscreen: false
Intro: false
Profiling: false
Single step:false
App Mode: DEVELOPER
Menu Key: ESCAPE
Stage Style: DECORATED
Scene Factory: class NerdvsVirus.Game$1

22:22:51.244 [JavaFX Application Thread] DEBUG FXGLApplication      - Initializing FXGL
22:22:51.247 [JavaFX Application Thread] INFO  Engine               - FXGL-11.14 (01.03.2021 16.59) on MAC (J:15.0.1 FX:15)
22:22:51.248 [JavaFX Application Thread] DEBUG Engine               - JRE Vendor Name: Oracle Corporation
22:22:51.248 [JavaFX Application Thread] DEBUG Engine               - Running on OS: Mac OS X version 10.16
22:22:51.248 [JavaFX Application Thread] DEBUG Engine               - Architecture: x86_64
22:22:51.249 [JavaFX Application Thread] INFO  Engine               - Source code and latest versions at: https://github.com/AlmasB/FXGL
22:22:51.249 [JavaFX Application Thread] INFO  Engine               -              Join the FXGL chat at: https://gitter.im/AlmasB/FXGL
22:22:51.456 [JavaFX Application Thread] DEBUG PrimaryStageWindow   - Creating a JavaFX scene
22:22:51.607 [JavaFX Application Thread] DEBUG PrimaryStageWindow   - Target settings size: 1050.0 x 700.0
22:22:51.610 [JavaFX Application Thread] DEBUG PrimaryStageWindow   - Scaled scene size:    1050.0 x 700.0
22:22:51.610 [JavaFX Application Thread] DEBUG PrimaryStageWindow   - Scaled ratio: (1.0, 1.0)
22:22:51.612 [JavaFX Application Thread] DEBUG PrimaryStageWindow   - Set initial scene to FXGLStartupScene
22:22:51.626 [JavaFX Application Thread] DEBUG PrimaryStageWindow   - Opening main window
22:22:51.782 [JavaFX Application Thread] DEBUG PrimaryStageWindow   - Window border size: (0.0, 28.0)
22:22:51.782 [JavaFX Application Thread] DEBUG PrimaryStageWindow   - Scaled size: 1050.0 x 700.0
22:22:51.782 [JavaFX Application Thread] DEBUG PrimaryStageWindow   - Scaled ratio: (1.0, 1.0)
22:22:51.783 [JavaFX Application Thread] DEBUG PrimaryStageWindow   - Scene size: 1050.0 x 700.0
22:22:51.783 [JavaFX Application Thread] DEBUG PrimaryStageWindow   - Stage size: 1050.0 x 728.0
22:22:51.792 [FXGL Background Thread 1 ] DEBUG Engine               - Initializing environment variables
22:22:51.988 [FXGL Background Thread 1 ] DEBUG FXGLAssetLoaderServi - User app class for loading assets: class NerdvsVirus.Game
22:22:51.988 [FXGL Background Thread 1 ] DEBUG GameApplicationServi - Applying CSS: fxgl_dark.css
22:22:51.992 [FXGL Background Thread 1 ] DEBUG FXGLAssetLoaderServi - Loading from file system: jar:file:/Users/chalitandunu/.m2/repository/com/github/almasb/fxgl/11.14/fxgl-11.14.jar!/fxglassets/ui/css/fxgl_dark.css
22:22:52.288 [FXGL Background Thread 1 ] DEBUG GameApplicationServi - Initializing application scenes
22:22:53.204 [FXGL Background Thread 1 ] DEBUG GameWorld            - Game world initialized
22:22:53.294 [FXGL Background Thread 1 ] DEBUG PhysicsWorld         - Physics world initialized: appHeight=700, physics.ppm=50.0
22:22:53.295 [FXGL Background Thread 1 ] DEBUG PhysicsWorld         - Using strategy: BRUTE_FORCE
22:22:53.298 [FXGL Background Thread 1 ] DEBUG GameScene            - Game scene initialized: 1050x700
22:22:53.484 [FXGL Background Thread 1 ] DEBUG FXGLAssetLoaderServi - Loading from file system: jar:file:/Users/chalitandunu/.m2/repository/com/github/almasb/fxgl/11.14/fxgl-11.14.jar!/fxglassets/textures/particles/trace_horizontal.png
22:22:53.573 [FXGL Background Thread 1 ] DEBUG FXGL.DefaultMenu     - createMenuBodyGameMenu()
22:22:53.604 [FXGL Background Thread 1 ] DEBUG FXGL.DefaultMenu     - createOptionsMenu()
22:22:53.623 [FXGL Background Thread 1 ] DEBUG FXGLAssetLoaderServi - Loading from file system: jar:file:/Users/chalitandunu/.m2/repository/com/github/almasb/fxgl/11.14/fxgl-11.14.jar!/fxglassets/textures/particles/smoke.png
22:22:53.749 [FXGL Background Thread 1 ] DEBUG GameApplicationServi - Application scenes initialized
22:22:53.777 [FXGL Background Thread 1 ] DEBUG SystemBundleService  - Loading FXGL system data
22:22:53.792 [FXGL Background Thread 1 ] DEBUG FileSystemAccess     - Reading from: /Users/chalitandunu/Desktop/the void/HS/Jaar 1/Periode 3/IPOSE/nerdsvsthevirus/system/fxgl.bundle
22:22:53.804 [FXGL Background Thread 1 ] DEBUG SystemBundleService  - Bundle FXGL: {}
22:22:53.806 [FXGL Background Thread 1 ] DEBUG UpdaterService       - Checking for updates
22:22:53.816 [FXGL Background Thread 4 ] DEBUG FXGLApplication      - Loading fonts
22:22:53.818 [FXGL Background Thread 4 ] DEBUG FXGLAssetLoaderServi - Loading from file system: jar:file:/Users/chalitandunu/.m2/repository/com/github/almasb/fxgl/11.14/fxgl-11.14.jar!/fxglassets/ui/fonts/VarelaRound-Regular.ttf
22:22:53.827 [FXGL Background Thread 4 ] DEBUG FXGLAssetLoaderServi - Loading from file system: jar:file:/Users/chalitandunu/.m2/repository/com/github/almasb/fxgl/11.14/fxgl-11.14.jar!/fxglassets/ui/fonts/Abel-Regular.ttf
22:22:53.824 [FXGL Background Thread 1 ] DEBUG FXGLApplication      - Loading default localization
22:22:53.833 [FXGL Background Thread 4 ] DEBUG FXGLAssetLoaderServi - Loading from file system: jar:file:/Users/chalitandunu/.m2/repository/com/github/almasb/fxgl/11.14/fxgl-11.14.jar!/fxglassets/ui/fonts/lucida_console.ttf
22:22:53.834 [FXGL Background Thread 1 ] DEBUG FXGLAssetLoaderServi - Loading from file system: jar:file:/Users/chalitandunu/.m2/repository/com/github/almasb/fxgl/11.14/fxgl-11.14.jar!/fxglassets/languages/english.lang
22:22:53.844 [FXGL Background Thread 4 ] DEBUG FXGLAssetLoaderServi - Loading from file system: jar:file:/Users/chalitandunu/.m2/repository/com/github/almasb/fxgl/11.14/fxgl-11.14.jar!/fxglassets/ui/fonts/Courier-Prime.ttf
22:22:53.852 [JavaFX Application Thread] DEBUG FXGLApplication      - Registering font factories with UI factory
22:22:53.951 [FXGL Background Thread 1 ] INFO  FXGLApplication      - FXGL initialization took: 2.158 sec
22:22:53.969 [JavaFX Application Thread] DEBUG Input                - Registered new binding: Left - A
22:22:53.970 [JavaFX Application Thread] DEBUG Input                - Registered new binding: Right - D
22:22:53.970 [JavaFX Application Thread] DEBUG Input                - Registered new binding: Jump - W
22:22:53.971 [JavaFX Application Thread] DEBUG FXGLAssetLoaderServi - Loading from file system: file:/Users/chalitandunu/Desktop/the%20void/HS/Jaar%201/Periode%203/IPOSE/nerdsvsthevirus/target/classes/assets/music/background.wav
22:22:54.353 [JavaFX Application Thread] DEBUG AudioPlayer          - Playing music com.almasb.fxgl.audio.Music@2a4a4d08
22:22:54.354 [JavaFX Application Thread] DEBUG FXGLAssetLoaderServi - Loading from file system: jar:file:/Users/chalitandunu/.m2/repository/com/github/almasb/fxgl/11.14/fxgl-11.14.jar!/fxglassets/textures/fxgl_icon.png
22:22:54.395 [JavaFX Application Thread] DEBUG FXGLAssetLoaderServi - Loading from file system: jar:file:/Users/chalitandunu/.m2/repository/com/github/almasb/fxgl/11.14/fxgl-11.14.jar!/fxglassets/ui/cursors/fxgl_default.png
22:22:54.398 [JavaFX Application Thread] DEBUG Input                - Registered new binding: Screenshot - P
22:22:54.399 [JavaFX Application Thread] DEBUG Input                - Registered new binding: System info dump - CTRL+9
22:22:54.400 [JavaFX Application Thread] DEBUG Input                - Registered new binding: Restart - CTRL+R
22:22:54.402 [JavaFX Application Thread] DEBUG Input                - Registered new binding: Toggle Debug Camera - CTRL+C
22:22:54.406 [JavaFX Application Thread] DEBUG LoopRunner           - Starting loop
22:22:54.407 [JavaFX Application Thread] DEBUG LoopRunner           - Initializing JavaFX AnimationTimerLoop
22:22:54.411 [JavaFX Application Thread] DEBUG Input                - Clearing active input actions
22:22:54.483 [JavaFX Application Thread] DEBUG GameApplicationServi - Removing overlay from FXGLStartupScene and adding to FXGLMainMenuDummyScene
22:22:54.485 [JavaFX Application Thread] DEBUG PrimaryStageWindow   - FXGLStartupScene -> FXGLMainMenuDummyScene
22:22:54.485 [JavaFX Application Thread] DEBUG PrimaryStageWindow   - Push state: MainMenu
22:22:54.486 [JavaFX Application Thread] DEBUG Input                - Clearing active input actions
22:22:55.131 [JavaFX Application Thread] DEBUG GameApplicationServi - Removing overlay from FXGLMainMenuDummyScene and adding to MainMenu
22:22:55.131 [JavaFX Application Thread] DEBUG PrimaryStageWindow   - FXGLMainMenuDummyScene -> MainMenu
22:22:56.815 [FXGL Background Thread 3 ] DEBUG Engine               - Logging environment variables
22:22:56.817 [FXGL Background Thread 3 ] DEBUG Engine               - achievements: []
22:22:56.817 [FXGL Background Thread 3 ] DEBUG Engine               - actualHeight: 700.0
22:22:56.818 [FXGL Background Thread 3 ] DEBUG Engine               - actualHeightProperty: ReadOnlyDoubleProperty [value: 700.0]
22:22:56.818 [FXGL Background Thread 3 ] DEBUG Engine               - actualWidth: 1050.0
22:22:56.818 [FXGL Background Thread 3 ] DEBUG Engine               - actualWidthProperty: ReadOnlyDoubleProperty [value: 1050.0]
22:22:56.819 [FXGL Background Thread 3 ] DEBUG Engine               - appIcon: fxgl_icon.png
22:22:56.819 [FXGL Background Thread 3 ] DEBUG Engine               - applicationMode: DEVELOPER
22:22:56.820 [FXGL Background Thread 3 ] DEBUG Engine               - cSSList: [fxgl_dark.css]
22:22:56.820 [FXGL Background Thread 3 ] DEBUG Engine               - collisionDetectionStrategy: BRUTE_FORCE
22:22:56.820 [FXGL Background Thread 3 ] DEBUG Engine               - configClass: Optional.empty
22:22:56.821 [FXGL Background Thread 3 ] DEBUG Engine               - credits: []
22:22:56.821 [FXGL Background Thread 3 ] DEBUG Engine               - devBBoxColorProperty: ObjectProperty [value: 0xff0000ff]
22:22:56.821 [FXGL Background Thread 3 ] DEBUG Engine               - devEnableDebugCameraProperty: BooleanProperty [value: false]
22:22:56.822 [FXGL Background Thread 3 ] DEBUG Engine               - devSensorColorProperty: ObjectProperty [value: 0xffff00ff]
22:22:56.822 [FXGL Background Thread 3 ] DEBUG Engine               - devShowBBoxProperty: BooleanProperty [value: false]
22:22:56.823 [FXGL Background Thread 3 ] DEBUG Engine               - devShowPositionProperty: BooleanProperty [value: false]
22:22:56.823 [FXGL Background Thread 3 ] DEBUG Engine               - enabledMenuItems: []
22:22:56.823 [FXGL Background Thread 3 ] DEBUG Engine               - engineServices: [class com.almasb.fxgl.app.services.FXGLAssetLoaderService, class com.almasb.fxgl.app.FXGLApplication$GameApplicationService, class com.almasb.fxgl.app.services.FXGLDialogService, class com.almasb.fxgl.app.services.IOTaskExecutorService, class com.almasb.fxgl.event.EventBusService, class com.almasb.fxgl.io.FileSystemService, class com.almasb.fxgl.localization.LocalizationService, class com.almasb.fxgl.app.services.SystemBundleService, class com.almasb.fxgl.profile.SaveLoadService, class com.almasb.fxgl.ui.FXGLUIFactoryServiceProvider, class com.almasb.fxgl.ui.FXGLDialogFactoryServiceProvider, class com.almasb.fxgl.audio.AudioPlayer, class com.almasb.fxgl.notification.impl.NotificationServiceProvider, class com.almasb.fxgl.achievement.AchievementService, class com.almasb.fxgl.cutscene.CutsceneService, class com.almasb.fxgl.minigames.MiniGameService, class com.almasb.fxgl.net.NetService, class com.almasb.fxgl.app.services.UpdaterService, class com.almasb.fxgl.dev.DevService]
22:22:56.823 [FXGL Background Thread 3 ] DEBUG Engine               - fontGame: Abel-Regular.ttf
22:22:56.824 [FXGL Background Thread 3 ] DEBUG Engine               - fontMono: lucida_console.ttf
22:22:56.824 [FXGL Background Thread 3 ] DEBUG Engine               - fontText: Courier-Prime.ttf
22:22:56.824 [FXGL Background Thread 3 ] DEBUG Engine               - fontUI: VarelaRound-Regular.ttf
22:22:56.824 [FXGL Background Thread 3 ] DEBUG Engine               - fullScreen: BooleanProperty [value: false]
22:22:56.824 [FXGL Background Thread 3 ] DEBUG Engine               - gameDifficulty: MEDIUM
22:22:56.825 [FXGL Background Thread 3 ] DEBUG Engine               - gameDifficultyProperty: ObjectProperty [value: MEDIUM]
22:22:56.825 [FXGL Background Thread 3 ] DEBUG Engine               - globalMusicVolume: 0.5
22:22:56.825 [FXGL Background Thread 3 ] DEBUG Engine               - globalMusicVolumeProperty: DoubleProperty [value: 0.1]
22:22:56.825 [FXGL Background Thread 3 ] DEBUG Engine               - globalSoundVolume: 0.5
22:22:56.825 [FXGL Background Thread 3 ] DEBUG Engine               - globalSoundVolumeProperty: DoubleProperty [value: 0.5]
22:22:56.826 [FXGL Background Thread 3 ] DEBUG Engine               - height: 700
22:22:56.826 [FXGL Background Thread 3 ] DEBUG Engine               - isAndroid: false
22:22:56.826 [FXGL Background Thread 3 ] DEBUG Engine               - isBrowser: false
22:22:56.827 [FXGL Background Thread 3 ] DEBUG Engine               - isClickFeedbackEnabled: false
22:22:56.827 [FXGL Background Thread 3 ] DEBUG Engine               - isCloseConfirmation: false
22:22:56.827 [FXGL Background Thread 3 ] DEBUG Engine               - isDesktop: true
22:22:56.828 [FXGL Background Thread 3 ] DEBUG Engine               - isDeveloperMenuEnabled: false
22:22:56.828 [FXGL Background Thread 3 ] DEBUG Engine               - isEntityPreloadEnabled: true
22:22:56.828 [FXGL Background Thread 3 ] DEBUG Engine               - isExperimental3D: false
22:22:56.828 [FXGL Background Thread 3 ] DEBUG Engine               - isExperimentalNative: false
22:22:56.829 [FXGL Background Thread 3 ] DEBUG Engine               - isExperimentalTiledLargeMap: false
22:22:56.829 [FXGL Background Thread 3 ] DEBUG Engine               - isFileSystemWriteAllowed: true
22:22:56.829 [FXGL Background Thread 3 ] DEBUG Engine               - isFullScreenAllowed: false
22:22:56.829 [FXGL Background Thread 3 ] DEBUG Engine               - isFullScreenFromStart: false
22:22:56.830 [FXGL Background Thread 3 ] DEBUG Engine               - isGameMenuEnabled: true
22:22:56.830 [FXGL Background Thread 3 ] DEBUG Engine               - isIOS: false
22:22:56.830 [FXGL Background Thread 3 ] DEBUG Engine               - isIntroEnabled: false
22:22:56.831 [FXGL Background Thread 3 ] DEBUG Engine               - isLinux: false
22:22:56.831 [FXGL Background Thread 3 ] DEBUG Engine               - isMac: true
22:22:56.831 [FXGL Background Thread 3 ] DEBUG Engine               - isMainMenuEnabled: true
22:22:56.831 [FXGL Background Thread 3 ] DEBUG Engine               - isManualResizeEnabled: false
22:22:56.832 [FXGL Background Thread 3 ] DEBUG Engine               - isMobile: false
22:22:56.832 [FXGL Background Thread 3 ] DEBUG Engine               - isPreserveResizeRatio: false
22:22:56.832 [FXGL Background Thread 3 ] DEBUG Engine               - isProfilingEnabled: false
22:22:56.833 [FXGL Background Thread 3 ] DEBUG Engine               - isScaleAffectedOnResize: true
22:22:56.833 [FXGL Background Thread 3 ] DEBUG Engine               - isSingleStep: false
22:22:56.833 [FXGL Background Thread 3 ] DEBUG Engine               - isUserProfileEnabled: false
22:22:56.833 [FXGL Background Thread 3 ] DEBUG Engine               - isWindows: false
22:22:56.833 [FXGL Background Thread 3 ] DEBUG Engine               - language: ObjectProperty [value: ENGLISH]
22:22:56.834 [FXGL Background Thread 3 ] DEBUG Engine               - menuKey: ESCAPE
22:22:56.834 [FXGL Background Thread 3 ] DEBUG Engine               - notificationViewClass: class com.almasb.fxgl.notification.view.XboxNotificationView
22:22:56.834 [FXGL Background Thread 3 ] DEBUG Engine               - pixelsPerMeter: 50.0
22:22:56.835 [FXGL Background Thread 3 ] DEBUG Engine               - platform: MAC
22:22:56.835 [FXGL Background Thread 3 ] DEBUG Engine               - prefHeightProperty: ReadOnlyDoubleProperty [value: 700.0]
22:22:56.835 [FXGL Background Thread 3 ] DEBUG Engine               - prefWidthProperty: ReadOnlyDoubleProperty [value: 1050.0]
22:22:56.836 [FXGL Background Thread 3 ] DEBUG Engine               - profileDir: profiles/
22:22:56.836 [FXGL Background Thread 3 ] DEBUG Engine               - profileName: StringProperty [value: DEFAULT]
22:22:56.836 [FXGL Background Thread 3 ] DEBUG Engine               - randomSeed: -1
22:22:56.836 [FXGL Background Thread 3 ] DEBUG Engine               - runtimeInfo: RuntimeInfo(platform=MAC, version=11.14, build=01.03.2021 16.59)
22:22:56.837 [FXGL Background Thread 3 ] DEBUG Engine               - saveFileExt: sav
22:22:56.837 [FXGL Background Thread 3 ] DEBUG Engine               - scaledHeightProp$fxgl: DoubleProperty [bound, value: 700.0]
22:22:56.837 [FXGL Background Thread 3 ] DEBUG Engine               - scaledWidthProp$fxgl: DoubleProperty [bound, value: 1050.0]
22:22:56.837 [FXGL Background Thread 3 ] DEBUG Engine               - sceneFactory: NerdvsVirus.Game$1@736a5188
22:22:56.837 [FXGL Background Thread 3 ] DEBUG Engine               - secondsIn24h: 60
22:22:56.837 [FXGL Background Thread 3 ] DEBUG Engine               - soundMenuBack: menu/back.wav
22:22:56.837 [FXGL Background Thread 3 ] DEBUG Engine               - soundMenuPress: menu/press.wav
22:22:56.838 [FXGL Background Thread 3 ] DEBUG Engine               - soundMenuSelect: menu/select.wav
22:22:56.838 [FXGL Background Thread 3 ] DEBUG Engine               - soundNotification: core/notification.wav
22:22:56.838 [FXGL Background Thread 3 ] DEBUG Engine               - stageStyle: DECORATED
22:22:56.838 [FXGL Background Thread 3 ] DEBUG Engine               - supportedLanguages: [ENGLISH, FRENCH, GERMAN, HUNGARIAN, RUSSIAN]
22:22:56.839 [FXGL Background Thread 3 ] DEBUG Engine               - ticksPerSecond: -1
22:22:56.839 [FXGL Background Thread 3 ] DEBUG Engine               - title: Nerds VS Virus
22:22:56.839 [FXGL Background Thread 3 ] DEBUG Engine               - urlGithub: https://github.com/AlmasB/FXGL
22:22:56.839 [FXGL Background Thread 3 ] DEBUG Engine               - urlLeaderboard: http://fxgl-top.herokuapp.com/
22:22:56.839 [FXGL Background Thread 3 ] DEBUG Engine               - urlPOM: https://raw.githubusercontent.com/AlmasB/FXGL/release/README.md
22:22:56.839 [FXGL Background Thread 3 ] DEBUG Engine               - userAppClass: class NerdvsVirus.Game
22:22:56.839 [FXGL Background Thread 3 ] DEBUG Engine               - version: 0.0
22:22:56.840 [FXGL Background Thread 3 ] DEBUG Engine               - versionCheckDays: 7
22:22:56.840 [FXGL Background Thread 3 ] DEBUG Engine               - width: 1050
22:22:56.840 [FXGL Background Thread 3 ] DEBUG Engine               - Logging services
22:22:56.840 [FXGL Background Thread 3 ] DEBUG Engine               - class com.almasb.fxgl.app.services.FXGLAssetLoaderService
22:22:56.841 [FXGL Background Thread 3 ] DEBUG Engine               - class com.almasb.fxgl.app.FXGLApplication$GameApplicationService
22:22:56.841 [FXGL Background Thread 3 ] DEBUG Engine               - class com.almasb.fxgl.app.services.FXGLDialogService
22:22:56.841 [FXGL Background Thread 3 ] DEBUG Engine               - class com.almasb.fxgl.app.services.IOTaskExecutorService
22:22:56.841 [FXGL Background Thread 3 ] DEBUG Engine               - class com.almasb.fxgl.event.EventBusService
22:22:56.842 [FXGL Background Thread 3 ] DEBUG Engine               - class com.almasb.fxgl.io.FileSystemService
22:22:56.842 [FXGL Background Thread 3 ] DEBUG Engine               - class com.almasb.fxgl.localization.LocalizationService
22:22:56.842 [FXGL Background Thread 3 ] DEBUG Engine               - class com.almasb.fxgl.app.services.SystemBundleService
22:22:56.843 [FXGL Background Thread 3 ] DEBUG Engine               - class com.almasb.fxgl.profile.SaveLoadService
22:22:56.843 [FXGL Background Thread 3 ] DEBUG Engine               - class com.almasb.fxgl.ui.FXGLUIFactoryServiceProvider
22:22:56.843 [FXGL Background Thread 3 ] DEBUG Engine               - class com.almasb.fxgl.ui.FXGLDialogFactoryServiceProvider
22:22:56.843 [FXGL Background Thread 3 ] DEBUG Engine               - class com.almasb.fxgl.audio.AudioPlayer
22:22:56.843 [FXGL Background Thread 3 ] DEBUG Engine               - class com.almasb.fxgl.notification.impl.NotificationServiceProvider
22:22:56.843 [FXGL Background Thread 3 ] DEBUG Engine               - class com.almasb.fxgl.achievement.AchievementService
22:22:56.844 [FXGL Background Thread 3 ] DEBUG Engine               - class com.almasb.fxgl.cutscene.CutsceneService
22:22:56.844 [FXGL Background Thread 3 ] DEBUG Engine               - class com.almasb.fxgl.minigames.MiniGameService
22:22:56.844 [FXGL Background Thread 3 ] DEBUG Engine               - class com.almasb.fxgl.net.NetService
22:22:56.844 [FXGL Background Thread 3 ] DEBUG Engine               - class com.almasb.fxgl.app.services.UpdaterService
22:22:56.845 [FXGL Background Thread 3 ] DEBUG Engine               - class com.almasb.fxgl.dev.DevService
22:23:24.975 [JavaFX Application Thread] DEBUG Menu                 - fireNewGame()
22:23:24.976 [JavaFX Application Thread] DEBUG GameApplicationServi - Starting new game
22:23:24.976 [JavaFX Application Thread] DEBUG PrimaryStageWindow   - Pop state: MainMenu
22:23:24.977 [JavaFX Application Thread] DEBUG Input                - Clearing active input actions
22:23:24.978 [JavaFX Application Thread] DEBUG GameApplicationServi - Removing overlay from MainMenu and adding to FXGLMainMenuDummyScene
22:23:24.978 [JavaFX Application Thread] DEBUG PrimaryStageWindow   - FXGLMainMenuDummyScene <- MainMenu
22:23:24.979 [JavaFX Application Thread] DEBUG Input                - Clearing active input actions
22:23:24.991 [JavaFX Application Thread] DEBUG GameApplicationServi - Removing overlay from FXGLMainMenuDummyScene and adding to FXGLLoadingScene
22:23:24.992 [JavaFX Application Thread] DEBUG PrimaryStageWindow   - FXGLMainMenuDummyScene -> FXGLLoadingScene
22:23:24.992 [JavaFX Application Thread] DEBUG GameApplicationServi - Clearing previous game
22:23:24.992 [JavaFX Application Thread] DEBUG GameScene            - Clearing game scene
22:23:24.992 [JavaFX Application Thread] DEBUG GameWorld            - Clearing game world
22:23:24.992 [JavaFX Application Thread] DEBUG PhysicsWorld         - Clearing physics world
22:23:24.996 [FXGL Background Thread 2 ] DEBUG FXGLApplication      - Initializing game
22:23:25.024 [FXGL Background Thread 2 ] DEBUG FXGLAssetLoaderServi - Loading from file system: file:/Users/chalitandunu/Desktop/the%20void/HS/Jaar%201/Periode%203/IPOSE/nerdsvsthevirus/target/classes/assets/textures/bg1.jpg
22:23:25.146 [FXGL Background Thread 2 ] WARN  TMXLevelLoader       - TiledMap generated from 1.5.0. Supported version: 1.2.3. Some features may not be parsed fully.
22:23:25.160 [FXGL Background Thread 2 ] DEBUG TMXLevelLoader       - Parsed raw map: TiledMap(width=30, height=10, tilewidth=70, tileheight=70, orientation=orthogonal, layers=[Layer(width=30, height=10, name=Bottom, type=tilelayer, visible=false, x=0, y=0, data=[0, 0, 0, 0, 0, 0, 0, 0, 0, 0, 0, 0, 0, 0, 0, 0, 0, 0, 0, 0, 0, 0, 0, 0, 0, 0, 0, 0, 0, 0, 0, 0, 0, 0, 0, 0, 0, 0, 0, 0, 0, 0, 0, 0, 0, 0, 0, 0, 0, 0, 0, 0, 0, 0, 0, 0, 0, 0, 0, 0, 0, 0, 0, 0, 0, 0, 0, 0, 0, 0, 0, 0, 0, 0, 0, 0, 0, 0, 0, 0, 0, 0, 0, 0, 0, 0, 0, 0, 0, 0, 0, 0, 0, 0, 0, 0, 0, 0, 0, 0, 0, 0, 0, 0, 0, 0, 0, 0, 0, 0, 0, 0, 0, 0, 0, 0, 0, 0, 0, 0, 0, 0, 0, 0, 0, 0, 0, 0, 0, 0, 0, 0, 0, 0, 0, 0, 0, 0, 0, 0, 0, 0, 0, 0, 0, 0, 0, 0, 0, 0, 0, 0, 0, 0, 0, 0, 0, 0, 0, 0, 0, 206, 205, 206, 0, 0, 0, 0, 0, 0, 0, 0, 0, 0, 0, 0, 0, 0, 0, 0, 0, 0, 0, 0, 0, 0, 0, 205, 206, 207, 0, 0, 0, 0, 0, 0, 0, 0, 0, 0, 0, 0, 0, 0, 0, 0, 0, 0, 0, 0, 0, 0, 0, 0, 206, 205, 0, 0, 0, 0, 0, 0, 0, 0, 0, 0, 0, 0, 0, 0, 0, 0, 0, 0, 0, 0, 0, 0, 0, 0, 0, 263, 0, 203, 0, 0, 0, 0, 0, 0, 0, 243, 244, 245, 0, 0, 0, 0, 0, 0, 0, 0, 0, 0, 0, 0, 0, 0, 0, 0, 185, 185, 185, 185, 185, 185, 185, 185, 185, 185, 185, 185, 185, 185, 185, 185, 0, 0, 185, 185, 185, 0, 0, 185, 185, 185, 185, 185, 185, 185], objects=[], opacity=0.0, draworder=), Layer(width=30, height=10, name=overlay, type=tilelayer, visible=false, x=0, y=0, data=[213, 185, 185, 185, 185, 185, 185, 185, 185, 185, 185, 227, 185, 185, 185, 185, 213, 0, 0, 0, 0, 0, 0, 0, 0, 0, 0, 0, 0, 0, 0, 0, 0, 0, 0, 0, 0, 0, 0, 0, 0, 241, 0, 0, 0, 0, 0, 0, 0, 0, 0, 0, 0, 0, 0, 0, 0, 0, 0, 0, 0, 0, 0, 0, 0, 0, 0, 0, 0, 0, 0, 255, 0, 0, 0, 0, 0, 0, 0, 0, 0, 0, 0, 0, 0, 0, 0, 0, 0, 0, 0, 0, 0, 0, 0, 0, 0, 0, 0, 0, 0, 0, 0, 0, 0, 0, 0, 0, 0, 0, 0, 0, 0, 0, 0, 0, 0, 0, 0, 0, 0, 0, 0, 0, 0, 0, 0, 0, 0, 0, 0, 0, 0, 0, 0, 0, 0, 0, 0, 0, 0, 0, 0, 0, 0, 0, 0, 0, 0, 0, 0, 0, 0, 0, 0, 0, 0, 0, 0, 0, 0, 215, 216, 217, 0, 0, 0, 0, 0, 0, 0, 0, 0, 0, 0, 0, 0, 0, 0, 0, 0, 0, 0, 0, 0, 0, 0, 0, 0, 0, 0, 0, 0, 0, 0, 0, 0, 0, 0, 0, 0, 0, 0, 0, 0, 0, 0, 0, 0, 0, 0, 0, 0, 189, 0, 0, 0, 0, 0, 0, 0, 0, 0, 226, 0, 0, 0, 0, 0, 0, 0, 0, 0, 0, 0, 0, 0, 0, 46, 0, 0, 0, 0, 0, 0, 0, 0, 0, 0, 0, 0, 0, 0, 0, 0, 0, 0, 0, 0, 0, 0, 0, 0, 0, 0, 0, 226, 0, 58, 0, 0, 0, 0, 0, 0, 0, 0, 0, 0, 0, 0, 0, 0, 0, 0, 0, 224, 224, 0, 0, 0, 224, 224, 0, 0, 0, 0, 0, 0, 0], objects=[], opacity=0.0, draworder=), Layer(width=0, height=0, name=Objectlaag 1, type=objectgroup, visible=false, x=0, y=0, data=[], objects=[com.almasb.fxgl.entity.level.tiled.TiledObject@219813dc, com.almasb.fxgl.entity.level.tiled.TiledObject@7a2c4b34, com.almasb.fxgl.entity.level.tiled.TiledObject@c67494f, com.almasb.fxgl.entity.level.tiled.TiledObject@7429e4ec, com.almasb.fxgl.entity.level.tiled.TiledObject@154e1f46, com.almasb.fxgl.entity.level.tiled.TiledObject@d238330, com.almasb.fxgl.entity.level.tiled.TiledObject@3b389eea, com.almasb.fxgl.entity.level.tiled.TiledObject@d13e5, com.almasb.fxgl.entity.level.tiled.TiledObject@65dc888d, com.almasb.fxgl.entity.level.tiled.TiledObject@74f7bd05, com.almasb.fxgl.entity.level.tiled.TiledObject@bc7b2bf, com.almasb.fxgl.entity.level.tiled.TiledObject@633d0a19, com.almasb.fxgl.entity.level.tiled.TiledObject@62246e13, com.almasb.fxgl.entity.level.tiled.TiledObject@2bf2e8c7, com.almasb.fxgl.entity.level.tiled.TiledObject@1d16e54c, com.almasb.fxgl.entity.level.tiled.TiledObject@16704935, com.almasb.fxgl.entity.level.tiled.TiledObject@5765e91e, com.almasb.fxgl.entity.level.tiled.TiledObject@6bed87e5, com.almasb.fxgl.entity.level.tiled.TiledObject@417b3351, com.almasb.fxgl.entity.level.tiled.TiledObject@55d6f3aa], opacity=0.0, draworder=)], tilesets=[Tileset(firstgid=1, image=../../../../../../../Eigen test/src/main/resources/assets/levels/tiles_spritesheet.png, name=tiles_spritesheet, tilewidth=70, tileheight=70, imagewidth=914, imageheight=936, margin=0, spacing=2, columns=12, tilecount=156, transparentcolor=, tiles=[]), Tileset(firstgid=157, image=../../../../../../../Eigen test/src/main/resources/assets/levels/platformerPack_industrial_tilesheet.png, name=_industrial, tilewidth=70, tileheight=70, imagewidth=980, imageheight=560, margin=0, spacing=0, columns=14, tilecount=112, transparentcolor=, tiles=[])], backgroundcolor=, renderorder=right-down, nextobjectid=29, version=1, tiledversion=1.5.0, type=map, infinite=false, hexsidelength=0, staggeraxis=, staggerindex=, properties={}, propertytypes={})
22:23:25.161 [FXGL Background Thread 2 ] DEBUG TMXLevelLoader       - Creating tile layer entities
22:23:25.163 [FXGL Background Thread 2 ] DEBUG TilesetLoader        - Loading view for layer Bottom
22:23:25.168 [FXGL Background Thread 2 ] DEBUG TilesetLoader        - Created buffer with size 2100.0x700.0
22:23:25.185 [FXGL Background Thread 2 ] DEBUG TilesetLoader        - Writing to buffer: dst=770,350, w=70,h=70, src=490,210
22:23:25.186 [FXGL Background Thread 2 ] DEBUG TilesetLoader        - Writing to buffer: dst=840,350, w=70,h=70, src=420,210
22:23:25.186 [FXGL Background Thread 2 ] DEBUG TilesetLoader        - Writing to buffer: dst=910,350, w=70,h=70, src=490,210
22:23:25.186 [FXGL Background Thread 2 ] DEBUG TilesetLoader        - Writing to buffer: dst=490,420, w=70,h=70, src=420,210
22:23:25.186 [FXGL Background Thread 2 ] DEBUG TilesetLoader        - Writing to buffer: dst=560,420, w=70,h=70, src=490,210
22:23:25.186 [FXGL Background Thread 2 ] DEBUG TilesetLoader        - Writing to buffer: dst=630,420, w=70,h=70, src=560,210
22:23:25.186 [FXGL Background Thread 2 ] DEBUG TilesetLoader        - Writing to buffer: dst=280,490, w=70,h=70, src=490,210
22:23:25.187 [FXGL Background Thread 2 ] DEBUG TilesetLoader        - Writing to buffer: dst=350,490, w=70,h=70, src=420,210
22:23:25.188 [FXGL Background Thread 2 ] DEBUG TilesetLoader        - Writing to buffer: dst=70,560, w=70,h=70, src=560,490
22:23:25.188 [FXGL Background Thread 2 ] DEBUG TilesetLoader        - Writing to buffer: dst=210,560, w=70,h=70, src=280,210
22:23:25.188 [FXGL Background Thread 2 ] DEBUG TilesetLoader        - Writing to buffer: dst=770,560, w=70,h=70, src=140,420
22:23:25.189 [FXGL Background Thread 2 ] DEBUG TilesetLoader        - Writing to buffer: dst=840,560, w=70,h=70, src=210,420
22:23:25.190 [FXGL Background Thread 2 ] DEBUG TilesetLoader        - Writing to buffer: dst=910,560, w=70,h=70, src=280,420
22:23:25.190 [FXGL Background Thread 2 ] DEBUG TilesetLoader        - Writing to buffer: dst=0,630, w=70,h=70, src=0,140
22:23:25.190 [FXGL Background Thread 2 ] DEBUG TilesetLoader        - Writing to buffer: dst=70,630, w=70,h=70, src=0,140
22:23:25.194 [FXGL Background Thread 2 ] DEBUG TilesetLoader        - Writing to buffer: dst=140,630, w=70,h=70, src=0,140
22:23:25.194 [FXGL Background Thread 2 ] DEBUG TilesetLoader        - Writing to buffer: dst=210,630, w=70,h=70, src=0,140
22:23:25.194 [FXGL Background Thread 2 ] DEBUG TilesetLoader        - Writing to buffer: dst=280,630, w=70,h=70, src=0,140
22:23:25.196 [FXGL Background Thread 2 ] DEBUG TilesetLoader        - Writing to buffer: dst=350,630, w=70,h=70, src=0,140
22:23:25.196 [FXGL Background Thread 2 ] DEBUG TilesetLoader        - Writing to buffer: dst=420,630, w=70,h=70, src=0,140
22:23:25.197 [FXGL Background Thread 2 ] DEBUG TilesetLoader        - Writing to buffer: dst=490,630, w=70,h=70, src=0,140
22:23:25.197 [FXGL Background Thread 2 ] DEBUG TilesetLoader        - Writing to buffer: dst=560,630, w=70,h=70, src=0,140
22:23:25.197 [FXGL Background Thread 2 ] DEBUG TilesetLoader        - Writing to buffer: dst=630,630, w=70,h=70, src=0,140
22:23:25.197 [FXGL Background Thread 2 ] DEBUG TilesetLoader        - Writing to buffer: dst=700,630, w=70,h=70, src=0,140
22:23:25.197 [FXGL Background Thread 2 ] DEBUG TilesetLoader        - Writing to buffer: dst=770,630, w=70,h=70, src=0,140
22:23:25.202 [FXGL Background Thread 2 ] DEBUG TilesetLoader        - Writing to buffer: dst=840,630, w=70,h=70, src=0,140
22:23:25.203 [FXGL Background Thread 2 ] DEBUG TilesetLoader        - Writing to buffer: dst=910,630, w=70,h=70, src=0,140
22:23:25.203 [FXGL Background Thread 2 ] DEBUG TilesetLoader        - Writing to buffer: dst=980,630, w=70,h=70, src=0,140
22:23:25.203 [FXGL Background Thread 2 ] DEBUG TilesetLoader        - Writing to buffer: dst=1050,630, w=70,h=70, src=0,140
22:23:25.203 [FXGL Background Thread 2 ] DEBUG TilesetLoader        - Writing to buffer: dst=1260,630, w=70,h=70, src=0,140
22:23:25.203 [FXGL Background Thread 2 ] DEBUG TilesetLoader        - Writing to buffer: dst=1330,630, w=70,h=70, src=0,140
22:23:25.204 [FXGL Background Thread 2 ] DEBUG TilesetLoader        - Writing to buffer: dst=1400,630, w=70,h=70, src=0,140
22:23:25.204 [FXGL Background Thread 2 ] DEBUG TilesetLoader        - Writing to buffer: dst=1610,630, w=70,h=70, src=0,140
22:23:25.204 [FXGL Background Thread 2 ] DEBUG TilesetLoader        - Writing to buffer: dst=1680,630, w=70,h=70, src=0,140
22:23:25.204 [FXGL Background Thread 2 ] DEBUG TilesetLoader        - Writing to buffer: dst=1750,630, w=70,h=70, src=0,140
22:23:25.204 [FXGL Background Thread 2 ] DEBUG TilesetLoader        - Writing to buffer: dst=1820,630, w=70,h=70, src=0,140
22:23:25.204 [FXGL Background Thread 2 ] DEBUG TilesetLoader        - Writing to buffer: dst=1890,630, w=70,h=70, src=0,140
22:23:25.205 [FXGL Background Thread 2 ] DEBUG TilesetLoader        - Writing to buffer: dst=1960,630, w=70,h=70, src=0,140
22:23:25.205 [FXGL Background Thread 2 ] DEBUG TilesetLoader        - Writing to buffer: dst=2030,630, w=70,h=70, src=0,140
22:23:25.207 [FXGL Background Thread 2 ] DEBUG TilesetLoader        - Loading view for layer overlay
22:23:25.208 [FXGL Background Thread 2 ] DEBUG TilesetLoader        - Created buffer with size 2100.0x700.0
22:23:25.208 [FXGL Background Thread 2 ] DEBUG TilesetLoader        - Writing to buffer: dst=0,0, w=70,h=70, src=0,280
22:23:25.208 [FXGL Background Thread 2 ] DEBUG TilesetLoader        - Writing to buffer: dst=70,0, w=70,h=70, src=0,140
22:23:25.208 [FXGL Background Thread 2 ] DEBUG TilesetLoader        - Writing to buffer: dst=140,0, w=70,h=70, src=0,140
22:23:25.209 [FXGL Background Thread 2 ] DEBUG TilesetLoader        - Writing to buffer: dst=210,0, w=70,h=70, src=0,140
22:23:25.209 [FXGL Background Thread 2 ] DEBUG TilesetLoader        - Writing to buffer: dst=280,0, w=70,h=70, src=0,140
22:23:25.209 [FXGL Background Thread 2 ] DEBUG TilesetLoader        - Writing to buffer: dst=350,0, w=70,h=70, src=0,140
22:23:25.209 [FXGL Background Thread 2 ] DEBUG TilesetLoader        - Writing to buffer: dst=420,0, w=70,h=70, src=0,140
22:23:25.210 [FXGL Background Thread 2 ] DEBUG TilesetLoader        - Writing to buffer: dst=490,0, w=70,h=70, src=0,140
22:23:25.210 [FXGL Background Thread 2 ] DEBUG TilesetLoader        - Writing to buffer: dst=560,0, w=70,h=70, src=0,140
22:23:25.210 [FXGL Background Thread 2 ] DEBUG TilesetLoader        - Writing to buffer: dst=630,0, w=70,h=70, src=0,140
22:23:25.211 [FXGL Background Thread 2 ] DEBUG TilesetLoader        - Writing to buffer: dst=700,0, w=70,h=70, src=0,140
22:23:25.211 [FXGL Background Thread 2 ] DEBUG TilesetLoader        - Writing to buffer: dst=770,0, w=70,h=70, src=0,350
22:23:25.211 [FXGL Background Thread 2 ] DEBUG TilesetLoader        - Writing to buffer: dst=840,0, w=70,h=70, src=0,140
22:23:25.211 [FXGL Background Thread 2 ] DEBUG TilesetLoader        - Writing to buffer: dst=910,0, w=70,h=70, src=0,140
22:23:25.211 [FXGL Background Thread 2 ] DEBUG TilesetLoader        - Writing to buffer: dst=980,0, w=70,h=70, src=0,140
22:23:25.212 [FXGL Background Thread 2 ] DEBUG TilesetLoader        - Writing to buffer: dst=1050,0, w=70,h=70, src=0,140
22:23:25.212 [FXGL Background Thread 2 ] DEBUG TilesetLoader        - Writing to buffer: dst=1120,0, w=70,h=70, src=0,280
22:23:25.213 [FXGL Background Thread 2 ] DEBUG TilesetLoader        - Writing to buffer: dst=770,70, w=70,h=70, src=0,420
22:23:25.213 [FXGL Background Thread 2 ] DEBUG TilesetLoader        - Writing to buffer: dst=770,140, w=70,h=70, src=0,490
22:23:25.213 [FXGL Background Thread 2 ] DEBUG TilesetLoader        - Writing to buffer: dst=770,350, w=70,h=70, src=140,280
22:23:25.213 [FXGL Background Thread 2 ] DEBUG TilesetLoader        - Writing to buffer: dst=840,350, w=70,h=70, src=210,280
22:23:25.213 [FXGL Background Thread 2 ] DEBUG TilesetLoader        - Writing to buffer: dst=910,350, w=70,h=70, src=280,280
22:23:25.214 [FXGL Background Thread 2 ] DEBUG TilesetLoader        - Writing to buffer: dst=210,490, w=70,h=70, src=280,140
22:23:25.214 [FXGL Background Thread 2 ] DEBUG TilesetLoader        - Writing to buffer: dst=910,490, w=70,h=70, src=910,280
22:23:25.232 [FXGL Background Thread 2 ] DEBUG TilesetLoader        - Writing to buffer: dst=1960,490, w=70,h=70, src=648,216
22:23:25.232 [FXGL Background Thread 2 ] DEBUG TilesetLoader        - Writing to buffer: dst=1820,560, w=70,h=70, src=910,280
22:23:25.232 [FXGL Background Thread 2 ] DEBUG TilesetLoader        - Writing to buffer: dst=1960,560, w=70,h=70, src=648,288
22:23:25.233 [FXGL Background Thread 2 ] DEBUG TilesetLoader        - Writing to buffer: dst=1120,630, w=70,h=70, src=770,280
22:23:25.233 [FXGL Background Thread 2 ] DEBUG TilesetLoader        - Writing to buffer: dst=1190,630, w=70,h=70, src=770,280
22:23:25.233 [FXGL Background Thread 2 ] DEBUG TilesetLoader        - Writing to buffer: dst=1470,630, w=70,h=70, src=770,280
22:23:25.233 [FXGL Background Thread 2 ] DEBUG TilesetLoader        - Writing to buffer: dst=1540,630, w=70,h=70, src=770,280
22:23:25.233 [FXGL Background Thread 2 ] DEBUG TMXLevelLoader       - Creating object layer entities
22:23:25.243 [FXGL Background Thread 2 ] DEBUG FXGLAssetLoaderServi - Loading from file system: file:/Users/chalitandunu/Desktop/the%20void/HS/Jaar%201/Periode%203/IPOSE/nerdsvsthevirus/target/classes/assets/textures/spuit2.png
22:23:25.251 [FXGL Background Thread 2 ] DEBUG FXGLAssetLoaderServi - Loading from file system: file:/Users/chalitandunu/Desktop/the%20void/HS/Jaar%201/Periode%203/IPOSE/nerdsvsthevirus/target/classes/assets/textures/bacteria.png
22:23:25.260 [FXGL Background Thread 2 ] DEBUG GameWorld            - Clearing removable entities
22:23:25.261 [FXGL Background Thread 2 ] DEBUG GameWorld            - Setting level: com.almasb.fxgl.entity.level.Level@205f4748
22:23:25.271 [FXGL Background Thread 2 ] DEBUG FXGLAssetLoaderServi - Loading from file system: file:/Users/chalitandunu/Desktop/the%20void/HS/Jaar%201/Periode%203/IPOSE/nerdsvsthevirus/target/classes/assets/textures/nerd.png
22:23:25.283 [FXGL Background Thread 2 ] DEBUG FXGLAssetLoaderServi - Loading from file system: file:/Users/chalitandunu/Desktop/the%20void/HS/Jaar%201/Periode%203/IPOSE/nerdsvsthevirus/target/classes/assets/textures/hart.png
22:23:25.296 [FXGL Background Thread 2 ] INFO  FXGLApplication      - Game initialization took: 0.300 sec
22:23:25.296 [JavaFX Application Thread] DEBUG Input                - Clearing active input actions
22:23:25.306 [JavaFX Application Thread] DEBUG GameApplicationServi - Removing overlay from FXGLLoadingScene and adding to GameScene
22:23:25.306 [JavaFX Application Thread] DEBUG PrimaryStageWindow   - FXGLLoadingScene -> GameScene
22:23:43.873 [JavaFX Application Thread] DEBUG FXGLApplication      - Exiting FXGL
22:23:43.873 [JavaFX Application Thread] DEBUG LoopRunner           - Stopping loop
22:23:43.873 [JavaFX Application Thread] DEBUG SystemBundleService  - Saving FXGL system data
22:23:43.877 [JavaFX Application Thread] DEBUG FileSystemAccess     - Writing to: /Users/chalitandunu/Desktop/the void/HS/Jaar 1/Periode 3/IPOSE/nerdsvsthevirus/system/fxgl.bundle
22:23:43.879 [JavaFX Application Thread] DEBUG Async                - Shutting down background threads
22:23:43.879 [JavaFX Application Thread] DEBUG PrimaryStageWindow   - Closing main window
22:23:43.886 [JavaFX Application Thread] DEBUG Logger               - Closing Logger
