00:25:03.432 [main                     ] DEBUG Logger               - Configured Logger
00:25:03.444 [main                     ] DEBUG GameApplication      - Logging settings
Title: Nerds VS Virus
Version: 0.0
Width: 1050
Height: 700
Fullscreen: false
Intro: false
Profiling: false
Single step:false
App Mode: DEVELOPER
Menu Key: ESCAPE
Stage Style: DECORATED
Scene Factory: class NerdvsVirus.Game$1

00:25:03.927 [JavaFX Application Thread] DEBUG FXGLApplication      - Initializing FXGL
00:25:03.929 [JavaFX Application Thread] INFO  Engine               - FXGL-11.14 (01.03.2021 16.59) on WINDOWS (J:15.0.2 FX:15)
00:25:03.929 [JavaFX Application Thread] DEBUG Engine               - JRE Vendor Name: Oracle Corporation
00:25:03.929 [JavaFX Application Thread] DEBUG Engine               - Running on OS: Windows 10 version 10.0
00:25:03.929 [JavaFX Application Thread] DEBUG Engine               - Architecture: amd64
00:25:03.929 [JavaFX Application Thread] INFO  Engine               - Source code and latest versions at: https://github.com/AlmasB/FXGL
00:25:03.930 [JavaFX Application Thread] INFO  Engine               -              Join the FXGL chat at: https://gitter.im/AlmasB/FXGL
00:25:04.041 [JavaFX Application Thread] DEBUG PrimaryStageWindow   - Creating a JavaFX scene
00:25:04.090 [JavaFX Application Thread] DEBUG PrimaryStageWindow   - Target settings size: 1050.0 x 700.0
00:25:04.090 [JavaFX Application Thread] DEBUG PrimaryStageWindow   - Scaled scene size:    1050.0 x 700.0
00:25:04.090 [JavaFX Application Thread] DEBUG PrimaryStageWindow   - Scaled ratio: (1.0, 1.0)
00:25:04.091 [JavaFX Application Thread] DEBUG PrimaryStageWindow   - Set initial scene to FXGLStartupScene
00:25:04.098 [JavaFX Application Thread] DEBUG PrimaryStageWindow   - Opening main window
00:25:04.173 [JavaFX Application Thread] DEBUG PrimaryStageWindow   - Window border size: (16.0, 39.0)
00:25:04.173 [JavaFX Application Thread] DEBUG PrimaryStageWindow   - Scaled size: 1050.0 x 700.0
00:25:04.173 [JavaFX Application Thread] DEBUG PrimaryStageWindow   - Scaled ratio: (1.0, 1.0)
00:25:04.174 [JavaFX Application Thread] DEBUG PrimaryStageWindow   - Scene size: 1050.0 x 700.0
00:25:04.174 [JavaFX Application Thread] DEBUG PrimaryStageWindow   - Stage size: 1066.0 x 739.0
00:25:04.182 [FXGL Background Thread 1 ] DEBUG Engine               - Initializing environment variables
00:25:04.212 [FXGL Background Thread 1 ] DEBUG FXGLAssetLoaderServi - User app class for loading assets: class NerdvsVirus.Game
00:25:04.212 [FXGL Background Thread 1 ] DEBUG GameApplicationServi - Applying CSS: fxgl_dark.css
00:25:04.213 [FXGL Background Thread 1 ] DEBUG FXGLAssetLoaderServi - Loading from file system: jar:file:/C:/Users/luukb/.m2/repository/com/github/almasb/fxgl/11.14/fxgl-11.14.jar!/fxglassets/ui/css/fxgl_dark.css
00:25:04.254 [FXGL Background Thread 1 ] DEBUG GameApplicationServi - Initializing application scenes
00:25:04.285 [FXGL Background Thread 1 ] DEBUG GameWorld            - Game world initialized
00:25:04.342 [FXGL Background Thread 1 ] DEBUG PhysicsWorld         - Physics world initialized: appHeight=700, physics.ppm=50,0
00:25:04.342 [FXGL Background Thread 1 ] DEBUG PhysicsWorld         - Using strategy: BRUTE_FORCE
00:25:04.344 [FXGL Background Thread 1 ] DEBUG GameScene            - Game scene initialized: 1050x700
00:25:04.466 [FXGL Background Thread 1 ] DEBUG FXGLAssetLoaderServi - Loading from file system: jar:file:/C:/Users/luukb/.m2/repository/com/github/almasb/fxgl/11.14/fxgl-11.14.jar!/fxglassets/textures/particles/trace_horizontal.png
00:25:04.493 [FXGL Background Thread 1 ] DEBUG FXGL.DefaultMenu     - createMenuBodyGameMenu()
00:25:04.508 [FXGL Background Thread 1 ] DEBUG FXGL.DefaultMenu     - createOptionsMenu()
00:25:04.513 [FXGL Background Thread 1 ] DEBUG FXGLAssetLoaderServi - Loading from file system: jar:file:/C:/Users/luukb/.m2/repository/com/github/almasb/fxgl/11.14/fxgl-11.14.jar!/fxglassets/textures/particles/smoke.png
00:25:04.563 [FXGL Background Thread 1 ] DEBUG GameApplicationServi - Application scenes initialized
00:25:04.576 [FXGL Background Thread 1 ] DEBUG SystemBundleService  - Loading FXGL system data
00:25:04.581 [FXGL Background Thread 1 ] DEBUG FileSystemAccess     - Reading from: D:\OneDrive\OneDrive - Hogeschool Leiden\IPOSE\NERDS VS VIRUS\nerdsvsthevirus\system\fxgl.bundle
00:25:04.588 [FXGL Background Thread 1 ] DEBUG SystemBundleService  - Bundle FXGL: {}
00:25:04.588 [FXGL Background Thread 1 ] DEBUG UpdaterService       - Checking for updates
00:25:04.593 [FXGL Background Thread 4 ] DEBUG FXGLApplication      - Loading fonts
00:25:04.593 [FXGL Background Thread 1 ] DEBUG FXGLApplication      - Loading default localization
00:25:04.594 [FXGL Background Thread 4 ] DEBUG FXGLAssetLoaderServi - Loading from file system: jar:file:/C:/Users/luukb/.m2/repository/com/github/almasb/fxgl/11.14/fxgl-11.14.jar!/fxglassets/ui/fonts/VarelaRound-Regular.ttf
00:25:04.594 [FXGL Background Thread 1 ] DEBUG FXGLAssetLoaderServi - Loading from file system: jar:file:/C:/Users/luukb/.m2/repository/com/github/almasb/fxgl/11.14/fxgl-11.14.jar!/fxglassets/languages/english.lang
00:25:04.598 [FXGL Background Thread 4 ] DEBUG FXGLAssetLoaderServi - Loading from file system: jar:file:/C:/Users/luukb/.m2/repository/com/github/almasb/fxgl/11.14/fxgl-11.14.jar!/fxglassets/ui/fonts/Abel-Regular.ttf
00:25:04.602 [FXGL Background Thread 4 ] DEBUG FXGLAssetLoaderServi - Loading from file system: jar:file:/C:/Users/luukb/.m2/repository/com/github/almasb/fxgl/11.14/fxgl-11.14.jar!/fxglassets/ui/fonts/lucida_console.ttf
00:25:04.609 [FXGL Background Thread 1 ] INFO  FXGLApplication      - FXGL initialization took: 0,427 sec
00:25:04.609 [FXGL Background Thread 4 ] DEBUG FXGLAssetLoaderServi - Loading from file system: jar:file:/C:/Users/luukb/.m2/repository/com/github/almasb/fxgl/11.14/fxgl-11.14.jar!/fxglassets/ui/fonts/Courier-Prime.ttf
00:25:04.619 [JavaFX Application Thread] DEBUG Input                - Registered new binding: Left - A
00:25:04.619 [JavaFX Application Thread] DEBUG Input                - Registered new binding: Right - D
00:25:04.620 [JavaFX Application Thread] DEBUG Input                - Registered new binding: Jump - W
00:25:04.620 [JavaFX Application Thread] DEBUG FXGLAssetLoaderServi - Loading from file system: jar:file:/C:/Users/luukb/.m2/repository/com/github/almasb/fxgl/11.14/fxgl-11.14.jar!/fxglassets/textures/fxgl_icon.png
00:25:04.628 [JavaFX Application Thread] DEBUG FXGLAssetLoaderServi - Loading from file system: jar:file:/C:/Users/luukb/.m2/repository/com/github/almasb/fxgl/11.14/fxgl-11.14.jar!/fxglassets/ui/cursors/fxgl_default.png
00:25:04.630 [JavaFX Application Thread] DEBUG Input                - Registered new binding: Screenshot - P
00:25:04.631 [JavaFX Application Thread] DEBUG Input                - Registered new binding: System info dump - CTRL+9
00:25:04.631 [JavaFX Application Thread] DEBUG Input                - Registered new binding: Restart - CTRL+R
00:25:04.632 [JavaFX Application Thread] DEBUG Input                - Registered new binding: Toggle Debug Camera - CTRL+C
00:25:04.634 [JavaFX Application Thread] DEBUG LoopRunner           - Starting loop
00:25:04.635 [JavaFX Application Thread] DEBUG LoopRunner           - Initializing JavaFX AnimationTimerLoop
00:25:04.638 [JavaFX Application Thread] DEBUG Input                - Clearing active input actions
00:25:04.643 [JavaFX Application Thread] DEBUG GameApplicationServi - Removing overlay from FXGLStartupScene and adding to FXGLMainMenuDummyScene
00:25:04.643 [JavaFX Application Thread] DEBUG PrimaryStageWindow   - FXGLStartupScene -> FXGLMainMenuDummyScene
00:25:04.643 [JavaFX Application Thread] DEBUG PrimaryStageWindow   - Push state: MainMenu
00:25:04.644 [JavaFX Application Thread] DEBUG Input                - Clearing active input actions
00:25:05.029 [JavaFX Application Thread] DEBUG GameApplicationServi - Removing overlay from FXGLMainMenuDummyScene and adding to MainMenu
00:25:05.029 [JavaFX Application Thread] DEBUG PrimaryStageWindow   - FXGLMainMenuDummyScene -> MainMenu
00:25:05.037 [JavaFX Application Thread] DEBUG FXGLApplication      - Registering font factories with UI factory
00:25:05.785 [JavaFX Application Thread] DEBUG Menu                 - fireNewGame()
00:25:05.785 [JavaFX Application Thread] DEBUG GameApplicationServi - Starting new game
00:25:05.785 [JavaFX Application Thread] DEBUG PrimaryStageWindow   - Pop state: MainMenu
00:25:05.785 [JavaFX Application Thread] DEBUG Input                - Clearing active input actions
00:25:05.786 [JavaFX Application Thread] DEBUG GameApplicationServi - Removing overlay from MainMenu and adding to FXGLMainMenuDummyScene
00:25:05.786 [JavaFX Application Thread] DEBUG PrimaryStageWindow   - FXGLMainMenuDummyScene <- MainMenu
00:25:05.786 [JavaFX Application Thread] DEBUG Input                - Clearing active input actions
00:25:05.792 [JavaFX Application Thread] DEBUG GameApplicationServi - Removing overlay from FXGLMainMenuDummyScene and adding to FXGLLoadingScene
00:25:05.793 [JavaFX Application Thread] DEBUG PrimaryStageWindow   - FXGLMainMenuDummyScene -> FXGLLoadingScene
00:25:05.793 [JavaFX Application Thread] DEBUG GameApplicationServi - Clearing previous game
00:25:05.793 [JavaFX Application Thread] DEBUG GameScene            - Clearing game scene
00:25:05.793 [JavaFX Application Thread] DEBUG GameWorld            - Clearing game world
00:25:05.793 [JavaFX Application Thread] DEBUG PhysicsWorld         - Clearing physics world
00:25:05.794 [FXGL Background Thread 2 ] DEBUG FXGLApplication      - Initializing game
00:25:05.816 [FXGL Background Thread 2 ] WARN  TMXLevelLoader       - TiledMap generated from 1.5.0. Supported version: 1.2.3. Some features may not be parsed fully.
00:25:05.823 [FXGL Background Thread 2 ] DEBUG TMXLevelLoader       - Parsed raw map: TiledMap(width=30, height=10, tilewidth=70, tileheight=70, orientation=orthogonal, layers=[Layer(width=30, height=10, name=Bottom, type=tilelayer, visible=false, x=0, y=0, data=[0, 0, 0, 0, 0, 0, 0, 0, 0, 0, 0, 0, 0, 0, 0, 0, 0, 0, 0, 0, 0, 0, 0, 0, 0, 0, 0, 0, 0, 0, 0, 0, 0, 0, 0, 0, 0, 0, 0, 0, 0, 0, 0, 0, 0, 0, 0, 0, 0, 0, 0, 0, 0, 0, 0, 0, 0, 0, 0, 0, 0, 0, 0, 0, 0, 0, 0, 0, 0, 0, 0, 0, 0, 0, 0, 0, 0, 0, 0, 0, 0, 0, 0, 0, 0, 0, 0, 0, 0, 0, 0, 0, 0, 0, 0, 0, 0, 0, 0, 0, 0, 0, 0, 0, 0, 0, 0, 0, 0, 0, 0, 0, 0, 0, 0, 0, 0, 0, 0, 0, 0, 0, 0, 0, 0, 0, 0, 0, 0, 0, 0, 0, 0, 0, 0, 0, 0, 0, 0, 0, 0, 0, 0, 0, 0, 0, 0, 0, 0, 0, 0, 0, 0, 0, 0, 0, 0, 0, 0, 0, 0, 206, 205, 206, 0, 0, 0, 0, 0, 0, 0, 0, 0, 0, 0, 0, 0, 0, 0, 0, 0, 0, 0, 0, 0, 0, 0, 205, 206, 207, 0, 0, 0, 0, 0, 0, 0, 0, 0, 0, 0, 0, 0, 0, 0, 0, 0, 0, 0, 0, 0, 0, 0, 0, 206, 205, 0, 0, 0, 0, 0, 0, 0, 0, 0, 0, 0, 0, 0, 0, 0, 0, 0, 0, 0, 0, 0, 0, 0, 0, 0, 263, 0, 203, 0, 0, 0, 0, 0, 0, 0, 243, 244, 245, 0, 0, 0, 0, 0, 0, 0, 0, 0, 0, 0, 0, 0, 0, 0, 0, 185, 185, 185, 185, 185, 185, 185, 185, 185, 185, 185, 185, 185, 185, 185, 185, 0, 0, 185, 185, 185, 0, 0, 185, 185, 185, 185, 185, 185, 185], objects=[], opacity=0.0, draworder=), Layer(width=30, height=10, name=overlay, type=tilelayer, visible=false, x=0, y=0, data=[213, 185, 185, 185, 185, 185, 185, 185, 185, 185, 185, 227, 185, 185, 185, 185, 213, 0, 0, 0, 0, 0, 0, 0, 0, 0, 0, 0, 0, 0, 0, 0, 0, 0, 0, 0, 0, 0, 0, 0, 0, 241, 0, 0, 0, 0, 0, 0, 0, 0, 0, 0, 0, 0, 0, 0, 0, 0, 0, 0, 0, 0, 0, 0, 0, 0, 0, 0, 0, 0, 0, 255, 0, 0, 0, 0, 0, 0, 0, 0, 0, 0, 0, 0, 0, 0, 0, 0, 0, 0, 0, 0, 0, 0, 0, 0, 0, 0, 0, 0, 0, 0, 0, 0, 0, 0, 0, 0, 0, 0, 0, 0, 0, 0, 0, 0, 0, 0, 0, 0, 0, 0, 0, 0, 0, 0, 0, 0, 0, 0, 0, 0, 0, 0, 0, 0, 0, 0, 0, 0, 0, 0, 0, 0, 0, 0, 0, 0, 0, 0, 0, 0, 0, 0, 0, 0, 0, 0, 0, 0, 0, 215, 216, 217, 0, 0, 0, 0, 0, 0, 0, 0, 0, 0, 0, 0, 0, 0, 0, 0, 0, 0, 0, 0, 0, 0, 0, 0, 0, 0, 0, 0, 0, 0, 0, 0, 0, 0, 0, 0, 0, 0, 0, 0, 0, 0, 0, 0, 0, 0, 0, 0, 0, 189, 0, 0, 0, 0, 0, 0, 0, 0, 0, 226, 0, 0, 0, 0, 0, 0, 0, 0, 0, 0, 0, 0, 0, 0, 46, 0, 0, 0, 0, 0, 0, 0, 0, 0, 0, 0, 0, 0, 0, 0, 0, 0, 0, 0, 0, 0, 0, 0, 0, 0, 0, 0, 226, 0, 58, 0, 0, 0, 0, 0, 0, 0, 0, 0, 0, 0, 0, 0, 0, 0, 0, 0, 224, 224, 0, 0, 0, 224, 224, 0, 0, 0, 0, 0, 0, 0], objects=[], opacity=0.0, draworder=), Layer(width=0, height=0, name=Objectlaag 1, type=objectgroup, visible=false, x=0, y=0, data=[], objects=[com.almasb.fxgl.entity.level.tiled.TiledObject@11d7bcb6, com.almasb.fxgl.entity.level.tiled.TiledObject@73f22ac6, com.almasb.fxgl.entity.level.tiled.TiledObject@47558b1f, com.almasb.fxgl.entity.level.tiled.TiledObject@6e3c2d4e, com.almasb.fxgl.entity.level.tiled.TiledObject@42a20e33, com.almasb.fxgl.entity.level.tiled.TiledObject@2064b8bb, com.almasb.fxgl.entity.level.tiled.TiledObject@4b02c2db, com.almasb.fxgl.entity.level.tiled.TiledObject@445bc0a8, com.almasb.fxgl.entity.level.tiled.TiledObject@16da8d86, com.almasb.fxgl.entity.level.tiled.TiledObject@137e4e86, com.almasb.fxgl.entity.level.tiled.TiledObject@4e374228, com.almasb.fxgl.entity.level.tiled.TiledObject@54f395c6, com.almasb.fxgl.entity.level.tiled.TiledObject@16878463, com.almasb.fxgl.entity.level.tiled.TiledObject@776cf24b, com.almasb.fxgl.entity.level.tiled.TiledObject@3bec88c, com.almasb.fxgl.entity.level.tiled.TiledObject@4bab3098, com.almasb.fxgl.entity.level.tiled.TiledObject@61250112], opacity=0.0, draworder=)], tilesets=[Tileset(firstgid=1, image=../../../../../../../Eigen test/src/main/resources/assets/levels/tiles_spritesheet.png, name=tiles_spritesheet, tilewidth=70, tileheight=70, imagewidth=914, imageheight=936, margin=0, spacing=2, columns=12, tilecount=156, transparentcolor=, tiles=[]), Tileset(firstgid=157, image=../../../../../../../Eigen test/src/main/resources/assets/levels/platformerPack_industrial_tilesheet.png, name=_industrial, tilewidth=70, tileheight=70, imagewidth=980, imageheight=560, margin=0, spacing=0, columns=14, tilecount=112, transparentcolor=, tiles=[])], backgroundcolor=, renderorder=right-down, nextobjectid=21, version=1, tiledversion=1.5.0, type=map, infinite=false, hexsidelength=0, staggeraxis=, staggerindex=, properties={}, propertytypes={})
00:25:05.824 [FXGL Background Thread 2 ] DEBUG TMXLevelLoader       - Creating tile layer entities
00:25:05.825 [FXGL Background Thread 2 ] DEBUG TilesetLoader        - Loading view for layer Bottom
00:25:05.826 [FXGL Background Thread 2 ] DEBUG TilesetLoader        - Created buffer with size 2100.0x700.0
00:25:05.841 [FXGL Background Thread 2 ] DEBUG TilesetLoader        - Writing to buffer: dst=770,350, w=70,h=70, src=490,210
00:25:05.841 [FXGL Background Thread 2 ] DEBUG TilesetLoader        - Writing to buffer: dst=840,350, w=70,h=70, src=420,210
00:25:05.841 [FXGL Background Thread 2 ] DEBUG TilesetLoader        - Writing to buffer: dst=910,350, w=70,h=70, src=490,210
00:25:05.842 [FXGL Background Thread 2 ] DEBUG TilesetLoader        - Writing to buffer: dst=490,420, w=70,h=70, src=420,210
00:25:05.842 [FXGL Background Thread 2 ] DEBUG TilesetLoader        - Writing to buffer: dst=560,420, w=70,h=70, src=490,210
00:25:05.842 [FXGL Background Thread 2 ] DEBUG TilesetLoader        - Writing to buffer: dst=630,420, w=70,h=70, src=560,210
00:25:05.842 [FXGL Background Thread 2 ] DEBUG TilesetLoader        - Writing to buffer: dst=280,490, w=70,h=70, src=490,210
00:25:05.842 [FXGL Background Thread 2 ] DEBUG TilesetLoader        - Writing to buffer: dst=350,490, w=70,h=70, src=420,210
00:25:05.842 [FXGL Background Thread 2 ] DEBUG TilesetLoader        - Writing to buffer: dst=70,560, w=70,h=70, src=560,490
00:25:05.843 [FXGL Background Thread 2 ] DEBUG TilesetLoader        - Writing to buffer: dst=210,560, w=70,h=70, src=280,210
00:25:05.843 [FXGL Background Thread 2 ] DEBUG TilesetLoader        - Writing to buffer: dst=770,560, w=70,h=70, src=140,420
00:25:05.843 [FXGL Background Thread 2 ] DEBUG TilesetLoader        - Writing to buffer: dst=840,560, w=70,h=70, src=210,420
00:25:05.843 [FXGL Background Thread 2 ] DEBUG TilesetLoader        - Writing to buffer: dst=910,560, w=70,h=70, src=280,420
00:25:05.843 [FXGL Background Thread 2 ] DEBUG TilesetLoader        - Writing to buffer: dst=0,630, w=70,h=70, src=0,140
00:25:05.843 [FXGL Background Thread 2 ] DEBUG TilesetLoader        - Writing to buffer: dst=70,630, w=70,h=70, src=0,140
00:25:05.844 [FXGL Background Thread 2 ] DEBUG TilesetLoader        - Writing to buffer: dst=140,630, w=70,h=70, src=0,140
00:25:05.844 [FXGL Background Thread 2 ] DEBUG TilesetLoader        - Writing to buffer: dst=210,630, w=70,h=70, src=0,140
00:25:05.844 [FXGL Background Thread 2 ] DEBUG TilesetLoader        - Writing to buffer: dst=280,630, w=70,h=70, src=0,140
00:25:05.844 [FXGL Background Thread 2 ] DEBUG TilesetLoader        - Writing to buffer: dst=350,630, w=70,h=70, src=0,140
00:25:05.844 [FXGL Background Thread 2 ] DEBUG TilesetLoader        - Writing to buffer: dst=420,630, w=70,h=70, src=0,140
00:25:05.844 [FXGL Background Thread 2 ] DEBUG TilesetLoader        - Writing to buffer: dst=490,630, w=70,h=70, src=0,140
00:25:05.845 [FXGL Background Thread 2 ] DEBUG TilesetLoader        - Writing to buffer: dst=560,630, w=70,h=70, src=0,140
00:25:05.845 [FXGL Background Thread 2 ] DEBUG TilesetLoader        - Writing to buffer: dst=630,630, w=70,h=70, src=0,140
00:25:05.845 [FXGL Background Thread 2 ] DEBUG TilesetLoader        - Writing to buffer: dst=700,630, w=70,h=70, src=0,140
00:25:05.845 [FXGL Background Thread 2 ] DEBUG TilesetLoader        - Writing to buffer: dst=770,630, w=70,h=70, src=0,140
00:25:05.845 [FXGL Background Thread 2 ] DEBUG TilesetLoader        - Writing to buffer: dst=840,630, w=70,h=70, src=0,140
00:25:05.845 [FXGL Background Thread 2 ] DEBUG TilesetLoader        - Writing to buffer: dst=910,630, w=70,h=70, src=0,140
00:25:05.845 [FXGL Background Thread 2 ] DEBUG TilesetLoader        - Writing to buffer: dst=980,630, w=70,h=70, src=0,140
00:25:05.846 [FXGL Background Thread 2 ] DEBUG TilesetLoader        - Writing to buffer: dst=1050,630, w=70,h=70, src=0,140
00:25:05.846 [FXGL Background Thread 2 ] DEBUG TilesetLoader        - Writing to buffer: dst=1260,630, w=70,h=70, src=0,140
00:25:05.846 [FXGL Background Thread 2 ] DEBUG TilesetLoader        - Writing to buffer: dst=1330,630, w=70,h=70, src=0,140
00:25:05.846 [FXGL Background Thread 2 ] DEBUG TilesetLoader        - Writing to buffer: dst=1400,630, w=70,h=70, src=0,140
00:25:05.847 [FXGL Background Thread 2 ] DEBUG TilesetLoader        - Writing to buffer: dst=1610,630, w=70,h=70, src=0,140
00:25:05.847 [FXGL Background Thread 2 ] DEBUG TilesetLoader        - Writing to buffer: dst=1680,630, w=70,h=70, src=0,140
00:25:05.847 [FXGL Background Thread 2 ] DEBUG TilesetLoader        - Writing to buffer: dst=1750,630, w=70,h=70, src=0,140
00:25:05.847 [FXGL Background Thread 2 ] DEBUG TilesetLoader        - Writing to buffer: dst=1820,630, w=70,h=70, src=0,140
00:25:05.847 [FXGL Background Thread 2 ] DEBUG TilesetLoader        - Writing to buffer: dst=1890,630, w=70,h=70, src=0,140
00:25:05.847 [FXGL Background Thread 2 ] DEBUG TilesetLoader        - Writing to buffer: dst=1960,630, w=70,h=70, src=0,140
00:25:05.847 [FXGL Background Thread 2 ] DEBUG TilesetLoader        - Writing to buffer: dst=2030,630, w=70,h=70, src=0,140
00:25:05.847 [FXGL Background Thread 2 ] DEBUG TilesetLoader        - Loading view for layer overlay
00:25:05.852 [FXGL Background Thread 2 ] DEBUG TilesetLoader        - Created buffer with size 2100.0x700.0
00:25:05.853 [FXGL Background Thread 2 ] DEBUG TilesetLoader        - Writing to buffer: dst=0,0, w=70,h=70, src=0,280
00:25:05.853 [FXGL Background Thread 2 ] DEBUG TilesetLoader        - Writing to buffer: dst=70,0, w=70,h=70, src=0,140
00:25:05.853 [FXGL Background Thread 2 ] DEBUG TilesetLoader        - Writing to buffer: dst=140,0, w=70,h=70, src=0,140
00:25:05.853 [FXGL Background Thread 2 ] DEBUG TilesetLoader        - Writing to buffer: dst=210,0, w=70,h=70, src=0,140
00:25:05.854 [FXGL Background Thread 2 ] DEBUG TilesetLoader        - Writing to buffer: dst=280,0, w=70,h=70, src=0,140
00:25:05.854 [FXGL Background Thread 2 ] DEBUG TilesetLoader        - Writing to buffer: dst=350,0, w=70,h=70, src=0,140
00:25:05.854 [FXGL Background Thread 2 ] DEBUG TilesetLoader        - Writing to buffer: dst=420,0, w=70,h=70, src=0,140
00:25:05.854 [FXGL Background Thread 2 ] DEBUG TilesetLoader        - Writing to buffer: dst=490,0, w=70,h=70, src=0,140
00:25:05.854 [FXGL Background Thread 2 ] DEBUG TilesetLoader        - Writing to buffer: dst=560,0, w=70,h=70, src=0,140
00:25:05.854 [FXGL Background Thread 2 ] DEBUG TilesetLoader        - Writing to buffer: dst=630,0, w=70,h=70, src=0,140
00:25:05.854 [FXGL Background Thread 2 ] DEBUG TilesetLoader        - Writing to buffer: dst=700,0, w=70,h=70, src=0,140
00:25:05.854 [FXGL Background Thread 2 ] DEBUG TilesetLoader        - Writing to buffer: dst=770,0, w=70,h=70, src=0,350
00:25:05.855 [FXGL Background Thread 2 ] DEBUG TilesetLoader        - Writing to buffer: dst=840,0, w=70,h=70, src=0,140
00:25:05.855 [FXGL Background Thread 2 ] DEBUG TilesetLoader        - Writing to buffer: dst=910,0, w=70,h=70, src=0,140
00:25:05.855 [FXGL Background Thread 2 ] DEBUG TilesetLoader        - Writing to buffer: dst=980,0, w=70,h=70, src=0,140
00:25:05.855 [FXGL Background Thread 2 ] DEBUG TilesetLoader        - Writing to buffer: dst=1050,0, w=70,h=70, src=0,140
00:25:05.855 [FXGL Background Thread 2 ] DEBUG TilesetLoader        - Writing to buffer: dst=1120,0, w=70,h=70, src=0,280
00:25:05.855 [FXGL Background Thread 2 ] DEBUG TilesetLoader        - Writing to buffer: dst=770,70, w=70,h=70, src=0,420
00:25:05.856 [FXGL Background Thread 2 ] DEBUG TilesetLoader        - Writing to buffer: dst=770,140, w=70,h=70, src=0,490
00:25:05.856 [FXGL Background Thread 2 ] DEBUG TilesetLoader        - Writing to buffer: dst=770,350, w=70,h=70, src=140,280
00:25:05.856 [FXGL Background Thread 2 ] DEBUG TilesetLoader        - Writing to buffer: dst=840,350, w=70,h=70, src=210,280
00:25:05.856 [FXGL Background Thread 2 ] DEBUG TilesetLoader        - Writing to buffer: dst=910,350, w=70,h=70, src=280,280
00:25:05.856 [FXGL Background Thread 2 ] DEBUG TilesetLoader        - Writing to buffer: dst=210,490, w=70,h=70, src=280,140
00:25:05.857 [FXGL Background Thread 2 ] DEBUG TilesetLoader        - Writing to buffer: dst=910,490, w=70,h=70, src=910,280
00:25:05.868 [FXGL Background Thread 2 ] DEBUG TilesetLoader        - Writing to buffer: dst=1960,490, w=70,h=70, src=648,216
00:25:05.868 [FXGL Background Thread 2 ] DEBUG TilesetLoader        - Writing to buffer: dst=1820,560, w=70,h=70, src=910,280
00:25:05.868 [FXGL Background Thread 2 ] DEBUG TilesetLoader        - Writing to buffer: dst=1960,560, w=70,h=70, src=648,288
00:25:05.869 [FXGL Background Thread 2 ] DEBUG TilesetLoader        - Writing to buffer: dst=1120,630, w=70,h=70, src=770,280
00:25:05.869 [FXGL Background Thread 2 ] DEBUG TilesetLoader        - Writing to buffer: dst=1190,630, w=70,h=70, src=770,280
00:25:05.869 [FXGL Background Thread 2 ] DEBUG TilesetLoader        - Writing to buffer: dst=1470,630, w=70,h=70, src=770,280
00:25:05.869 [FXGL Background Thread 2 ] DEBUG TilesetLoader        - Writing to buffer: dst=1540,630, w=70,h=70, src=770,280
00:25:05.869 [FXGL Background Thread 2 ] DEBUG TMXLevelLoader       - Creating object layer entities
00:25:05.882 [FXGL Background Thread 2 ] DEBUG FXGLAssetLoaderServi - Loading from file system: file:/D:/OneDrive/OneDrive%20-%20Hogeschool%20Leiden/IPOSE/NERDS%20VS%20VIRUS/nerdsvsthevirus/target/classes/assets/textures/spuit2.png
00:25:05.889 [FXGL Background Thread 2 ] DEBUG FXGLAssetLoaderServi - Loading from file system: file:/D:/OneDrive/OneDrive%20-%20Hogeschool%20Leiden/IPOSE/NERDS%20VS%20VIRUS/nerdsvsthevirus/target/classes/assets/textures/bacteria.png
00:25:05.895 [FXGL Background Thread 2 ] DEBUG GameWorld            - Clearing removable entities
00:25:05.896 [FXGL Background Thread 2 ] DEBUG GameWorld            - Setting level: com.almasb.fxgl.entity.level.Level@68e96acb
00:25:05.904 [FXGL Background Thread 2 ] DEBUG FXGLAssetLoaderServi - Loading from file system: file:/D:/OneDrive/OneDrive%20-%20Hogeschool%20Leiden/IPOSE/NERDS%20VS%20VIRUS/nerdsvsthevirus/target/classes/assets/textures/Start/startBg.png
00:25:05.944 [FXGL Background Thread 2 ] DEBUG FXGLAssetLoaderServi - Loading from file system: file:/D:/OneDrive/OneDrive%20-%20Hogeschool%20Leiden/IPOSE/NERDS%20VS%20VIRUS/nerdsvsthevirus/target/classes/assets/textures/sprite.png
00:25:05.952 [FXGL Background Thread 2 ] INFO  FXGLApplication      - Game initialization took: 0,157 sec
00:25:05.952 [JavaFX Application Thread] DEBUG Input                - Clearing active input actions
00:25:05.958 [JavaFX Application Thread] DEBUG GameApplicationServi - Removing overlay from FXGLLoadingScene and adding to GameScene
00:25:05.959 [JavaFX Application Thread] DEBUG PrimaryStageWindow   - FXGLLoadingScene -> GameScene
00:25:07.592 [FXGL Background Thread 3 ] DEBUG Engine               - Logging environment variables
00:25:07.592 [FXGL Background Thread 3 ] DEBUG Engine               - achievements: []
00:25:07.592 [FXGL Background Thread 3 ] DEBUG Engine               - actualHeight: 700.0
00:25:07.593 [FXGL Background Thread 3 ] DEBUG Engine               - actualHeightProperty: ReadOnlyDoubleProperty [value: 700.0]
00:25:07.593 [FXGL Background Thread 3 ] DEBUG Engine               - actualWidth: 1050.0
00:25:07.593 [FXGL Background Thread 3 ] DEBUG Engine               - actualWidthProperty: ReadOnlyDoubleProperty [value: 1050.0]
00:25:07.593 [FXGL Background Thread 3 ] DEBUG Engine               - appIcon: fxgl_icon.png
00:25:07.593 [FXGL Background Thread 3 ] DEBUG Engine               - applicationMode: DEVELOPER
00:25:07.593 [FXGL Background Thread 3 ] DEBUG Engine               - cSSList: [fxgl_dark.css]
00:25:07.593 [FXGL Background Thread 3 ] DEBUG Engine               - collisionDetectionStrategy: BRUTE_FORCE
00:25:07.593 [FXGL Background Thread 3 ] DEBUG Engine               - configClass: Optional.empty
00:25:07.593 [FXGL Background Thread 3 ] DEBUG Engine               - credits: []
00:25:07.594 [FXGL Background Thread 3 ] DEBUG Engine               - devBBoxColorProperty: ObjectProperty [value: 0xff0000ff]
00:25:07.594 [FXGL Background Thread 3 ] DEBUG Engine               - devEnableDebugCameraProperty: BooleanProperty [value: false]
00:25:07.595 [FXGL Background Thread 3 ] DEBUG Engine               - devSensorColorProperty: ObjectProperty [value: 0xffff00ff]
00:25:07.595 [FXGL Background Thread 3 ] DEBUG Engine               - devShowBBoxProperty: BooleanProperty [value: false]
00:25:07.595 [FXGL Background Thread 3 ] DEBUG Engine               - devShowPositionProperty: BooleanProperty [value: false]
00:25:07.595 [FXGL Background Thread 3 ] DEBUG Engine               - enabledMenuItems: []
00:25:07.595 [FXGL Background Thread 3 ] DEBUG Engine               - engineServices: [class com.almasb.fxgl.app.services.FXGLAssetLoaderService, class com.almasb.fxgl.app.FXGLApplication$GameApplicationService, class com.almasb.fxgl.app.services.FXGLDialogService, class com.almasb.fxgl.app.services.IOTaskExecutorService, class com.almasb.fxgl.event.EventBusService, class com.almasb.fxgl.io.FileSystemService, class com.almasb.fxgl.localization.LocalizationService, class com.almasb.fxgl.app.services.SystemBundleService, class com.almasb.fxgl.profile.SaveLoadService, class com.almasb.fxgl.ui.FXGLUIFactoryServiceProvider, class com.almasb.fxgl.ui.FXGLDialogFactoryServiceProvider, class com.almasb.fxgl.audio.AudioPlayer, class com.almasb.fxgl.notification.impl.NotificationServiceProvider, class com.almasb.fxgl.achievement.AchievementService, class com.almasb.fxgl.cutscene.CutsceneService, class com.almasb.fxgl.minigames.MiniGameService, class com.almasb.fxgl.net.NetService, class com.almasb.fxgl.app.services.UpdaterService, class com.almasb.fxgl.dev.DevService]
00:25:07.595 [FXGL Background Thread 3 ] DEBUG Engine               - fontGame: Abel-Regular.ttf
00:25:07.595 [FXGL Background Thread 3 ] DEBUG Engine               - fontMono: lucida_console.ttf
00:25:07.595 [FXGL Background Thread 3 ] DEBUG Engine               - fontText: Courier-Prime.ttf
00:25:07.595 [FXGL Background Thread 3 ] DEBUG Engine               - fontUI: VarelaRound-Regular.ttf
00:25:07.596 [FXGL Background Thread 3 ] DEBUG Engine               - fullScreen: BooleanProperty [value: false]
00:25:07.596 [FXGL Background Thread 3 ] DEBUG Engine               - gameDifficulty: MEDIUM
00:25:07.596 [FXGL Background Thread 3 ] DEBUG Engine               - gameDifficultyProperty: ObjectProperty [value: MEDIUM]
00:25:07.596 [FXGL Background Thread 3 ] DEBUG Engine               - globalMusicVolume: 0.5
00:25:07.596 [FXGL Background Thread 3 ] DEBUG Engine               - globalMusicVolumeProperty: DoubleProperty [value: 0.5]
00:25:07.597 [FXGL Background Thread 3 ] DEBUG Engine               - globalSoundVolume: 0.5
00:25:07.597 [FXGL Background Thread 3 ] DEBUG Engine               - globalSoundVolumeProperty: DoubleProperty [value: 0.5]
00:25:07.597 [FXGL Background Thread 3 ] DEBUG Engine               - height: 700
00:25:07.597 [FXGL Background Thread 3 ] DEBUG Engine               - isAndroid: false
00:25:07.597 [FXGL Background Thread 3 ] DEBUG Engine               - isBrowser: false
00:25:07.597 [FXGL Background Thread 3 ] DEBUG Engine               - isClickFeedbackEnabled: false
00:25:07.597 [FXGL Background Thread 3 ] DEBUG Engine               - isCloseConfirmation: false
00:25:07.597 [FXGL Background Thread 3 ] DEBUG Engine               - isDesktop: true
00:25:07.597 [FXGL Background Thread 3 ] DEBUG Engine               - isDeveloperMenuEnabled: false
00:25:07.597 [FXGL Background Thread 3 ] DEBUG Engine               - isEntityPreloadEnabled: true
00:25:07.598 [FXGL Background Thread 3 ] DEBUG Engine               - isExperimental3D: false
00:25:07.598 [FXGL Background Thread 3 ] DEBUG Engine               - isExperimentalNative: false
00:25:07.598 [FXGL Background Thread 3 ] DEBUG Engine               - isExperimentalTiledLargeMap: false
00:25:07.598 [FXGL Background Thread 3 ] DEBUG Engine               - isFileSystemWriteAllowed: true
00:25:07.598 [FXGL Background Thread 3 ] DEBUG Engine               - isFullScreenAllowed: false
00:25:07.598 [FXGL Background Thread 3 ] DEBUG Engine               - isFullScreenFromStart: false
00:25:07.598 [FXGL Background Thread 3 ] DEBUG Engine               - isGameMenuEnabled: true
00:25:07.598 [FXGL Background Thread 3 ] DEBUG Engine               - isIOS: false
00:25:07.598 [FXGL Background Thread 3 ] DEBUG Engine               - isIntroEnabled: false
00:25:07.598 [FXGL Background Thread 3 ] DEBUG Engine               - isLinux: false
00:25:07.599 [FXGL Background Thread 3 ] DEBUG Engine               - isMac: false
00:25:07.599 [FXGL Background Thread 3 ] DEBUG Engine               - isMainMenuEnabled: true
00:25:07.599 [FXGL Background Thread 3 ] DEBUG Engine               - isManualResizeEnabled: false
00:25:07.599 [FXGL Background Thread 3 ] DEBUG Engine               - isMobile: false
00:25:07.599 [FXGL Background Thread 3 ] DEBUG Engine               - isPreserveResizeRatio: false
00:25:07.599 [FXGL Background Thread 3 ] DEBUG Engine               - isProfilingEnabled: false
00:25:07.599 [FXGL Background Thread 3 ] DEBUG Engine               - isScaleAffectedOnResize: true
00:25:07.599 [FXGL Background Thread 3 ] DEBUG Engine               - isSingleStep: false
00:25:07.599 [FXGL Background Thread 3 ] DEBUG Engine               - isUserProfileEnabled: false
00:25:07.599 [FXGL Background Thread 3 ] DEBUG Engine               - isWindows: true
00:25:07.599 [FXGL Background Thread 3 ] DEBUG Engine               - language: ObjectProperty [value: ENGLISH]
00:25:07.600 [FXGL Background Thread 3 ] DEBUG Engine               - menuKey: ESCAPE
00:25:07.600 [FXGL Background Thread 3 ] DEBUG Engine               - notificationViewClass: class com.almasb.fxgl.notification.view.XboxNotificationView
00:25:07.600 [FXGL Background Thread 3 ] DEBUG Engine               - pixelsPerMeter: 50.0
00:25:07.600 [FXGL Background Thread 3 ] DEBUG Engine               - platform: WINDOWS
00:25:07.600 [FXGL Background Thread 3 ] DEBUG Engine               - prefHeightProperty: ReadOnlyDoubleProperty [value: 700.0]
00:25:07.600 [FXGL Background Thread 3 ] DEBUG Engine               - prefWidthProperty: ReadOnlyDoubleProperty [value: 1050.0]
00:25:07.600 [FXGL Background Thread 3 ] DEBUG Engine               - profileDir: profiles/
00:25:07.600 [FXGL Background Thread 3 ] DEBUG Engine               - profileName: StringProperty [value: DEFAULT]
00:25:07.600 [FXGL Background Thread 3 ] DEBUG Engine               - randomSeed: -1
00:25:07.600 [FXGL Background Thread 3 ] DEBUG Engine               - runtimeInfo: RuntimeInfo(platform=WINDOWS, version=11.14, build=01.03.2021 16.59)
00:25:07.601 [FXGL Background Thread 3 ] DEBUG Engine               - saveFileExt: sav
00:25:07.601 [FXGL Background Thread 3 ] DEBUG Engine               - scaledHeightProp$fxgl: DoubleProperty [bound, value: 700.0]
00:25:07.601 [FXGL Background Thread 3 ] DEBUG Engine               - scaledWidthProp$fxgl: DoubleProperty [bound, value: 1050.0]
00:25:07.601 [FXGL Background Thread 3 ] DEBUG Engine               - sceneFactory: NerdvsVirus.Game$1@6009dd3
00:25:07.601 [FXGL Background Thread 3 ] DEBUG Engine               - secondsIn24h: 60
00:25:07.601 [FXGL Background Thread 3 ] DEBUG Engine               - soundMenuBack: menu/back.wav
00:25:07.601 [FXGL Background Thread 3 ] DEBUG Engine               - soundMenuPress: menu/press.wav
00:25:07.602 [FXGL Background Thread 3 ] DEBUG Engine               - soundMenuSelect: menu/select.wav
00:25:07.602 [FXGL Background Thread 3 ] DEBUG Engine               - soundNotification: core/notification.wav
00:25:07.602 [FXGL Background Thread 3 ] DEBUG Engine               - stageStyle: DECORATED
00:25:07.602 [FXGL Background Thread 3 ] DEBUG Engine               - supportedLanguages: [ENGLISH, FRENCH, GERMAN, HUNGARIAN, RUSSIAN]
00:25:07.602 [FXGL Background Thread 3 ] DEBUG Engine               - ticksPerSecond: -1
00:25:07.602 [FXGL Background Thread 3 ] DEBUG Engine               - title: Nerds VS Virus
00:25:07.602 [FXGL Background Thread 3 ] DEBUG Engine               - urlGithub: https://github.com/AlmasB/FXGL
00:25:07.602 [FXGL Background Thread 3 ] DEBUG Engine               - urlLeaderboard: http://fxgl-top.herokuapp.com/
00:25:07.602 [FXGL Background Thread 3 ] DEBUG Engine               - urlPOM: https://raw.githubusercontent.com/AlmasB/FXGL/release/README.md
00:25:07.602 [FXGL Background Thread 3 ] DEBUG Engine               - userAppClass: class NerdvsVirus.Game
00:25:07.602 [FXGL Background Thread 3 ] DEBUG Engine               - version: 0.0
00:25:07.602 [FXGL Background Thread 3 ] DEBUG Engine               - versionCheckDays: 7
00:25:07.603 [FXGL Background Thread 3 ] DEBUG Engine               - width: 1050
00:25:07.603 [FXGL Background Thread 3 ] DEBUG Engine               - Logging services
00:25:07.603 [FXGL Background Thread 3 ] DEBUG Engine               - class com.almasb.fxgl.app.services.FXGLAssetLoaderService
00:25:07.603 [FXGL Background Thread 3 ] DEBUG Engine               - class com.almasb.fxgl.app.FXGLApplication$GameApplicationService
00:25:07.603 [FXGL Background Thread 3 ] DEBUG Engine               - class com.almasb.fxgl.app.services.FXGLDialogService
00:25:07.603 [FXGL Background Thread 3 ] DEBUG Engine               - class com.almasb.fxgl.app.services.IOTaskExecutorService
00:25:07.603 [FXGL Background Thread 3 ] DEBUG Engine               - class com.almasb.fxgl.event.EventBusService
00:25:07.603 [FXGL Background Thread 3 ] DEBUG Engine               - class com.almasb.fxgl.io.FileSystemService
00:25:07.603 [FXGL Background Thread 3 ] DEBUG Engine               - class com.almasb.fxgl.localization.LocalizationService
00:25:07.603 [FXGL Background Thread 3 ] DEBUG Engine               - class com.almasb.fxgl.app.services.SystemBundleService
00:25:07.603 [FXGL Background Thread 3 ] DEBUG Engine               - class com.almasb.fxgl.profile.SaveLoadService
00:25:07.604 [FXGL Background Thread 3 ] DEBUG Engine               - class com.almasb.fxgl.ui.FXGLUIFactoryServiceProvider
00:25:07.604 [FXGL Background Thread 3 ] DEBUG Engine               - class com.almasb.fxgl.ui.FXGLDialogFactoryServiceProvider
00:25:07.604 [FXGL Background Thread 3 ] DEBUG Engine               - class com.almasb.fxgl.audio.AudioPlayer
00:25:07.604 [FXGL Background Thread 3 ] DEBUG Engine               - class com.almasb.fxgl.notification.impl.NotificationServiceProvider
00:25:07.604 [FXGL Background Thread 3 ] DEBUG Engine               - class com.almasb.fxgl.achievement.AchievementService
00:25:07.604 [FXGL Background Thread 3 ] DEBUG Engine               - class com.almasb.fxgl.cutscene.CutsceneService
00:25:07.604 [FXGL Background Thread 3 ] DEBUG Engine               - class com.almasb.fxgl.minigames.MiniGameService
00:25:07.604 [FXGL Background Thread 3 ] DEBUG Engine               - class com.almasb.fxgl.net.NetService
00:25:07.604 [FXGL Background Thread 3 ] DEBUG Engine               - class com.almasb.fxgl.app.services.UpdaterService
00:25:07.604 [FXGL Background Thread 3 ] DEBUG Engine               - class com.almasb.fxgl.dev.DevService
00:25:38.673 [JavaFX Application Thread] DEBUG FXGLApplication      - Exiting FXGL
00:25:38.673 [JavaFX Application Thread] DEBUG LoopRunner           - Stopping loop
00:25:38.673 [JavaFX Application Thread] DEBUG SystemBundleService  - Saving FXGL system data
00:25:38.674 [JavaFX Application Thread] DEBUG FileSystemAccess     - Writing to: D:\OneDrive\OneDrive - Hogeschool Leiden\IPOSE\NERDS VS VIRUS\nerdsvsthevirus\system\fxgl.bundle
00:25:38.676 [JavaFX Application Thread] DEBUG Async                - Shutting down background threads
00:25:38.676 [JavaFX Application Thread] DEBUG PrimaryStageWindow   - Closing main window
00:25:38.684 [JavaFX Application Thread] DEBUG Logger               - Closing Logger
