22:42:04.980 [main                     ] DEBUG Logger               - Configured Logger
22:42:04.991 [main                     ] DEBUG GameApplication      - Logging settings
Title: Nerds VS Virus
Version: 0.0
Width: 1050
Height: 700
Fullscreen: false
Intro: false
Profiling: false
Single step:false
App Mode: DEVELOPER
Menu Key: ESCAPE
Stage Style: DECORATED
Scene Factory: class NerdvsVirus.Game$1

22:42:05.452 [JavaFX Application Thread] DEBUG FXGLApplication      - Initializing FXGL
22:42:05.454 [JavaFX Application Thread] INFO  Engine               - FXGL-11.14 (01.03.2021 16.59) on WINDOWS (J:15.0.2 FX:15)
22:42:05.454 [JavaFX Application Thread] DEBUG Engine               - JRE Vendor Name: Oracle Corporation
22:42:05.454 [JavaFX Application Thread] DEBUG Engine               - Running on OS: Windows 10 version 10.0
22:42:05.454 [JavaFX Application Thread] DEBUG Engine               - Architecture: amd64
22:42:05.455 [JavaFX Application Thread] INFO  Engine               - Source code and latest versions at: https://github.com/AlmasB/FXGL
22:42:05.455 [JavaFX Application Thread] INFO  Engine               -              Join the FXGL chat at: https://gitter.im/AlmasB/FXGL
22:42:05.562 [JavaFX Application Thread] DEBUG PrimaryStageWindow   - Creating a JavaFX scene
22:42:05.627 [JavaFX Application Thread] DEBUG PrimaryStageWindow   - Target settings size: 1050.0 x 700.0
22:42:05.628 [JavaFX Application Thread] DEBUG PrimaryStageWindow   - Scaled scene size:    1050.0 x 700.0
22:42:05.628 [JavaFX Application Thread] DEBUG PrimaryStageWindow   - Scaled ratio: (1.0, 1.0)
22:42:05.629 [JavaFX Application Thread] DEBUG PrimaryStageWindow   - Set initial scene to FXGLStartupScene
22:42:05.635 [JavaFX Application Thread] DEBUG PrimaryStageWindow   - Opening main window
22:42:05.708 [JavaFX Application Thread] DEBUG PrimaryStageWindow   - Window border size: (16.0, 39.0)
22:42:05.709 [JavaFX Application Thread] DEBUG PrimaryStageWindow   - Scaled size: 1050.0 x 700.0
22:42:05.709 [JavaFX Application Thread] DEBUG PrimaryStageWindow   - Scaled ratio: (1.0, 1.0)
22:42:05.709 [JavaFX Application Thread] DEBUG PrimaryStageWindow   - Scene size: 1050.0 x 700.0
22:42:05.709 [JavaFX Application Thread] DEBUG PrimaryStageWindow   - Stage size: 1066.0 x 739.0
22:42:05.715 [FXGL Background Thread 1 ] DEBUG Engine               - Initializing environment variables
22:42:05.744 [FXGL Background Thread 1 ] DEBUG FXGLAssetLoaderServi - User app class for loading assets: class NerdvsVirus.Game
22:42:05.745 [FXGL Background Thread 1 ] DEBUG GameApplicationServi - Applying CSS: fxgl_dark.css
22:42:05.746 [FXGL Background Thread 1 ] DEBUG FXGLAssetLoaderServi - Loading from file system: jar:file:/C:/Users/luukb/.m2/repository/com/github/almasb/fxgl/11.14/fxgl-11.14.jar!/fxglassets/ui/css/fxgl_dark.css
22:42:05.787 [FXGL Background Thread 1 ] DEBUG GameApplicationServi - Initializing application scenes
22:42:05.815 [FXGL Background Thread 1 ] DEBUG GameWorld            - Game world initialized
22:42:05.866 [FXGL Background Thread 1 ] DEBUG PhysicsWorld         - Physics world initialized: appHeight=700, physics.ppm=50,0
22:42:05.867 [FXGL Background Thread 1 ] DEBUG PhysicsWorld         - Using strategy: BRUTE_FORCE
22:42:05.869 [FXGL Background Thread 1 ] DEBUG GameScene            - Game scene initialized: 1050x700
22:42:05.983 [FXGL Background Thread 1 ] DEBUG FXGLAssetLoaderServi - Loading from file system: jar:file:/C:/Users/luukb/.m2/repository/com/github/almasb/fxgl/11.14/fxgl-11.14.jar!/fxglassets/textures/particles/trace_horizontal.png
22:42:06.008 [FXGL Background Thread 1 ] DEBUG FXGL.DefaultMenu     - createMenuBodyGameMenu()
22:42:06.021 [FXGL Background Thread 1 ] DEBUG FXGL.DefaultMenu     - createOptionsMenu()
22:42:06.026 [FXGL Background Thread 1 ] DEBUG FXGLAssetLoaderServi - Loading from file system: jar:file:/C:/Users/luukb/.m2/repository/com/github/almasb/fxgl/11.14/fxgl-11.14.jar!/fxglassets/textures/particles/smoke.png
22:42:06.075 [FXGL Background Thread 1 ] DEBUG GameApplicationServi - Application scenes initialized
22:42:06.087 [FXGL Background Thread 1 ] DEBUG SystemBundleService  - Loading FXGL system data
22:42:06.091 [FXGL Background Thread 1 ] DEBUG FileSystemAccess     - Reading from: D:\OneDrive\OneDrive - Hogeschool Leiden\IPOSE\NERDS VS VIRUS\nerdsvsthevirus\system\fxgl.bundle
22:42:06.096 [FXGL Background Thread 1 ] DEBUG SystemBundleService  - Bundle FXGL: {}
22:42:06.096 [FXGL Background Thread 1 ] DEBUG UpdaterService       - Checking for updates
22:42:06.099 [FXGL Background Thread 4 ] DEBUG FXGLApplication      - Loading fonts
22:42:06.100 [FXGL Background Thread 1 ] DEBUG FXGLApplication      - Loading default localization
22:42:06.100 [FXGL Background Thread 4 ] DEBUG FXGLAssetLoaderServi - Loading from file system: jar:file:/C:/Users/luukb/.m2/repository/com/github/almasb/fxgl/11.14/fxgl-11.14.jar!/fxglassets/ui/fonts/VarelaRound-Regular.ttf
22:42:06.101 [FXGL Background Thread 1 ] DEBUG FXGLAssetLoaderServi - Loading from file system: jar:file:/C:/Users/luukb/.m2/repository/com/github/almasb/fxgl/11.14/fxgl-11.14.jar!/fxglassets/languages/english.lang
22:42:06.105 [FXGL Background Thread 4 ] DEBUG FXGLAssetLoaderServi - Loading from file system: jar:file:/C:/Users/luukb/.m2/repository/com/github/almasb/fxgl/11.14/fxgl-11.14.jar!/fxglassets/ui/fonts/Abel-Regular.ttf
22:42:06.109 [FXGL Background Thread 4 ] DEBUG FXGLAssetLoaderServi - Loading from file system: jar:file:/C:/Users/luukb/.m2/repository/com/github/almasb/fxgl/11.14/fxgl-11.14.jar!/fxglassets/ui/fonts/lucida_console.ttf
22:42:06.115 [FXGL Background Thread 1 ] INFO  FXGLApplication      - FXGL initialization took: 0,399 sec
22:42:06.115 [FXGL Background Thread 4 ] DEBUG FXGLAssetLoaderServi - Loading from file system: jar:file:/C:/Users/luukb/.m2/repository/com/github/almasb/fxgl/11.14/fxgl-11.14.jar!/fxglassets/ui/fonts/Courier-Prime.ttf
22:42:06.122 [JavaFX Application Thread] DEBUG Input                - Registered new binding: Left - A
22:42:06.122 [JavaFX Application Thread] DEBUG Input                - Registered new binding: Right - D
22:42:06.122 [JavaFX Application Thread] DEBUG Input                - Registered new binding: Jump - W
22:42:06.123 [JavaFX Application Thread] DEBUG FXGLAssetLoaderServi - Loading from file system: jar:file:/C:/Users/luukb/.m2/repository/com/github/almasb/fxgl/11.14/fxgl-11.14.jar!/fxglassets/textures/fxgl_icon.png
22:42:06.133 [JavaFX Application Thread] DEBUG FXGLAssetLoaderServi - Loading from file system: jar:file:/C:/Users/luukb/.m2/repository/com/github/almasb/fxgl/11.14/fxgl-11.14.jar!/fxglassets/ui/cursors/fxgl_default.png
22:42:06.134 [JavaFX Application Thread] DEBUG Input                - Registered new binding: Screenshot - P
22:42:06.135 [JavaFX Application Thread] DEBUG Input                - Registered new binding: System info dump - CTRL+9
22:42:06.135 [JavaFX Application Thread] DEBUG Input                - Registered new binding: Restart - CTRL+R
22:42:06.136 [JavaFX Application Thread] DEBUG Input                - Registered new binding: Toggle Debug Camera - CTRL+C
22:42:06.138 [JavaFX Application Thread] DEBUG LoopRunner           - Starting loop
22:42:06.138 [JavaFX Application Thread] DEBUG LoopRunner           - Initializing JavaFX AnimationTimerLoop
22:42:06.140 [JavaFX Application Thread] DEBUG Input                - Clearing active input actions
22:42:06.146 [JavaFX Application Thread] DEBUG GameApplicationServi - Removing overlay from FXGLStartupScene and adding to FXGLMainMenuDummyScene
22:42:06.146 [JavaFX Application Thread] DEBUG PrimaryStageWindow   - FXGLStartupScene -> FXGLMainMenuDummyScene
22:42:06.146 [JavaFX Application Thread] DEBUG PrimaryStageWindow   - Push state: MainMenu
22:42:06.146 [JavaFX Application Thread] DEBUG Input                - Clearing active input actions
22:42:06.555 [JavaFX Application Thread] DEBUG GameApplicationServi - Removing overlay from FXGLMainMenuDummyScene and adding to MainMenu
22:42:06.555 [JavaFX Application Thread] DEBUG PrimaryStageWindow   - FXGLMainMenuDummyScene -> MainMenu
22:42:06.556 [JavaFX Application Thread] DEBUG FXGLApplication      - Registering font factories with UI factory
22:42:09.099 [FXGL Background Thread 3 ] DEBUG Engine               - Logging environment variables
22:42:09.099 [FXGL Background Thread 3 ] DEBUG Engine               - achievements: []
22:42:09.100 [FXGL Background Thread 3 ] DEBUG Engine               - actualHeight: 700.0
22:42:09.100 [FXGL Background Thread 3 ] DEBUG Engine               - actualHeightProperty: ReadOnlyDoubleProperty [value: 700.0]
22:42:09.100 [FXGL Background Thread 3 ] DEBUG Engine               - actualWidth: 1050.0
22:42:09.100 [FXGL Background Thread 3 ] DEBUG Engine               - actualWidthProperty: ReadOnlyDoubleProperty [value: 1050.0]
22:42:09.100 [FXGL Background Thread 3 ] DEBUG Engine               - appIcon: fxgl_icon.png
22:42:09.100 [FXGL Background Thread 3 ] DEBUG Engine               - applicationMode: DEVELOPER
22:42:09.100 [FXGL Background Thread 3 ] DEBUG Engine               - cSSList: [fxgl_dark.css]
22:42:09.100 [FXGL Background Thread 3 ] DEBUG Engine               - collisionDetectionStrategy: BRUTE_FORCE
22:42:09.100 [FXGL Background Thread 3 ] DEBUG Engine               - configClass: Optional.empty
22:42:09.101 [FXGL Background Thread 3 ] DEBUG Engine               - credits: []
22:42:09.101 [FXGL Background Thread 3 ] DEBUG Engine               - devBBoxColorProperty: ObjectProperty [value: 0xff0000ff]
22:42:09.101 [FXGL Background Thread 3 ] DEBUG Engine               - devEnableDebugCameraProperty: BooleanProperty [value: false]
22:42:09.101 [FXGL Background Thread 3 ] DEBUG Engine               - devSensorColorProperty: ObjectProperty [value: 0xffff00ff]
22:42:09.102 [FXGL Background Thread 3 ] DEBUG Engine               - devShowBBoxProperty: BooleanProperty [value: false]
22:42:09.102 [FXGL Background Thread 3 ] DEBUG Engine               - devShowPositionProperty: BooleanProperty [value: false]
22:42:09.102 [FXGL Background Thread 3 ] DEBUG Engine               - enabledMenuItems: []
22:42:09.102 [FXGL Background Thread 3 ] DEBUG Engine               - engineServices: [class com.almasb.fxgl.app.services.FXGLAssetLoaderService, class com.almasb.fxgl.app.FXGLApplication$GameApplicationService, class com.almasb.fxgl.app.services.FXGLDialogService, class com.almasb.fxgl.app.services.IOTaskExecutorService, class com.almasb.fxgl.event.EventBusService, class com.almasb.fxgl.io.FileSystemService, class com.almasb.fxgl.localization.LocalizationService, class com.almasb.fxgl.app.services.SystemBundleService, class com.almasb.fxgl.profile.SaveLoadService, class com.almasb.fxgl.ui.FXGLUIFactoryServiceProvider, class com.almasb.fxgl.ui.FXGLDialogFactoryServiceProvider, class com.almasb.fxgl.audio.AudioPlayer, class com.almasb.fxgl.notification.impl.NotificationServiceProvider, class com.almasb.fxgl.achievement.AchievementService, class com.almasb.fxgl.cutscene.CutsceneService, class com.almasb.fxgl.minigames.MiniGameService, class com.almasb.fxgl.net.NetService, class com.almasb.fxgl.app.services.UpdaterService, class com.almasb.fxgl.dev.DevService]
22:42:09.102 [FXGL Background Thread 3 ] DEBUG Engine               - fontGame: Abel-Regular.ttf
22:42:09.102 [FXGL Background Thread 3 ] DEBUG Engine               - fontMono: lucida_console.ttf
22:42:09.102 [FXGL Background Thread 3 ] DEBUG Engine               - fontText: Courier-Prime.ttf
22:42:09.103 [FXGL Background Thread 3 ] DEBUG Engine               - fontUI: VarelaRound-Regular.ttf
22:42:09.103 [FXGL Background Thread 3 ] DEBUG Engine               - fullScreen: BooleanProperty [value: false]
22:42:09.103 [FXGL Background Thread 3 ] DEBUG Engine               - gameDifficulty: MEDIUM
22:42:09.103 [FXGL Background Thread 3 ] DEBUG Engine               - gameDifficultyProperty: ObjectProperty [value: MEDIUM]
22:42:09.103 [FXGL Background Thread 3 ] DEBUG Engine               - globalMusicVolume: 0.5
22:42:09.103 [FXGL Background Thread 3 ] DEBUG Engine               - globalMusicVolumeProperty: DoubleProperty [value: 0.5]
22:42:09.103 [FXGL Background Thread 3 ] DEBUG Engine               - globalSoundVolume: 0.5
22:42:09.104 [FXGL Background Thread 3 ] DEBUG Engine               - globalSoundVolumeProperty: DoubleProperty [value: 0.5]
22:42:09.104 [FXGL Background Thread 3 ] DEBUG Engine               - height: 700
22:42:09.104 [FXGL Background Thread 3 ] DEBUG Engine               - isAndroid: false
22:42:09.104 [FXGL Background Thread 3 ] DEBUG Engine               - isBrowser: false
22:42:09.104 [FXGL Background Thread 3 ] DEBUG Engine               - isClickFeedbackEnabled: false
22:42:09.104 [FXGL Background Thread 3 ] DEBUG Engine               - isCloseConfirmation: false
22:42:09.104 [FXGL Background Thread 3 ] DEBUG Engine               - isDesktop: true
22:42:09.104 [FXGL Background Thread 3 ] DEBUG Engine               - isDeveloperMenuEnabled: false
22:42:09.105 [FXGL Background Thread 3 ] DEBUG Engine               - isEntityPreloadEnabled: true
22:42:09.105 [FXGL Background Thread 3 ] DEBUG Engine               - isExperimental3D: false
22:42:09.105 [FXGL Background Thread 3 ] DEBUG Engine               - isExperimentalNative: false
22:42:09.105 [FXGL Background Thread 3 ] DEBUG Engine               - isExperimentalTiledLargeMap: false
22:42:09.105 [FXGL Background Thread 3 ] DEBUG Engine               - isFileSystemWriteAllowed: true
22:42:09.105 [FXGL Background Thread 3 ] DEBUG Engine               - isFullScreenAllowed: false
22:42:09.105 [FXGL Background Thread 3 ] DEBUG Engine               - isFullScreenFromStart: false
22:42:09.105 [FXGL Background Thread 3 ] DEBUG Engine               - isGameMenuEnabled: true
22:42:09.106 [FXGL Background Thread 3 ] DEBUG Engine               - isIOS: false
22:42:09.106 [FXGL Background Thread 3 ] DEBUG Engine               - isIntroEnabled: false
22:42:09.106 [FXGL Background Thread 3 ] DEBUG Engine               - isLinux: false
22:42:09.106 [FXGL Background Thread 3 ] DEBUG Engine               - isMac: false
22:42:09.106 [FXGL Background Thread 3 ] DEBUG Engine               - isMainMenuEnabled: true
22:42:09.106 [FXGL Background Thread 3 ] DEBUG Engine               - isManualResizeEnabled: false
22:42:09.106 [FXGL Background Thread 3 ] DEBUG Engine               - isMobile: false
22:42:09.106 [FXGL Background Thread 3 ] DEBUG Engine               - isPreserveResizeRatio: false
22:42:09.106 [FXGL Background Thread 3 ] DEBUG Engine               - isProfilingEnabled: false
22:42:09.107 [FXGL Background Thread 3 ] DEBUG Engine               - isScaleAffectedOnResize: true
22:42:09.107 [FXGL Background Thread 3 ] DEBUG Engine               - isSingleStep: false
22:42:09.107 [FXGL Background Thread 3 ] DEBUG Engine               - isUserProfileEnabled: false
22:42:09.107 [FXGL Background Thread 3 ] DEBUG Engine               - isWindows: true
22:42:09.107 [FXGL Background Thread 3 ] DEBUG Engine               - language: ObjectProperty [value: ENGLISH]
22:42:09.107 [FXGL Background Thread 3 ] DEBUG Engine               - menuKey: ESCAPE
22:42:09.107 [FXGL Background Thread 3 ] DEBUG Engine               - notificationViewClass: class com.almasb.fxgl.notification.view.XboxNotificationView
22:42:09.107 [FXGL Background Thread 3 ] DEBUG Engine               - pixelsPerMeter: 50.0
22:42:09.107 [FXGL Background Thread 3 ] DEBUG Engine               - platform: WINDOWS
22:42:09.107 [FXGL Background Thread 3 ] DEBUG Engine               - prefHeightProperty: ReadOnlyDoubleProperty [value: 700.0]
22:42:09.107 [FXGL Background Thread 3 ] DEBUG Engine               - prefWidthProperty: ReadOnlyDoubleProperty [value: 1050.0]
22:42:09.107 [FXGL Background Thread 3 ] DEBUG Engine               - profileDir: profiles/
22:42:09.108 [FXGL Background Thread 3 ] DEBUG Engine               - profileName: StringProperty [value: DEFAULT]
22:42:09.108 [FXGL Background Thread 3 ] DEBUG Engine               - randomSeed: -1
22:42:09.108 [FXGL Background Thread 3 ] DEBUG Engine               - runtimeInfo: RuntimeInfo(platform=WINDOWS, version=11.14, build=01.03.2021 16.59)
22:42:09.108 [FXGL Background Thread 3 ] DEBUG Engine               - saveFileExt: sav
22:42:09.108 [FXGL Background Thread 3 ] DEBUG Engine               - scaledHeightProp$fxgl: DoubleProperty [bound, value: 700.0]
22:42:09.108 [FXGL Background Thread 3 ] DEBUG Engine               - scaledWidthProp$fxgl: DoubleProperty [bound, value: 1050.0]
22:42:09.108 [FXGL Background Thread 3 ] DEBUG Engine               - sceneFactory: NerdvsVirus.Game$1@77baf3c1
22:42:09.108 [FXGL Background Thread 3 ] DEBUG Engine               - secondsIn24h: 60
22:42:09.109 [FXGL Background Thread 3 ] DEBUG Engine               - soundMenuBack: menu/back.wav
22:42:09.109 [FXGL Background Thread 3 ] DEBUG Engine               - soundMenuPress: menu/press.wav
22:42:09.109 [FXGL Background Thread 3 ] DEBUG Engine               - soundMenuSelect: menu/select.wav
22:42:09.109 [FXGL Background Thread 3 ] DEBUG Engine               - soundNotification: core/notification.wav
22:42:09.109 [FXGL Background Thread 3 ] DEBUG Engine               - stageStyle: DECORATED
22:42:09.109 [FXGL Background Thread 3 ] DEBUG Engine               - supportedLanguages: [ENGLISH, FRENCH, GERMAN, HUNGARIAN, RUSSIAN]
22:42:09.109 [FXGL Background Thread 3 ] DEBUG Engine               - ticksPerSecond: -1
22:42:09.109 [FXGL Background Thread 3 ] DEBUG Engine               - title: Nerds VS Virus
22:42:09.109 [FXGL Background Thread 3 ] DEBUG Engine               - urlGithub: https://github.com/AlmasB/FXGL
22:42:09.109 [FXGL Background Thread 3 ] DEBUG Engine               - urlLeaderboard: http://fxgl-top.herokuapp.com/
22:42:09.109 [FXGL Background Thread 3 ] DEBUG Engine               - urlPOM: https://raw.githubusercontent.com/AlmasB/FXGL/release/README.md
22:42:09.110 [FXGL Background Thread 3 ] DEBUG Engine               - userAppClass: class NerdvsVirus.Game
22:42:09.110 [FXGL Background Thread 3 ] DEBUG Engine               - version: 0.0
22:42:09.110 [FXGL Background Thread 3 ] DEBUG Engine               - versionCheckDays: 7
22:42:09.110 [FXGL Background Thread 3 ] DEBUG Engine               - width: 1050
22:42:09.110 [FXGL Background Thread 3 ] DEBUG Engine               - Logging services
22:42:09.110 [FXGL Background Thread 3 ] DEBUG Engine               - class com.almasb.fxgl.app.services.FXGLAssetLoaderService
22:42:09.110 [FXGL Background Thread 3 ] DEBUG Engine               - class com.almasb.fxgl.app.FXGLApplication$GameApplicationService
22:42:09.110 [FXGL Background Thread 3 ] DEBUG Engine               - class com.almasb.fxgl.app.services.FXGLDialogService
22:42:09.110 [FXGL Background Thread 3 ] DEBUG Engine               - class com.almasb.fxgl.app.services.IOTaskExecutorService
22:42:09.111 [FXGL Background Thread 3 ] DEBUG Engine               - class com.almasb.fxgl.event.EventBusService
22:42:09.111 [FXGL Background Thread 3 ] DEBUG Engine               - class com.almasb.fxgl.io.FileSystemService
22:42:09.111 [FXGL Background Thread 3 ] DEBUG Engine               - class com.almasb.fxgl.localization.LocalizationService
22:42:09.111 [FXGL Background Thread 3 ] DEBUG Engine               - class com.almasb.fxgl.app.services.SystemBundleService
22:42:09.111 [FXGL Background Thread 3 ] DEBUG Engine               - class com.almasb.fxgl.profile.SaveLoadService
22:42:09.111 [FXGL Background Thread 3 ] DEBUG Engine               - class com.almasb.fxgl.ui.FXGLUIFactoryServiceProvider
22:42:09.111 [FXGL Background Thread 3 ] DEBUG Engine               - class com.almasb.fxgl.ui.FXGLDialogFactoryServiceProvider
22:42:09.111 [FXGL Background Thread 3 ] DEBUG Engine               - class com.almasb.fxgl.audio.AudioPlayer
22:42:09.111 [FXGL Background Thread 3 ] DEBUG Engine               - class com.almasb.fxgl.notification.impl.NotificationServiceProvider
22:42:09.112 [FXGL Background Thread 3 ] DEBUG Engine               - class com.almasb.fxgl.achievement.AchievementService
22:42:09.112 [FXGL Background Thread 3 ] DEBUG Engine               - class com.almasb.fxgl.cutscene.CutsceneService
22:42:09.112 [FXGL Background Thread 3 ] DEBUG Engine               - class com.almasb.fxgl.minigames.MiniGameService
22:42:09.112 [FXGL Background Thread 3 ] DEBUG Engine               - class com.almasb.fxgl.net.NetService
22:42:09.112 [FXGL Background Thread 3 ] DEBUG Engine               - class com.almasb.fxgl.app.services.UpdaterService
22:42:09.112 [FXGL Background Thread 3 ] DEBUG Engine               - class com.almasb.fxgl.dev.DevService
22:42:11.970 [JavaFX Application Thread] DEBUG Menu                 - fireNewGame()
22:42:11.970 [JavaFX Application Thread] DEBUG GameApplicationServi - Starting new game
22:42:11.971 [JavaFX Application Thread] DEBUG PrimaryStageWindow   - Pop state: MainMenu
22:42:11.971 [JavaFX Application Thread] DEBUG Input                - Clearing active input actions
22:42:11.971 [JavaFX Application Thread] DEBUG GameApplicationServi - Removing overlay from MainMenu and adding to FXGLMainMenuDummyScene
22:42:11.971 [JavaFX Application Thread] DEBUG PrimaryStageWindow   - FXGLMainMenuDummyScene <- MainMenu
22:42:11.972 [JavaFX Application Thread] DEBUG Input                - Clearing active input actions
22:42:11.977 [JavaFX Application Thread] DEBUG GameApplicationServi - Removing overlay from FXGLMainMenuDummyScene and adding to FXGLLoadingScene
22:42:11.977 [JavaFX Application Thread] DEBUG PrimaryStageWindow   - FXGLMainMenuDummyScene -> FXGLLoadingScene
22:42:11.977 [JavaFX Application Thread] DEBUG GameApplicationServi - Clearing previous game
22:42:11.977 [JavaFX Application Thread] DEBUG GameScene            - Clearing game scene
22:42:11.977 [JavaFX Application Thread] DEBUG GameWorld            - Clearing game world
22:42:11.978 [JavaFX Application Thread] DEBUG PhysicsWorld         - Clearing physics world
22:42:11.979 [FXGL Background Thread 2 ] DEBUG FXGLApplication      - Initializing game
22:42:12.002 [FXGL Background Thread 2 ] WARN  TMXLevelLoader       - TiledMap generated from 1.5.0. Supported version: 1.2.3. Some features may not be parsed fully.
22:42:12.007 [FXGL Background Thread 2 ] DEBUG TMXLevelLoader       - Parsed raw map: TiledMap(width=30, height=10, tilewidth=70, tileheight=70, orientation=orthogonal, layers=[Layer(width=30, height=10, name=Bottom, type=tilelayer, visible=false, x=0, y=0, data=[0, 0, 0, 0, 0, 0, 0, 0, 0, 0, 0, 0, 0, 0, 0, 0, 0, 0, 0, 0, 0, 0, 0, 0, 0, 0, 0, 0, 0, 0, 0, 0, 0, 0, 0, 0, 0, 0, 0, 0, 0, 0, 0, 0, 0, 0, 0, 0, 0, 0, 0, 0, 0, 0, 0, 0, 0, 0, 0, 0, 0, 0, 0, 0, 0, 0, 0, 0, 0, 0, 0, 0, 0, 0, 0, 0, 0, 0, 0, 0, 0, 0, 0, 0, 0, 0, 0, 0, 0, 0, 0, 0, 0, 0, 0, 0, 0, 0, 0, 0, 0, 0, 0, 0, 0, 0, 0, 0, 0, 0, 0, 0, 0, 0, 0, 0, 0, 0, 0, 0, 0, 0, 0, 0, 0, 0, 0, 0, 0, 0, 0, 0, 0, 0, 0, 0, 0, 0, 0, 0, 0, 0, 0, 0, 0, 0, 0, 0, 0, 0, 0, 0, 0, 0, 0, 0, 0, 0, 0, 0, 0, 206, 205, 206, 0, 0, 0, 0, 0, 0, 0, 0, 0, 0, 0, 0, 0, 0, 0, 0, 0, 0, 0, 0, 0, 0, 0, 205, 206, 207, 0, 0, 0, 0, 0, 0, 0, 0, 0, 0, 0, 0, 0, 0, 0, 0, 0, 0, 0, 0, 0, 0, 0, 0, 206, 205, 0, 0, 0, 0, 0, 0, 0, 0, 0, 0, 0, 0, 0, 0, 0, 0, 0, 0, 0, 0, 0, 0, 0, 0, 0, 263, 0, 203, 0, 0, 0, 0, 0, 0, 0, 243, 244, 245, 0, 0, 0, 0, 0, 0, 0, 0, 0, 0, 0, 0, 0, 0, 0, 0, 185, 185, 185, 185, 185, 185, 185, 185, 185, 185, 185, 185, 185, 185, 185, 185, 0, 0, 185, 185, 185, 0, 0, 185, 185, 185, 185, 185, 185, 185], objects=[], opacity=0.0, draworder=), Layer(width=30, height=10, name=overlay, type=tilelayer, visible=false, x=0, y=0, data=[213, 185, 185, 185, 185, 185, 185, 185, 185, 185, 185, 227, 185, 185, 185, 185, 213, 0, 0, 0, 0, 0, 0, 0, 0, 0, 0, 0, 0, 0, 0, 0, 0, 0, 0, 0, 0, 0, 0, 0, 0, 241, 0, 0, 0, 0, 0, 0, 0, 0, 0, 0, 0, 0, 0, 0, 0, 0, 0, 0, 0, 0, 0, 0, 0, 0, 0, 0, 0, 0, 0, 255, 0, 0, 0, 0, 0, 0, 0, 0, 0, 0, 0, 0, 0, 0, 0, 0, 0, 0, 0, 0, 0, 0, 0, 0, 0, 0, 0, 0, 0, 0, 0, 0, 0, 0, 0, 0, 0, 0, 0, 0, 0, 0, 0, 0, 0, 0, 0, 0, 0, 0, 0, 0, 0, 0, 0, 0, 0, 0, 0, 0, 0, 0, 0, 0, 0, 0, 0, 0, 0, 0, 0, 0, 0, 0, 0, 0, 0, 0, 0, 0, 0, 0, 0, 0, 0, 0, 0, 0, 0, 215, 216, 217, 0, 0, 0, 0, 0, 0, 0, 0, 0, 0, 0, 0, 0, 0, 0, 0, 0, 0, 0, 0, 0, 0, 0, 0, 0, 0, 0, 0, 0, 0, 0, 0, 0, 0, 0, 0, 0, 0, 0, 0, 0, 0, 0, 0, 0, 0, 0, 0, 0, 189, 0, 0, 0, 0, 0, 0, 0, 0, 0, 226, 0, 0, 0, 0, 0, 0, 0, 0, 0, 0, 0, 0, 0, 0, 46, 0, 0, 0, 0, 0, 0, 0, 0, 0, 0, 0, 0, 0, 0, 0, 0, 0, 0, 0, 0, 0, 0, 0, 0, 0, 0, 0, 226, 0, 58, 0, 0, 0, 0, 0, 0, 0, 0, 0, 0, 0, 0, 0, 0, 0, 0, 0, 224, 224, 0, 0, 0, 224, 224, 0, 0, 0, 0, 0, 0, 0], objects=[], opacity=0.0, draworder=), Layer(width=0, height=0, name=Objectlaag 1, type=objectgroup, visible=false, x=0, y=0, data=[], objects=[com.almasb.fxgl.entity.level.tiled.TiledObject@7f3d197b, com.almasb.fxgl.entity.level.tiled.TiledObject@2f5a61e3, com.almasb.fxgl.entity.level.tiled.TiledObject@7379700d, com.almasb.fxgl.entity.level.tiled.TiledObject@240e6f07, com.almasb.fxgl.entity.level.tiled.TiledObject@33ef5c3c, com.almasb.fxgl.entity.level.tiled.TiledObject@4f4676db, com.almasb.fxgl.entity.level.tiled.TiledObject@77878e26, com.almasb.fxgl.entity.level.tiled.TiledObject@20a6b186, com.almasb.fxgl.entity.level.tiled.TiledObject@69e11712, com.almasb.fxgl.entity.level.tiled.TiledObject@15ed545b, com.almasb.fxgl.entity.level.tiled.TiledObject@5ed01e7e, com.almasb.fxgl.entity.level.tiled.TiledObject@4b6faea3, com.almasb.fxgl.entity.level.tiled.TiledObject@2ad7795b, com.almasb.fxgl.entity.level.tiled.TiledObject@55e7afd6, com.almasb.fxgl.entity.level.tiled.TiledObject@b9a78fa, com.almasb.fxgl.entity.level.tiled.TiledObject@3db6c59c], opacity=0.0, draworder=)], tilesets=[Tileset(firstgid=1, image=../../../../../../../Eigen test/src/main/resources/assets/levels/tiles_spritesheet.png, name=tiles_spritesheet, tilewidth=70, tileheight=70, imagewidth=914, imageheight=936, margin=0, spacing=2, columns=12, tilecount=156, transparentcolor=, tiles=[]), Tileset(firstgid=157, image=../../../../../../../Eigen test/src/main/resources/assets/levels/platformerPack_industrial_tilesheet.png, name=_industrial, tilewidth=70, tileheight=70, imagewidth=980, imageheight=560, margin=0, spacing=0, columns=14, tilecount=112, transparentcolor=, tiles=[])], backgroundcolor=, renderorder=right-down, nextobjectid=18, version=1, tiledversion=1.5.0, type=map, infinite=false, hexsidelength=0, staggeraxis=, staggerindex=, properties={}, propertytypes={})
22:42:12.008 [FXGL Background Thread 2 ] DEBUG TMXLevelLoader       - Creating tile layer entities
22:42:12.009 [FXGL Background Thread 2 ] DEBUG TilesetLoader        - Loading view for layer Bottom
22:42:12.011 [FXGL Background Thread 2 ] DEBUG TilesetLoader        - Created buffer with size 2100.0x700.0
22:42:12.028 [FXGL Background Thread 2 ] DEBUG TilesetLoader        - Writing to buffer: dst=770,350, w=70,h=70, src=490,210
22:42:12.028 [FXGL Background Thread 2 ] DEBUG TilesetLoader        - Writing to buffer: dst=840,350, w=70,h=70, src=420,210
22:42:12.028 [FXGL Background Thread 2 ] DEBUG TilesetLoader        - Writing to buffer: dst=910,350, w=70,h=70, src=490,210
22:42:12.028 [FXGL Background Thread 2 ] DEBUG TilesetLoader        - Writing to buffer: dst=490,420, w=70,h=70, src=420,210
22:42:12.028 [FXGL Background Thread 2 ] DEBUG TilesetLoader        - Writing to buffer: dst=560,420, w=70,h=70, src=490,210
22:42:12.028 [FXGL Background Thread 2 ] DEBUG TilesetLoader        - Writing to buffer: dst=630,420, w=70,h=70, src=560,210
22:42:12.028 [FXGL Background Thread 2 ] DEBUG TilesetLoader        - Writing to buffer: dst=280,490, w=70,h=70, src=490,210
22:42:12.029 [FXGL Background Thread 2 ] DEBUG TilesetLoader        - Writing to buffer: dst=350,490, w=70,h=70, src=420,210
22:42:12.029 [FXGL Background Thread 2 ] DEBUG TilesetLoader        - Writing to buffer: dst=70,560, w=70,h=70, src=560,490
22:42:12.029 [FXGL Background Thread 2 ] DEBUG TilesetLoader        - Writing to buffer: dst=210,560, w=70,h=70, src=280,210
22:42:12.029 [FXGL Background Thread 2 ] DEBUG TilesetLoader        - Writing to buffer: dst=770,560, w=70,h=70, src=140,420
22:42:12.029 [FXGL Background Thread 2 ] DEBUG TilesetLoader        - Writing to buffer: dst=840,560, w=70,h=70, src=210,420
22:42:12.029 [FXGL Background Thread 2 ] DEBUG TilesetLoader        - Writing to buffer: dst=910,560, w=70,h=70, src=280,420
22:42:12.029 [FXGL Background Thread 2 ] DEBUG TilesetLoader        - Writing to buffer: dst=0,630, w=70,h=70, src=0,140
22:42:12.029 [FXGL Background Thread 2 ] DEBUG TilesetLoader        - Writing to buffer: dst=70,630, w=70,h=70, src=0,140
22:42:12.029 [FXGL Background Thread 2 ] DEBUG TilesetLoader        - Writing to buffer: dst=140,630, w=70,h=70, src=0,140
22:42:12.030 [FXGL Background Thread 2 ] DEBUG TilesetLoader        - Writing to buffer: dst=210,630, w=70,h=70, src=0,140
22:42:12.030 [FXGL Background Thread 2 ] DEBUG TilesetLoader        - Writing to buffer: dst=280,630, w=70,h=70, src=0,140
22:42:12.030 [FXGL Background Thread 2 ] DEBUG TilesetLoader        - Writing to buffer: dst=350,630, w=70,h=70, src=0,140
22:42:12.030 [FXGL Background Thread 2 ] DEBUG TilesetLoader        - Writing to buffer: dst=420,630, w=70,h=70, src=0,140
22:42:12.030 [FXGL Background Thread 2 ] DEBUG TilesetLoader        - Writing to buffer: dst=490,630, w=70,h=70, src=0,140
22:42:12.031 [FXGL Background Thread 2 ] DEBUG TilesetLoader        - Writing to buffer: dst=560,630, w=70,h=70, src=0,140
22:42:12.031 [FXGL Background Thread 2 ] DEBUG TilesetLoader        - Writing to buffer: dst=630,630, w=70,h=70, src=0,140
22:42:12.031 [FXGL Background Thread 2 ] DEBUG TilesetLoader        - Writing to buffer: dst=700,630, w=70,h=70, src=0,140
22:42:12.031 [FXGL Background Thread 2 ] DEBUG TilesetLoader        - Writing to buffer: dst=770,630, w=70,h=70, src=0,140
22:42:12.031 [FXGL Background Thread 2 ] DEBUG TilesetLoader        - Writing to buffer: dst=840,630, w=70,h=70, src=0,140
22:42:12.031 [FXGL Background Thread 2 ] DEBUG TilesetLoader        - Writing to buffer: dst=910,630, w=70,h=70, src=0,140
22:42:12.031 [FXGL Background Thread 2 ] DEBUG TilesetLoader        - Writing to buffer: dst=980,630, w=70,h=70, src=0,140
22:42:12.032 [FXGL Background Thread 2 ] DEBUG TilesetLoader        - Writing to buffer: dst=1050,630, w=70,h=70, src=0,140
22:42:12.032 [FXGL Background Thread 2 ] DEBUG TilesetLoader        - Writing to buffer: dst=1260,630, w=70,h=70, src=0,140
22:42:12.032 [FXGL Background Thread 2 ] DEBUG TilesetLoader        - Writing to buffer: dst=1330,630, w=70,h=70, src=0,140
22:42:12.032 [FXGL Background Thread 2 ] DEBUG TilesetLoader        - Writing to buffer: dst=1400,630, w=70,h=70, src=0,140
22:42:12.032 [FXGL Background Thread 2 ] DEBUG TilesetLoader        - Writing to buffer: dst=1610,630, w=70,h=70, src=0,140
22:42:12.032 [FXGL Background Thread 2 ] DEBUG TilesetLoader        - Writing to buffer: dst=1680,630, w=70,h=70, src=0,140
22:42:12.032 [FXGL Background Thread 2 ] DEBUG TilesetLoader        - Writing to buffer: dst=1750,630, w=70,h=70, src=0,140
22:42:12.033 [FXGL Background Thread 2 ] DEBUG TilesetLoader        - Writing to buffer: dst=1820,630, w=70,h=70, src=0,140
22:42:12.033 [FXGL Background Thread 2 ] DEBUG TilesetLoader        - Writing to buffer: dst=1890,630, w=70,h=70, src=0,140
22:42:12.033 [FXGL Background Thread 2 ] DEBUG TilesetLoader        - Writing to buffer: dst=1960,630, w=70,h=70, src=0,140
22:42:12.033 [FXGL Background Thread 2 ] DEBUG TilesetLoader        - Writing to buffer: dst=2030,630, w=70,h=70, src=0,140
22:42:12.033 [FXGL Background Thread 2 ] DEBUG TilesetLoader        - Loading view for layer overlay
22:42:12.037 [FXGL Background Thread 2 ] DEBUG TilesetLoader        - Created buffer with size 2100.0x700.0
22:42:12.037 [FXGL Background Thread 2 ] DEBUG TilesetLoader        - Writing to buffer: dst=0,0, w=70,h=70, src=0,280
22:42:12.037 [FXGL Background Thread 2 ] DEBUG TilesetLoader        - Writing to buffer: dst=70,0, w=70,h=70, src=0,140
22:42:12.037 [FXGL Background Thread 2 ] DEBUG TilesetLoader        - Writing to buffer: dst=140,0, w=70,h=70, src=0,140
22:42:12.037 [FXGL Background Thread 2 ] DEBUG TilesetLoader        - Writing to buffer: dst=210,0, w=70,h=70, src=0,140
22:42:12.037 [FXGL Background Thread 2 ] DEBUG TilesetLoader        - Writing to buffer: dst=280,0, w=70,h=70, src=0,140
22:42:12.038 [FXGL Background Thread 2 ] DEBUG TilesetLoader        - Writing to buffer: dst=350,0, w=70,h=70, src=0,140
22:42:12.038 [FXGL Background Thread 2 ] DEBUG TilesetLoader        - Writing to buffer: dst=420,0, w=70,h=70, src=0,140
22:42:12.038 [FXGL Background Thread 2 ] DEBUG TilesetLoader        - Writing to buffer: dst=490,0, w=70,h=70, src=0,140
22:42:12.038 [FXGL Background Thread 2 ] DEBUG TilesetLoader        - Writing to buffer: dst=560,0, w=70,h=70, src=0,140
22:42:12.038 [FXGL Background Thread 2 ] DEBUG TilesetLoader        - Writing to buffer: dst=630,0, w=70,h=70, src=0,140
22:42:12.038 [FXGL Background Thread 2 ] DEBUG TilesetLoader        - Writing to buffer: dst=700,0, w=70,h=70, src=0,140
22:42:12.038 [FXGL Background Thread 2 ] DEBUG TilesetLoader        - Writing to buffer: dst=770,0, w=70,h=70, src=0,350
22:42:12.039 [FXGL Background Thread 2 ] DEBUG TilesetLoader        - Writing to buffer: dst=840,0, w=70,h=70, src=0,140
22:42:12.039 [FXGL Background Thread 2 ] DEBUG TilesetLoader        - Writing to buffer: dst=910,0, w=70,h=70, src=0,140
22:42:12.039 [FXGL Background Thread 2 ] DEBUG TilesetLoader        - Writing to buffer: dst=980,0, w=70,h=70, src=0,140
22:42:12.039 [FXGL Background Thread 2 ] DEBUG TilesetLoader        - Writing to buffer: dst=1050,0, w=70,h=70, src=0,140
22:42:12.040 [FXGL Background Thread 2 ] DEBUG TilesetLoader        - Writing to buffer: dst=1120,0, w=70,h=70, src=0,280
22:42:12.040 [FXGL Background Thread 2 ] DEBUG TilesetLoader        - Writing to buffer: dst=770,70, w=70,h=70, src=0,420
22:42:12.040 [FXGL Background Thread 2 ] DEBUG TilesetLoader        - Writing to buffer: dst=770,140, w=70,h=70, src=0,490
22:42:12.040 [FXGL Background Thread 2 ] DEBUG TilesetLoader        - Writing to buffer: dst=770,350, w=70,h=70, src=140,280
22:42:12.040 [FXGL Background Thread 2 ] DEBUG TilesetLoader        - Writing to buffer: dst=840,350, w=70,h=70, src=210,280
22:42:12.040 [FXGL Background Thread 2 ] DEBUG TilesetLoader        - Writing to buffer: dst=910,350, w=70,h=70, src=280,280
22:42:12.040 [FXGL Background Thread 2 ] DEBUG TilesetLoader        - Writing to buffer: dst=210,490, w=70,h=70, src=280,140
22:42:12.041 [FXGL Background Thread 2 ] DEBUG TilesetLoader        - Writing to buffer: dst=910,490, w=70,h=70, src=910,280
22:42:12.055 [FXGL Background Thread 2 ] DEBUG TilesetLoader        - Writing to buffer: dst=1960,490, w=70,h=70, src=648,216
22:42:12.056 [FXGL Background Thread 2 ] DEBUG TilesetLoader        - Writing to buffer: dst=1820,560, w=70,h=70, src=910,280
22:42:12.056 [FXGL Background Thread 2 ] DEBUG TilesetLoader        - Writing to buffer: dst=1960,560, w=70,h=70, src=648,288
22:42:12.056 [FXGL Background Thread 2 ] DEBUG TilesetLoader        - Writing to buffer: dst=1120,630, w=70,h=70, src=770,280
22:42:12.056 [FXGL Background Thread 2 ] DEBUG TilesetLoader        - Writing to buffer: dst=1190,630, w=70,h=70, src=770,280
22:42:12.056 [FXGL Background Thread 2 ] DEBUG TilesetLoader        - Writing to buffer: dst=1470,630, w=70,h=70, src=770,280
22:42:12.056 [FXGL Background Thread 2 ] DEBUG TilesetLoader        - Writing to buffer: dst=1540,630, w=70,h=70, src=770,280
22:42:12.057 [FXGL Background Thread 2 ] DEBUG TMXLevelLoader       - Creating object layer entities
22:42:12.069 [FXGL Background Thread 2 ] DEBUG FXGLAssetLoaderServi - Loading from file system: file:/D:/OneDrive/OneDrive%20-%20Hogeschool%20Leiden/IPOSE/NERDS%20VS%20VIRUS/nerdsvsthevirus/target/classes/assets/textures/spuit2.png
22:42:12.074 [FXGL Background Thread 2 ] DEBUG FXGLAssetLoaderServi - Loading from file system: file:/D:/OneDrive/OneDrive%20-%20Hogeschool%20Leiden/IPOSE/NERDS%20VS%20VIRUS/nerdsvsthevirus/target/classes/assets/textures/bacteria.png
22:42:12.081 [FXGL Background Thread 2 ] DEBUG GameWorld            - Clearing removable entities
22:42:12.081 [FXGL Background Thread 2 ] DEBUG GameWorld            - Setting level: com.almasb.fxgl.entity.level.Level@64e388ba
22:42:12.090 [FXGL Background Thread 2 ] DEBUG FXGLAssetLoaderServi - Loading from file system: file:/D:/OneDrive/OneDrive%20-%20Hogeschool%20Leiden/IPOSE/NERDS%20VS%20VIRUS/nerdsvsthevirus/target/classes/assets/textures/Start/startBg.png
22:42:12.128 [FXGL Background Thread 2 ] DEBUG FXGLAssetLoaderServi - Loading from file system: file:/D:/OneDrive/OneDrive%20-%20Hogeschool%20Leiden/IPOSE/NERDS%20VS%20VIRUS/nerdsvsthevirus/target/classes/assets/textures/sprite.png
22:42:12.135 [FXGL Background Thread 2 ] INFO  FXGLApplication      - Game initialization took: 0,156 sec
22:42:12.136 [JavaFX Application Thread] DEBUG Input                - Clearing active input actions
22:42:12.141 [JavaFX Application Thread] DEBUG GameApplicationServi - Removing overlay from FXGLLoadingScene and adding to GameScene
22:42:12.141 [JavaFX Application Thread] DEBUG PrimaryStageWindow   - FXGLLoadingScene -> GameScene
22:42:38.472 [JavaFX Application Thread] DEBUG FXGLApplication      - Exiting FXGL
22:42:38.472 [JavaFX Application Thread] DEBUG LoopRunner           - Stopping loop
22:42:38.472 [JavaFX Application Thread] DEBUG SystemBundleService  - Saving FXGL system data
22:42:38.474 [JavaFX Application Thread] DEBUG FileSystemAccess     - Writing to: D:\OneDrive\OneDrive - Hogeschool Leiden\IPOSE\NERDS VS VIRUS\nerdsvsthevirus\system\fxgl.bundle
22:42:38.475 [JavaFX Application Thread] DEBUG Async                - Shutting down background threads
22:42:38.475 [JavaFX Application Thread] DEBUG PrimaryStageWindow   - Closing main window
22:42:38.484 [JavaFX Application Thread] DEBUG Logger               - Closing Logger
