10:21:47.653 [main                     ] DEBUG Logger               - Configured Logger
10:21:47.668 [main                     ] DEBUG GameApplication      - Logging settings
Title: Nerds VS Virus
Version: 0.0
Width: 1050
Height: 700
Fullscreen: false
Intro: false
Profiling: false
Single step:false
App Mode: DEVELOPER
Menu Key: ESCAPE
Stage Style: DECORATED
Scene Factory: class NerdvsVirus.Game$1

10:21:48.151 [JavaFX Application Thread] DEBUG FXGLApplication      - Initializing FXGL
10:21:48.153 [JavaFX Application Thread] INFO  Engine               - FXGL-11.14 (01.03.2021 16.59) on WINDOWS (J:15.0.2 FX:15)
10:21:48.154 [JavaFX Application Thread] DEBUG Engine               - JRE Vendor Name: Oracle Corporation
10:21:48.154 [JavaFX Application Thread] DEBUG Engine               - Running on OS: Windows 10 version 10.0
10:21:48.154 [JavaFX Application Thread] DEBUG Engine               - Architecture: amd64
10:21:48.154 [JavaFX Application Thread] INFO  Engine               - Source code and latest versions at: https://github.com/AlmasB/FXGL
10:21:48.155 [JavaFX Application Thread] INFO  Engine               -              Join the FXGL chat at: https://gitter.im/AlmasB/FXGL
10:21:48.267 [JavaFX Application Thread] DEBUG PrimaryStageWindow   - Creating a JavaFX scene
10:21:48.321 [JavaFX Application Thread] DEBUG PrimaryStageWindow   - Target settings size: 1050.0 x 700.0
10:21:48.321 [JavaFX Application Thread] DEBUG PrimaryStageWindow   - Scaled scene size:    1050.0 x 700.0
10:21:48.321 [JavaFX Application Thread] DEBUG PrimaryStageWindow   - Scaled ratio: (1.0, 1.0)
10:21:48.322 [JavaFX Application Thread] DEBUG PrimaryStageWindow   - Set initial scene to FXGLStartupScene
10:21:48.330 [JavaFX Application Thread] DEBUG PrimaryStageWindow   - Opening main window
10:21:48.408 [JavaFX Application Thread] DEBUG PrimaryStageWindow   - Window border size: (16.0, 39.0)
10:21:48.408 [JavaFX Application Thread] DEBUG PrimaryStageWindow   - Scaled size: 1050.0 x 700.0
10:21:48.409 [JavaFX Application Thread] DEBUG PrimaryStageWindow   - Scaled ratio: (1.0, 1.0)
10:21:48.409 [JavaFX Application Thread] DEBUG PrimaryStageWindow   - Scene size: 1050.0 x 700.0
10:21:48.409 [JavaFX Application Thread] DEBUG PrimaryStageWindow   - Stage size: 1066.0 x 739.0
10:21:48.416 [FXGL Background Thread 1 ] DEBUG Engine               - Initializing environment variables
10:21:48.449 [FXGL Background Thread 1 ] DEBUG FXGLAssetLoaderServi - User app class for loading assets: class NerdvsVirus.Game
10:21:48.450 [FXGL Background Thread 1 ] DEBUG GameApplicationServi - Applying CSS: fxgl_dark.css
10:21:48.451 [FXGL Background Thread 1 ] DEBUG FXGLAssetLoaderServi - Loading from file system: jar:file:/C:/Users/luukb/.m2/repository/com/github/almasb/fxgl/11.14/fxgl-11.14.jar!/fxglassets/ui/css/fxgl_dark.css
10:21:48.489 [FXGL Background Thread 1 ] DEBUG GameApplicationServi - Initializing application scenes
10:21:48.520 [FXGL Background Thread 1 ] DEBUG GameWorld            - Game world initialized
10:21:48.582 [FXGL Background Thread 1 ] DEBUG PhysicsWorld         - Physics world initialized: appHeight=700, physics.ppm=50,0
10:21:48.583 [FXGL Background Thread 1 ] DEBUG PhysicsWorld         - Using strategy: BRUTE_FORCE
10:21:48.585 [FXGL Background Thread 1 ] DEBUG GameScene            - Game scene initialized: 1050x700
10:21:48.706 [FXGL Background Thread 1 ] DEBUG FXGLAssetLoaderServi - Loading from file system: jar:file:/C:/Users/luukb/.m2/repository/com/github/almasb/fxgl/11.14/fxgl-11.14.jar!/fxglassets/textures/particles/trace_horizontal.png
10:21:48.737 [FXGL Background Thread 1 ] DEBUG FXGL.DefaultMenu     - createMenuBodyGameMenu()
10:21:48.752 [FXGL Background Thread 1 ] DEBUG FXGL.DefaultMenu     - createOptionsMenu()
10:21:48.756 [FXGL Background Thread 1 ] DEBUG FXGLAssetLoaderServi - Loading from file system: jar:file:/C:/Users/luukb/.m2/repository/com/github/almasb/fxgl/11.14/fxgl-11.14.jar!/fxglassets/textures/particles/smoke.png
10:21:48.795 [FXGL Background Thread 1 ] DEBUG GameApplicationServi - Application scenes initialized
10:21:48.808 [FXGL Background Thread 1 ] DEBUG SystemBundleService  - Loading FXGL system data
10:21:48.812 [FXGL Background Thread 1 ] DEBUG FileSystemAccess     - Reading from: D:\OneDrive\OneDrive - Hogeschool Leiden\IPOSE\NERDS VS VIRUS\nerdsvsthevirus\system\fxgl.bundle
10:21:48.818 [FXGL Background Thread 1 ] DEBUG SystemBundleService  - Bundle FXGL: {}
10:21:48.819 [FXGL Background Thread 1 ] DEBUG UpdaterService       - Checking for updates
10:21:48.823 [FXGL Background Thread 4 ] DEBUG FXGLApplication      - Loading fonts
10:21:48.824 [FXGL Background Thread 1 ] DEBUG FXGLApplication      - Loading default localization
10:21:48.824 [FXGL Background Thread 4 ] DEBUG FXGLAssetLoaderServi - Loading from file system: jar:file:/C:/Users/luukb/.m2/repository/com/github/almasb/fxgl/11.14/fxgl-11.14.jar!/fxglassets/ui/fonts/VarelaRound-Regular.ttf
10:21:48.825 [FXGL Background Thread 1 ] DEBUG FXGLAssetLoaderServi - Loading from file system: jar:file:/C:/Users/luukb/.m2/repository/com/github/almasb/fxgl/11.14/fxgl-11.14.jar!/fxglassets/languages/english.lang
10:21:48.828 [FXGL Background Thread 4 ] DEBUG FXGLAssetLoaderServi - Loading from file system: jar:file:/C:/Users/luukb/.m2/repository/com/github/almasb/fxgl/11.14/fxgl-11.14.jar!/fxglassets/ui/fonts/Abel-Regular.ttf
10:21:48.833 [FXGL Background Thread 4 ] DEBUG FXGLAssetLoaderServi - Loading from file system: jar:file:/C:/Users/luukb/.m2/repository/com/github/almasb/fxgl/11.14/fxgl-11.14.jar!/fxglassets/ui/fonts/lucida_console.ttf
10:21:48.838 [FXGL Background Thread 4 ] DEBUG FXGLAssetLoaderServi - Loading from file system: jar:file:/C:/Users/luukb/.m2/repository/com/github/almasb/fxgl/11.14/fxgl-11.14.jar!/fxglassets/ui/fonts/Courier-Prime.ttf
10:21:48.841 [FXGL Background Thread 1 ] INFO  FXGLApplication      - FXGL initialization took: 0,425 sec
10:21:48.848 [JavaFX Application Thread] DEBUG Input                - Registered new binding: Left - A
10:21:48.848 [JavaFX Application Thread] DEBUG Input                - Registered new binding: Right - D
10:21:48.849 [JavaFX Application Thread] DEBUG Input                - Registered new binding: Jump - W
10:21:48.849 [JavaFX Application Thread] DEBUG FXGLAssetLoaderServi - Loading from file system: jar:file:/C:/Users/luukb/.m2/repository/com/github/almasb/fxgl/11.14/fxgl-11.14.jar!/fxglassets/textures/fxgl_icon.png
10:21:48.864 [JavaFX Application Thread] DEBUG FXGLAssetLoaderServi - Loading from file system: jar:file:/C:/Users/luukb/.m2/repository/com/github/almasb/fxgl/11.14/fxgl-11.14.jar!/fxglassets/ui/cursors/fxgl_default.png
10:21:48.865 [JavaFX Application Thread] DEBUG Input                - Registered new binding: Screenshot - P
10:21:48.865 [JavaFX Application Thread] DEBUG Input                - Registered new binding: System info dump - CTRL+9
10:21:48.866 [JavaFX Application Thread] DEBUG Input                - Registered new binding: Restart - CTRL+R
10:21:48.866 [JavaFX Application Thread] DEBUG Input                - Registered new binding: Toggle Debug Camera - CTRL+C
10:21:48.869 [JavaFX Application Thread] DEBUG LoopRunner           - Starting loop
10:21:48.870 [JavaFX Application Thread] DEBUG LoopRunner           - Initializing JavaFX AnimationTimerLoop
10:21:48.872 [JavaFX Application Thread] DEBUG Input                - Clearing active input actions
10:21:48.878 [JavaFX Application Thread] DEBUG GameApplicationServi - Removing overlay from FXGLStartupScene and adding to FXGLMainMenuDummyScene
10:21:48.878 [JavaFX Application Thread] DEBUG PrimaryStageWindow   - FXGLStartupScene -> FXGLMainMenuDummyScene
10:21:48.878 [JavaFX Application Thread] DEBUG PrimaryStageWindow   - Push state: MainMenu
10:21:48.878 [JavaFX Application Thread] DEBUG Input                - Clearing active input actions
10:21:49.252 [JavaFX Application Thread] DEBUG GameApplicationServi - Removing overlay from FXGLMainMenuDummyScene and adding to MainMenu
10:21:49.252 [JavaFX Application Thread] DEBUG PrimaryStageWindow   - FXGLMainMenuDummyScene -> MainMenu
10:21:49.253 [JavaFX Application Thread] DEBUG FXGLApplication      - Registering font factories with UI factory
10:21:50.014 [JavaFX Application Thread] DEBUG Menu                 - fireNewGame()
10:21:50.014 [JavaFX Application Thread] DEBUG GameApplicationServi - Starting new game
10:21:50.014 [JavaFX Application Thread] DEBUG PrimaryStageWindow   - Pop state: MainMenu
10:21:50.014 [JavaFX Application Thread] DEBUG Input                - Clearing active input actions
10:21:50.015 [JavaFX Application Thread] DEBUG GameApplicationServi - Removing overlay from MainMenu and adding to FXGLMainMenuDummyScene
10:21:50.015 [JavaFX Application Thread] DEBUG PrimaryStageWindow   - FXGLMainMenuDummyScene <- MainMenu
10:21:50.015 [JavaFX Application Thread] DEBUG Input                - Clearing active input actions
10:21:50.022 [JavaFX Application Thread] DEBUG GameApplicationServi - Removing overlay from FXGLMainMenuDummyScene and adding to FXGLLoadingScene
10:21:50.022 [JavaFX Application Thread] DEBUG PrimaryStageWindow   - FXGLMainMenuDummyScene -> FXGLLoadingScene
10:21:50.022 [JavaFX Application Thread] DEBUG GameApplicationServi - Clearing previous game
10:21:50.022 [JavaFX Application Thread] DEBUG GameScene            - Clearing game scene
10:21:50.023 [JavaFX Application Thread] DEBUG GameWorld            - Clearing game world
10:21:50.023 [JavaFX Application Thread] DEBUG PhysicsWorld         - Clearing physics world
10:21:50.024 [FXGL Background Thread 2 ] DEBUG FXGLApplication      - Initializing game
10:21:50.046 [FXGL Background Thread 2 ] WARN  TMXLevelLoader       - TiledMap generated from 1.5.0. Supported version: 1.2.3. Some features may not be parsed fully.
10:21:50.053 [FXGL Background Thread 2 ] DEBUG TMXLevelLoader       - Parsed raw map: TiledMap(width=30, height=10, tilewidth=70, tileheight=70, orientation=orthogonal, layers=[Layer(width=30, height=10, name=Bottom, type=tilelayer, visible=false, x=0, y=0, data=[0, 0, 0, 0, 0, 0, 0, 0, 0, 0, 0, 0, 0, 0, 0, 0, 0, 0, 0, 0, 0, 0, 0, 0, 0, 0, 0, 0, 0, 0, 0, 0, 0, 0, 0, 0, 0, 0, 0, 0, 0, 0, 0, 0, 0, 0, 0, 0, 0, 0, 0, 0, 0, 0, 0, 0, 0, 0, 0, 0, 0, 0, 0, 0, 0, 0, 0, 0, 0, 0, 0, 0, 0, 0, 0, 0, 0, 0, 0, 0, 0, 0, 0, 0, 0, 0, 0, 0, 0, 0, 0, 0, 0, 0, 0, 0, 0, 0, 0, 0, 0, 0, 0, 0, 0, 0, 0, 0, 0, 0, 0, 0, 0, 0, 0, 0, 0, 0, 0, 0, 0, 0, 0, 0, 0, 0, 0, 0, 0, 0, 0, 0, 0, 0, 0, 0, 0, 0, 0, 0, 0, 0, 0, 0, 0, 0, 0, 0, 0, 0, 0, 0, 0, 0, 0, 0, 0, 0, 0, 0, 0, 206, 205, 206, 0, 0, 0, 0, 0, 0, 0, 0, 0, 0, 0, 0, 0, 0, 0, 0, 0, 0, 0, 0, 0, 0, 0, 205, 206, 207, 0, 0, 0, 0, 0, 0, 0, 0, 0, 0, 0, 0, 0, 0, 0, 0, 0, 0, 0, 0, 0, 0, 0, 0, 206, 205, 0, 0, 0, 0, 0, 0, 0, 0, 0, 0, 0, 0, 0, 0, 0, 0, 0, 0, 0, 0, 0, 0, 0, 0, 0, 263, 0, 203, 0, 0, 0, 0, 0, 0, 0, 243, 244, 245, 0, 0, 0, 0, 0, 0, 0, 0, 0, 0, 0, 0, 0, 0, 0, 0, 185, 185, 185, 185, 185, 185, 185, 185, 185, 185, 185, 185, 185, 185, 185, 185, 0, 0, 185, 185, 185, 0, 0, 185, 185, 185, 185, 185, 185, 185], objects=[], opacity=0.0, draworder=), Layer(width=30, height=10, name=overlay, type=tilelayer, visible=false, x=0, y=0, data=[213, 185, 185, 185, 185, 185, 185, 185, 185, 185, 185, 227, 185, 185, 185, 185, 213, 0, 0, 0, 0, 0, 0, 0, 0, 0, 0, 0, 0, 0, 0, 0, 0, 0, 0, 0, 0, 0, 0, 0, 0, 241, 0, 0, 0, 0, 0, 0, 0, 0, 0, 0, 0, 0, 0, 0, 0, 0, 0, 0, 0, 0, 0, 0, 0, 0, 0, 0, 0, 0, 0, 255, 0, 0, 0, 0, 0, 0, 0, 0, 0, 0, 0, 0, 0, 0, 0, 0, 0, 0, 0, 0, 0, 0, 0, 0, 0, 0, 0, 0, 0, 0, 0, 0, 0, 0, 0, 0, 0, 0, 0, 0, 0, 0, 0, 0, 0, 0, 0, 0, 0, 0, 0, 0, 0, 0, 0, 0, 0, 0, 0, 0, 0, 0, 0, 0, 0, 0, 0, 0, 0, 0, 0, 0, 0, 0, 0, 0, 0, 0, 0, 0, 0, 0, 0, 0, 0, 0, 0, 0, 0, 215, 216, 217, 0, 0, 0, 0, 0, 0, 0, 0, 0, 0, 0, 0, 0, 0, 0, 0, 0, 0, 0, 0, 0, 0, 0, 0, 0, 0, 0, 0, 0, 0, 0, 0, 0, 0, 0, 0, 0, 0, 0, 0, 0, 0, 0, 0, 0, 0, 0, 0, 0, 189, 0, 0, 0, 0, 0, 0, 0, 0, 0, 226, 0, 0, 0, 0, 0, 0, 0, 0, 0, 0, 0, 0, 0, 0, 46, 0, 0, 0, 0, 0, 0, 0, 0, 0, 0, 0, 0, 0, 0, 0, 0, 0, 0, 0, 0, 0, 0, 0, 0, 0, 0, 0, 226, 0, 58, 0, 0, 0, 0, 0, 0, 0, 0, 0, 0, 0, 0, 0, 0, 0, 0, 0, 224, 224, 0, 0, 0, 224, 224, 0, 0, 0, 0, 0, 0, 0], objects=[], opacity=0.0, draworder=), Layer(width=0, height=0, name=Objectlaag 1, type=objectgroup, visible=false, x=0, y=0, data=[], objects=[com.almasb.fxgl.entity.level.tiled.TiledObject@356bb350, com.almasb.fxgl.entity.level.tiled.TiledObject@42ed9be1, com.almasb.fxgl.entity.level.tiled.TiledObject@16d65e3a, com.almasb.fxgl.entity.level.tiled.TiledObject@76ca14ac, com.almasb.fxgl.entity.level.tiled.TiledObject@1e53d816, com.almasb.fxgl.entity.level.tiled.TiledObject@30cf7aae, com.almasb.fxgl.entity.level.tiled.TiledObject@144cc503, com.almasb.fxgl.entity.level.tiled.TiledObject@3205dc52, com.almasb.fxgl.entity.level.tiled.TiledObject@3216216c, com.almasb.fxgl.entity.level.tiled.TiledObject@79c7278a, com.almasb.fxgl.entity.level.tiled.TiledObject@bd1916c, com.almasb.fxgl.entity.level.tiled.TiledObject@172a3b08, com.almasb.fxgl.entity.level.tiled.TiledObject@143465c0, com.almasb.fxgl.entity.level.tiled.TiledObject@548febbb, com.almasb.fxgl.entity.level.tiled.TiledObject@53524ab7, com.almasb.fxgl.entity.level.tiled.TiledObject@15e6d9ae, com.almasb.fxgl.entity.level.tiled.TiledObject@224bb4b7, com.almasb.fxgl.entity.level.tiled.TiledObject@9b25176], opacity=0.0, draworder=)], tilesets=[Tileset(firstgid=1, image=../../../../../../../Eigen test/src/main/resources/assets/levels/tiles_spritesheet.png, name=tiles_spritesheet, tilewidth=70, tileheight=70, imagewidth=914, imageheight=936, margin=0, spacing=2, columns=12, tilecount=156, transparentcolor=, tiles=[]), Tileset(firstgid=157, image=../../../../../../../Eigen test/src/main/resources/assets/levels/platformerPack_industrial_tilesheet.png, name=_industrial, tilewidth=70, tileheight=70, imagewidth=980, imageheight=560, margin=0, spacing=0, columns=14, tilecount=112, transparentcolor=, tiles=[])], backgroundcolor=, renderorder=right-down, nextobjectid=22, version=1, tiledversion=1.5.0, type=map, infinite=false, hexsidelength=0, staggeraxis=, staggerindex=, properties={}, propertytypes={})
10:21:50.054 [FXGL Background Thread 2 ] DEBUG TMXLevelLoader       - Creating tile layer entities
10:21:50.055 [FXGL Background Thread 2 ] DEBUG TilesetLoader        - Loading view for layer Bottom
10:21:50.057 [FXGL Background Thread 2 ] DEBUG TilesetLoader        - Created buffer with size 2100.0x700.0
10:21:50.069 [FXGL Background Thread 2 ] DEBUG TilesetLoader        - Writing to buffer: dst=770,350, w=70,h=70, src=490,210
10:21:50.069 [FXGL Background Thread 2 ] DEBUG TilesetLoader        - Writing to buffer: dst=840,350, w=70,h=70, src=420,210
10:21:50.069 [FXGL Background Thread 2 ] DEBUG TilesetLoader        - Writing to buffer: dst=910,350, w=70,h=70, src=490,210
10:21:50.070 [FXGL Background Thread 2 ] DEBUG TilesetLoader        - Writing to buffer: dst=490,420, w=70,h=70, src=420,210
10:21:50.070 [FXGL Background Thread 2 ] DEBUG TilesetLoader        - Writing to buffer: dst=560,420, w=70,h=70, src=490,210
10:21:50.070 [FXGL Background Thread 2 ] DEBUG TilesetLoader        - Writing to buffer: dst=630,420, w=70,h=70, src=560,210
10:21:50.070 [FXGL Background Thread 2 ] DEBUG TilesetLoader        - Writing to buffer: dst=280,490, w=70,h=70, src=490,210
10:21:50.070 [FXGL Background Thread 2 ] DEBUG TilesetLoader        - Writing to buffer: dst=350,490, w=70,h=70, src=420,210
10:21:50.071 [FXGL Background Thread 2 ] DEBUG TilesetLoader        - Writing to buffer: dst=70,560, w=70,h=70, src=560,490
10:21:50.071 [FXGL Background Thread 2 ] DEBUG TilesetLoader        - Writing to buffer: dst=210,560, w=70,h=70, src=280,210
10:21:50.071 [FXGL Background Thread 2 ] DEBUG TilesetLoader        - Writing to buffer: dst=770,560, w=70,h=70, src=140,420
10:21:50.071 [FXGL Background Thread 2 ] DEBUG TilesetLoader        - Writing to buffer: dst=840,560, w=70,h=70, src=210,420
10:21:50.071 [FXGL Background Thread 2 ] DEBUG TilesetLoader        - Writing to buffer: dst=910,560, w=70,h=70, src=280,420
10:21:50.072 [FXGL Background Thread 2 ] DEBUG TilesetLoader        - Writing to buffer: dst=0,630, w=70,h=70, src=0,140
10:21:50.072 [FXGL Background Thread 2 ] DEBUG TilesetLoader        - Writing to buffer: dst=70,630, w=70,h=70, src=0,140
10:21:50.072 [FXGL Background Thread 2 ] DEBUG TilesetLoader        - Writing to buffer: dst=140,630, w=70,h=70, src=0,140
10:21:50.072 [FXGL Background Thread 2 ] DEBUG TilesetLoader        - Writing to buffer: dst=210,630, w=70,h=70, src=0,140
10:21:50.073 [FXGL Background Thread 2 ] DEBUG TilesetLoader        - Writing to buffer: dst=280,630, w=70,h=70, src=0,140
10:21:50.073 [FXGL Background Thread 2 ] DEBUG TilesetLoader        - Writing to buffer: dst=350,630, w=70,h=70, src=0,140
10:21:50.073 [FXGL Background Thread 2 ] DEBUG TilesetLoader        - Writing to buffer: dst=420,630, w=70,h=70, src=0,140
10:21:50.073 [FXGL Background Thread 2 ] DEBUG TilesetLoader        - Writing to buffer: dst=490,630, w=70,h=70, src=0,140
10:21:50.074 [FXGL Background Thread 2 ] DEBUG TilesetLoader        - Writing to buffer: dst=560,630, w=70,h=70, src=0,140
10:21:50.074 [FXGL Background Thread 2 ] DEBUG TilesetLoader        - Writing to buffer: dst=630,630, w=70,h=70, src=0,140
10:21:50.074 [FXGL Background Thread 2 ] DEBUG TilesetLoader        - Writing to buffer: dst=700,630, w=70,h=70, src=0,140
10:21:50.074 [FXGL Background Thread 2 ] DEBUG TilesetLoader        - Writing to buffer: dst=770,630, w=70,h=70, src=0,140
10:21:50.074 [FXGL Background Thread 2 ] DEBUG TilesetLoader        - Writing to buffer: dst=840,630, w=70,h=70, src=0,140
10:21:50.074 [FXGL Background Thread 2 ] DEBUG TilesetLoader        - Writing to buffer: dst=910,630, w=70,h=70, src=0,140
10:21:50.075 [FXGL Background Thread 2 ] DEBUG TilesetLoader        - Writing to buffer: dst=980,630, w=70,h=70, src=0,140
10:21:50.075 [FXGL Background Thread 2 ] DEBUG TilesetLoader        - Writing to buffer: dst=1050,630, w=70,h=70, src=0,140
10:21:50.075 [FXGL Background Thread 2 ] DEBUG TilesetLoader        - Writing to buffer: dst=1260,630, w=70,h=70, src=0,140
10:21:50.075 [FXGL Background Thread 2 ] DEBUG TilesetLoader        - Writing to buffer: dst=1330,630, w=70,h=70, src=0,140
10:21:50.075 [FXGL Background Thread 2 ] DEBUG TilesetLoader        - Writing to buffer: dst=1400,630, w=70,h=70, src=0,140
10:21:50.076 [FXGL Background Thread 2 ] DEBUG TilesetLoader        - Writing to buffer: dst=1610,630, w=70,h=70, src=0,140
10:21:50.076 [FXGL Background Thread 2 ] DEBUG TilesetLoader        - Writing to buffer: dst=1680,630, w=70,h=70, src=0,140
10:21:50.076 [FXGL Background Thread 2 ] DEBUG TilesetLoader        - Writing to buffer: dst=1750,630, w=70,h=70, src=0,140
10:21:50.076 [FXGL Background Thread 2 ] DEBUG TilesetLoader        - Writing to buffer: dst=1820,630, w=70,h=70, src=0,140
10:21:50.077 [FXGL Background Thread 2 ] DEBUG TilesetLoader        - Writing to buffer: dst=1890,630, w=70,h=70, src=0,140
10:21:50.077 [FXGL Background Thread 2 ] DEBUG TilesetLoader        - Writing to buffer: dst=1960,630, w=70,h=70, src=0,140
10:21:50.077 [FXGL Background Thread 2 ] DEBUG TilesetLoader        - Writing to buffer: dst=2030,630, w=70,h=70, src=0,140
10:21:50.078 [FXGL Background Thread 2 ] DEBUG TilesetLoader        - Loading view for layer overlay
10:21:50.084 [FXGL Background Thread 2 ] DEBUG TilesetLoader        - Created buffer with size 2100.0x700.0
10:21:50.085 [FXGL Background Thread 2 ] DEBUG TilesetLoader        - Writing to buffer: dst=0,0, w=70,h=70, src=0,280
10:21:50.085 [FXGL Background Thread 2 ] DEBUG TilesetLoader        - Writing to buffer: dst=70,0, w=70,h=70, src=0,140
10:21:50.085 [FXGL Background Thread 2 ] DEBUG TilesetLoader        - Writing to buffer: dst=140,0, w=70,h=70, src=0,140
10:21:50.085 [FXGL Background Thread 2 ] DEBUG TilesetLoader        - Writing to buffer: dst=210,0, w=70,h=70, src=0,140
10:21:50.085 [FXGL Background Thread 2 ] DEBUG TilesetLoader        - Writing to buffer: dst=280,0, w=70,h=70, src=0,140
10:21:50.086 [FXGL Background Thread 2 ] DEBUG TilesetLoader        - Writing to buffer: dst=350,0, w=70,h=70, src=0,140
10:21:50.086 [FXGL Background Thread 2 ] DEBUG TilesetLoader        - Writing to buffer: dst=420,0, w=70,h=70, src=0,140
10:21:50.086 [FXGL Background Thread 2 ] DEBUG TilesetLoader        - Writing to buffer: dst=490,0, w=70,h=70, src=0,140
10:21:50.086 [FXGL Background Thread 2 ] DEBUG TilesetLoader        - Writing to buffer: dst=560,0, w=70,h=70, src=0,140
10:21:50.086 [FXGL Background Thread 2 ] DEBUG TilesetLoader        - Writing to buffer: dst=630,0, w=70,h=70, src=0,140
10:21:50.086 [FXGL Background Thread 2 ] DEBUG TilesetLoader        - Writing to buffer: dst=700,0, w=70,h=70, src=0,140
10:21:50.087 [FXGL Background Thread 2 ] DEBUG TilesetLoader        - Writing to buffer: dst=770,0, w=70,h=70, src=0,350
10:21:50.087 [FXGL Background Thread 2 ] DEBUG TilesetLoader        - Writing to buffer: dst=840,0, w=70,h=70, src=0,140
10:21:50.087 [FXGL Background Thread 2 ] DEBUG TilesetLoader        - Writing to buffer: dst=910,0, w=70,h=70, src=0,140
10:21:50.087 [FXGL Background Thread 2 ] DEBUG TilesetLoader        - Writing to buffer: dst=980,0, w=70,h=70, src=0,140
10:21:50.088 [FXGL Background Thread 2 ] DEBUG TilesetLoader        - Writing to buffer: dst=1050,0, w=70,h=70, src=0,140
10:21:50.088 [FXGL Background Thread 2 ] DEBUG TilesetLoader        - Writing to buffer: dst=1120,0, w=70,h=70, src=0,280
10:21:50.088 [FXGL Background Thread 2 ] DEBUG TilesetLoader        - Writing to buffer: dst=770,70, w=70,h=70, src=0,420
10:21:50.088 [FXGL Background Thread 2 ] DEBUG TilesetLoader        - Writing to buffer: dst=770,140, w=70,h=70, src=0,490
10:21:50.089 [FXGL Background Thread 2 ] DEBUG TilesetLoader        - Writing to buffer: dst=770,350, w=70,h=70, src=140,280
10:21:50.089 [FXGL Background Thread 2 ] DEBUG TilesetLoader        - Writing to buffer: dst=840,350, w=70,h=70, src=210,280
10:21:50.089 [FXGL Background Thread 2 ] DEBUG TilesetLoader        - Writing to buffer: dst=910,350, w=70,h=70, src=280,280
10:21:50.091 [FXGL Background Thread 2 ] DEBUG TilesetLoader        - Writing to buffer: dst=210,490, w=70,h=70, src=280,140
10:21:50.091 [FXGL Background Thread 2 ] DEBUG TilesetLoader        - Writing to buffer: dst=910,490, w=70,h=70, src=910,280
10:21:50.104 [FXGL Background Thread 2 ] DEBUG TilesetLoader        - Writing to buffer: dst=1960,490, w=70,h=70, src=648,216
10:21:50.104 [FXGL Background Thread 2 ] DEBUG TilesetLoader        - Writing to buffer: dst=1820,560, w=70,h=70, src=910,280
10:21:50.104 [FXGL Background Thread 2 ] DEBUG TilesetLoader        - Writing to buffer: dst=1960,560, w=70,h=70, src=648,288
10:21:50.104 [FXGL Background Thread 2 ] DEBUG TilesetLoader        - Writing to buffer: dst=1120,630, w=70,h=70, src=770,280
10:21:50.104 [FXGL Background Thread 2 ] DEBUG TilesetLoader        - Writing to buffer: dst=1190,630, w=70,h=70, src=770,280
10:21:50.105 [FXGL Background Thread 2 ] DEBUG TilesetLoader        - Writing to buffer: dst=1470,630, w=70,h=70, src=770,280
10:21:50.105 [FXGL Background Thread 2 ] DEBUG TilesetLoader        - Writing to buffer: dst=1540,630, w=70,h=70, src=770,280
10:21:50.105 [FXGL Background Thread 2 ] DEBUG TMXLevelLoader       - Creating object layer entities
10:21:50.121 [FXGL Background Thread 2 ] DEBUG FXGLAssetLoaderServi - Loading from file system: file:/D:/OneDrive/OneDrive%20-%20Hogeschool%20Leiden/IPOSE/NERDS%20VS%20VIRUS/nerdsvsthevirus/target/classes/assets/textures/spuit2.png
10:21:50.129 [FXGL Background Thread 2 ] DEBUG FXGLAssetLoaderServi - Loading from file system: file:/D:/OneDrive/OneDrive%20-%20Hogeschool%20Leiden/IPOSE/NERDS%20VS%20VIRUS/nerdsvsthevirus/target/classes/assets/textures/bacteria.png
10:21:50.138 [FXGL Background Thread 2 ] DEBUG GameWorld            - Clearing removable entities
10:21:50.138 [FXGL Background Thread 2 ] DEBUG GameWorld            - Setting level: com.almasb.fxgl.entity.level.Level@680cf532
10:21:50.147 [FXGL Background Thread 2 ] DEBUG FXGLAssetLoaderServi - Loading from file system: file:/D:/OneDrive/OneDrive%20-%20Hogeschool%20Leiden/IPOSE/NERDS%20VS%20VIRUS/nerdsvsthevirus/target/classes/assets/textures/sprite.png
10:21:50.157 [JavaFX Application Thread] DEBUG LoopRunner           - Stopping loop
10:21:50.158 [JavaFX Application Thread] FATAL FXGLApplication      - Uncaught Exception:
java.lang.RuntimeException: Initialization failed
	at com.almasb.fxgl.app.FXGLApplication$InitAppTask.failed(FXGLApplication.kt:376)
	at javafx.concurrent.Task.setState(Task.java:710)
	at javafx.concurrent.Task$TaskCallable.lambda$call$2(Task.java:1455)
	at com.sun.javafx.application.PlatformImpl.lambda$runLater$10(PlatformImpl.java:428)
	at java.base/java.security.AccessController.doPrivileged(AccessController.java:391)
	at com.sun.javafx.application.PlatformImpl.lambda$runLater$11(PlatformImpl.java:427)
	at com.sun.glass.ui.InvokeLaterDispatcher$Future.run(InvokeLaterDispatcher.java:96)
	at com.sun.glass.ui.win.WinApplication._runLoop(Native Method)
	at com.sun.glass.ui.win.WinApplication.lambda$runLoop$3(WinApplication.java:174)
	at java.base/java.lang.Thread.run(Thread.java:832)
Caused by: java.lang.IllegalArgumentException: No EntityFactory has a method annotated @Spawns(bg1)
	at com.almasb.fxgl.entity.GameWorld.create(GameWorld.kt:398)
	at com.almasb.fxgl.entity.GameWorld.spawn(GameWorld.kt:381)
	at com.almasb.fxgl.entity.GameWorld.spawn(GameWorld.kt:369)
	at com.almasb.fxgl.entity.GameWorld.spawn(GameWorld.kt:344)
	at com.almasb.fxgl.dsl.FXGLForKtKt.spawn(FXGLForKt.kt:157)
	at NerdvsVirus.Game.initGame(Game.java:118)
	at com.almasb.fxgl.app.FXGLApplication$InitAppTask.initGame(FXGLApplication.kt:372)
	at com.almasb.fxgl.app.FXGLApplication$InitAppTask.call(FXGLApplication.kt:352)
	at com.almasb.fxgl.app.FXGLApplication$InitAppTask.call(FXGLApplication.kt:344)
	at javafx.concurrent.Task$TaskCallable.call(Task.java:1425)
	at java.base/java.util.concurrent.FutureTask.run(FutureTask.java:264)
	at java.base/java.util.concurrent.Executors$RunnableAdapter.call(Executors.java:515)
	at java.base/java.util.concurrent.FutureTask.run(FutureTask.java:264)
	at java.base/java.util.concurrent.ThreadPoolExecutor.runWorker(ThreadPoolExecutor.java:1130)
	at java.base/java.util.concurrent.ThreadPoolExecutor$Worker.run(ThreadPoolExecutor.java:630)
	... 1 more

10:21:50.158 [JavaFX Application Thread] FATAL FXGLApplication      - Application will now exit
10:21:50.170 [JavaFX Application Thread] DEBUG PrimaryStageWindow   - Push state: ErrorSubScene
10:21:50.170 [JavaFX Application Thread] DEBUG Input                - Clearing active input actions
10:21:50.175 [JavaFX Application Thread] DEBUG GameApplicationServi - Removing overlay from FXGLLoadingScene and adding to ErrorSubScene
10:21:50.175 [JavaFX Application Thread] DEBUG PrimaryStageWindow   - FXGLLoadingScene -> ErrorSubScene
10:21:51.823 [FXGL Background Thread 3 ] DEBUG Engine               - Logging environment variables
10:21:51.823 [FXGL Background Thread 3 ] DEBUG Engine               - achievements: []
10:21:51.823 [FXGL Background Thread 3 ] DEBUG Engine               - actualHeight: 700.0
10:21:51.823 [FXGL Background Thread 3 ] DEBUG Engine               - actualHeightProperty: ReadOnlyDoubleProperty [value: 700.0]
10:21:51.823 [FXGL Background Thread 3 ] DEBUG Engine               - actualWidth: 1050.0
10:21:51.823 [FXGL Background Thread 3 ] DEBUG Engine               - actualWidthProperty: ReadOnlyDoubleProperty [value: 1050.0]
10:21:51.824 [FXGL Background Thread 3 ] DEBUG Engine               - appIcon: fxgl_icon.png
10:21:51.824 [FXGL Background Thread 3 ] DEBUG Engine               - applicationMode: DEVELOPER
10:21:51.824 [FXGL Background Thread 3 ] DEBUG Engine               - cSSList: [fxgl_dark.css]
10:21:51.824 [FXGL Background Thread 3 ] DEBUG Engine               - collisionDetectionStrategy: BRUTE_FORCE
10:21:51.824 [FXGL Background Thread 3 ] DEBUG Engine               - configClass: Optional.empty
10:21:51.824 [FXGL Background Thread 3 ] DEBUG Engine               - credits: []
10:21:51.824 [FXGL Background Thread 3 ] DEBUG Engine               - devBBoxColorProperty: ObjectProperty [value: 0xff0000ff]
10:21:51.825 [FXGL Background Thread 3 ] DEBUG Engine               - devEnableDebugCameraProperty: BooleanProperty [value: false]
10:21:51.825 [FXGL Background Thread 3 ] DEBUG Engine               - devSensorColorProperty: ObjectProperty [value: 0xffff00ff]
10:21:51.825 [FXGL Background Thread 3 ] DEBUG Engine               - devShowBBoxProperty: BooleanProperty [value: false]
10:21:51.825 [FXGL Background Thread 3 ] DEBUG Engine               - devShowPositionProperty: BooleanProperty [value: false]
10:21:51.825 [FXGL Background Thread 3 ] DEBUG Engine               - enabledMenuItems: []
10:21:51.825 [FXGL Background Thread 3 ] DEBUG Engine               - engineServices: [class com.almasb.fxgl.app.services.FXGLAssetLoaderService, class com.almasb.fxgl.app.FXGLApplication$GameApplicationService, class com.almasb.fxgl.app.services.FXGLDialogService, class com.almasb.fxgl.app.services.IOTaskExecutorService, class com.almasb.fxgl.event.EventBusService, class com.almasb.fxgl.io.FileSystemService, class com.almasb.fxgl.localization.LocalizationService, class com.almasb.fxgl.app.services.SystemBundleService, class com.almasb.fxgl.profile.SaveLoadService, class com.almasb.fxgl.ui.FXGLUIFactoryServiceProvider, class com.almasb.fxgl.ui.FXGLDialogFactoryServiceProvider, class com.almasb.fxgl.audio.AudioPlayer, class com.almasb.fxgl.notification.impl.NotificationServiceProvider, class com.almasb.fxgl.achievement.AchievementService, class com.almasb.fxgl.cutscene.CutsceneService, class com.almasb.fxgl.minigames.MiniGameService, class com.almasb.fxgl.net.NetService, class com.almasb.fxgl.app.services.UpdaterService, class com.almasb.fxgl.dev.DevService]
10:21:51.825 [FXGL Background Thread 3 ] DEBUG Engine               - fontGame: Abel-Regular.ttf
10:21:51.825 [FXGL Background Thread 3 ] DEBUG Engine               - fontMono: lucida_console.ttf
10:21:51.825 [FXGL Background Thread 3 ] DEBUG Engine               - fontText: Courier-Prime.ttf
10:21:51.825 [FXGL Background Thread 3 ] DEBUG Engine               - fontUI: VarelaRound-Regular.ttf
10:21:51.825 [FXGL Background Thread 3 ] DEBUG Engine               - fullScreen: BooleanProperty [value: false]
10:21:51.826 [FXGL Background Thread 3 ] DEBUG Engine               - gameDifficulty: MEDIUM
10:21:51.826 [FXGL Background Thread 3 ] DEBUG Engine               - gameDifficultyProperty: ObjectProperty [value: MEDIUM]
10:21:51.826 [FXGL Background Thread 3 ] DEBUG Engine               - globalMusicVolume: 0.5
10:21:51.826 [FXGL Background Thread 3 ] DEBUG Engine               - globalMusicVolumeProperty: DoubleProperty [value: 0.5]
10:21:51.826 [FXGL Background Thread 3 ] DEBUG Engine               - globalSoundVolume: 0.5
10:21:51.826 [FXGL Background Thread 3 ] DEBUG Engine               - globalSoundVolumeProperty: DoubleProperty [value: 0.5]
10:21:51.826 [FXGL Background Thread 3 ] DEBUG Engine               - height: 700
10:21:51.826 [FXGL Background Thread 3 ] DEBUG Engine               - isAndroid: false
10:21:51.826 [FXGL Background Thread 3 ] DEBUG Engine               - isBrowser: false
10:21:51.826 [FXGL Background Thread 3 ] DEBUG Engine               - isClickFeedbackEnabled: false
10:21:51.827 [FXGL Background Thread 3 ] DEBUG Engine               - isCloseConfirmation: false
10:21:51.827 [FXGL Background Thread 3 ] DEBUG Engine               - isDesktop: true
10:21:51.827 [FXGL Background Thread 3 ] DEBUG Engine               - isDeveloperMenuEnabled: false
10:21:51.827 [FXGL Background Thread 3 ] DEBUG Engine               - isEntityPreloadEnabled: true
10:21:51.827 [FXGL Background Thread 3 ] DEBUG Engine               - isExperimental3D: false
10:21:51.827 [FXGL Background Thread 3 ] DEBUG Engine               - isExperimentalNative: false
10:21:51.827 [FXGL Background Thread 3 ] DEBUG Engine               - isExperimentalTiledLargeMap: false
10:21:51.827 [FXGL Background Thread 3 ] DEBUG Engine               - isFileSystemWriteAllowed: true
10:21:51.827 [FXGL Background Thread 3 ] DEBUG Engine               - isFullScreenAllowed: false
10:21:51.828 [FXGL Background Thread 3 ] DEBUG Engine               - isFullScreenFromStart: false
10:21:51.828 [FXGL Background Thread 3 ] DEBUG Engine               - isGameMenuEnabled: true
10:21:51.828 [FXGL Background Thread 3 ] DEBUG Engine               - isIOS: false
10:21:51.828 [FXGL Background Thread 3 ] DEBUG Engine               - isIntroEnabled: false
10:21:51.828 [FXGL Background Thread 3 ] DEBUG Engine               - isLinux: false
10:21:51.828 [FXGL Background Thread 3 ] DEBUG Engine               - isMac: false
10:21:51.828 [FXGL Background Thread 3 ] DEBUG Engine               - isMainMenuEnabled: true
10:21:51.828 [FXGL Background Thread 3 ] DEBUG Engine               - isManualResizeEnabled: false
10:21:51.828 [FXGL Background Thread 3 ] DEBUG Engine               - isMobile: false
10:21:51.828 [FXGL Background Thread 3 ] DEBUG Engine               - isPreserveResizeRatio: false
10:21:51.828 [FXGL Background Thread 3 ] DEBUG Engine               - isProfilingEnabled: false
10:21:51.828 [FXGL Background Thread 3 ] DEBUG Engine               - isScaleAffectedOnResize: true
10:21:51.828 [FXGL Background Thread 3 ] DEBUG Engine               - isSingleStep: false
10:21:51.828 [FXGL Background Thread 3 ] DEBUG Engine               - isUserProfileEnabled: false
10:21:51.829 [FXGL Background Thread 3 ] DEBUG Engine               - isWindows: true
10:21:51.829 [FXGL Background Thread 3 ] DEBUG Engine               - language: ObjectProperty [value: ENGLISH]
10:21:51.829 [FXGL Background Thread 3 ] DEBUG Engine               - menuKey: ESCAPE
10:21:51.829 [FXGL Background Thread 3 ] DEBUG Engine               - notificationViewClass: class com.almasb.fxgl.notification.view.XboxNotificationView
10:21:51.829 [FXGL Background Thread 3 ] DEBUG Engine               - pixelsPerMeter: 50.0
10:21:51.829 [FXGL Background Thread 3 ] DEBUG Engine               - platform: WINDOWS
10:21:51.829 [FXGL Background Thread 3 ] DEBUG Engine               - prefHeightProperty: ReadOnlyDoubleProperty [value: 700.0]
10:21:51.829 [FXGL Background Thread 3 ] DEBUG Engine               - prefWidthProperty: ReadOnlyDoubleProperty [value: 1050.0]
10:21:51.829 [FXGL Background Thread 3 ] DEBUG Engine               - profileDir: profiles/
10:21:51.829 [FXGL Background Thread 3 ] DEBUG Engine               - profileName: StringProperty [value: DEFAULT]
10:21:51.829 [FXGL Background Thread 3 ] DEBUG Engine               - randomSeed: -1
10:21:51.830 [FXGL Background Thread 3 ] DEBUG Engine               - runtimeInfo: RuntimeInfo(platform=WINDOWS, version=11.14, build=01.03.2021 16.59)
10:21:51.830 [FXGL Background Thread 3 ] DEBUG Engine               - saveFileExt: sav
10:21:51.830 [FXGL Background Thread 3 ] DEBUG Engine               - scaledHeightProp$fxgl: DoubleProperty [bound, value: 700.0]
10:21:51.830 [FXGL Background Thread 3 ] DEBUG Engine               - scaledWidthProp$fxgl: DoubleProperty [bound, value: 1050.0]
10:21:51.830 [FXGL Background Thread 3 ] DEBUG Engine               - sceneFactory: NerdvsVirus.Game$1@61f7e036
10:21:51.830 [FXGL Background Thread 3 ] DEBUG Engine               - secondsIn24h: 60
10:21:51.830 [FXGL Background Thread 3 ] DEBUG Engine               - soundMenuBack: menu/back.wav
10:21:51.830 [FXGL Background Thread 3 ] DEBUG Engine               - soundMenuPress: menu/press.wav
10:21:51.830 [FXGL Background Thread 3 ] DEBUG Engine               - soundMenuSelect: menu/select.wav
10:21:51.830 [FXGL Background Thread 3 ] DEBUG Engine               - soundNotification: core/notification.wav
10:21:51.830 [FXGL Background Thread 3 ] DEBUG Engine               - stageStyle: DECORATED
10:21:51.831 [FXGL Background Thread 3 ] DEBUG Engine               - supportedLanguages: [ENGLISH, FRENCH, GERMAN, HUNGARIAN, RUSSIAN]
10:21:51.831 [FXGL Background Thread 3 ] DEBUG Engine               - ticksPerSecond: -1
10:21:51.831 [FXGL Background Thread 3 ] DEBUG Engine               - title: Nerds VS Virus
10:21:51.831 [FXGL Background Thread 3 ] DEBUG Engine               - urlGithub: https://github.com/AlmasB/FXGL
10:21:51.831 [FXGL Background Thread 3 ] DEBUG Engine               - urlLeaderboard: http://fxgl-top.herokuapp.com/
10:21:51.831 [FXGL Background Thread 3 ] DEBUG Engine               - urlPOM: https://raw.githubusercontent.com/AlmasB/FXGL/release/README.md
10:21:51.831 [FXGL Background Thread 3 ] DEBUG Engine               - userAppClass: class NerdvsVirus.Game
10:21:51.831 [FXGL Background Thread 3 ] DEBUG Engine               - version: 0.0
10:21:51.832 [FXGL Background Thread 3 ] DEBUG Engine               - versionCheckDays: 7
10:21:51.832 [FXGL Background Thread 3 ] DEBUG Engine               - width: 1050
10:21:51.832 [FXGL Background Thread 3 ] DEBUG Engine               - Logging services
10:21:51.832 [FXGL Background Thread 3 ] DEBUG Engine               - class com.almasb.fxgl.app.services.FXGLAssetLoaderService
10:21:51.832 [FXGL Background Thread 3 ] DEBUG Engine               - class com.almasb.fxgl.app.FXGLApplication$GameApplicationService
10:21:51.832 [FXGL Background Thread 3 ] DEBUG Engine               - class com.almasb.fxgl.app.services.FXGLDialogService
10:21:51.832 [FXGL Background Thread 3 ] DEBUG Engine               - class com.almasb.fxgl.app.services.IOTaskExecutorService
10:21:51.832 [FXGL Background Thread 3 ] DEBUG Engine               - class com.almasb.fxgl.event.EventBusService
10:21:51.832 [FXGL Background Thread 3 ] DEBUG Engine               - class com.almasb.fxgl.io.FileSystemService
10:21:51.832 [FXGL Background Thread 3 ] DEBUG Engine               - class com.almasb.fxgl.localization.LocalizationService
10:21:51.832 [FXGL Background Thread 3 ] DEBUG Engine               - class com.almasb.fxgl.app.services.SystemBundleService
10:21:51.833 [FXGL Background Thread 3 ] DEBUG Engine               - class com.almasb.fxgl.profile.SaveLoadService
10:21:51.833 [FXGL Background Thread 3 ] DEBUG Engine               - class com.almasb.fxgl.ui.FXGLUIFactoryServiceProvider
10:21:51.833 [FXGL Background Thread 3 ] DEBUG Engine               - class com.almasb.fxgl.ui.FXGLDialogFactoryServiceProvider
10:21:51.833 [FXGL Background Thread 3 ] DEBUG Engine               - class com.almasb.fxgl.audio.AudioPlayer
10:21:51.833 [FXGL Background Thread 3 ] DEBUG Engine               - class com.almasb.fxgl.notification.impl.NotificationServiceProvider
10:21:51.833 [FXGL Background Thread 3 ] DEBUG Engine               - class com.almasb.fxgl.achievement.AchievementService
10:21:51.833 [FXGL Background Thread 3 ] DEBUG Engine               - class com.almasb.fxgl.cutscene.CutsceneService
10:21:51.833 [FXGL Background Thread 3 ] DEBUG Engine               - class com.almasb.fxgl.minigames.MiniGameService
10:21:51.833 [FXGL Background Thread 3 ] DEBUG Engine               - class com.almasb.fxgl.net.NetService
10:21:51.833 [FXGL Background Thread 3 ] DEBUG Engine               - class com.almasb.fxgl.app.services.UpdaterService
10:21:51.833 [FXGL Background Thread 3 ] DEBUG Engine               - class com.almasb.fxgl.dev.DevService
10:22:10.651 [JavaFX Application Thread] DEBUG FXGLApplication      - Exiting FXGL
10:22:10.651 [JavaFX Application Thread] DEBUG Async                - Shutting down background threads
10:22:10.651 [JavaFX Application Thread] DEBUG PrimaryStageWindow   - Closing main window
10:22:10.665 [JavaFX Application Thread] DEBUG Logger               - Closing Logger
