20:59:06.705 [main                     ] DEBUG Logger               - Configured Logger
20:59:06.717 [main                     ] DEBUG GameApplication      - Logging settings
Title: Nerds VS Virus
Version: 0.0
Width: 1050
Height: 700
Fullscreen: false
Intro: false
Profiling: false
Single step:false
App Mode: DEVELOPER
Menu Key: ESCAPE
Stage Style: DECORATED
Scene Factory: class NerdvsVirus.Game$1

20:59:07.209 [JavaFX Application Thread] DEBUG FXGLApplication      - Initializing FXGL
20:59:07.210 [JavaFX Application Thread] INFO  Engine               - FXGL-11.14 (01.03.2021 16.59) on WINDOWS (J:15.0.2 FX:15)
20:59:07.211 [JavaFX Application Thread] DEBUG Engine               - JRE Vendor Name: Oracle Corporation
20:59:07.211 [JavaFX Application Thread] DEBUG Engine               - Running on OS: Windows 10 version 10.0
20:59:07.211 [JavaFX Application Thread] DEBUG Engine               - Architecture: amd64
20:59:07.211 [JavaFX Application Thread] INFO  Engine               - Source code and latest versions at: https://github.com/AlmasB/FXGL
20:59:07.212 [JavaFX Application Thread] INFO  Engine               -              Join the FXGL chat at: https://gitter.im/AlmasB/FXGL
20:59:07.330 [JavaFX Application Thread] DEBUG PrimaryStageWindow   - Creating a JavaFX scene
20:59:07.379 [JavaFX Application Thread] DEBUG PrimaryStageWindow   - Target settings size: 1050.0 x 700.0
20:59:07.379 [JavaFX Application Thread] DEBUG PrimaryStageWindow   - Scaled scene size:    1050.0 x 700.0
20:59:07.379 [JavaFX Application Thread] DEBUG PrimaryStageWindow   - Scaled ratio: (1.0, 1.0)
20:59:07.379 [JavaFX Application Thread] DEBUG PrimaryStageWindow   - Set initial scene to FXGLStartupScene
20:59:07.387 [JavaFX Application Thread] DEBUG PrimaryStageWindow   - Opening main window
20:59:07.464 [JavaFX Application Thread] DEBUG PrimaryStageWindow   - Window border size: (16.0, 39.0)
20:59:07.464 [JavaFX Application Thread] DEBUG PrimaryStageWindow   - Scaled size: 1050.0 x 700.0
20:59:07.465 [JavaFX Application Thread] DEBUG PrimaryStageWindow   - Scaled ratio: (1.0, 1.0)
20:59:07.465 [JavaFX Application Thread] DEBUG PrimaryStageWindow   - Scene size: 1050.0 x 700.0
20:59:07.465 [JavaFX Application Thread] DEBUG PrimaryStageWindow   - Stage size: 1066.0 x 739.0
20:59:07.471 [FXGL Background Thread 1 ] DEBUG Engine               - Initializing environment variables
20:59:07.501 [FXGL Background Thread 1 ] DEBUG FXGLAssetLoaderServi - User app class for loading assets: class NerdvsVirus.Game
20:59:07.502 [FXGL Background Thread 1 ] DEBUG GameApplicationServi - Applying CSS: fxgl_dark.css
20:59:07.503 [FXGL Background Thread 1 ] DEBUG FXGLAssetLoaderServi - Loading from file system: jar:file:/C:/Users/luukb/.m2/repository/com/github/almasb/fxgl/11.14/fxgl-11.14.jar!/fxglassets/ui/css/fxgl_dark.css
20:59:07.544 [FXGL Background Thread 1 ] DEBUG GameApplicationServi - Initializing application scenes
20:59:07.574 [FXGL Background Thread 1 ] DEBUG GameWorld            - Game world initialized
20:59:07.634 [FXGL Background Thread 1 ] DEBUG PhysicsWorld         - Physics world initialized: appHeight=700, physics.ppm=50,0
20:59:07.635 [FXGL Background Thread 1 ] DEBUG PhysicsWorld         - Using strategy: BRUTE_FORCE
20:59:07.637 [FXGL Background Thread 1 ] DEBUG GameScene            - Game scene initialized: 1050x700
20:59:07.672 [FXGL Background Thread 1 ] DEBUG FXGLAssetLoaderServi - Loading from file system: jar:file:/C:/Users/luukb/.m2/repository/com/github/almasb/fxgl/11.14/fxgl-11.14.jar!/fxglassets/textures/particles/trace_horizontal.png
20:59:07.713 [FXGL Background Thread 1 ] DEBUG FXGL.DefaultMenu     - createMenuBodyGameMenu()
20:59:07.727 [FXGL Background Thread 1 ] DEBUG FXGL.DefaultMenu     - createOptionsMenu()
20:59:07.732 [FXGL Background Thread 1 ] DEBUG FXGLAssetLoaderServi - Loading from file system: jar:file:/C:/Users/luukb/.m2/repository/com/github/almasb/fxgl/11.14/fxgl-11.14.jar!/fxglassets/textures/particles/smoke.png
20:59:07.776 [FXGL Background Thread 1 ] DEBUG GameApplicationServi - Application scenes initialized
20:59:07.788 [FXGL Background Thread 1 ] DEBUG SystemBundleService  - Loading FXGL system data
20:59:07.791 [FXGL Background Thread 1 ] DEBUG FileSystemAccess     - Reading from: D:\OneDrive\OneDrive - Hogeschool Leiden\IPOSE\NERDS VS VIRUS\nerdsvsthevirus\system\fxgl.bundle
20:59:07.796 [FXGL Background Thread 1 ] DEBUG SystemBundleService  - Bundle FXGL: {}
20:59:07.796 [FXGL Background Thread 1 ] DEBUG UpdaterService       - Checking for updates
20:59:07.801 [FXGL Background Thread 4 ] DEBUG FXGLApplication      - Loading fonts
20:59:07.802 [FXGL Background Thread 1 ] DEBUG FXGLApplication      - Loading default localization
20:59:07.802 [FXGL Background Thread 4 ] DEBUG FXGLAssetLoaderServi - Loading from file system: jar:file:/C:/Users/luukb/.m2/repository/com/github/almasb/fxgl/11.14/fxgl-11.14.jar!/fxglassets/ui/fonts/VarelaRound-Regular.ttf
20:59:07.802 [FXGL Background Thread 1 ] DEBUG FXGLAssetLoaderServi - Loading from file system: jar:file:/C:/Users/luukb/.m2/repository/com/github/almasb/fxgl/11.14/fxgl-11.14.jar!/fxglassets/languages/english.lang
20:59:07.816 [FXGL Background Thread 1 ] INFO  FXGLApplication      - FXGL initialization took: 0,345 sec
20:59:07.827 [JavaFX Application Thread] DEBUG Input                - Registered new binding: Left - A
20:59:07.827 [JavaFX Application Thread] DEBUG Input                - Registered new binding: Right - D
20:59:07.827 [JavaFX Application Thread] DEBUG Input                - Registered new binding: Jump - W
20:59:07.828 [JavaFX Application Thread] DEBUG FXGLAssetLoaderServi - Loading from file system: jar:file:/C:/Users/luukb/.m2/repository/com/github/almasb/fxgl/11.14/fxgl-11.14.jar!/fxglassets/textures/fxgl_icon.png
20:59:07.852 [JavaFX Application Thread] DEBUG FXGLAssetLoaderServi - Loading from file system: jar:file:/C:/Users/luukb/.m2/repository/com/github/almasb/fxgl/11.14/fxgl-11.14.jar!/fxglassets/ui/cursors/fxgl_default.png
20:59:07.854 [JavaFX Application Thread] DEBUG Input                - Registered new binding: Screenshot - P
20:59:07.854 [JavaFX Application Thread] DEBUG Input                - Registered new binding: System info dump - CTRL+9
20:59:07.855 [JavaFX Application Thread] DEBUG Input                - Registered new binding: Restart - CTRL+R
20:59:07.856 [JavaFX Application Thread] DEBUG Input                - Registered new binding: Toggle Debug Camera - CTRL+C
20:59:07.858 [JavaFX Application Thread] DEBUG LoopRunner           - Starting loop
20:59:07.858 [JavaFX Application Thread] DEBUG LoopRunner           - Initializing JavaFX AnimationTimerLoop
20:59:07.862 [JavaFX Application Thread] DEBUG Input                - Clearing active input actions
20:59:07.866 [FXGL Background Thread 4 ] DEBUG FXGLAssetLoaderServi - Loading from file system: jar:file:/C:/Users/luukb/.m2/repository/com/github/almasb/fxgl/11.14/fxgl-11.14.jar!/fxglassets/ui/fonts/Abel-Regular.ttf
20:59:07.868 [JavaFX Application Thread] DEBUG GameApplicationServi - Removing overlay from FXGLStartupScene and adding to FXGLMainMenuDummyScene
20:59:07.869 [JavaFX Application Thread] DEBUG PrimaryStageWindow   - FXGLStartupScene -> FXGLMainMenuDummyScene
20:59:07.869 [JavaFX Application Thread] DEBUG PrimaryStageWindow   - Push state: MainMenu
20:59:07.869 [JavaFX Application Thread] DEBUG Input                - Clearing active input actions
20:59:07.871 [FXGL Background Thread 4 ] DEBUG FXGLAssetLoaderServi - Loading from file system: jar:file:/C:/Users/luukb/.m2/repository/com/github/almasb/fxgl/11.14/fxgl-11.14.jar!/fxglassets/ui/fonts/lucida_console.ttf
20:59:07.872 [JavaFX Application Thread] DEBUG GameApplicationServi - Removing overlay from FXGLMainMenuDummyScene and adding to MainMenu
20:59:07.873 [JavaFX Application Thread] DEBUG PrimaryStageWindow   - FXGLMainMenuDummyScene -> MainMenu
20:59:07.876 [FXGL Background Thread 4 ] DEBUG FXGLAssetLoaderServi - Loading from file system: jar:file:/C:/Users/luukb/.m2/repository/com/github/almasb/fxgl/11.14/fxgl-11.14.jar!/fxglassets/ui/fonts/Courier-Prime.ttf
20:59:07.950 [JavaFX Application Thread] DEBUG FXGLApplication      - Registering font factories with UI factory
20:59:10.708 [JavaFX Application Thread] DEBUG Menu                 - fireNewGame()
20:59:10.708 [JavaFX Application Thread] DEBUG GameApplicationServi - Starting new game
20:59:10.708 [JavaFX Application Thread] DEBUG PrimaryStageWindow   - Pop state: MainMenu
20:59:10.709 [JavaFX Application Thread] DEBUG Input                - Clearing active input actions
20:59:10.709 [JavaFX Application Thread] DEBUG GameApplicationServi - Removing overlay from MainMenu and adding to FXGLMainMenuDummyScene
20:59:10.709 [JavaFX Application Thread] DEBUG PrimaryStageWindow   - FXGLMainMenuDummyScene <- MainMenu
20:59:10.710 [JavaFX Application Thread] DEBUG Input                - Clearing active input actions
20:59:10.718 [JavaFX Application Thread] DEBUG GameApplicationServi - Removing overlay from FXGLMainMenuDummyScene and adding to FXGLLoadingScene
20:59:10.718 [JavaFX Application Thread] DEBUG PrimaryStageWindow   - FXGLMainMenuDummyScene -> FXGLLoadingScene
20:59:10.718 [JavaFX Application Thread] DEBUG GameApplicationServi - Clearing previous game
20:59:10.719 [JavaFX Application Thread] DEBUG GameScene            - Clearing game scene
20:59:10.719 [JavaFX Application Thread] DEBUG GameWorld            - Clearing game world
20:59:10.719 [JavaFX Application Thread] DEBUG PhysicsWorld         - Clearing physics world
20:59:10.720 [FXGL Background Thread 2 ] DEBUG FXGLApplication      - Initializing game
20:59:10.741 [FXGL Background Thread 2 ] WARN  TMXLevelLoader       - TiledMap generated from 1.5.0. Supported version: 1.2.3. Some features may not be parsed fully.
20:59:10.746 [FXGL Background Thread 2 ] DEBUG TMXLevelLoader       - Parsed raw map: TiledMap(width=17, height=10, tilewidth=70, tileheight=70, orientation=orthogonal, layers=[Layer(width=17, height=10, name=Bottom, type=tilelayer, visible=false, x=0, y=0, data=[0, 0, 0, 0, 0, 0, 0, 0, 0, 0, 0, 0, 0, 0, 0, 0, 0, 0, 0, 0, 0, 0, 0, 0, 0, 0, 0, 0, 0, 0, 0, 0, 0, 0, 0, 0, 0, 0, 0, 0, 0, 0, 0, 0, 0, 0, 0, 0, 0, 0, 0, 0, 0, 0, 0, 0, 0, 0, 0, 0, 0, 0, 0, 0, 0, 0, 0, 0, 0, 0, 0, 0, 0, 0, 0, 0, 0, 0, 0, 0, 0, 0, 0, 0, 0, 0, 0, 0, 0, 0, 0, 0, 0, 0, 0, 0, 206, 205, 206, 0, 0, 0, 0, 0, 0, 0, 0, 0, 0, 205, 206, 207, 0, 0, 0, 0, 0, 0, 0, 0, 0, 0, 0, 206, 205, 0, 0, 0, 0, 0, 0, 0, 0, 0, 0, 0, 0, 263, 248, 203, 0, 0, 0, 0, 0, 0, 0, 243, 244, 245, 0, 0, 0, 185, 185, 185, 185, 185, 185, 185, 185, 185, 185, 185, 185, 185, 185, 185, 185, 185], objects=[], opacity=0.0, draworder=), Layer(width=17, height=10, name=overlay, type=tilelayer, visible=false, x=0, y=0, data=[213, 185, 185, 185, 185, 185, 185, 185, 185, 185, 185, 227, 185, 185, 185, 185, 213, 0, 0, 0, 0, 0, 0, 0, 0, 0, 0, 0, 241, 0, 0, 0, 0, 0, 0, 0, 0, 0, 0, 0, 0, 0, 0, 0, 0, 255, 0, 0, 0, 0, 0, 0, 0, 0, 0, 0, 0, 0, 0, 0, 0, 0, 0, 0, 0, 0, 0, 0, 0, 0, 0, 0, 0, 0, 0, 0, 0, 0, 0, 0, 0, 0, 0, 0, 0, 0, 0, 0, 0, 0, 0, 0, 0, 0, 0, 0, 215, 216, 217, 0, 0, 0, 0, 0, 0, 0, 0, 0, 0, 0, 0, 0, 0, 0, 0, 0, 0, 0, 0, 0, 0, 0, 189, 0, 0, 0, 0, 0, 0, 0, 0, 0, 226, 0, 0, 0, 0, 0, 0, 0, 0, 0, 0, 0, 0, 0, 0, 0, 0, 0, 0, 0, 0, 0, 0, 0, 0, 0, 0, 0, 0, 0, 0, 0, 0, 0, 0, 0, 0, 0], objects=[], opacity=0.0, draworder=), Layer(width=0, height=0, name=Objectlaag 1, type=objectgroup, visible=false, x=0, y=0, data=[], objects=[com.almasb.fxgl.entity.level.tiled.TiledObject@196a2b64, com.almasb.fxgl.entity.level.tiled.TiledObject@13999df3, com.almasb.fxgl.entity.level.tiled.TiledObject@125c2a79, com.almasb.fxgl.entity.level.tiled.TiledObject@2bec9bae, com.almasb.fxgl.entity.level.tiled.TiledObject@6315a4bc, com.almasb.fxgl.entity.level.tiled.TiledObject@3c3ccb28, com.almasb.fxgl.entity.level.tiled.TiledObject@4f403134, com.almasb.fxgl.entity.level.tiled.TiledObject@3ef299, com.almasb.fxgl.entity.level.tiled.TiledObject@4e409666, com.almasb.fxgl.entity.level.tiled.TiledObject@147f610d], opacity=0.0, draworder=)], tilesets=[Tileset(firstgid=1, image=tiles_spritesheet.png, name=tiles_spritesheet, tilewidth=70, tileheight=70, imagewidth=914, imageheight=936, margin=0, spacing=2, columns=12, tilecount=156, transparentcolor=, tiles=[]), Tileset(firstgid=157, image=platformerPack_industrial_tilesheet.png, name=_industrial, tilewidth=70, tileheight=70, imagewidth=980, imageheight=560, margin=0, spacing=0, columns=14, tilecount=112, transparentcolor=, tiles=[])], backgroundcolor=, renderorder=right-down, nextobjectid=12, version=1, tiledversion=1.5.0, type=map, infinite=false, hexsidelength=0, staggeraxis=, staggerindex=, properties={}, propertytypes={})
20:59:10.747 [FXGL Background Thread 2 ] DEBUG TMXLevelLoader       - Creating tile layer entities
20:59:10.748 [FXGL Background Thread 2 ] DEBUG TilesetLoader        - Loading view for layer Bottom
20:59:10.749 [FXGL Background Thread 2 ] DEBUG TilesetLoader        - Created buffer with size 1190.0x700.0
20:59:10.759 [FXGL Background Thread 2 ] DEBUG TilesetLoader        - Writing to buffer: dst=770,350, w=70,h=70, src=490,210
20:59:10.760 [FXGL Background Thread 2 ] DEBUG TilesetLoader        - Writing to buffer: dst=840,350, w=70,h=70, src=420,210
20:59:10.760 [FXGL Background Thread 2 ] DEBUG TilesetLoader        - Writing to buffer: dst=910,350, w=70,h=70, src=490,210
20:59:10.760 [FXGL Background Thread 2 ] DEBUG TilesetLoader        - Writing to buffer: dst=490,420, w=70,h=70, src=420,210
20:59:10.761 [FXGL Background Thread 2 ] DEBUG TilesetLoader        - Writing to buffer: dst=560,420, w=70,h=70, src=490,210
20:59:10.761 [FXGL Background Thread 2 ] DEBUG TilesetLoader        - Writing to buffer: dst=630,420, w=70,h=70, src=560,210
20:59:10.761 [FXGL Background Thread 2 ] DEBUG TilesetLoader        - Writing to buffer: dst=280,490, w=70,h=70, src=490,210
20:59:10.761 [FXGL Background Thread 2 ] DEBUG TilesetLoader        - Writing to buffer: dst=350,490, w=70,h=70, src=420,210
20:59:10.761 [FXGL Background Thread 2 ] DEBUG TilesetLoader        - Writing to buffer: dst=70,560, w=70,h=70, src=560,490
20:59:10.761 [FXGL Background Thread 2 ] DEBUG TilesetLoader        - Writing to buffer: dst=140,560, w=70,h=70, src=490,420
20:59:10.762 [FXGL Background Thread 2 ] DEBUG TilesetLoader        - Writing to buffer: dst=210,560, w=70,h=70, src=280,210
20:59:10.762 [FXGL Background Thread 2 ] DEBUG TilesetLoader        - Writing to buffer: dst=770,560, w=70,h=70, src=140,420
20:59:10.762 [FXGL Background Thread 2 ] DEBUG TilesetLoader        - Writing to buffer: dst=840,560, w=70,h=70, src=210,420
20:59:10.762 [FXGL Background Thread 2 ] DEBUG TilesetLoader        - Writing to buffer: dst=910,560, w=70,h=70, src=280,420
20:59:10.762 [FXGL Background Thread 2 ] DEBUG TilesetLoader        - Writing to buffer: dst=0,630, w=70,h=70, src=0,140
20:59:10.763 [FXGL Background Thread 2 ] DEBUG TilesetLoader        - Writing to buffer: dst=70,630, w=70,h=70, src=0,140
20:59:10.763 [FXGL Background Thread 2 ] DEBUG TilesetLoader        - Writing to buffer: dst=140,630, w=70,h=70, src=0,140
20:59:10.763 [FXGL Background Thread 2 ] DEBUG TilesetLoader        - Writing to buffer: dst=210,630, w=70,h=70, src=0,140
20:59:10.763 [FXGL Background Thread 2 ] DEBUG TilesetLoader        - Writing to buffer: dst=280,630, w=70,h=70, src=0,140
20:59:10.764 [FXGL Background Thread 2 ] DEBUG TilesetLoader        - Writing to buffer: dst=350,630, w=70,h=70, src=0,140
20:59:10.764 [FXGL Background Thread 2 ] DEBUG TilesetLoader        - Writing to buffer: dst=420,630, w=70,h=70, src=0,140
20:59:10.764 [FXGL Background Thread 2 ] DEBUG TilesetLoader        - Writing to buffer: dst=490,630, w=70,h=70, src=0,140
20:59:10.764 [FXGL Background Thread 2 ] DEBUG TilesetLoader        - Writing to buffer: dst=560,630, w=70,h=70, src=0,140
20:59:10.764 [FXGL Background Thread 2 ] DEBUG TilesetLoader        - Writing to buffer: dst=630,630, w=70,h=70, src=0,140
20:59:10.764 [FXGL Background Thread 2 ] DEBUG TilesetLoader        - Writing to buffer: dst=700,630, w=70,h=70, src=0,140
20:59:10.764 [FXGL Background Thread 2 ] DEBUG TilesetLoader        - Writing to buffer: dst=770,630, w=70,h=70, src=0,140
20:59:10.765 [FXGL Background Thread 2 ] DEBUG TilesetLoader        - Writing to buffer: dst=840,630, w=70,h=70, src=0,140
20:59:10.765 [FXGL Background Thread 2 ] DEBUG TilesetLoader        - Writing to buffer: dst=910,630, w=70,h=70, src=0,140
20:59:10.765 [FXGL Background Thread 2 ] DEBUG TilesetLoader        - Writing to buffer: dst=980,630, w=70,h=70, src=0,140
20:59:10.765 [FXGL Background Thread 2 ] DEBUG TilesetLoader        - Writing to buffer: dst=1050,630, w=70,h=70, src=0,140
20:59:10.765 [FXGL Background Thread 2 ] DEBUG TilesetLoader        - Writing to buffer: dst=1120,630, w=70,h=70, src=0,140
20:59:10.766 [FXGL Background Thread 2 ] DEBUG TilesetLoader        - Loading view for layer overlay
20:59:10.767 [FXGL Background Thread 2 ] DEBUG TilesetLoader        - Created buffer with size 1190.0x700.0
20:59:10.767 [FXGL Background Thread 2 ] DEBUG TilesetLoader        - Writing to buffer: dst=0,0, w=70,h=70, src=0,280
20:59:10.768 [FXGL Background Thread 2 ] DEBUG TilesetLoader        - Writing to buffer: dst=70,0, w=70,h=70, src=0,140
20:59:10.768 [FXGL Background Thread 2 ] DEBUG TilesetLoader        - Writing to buffer: dst=140,0, w=70,h=70, src=0,140
20:59:10.768 [FXGL Background Thread 2 ] DEBUG TilesetLoader        - Writing to buffer: dst=210,0, w=70,h=70, src=0,140
20:59:10.768 [FXGL Background Thread 2 ] DEBUG TilesetLoader        - Writing to buffer: dst=280,0, w=70,h=70, src=0,140
20:59:10.768 [FXGL Background Thread 2 ] DEBUG TilesetLoader        - Writing to buffer: dst=350,0, w=70,h=70, src=0,140
20:59:10.768 [FXGL Background Thread 2 ] DEBUG TilesetLoader        - Writing to buffer: dst=420,0, w=70,h=70, src=0,140
20:59:10.768 [FXGL Background Thread 2 ] DEBUG TilesetLoader        - Writing to buffer: dst=490,0, w=70,h=70, src=0,140
20:59:10.769 [FXGL Background Thread 2 ] DEBUG TilesetLoader        - Writing to buffer: dst=560,0, w=70,h=70, src=0,140
20:59:10.769 [FXGL Background Thread 2 ] DEBUG TilesetLoader        - Writing to buffer: dst=630,0, w=70,h=70, src=0,140
20:59:10.769 [FXGL Background Thread 2 ] DEBUG TilesetLoader        - Writing to buffer: dst=700,0, w=70,h=70, src=0,140
20:59:10.769 [FXGL Background Thread 2 ] DEBUG TilesetLoader        - Writing to buffer: dst=770,0, w=70,h=70, src=0,350
20:59:10.769 [FXGL Background Thread 2 ] DEBUG TilesetLoader        - Writing to buffer: dst=840,0, w=70,h=70, src=0,140
20:59:10.769 [FXGL Background Thread 2 ] DEBUG TilesetLoader        - Writing to buffer: dst=910,0, w=70,h=70, src=0,140
20:59:10.770 [FXGL Background Thread 2 ] DEBUG TilesetLoader        - Writing to buffer: dst=980,0, w=70,h=70, src=0,140
20:59:10.770 [FXGL Background Thread 2 ] DEBUG TilesetLoader        - Writing to buffer: dst=1050,0, w=70,h=70, src=0,140
20:59:10.770 [FXGL Background Thread 2 ] DEBUG TilesetLoader        - Writing to buffer: dst=1120,0, w=70,h=70, src=0,280
20:59:10.770 [FXGL Background Thread 2 ] DEBUG TilesetLoader        - Writing to buffer: dst=770,70, w=70,h=70, src=0,420
20:59:10.770 [FXGL Background Thread 2 ] DEBUG TilesetLoader        - Writing to buffer: dst=770,140, w=70,h=70, src=0,490
20:59:10.770 [FXGL Background Thread 2 ] DEBUG TilesetLoader        - Writing to buffer: dst=770,350, w=70,h=70, src=140,280
20:59:10.771 [FXGL Background Thread 2 ] DEBUG TilesetLoader        - Writing to buffer: dst=840,350, w=70,h=70, src=210,280
20:59:10.771 [FXGL Background Thread 2 ] DEBUG TilesetLoader        - Writing to buffer: dst=910,350, w=70,h=70, src=280,280
20:59:10.771 [FXGL Background Thread 2 ] DEBUG TilesetLoader        - Writing to buffer: dst=210,490, w=70,h=70, src=280,140
20:59:10.771 [FXGL Background Thread 2 ] DEBUG TilesetLoader        - Writing to buffer: dst=910,490, w=70,h=70, src=910,280
20:59:10.771 [FXGL Background Thread 2 ] DEBUG TMXLevelLoader       - Creating object layer entities
20:59:10.784 [FXGL Background Thread 2 ] DEBUG FXGLAssetLoaderServi - Loading from file system: file:/D:/OneDrive/OneDrive%20-%20Hogeschool%20Leiden/IPOSE/NERDS%20VS%20VIRUS/nerdsvsthevirus/target/classes/assets/textures/spuit2.png
20:59:10.792 [FXGL Background Thread 2 ] DEBUG GameWorld            - Clearing removable entities
20:59:10.792 [FXGL Background Thread 2 ] DEBUG GameWorld            - Setting level: com.almasb.fxgl.entity.level.Level@438ca5dd
20:59:10.800 [FXGL Background Thread 3 ] DEBUG Engine               - Logging environment variables
20:59:10.801 [FXGL Background Thread 3 ] DEBUG Engine               - achievements: []
20:59:10.801 [FXGL Background Thread 3 ] DEBUG Engine               - actualHeight: 700.0
20:59:10.801 [FXGL Background Thread 3 ] DEBUG Engine               - actualHeightProperty: ReadOnlyDoubleProperty [value: 700.0]
20:59:10.801 [FXGL Background Thread 3 ] DEBUG Engine               - actualWidth: 1050.0
20:59:10.801 [FXGL Background Thread 3 ] DEBUG Engine               - actualWidthProperty: ReadOnlyDoubleProperty [value: 1050.0]
20:59:10.801 [FXGL Background Thread 3 ] DEBUG Engine               - appIcon: fxgl_icon.png
20:59:10.801 [FXGL Background Thread 3 ] DEBUG Engine               - applicationMode: DEVELOPER
20:59:10.801 [FXGL Background Thread 3 ] DEBUG Engine               - cSSList: [fxgl_dark.css]
20:59:10.801 [FXGL Background Thread 3 ] DEBUG Engine               - collisionDetectionStrategy: BRUTE_FORCE
20:59:10.802 [FXGL Background Thread 3 ] DEBUG Engine               - configClass: Optional.empty
20:59:10.802 [FXGL Background Thread 3 ] DEBUG Engine               - credits: []
20:59:10.802 [FXGL Background Thread 3 ] DEBUG Engine               - devBBoxColorProperty: ObjectProperty [value: 0xff0000ff]
20:59:10.802 [FXGL Background Thread 3 ] DEBUG Engine               - devEnableDebugCameraProperty: BooleanProperty [value: false]
20:59:10.802 [FXGL Background Thread 3 ] DEBUG Engine               - devSensorColorProperty: ObjectProperty [value: 0xffff00ff]
20:59:10.803 [FXGL Background Thread 3 ] DEBUG Engine               - devShowBBoxProperty: BooleanProperty [value: false]
20:59:10.803 [FXGL Background Thread 3 ] DEBUG Engine               - devShowPositionProperty: BooleanProperty [value: false]
20:59:10.803 [FXGL Background Thread 3 ] DEBUG Engine               - enabledMenuItems: []
20:59:10.803 [FXGL Background Thread 3 ] DEBUG Engine               - engineServices: [class com.almasb.fxgl.app.services.FXGLAssetLoaderService, class com.almasb.fxgl.app.FXGLApplication$GameApplicationService, class com.almasb.fxgl.app.services.FXGLDialogService, class com.almasb.fxgl.app.services.IOTaskExecutorService, class com.almasb.fxgl.event.EventBusService, class com.almasb.fxgl.io.FileSystemService, class com.almasb.fxgl.localization.LocalizationService, class com.almasb.fxgl.app.services.SystemBundleService, class com.almasb.fxgl.profile.SaveLoadService, class com.almasb.fxgl.ui.FXGLUIFactoryServiceProvider, class com.almasb.fxgl.ui.FXGLDialogFactoryServiceProvider, class com.almasb.fxgl.audio.AudioPlayer, class com.almasb.fxgl.notification.impl.NotificationServiceProvider, class com.almasb.fxgl.achievement.AchievementService, class com.almasb.fxgl.cutscene.CutsceneService, class com.almasb.fxgl.minigames.MiniGameService, class com.almasb.fxgl.net.NetService, class com.almasb.fxgl.app.services.UpdaterService, class com.almasb.fxgl.dev.DevService]
20:59:10.803 [FXGL Background Thread 3 ] DEBUG Engine               - fontGame: Abel-Regular.ttf
20:59:10.803 [FXGL Background Thread 3 ] DEBUG Engine               - fontMono: lucida_console.ttf
20:59:10.803 [FXGL Background Thread 3 ] DEBUG Engine               - fontText: Courier-Prime.ttf
20:59:10.803 [FXGL Background Thread 3 ] DEBUG Engine               - fontUI: VarelaRound-Regular.ttf
20:59:10.803 [FXGL Background Thread 3 ] DEBUG Engine               - fullScreen: BooleanProperty [value: false]
20:59:10.804 [FXGL Background Thread 3 ] DEBUG Engine               - gameDifficulty: MEDIUM
20:59:10.804 [FXGL Background Thread 3 ] DEBUG Engine               - gameDifficultyProperty: ObjectProperty [value: MEDIUM]
20:59:10.804 [FXGL Background Thread 3 ] DEBUG Engine               - globalMusicVolume: 0.5
20:59:10.804 [FXGL Background Thread 3 ] DEBUG Engine               - globalMusicVolumeProperty: DoubleProperty [value: 0.5]
20:59:10.804 [FXGL Background Thread 3 ] DEBUG Engine               - globalSoundVolume: 0.5
20:59:10.804 [FXGL Background Thread 3 ] DEBUG Engine               - globalSoundVolumeProperty: DoubleProperty [value: 0.5]
20:59:10.805 [FXGL Background Thread 3 ] DEBUG Engine               - height: 700
20:59:10.805 [FXGL Background Thread 3 ] DEBUG Engine               - isAndroid: false
20:59:10.805 [FXGL Background Thread 3 ] DEBUG Engine               - isBrowser: false
20:59:10.805 [FXGL Background Thread 3 ] DEBUG Engine               - isClickFeedbackEnabled: false
20:59:10.805 [FXGL Background Thread 3 ] DEBUG Engine               - isCloseConfirmation: false
20:59:10.805 [FXGL Background Thread 2 ] DEBUG FXGLAssetLoaderServi - Loading from file system: file:/D:/OneDrive/OneDrive%20-%20Hogeschool%20Leiden/IPOSE/NERDS%20VS%20VIRUS/nerdsvsthevirus/target/classes/assets/textures/sprite.png
20:59:10.805 [FXGL Background Thread 3 ] DEBUG Engine               - isDesktop: true
20:59:10.805 [FXGL Background Thread 3 ] DEBUG Engine               - isDeveloperMenuEnabled: false
20:59:10.805 [FXGL Background Thread 3 ] DEBUG Engine               - isEntityPreloadEnabled: true
20:59:10.806 [FXGL Background Thread 3 ] DEBUG Engine               - isExperimental3D: false
20:59:10.806 [FXGL Background Thread 3 ] DEBUG Engine               - isExperimentalNative: false
20:59:10.806 [FXGL Background Thread 3 ] DEBUG Engine               - isExperimentalTiledLargeMap: false
20:59:10.806 [FXGL Background Thread 3 ] DEBUG Engine               - isFileSystemWriteAllowed: true
20:59:10.806 [FXGL Background Thread 3 ] DEBUG Engine               - isFullScreenAllowed: false
20:59:10.806 [FXGL Background Thread 3 ] DEBUG Engine               - isFullScreenFromStart: false
20:59:10.806 [FXGL Background Thread 3 ] DEBUG Engine               - isGameMenuEnabled: true
20:59:10.807 [FXGL Background Thread 3 ] DEBUG Engine               - isIOS: false
20:59:10.807 [FXGL Background Thread 3 ] DEBUG Engine               - isIntroEnabled: false
20:59:10.807 [FXGL Background Thread 3 ] DEBUG Engine               - isLinux: false
20:59:10.807 [FXGL Background Thread 3 ] DEBUG Engine               - isMac: false
20:59:10.807 [FXGL Background Thread 3 ] DEBUG Engine               - isMainMenuEnabled: true
20:59:10.807 [FXGL Background Thread 3 ] DEBUG Engine               - isManualResizeEnabled: false
20:59:10.807 [FXGL Background Thread 3 ] DEBUG Engine               - isMobile: false
20:59:10.807 [FXGL Background Thread 3 ] DEBUG Engine               - isPreserveResizeRatio: false
20:59:10.808 [FXGL Background Thread 3 ] DEBUG Engine               - isProfilingEnabled: false
20:59:10.808 [FXGL Background Thread 3 ] DEBUG Engine               - isScaleAffectedOnResize: true
20:59:10.808 [FXGL Background Thread 3 ] DEBUG Engine               - isSingleStep: false
20:59:10.808 [FXGL Background Thread 3 ] DEBUG Engine               - isUserProfileEnabled: false
20:59:10.808 [FXGL Background Thread 3 ] DEBUG Engine               - isWindows: true
20:59:10.808 [FXGL Background Thread 3 ] DEBUG Engine               - language: ObjectProperty [value: ENGLISH]
20:59:10.808 [FXGL Background Thread 3 ] DEBUG Engine               - menuKey: ESCAPE
20:59:10.809 [FXGL Background Thread 3 ] DEBUG Engine               - notificationViewClass: class com.almasb.fxgl.notification.view.XboxNotificationView
20:59:10.809 [FXGL Background Thread 3 ] DEBUG Engine               - pixelsPerMeter: 50.0
20:59:10.809 [FXGL Background Thread 3 ] DEBUG Engine               - platform: WINDOWS
20:59:10.809 [FXGL Background Thread 3 ] DEBUG Engine               - prefHeightProperty: ReadOnlyDoubleProperty [value: 700.0]
20:59:10.809 [FXGL Background Thread 3 ] DEBUG Engine               - prefWidthProperty: ReadOnlyDoubleProperty [value: 1050.0]
20:59:10.809 [FXGL Background Thread 3 ] DEBUG Engine               - profileDir: profiles/
20:59:10.809 [FXGL Background Thread 3 ] DEBUG Engine               - profileName: StringProperty [value: DEFAULT]
20:59:10.810 [FXGL Background Thread 3 ] DEBUG Engine               - randomSeed: -1
20:59:10.810 [FXGL Background Thread 3 ] DEBUG Engine               - runtimeInfo: RuntimeInfo(platform=WINDOWS, version=11.14, build=01.03.2021 16.59)
20:59:10.810 [FXGL Background Thread 3 ] DEBUG Engine               - saveFileExt: sav
20:59:10.810 [FXGL Background Thread 3 ] DEBUG Engine               - scaledHeightProp$fxgl: DoubleProperty [bound, value: 700.0]
20:59:10.810 [FXGL Background Thread 3 ] DEBUG Engine               - scaledWidthProp$fxgl: DoubleProperty [bound, value: 1050.0]
20:59:10.810 [FXGL Background Thread 3 ] DEBUG Engine               - sceneFactory: NerdvsVirus.Game$1@619081b4
20:59:10.810 [FXGL Background Thread 3 ] DEBUG Engine               - secondsIn24h: 60
20:59:10.811 [FXGL Background Thread 3 ] DEBUG Engine               - soundMenuBack: menu/back.wav
20:59:10.811 [FXGL Background Thread 3 ] DEBUG Engine               - soundMenuPress: menu/press.wav
20:59:10.811 [FXGL Background Thread 3 ] DEBUG Engine               - soundMenuSelect: menu/select.wav
20:59:10.811 [FXGL Background Thread 3 ] DEBUG Engine               - soundNotification: core/notification.wav
20:59:10.811 [FXGL Background Thread 3 ] DEBUG Engine               - stageStyle: DECORATED
20:59:10.811 [FXGL Background Thread 3 ] DEBUG Engine               - supportedLanguages: [ENGLISH, FRENCH, GERMAN, HUNGARIAN, RUSSIAN]
20:59:10.811 [FXGL Background Thread 3 ] DEBUG Engine               - ticksPerSecond: -1
20:59:10.811 [FXGL Background Thread 3 ] DEBUG Engine               - title: Nerds VS Virus
20:59:10.812 [FXGL Background Thread 3 ] DEBUG Engine               - urlGithub: https://github.com/AlmasB/FXGL
20:59:10.812 [FXGL Background Thread 3 ] DEBUG Engine               - urlLeaderboard: http://fxgl-top.herokuapp.com/
20:59:10.812 [FXGL Background Thread 3 ] DEBUG Engine               - urlPOM: https://raw.githubusercontent.com/AlmasB/FXGL/release/README.md
20:59:10.812 [FXGL Background Thread 3 ] DEBUG Engine               - userAppClass: class NerdvsVirus.Game
20:59:10.812 [FXGL Background Thread 3 ] DEBUG Engine               - version: 0.0
20:59:10.812 [FXGL Background Thread 3 ] DEBUG Engine               - versionCheckDays: 7
20:59:10.812 [FXGL Background Thread 3 ] DEBUG Engine               - width: 1050
20:59:10.812 [FXGL Background Thread 3 ] DEBUG Engine               - Logging services
20:59:10.812 [FXGL Background Thread 3 ] DEBUG Engine               - class com.almasb.fxgl.app.services.FXGLAssetLoaderService
20:59:10.812 [FXGL Background Thread 3 ] DEBUG Engine               - class com.almasb.fxgl.app.FXGLApplication$GameApplicationService
20:59:10.813 [FXGL Background Thread 3 ] DEBUG Engine               - class com.almasb.fxgl.app.services.FXGLDialogService
20:59:10.813 [FXGL Background Thread 3 ] DEBUG Engine               - class com.almasb.fxgl.app.services.IOTaskExecutorService
20:59:10.813 [FXGL Background Thread 3 ] DEBUG Engine               - class com.almasb.fxgl.event.EventBusService
20:59:10.813 [FXGL Background Thread 3 ] DEBUG Engine               - class com.almasb.fxgl.io.FileSystemService
20:59:10.813 [FXGL Background Thread 3 ] DEBUG Engine               - class com.almasb.fxgl.localization.LocalizationService
20:59:10.813 [FXGL Background Thread 3 ] DEBUG Engine               - class com.almasb.fxgl.app.services.SystemBundleService
20:59:10.813 [FXGL Background Thread 3 ] DEBUG Engine               - class com.almasb.fxgl.profile.SaveLoadService
20:59:10.813 [FXGL Background Thread 3 ] DEBUG Engine               - class com.almasb.fxgl.ui.FXGLUIFactoryServiceProvider
20:59:10.813 [FXGL Background Thread 3 ] DEBUG Engine               - class com.almasb.fxgl.ui.FXGLDialogFactoryServiceProvider
20:59:10.813 [FXGL Background Thread 3 ] DEBUG Engine               - class com.almasb.fxgl.audio.AudioPlayer
20:59:10.813 [FXGL Background Thread 3 ] DEBUG Engine               - class com.almasb.fxgl.notification.impl.NotificationServiceProvider
20:59:10.813 [FXGL Background Thread 3 ] DEBUG Engine               - class com.almasb.fxgl.achievement.AchievementService
20:59:10.813 [FXGL Background Thread 2 ] INFO  FXGLApplication      - Game initialization took: 0,093 sec
20:59:10.813 [FXGL Background Thread 3 ] DEBUG Engine               - class com.almasb.fxgl.cutscene.CutsceneService
20:59:10.814 [FXGL Background Thread 3 ] DEBUG Engine               - class com.almasb.fxgl.minigames.MiniGameService
20:59:10.814 [FXGL Background Thread 3 ] DEBUG Engine               - class com.almasb.fxgl.net.NetService
20:59:10.814 [FXGL Background Thread 3 ] DEBUG Engine               - class com.almasb.fxgl.app.services.UpdaterService
20:59:10.814 [FXGL Background Thread 3 ] DEBUG Engine               - class com.almasb.fxgl.dev.DevService
20:59:10.814 [JavaFX Application Thread] DEBUG Input                - Clearing active input actions
20:59:10.820 [JavaFX Application Thread] DEBUG GameApplicationServi - Removing overlay from FXGLLoadingScene and adding to GameScene
20:59:10.820 [JavaFX Application Thread] DEBUG PrimaryStageWindow   - FXGLLoadingScene -> GameScene
20:59:27.267 [JavaFX Application Thread] DEBUG FXGLApplication      - Exiting FXGL
20:59:27.268 [JavaFX Application Thread] DEBUG LoopRunner           - Stopping loop
20:59:27.268 [JavaFX Application Thread] DEBUG SystemBundleService  - Saving FXGL system data
20:59:27.269 [JavaFX Application Thread] DEBUG FileSystemAccess     - Writing to: D:\OneDrive\OneDrive - Hogeschool Leiden\IPOSE\NERDS VS VIRUS\nerdsvsthevirus\system\fxgl.bundle
20:59:27.275 [JavaFX Application Thread] DEBUG Async                - Shutting down background threads
20:59:27.275 [JavaFX Application Thread] DEBUG PrimaryStageWindow   - Closing main window
20:59:27.284 [JavaFX Application Thread] DEBUG Logger               - Closing Logger
