16:02:47.377 [main                     ] DEBUG Logger               - Configured Logger
16:02:47.411 [main                     ] DEBUG GameApplication      - Logging settings
Title: Nerds VS Virus
Version: 0.0
Width: 1050
Height: 700
Fullscreen: false
Intro: false
Profiling: false
Single step:false
App Mode: DEVELOPER
Menu Key: ESCAPE
Stage Style: DECORATED
Scene Factory: class NerdvsVirus.Game$1

16:02:48.099 [JavaFX Application Thread] DEBUG FXGLApplication      - Initializing FXGL
16:02:48.102 [JavaFX Application Thread] INFO  Engine               - FXGL-11.14 (01.03.2021 16.59) on MAC (J:15.0.1 FX:15)
16:02:48.102 [JavaFX Application Thread] DEBUG Engine               - JRE Vendor Name: Oracle Corporation
16:02:48.103 [JavaFX Application Thread] DEBUG Engine               - Running on OS: Mac OS X version 10.16
16:02:48.103 [JavaFX Application Thread] DEBUG Engine               - Architecture: x86_64
16:02:48.103 [JavaFX Application Thread] INFO  Engine               - Source code and latest versions at: https://github.com/AlmasB/FXGL
16:02:48.104 [JavaFX Application Thread] INFO  Engine               -              Join the FXGL chat at: https://gitter.im/AlmasB/FXGL
16:02:48.328 [JavaFX Application Thread] DEBUG PrimaryStageWindow   - Creating a JavaFX scene
16:02:48.404 [JavaFX Application Thread] DEBUG PrimaryStageWindow   - Target settings size: 1050.0 x 700.0
16:02:48.405 [JavaFX Application Thread] DEBUG PrimaryStageWindow   - Scaled scene size:    1050.0 x 700.0
16:02:48.405 [JavaFX Application Thread] DEBUG PrimaryStageWindow   - Scaled ratio: (1.0, 1.0)
16:02:48.407 [JavaFX Application Thread] DEBUG PrimaryStageWindow   - Set initial scene to FXGLStartupScene
16:02:48.472 [JavaFX Application Thread] DEBUG PrimaryStageWindow   - Opening main window
16:02:48.623 [JavaFX Application Thread] DEBUG PrimaryStageWindow   - Window border size: (0.0, 28.0)
16:02:48.624 [JavaFX Application Thread] DEBUG PrimaryStageWindow   - Scaled size: 1050.0 x 700.0
16:02:48.624 [JavaFX Application Thread] DEBUG PrimaryStageWindow   - Scaled ratio: (1.0, 1.0)
16:02:48.624 [JavaFX Application Thread] DEBUG PrimaryStageWindow   - Scene size: 1050.0 x 700.0
16:02:48.624 [JavaFX Application Thread] DEBUG PrimaryStageWindow   - Stage size: 1050.0 x 728.0
16:02:48.633 [FXGL Background Thread 1 ] DEBUG Engine               - Initializing environment variables
16:02:48.710 [FXGL Background Thread 1 ] DEBUG FXGLAssetLoaderServi - User app class for loading assets: class NerdvsVirus.Game
16:02:48.710 [FXGL Background Thread 1 ] DEBUG GameApplicationServi - Applying CSS: fxgl_dark.css
16:02:48.712 [FXGL Background Thread 1 ] DEBUG FXGLAssetLoaderServi - Loading from file system: jar:file:/Users/chalitandunu/.m2/repository/com/github/almasb/fxgl/11.14/fxgl-11.14.jar!/fxglassets/ui/css/fxgl_dark.css
16:02:48.818 [FXGL Background Thread 1 ] DEBUG GameApplicationServi - Initializing application scenes
16:02:49.654 [FXGL Background Thread 1 ] DEBUG GameWorld            - Game world initialized
16:02:49.729 [FXGL Background Thread 1 ] DEBUG PhysicsWorld         - Physics world initialized: appHeight=700, physics.ppm=50.0
16:02:49.730 [FXGL Background Thread 1 ] DEBUG PhysicsWorld         - Using strategy: BRUTE_FORCE
16:02:49.733 [FXGL Background Thread 1 ] DEBUG GameScene            - Game scene initialized: 1050x700
16:02:49.807 [FXGL Background Thread 1 ] DEBUG FXGLAssetLoaderServi - Loading from file system: jar:file:/Users/chalitandunu/.m2/repository/com/github/almasb/fxgl/11.14/fxgl-11.14.jar!/fxglassets/textures/particles/trace_horizontal.png
16:02:49.914 [FXGL Background Thread 1 ] DEBUG FXGL.DefaultMenu     - createMenuBodyGameMenu()
16:02:49.944 [FXGL Background Thread 1 ] DEBUG FXGL.DefaultMenu     - createOptionsMenu()
16:02:49.955 [FXGL Background Thread 1 ] DEBUG FXGLAssetLoaderServi - Loading from file system: jar:file:/Users/chalitandunu/.m2/repository/com/github/almasb/fxgl/11.14/fxgl-11.14.jar!/fxglassets/textures/particles/smoke.png
16:02:50.038 [FXGL Background Thread 1 ] DEBUG GameApplicationServi - Application scenes initialized
16:02:50.058 [FXGL Background Thread 1 ] DEBUG SystemBundleService  - Loading FXGL system data
16:02:50.063 [FXGL Background Thread 1 ] DEBUG FileSystemAccess     - Reading from: /Users/chalitandunu/Desktop/the void/HS/Jaar 1/Periode 3/IPOSE/nerdsvsthevirus/system/fxgl.bundle
16:02:50.072 [FXGL Background Thread 1 ] DEBUG SystemBundleService  - Bundle FXGL: {}
16:02:50.073 [FXGL Background Thread 1 ] DEBUG UpdaterService       - Checking for updates
16:02:50.077 [FXGL Background Thread 4 ] DEBUG FXGLApplication      - Loading fonts
16:02:50.077 [FXGL Background Thread 1 ] DEBUG FXGLApplication      - Loading default localization
16:02:50.078 [FXGL Background Thread 4 ] DEBUG FXGLAssetLoaderServi - Loading from file system: jar:file:/Users/chalitandunu/.m2/repository/com/github/almasb/fxgl/11.14/fxgl-11.14.jar!/fxglassets/ui/fonts/VarelaRound-Regular.ttf
16:02:50.078 [FXGL Background Thread 1 ] DEBUG FXGLAssetLoaderServi - Loading from file system: jar:file:/Users/chalitandunu/.m2/repository/com/github/almasb/fxgl/11.14/fxgl-11.14.jar!/fxglassets/languages/english.lang
16:02:50.102 [FXGL Background Thread 4 ] DEBUG FXGLAssetLoaderServi - Loading from file system: jar:file:/Users/chalitandunu/.m2/repository/com/github/almasb/fxgl/11.14/fxgl-11.14.jar!/fxglassets/ui/fonts/Abel-Regular.ttf
16:02:50.107 [FXGL Background Thread 4 ] DEBUG FXGLAssetLoaderServi - Loading from file system: jar:file:/Users/chalitandunu/.m2/repository/com/github/almasb/fxgl/11.14/fxgl-11.14.jar!/fxglassets/ui/fonts/lucida_console.ttf
16:02:50.113 [FXGL Background Thread 1 ] INFO  FXGLApplication      - FXGL initialization took: 1.479 sec
16:02:50.115 [FXGL Background Thread 4 ] DEBUG FXGLAssetLoaderServi - Loading from file system: jar:file:/Users/chalitandunu/.m2/repository/com/github/almasb/fxgl/11.14/fxgl-11.14.jar!/fxglassets/ui/fonts/Courier-Prime.ttf
16:02:50.125 [JavaFX Application Thread] DEBUG Input                - Registered new binding: Left - A
16:02:50.126 [JavaFX Application Thread] DEBUG Input                - Registered new binding: Right - D
16:02:50.126 [JavaFX Application Thread] DEBUG Input                - Registered new binding: Jump - W
16:02:50.127 [JavaFX Application Thread] DEBUG FXGLAssetLoaderServi - Loading from file system: jar:file:/Users/chalitandunu/.m2/repository/com/github/almasb/fxgl/11.14/fxgl-11.14.jar!/fxglassets/textures/fxgl_icon.png
16:02:50.161 [JavaFX Application Thread] DEBUG FXGLAssetLoaderServi - Loading from file system: jar:file:/Users/chalitandunu/.m2/repository/com/github/almasb/fxgl/11.14/fxgl-11.14.jar!/fxglassets/ui/cursors/fxgl_default.png
16:02:50.164 [JavaFX Application Thread] DEBUG Input                - Registered new binding: Screenshot - P
16:02:50.164 [JavaFX Application Thread] DEBUG Input                - Registered new binding: System info dump - CTRL+9
16:02:50.165 [JavaFX Application Thread] DEBUG Input                - Registered new binding: Restart - CTRL+R
16:02:50.166 [JavaFX Application Thread] DEBUG Input                - Registered new binding: Toggle Debug Camera - CTRL+C
16:02:50.168 [JavaFX Application Thread] DEBUG LoopRunner           - Starting loop
16:02:50.169 [JavaFX Application Thread] DEBUG LoopRunner           - Initializing JavaFX AnimationTimerLoop
16:02:50.172 [JavaFX Application Thread] DEBUG Input                - Clearing active input actions
16:02:50.181 [JavaFX Application Thread] DEBUG GameApplicationServi - Removing overlay from FXGLStartupScene and adding to FXGLMainMenuDummyScene
16:02:50.182 [JavaFX Application Thread] DEBUG PrimaryStageWindow   - FXGLStartupScene -> FXGLMainMenuDummyScene
16:02:50.182 [JavaFX Application Thread] DEBUG PrimaryStageWindow   - Push state: MainMenu
16:02:50.186 [JavaFX Application Thread] DEBUG Input                - Clearing active input actions
16:02:50.208 [JavaFX Application Thread] DEBUG GameApplicationServi - Removing overlay from FXGLMainMenuDummyScene and adding to MainMenu
16:02:50.208 [JavaFX Application Thread] DEBUG PrimaryStageWindow   - FXGLMainMenuDummyScene -> MainMenu
16:02:50.244 [JavaFX Application Thread] DEBUG FXGLApplication      - Registering font factories with UI factory
16:02:51.930 [JavaFX Application Thread] DEBUG Menu                 - fireNewGame()
16:02:51.931 [JavaFX Application Thread] DEBUG GameApplicationServi - Starting new game
16:02:51.931 [JavaFX Application Thread] DEBUG PrimaryStageWindow   - Pop state: MainMenu
16:02:51.932 [JavaFX Application Thread] DEBUG Input                - Clearing active input actions
16:02:51.934 [JavaFX Application Thread] DEBUG GameApplicationServi - Removing overlay from MainMenu and adding to FXGLMainMenuDummyScene
16:02:51.934 [JavaFX Application Thread] DEBUG PrimaryStageWindow   - FXGLMainMenuDummyScene <- MainMenu
16:02:51.935 [JavaFX Application Thread] DEBUG Input                - Clearing active input actions
16:02:51.951 [JavaFX Application Thread] DEBUG GameApplicationServi - Removing overlay from FXGLMainMenuDummyScene and adding to FXGLLoadingScene
16:02:51.951 [JavaFX Application Thread] DEBUG PrimaryStageWindow   - FXGLMainMenuDummyScene -> FXGLLoadingScene
16:02:51.951 [JavaFX Application Thread] DEBUG GameApplicationServi - Clearing previous game
16:02:51.952 [JavaFX Application Thread] DEBUG GameScene            - Clearing game scene
16:02:51.952 [JavaFX Application Thread] DEBUG GameWorld            - Clearing game world
16:02:51.953 [JavaFX Application Thread] DEBUG PhysicsWorld         - Clearing physics world
16:02:51.954 [FXGL Background Thread 2 ] DEBUG FXGLApplication      - Initializing game
16:02:52.006 [FXGL Background Thread 2 ] WARN  TMXLevelLoader       - TiledMap generated from 1.5.0. Supported version: 1.2.3. Some features may not be parsed fully.
16:02:52.032 [FXGL Background Thread 2 ] DEBUG TMXLevelLoader       - Parsed raw map: TiledMap(width=17, height=10, tilewidth=70, tileheight=70, orientation=orthogonal, layers=[Layer(width=17, height=10, name=Bottom, type=tilelayer, visible=false, x=0, y=0, data=[0, 0, 0, 0, 0, 0, 0, 0, 0, 0, 0, 0, 0, 0, 0, 0, 0, 0, 0, 0, 0, 0, 0, 0, 0, 0, 0, 0, 0, 0, 0, 0, 0, 0, 0, 0, 0, 0, 0, 0, 0, 0, 0, 0, 0, 0, 0, 0, 0, 0, 0, 0, 0, 0, 0, 0, 0, 0, 0, 0, 0, 0, 0, 0, 0, 0, 0, 0, 0, 0, 0, 0, 0, 0, 0, 0, 0, 0, 0, 0, 0, 0, 0, 0, 0, 0, 0, 0, 0, 0, 0, 0, 0, 0, 0, 0, 206, 205, 206, 0, 0, 0, 0, 0, 0, 0, 0, 0, 0, 205, 206, 207, 0, 0, 0, 0, 0, 0, 0, 0, 0, 0, 0, 206, 205, 0, 0, 0, 0, 0, 0, 0, 0, 0, 0, 0, 0, 263, 248, 203, 0, 0, 0, 0, 0, 0, 0, 243, 244, 245, 0, 0, 0, 185, 185, 185, 185, 185, 185, 185, 185, 185, 185, 185, 185, 185, 185, 185, 185, 185], objects=[], opacity=0.0, draworder=), Layer(width=17, height=10, name=overlay, type=tilelayer, visible=false, x=0, y=0, data=[213, 185, 185, 185, 185, 185, 185, 185, 185, 185, 185, 227, 185, 185, 185, 185, 213, 0, 0, 0, 0, 0, 0, 0, 0, 0, 0, 0, 241, 0, 0, 0, 0, 0, 0, 0, 0, 0, 0, 0, 0, 0, 0, 0, 0, 255, 0, 0, 0, 0, 0, 0, 0, 0, 0, 0, 0, 0, 0, 0, 0, 0, 0, 0, 0, 0, 0, 0, 0, 0, 0, 0, 0, 0, 0, 0, 0, 0, 0, 0, 0, 0, 0, 0, 0, 0, 0, 0, 0, 0, 0, 0, 0, 0, 0, 0, 215, 216, 217, 0, 0, 0, 0, 0, 0, 0, 0, 0, 0, 0, 0, 0, 0, 0, 0, 0, 0, 0, 0, 0, 0, 0, 189, 0, 0, 0, 0, 0, 0, 0, 0, 0, 226, 0, 0, 0, 0, 0, 0, 0, 0, 0, 0, 0, 0, 0, 0, 0, 0, 0, 0, 0, 0, 0, 0, 0, 0, 0, 0, 0, 0, 0, 0, 0, 0, 0, 0, 0, 0, 0], objects=[], opacity=0.0, draworder=), Layer(width=0, height=0, name=Objectlaag 1, type=objectgroup, visible=false, x=0, y=0, data=[], objects=[com.almasb.fxgl.entity.level.tiled.TiledObject@1401c971, com.almasb.fxgl.entity.level.tiled.TiledObject@1ae3c0de, com.almasb.fxgl.entity.level.tiled.TiledObject@2af6ef97, com.almasb.fxgl.entity.level.tiled.TiledObject@4b45e909, com.almasb.fxgl.entity.level.tiled.TiledObject@5115fb51, com.almasb.fxgl.entity.level.tiled.TiledObject@55f4349d, com.almasb.fxgl.entity.level.tiled.TiledObject@48e3f3e3, com.almasb.fxgl.entity.level.tiled.TiledObject@2c0a5657, com.almasb.fxgl.entity.level.tiled.TiledObject@52bbfff4, com.almasb.fxgl.entity.level.tiled.TiledObject@269f69e2], opacity=0.0, draworder=)], tilesets=[Tileset(firstgid=1, image=tiles_spritesheet.png, name=tiles_spritesheet, tilewidth=70, tileheight=70, imagewidth=914, imageheight=936, margin=0, spacing=2, columns=12, tilecount=156, transparentcolor=, tiles=[]), Tileset(firstgid=157, image=platformerPack_industrial_tilesheet.png, name=_industrial, tilewidth=70, tileheight=70, imagewidth=980, imageheight=560, margin=0, spacing=0, columns=14, tilecount=112, transparentcolor=, tiles=[])], backgroundcolor=, renderorder=right-down, nextobjectid=12, version=1, tiledversion=1.5.0, type=map, infinite=false, hexsidelength=0, staggeraxis=, staggerindex=, properties={}, propertytypes={})
16:02:52.034 [FXGL Background Thread 2 ] DEBUG TMXLevelLoader       - Creating tile layer entities
16:02:52.039 [FXGL Background Thread 2 ] DEBUG TilesetLoader        - Loading view for layer Bottom
16:02:52.042 [FXGL Background Thread 2 ] DEBUG TilesetLoader        - Created buffer with size 1190.0x700.0
16:02:52.080 [FXGL Background Thread 2 ] DEBUG TilesetLoader        - Writing to buffer: dst=770,350, w=70,h=70, src=490,210
16:02:52.081 [FXGL Background Thread 2 ] DEBUG TilesetLoader        - Writing to buffer: dst=840,350, w=70,h=70, src=420,210
16:02:52.082 [FXGL Background Thread 2 ] DEBUG TilesetLoader        - Writing to buffer: dst=910,350, w=70,h=70, src=490,210
16:02:52.082 [FXGL Background Thread 2 ] DEBUG TilesetLoader        - Writing to buffer: dst=490,420, w=70,h=70, src=420,210
16:02:52.083 [FXGL Background Thread 2 ] DEBUG TilesetLoader        - Writing to buffer: dst=560,420, w=70,h=70, src=490,210
16:02:52.083 [FXGL Background Thread 2 ] DEBUG TilesetLoader        - Writing to buffer: dst=630,420, w=70,h=70, src=560,210
16:02:52.084 [FXGL Background Thread 2 ] DEBUG TilesetLoader        - Writing to buffer: dst=280,490, w=70,h=70, src=490,210
16:02:52.084 [FXGL Background Thread 2 ] DEBUG TilesetLoader        - Writing to buffer: dst=350,490, w=70,h=70, src=420,210
16:02:52.085 [FXGL Background Thread 2 ] DEBUG TilesetLoader        - Writing to buffer: dst=70,560, w=70,h=70, src=560,490
16:02:52.085 [FXGL Background Thread 2 ] DEBUG TilesetLoader        - Writing to buffer: dst=140,560, w=70,h=70, src=490,420
16:02:52.085 [FXGL Background Thread 2 ] DEBUG TilesetLoader        - Writing to buffer: dst=210,560, w=70,h=70, src=280,210
16:02:52.086 [FXGL Background Thread 2 ] DEBUG TilesetLoader        - Writing to buffer: dst=770,560, w=70,h=70, src=140,420
16:02:52.086 [FXGL Background Thread 2 ] DEBUG TilesetLoader        - Writing to buffer: dst=840,560, w=70,h=70, src=210,420
16:02:52.087 [FXGL Background Thread 2 ] DEBUG TilesetLoader        - Writing to buffer: dst=910,560, w=70,h=70, src=280,420
16:02:52.087 [FXGL Background Thread 2 ] DEBUG TilesetLoader        - Writing to buffer: dst=0,630, w=70,h=70, src=0,140
16:02:52.087 [FXGL Background Thread 2 ] DEBUG TilesetLoader        - Writing to buffer: dst=70,630, w=70,h=70, src=0,140
16:02:52.089 [FXGL Background Thread 2 ] DEBUG TilesetLoader        - Writing to buffer: dst=140,630, w=70,h=70, src=0,140
16:02:52.089 [FXGL Background Thread 2 ] DEBUG TilesetLoader        - Writing to buffer: dst=210,630, w=70,h=70, src=0,140
16:02:52.089 [FXGL Background Thread 2 ] DEBUG TilesetLoader        - Writing to buffer: dst=280,630, w=70,h=70, src=0,140
16:02:52.090 [FXGL Background Thread 2 ] DEBUG TilesetLoader        - Writing to buffer: dst=350,630, w=70,h=70, src=0,140
16:02:52.090 [FXGL Background Thread 2 ] DEBUG TilesetLoader        - Writing to buffer: dst=420,630, w=70,h=70, src=0,140
16:02:52.090 [FXGL Background Thread 2 ] DEBUG TilesetLoader        - Writing to buffer: dst=490,630, w=70,h=70, src=0,140
16:02:52.091 [FXGL Background Thread 2 ] DEBUG TilesetLoader        - Writing to buffer: dst=560,630, w=70,h=70, src=0,140
16:02:52.091 [FXGL Background Thread 2 ] DEBUG TilesetLoader        - Writing to buffer: dst=630,630, w=70,h=70, src=0,140
16:02:52.091 [FXGL Background Thread 2 ] DEBUG TilesetLoader        - Writing to buffer: dst=700,630, w=70,h=70, src=0,140
16:02:52.092 [FXGL Background Thread 2 ] DEBUG TilesetLoader        - Writing to buffer: dst=770,630, w=70,h=70, src=0,140
16:02:52.092 [FXGL Background Thread 2 ] DEBUG TilesetLoader        - Writing to buffer: dst=840,630, w=70,h=70, src=0,140
16:02:52.092 [FXGL Background Thread 2 ] DEBUG TilesetLoader        - Writing to buffer: dst=910,630, w=70,h=70, src=0,140
16:02:52.093 [FXGL Background Thread 2 ] DEBUG TilesetLoader        - Writing to buffer: dst=980,630, w=70,h=70, src=0,140
16:02:52.093 [FXGL Background Thread 2 ] DEBUG TilesetLoader        - Writing to buffer: dst=1050,630, w=70,h=70, src=0,140
16:02:52.093 [FXGL Background Thread 2 ] DEBUG TilesetLoader        - Writing to buffer: dst=1120,630, w=70,h=70, src=0,140
16:02:52.094 [FXGL Background Thread 2 ] DEBUG TilesetLoader        - Loading view for layer overlay
16:02:52.098 [FXGL Background Thread 2 ] DEBUG TilesetLoader        - Created buffer with size 1190.0x700.0
16:02:52.098 [FXGL Background Thread 2 ] DEBUG TilesetLoader        - Writing to buffer: dst=0,0, w=70,h=70, src=0,280
16:02:52.099 [FXGL Background Thread 2 ] DEBUG TilesetLoader        - Writing to buffer: dst=70,0, w=70,h=70, src=0,140
16:02:52.099 [FXGL Background Thread 2 ] DEBUG TilesetLoader        - Writing to buffer: dst=140,0, w=70,h=70, src=0,140
16:02:52.099 [FXGL Background Thread 2 ] DEBUG TilesetLoader        - Writing to buffer: dst=210,0, w=70,h=70, src=0,140
16:02:52.100 [FXGL Background Thread 2 ] DEBUG TilesetLoader        - Writing to buffer: dst=280,0, w=70,h=70, src=0,140
16:02:52.100 [FXGL Background Thread 2 ] DEBUG TilesetLoader        - Writing to buffer: dst=350,0, w=70,h=70, src=0,140
16:02:52.100 [FXGL Background Thread 2 ] DEBUG TilesetLoader        - Writing to buffer: dst=420,0, w=70,h=70, src=0,140
16:02:52.100 [FXGL Background Thread 2 ] DEBUG TilesetLoader        - Writing to buffer: dst=490,0, w=70,h=70, src=0,140
16:02:52.101 [FXGL Background Thread 2 ] DEBUG TilesetLoader        - Writing to buffer: dst=560,0, w=70,h=70, src=0,140
16:02:52.101 [FXGL Background Thread 2 ] DEBUG TilesetLoader        - Writing to buffer: dst=630,0, w=70,h=70, src=0,140
16:02:52.101 [FXGL Background Thread 2 ] DEBUG TilesetLoader        - Writing to buffer: dst=700,0, w=70,h=70, src=0,140
16:02:52.102 [FXGL Background Thread 2 ] DEBUG TilesetLoader        - Writing to buffer: dst=770,0, w=70,h=70, src=0,350
16:02:52.102 [FXGL Background Thread 2 ] DEBUG TilesetLoader        - Writing to buffer: dst=840,0, w=70,h=70, src=0,140
16:02:52.102 [FXGL Background Thread 2 ] DEBUG TilesetLoader        - Writing to buffer: dst=910,0, w=70,h=70, src=0,140
16:02:52.102 [FXGL Background Thread 2 ] DEBUG TilesetLoader        - Writing to buffer: dst=980,0, w=70,h=70, src=0,140
16:02:52.103 [FXGL Background Thread 2 ] DEBUG TilesetLoader        - Writing to buffer: dst=1050,0, w=70,h=70, src=0,140
16:02:52.103 [FXGL Background Thread 2 ] DEBUG TilesetLoader        - Writing to buffer: dst=1120,0, w=70,h=70, src=0,280
16:02:52.104 [FXGL Background Thread 2 ] DEBUG TilesetLoader        - Writing to buffer: dst=770,70, w=70,h=70, src=0,420
16:02:52.104 [FXGL Background Thread 2 ] DEBUG TilesetLoader        - Writing to buffer: dst=770,140, w=70,h=70, src=0,490
16:02:52.104 [FXGL Background Thread 2 ] DEBUG TilesetLoader        - Writing to buffer: dst=770,350, w=70,h=70, src=140,280
16:02:52.105 [FXGL Background Thread 2 ] DEBUG TilesetLoader        - Writing to buffer: dst=840,350, w=70,h=70, src=210,280
16:02:52.105 [FXGL Background Thread 2 ] DEBUG TilesetLoader        - Writing to buffer: dst=910,350, w=70,h=70, src=280,280
16:02:52.105 [FXGL Background Thread 2 ] DEBUG TilesetLoader        - Writing to buffer: dst=210,490, w=70,h=70, src=280,140
16:02:52.106 [FXGL Background Thread 2 ] DEBUG TilesetLoader        - Writing to buffer: dst=910,490, w=70,h=70, src=910,280
16:02:52.106 [FXGL Background Thread 2 ] DEBUG TMXLevelLoader       - Creating object layer entities
16:02:52.129 [FXGL Background Thread 2 ] DEBUG FXGLAssetLoaderServi - Loading from file system: file:/Users/chalitandunu/Desktop/the%20void/HS/Jaar%201/Periode%203/IPOSE/nerdsvsthevirus/target/classes/assets/textures/spuit2.png
16:02:52.137 [FXGL Background Thread 2 ] DEBUG GameWorld            - Clearing removable entities
16:02:52.138 [FXGL Background Thread 2 ] DEBUG GameWorld            - Setting level: com.almasb.fxgl.entity.level.Level@18753c85
16:02:52.154 [FXGL Background Thread 2 ] DEBUG FXGLAssetLoaderServi - Loading from file system: file:/Users/chalitandunu/Desktop/the%20void/HS/Jaar%201/Periode%203/IPOSE/nerdsvsthevirus/target/classes/assets/textures/sprite.png
16:02:52.185 [FXGL Background Thread 2 ] INFO  FXGLApplication      - Game initialization took: 0.230 sec
16:02:52.186 [JavaFX Application Thread] DEBUG Input                - Clearing active input actions
16:02:52.198 [JavaFX Application Thread] DEBUG GameApplicationServi - Removing overlay from FXGLLoadingScene and adding to GameScene
16:02:52.199 [JavaFX Application Thread] DEBUG PrimaryStageWindow   - FXGLLoadingScene -> GameScene
16:02:53.077 [FXGL Background Thread 3 ] DEBUG Engine               - Logging environment variables
16:02:53.078 [FXGL Background Thread 3 ] DEBUG Engine               - achievements: []
16:02:53.079 [FXGL Background Thread 3 ] DEBUG Engine               - actualHeight: 700.0
16:02:53.079 [FXGL Background Thread 3 ] DEBUG Engine               - actualHeightProperty: ReadOnlyDoubleProperty [value: 700.0]
16:02:53.080 [FXGL Background Thread 3 ] DEBUG Engine               - actualWidth: 1050.0
16:02:53.080 [FXGL Background Thread 3 ] DEBUG Engine               - actualWidthProperty: ReadOnlyDoubleProperty [value: 1050.0]
16:02:53.080 [FXGL Background Thread 3 ] DEBUG Engine               - appIcon: fxgl_icon.png
16:02:53.081 [FXGL Background Thread 3 ] DEBUG Engine               - applicationMode: DEVELOPER
16:02:53.081 [FXGL Background Thread 3 ] DEBUG Engine               - cSSList: [fxgl_dark.css]
16:02:53.081 [FXGL Background Thread 3 ] DEBUG Engine               - collisionDetectionStrategy: BRUTE_FORCE
16:02:53.083 [FXGL Background Thread 3 ] DEBUG Engine               - configClass: Optional.empty
16:02:53.083 [FXGL Background Thread 3 ] DEBUG Engine               - credits: []
16:02:53.084 [FXGL Background Thread 3 ] DEBUG Engine               - devBBoxColorProperty: ObjectProperty [value: 0xff0000ff]
16:02:53.084 [FXGL Background Thread 3 ] DEBUG Engine               - devEnableDebugCameraProperty: BooleanProperty [value: false]
16:02:53.085 [FXGL Background Thread 3 ] DEBUG Engine               - devSensorColorProperty: ObjectProperty [value: 0xffff00ff]
16:02:53.085 [FXGL Background Thread 3 ] DEBUG Engine               - devShowBBoxProperty: BooleanProperty [value: false]
16:02:53.085 [FXGL Background Thread 3 ] DEBUG Engine               - devShowPositionProperty: BooleanProperty [value: false]
16:02:53.085 [FXGL Background Thread 3 ] DEBUG Engine               - enabledMenuItems: []
16:02:53.086 [FXGL Background Thread 3 ] DEBUG Engine               - engineServices: [class com.almasb.fxgl.app.services.FXGLAssetLoaderService, class com.almasb.fxgl.app.FXGLApplication$GameApplicationService, class com.almasb.fxgl.app.services.FXGLDialogService, class com.almasb.fxgl.app.services.IOTaskExecutorService, class com.almasb.fxgl.event.EventBusService, class com.almasb.fxgl.io.FileSystemService, class com.almasb.fxgl.localization.LocalizationService, class com.almasb.fxgl.app.services.SystemBundleService, class com.almasb.fxgl.profile.SaveLoadService, class com.almasb.fxgl.ui.FXGLUIFactoryServiceProvider, class com.almasb.fxgl.ui.FXGLDialogFactoryServiceProvider, class com.almasb.fxgl.audio.AudioPlayer, class com.almasb.fxgl.notification.impl.NotificationServiceProvider, class com.almasb.fxgl.achievement.AchievementService, class com.almasb.fxgl.cutscene.CutsceneService, class com.almasb.fxgl.minigames.MiniGameService, class com.almasb.fxgl.net.NetService, class com.almasb.fxgl.app.services.UpdaterService, class com.almasb.fxgl.dev.DevService]
16:02:53.086 [FXGL Background Thread 3 ] DEBUG Engine               - fontGame: Abel-Regular.ttf
16:02:53.086 [FXGL Background Thread 3 ] DEBUG Engine               - fontMono: lucida_console.ttf
16:02:53.086 [FXGL Background Thread 3 ] DEBUG Engine               - fontText: Courier-Prime.ttf
16:02:53.087 [FXGL Background Thread 3 ] DEBUG Engine               - fontUI: VarelaRound-Regular.ttf
16:02:53.087 [FXGL Background Thread 3 ] DEBUG Engine               - fullScreen: BooleanProperty [value: false]
16:02:53.088 [FXGL Background Thread 3 ] DEBUG Engine               - gameDifficulty: MEDIUM
16:02:53.088 [FXGL Background Thread 3 ] DEBUG Engine               - gameDifficultyProperty: ObjectProperty [value: MEDIUM]
16:02:53.088 [FXGL Background Thread 3 ] DEBUG Engine               - globalMusicVolume: 0.5
16:02:53.088 [FXGL Background Thread 3 ] DEBUG Engine               - globalMusicVolumeProperty: DoubleProperty [value: 0.5]
16:02:53.088 [FXGL Background Thread 3 ] DEBUG Engine               - globalSoundVolume: 0.5
16:02:53.088 [FXGL Background Thread 3 ] DEBUG Engine               - globalSoundVolumeProperty: DoubleProperty [value: 0.5]
16:02:53.089 [FXGL Background Thread 3 ] DEBUG Engine               - height: 700
16:02:53.089 [FXGL Background Thread 3 ] DEBUG Engine               - isAndroid: false
16:02:53.089 [FXGL Background Thread 3 ] DEBUG Engine               - isBrowser: false
16:02:53.089 [FXGL Background Thread 3 ] DEBUG Engine               - isClickFeedbackEnabled: false
16:02:53.090 [FXGL Background Thread 3 ] DEBUG Engine               - isCloseConfirmation: false
16:02:53.090 [FXGL Background Thread 3 ] DEBUG Engine               - isDesktop: true
16:02:53.090 [FXGL Background Thread 3 ] DEBUG Engine               - isDeveloperMenuEnabled: false
16:02:53.090 [FXGL Background Thread 3 ] DEBUG Engine               - isEntityPreloadEnabled: true
16:02:53.090 [FXGL Background Thread 3 ] DEBUG Engine               - isExperimental3D: false
16:02:53.091 [FXGL Background Thread 3 ] DEBUG Engine               - isExperimentalNative: false
16:02:53.091 [FXGL Background Thread 3 ] DEBUG Engine               - isExperimentalTiledLargeMap: false
16:02:53.091 [FXGL Background Thread 3 ] DEBUG Engine               - isFileSystemWriteAllowed: true
16:02:53.091 [FXGL Background Thread 3 ] DEBUG Engine               - isFullScreenAllowed: false
16:02:53.091 [FXGL Background Thread 3 ] DEBUG Engine               - isFullScreenFromStart: false
16:02:53.091 [FXGL Background Thread 3 ] DEBUG Engine               - isGameMenuEnabled: true
16:02:53.092 [FXGL Background Thread 3 ] DEBUG Engine               - isIOS: false
16:02:53.092 [FXGL Background Thread 3 ] DEBUG Engine               - isIntroEnabled: false
16:02:53.092 [FXGL Background Thread 3 ] DEBUG Engine               - isLinux: false
16:02:53.092 [FXGL Background Thread 3 ] DEBUG Engine               - isMac: true
16:02:53.093 [FXGL Background Thread 3 ] DEBUG Engine               - isMainMenuEnabled: true
16:02:53.093 [FXGL Background Thread 3 ] DEBUG Engine               - isManualResizeEnabled: false
16:02:53.093 [FXGL Background Thread 3 ] DEBUG Engine               - isMobile: false
16:02:53.093 [FXGL Background Thread 3 ] DEBUG Engine               - isPreserveResizeRatio: false
16:02:53.093 [FXGL Background Thread 3 ] DEBUG Engine               - isProfilingEnabled: false
16:02:53.093 [FXGL Background Thread 3 ] DEBUG Engine               - isScaleAffectedOnResize: true
16:02:53.094 [FXGL Background Thread 3 ] DEBUG Engine               - isSingleStep: false
16:02:53.094 [FXGL Background Thread 3 ] DEBUG Engine               - isUserProfileEnabled: false
16:02:53.094 [FXGL Background Thread 3 ] DEBUG Engine               - isWindows: false
16:02:53.094 [FXGL Background Thread 3 ] DEBUG Engine               - language: ObjectProperty [value: ENGLISH]
16:02:53.094 [FXGL Background Thread 3 ] DEBUG Engine               - menuKey: ESCAPE
16:02:53.094 [FXGL Background Thread 3 ] DEBUG Engine               - notificationViewClass: class com.almasb.fxgl.notification.view.XboxNotificationView
16:02:53.094 [FXGL Background Thread 3 ] DEBUG Engine               - pixelsPerMeter: 50.0
16:02:53.095 [FXGL Background Thread 3 ] DEBUG Engine               - platform: MAC
16:02:53.095 [FXGL Background Thread 3 ] DEBUG Engine               - prefHeightProperty: ReadOnlyDoubleProperty [value: 700.0]
16:02:53.095 [FXGL Background Thread 3 ] DEBUG Engine               - prefWidthProperty: ReadOnlyDoubleProperty [value: 1050.0]
16:02:53.095 [FXGL Background Thread 3 ] DEBUG Engine               - profileDir: profiles/
16:02:53.095 [FXGL Background Thread 3 ] DEBUG Engine               - profileName: StringProperty [value: DEFAULT]
16:02:53.095 [FXGL Background Thread 3 ] DEBUG Engine               - randomSeed: -1
16:02:53.095 [FXGL Background Thread 3 ] DEBUG Engine               - runtimeInfo: RuntimeInfo(platform=MAC, version=11.14, build=01.03.2021 16.59)
16:02:53.095 [FXGL Background Thread 3 ] DEBUG Engine               - saveFileExt: sav
16:02:53.096 [FXGL Background Thread 3 ] DEBUG Engine               - scaledHeightProp$fxgl: DoubleProperty [bound, value: 700.0]
16:02:53.096 [FXGL Background Thread 3 ] DEBUG Engine               - scaledWidthProp$fxgl: DoubleProperty [bound, value: 1050.0]
16:02:53.096 [FXGL Background Thread 3 ] DEBUG Engine               - sceneFactory: NerdvsVirus.Game$1@3d833390
16:02:53.096 [FXGL Background Thread 3 ] DEBUG Engine               - secondsIn24h: 60
16:02:53.096 [FXGL Background Thread 3 ] DEBUG Engine               - soundMenuBack: menu/back.wav
16:02:53.096 [FXGL Background Thread 3 ] DEBUG Engine               - soundMenuPress: menu/press.wav
16:02:53.097 [FXGL Background Thread 3 ] DEBUG Engine               - soundMenuSelect: menu/select.wav
16:02:53.097 [FXGL Background Thread 3 ] DEBUG Engine               - soundNotification: core/notification.wav
16:02:53.097 [FXGL Background Thread 3 ] DEBUG Engine               - stageStyle: DECORATED
16:02:53.097 [FXGL Background Thread 3 ] DEBUG Engine               - supportedLanguages: [ENGLISH, FRENCH, GERMAN, HUNGARIAN, RUSSIAN]
16:02:53.097 [FXGL Background Thread 3 ] DEBUG Engine               - ticksPerSecond: -1
16:02:53.097 [FXGL Background Thread 3 ] DEBUG Engine               - title: Nerds VS Virus
16:02:53.097 [FXGL Background Thread 3 ] DEBUG Engine               - urlGithub: https://github.com/AlmasB/FXGL
16:02:53.098 [FXGL Background Thread 3 ] DEBUG Engine               - urlLeaderboard: http://fxgl-top.herokuapp.com/
16:02:53.098 [FXGL Background Thread 3 ] DEBUG Engine               - urlPOM: https://raw.githubusercontent.com/AlmasB/FXGL/release/README.md
16:02:53.098 [FXGL Background Thread 3 ] DEBUG Engine               - userAppClass: class NerdvsVirus.Game
16:02:53.098 [FXGL Background Thread 3 ] DEBUG Engine               - version: 0.0
16:02:53.098 [FXGL Background Thread 3 ] DEBUG Engine               - versionCheckDays: 7
16:02:53.099 [FXGL Background Thread 3 ] DEBUG Engine               - width: 1050
16:02:53.099 [FXGL Background Thread 3 ] DEBUG Engine               - Logging services
16:02:53.099 [FXGL Background Thread 3 ] DEBUG Engine               - class com.almasb.fxgl.app.services.FXGLAssetLoaderService
16:02:53.099 [FXGL Background Thread 3 ] DEBUG Engine               - class com.almasb.fxgl.app.FXGLApplication$GameApplicationService
16:02:53.100 [FXGL Background Thread 3 ] DEBUG Engine               - class com.almasb.fxgl.app.services.FXGLDialogService
16:02:53.100 [FXGL Background Thread 3 ] DEBUG Engine               - class com.almasb.fxgl.app.services.IOTaskExecutorService
16:02:53.100 [FXGL Background Thread 3 ] DEBUG Engine               - class com.almasb.fxgl.event.EventBusService
16:02:53.100 [FXGL Background Thread 3 ] DEBUG Engine               - class com.almasb.fxgl.io.FileSystemService
16:02:53.101 [FXGL Background Thread 3 ] DEBUG Engine               - class com.almasb.fxgl.localization.LocalizationService
16:02:53.101 [FXGL Background Thread 3 ] DEBUG Engine               - class com.almasb.fxgl.app.services.SystemBundleService
16:02:53.101 [FXGL Background Thread 3 ] DEBUG Engine               - class com.almasb.fxgl.profile.SaveLoadService
16:02:53.101 [FXGL Background Thread 3 ] DEBUG Engine               - class com.almasb.fxgl.ui.FXGLUIFactoryServiceProvider
16:02:53.101 [FXGL Background Thread 3 ] DEBUG Engine               - class com.almasb.fxgl.ui.FXGLDialogFactoryServiceProvider
16:02:53.101 [FXGL Background Thread 3 ] DEBUG Engine               - class com.almasb.fxgl.audio.AudioPlayer
16:02:53.102 [FXGL Background Thread 3 ] DEBUG Engine               - class com.almasb.fxgl.notification.impl.NotificationServiceProvider
16:02:53.102 [FXGL Background Thread 3 ] DEBUG Engine               - class com.almasb.fxgl.achievement.AchievementService
16:02:53.102 [FXGL Background Thread 3 ] DEBUG Engine               - class com.almasb.fxgl.cutscene.CutsceneService
16:02:53.102 [FXGL Background Thread 3 ] DEBUG Engine               - class com.almasb.fxgl.minigames.MiniGameService
16:02:53.103 [FXGL Background Thread 3 ] DEBUG Engine               - class com.almasb.fxgl.net.NetService
16:02:53.103 [FXGL Background Thread 3 ] DEBUG Engine               - class com.almasb.fxgl.app.services.UpdaterService
16:02:53.103 [FXGL Background Thread 3 ] DEBUG Engine               - class com.almasb.fxgl.dev.DevService
16:02:54.599 [JavaFX Application Thread] DEBUG FXGLApplication      - Exiting FXGL
16:02:54.600 [JavaFX Application Thread] DEBUG LoopRunner           - Stopping loop
16:02:54.600 [JavaFX Application Thread] DEBUG SystemBundleService  - Saving FXGL system data
16:02:54.606 [JavaFX Application Thread] DEBUG FileSystemAccess     - Writing to: /Users/chalitandunu/Desktop/the void/HS/Jaar 1/Periode 3/IPOSE/nerdsvsthevirus/system/fxgl.bundle
16:02:54.608 [JavaFX Application Thread] DEBUG Async                - Shutting down background threads
16:02:54.608 [JavaFX Application Thread] DEBUG PrimaryStageWindow   - Closing main window
16:02:54.619 [JavaFX Application Thread] DEBUG Logger               - Closing Logger
