09:56:44.916 [main                     ] DEBUG Logger               - Configured Logger
09:56:44.938 [main                     ] DEBUG GameApplication      - Logging settings
Title: Nerds VS Virus
Version: 0.0
Width: 1050
Height: 700
Fullscreen: false
Intro: false
Profiling: false
Single step:false
App Mode: DEVELOPER
Menu Key: ESCAPE
Stage Style: DECORATED
Scene Factory: class NerdvsVirus.Game$1

09:56:45.594 [JavaFX Application Thread] DEBUG FXGLApplication      - Initializing FXGL
09:56:45.597 [JavaFX Application Thread] INFO  Engine               - FXGL-11.14 (01.03.2021 16.59) on MAC (J:15.0.1 FX:15)
09:56:45.598 [JavaFX Application Thread] DEBUG Engine               - JRE Vendor Name: Oracle Corporation
09:56:45.599 [JavaFX Application Thread] DEBUG Engine               - Running on OS: Mac OS X version 10.16
09:56:45.600 [JavaFX Application Thread] DEBUG Engine               - Architecture: x86_64
09:56:45.601 [JavaFX Application Thread] INFO  Engine               - Source code and latest versions at: https://github.com/AlmasB/FXGL
09:56:45.601 [JavaFX Application Thread] INFO  Engine               -              Join the FXGL chat at: https://gitter.im/AlmasB/FXGL
09:56:45.833 [JavaFX Application Thread] DEBUG PrimaryStageWindow   - Creating a JavaFX scene
09:56:46.000 [JavaFX Application Thread] DEBUG PrimaryStageWindow   - Target settings size: 1050.0 x 700.0
09:56:46.001 [JavaFX Application Thread] DEBUG PrimaryStageWindow   - Scaled scene size:    1050.0 x 700.0
09:56:46.001 [JavaFX Application Thread] DEBUG PrimaryStageWindow   - Scaled ratio: (1.0, 1.0)
09:56:46.003 [JavaFX Application Thread] DEBUG PrimaryStageWindow   - Set initial scene to FXGLStartupScene
09:56:46.017 [JavaFX Application Thread] DEBUG PrimaryStageWindow   - Opening main window
09:56:46.203 [JavaFX Application Thread] DEBUG PrimaryStageWindow   - Window border size: (0.0, 28.0)
09:56:46.203 [JavaFX Application Thread] DEBUG PrimaryStageWindow   - Scaled size: 1050.0 x 700.0
09:56:46.203 [JavaFX Application Thread] DEBUG PrimaryStageWindow   - Scaled ratio: (1.0, 1.0)
09:56:46.204 [JavaFX Application Thread] DEBUG PrimaryStageWindow   - Scene size: 1050.0 x 700.0
09:56:46.204 [JavaFX Application Thread] DEBUG PrimaryStageWindow   - Stage size: 1050.0 x 728.0
09:56:46.232 [FXGL Background Thread 1 ] DEBUG Engine               - Initializing environment variables
09:56:46.301 [FXGL Background Thread 1 ] DEBUG FXGLAssetLoaderServi - User app class for loading assets: class NerdvsVirus.Game
09:56:46.302 [FXGL Background Thread 1 ] DEBUG GameApplicationServi - Applying CSS: fxgl_dark.css
09:56:46.304 [FXGL Background Thread 1 ] DEBUG FXGLAssetLoaderServi - Loading from file system: jar:file:/Users/chalitandunu/.m2/repository/com/github/almasb/fxgl/11.14/fxgl-11.14.jar!/fxglassets/ui/css/fxgl_dark.css
09:56:46.589 [FXGL Background Thread 1 ] DEBUG GameApplicationServi - Initializing application scenes
09:56:47.514 [FXGL Background Thread 1 ] DEBUG GameWorld            - Game world initialized
09:56:47.594 [FXGL Background Thread 1 ] DEBUG PhysicsWorld         - Physics world initialized: appHeight=700, physics.ppm=50.0
09:56:47.595 [FXGL Background Thread 1 ] DEBUG PhysicsWorld         - Using strategy: BRUTE_FORCE
09:56:47.598 [FXGL Background Thread 1 ] DEBUG GameScene            - Game scene initialized: 1050x700
09:56:47.809 [FXGL Background Thread 1 ] DEBUG FXGLAssetLoaderServi - Loading from file system: jar:file:/Users/chalitandunu/.m2/repository/com/github/almasb/fxgl/11.14/fxgl-11.14.jar!/fxglassets/textures/particles/trace_horizontal.png
09:56:47.879 [FXGL Background Thread 1 ] DEBUG FXGL.DefaultMenu     - createMenuBodyGameMenu()
09:56:47.902 [FXGL Background Thread 1 ] DEBUG FXGL.DefaultMenu     - createOptionsMenu()
09:56:47.908 [FXGL Background Thread 1 ] DEBUG FXGLAssetLoaderServi - Loading from file system: jar:file:/Users/chalitandunu/.m2/repository/com/github/almasb/fxgl/11.14/fxgl-11.14.jar!/fxglassets/textures/particles/smoke.png
09:56:47.970 [FXGL Background Thread 1 ] DEBUG GameApplicationServi - Application scenes initialized
09:56:47.982 [FXGL Background Thread 1 ] DEBUG SystemBundleService  - Loading FXGL system data
09:56:47.988 [FXGL Background Thread 1 ] DEBUG FileSystemAccess     - Reading from: /Users/chalitandunu/Desktop/the void/HS/Jaar 1/Periode 3/IPOSE/nerdsvsthevirus/system/fxgl.bundle
09:56:47.997 [FXGL Background Thread 1 ] DEBUG SystemBundleService  - Bundle FXGL: {}
09:56:47.998 [FXGL Background Thread 1 ] DEBUG UpdaterService       - Checking for updates
09:56:48.006 [FXGL Background Thread 1 ] DEBUG FXGLApplication      - Loading default localization
09:56:48.007 [FXGL Background Thread 4 ] DEBUG FXGLApplication      - Loading fonts
09:56:48.008 [FXGL Background Thread 4 ] DEBUG FXGLAssetLoaderServi - Loading from file system: jar:file:/Users/chalitandunu/.m2/repository/com/github/almasb/fxgl/11.14/fxgl-11.14.jar!/fxglassets/ui/fonts/VarelaRound-Regular.ttf
09:56:48.007 [FXGL Background Thread 1 ] DEBUG FXGLAssetLoaderServi - Loading from file system: jar:file:/Users/chalitandunu/.m2/repository/com/github/almasb/fxgl/11.14/fxgl-11.14.jar!/fxglassets/languages/english.lang
09:56:48.020 [FXGL Background Thread 4 ] DEBUG FXGLAssetLoaderServi - Loading from file system: jar:file:/Users/chalitandunu/.m2/repository/com/github/almasb/fxgl/11.14/fxgl-11.14.jar!/fxglassets/ui/fonts/Abel-Regular.ttf
09:56:48.029 [FXGL Background Thread 4 ] DEBUG FXGLAssetLoaderServi - Loading from file system: jar:file:/Users/chalitandunu/.m2/repository/com/github/almasb/fxgl/11.14/fxgl-11.14.jar!/fxglassets/ui/fonts/lucida_console.ttf
09:56:48.038 [FXGL Background Thread 4 ] DEBUG FXGLAssetLoaderServi - Loading from file system: jar:file:/Users/chalitandunu/.m2/repository/com/github/almasb/fxgl/11.14/fxgl-11.14.jar!/fxglassets/ui/fonts/Courier-Prime.ttf
09:56:48.045 [JavaFX Application Thread] DEBUG FXGLApplication      - Registering font factories with UI factory
09:56:48.062 [FXGL Background Thread 1 ] INFO  FXGLApplication      - FXGL initialization took: 1.829 sec
09:56:48.073 [JavaFX Application Thread] DEBUG Input                - Registered new binding: Left - A
09:56:48.074 [JavaFX Application Thread] DEBUG Input                - Registered new binding: Right - D
09:56:48.074 [JavaFX Application Thread] DEBUG Input                - Registered new binding: Jump - W
09:56:48.074 [JavaFX Application Thread] DEBUG FXGLAssetLoaderServi - Loading from file system: file:/Users/chalitandunu/Desktop/the%20void/HS/Jaar%201/Periode%203/IPOSE/nerdsvsthevirus/target/classes/assets/music/background.wav
09:56:48.378 [JavaFX Application Thread] DEBUG AudioPlayer          - Playing music com.almasb.fxgl.audio.Music@1e900cc1
09:56:48.379 [JavaFX Application Thread] DEBUG FXGLAssetLoaderServi - Loading from file system: jar:file:/Users/chalitandunu/.m2/repository/com/github/almasb/fxgl/11.14/fxgl-11.14.jar!/fxglassets/textures/fxgl_icon.png
09:56:48.410 [JavaFX Application Thread] DEBUG FXGLAssetLoaderServi - Loading from file system: jar:file:/Users/chalitandunu/.m2/repository/com/github/almasb/fxgl/11.14/fxgl-11.14.jar!/fxglassets/ui/cursors/fxgl_default.png
09:56:48.412 [JavaFX Application Thread] DEBUG Input                - Registered new binding: Screenshot - P
09:56:48.412 [JavaFX Application Thread] DEBUG Input                - Registered new binding: System info dump - CTRL+9
09:56:48.413 [JavaFX Application Thread] DEBUG Input                - Registered new binding: Restart - CTRL+R
09:56:48.414 [JavaFX Application Thread] DEBUG Input                - Registered new binding: Toggle Debug Camera - CTRL+C
09:56:48.417 [JavaFX Application Thread] DEBUG LoopRunner           - Starting loop
09:56:48.417 [JavaFX Application Thread] DEBUG LoopRunner           - Initializing JavaFX AnimationTimerLoop
09:56:48.425 [JavaFX Application Thread] DEBUG Input                - Clearing active input actions
09:56:48.435 [JavaFX Application Thread] DEBUG GameApplicationServi - Removing overlay from FXGLStartupScene and adding to FXGLMainMenuDummyScene
09:56:48.436 [JavaFX Application Thread] DEBUG PrimaryStageWindow   - FXGLStartupScene -> FXGLMainMenuDummyScene
09:56:48.436 [JavaFX Application Thread] DEBUG PrimaryStageWindow   - Push state: MainMenu
09:56:48.436 [JavaFX Application Thread] DEBUG Input                - Clearing active input actions
09:56:48.788 [JavaFX Application Thread] DEBUG GameApplicationServi - Removing overlay from FXGLMainMenuDummyScene and adding to MainMenu
09:56:48.789 [JavaFX Application Thread] DEBUG PrimaryStageWindow   - FXGLMainMenuDummyScene -> MainMenu
09:56:51.007 [FXGL Background Thread 3 ] DEBUG Engine               - Logging environment variables
09:56:51.008 [FXGL Background Thread 3 ] DEBUG Engine               - achievements: []
09:56:51.009 [FXGL Background Thread 3 ] DEBUG Engine               - actualHeight: 700.0
09:56:51.009 [FXGL Background Thread 3 ] DEBUG Engine               - actualHeightProperty: ReadOnlyDoubleProperty [value: 700.0]
09:56:51.010 [FXGL Background Thread 3 ] DEBUG Engine               - actualWidth: 1050.0
09:56:51.010 [FXGL Background Thread 3 ] DEBUG Engine               - actualWidthProperty: ReadOnlyDoubleProperty [value: 1050.0]
09:56:51.010 [FXGL Background Thread 3 ] DEBUG Engine               - appIcon: fxgl_icon.png
09:56:51.010 [FXGL Background Thread 3 ] DEBUG Engine               - applicationMode: DEVELOPER
09:56:51.011 [FXGL Background Thread 3 ] DEBUG Engine               - cSSList: [fxgl_dark.css]
09:56:51.011 [FXGL Background Thread 3 ] DEBUG Engine               - collisionDetectionStrategy: BRUTE_FORCE
09:56:51.012 [FXGL Background Thread 3 ] DEBUG Engine               - configClass: Optional.empty
09:56:51.012 [FXGL Background Thread 3 ] DEBUG Engine               - credits: []
09:56:51.013 [FXGL Background Thread 3 ] DEBUG Engine               - devBBoxColorProperty: ObjectProperty [value: 0xff0000ff]
09:56:51.015 [FXGL Background Thread 3 ] DEBUG Engine               - devEnableDebugCameraProperty: BooleanProperty [value: false]
09:56:51.017 [FXGL Background Thread 3 ] DEBUG Engine               - devSensorColorProperty: ObjectProperty [value: 0xffff00ff]
09:56:51.018 [FXGL Background Thread 3 ] DEBUG Engine               - devShowBBoxProperty: BooleanProperty [value: false]
09:56:51.018 [FXGL Background Thread 3 ] DEBUG Engine               - devShowPositionProperty: BooleanProperty [value: false]
09:56:51.019 [FXGL Background Thread 3 ] DEBUG Engine               - enabledMenuItems: []
09:56:51.019 [FXGL Background Thread 3 ] DEBUG Engine               - engineServices: [class com.almasb.fxgl.app.services.FXGLAssetLoaderService, class com.almasb.fxgl.app.FXGLApplication$GameApplicationService, class com.almasb.fxgl.app.services.FXGLDialogService, class com.almasb.fxgl.app.services.IOTaskExecutorService, class com.almasb.fxgl.event.EventBusService, class com.almasb.fxgl.io.FileSystemService, class com.almasb.fxgl.localization.LocalizationService, class com.almasb.fxgl.app.services.SystemBundleService, class com.almasb.fxgl.profile.SaveLoadService, class com.almasb.fxgl.ui.FXGLUIFactoryServiceProvider, class com.almasb.fxgl.ui.FXGLDialogFactoryServiceProvider, class com.almasb.fxgl.audio.AudioPlayer, class com.almasb.fxgl.notification.impl.NotificationServiceProvider, class com.almasb.fxgl.achievement.AchievementService, class com.almasb.fxgl.cutscene.CutsceneService, class com.almasb.fxgl.minigames.MiniGameService, class com.almasb.fxgl.net.NetService, class com.almasb.fxgl.app.services.UpdaterService, class com.almasb.fxgl.dev.DevService]
09:56:51.019 [FXGL Background Thread 3 ] DEBUG Engine               - fontGame: Abel-Regular.ttf
09:56:51.020 [FXGL Background Thread 3 ] DEBUG Engine               - fontMono: lucida_console.ttf
09:56:51.020 [FXGL Background Thread 3 ] DEBUG Engine               - fontText: Courier-Prime.ttf
09:56:51.020 [FXGL Background Thread 3 ] DEBUG Engine               - fontUI: VarelaRound-Regular.ttf
09:56:51.021 [FXGL Background Thread 3 ] DEBUG Engine               - fullScreen: BooleanProperty [value: false]
09:56:51.021 [FXGL Background Thread 3 ] DEBUG Engine               - gameDifficulty: MEDIUM
09:56:51.022 [FXGL Background Thread 3 ] DEBUG Engine               - gameDifficultyProperty: ObjectProperty [value: MEDIUM]
09:56:51.022 [FXGL Background Thread 3 ] DEBUG Engine               - globalMusicVolume: 0.5
09:56:51.023 [FXGL Background Thread 3 ] DEBUG Engine               - globalMusicVolumeProperty: DoubleProperty [value: 0.1]
09:56:51.023 [FXGL Background Thread 3 ] DEBUG Engine               - globalSoundVolume: 0.5
09:56:51.025 [FXGL Background Thread 3 ] DEBUG Engine               - globalSoundVolumeProperty: DoubleProperty [value: 0.5]
09:56:51.025 [FXGL Background Thread 3 ] DEBUG Engine               - height: 700
09:56:51.025 [FXGL Background Thread 3 ] DEBUG Engine               - isAndroid: false
09:56:51.026 [FXGL Background Thread 3 ] DEBUG Engine               - isBrowser: false
09:56:51.026 [FXGL Background Thread 3 ] DEBUG Engine               - isClickFeedbackEnabled: false
09:56:51.026 [FXGL Background Thread 3 ] DEBUG Engine               - isCloseConfirmation: false
09:56:51.026 [FXGL Background Thread 3 ] DEBUG Engine               - isDesktop: true
09:56:51.027 [FXGL Background Thread 3 ] DEBUG Engine               - isDeveloperMenuEnabled: false
09:56:51.027 [FXGL Background Thread 3 ] DEBUG Engine               - isEntityPreloadEnabled: true
09:56:51.027 [FXGL Background Thread 3 ] DEBUG Engine               - isExperimental3D: false
09:56:51.028 [FXGL Background Thread 3 ] DEBUG Engine               - isExperimentalNative: false
09:56:51.028 [FXGL Background Thread 3 ] DEBUG Engine               - isExperimentalTiledLargeMap: false
09:56:51.028 [FXGL Background Thread 3 ] DEBUG Engine               - isFileSystemWriteAllowed: true
09:56:51.028 [FXGL Background Thread 3 ] DEBUG Engine               - isFullScreenAllowed: false
09:56:51.029 [FXGL Background Thread 3 ] DEBUG Engine               - isFullScreenFromStart: false
09:56:51.029 [FXGL Background Thread 3 ] DEBUG Engine               - isGameMenuEnabled: true
09:56:51.030 [FXGL Background Thread 3 ] DEBUG Engine               - isIOS: false
09:56:51.030 [FXGL Background Thread 3 ] DEBUG Engine               - isIntroEnabled: false
09:56:51.030 [FXGL Background Thread 3 ] DEBUG Engine               - isLinux: false
09:56:51.031 [FXGL Background Thread 3 ] DEBUG Engine               - isMac: true
09:56:51.032 [FXGL Background Thread 3 ] DEBUG Engine               - isMainMenuEnabled: true
09:56:51.033 [FXGL Background Thread 3 ] DEBUG Engine               - isManualResizeEnabled: false
09:56:51.034 [FXGL Background Thread 3 ] DEBUG Engine               - isMobile: false
09:56:51.034 [FXGL Background Thread 3 ] DEBUG Engine               - isPreserveResizeRatio: false
09:56:51.034 [FXGL Background Thread 3 ] DEBUG Engine               - isProfilingEnabled: false
09:56:51.034 [FXGL Background Thread 3 ] DEBUG Engine               - isScaleAffectedOnResize: true
09:56:51.035 [FXGL Background Thread 3 ] DEBUG Engine               - isSingleStep: false
09:56:51.035 [FXGL Background Thread 3 ] DEBUG Engine               - isUserProfileEnabled: false
09:56:51.036 [FXGL Background Thread 3 ] DEBUG Engine               - isWindows: false
09:56:51.036 [FXGL Background Thread 3 ] DEBUG Engine               - language: ObjectProperty [value: ENGLISH]
09:56:51.037 [FXGL Background Thread 3 ] DEBUG Engine               - menuKey: ESCAPE
09:56:51.037 [FXGL Background Thread 3 ] DEBUG Engine               - notificationViewClass: class com.almasb.fxgl.notification.view.XboxNotificationView
09:56:51.037 [FXGL Background Thread 3 ] DEBUG Engine               - pixelsPerMeter: 50.0
09:56:51.038 [FXGL Background Thread 3 ] DEBUG Engine               - platform: MAC
09:56:51.038 [FXGL Background Thread 3 ] DEBUG Engine               - prefHeightProperty: ReadOnlyDoubleProperty [value: 700.0]
09:56:51.038 [FXGL Background Thread 3 ] DEBUG Engine               - prefWidthProperty: ReadOnlyDoubleProperty [value: 1050.0]
09:56:51.038 [FXGL Background Thread 3 ] DEBUG Engine               - profileDir: profiles/
09:56:51.038 [FXGL Background Thread 3 ] DEBUG Engine               - profileName: StringProperty [value: DEFAULT]
09:56:51.039 [FXGL Background Thread 3 ] DEBUG Engine               - randomSeed: -1
09:56:51.039 [FXGL Background Thread 3 ] DEBUG Engine               - runtimeInfo: RuntimeInfo(platform=MAC, version=11.14, build=01.03.2021 16.59)
09:56:51.039 [FXGL Background Thread 3 ] DEBUG Engine               - saveFileExt: sav
09:56:51.039 [FXGL Background Thread 3 ] DEBUG Engine               - scaledHeightProp$fxgl: DoubleProperty [bound, value: 700.0]
09:56:51.040 [FXGL Background Thread 3 ] DEBUG Engine               - scaledWidthProp$fxgl: DoubleProperty [bound, value: 1050.0]
09:56:51.040 [FXGL Background Thread 3 ] DEBUG Engine               - sceneFactory: NerdvsVirus.Game$1@15658af7
09:56:51.040 [FXGL Background Thread 3 ] DEBUG Engine               - secondsIn24h: 60
09:56:51.040 [FXGL Background Thread 3 ] DEBUG Engine               - soundMenuBack: menu/back.wav
09:56:51.040 [FXGL Background Thread 3 ] DEBUG Engine               - soundMenuPress: menu/press.wav
09:56:51.041 [FXGL Background Thread 3 ] DEBUG Engine               - soundMenuSelect: menu/select.wav
09:56:51.041 [FXGL Background Thread 3 ] DEBUG Engine               - soundNotification: core/notification.wav
09:56:51.041 [FXGL Background Thread 3 ] DEBUG Engine               - stageStyle: DECORATED
09:56:51.041 [FXGL Background Thread 3 ] DEBUG Engine               - supportedLanguages: [ENGLISH, FRENCH, GERMAN, HUNGARIAN, RUSSIAN]
09:56:51.041 [FXGL Background Thread 3 ] DEBUG Engine               - ticksPerSecond: -1
09:56:51.041 [FXGL Background Thread 3 ] DEBUG Engine               - title: Nerds VS Virus
09:56:51.042 [FXGL Background Thread 3 ] DEBUG Engine               - urlGithub: https://github.com/AlmasB/FXGL
09:56:51.042 [FXGL Background Thread 3 ] DEBUG Engine               - urlLeaderboard: http://fxgl-top.herokuapp.com/
09:56:51.042 [FXGL Background Thread 3 ] DEBUG Engine               - urlPOM: https://raw.githubusercontent.com/AlmasB/FXGL/release/README.md
09:56:51.042 [FXGL Background Thread 3 ] DEBUG Engine               - userAppClass: class NerdvsVirus.Game
09:56:51.042 [FXGL Background Thread 3 ] DEBUG Engine               - version: 0.0
09:56:51.042 [FXGL Background Thread 3 ] DEBUG Engine               - versionCheckDays: 7
09:56:51.042 [FXGL Background Thread 3 ] DEBUG Engine               - width: 1050
09:56:51.043 [FXGL Background Thread 3 ] DEBUG Engine               - Logging services
09:56:51.043 [FXGL Background Thread 3 ] DEBUG Engine               - class com.almasb.fxgl.app.services.FXGLAssetLoaderService
09:56:51.043 [FXGL Background Thread 3 ] DEBUG Engine               - class com.almasb.fxgl.app.FXGLApplication$GameApplicationService
09:56:51.044 [FXGL Background Thread 3 ] DEBUG Engine               - class com.almasb.fxgl.app.services.FXGLDialogService
09:56:51.044 [FXGL Background Thread 3 ] DEBUG Engine               - class com.almasb.fxgl.app.services.IOTaskExecutorService
09:56:51.044 [FXGL Background Thread 3 ] DEBUG Engine               - class com.almasb.fxgl.event.EventBusService
09:56:51.044 [FXGL Background Thread 3 ] DEBUG Engine               - class com.almasb.fxgl.io.FileSystemService
09:56:51.044 [FXGL Background Thread 3 ] DEBUG Engine               - class com.almasb.fxgl.localization.LocalizationService
09:56:51.045 [FXGL Background Thread 3 ] DEBUG Engine               - class com.almasb.fxgl.app.services.SystemBundleService
09:56:51.045 [FXGL Background Thread 3 ] DEBUG Engine               - class com.almasb.fxgl.profile.SaveLoadService
09:56:51.045 [FXGL Background Thread 3 ] DEBUG Engine               - class com.almasb.fxgl.ui.FXGLUIFactoryServiceProvider
09:56:51.045 [FXGL Background Thread 3 ] DEBUG Engine               - class com.almasb.fxgl.ui.FXGLDialogFactoryServiceProvider
09:56:51.045 [FXGL Background Thread 3 ] DEBUG Engine               - class com.almasb.fxgl.audio.AudioPlayer
09:56:51.045 [FXGL Background Thread 3 ] DEBUG Engine               - class com.almasb.fxgl.notification.impl.NotificationServiceProvider
09:56:51.046 [FXGL Background Thread 3 ] DEBUG Engine               - class com.almasb.fxgl.achievement.AchievementService
09:56:51.046 [FXGL Background Thread 3 ] DEBUG Engine               - class com.almasb.fxgl.cutscene.CutsceneService
09:56:51.046 [FXGL Background Thread 3 ] DEBUG Engine               - class com.almasb.fxgl.minigames.MiniGameService
09:56:51.047 [FXGL Background Thread 3 ] DEBUG Engine               - class com.almasb.fxgl.net.NetService
09:56:51.047 [FXGL Background Thread 3 ] DEBUG Engine               - class com.almasb.fxgl.app.services.UpdaterService
09:56:51.047 [FXGL Background Thread 3 ] DEBUG Engine               - class com.almasb.fxgl.dev.DevService
09:56:53.445 [JavaFX Application Thread] DEBUG Menu                 - fireNewGame()
09:56:53.445 [JavaFX Application Thread] DEBUG GameApplicationServi - Starting new game
09:56:53.446 [JavaFX Application Thread] DEBUG PrimaryStageWindow   - Pop state: MainMenu
09:56:53.447 [JavaFX Application Thread] DEBUG Input                - Clearing active input actions
09:56:53.448 [JavaFX Application Thread] DEBUG GameApplicationServi - Removing overlay from MainMenu and adding to FXGLMainMenuDummyScene
09:56:53.449 [JavaFX Application Thread] DEBUG PrimaryStageWindow   - FXGLMainMenuDummyScene <- MainMenu
09:56:53.450 [JavaFX Application Thread] DEBUG Input                - Clearing active input actions
09:56:53.458 [JavaFX Application Thread] DEBUG GameApplicationServi - Removing overlay from FXGLMainMenuDummyScene and adding to FXGLLoadingScene
09:56:53.459 [JavaFX Application Thread] DEBUG PrimaryStageWindow   - FXGLMainMenuDummyScene -> FXGLLoadingScene
09:56:53.459 [JavaFX Application Thread] DEBUG GameApplicationServi - Clearing previous game
09:56:53.459 [JavaFX Application Thread] DEBUG GameScene            - Clearing game scene
09:56:53.460 [JavaFX Application Thread] DEBUG GameWorld            - Clearing game world
09:56:53.460 [JavaFX Application Thread] DEBUG PhysicsWorld         - Clearing physics world
09:56:53.462 [FXGL Background Thread 2 ] DEBUG FXGLApplication      - Initializing game
09:56:53.497 [FXGL Background Thread 2 ] DEBUG FXGLAssetLoaderServi - Loading from file system: file:/Users/chalitandunu/Desktop/the%20void/HS/Jaar%201/Periode%203/IPOSE/nerdsvsthevirus/target/classes/assets/textures/bg1.jpg
09:56:53.604 [FXGL Background Thread 2 ] WARN  TMXLevelLoader       - TiledMap generated from 1.5.0. Supported version: 1.2.3. Some features may not be parsed fully.
09:56:53.619 [FXGL Background Thread 2 ] DEBUG TMXLevelLoader       - Parsed raw map: TiledMap(width=30, height=10, tilewidth=70, tileheight=70, orientation=orthogonal, layers=[Layer(width=30, height=10, name=Bottom, type=tilelayer, visible=false, x=0, y=0, data=[0, 0, 0, 0, 0, 0, 0, 0, 0, 0, 0, 0, 0, 0, 0, 0, 0, 0, 0, 0, 0, 0, 0, 0, 0, 0, 0, 0, 0, 0, 0, 0, 0, 0, 0, 0, 0, 0, 0, 0, 0, 0, 0, 0, 0, 0, 0, 0, 0, 0, 0, 0, 0, 0, 0, 0, 0, 0, 0, 0, 0, 0, 0, 0, 0, 0, 0, 0, 0, 0, 0, 0, 0, 0, 0, 0, 0, 0, 0, 0, 0, 0, 0, 0, 0, 0, 0, 0, 0, 0, 0, 0, 0, 0, 0, 0, 0, 0, 0, 0, 0, 0, 0, 0, 0, 0, 0, 0, 0, 0, 0, 0, 0, 0, 0, 0, 0, 0, 0, 0, 0, 0, 0, 0, 0, 0, 0, 0, 0, 0, 0, 0, 0, 0, 0, 0, 0, 0, 0, 0, 0, 0, 0, 0, 0, 0, 0, 0, 0, 0, 0, 0, 0, 0, 0, 0, 0, 0, 0, 0, 0, 206, 205, 206, 0, 0, 0, 0, 0, 0, 0, 0, 0, 0, 0, 0, 0, 0, 0, 0, 0, 0, 0, 0, 0, 0, 0, 205, 206, 207, 0, 0, 0, 0, 0, 0, 0, 0, 0, 0, 0, 0, 0, 0, 0, 0, 0, 0, 0, 0, 0, 0, 0, 0, 206, 205, 0, 0, 0, 0, 0, 0, 0, 0, 0, 0, 0, 0, 0, 0, 0, 0, 0, 0, 0, 0, 0, 0, 0, 0, 0, 263, 0, 203, 0, 0, 0, 0, 0, 0, 0, 243, 244, 245, 0, 0, 0, 0, 0, 0, 0, 0, 0, 0, 0, 0, 0, 0, 0, 0, 185, 185, 185, 185, 185, 185, 185, 185, 185, 185, 185, 185, 185, 185, 185, 185, 0, 0, 185, 185, 185, 0, 0, 185, 185, 185, 185, 185, 185, 185], objects=[], opacity=0.0, draworder=), Layer(width=30, height=10, name=overlay, type=tilelayer, visible=false, x=0, y=0, data=[213, 185, 185, 185, 185, 185, 185, 185, 185, 185, 185, 227, 185, 185, 185, 185, 213, 0, 0, 0, 0, 0, 0, 0, 0, 0, 0, 0, 0, 0, 0, 0, 0, 0, 0, 0, 0, 0, 0, 0, 0, 241, 0, 0, 0, 0, 0, 0, 0, 0, 0, 0, 0, 0, 0, 0, 0, 0, 0, 0, 0, 0, 0, 0, 0, 0, 0, 0, 0, 0, 0, 255, 0, 0, 0, 0, 0, 0, 0, 0, 0, 0, 0, 0, 0, 0, 0, 0, 0, 0, 0, 0, 0, 0, 0, 0, 0, 0, 0, 0, 0, 0, 0, 0, 0, 0, 0, 0, 0, 0, 0, 0, 0, 0, 0, 0, 0, 0, 0, 0, 0, 0, 0, 0, 0, 0, 0, 0, 0, 0, 0, 0, 0, 0, 0, 0, 0, 0, 0, 0, 0, 0, 0, 0, 0, 0, 0, 0, 0, 0, 0, 0, 0, 0, 0, 0, 0, 0, 0, 0, 0, 215, 216, 217, 0, 0, 0, 0, 0, 0, 0, 0, 0, 0, 0, 0, 0, 0, 0, 0, 0, 0, 0, 0, 0, 0, 0, 0, 0, 0, 0, 0, 0, 0, 0, 0, 0, 0, 0, 0, 0, 0, 0, 0, 0, 0, 0, 0, 0, 0, 0, 0, 0, 189, 0, 0, 0, 0, 0, 0, 0, 0, 0, 226, 0, 0, 0, 0, 0, 0, 0, 0, 0, 0, 0, 0, 0, 0, 46, 0, 0, 0, 0, 0, 0, 0, 0, 0, 0, 0, 0, 0, 0, 0, 0, 0, 0, 0, 0, 0, 0, 0, 0, 0, 0, 0, 226, 0, 58, 0, 0, 0, 0, 0, 0, 0, 0, 0, 0, 0, 0, 0, 0, 0, 0, 0, 224, 224, 0, 0, 0, 224, 224, 0, 0, 0, 0, 0, 0, 0], objects=[], opacity=0.0, draworder=), Layer(width=0, height=0, name=Objectlaag 1, type=objectgroup, visible=false, x=0, y=0, data=[], objects=[com.almasb.fxgl.entity.level.tiled.TiledObject@21cdad3b, com.almasb.fxgl.entity.level.tiled.TiledObject@b4a6698, com.almasb.fxgl.entity.level.tiled.TiledObject@7b7b5f7c, com.almasb.fxgl.entity.level.tiled.TiledObject@7818a0a9, com.almasb.fxgl.entity.level.tiled.TiledObject@34f06ee4, com.almasb.fxgl.entity.level.tiled.TiledObject@6cd6a044, com.almasb.fxgl.entity.level.tiled.TiledObject@4d77821d, com.almasb.fxgl.entity.level.tiled.TiledObject@70576ef2, com.almasb.fxgl.entity.level.tiled.TiledObject@47e7b952, com.almasb.fxgl.entity.level.tiled.TiledObject@1e6af56a, com.almasb.fxgl.entity.level.tiled.TiledObject@6f7cebd0, com.almasb.fxgl.entity.level.tiled.TiledObject@24172833, com.almasb.fxgl.entity.level.tiled.TiledObject@5ec038ca, com.almasb.fxgl.entity.level.tiled.TiledObject@17c857dd, com.almasb.fxgl.entity.level.tiled.TiledObject@1fe20c9f, com.almasb.fxgl.entity.level.tiled.TiledObject@2a9f9e0, com.almasb.fxgl.entity.level.tiled.TiledObject@5df08717, com.almasb.fxgl.entity.level.tiled.TiledObject@85355cb, com.almasb.fxgl.entity.level.tiled.TiledObject@75a26aa, com.almasb.fxgl.entity.level.tiled.TiledObject@4af1a958], opacity=0.0, draworder=)], tilesets=[Tileset(firstgid=1, image=../../../../../../../Eigen test/src/main/resources/assets/levels/tiles_spritesheet.png, name=tiles_spritesheet, tilewidth=70, tileheight=70, imagewidth=914, imageheight=936, margin=0, spacing=2, columns=12, tilecount=156, transparentcolor=, tiles=[]), Tileset(firstgid=157, image=../../../../../../../Eigen test/src/main/resources/assets/levels/platformerPack_industrial_tilesheet.png, name=_industrial, tilewidth=70, tileheight=70, imagewidth=980, imageheight=560, margin=0, spacing=0, columns=14, tilecount=112, transparentcolor=, tiles=[])], backgroundcolor=, renderorder=right-down, nextobjectid=29, version=1, tiledversion=1.5.0, type=map, infinite=false, hexsidelength=0, staggeraxis=, staggerindex=, properties={}, propertytypes={})
09:56:53.621 [FXGL Background Thread 2 ] DEBUG TMXLevelLoader       - Creating tile layer entities
09:56:53.622 [FXGL Background Thread 2 ] DEBUG TilesetLoader        - Loading view for layer Bottom
09:56:53.627 [FXGL Background Thread 2 ] DEBUG TilesetLoader        - Created buffer with size 2100.0x700.0
09:56:53.651 [FXGL Background Thread 2 ] DEBUG TilesetLoader        - Writing to buffer: dst=770,350, w=70,h=70, src=490,210
09:56:53.652 [FXGL Background Thread 2 ] DEBUG TilesetLoader        - Writing to buffer: dst=840,350, w=70,h=70, src=420,210
09:56:53.652 [FXGL Background Thread 2 ] DEBUG TilesetLoader        - Writing to buffer: dst=910,350, w=70,h=70, src=490,210
09:56:53.652 [FXGL Background Thread 2 ] DEBUG TilesetLoader        - Writing to buffer: dst=490,420, w=70,h=70, src=420,210
09:56:53.652 [FXGL Background Thread 2 ] DEBUG TilesetLoader        - Writing to buffer: dst=560,420, w=70,h=70, src=490,210
09:56:53.652 [FXGL Background Thread 2 ] DEBUG TilesetLoader        - Writing to buffer: dst=630,420, w=70,h=70, src=560,210
09:56:53.652 [FXGL Background Thread 2 ] DEBUG TilesetLoader        - Writing to buffer: dst=280,490, w=70,h=70, src=490,210
09:56:53.653 [FXGL Background Thread 2 ] DEBUG TilesetLoader        - Writing to buffer: dst=350,490, w=70,h=70, src=420,210
09:56:53.653 [FXGL Background Thread 2 ] DEBUG TilesetLoader        - Writing to buffer: dst=70,560, w=70,h=70, src=560,490
09:56:53.653 [FXGL Background Thread 2 ] DEBUG TilesetLoader        - Writing to buffer: dst=210,560, w=70,h=70, src=280,210
09:56:53.653 [FXGL Background Thread 2 ] DEBUG TilesetLoader        - Writing to buffer: dst=770,560, w=70,h=70, src=140,420
09:56:53.653 [FXGL Background Thread 2 ] DEBUG TilesetLoader        - Writing to buffer: dst=840,560, w=70,h=70, src=210,420
09:56:53.654 [FXGL Background Thread 2 ] DEBUG TilesetLoader        - Writing to buffer: dst=910,560, w=70,h=70, src=280,420
09:56:53.654 [FXGL Background Thread 2 ] DEBUG TilesetLoader        - Writing to buffer: dst=0,630, w=70,h=70, src=0,140
09:56:53.654 [FXGL Background Thread 2 ] DEBUG TilesetLoader        - Writing to buffer: dst=70,630, w=70,h=70, src=0,140
09:56:53.654 [FXGL Background Thread 2 ] DEBUG TilesetLoader        - Writing to buffer: dst=140,630, w=70,h=70, src=0,140
09:56:53.655 [FXGL Background Thread 2 ] DEBUG TilesetLoader        - Writing to buffer: dst=210,630, w=70,h=70, src=0,140
09:56:53.655 [FXGL Background Thread 2 ] DEBUG TilesetLoader        - Writing to buffer: dst=280,630, w=70,h=70, src=0,140
09:56:53.655 [FXGL Background Thread 2 ] DEBUG TilesetLoader        - Writing to buffer: dst=350,630, w=70,h=70, src=0,140
09:56:53.655 [FXGL Background Thread 2 ] DEBUG TilesetLoader        - Writing to buffer: dst=420,630, w=70,h=70, src=0,140
09:56:53.655 [FXGL Background Thread 2 ] DEBUG TilesetLoader        - Writing to buffer: dst=490,630, w=70,h=70, src=0,140
09:56:53.655 [FXGL Background Thread 2 ] DEBUG TilesetLoader        - Writing to buffer: dst=560,630, w=70,h=70, src=0,140
09:56:53.656 [FXGL Background Thread 2 ] DEBUG TilesetLoader        - Writing to buffer: dst=630,630, w=70,h=70, src=0,140
09:56:53.656 [FXGL Background Thread 2 ] DEBUG TilesetLoader        - Writing to buffer: dst=700,630, w=70,h=70, src=0,140
09:56:53.656 [FXGL Background Thread 2 ] DEBUG TilesetLoader        - Writing to buffer: dst=770,630, w=70,h=70, src=0,140
09:56:53.657 [FXGL Background Thread 2 ] DEBUG TilesetLoader        - Writing to buffer: dst=840,630, w=70,h=70, src=0,140
09:56:53.657 [FXGL Background Thread 2 ] DEBUG TilesetLoader        - Writing to buffer: dst=910,630, w=70,h=70, src=0,140
09:56:53.657 [FXGL Background Thread 2 ] DEBUG TilesetLoader        - Writing to buffer: dst=980,630, w=70,h=70, src=0,140
09:56:53.657 [FXGL Background Thread 2 ] DEBUG TilesetLoader        - Writing to buffer: dst=1050,630, w=70,h=70, src=0,140
09:56:53.663 [FXGL Background Thread 2 ] DEBUG TilesetLoader        - Writing to buffer: dst=1260,630, w=70,h=70, src=0,140
09:56:53.664 [FXGL Background Thread 2 ] DEBUG TilesetLoader        - Writing to buffer: dst=1330,630, w=70,h=70, src=0,140
09:56:53.664 [FXGL Background Thread 2 ] DEBUG TilesetLoader        - Writing to buffer: dst=1400,630, w=70,h=70, src=0,140
09:56:53.664 [FXGL Background Thread 2 ] DEBUG TilesetLoader        - Writing to buffer: dst=1610,630, w=70,h=70, src=0,140
09:56:53.664 [FXGL Background Thread 2 ] DEBUG TilesetLoader        - Writing to buffer: dst=1680,630, w=70,h=70, src=0,140
09:56:53.664 [FXGL Background Thread 2 ] DEBUG TilesetLoader        - Writing to buffer: dst=1750,630, w=70,h=70, src=0,140
09:56:53.665 [FXGL Background Thread 2 ] DEBUG TilesetLoader        - Writing to buffer: dst=1820,630, w=70,h=70, src=0,140
09:56:53.665 [FXGL Background Thread 2 ] DEBUG TilesetLoader        - Writing to buffer: dst=1890,630, w=70,h=70, src=0,140
09:56:53.665 [FXGL Background Thread 2 ] DEBUG TilesetLoader        - Writing to buffer: dst=1960,630, w=70,h=70, src=0,140
09:56:53.665 [FXGL Background Thread 2 ] DEBUG TilesetLoader        - Writing to buffer: dst=2030,630, w=70,h=70, src=0,140
09:56:53.666 [FXGL Background Thread 2 ] DEBUG TilesetLoader        - Loading view for layer overlay
09:56:53.667 [FXGL Background Thread 2 ] DEBUG TilesetLoader        - Created buffer with size 2100.0x700.0
09:56:53.668 [FXGL Background Thread 2 ] DEBUG TilesetLoader        - Writing to buffer: dst=0,0, w=70,h=70, src=0,280
09:56:53.668 [FXGL Background Thread 2 ] DEBUG TilesetLoader        - Writing to buffer: dst=70,0, w=70,h=70, src=0,140
09:56:53.668 [FXGL Background Thread 2 ] DEBUG TilesetLoader        - Writing to buffer: dst=140,0, w=70,h=70, src=0,140
09:56:53.668 [FXGL Background Thread 2 ] DEBUG TilesetLoader        - Writing to buffer: dst=210,0, w=70,h=70, src=0,140
09:56:53.669 [FXGL Background Thread 2 ] DEBUG TilesetLoader        - Writing to buffer: dst=280,0, w=70,h=70, src=0,140
09:56:53.669 [FXGL Background Thread 2 ] DEBUG TilesetLoader        - Writing to buffer: dst=350,0, w=70,h=70, src=0,140
09:56:53.669 [FXGL Background Thread 2 ] DEBUG TilesetLoader        - Writing to buffer: dst=420,0, w=70,h=70, src=0,140
09:56:53.669 [FXGL Background Thread 2 ] DEBUG TilesetLoader        - Writing to buffer: dst=490,0, w=70,h=70, src=0,140
09:56:53.669 [FXGL Background Thread 2 ] DEBUG TilesetLoader        - Writing to buffer: dst=560,0, w=70,h=70, src=0,140
09:56:53.670 [FXGL Background Thread 2 ] DEBUG TilesetLoader        - Writing to buffer: dst=630,0, w=70,h=70, src=0,140
09:56:53.670 [FXGL Background Thread 2 ] DEBUG TilesetLoader        - Writing to buffer: dst=700,0, w=70,h=70, src=0,140
09:56:53.670 [FXGL Background Thread 2 ] DEBUG TilesetLoader        - Writing to buffer: dst=770,0, w=70,h=70, src=0,350
09:56:53.670 [FXGL Background Thread 2 ] DEBUG TilesetLoader        - Writing to buffer: dst=840,0, w=70,h=70, src=0,140
09:56:53.670 [FXGL Background Thread 2 ] DEBUG TilesetLoader        - Writing to buffer: dst=910,0, w=70,h=70, src=0,140
09:56:53.670 [FXGL Background Thread 2 ] DEBUG TilesetLoader        - Writing to buffer: dst=980,0, w=70,h=70, src=0,140
09:56:53.670 [FXGL Background Thread 2 ] DEBUG TilesetLoader        - Writing to buffer: dst=1050,0, w=70,h=70, src=0,140
09:56:53.671 [FXGL Background Thread 2 ] DEBUG TilesetLoader        - Writing to buffer: dst=1120,0, w=70,h=70, src=0,280
09:56:53.671 [FXGL Background Thread 2 ] DEBUG TilesetLoader        - Writing to buffer: dst=770,70, w=70,h=70, src=0,420
09:56:53.671 [FXGL Background Thread 2 ] DEBUG TilesetLoader        - Writing to buffer: dst=770,140, w=70,h=70, src=0,490
09:56:53.671 [FXGL Background Thread 2 ] DEBUG TilesetLoader        - Writing to buffer: dst=770,350, w=70,h=70, src=140,280
09:56:53.672 [FXGL Background Thread 2 ] DEBUG TilesetLoader        - Writing to buffer: dst=840,350, w=70,h=70, src=210,280
09:56:53.672 [FXGL Background Thread 2 ] DEBUG TilesetLoader        - Writing to buffer: dst=910,350, w=70,h=70, src=280,280
09:56:53.672 [FXGL Background Thread 2 ] DEBUG TilesetLoader        - Writing to buffer: dst=210,490, w=70,h=70, src=280,140
09:56:53.673 [FXGL Background Thread 2 ] DEBUG TilesetLoader        - Writing to buffer: dst=910,490, w=70,h=70, src=910,280
09:56:53.694 [FXGL Background Thread 2 ] DEBUG TilesetLoader        - Writing to buffer: dst=1960,490, w=70,h=70, src=648,216
09:56:53.694 [FXGL Background Thread 2 ] DEBUG TilesetLoader        - Writing to buffer: dst=1820,560, w=70,h=70, src=910,280
09:56:53.694 [FXGL Background Thread 2 ] DEBUG TilesetLoader        - Writing to buffer: dst=1960,560, w=70,h=70, src=648,288
09:56:53.694 [FXGL Background Thread 2 ] DEBUG TilesetLoader        - Writing to buffer: dst=1120,630, w=70,h=70, src=770,280
09:56:53.694 [FXGL Background Thread 2 ] DEBUG TilesetLoader        - Writing to buffer: dst=1190,630, w=70,h=70, src=770,280
09:56:53.695 [FXGL Background Thread 2 ] DEBUG TilesetLoader        - Writing to buffer: dst=1470,630, w=70,h=70, src=770,280
09:56:53.695 [FXGL Background Thread 2 ] DEBUG TilesetLoader        - Writing to buffer: dst=1540,630, w=70,h=70, src=770,280
09:56:53.695 [FXGL Background Thread 2 ] DEBUG TMXLevelLoader       - Creating object layer entities
09:56:53.702 [FXGL Background Thread 2 ] DEBUG FXGLAssetLoaderServi - Loading from file system: file:/Users/chalitandunu/Desktop/the%20void/HS/Jaar%201/Periode%203/IPOSE/nerdsvsthevirus/target/classes/assets/textures/spuit2.png
09:56:53.709 [FXGL Background Thread 2 ] DEBUG FXGLAssetLoaderServi - Loading from file system: file:/Users/chalitandunu/Desktop/the%20void/HS/Jaar%201/Periode%203/IPOSE/nerdsvsthevirus/target/classes/assets/textures/bacteria.png
09:56:53.720 [FXGL Background Thread 2 ] DEBUG GameWorld            - Clearing removable entities
09:56:53.721 [FXGL Background Thread 2 ] DEBUG GameWorld            - Setting level: com.almasb.fxgl.entity.level.Level@1ee18ef0
09:56:53.730 [FXGL Background Thread 2 ] DEBUG FXGLAssetLoaderServi - Loading from file system: file:/Users/chalitandunu/Desktop/the%20void/HS/Jaar%201/Periode%203/IPOSE/nerdsvsthevirus/target/classes/assets/textures/nerd.png
09:56:53.750 [FXGL Background Thread 2 ] DEBUG FXGLAssetLoaderServi - Loading from file system: file:/Users/chalitandunu/Desktop/the%20void/HS/Jaar%201/Periode%203/IPOSE/nerdsvsthevirus/target/classes/assets/textures/hart.png
09:56:53.767 [FXGL Background Thread 2 ] INFO  FXGLApplication      - Game initialization took: 0.305 sec
09:56:53.768 [JavaFX Application Thread] DEBUG Input                - Clearing active input actions
09:56:53.777 [JavaFX Application Thread] DEBUG GameApplicationServi - Removing overlay from FXGLLoadingScene and adding to GameScene
09:56:53.777 [JavaFX Application Thread] DEBUG PrimaryStageWindow   - FXGLLoadingScene -> GameScene
09:56:57.303 [JavaFX Application Thread] DEBUG FXGLApplication      - Exiting FXGL
09:56:57.303 [JavaFX Application Thread] DEBUG LoopRunner           - Stopping loop
09:56:57.303 [JavaFX Application Thread] DEBUG SystemBundleService  - Saving FXGL system data
09:56:57.305 [JavaFX Application Thread] DEBUG FileSystemAccess     - Writing to: /Users/chalitandunu/Desktop/the void/HS/Jaar 1/Periode 3/IPOSE/nerdsvsthevirus/system/fxgl.bundle
09:56:57.306 [JavaFX Application Thread] DEBUG Async                - Shutting down background threads
09:56:57.307 [JavaFX Application Thread] DEBUG PrimaryStageWindow   - Closing main window
09:56:57.316 [JavaFX Application Thread] DEBUG Logger               - Closing Logger
