21:43:42.715 [main                     ] DEBUG Logger               - Configured Logger
21:43:42.743 [main                     ] DEBUG GameApplication      - Logging settings
Title: Nerds VS Virus
Version: 0.0
Width: 1200
Height: 800
Fullscreen: false
Intro: false
Profiling: false
Single step:false
App Mode: DEVELOPER
Menu Key: ESCAPE
Stage Style: DECORATED
Scene Factory: class Game$1

21:43:43.222 [JavaFX Application Thread] DEBUG FXGLApplication      - Initializing FXGL
21:43:43.225 [JavaFX Application Thread] INFO  Engine               - FXGL-11.14 (01.03.2021 16.59) on MAC (J:15.0.1 FX:15)
21:43:43.226 [JavaFX Application Thread] DEBUG Engine               - JRE Vendor Name: Oracle Corporation
21:43:43.227 [JavaFX Application Thread] DEBUG Engine               - Running on OS: Mac OS X version 10.16
21:43:43.227 [JavaFX Application Thread] DEBUG Engine               - Architecture: x86_64
21:43:43.227 [JavaFX Application Thread] INFO  Engine               - Source code and latest versions at: https://github.com/AlmasB/FXGL
21:43:43.228 [JavaFX Application Thread] INFO  Engine               -              Join the FXGL chat at: https://gitter.im/AlmasB/FXGL
21:43:43.455 [JavaFX Application Thread] DEBUG PrimaryStageWindow   - Creating a JavaFX scene
21:43:43.580 [JavaFX Application Thread] DEBUG PrimaryStageWindow   - Target settings size: 1200.0 x 800.0
21:43:43.581 [JavaFX Application Thread] DEBUG PrimaryStageWindow   - Scaled scene size:    1200.0 x 800.0
21:43:43.581 [JavaFX Application Thread] DEBUG PrimaryStageWindow   - Scaled ratio: (1.0, 1.0)
21:43:43.583 [JavaFX Application Thread] DEBUG PrimaryStageWindow   - Set initial scene to FXGLStartupScene
21:43:43.593 [JavaFX Application Thread] DEBUG PrimaryStageWindow   - Opening main window
21:43:43.693 [JavaFX Application Thread] DEBUG PrimaryStageWindow   - Window border size: (0.0, 28.0)
21:43:43.694 [JavaFX Application Thread] DEBUG PrimaryStageWindow   - Scaled size: 1200.0 x 800.0
21:43:43.695 [JavaFX Application Thread] DEBUG PrimaryStageWindow   - Scaled ratio: (1.0, 1.0)
21:43:43.695 [JavaFX Application Thread] DEBUG PrimaryStageWindow   - Scene size: 1200.0 x 800.0
21:43:43.696 [JavaFX Application Thread] DEBUG PrimaryStageWindow   - Stage size: 1200.0 x 828.0
21:43:43.706 [FXGL Background Thread 1 ] DEBUG Engine               - Initializing environment variables
21:43:43.749 [FXGL Background Thread 1 ] DEBUG FXGLAssetLoaderServi - User app class for loading assets: class Game
21:43:43.750 [FXGL Background Thread 1 ] DEBUG GameApplicationServi - Applying CSS: fxgl_dark.css
21:43:43.751 [FXGL Background Thread 1 ] DEBUG FXGLAssetLoaderServi - Loading from file system: jar:file:/Users/chalitandunu/.m2/repository/com/github/almasb/fxgl/11.14/fxgl-11.14.jar!/fxglassets/ui/css/fxgl_dark.css
21:43:43.819 [FXGL Background Thread 1 ] DEBUG GameApplicationServi - Initializing application scenes
21:43:44.724 [FXGL Background Thread 1 ] DEBUG GameWorld            - Game world initialized
21:43:44.792 [FXGL Background Thread 1 ] DEBUG PhysicsWorld         - Physics world initialized: appHeight=800, physics.ppm=50.0
21:43:44.792 [FXGL Background Thread 1 ] DEBUG PhysicsWorld         - Using strategy: BRUTE_FORCE
21:43:44.795 [FXGL Background Thread 1 ] DEBUG GameScene            - Game scene initialized: 1200x800
21:43:44.847 [FXGL Background Thread 1 ] DEBUG FXGLAssetLoaderServi - Loading from file system: jar:file:/Users/chalitandunu/.m2/repository/com/github/almasb/fxgl/11.14/fxgl-11.14.jar!/fxglassets/textures/particles/trace_horizontal.png
21:43:44.909 [FXGL Background Thread 1 ] DEBUG FXGL.DefaultMenu     - createMenuBodyGameMenu()
21:43:44.921 [FXGL Background Thread 1 ] DEBUG FXGL.DefaultMenu     - createOptionsMenu()
21:43:44.926 [FXGL Background Thread 1 ] DEBUG FXGLAssetLoaderServi - Loading from file system: jar:file:/Users/chalitandunu/.m2/repository/com/github/almasb/fxgl/11.14/fxgl-11.14.jar!/fxglassets/textures/particles/smoke.png
21:43:44.984 [FXGL Background Thread 1 ] DEBUG GameApplicationServi - Application scenes initialized
21:43:44.998 [FXGL Background Thread 1 ] DEBUG SystemBundleService  - Loading FXGL system data
21:43:45.003 [FXGL Background Thread 1 ] DEBUG FileSystemAccess     - Reading from: /Users/chalitandunu/Desktop/the void/HS/Jaar 1/Periode 3/IPOSE/nerdsvsthevirus/system/fxgl.bundle
21:43:45.011 [FXGL Background Thread 1 ] DEBUG SystemBundleService  - Bundle FXGL: {}
21:43:45.012 [FXGL Background Thread 1 ] DEBUG UpdaterService       - Checking for updates
21:43:45.023 [FXGL Background Thread 1 ] DEBUG FXGLApplication      - Loading default localization
21:43:45.024 [FXGL Background Thread 4 ] DEBUG FXGLApplication      - Loading fonts
21:43:45.024 [FXGL Background Thread 1 ] DEBUG FXGLAssetLoaderServi - Loading from file system: jar:file:/Users/chalitandunu/.m2/repository/com/github/almasb/fxgl/11.14/fxgl-11.14.jar!/fxglassets/languages/english.lang
21:43:45.025 [FXGL Background Thread 4 ] DEBUG FXGLAssetLoaderServi - Loading from file system: jar:file:/Users/chalitandunu/.m2/repository/com/github/almasb/fxgl/11.14/fxgl-11.14.jar!/fxglassets/ui/fonts/VarelaRound-Regular.ttf
21:43:45.047 [FXGL Background Thread 1 ] INFO  FXGLApplication      - FXGL initialization took: 1.341 sec
21:43:45.054 [FXGL Background Thread 4 ] DEBUG FXGLAssetLoaderServi - Loading from file system: jar:file:/Users/chalitandunu/.m2/repository/com/github/almasb/fxgl/11.14/fxgl-11.14.jar!/fxglassets/ui/fonts/Abel-Regular.ttf
21:43:45.059 [FXGL Background Thread 4 ] DEBUG FXGLAssetLoaderServi - Loading from file system: jar:file:/Users/chalitandunu/.m2/repository/com/github/almasb/fxgl/11.14/fxgl-11.14.jar!/fxglassets/ui/fonts/lucida_console.ttf
21:43:45.064 [FXGL Background Thread 4 ] DEBUG FXGLAssetLoaderServi - Loading from file system: jar:file:/Users/chalitandunu/.m2/repository/com/github/almasb/fxgl/11.14/fxgl-11.14.jar!/fxglassets/ui/fonts/Courier-Prime.ttf
21:43:45.066 [JavaFX Application Thread] DEBUG Input                - Registered new binding: action0 - D
21:43:45.067 [JavaFX Application Thread] DEBUG Input                - Registered new binding: action1 - A
21:43:45.071 [JavaFX Application Thread] DEBUG FXGLAssetLoaderServi - Loading from file system: jar:file:/Users/chalitandunu/.m2/repository/com/github/almasb/fxgl/11.14/fxgl-11.14.jar!/fxglassets/textures/fxgl_icon.png
21:43:45.116 [JavaFX Application Thread] DEBUG FXGLAssetLoaderServi - Loading from file system: jar:file:/Users/chalitandunu/.m2/repository/com/github/almasb/fxgl/11.14/fxgl-11.14.jar!/fxglassets/ui/cursors/fxgl_default.png
21:43:45.119 [JavaFX Application Thread] DEBUG Input                - Registered new binding: Screenshot - P
21:43:45.119 [JavaFX Application Thread] DEBUG Input                - Registered new binding: System info dump - CTRL+9
21:43:45.120 [JavaFX Application Thread] DEBUG Input                - Registered new binding: Restart - CTRL+R
21:43:45.121 [JavaFX Application Thread] DEBUG Input                - Registered new binding: Toggle Debug Camera - CTRL+C
21:43:45.123 [JavaFX Application Thread] DEBUG LoopRunner           - Starting loop
21:43:45.123 [JavaFX Application Thread] DEBUG LoopRunner           - Initializing JavaFX AnimationTimerLoop
21:43:45.126 [JavaFX Application Thread] DEBUG Input                - Clearing active input actions
21:43:45.137 [JavaFX Application Thread] DEBUG GameApplicationServi - Removing overlay from FXGLStartupScene and adding to FXGLMainMenuDummyScene
21:43:45.138 [JavaFX Application Thread] DEBUG PrimaryStageWindow   - FXGLStartupScene -> FXGLMainMenuDummyScene
21:43:45.138 [JavaFX Application Thread] DEBUG PrimaryStageWindow   - Push state: MainMenu
21:43:45.139 [JavaFX Application Thread] DEBUG Input                - Clearing active input actions
21:43:45.145 [JavaFX Application Thread] DEBUG GameApplicationServi - Removing overlay from FXGLMainMenuDummyScene and adding to MainMenu
21:43:45.145 [JavaFX Application Thread] DEBUG PrimaryStageWindow   - FXGLMainMenuDummyScene -> MainMenu
21:43:45.176 [JavaFX Application Thread] DEBUG FXGLApplication      - Registering font factories with UI factory
21:43:48.022 [FXGL Background Thread 3 ] DEBUG Engine               - Logging environment variables
21:43:48.025 [FXGL Background Thread 3 ] DEBUG Engine               - achievements: []
21:43:48.025 [FXGL Background Thread 3 ] DEBUG Engine               - actualHeight: 800.0
21:43:48.026 [FXGL Background Thread 3 ] DEBUG Engine               - actualHeightProperty: ReadOnlyDoubleProperty [value: 800.0]
21:43:48.026 [FXGL Background Thread 3 ] DEBUG Engine               - actualWidth: 1200.0
21:43:48.026 [FXGL Background Thread 3 ] DEBUG Engine               - actualWidthProperty: ReadOnlyDoubleProperty [value: 1200.0]
21:43:48.027 [FXGL Background Thread 3 ] DEBUG Engine               - appIcon: fxgl_icon.png
21:43:48.027 [FXGL Background Thread 3 ] DEBUG Engine               - applicationMode: DEVELOPER
21:43:48.028 [FXGL Background Thread 3 ] DEBUG Engine               - cSSList: [fxgl_dark.css]
21:43:48.028 [FXGL Background Thread 3 ] DEBUG Engine               - collisionDetectionStrategy: BRUTE_FORCE
21:43:48.028 [FXGL Background Thread 3 ] DEBUG Engine               - configClass: Optional.empty
21:43:48.029 [FXGL Background Thread 3 ] DEBUG Engine               - credits: []
21:43:48.029 [FXGL Background Thread 3 ] DEBUG Engine               - devBBoxColorProperty: ObjectProperty [value: 0xff0000ff]
21:43:48.034 [FXGL Background Thread 3 ] DEBUG Engine               - devEnableDebugCameraProperty: BooleanProperty [value: false]
21:43:48.037 [FXGL Background Thread 3 ] DEBUG Engine               - devSensorColorProperty: ObjectProperty [value: 0xffff00ff]
21:43:48.037 [FXGL Background Thread 3 ] DEBUG Engine               - devShowBBoxProperty: BooleanProperty [value: false]
21:43:48.038 [FXGL Background Thread 3 ] DEBUG Engine               - devShowPositionProperty: BooleanProperty [value: false]
21:43:48.038 [FXGL Background Thread 3 ] DEBUG Engine               - enabledMenuItems: []
21:43:48.039 [FXGL Background Thread 3 ] DEBUG Engine               - engineServices: [class com.almasb.fxgl.app.services.FXGLAssetLoaderService, class com.almasb.fxgl.app.FXGLApplication$GameApplicationService, class com.almasb.fxgl.app.services.FXGLDialogService, class com.almasb.fxgl.app.services.IOTaskExecutorService, class com.almasb.fxgl.event.EventBusService, class com.almasb.fxgl.io.FileSystemService, class com.almasb.fxgl.localization.LocalizationService, class com.almasb.fxgl.app.services.SystemBundleService, class com.almasb.fxgl.profile.SaveLoadService, class com.almasb.fxgl.ui.FXGLUIFactoryServiceProvider, class com.almasb.fxgl.ui.FXGLDialogFactoryServiceProvider, class com.almasb.fxgl.audio.AudioPlayer, class com.almasb.fxgl.notification.impl.NotificationServiceProvider, class com.almasb.fxgl.achievement.AchievementService, class com.almasb.fxgl.cutscene.CutsceneService, class com.almasb.fxgl.minigames.MiniGameService, class com.almasb.fxgl.net.NetService, class com.almasb.fxgl.app.services.UpdaterService, class com.almasb.fxgl.dev.DevService]
21:43:48.039 [FXGL Background Thread 3 ] DEBUG Engine               - fontGame: Abel-Regular.ttf
21:43:48.041 [FXGL Background Thread 3 ] DEBUG Engine               - fontMono: lucida_console.ttf
21:43:48.041 [FXGL Background Thread 3 ] DEBUG Engine               - fontText: Courier-Prime.ttf
21:43:48.042 [FXGL Background Thread 3 ] DEBUG Engine               - fontUI: VarelaRound-Regular.ttf
21:43:48.042 [FXGL Background Thread 3 ] DEBUG Engine               - fullScreen: BooleanProperty [value: false]
21:43:48.042 [FXGL Background Thread 3 ] DEBUG Engine               - gameDifficulty: MEDIUM
21:43:48.042 [FXGL Background Thread 3 ] DEBUG Engine               - gameDifficultyProperty: ObjectProperty [value: MEDIUM]
21:43:48.042 [FXGL Background Thread 3 ] DEBUG Engine               - globalMusicVolume: 0.5
21:43:48.043 [FXGL Background Thread 3 ] DEBUG Engine               - globalMusicVolumeProperty: DoubleProperty [value: 0.5]
21:43:48.043 [FXGL Background Thread 3 ] DEBUG Engine               - globalSoundVolume: 0.5
21:43:48.043 [FXGL Background Thread 3 ] DEBUG Engine               - globalSoundVolumeProperty: DoubleProperty [value: 0.5]
21:43:48.055 [FXGL Background Thread 3 ] DEBUG Engine               - height: 800
21:43:48.055 [FXGL Background Thread 3 ] DEBUG Engine               - isAndroid: false
21:43:48.056 [FXGL Background Thread 3 ] DEBUG Engine               - isBrowser: false
21:43:48.058 [FXGL Background Thread 3 ] DEBUG Engine               - isClickFeedbackEnabled: false
21:43:48.058 [FXGL Background Thread 3 ] DEBUG Engine               - isCloseConfirmation: false
21:43:48.059 [FXGL Background Thread 3 ] DEBUG Engine               - isDesktop: true
21:43:48.059 [FXGL Background Thread 3 ] DEBUG Engine               - isDeveloperMenuEnabled: false
21:43:48.060 [FXGL Background Thread 3 ] DEBUG Engine               - isEntityPreloadEnabled: true
21:43:48.060 [FXGL Background Thread 3 ] DEBUG Engine               - isExperimental3D: false
21:43:48.060 [FXGL Background Thread 3 ] DEBUG Engine               - isExperimentalNative: false
21:43:48.061 [FXGL Background Thread 3 ] DEBUG Engine               - isExperimentalTiledLargeMap: false
21:43:48.061 [FXGL Background Thread 3 ] DEBUG Engine               - isFileSystemWriteAllowed: true
21:43:48.061 [FXGL Background Thread 3 ] DEBUG Engine               - isFullScreenAllowed: false
21:43:48.061 [FXGL Background Thread 3 ] DEBUG Engine               - isFullScreenFromStart: false
21:43:48.061 [FXGL Background Thread 3 ] DEBUG Engine               - isGameMenuEnabled: true
21:43:48.062 [FXGL Background Thread 3 ] DEBUG Engine               - isIOS: false
21:43:48.067 [FXGL Background Thread 3 ] DEBUG Engine               - isIntroEnabled: false
21:43:48.067 [FXGL Background Thread 3 ] DEBUG Engine               - isLinux: false
21:43:48.067 [FXGL Background Thread 3 ] DEBUG Engine               - isMac: true
21:43:48.068 [FXGL Background Thread 3 ] DEBUG Engine               - isMainMenuEnabled: true
21:43:48.068 [FXGL Background Thread 3 ] DEBUG Engine               - isManualResizeEnabled: false
21:43:48.069 [FXGL Background Thread 3 ] DEBUG Engine               - isMobile: false
21:43:48.069 [FXGL Background Thread 3 ] DEBUG Engine               - isPreserveResizeRatio: false
21:43:48.070 [FXGL Background Thread 3 ] DEBUG Engine               - isProfilingEnabled: false
21:43:48.070 [FXGL Background Thread 3 ] DEBUG Engine               - isScaleAffectedOnResize: true
21:43:48.070 [FXGL Background Thread 3 ] DEBUG Engine               - isSingleStep: false
21:43:48.071 [FXGL Background Thread 3 ] DEBUG Engine               - isUserProfileEnabled: false
21:43:48.071 [FXGL Background Thread 3 ] DEBUG Engine               - isWindows: false
21:43:48.071 [FXGL Background Thread 3 ] DEBUG Engine               - language: ObjectProperty [value: ENGLISH]
21:43:48.071 [FXGL Background Thread 3 ] DEBUG Engine               - menuKey: ESCAPE
21:43:48.072 [FXGL Background Thread 3 ] DEBUG Engine               - notificationViewClass: class com.almasb.fxgl.notification.view.XboxNotificationView
21:43:48.075 [FXGL Background Thread 3 ] DEBUG Engine               - pixelsPerMeter: 50.0
21:43:48.076 [FXGL Background Thread 3 ] DEBUG Engine               - platform: MAC
21:43:48.076 [FXGL Background Thread 3 ] DEBUG Engine               - prefHeightProperty: ReadOnlyDoubleProperty [value: 800.0]
21:43:48.077 [FXGL Background Thread 3 ] DEBUG Engine               - prefWidthProperty: ReadOnlyDoubleProperty [value: 1200.0]
21:43:48.077 [FXGL Background Thread 3 ] DEBUG Engine               - profileDir: profiles/
21:43:48.077 [FXGL Background Thread 3 ] DEBUG Engine               - profileName: StringProperty [value: DEFAULT]
21:43:48.077 [FXGL Background Thread 3 ] DEBUG Engine               - randomSeed: -1
21:43:48.078 [FXGL Background Thread 3 ] DEBUG Engine               - runtimeInfo: RuntimeInfo(platform=MAC, version=11.14, build=01.03.2021 16.59)
21:43:48.078 [FXGL Background Thread 3 ] DEBUG Engine               - saveFileExt: sav
21:43:48.078 [FXGL Background Thread 3 ] DEBUG Engine               - scaledHeightProp$fxgl: DoubleProperty [bound, value: 800.0]
21:43:48.078 [FXGL Background Thread 3 ] DEBUG Engine               - scaledWidthProp$fxgl: DoubleProperty [bound, value: 1200.0]
21:43:48.079 [FXGL Background Thread 3 ] DEBUG Engine               - sceneFactory: Game$1@25d4ea00
21:43:48.079 [FXGL Background Thread 3 ] DEBUG Engine               - secondsIn24h: 60
21:43:48.079 [FXGL Background Thread 3 ] DEBUG Engine               - soundMenuBack: menu/back.wav
21:43:48.080 [FXGL Background Thread 3 ] DEBUG Engine               - soundMenuPress: menu/press.wav
21:43:48.080 [FXGL Background Thread 3 ] DEBUG Engine               - soundMenuSelect: menu/select.wav
21:43:48.082 [FXGL Background Thread 3 ] DEBUG Engine               - soundNotification: core/notification.wav
21:43:48.083 [FXGL Background Thread 3 ] DEBUG Engine               - stageStyle: DECORATED
21:43:48.083 [FXGL Background Thread 3 ] DEBUG Engine               - supportedLanguages: [ENGLISH, FRENCH, GERMAN, HUNGARIAN, RUSSIAN]
21:43:48.084 [FXGL Background Thread 3 ] DEBUG Engine               - ticksPerSecond: -1
21:43:48.084 [FXGL Background Thread 3 ] DEBUG Engine               - title: Nerds VS Virus
21:43:48.084 [FXGL Background Thread 3 ] DEBUG Engine               - urlGithub: https://github.com/AlmasB/FXGL
21:43:48.084 [FXGL Background Thread 3 ] DEBUG Engine               - urlLeaderboard: http://fxgl-top.herokuapp.com/
21:43:48.085 [FXGL Background Thread 3 ] DEBUG Engine               - urlPOM: https://raw.githubusercontent.com/AlmasB/FXGL/release/README.md
21:43:48.085 [FXGL Background Thread 3 ] DEBUG Engine               - userAppClass: class Game
21:43:48.085 [FXGL Background Thread 3 ] DEBUG Engine               - version: 0.0
21:43:48.085 [FXGL Background Thread 3 ] DEBUG Engine               - versionCheckDays: 7
21:43:48.086 [FXGL Background Thread 3 ] DEBUG Engine               - width: 1200
21:43:48.086 [FXGL Background Thread 3 ] DEBUG Engine               - Logging services
21:43:48.086 [FXGL Background Thread 3 ] DEBUG Engine               - class com.almasb.fxgl.app.services.FXGLAssetLoaderService
21:43:48.086 [FXGL Background Thread 3 ] DEBUG Engine               - class com.almasb.fxgl.app.FXGLApplication$GameApplicationService
21:43:48.086 [FXGL Background Thread 3 ] DEBUG Engine               - class com.almasb.fxgl.app.services.FXGLDialogService
21:43:48.087 [FXGL Background Thread 3 ] DEBUG Engine               - class com.almasb.fxgl.app.services.IOTaskExecutorService
21:43:48.087 [FXGL Background Thread 3 ] DEBUG Engine               - class com.almasb.fxgl.event.EventBusService
21:43:48.088 [FXGL Background Thread 3 ] DEBUG Engine               - class com.almasb.fxgl.io.FileSystemService
21:43:48.088 [FXGL Background Thread 3 ] DEBUG Engine               - class com.almasb.fxgl.localization.LocalizationService
21:43:48.088 [FXGL Background Thread 3 ] DEBUG Engine               - class com.almasb.fxgl.app.services.SystemBundleService
21:43:48.088 [FXGL Background Thread 3 ] DEBUG Engine               - class com.almasb.fxgl.profile.SaveLoadService
21:43:48.089 [FXGL Background Thread 3 ] DEBUG Engine               - class com.almasb.fxgl.ui.FXGLUIFactoryServiceProvider
21:43:48.089 [FXGL Background Thread 3 ] DEBUG Engine               - class com.almasb.fxgl.ui.FXGLDialogFactoryServiceProvider
21:43:48.089 [FXGL Background Thread 3 ] DEBUG Engine               - class com.almasb.fxgl.audio.AudioPlayer
21:43:48.089 [FXGL Background Thread 3 ] DEBUG Engine               - class com.almasb.fxgl.notification.impl.NotificationServiceProvider
21:43:48.090 [FXGL Background Thread 3 ] DEBUG Engine               - class com.almasb.fxgl.achievement.AchievementService
21:43:48.090 [FXGL Background Thread 3 ] DEBUG Engine               - class com.almasb.fxgl.cutscene.CutsceneService
21:43:48.090 [FXGL Background Thread 3 ] DEBUG Engine               - class com.almasb.fxgl.minigames.MiniGameService
21:43:48.090 [FXGL Background Thread 3 ] DEBUG Engine               - class com.almasb.fxgl.net.NetService
21:43:48.090 [FXGL Background Thread 3 ] DEBUG Engine               - class com.almasb.fxgl.app.services.UpdaterService
21:43:48.091 [FXGL Background Thread 3 ] DEBUG Engine               - class com.almasb.fxgl.dev.DevService
21:44:04.632 [JavaFX Application Thread] DEBUG Menu                 - fireNewGame()
21:44:04.633 [JavaFX Application Thread] DEBUG GameApplicationServi - Starting new game
21:44:04.633 [JavaFX Application Thread] DEBUG PrimaryStageWindow   - Pop state: MainMenu
21:44:04.633 [JavaFX Application Thread] DEBUG Input                - Clearing active input actions
21:44:04.634 [JavaFX Application Thread] DEBUG GameApplicationServi - Removing overlay from MainMenu and adding to FXGLMainMenuDummyScene
21:44:04.635 [JavaFX Application Thread] DEBUG PrimaryStageWindow   - FXGLMainMenuDummyScene <- MainMenu
21:44:04.636 [JavaFX Application Thread] DEBUG Input                - Clearing active input actions
21:44:04.648 [JavaFX Application Thread] DEBUG GameApplicationServi - Removing overlay from FXGLMainMenuDummyScene and adding to FXGLLoadingScene
21:44:04.648 [JavaFX Application Thread] DEBUG PrimaryStageWindow   - FXGLMainMenuDummyScene -> FXGLLoadingScene
21:44:04.649 [JavaFX Application Thread] DEBUG GameApplicationServi - Clearing previous game
21:44:04.649 [JavaFX Application Thread] DEBUG GameScene            - Clearing game scene
21:44:04.649 [JavaFX Application Thread] DEBUG GameWorld            - Clearing game world
21:44:04.650 [JavaFX Application Thread] DEBUG PhysicsWorld         - Clearing physics world
21:44:04.651 [FXGL Background Thread 2 ] DEBUG FXGLApplication      - Initializing game
21:44:04.655 [FXGL Background Thread 2 ] DEBUG FXGLAssetLoaderServi - Loading from file system: file:/Users/chalitandunu/Desktop/the%20void/HS/Jaar%201/Periode%203/IPOSE/nerdsvsthevirus/target/classes/assets/textures//Game/sprite.png
21:44:04.675 [FXGL Background Thread 2 ] INFO  FXGLApplication      - Game initialization took: 0.023 sec
21:44:04.694 [JavaFX Application Thread] DEBUG Input                - Clearing active input actions
21:44:04.705 [JavaFX Application Thread] DEBUG GameApplicationServi - Removing overlay from FXGLLoadingScene and adding to GameScene
21:44:04.705 [JavaFX Application Thread] DEBUG PrimaryStageWindow   - FXGLLoadingScene -> GameScene
21:44:06.998 [JavaFX Application Thread] DEBUG Input                - Registered new binding: Right - CTRL+Right
21:44:06.999 [JavaFX Application Thread] DEBUG Input                - Registered new binding: Left - CTRL+Left
21:44:06.999 [JavaFX Application Thread] DEBUG Input                - Registered new binding: Up - CTRL+Up
21:44:07.000 [JavaFX Application Thread] DEBUG Input                - Registered new binding: Down - CTRL+Down
21:44:07.001 [JavaFX Application Thread] DEBUG PrimaryStageWindow   - Push state: DebugCameraScene
21:44:07.001 [JavaFX Application Thread] DEBUG Input                - Clearing active input actions
21:44:07.001 [JavaFX Application Thread] DEBUG GameApplicationServi - Removing overlay from GameScene and adding to DebugCameraScene
21:44:07.001 [JavaFX Application Thread] DEBUG PrimaryStageWindow   - GameScene -> DebugCameraScene
21:44:10.603 [JavaFX Application Thread] DEBUG FXGLApplication      - Exiting FXGL
21:44:10.603 [JavaFX Application Thread] DEBUG LoopRunner           - Stopping loop
21:44:10.604 [JavaFX Application Thread] DEBUG SystemBundleService  - Saving FXGL system data
21:44:10.608 [JavaFX Application Thread] DEBUG FileSystemAccess     - Writing to: /Users/chalitandunu/Desktop/the void/HS/Jaar 1/Periode 3/IPOSE/nerdsvsthevirus/system/fxgl.bundle
21:44:10.610 [JavaFX Application Thread] DEBUG Async                - Shutting down background threads
21:44:10.610 [JavaFX Application Thread] DEBUG PrimaryStageWindow   - Closing main window
21:44:10.620 [JavaFX Application Thread] DEBUG Logger               - Closing Logger
