13:59:48.653 [main                     ] DEBUG Logger               - Configured Logger
13:59:48.663 [main                     ] DEBUG GameApplication      - Logging settings
Title: Nerds VS Virus
Version: 0.0
Width: 1050
Height: 700
Fullscreen: false
Intro: false
Profiling: false
Single step:false
App Mode: DEVELOPER
Menu Key: ESCAPE
Stage Style: DECORATED
Scene Factory: class NerdvsVirus.Game$1

13:59:49.111 [JavaFX Application Thread] DEBUG FXGLApplication      - Initializing FXGL
13:59:49.113 [JavaFX Application Thread] INFO  Engine               - FXGL-11.14 (01.03.2021 16.59) on WINDOWS (J:15.0.2 FX:15)
13:59:49.114 [JavaFX Application Thread] DEBUG Engine               - JRE Vendor Name: Oracle Corporation
13:59:49.114 [JavaFX Application Thread] DEBUG Engine               - Running on OS: Windows 10 version 10.0
13:59:49.114 [JavaFX Application Thread] DEBUG Engine               - Architecture: amd64
13:59:49.114 [JavaFX Application Thread] INFO  Engine               - Source code and latest versions at: https://github.com/AlmasB/FXGL
13:59:49.114 [JavaFX Application Thread] INFO  Engine               -              Join the FXGL chat at: https://gitter.im/AlmasB/FXGL
13:59:49.225 [JavaFX Application Thread] DEBUG PrimaryStageWindow   - Creating a JavaFX scene
13:59:49.278 [JavaFX Application Thread] DEBUG PrimaryStageWindow   - Target settings size: 1050.0 x 700.0
13:59:49.278 [JavaFX Application Thread] DEBUG PrimaryStageWindow   - Scaled scene size:    1050.0 x 700.0
13:59:49.279 [JavaFX Application Thread] DEBUG PrimaryStageWindow   - Scaled ratio: (1.0, 1.0)
13:59:49.279 [JavaFX Application Thread] DEBUG PrimaryStageWindow   - Set initial scene to FXGLStartupScene
13:59:49.286 [JavaFX Application Thread] DEBUG PrimaryStageWindow   - Opening main window
13:59:49.353 [JavaFX Application Thread] DEBUG PrimaryStageWindow   - Window border size: (16.0, 39.0)
13:59:49.353 [JavaFX Application Thread] DEBUG PrimaryStageWindow   - Scaled size: 1050.0 x 700.0
13:59:49.354 [JavaFX Application Thread] DEBUG PrimaryStageWindow   - Scaled ratio: (1.0, 1.0)
13:59:49.354 [JavaFX Application Thread] DEBUG PrimaryStageWindow   - Scene size: 1050.0 x 700.0
13:59:49.354 [JavaFX Application Thread] DEBUG PrimaryStageWindow   - Stage size: 1066.0 x 739.0
13:59:49.360 [FXGL Background Thread 1 ] DEBUG Engine               - Initializing environment variables
13:59:49.387 [FXGL Background Thread 1 ] DEBUG FXGLAssetLoaderServi - User app class for loading assets: class NerdvsVirus.Game
13:59:49.387 [FXGL Background Thread 1 ] DEBUG GameApplicationServi - Applying CSS: fxgl_dark.css
13:59:49.388 [FXGL Background Thread 1 ] DEBUG FXGLAssetLoaderServi - Loading from file system: jar:file:/C:/Users/luukb/.m2/repository/com/github/almasb/fxgl/11.14/fxgl-11.14.jar!/fxglassets/ui/css/fxgl_dark.css
13:59:49.430 [FXGL Background Thread 1 ] DEBUG GameApplicationServi - Initializing application scenes
13:59:49.462 [FXGL Background Thread 1 ] DEBUG GameWorld            - Game world initialized
13:59:49.515 [FXGL Background Thread 1 ] DEBUG PhysicsWorld         - Physics world initialized: appHeight=700, physics.ppm=50,0
13:59:49.515 [FXGL Background Thread 1 ] DEBUG PhysicsWorld         - Using strategy: BRUTE_FORCE
13:59:49.517 [FXGL Background Thread 1 ] DEBUG GameScene            - Game scene initialized: 1050x700
13:59:49.548 [FXGL Background Thread 1 ] DEBUG FXGLAssetLoaderServi - Loading from file system: jar:file:/C:/Users/luukb/.m2/repository/com/github/almasb/fxgl/11.14/fxgl-11.14.jar!/fxglassets/textures/particles/trace_horizontal.png
13:59:49.586 [FXGL Background Thread 1 ] DEBUG FXGL.DefaultMenu     - createMenuBodyGameMenu()
13:59:49.600 [FXGL Background Thread 1 ] DEBUG FXGL.DefaultMenu     - createOptionsMenu()
13:59:49.605 [FXGL Background Thread 1 ] DEBUG FXGLAssetLoaderServi - Loading from file system: jar:file:/C:/Users/luukb/.m2/repository/com/github/almasb/fxgl/11.14/fxgl-11.14.jar!/fxglassets/textures/particles/smoke.png
13:59:49.652 [FXGL Background Thread 1 ] DEBUG GameApplicationServi - Application scenes initialized
13:59:49.663 [FXGL Background Thread 1 ] DEBUG SystemBundleService  - Loading FXGL system data
13:59:49.667 [FXGL Background Thread 1 ] DEBUG FileSystemAccess     - Reading from: D:\OneDrive\OneDrive - Hogeschool Leiden\IPOSE\NERDS VS VIRUS\nerdsvsthevirus\system\fxgl.bundle
13:59:49.671 [FXGL Background Thread 1 ] DEBUG SystemBundleService  - Bundle FXGL: {}
13:59:49.672 [FXGL Background Thread 1 ] DEBUG UpdaterService       - Checking for updates
13:59:49.675 [FXGL Background Thread 4 ] DEBUG FXGLApplication      - Loading fonts
13:59:49.676 [FXGL Background Thread 4 ] DEBUG FXGLAssetLoaderServi - Loading from file system: jar:file:/C:/Users/luukb/.m2/repository/com/github/almasb/fxgl/11.14/fxgl-11.14.jar!/fxglassets/ui/fonts/VarelaRound-Regular.ttf
13:59:49.676 [FXGL Background Thread 1 ] DEBUG FXGLApplication      - Loading default localization
13:59:49.677 [FXGL Background Thread 1 ] DEBUG FXGLAssetLoaderServi - Loading from file system: jar:file:/C:/Users/luukb/.m2/repository/com/github/almasb/fxgl/11.14/fxgl-11.14.jar!/fxglassets/languages/english.lang
13:59:49.695 [FXGL Background Thread 1 ] INFO  FXGLApplication      - FXGL initialization took: 0,335 sec
13:59:49.705 [JavaFX Application Thread] DEBUG Input                - Registered new binding: Left - A
13:59:49.706 [JavaFX Application Thread] DEBUG Input                - Registered new binding: Right - D
13:59:49.706 [JavaFX Application Thread] DEBUG Input                - Registered new binding: Jump - W
13:59:49.707 [JavaFX Application Thread] DEBUG FXGLAssetLoaderServi - Loading from file system: jar:file:/C:/Users/luukb/.m2/repository/com/github/almasb/fxgl/11.14/fxgl-11.14.jar!/fxglassets/textures/fxgl_icon.png
13:59:49.725 [JavaFX Application Thread] DEBUG FXGLAssetLoaderServi - Loading from file system: jar:file:/C:/Users/luukb/.m2/repository/com/github/almasb/fxgl/11.14/fxgl-11.14.jar!/fxglassets/ui/cursors/fxgl_default.png
13:59:49.728 [JavaFX Application Thread] DEBUG Input                - Registered new binding: Screenshot - P
13:59:49.728 [JavaFX Application Thread] DEBUG Input                - Registered new binding: System info dump - CTRL+9
13:59:49.729 [JavaFX Application Thread] DEBUG Input                - Registered new binding: Restart - CTRL+R
13:59:49.729 [JavaFX Application Thread] DEBUG Input                - Registered new binding: Toggle Debug Camera - CTRL+C
13:59:49.732 [JavaFX Application Thread] DEBUG LoopRunner           - Starting loop
13:59:49.732 [JavaFX Application Thread] DEBUG LoopRunner           - Initializing JavaFX AnimationTimerLoop
13:59:49.736 [JavaFX Application Thread] DEBUG Input                - Clearing active input actions
13:59:49.742 [JavaFX Application Thread] DEBUG GameApplicationServi - Removing overlay from FXGLStartupScene and adding to FXGLMainMenuDummyScene
13:59:49.742 [JavaFX Application Thread] DEBUG PrimaryStageWindow   - FXGLStartupScene -> FXGLMainMenuDummyScene
13:59:49.743 [JavaFX Application Thread] DEBUG PrimaryStageWindow   - Push state: MainMenu
13:59:49.743 [JavaFX Application Thread] DEBUG Input                - Clearing active input actions
13:59:49.746 [JavaFX Application Thread] DEBUG GameApplicationServi - Removing overlay from FXGLMainMenuDummyScene and adding to MainMenu
13:59:49.747 [JavaFX Application Thread] DEBUG PrimaryStageWindow   - FXGLMainMenuDummyScene -> MainMenu
13:59:49.747 [FXGL Background Thread 4 ] DEBUG FXGLAssetLoaderServi - Loading from file system: jar:file:/C:/Users/luukb/.m2/repository/com/github/almasb/fxgl/11.14/fxgl-11.14.jar!/fxglassets/ui/fonts/Abel-Regular.ttf
13:59:49.751 [FXGL Background Thread 4 ] DEBUG FXGLAssetLoaderServi - Loading from file system: jar:file:/C:/Users/luukb/.m2/repository/com/github/almasb/fxgl/11.14/fxgl-11.14.jar!/fxglassets/ui/fonts/lucida_console.ttf
13:59:49.757 [FXGL Background Thread 4 ] DEBUG FXGLAssetLoaderServi - Loading from file system: jar:file:/C:/Users/luukb/.m2/repository/com/github/almasb/fxgl/11.14/fxgl-11.14.jar!/fxglassets/ui/fonts/Courier-Prime.ttf
13:59:49.767 [JavaFX Application Thread] DEBUG FXGLApplication      - Registering font factories with UI factory
13:59:51.334 [JavaFX Application Thread] DEBUG Menu                 - fireNewGame()
13:59:51.334 [JavaFX Application Thread] DEBUG GameApplicationServi - Starting new game
13:59:51.335 [JavaFX Application Thread] DEBUG PrimaryStageWindow   - Pop state: MainMenu
13:59:51.335 [JavaFX Application Thread] DEBUG Input                - Clearing active input actions
13:59:51.335 [JavaFX Application Thread] DEBUG GameApplicationServi - Removing overlay from MainMenu and adding to FXGLMainMenuDummyScene
13:59:51.335 [JavaFX Application Thread] DEBUG PrimaryStageWindow   - FXGLMainMenuDummyScene <- MainMenu
13:59:51.336 [JavaFX Application Thread] DEBUG Input                - Clearing active input actions
13:59:51.342 [JavaFX Application Thread] DEBUG GameApplicationServi - Removing overlay from FXGLMainMenuDummyScene and adding to FXGLLoadingScene
13:59:51.343 [JavaFX Application Thread] DEBUG PrimaryStageWindow   - FXGLMainMenuDummyScene -> FXGLLoadingScene
13:59:51.343 [JavaFX Application Thread] DEBUG GameApplicationServi - Clearing previous game
13:59:51.343 [JavaFX Application Thread] DEBUG GameScene            - Clearing game scene
13:59:51.343 [JavaFX Application Thread] DEBUG GameWorld            - Clearing game world
13:59:51.344 [JavaFX Application Thread] DEBUG PhysicsWorld         - Clearing physics world
13:59:51.345 [FXGL Background Thread 2 ] DEBUG FXGLApplication      - Initializing game
13:59:51.365 [FXGL Background Thread 2 ] WARN  TMXLevelLoader       - TiledMap generated from 1.5.0. Supported version: 1.2.3. Some features may not be parsed fully.
13:59:51.369 [FXGL Background Thread 2 ] DEBUG TMXLevelLoader       - Parsed raw map: TiledMap(width=17, height=10, tilewidth=70, tileheight=70, orientation=orthogonal, layers=[Layer(width=17, height=10, name=Bottom, type=tilelayer, visible=false, x=0, y=0, data=[0, 0, 0, 0, 0, 0, 0, 0, 0, 0, 0, 0, 0, 0, 0, 0, 0, 0, 0, 0, 0, 0, 0, 0, 0, 0, 0, 0, 0, 0, 0, 0, 0, 0, 0, 0, 0, 0, 0, 0, 0, 0, 0, 0, 0, 0, 0, 0, 0, 0, 0, 0, 0, 0, 0, 0, 0, 0, 0, 0, 0, 0, 0, 0, 0, 0, 0, 0, 0, 0, 0, 0, 0, 0, 0, 0, 0, 0, 0, 0, 0, 0, 0, 0, 0, 0, 0, 0, 0, 0, 0, 0, 0, 0, 0, 0, 206, 205, 206, 0, 0, 0, 0, 0, 0, 0, 0, 0, 0, 205, 206, 207, 0, 0, 0, 0, 0, 0, 0, 0, 0, 0, 0, 206, 205, 0, 0, 0, 0, 0, 0, 0, 0, 0, 0, 0, 0, 263, 248, 203, 0, 0, 0, 0, 0, 0, 0, 243, 244, 245, 0, 0, 0, 185, 185, 185, 185, 185, 185, 185, 185, 185, 185, 185, 185, 185, 185, 185, 185, 185], objects=[], opacity=0.0, draworder=), Layer(width=17, height=10, name=overlay, type=tilelayer, visible=false, x=0, y=0, data=[213, 185, 185, 185, 185, 185, 185, 185, 185, 185, 185, 227, 185, 185, 185, 185, 213, 0, 0, 0, 0, 0, 0, 0, 0, 0, 0, 0, 241, 0, 0, 0, 0, 0, 0, 0, 0, 0, 0, 0, 0, 0, 0, 0, 0, 255, 0, 0, 0, 0, 0, 0, 0, 0, 0, 0, 0, 0, 0, 0, 0, 0, 0, 0, 0, 0, 0, 0, 0, 0, 0, 0, 0, 0, 0, 0, 0, 0, 0, 0, 0, 0, 0, 0, 0, 0, 0, 0, 0, 0, 0, 0, 0, 0, 0, 0, 215, 216, 217, 0, 0, 0, 0, 0, 0, 0, 0, 0, 0, 0, 0, 0, 0, 0, 0, 0, 0, 0, 0, 0, 0, 0, 189, 0, 0, 0, 0, 0, 0, 0, 0, 0, 226, 0, 0, 0, 0, 0, 0, 0, 0, 0, 0, 0, 0, 0, 0, 0, 0, 0, 0, 0, 0, 0, 0, 0, 0, 0, 0, 0, 0, 0, 0, 0, 0, 0, 0, 0, 0, 0], objects=[], opacity=0.0, draworder=), Layer(width=0, height=0, name=Objectlaag 1, type=objectgroup, visible=false, x=0, y=0, data=[], objects=[com.almasb.fxgl.entity.level.tiled.TiledObject@5f4c6a16, com.almasb.fxgl.entity.level.tiled.TiledObject@6400fda0, com.almasb.fxgl.entity.level.tiled.TiledObject@75e0b061, com.almasb.fxgl.entity.level.tiled.TiledObject@11045fd7, com.almasb.fxgl.entity.level.tiled.TiledObject@2da49b3b, com.almasb.fxgl.entity.level.tiled.TiledObject@4e2a9ed2, com.almasb.fxgl.entity.level.tiled.TiledObject@3e395cce, com.almasb.fxgl.entity.level.tiled.TiledObject@df05639, com.almasb.fxgl.entity.level.tiled.TiledObject@40479ff, com.almasb.fxgl.entity.level.tiled.TiledObject@1e42aba3], opacity=0.0, draworder=)], tilesets=[Tileset(firstgid=1, image=tiles_spritesheet.png, name=tiles_spritesheet, tilewidth=70, tileheight=70, imagewidth=914, imageheight=936, margin=0, spacing=2, columns=12, tilecount=156, transparentcolor=, tiles=[]), Tileset(firstgid=157, image=platformerPack_industrial_tilesheet.png, name=_industrial, tilewidth=70, tileheight=70, imagewidth=980, imageheight=560, margin=0, spacing=0, columns=14, tilecount=112, transparentcolor=, tiles=[])], backgroundcolor=, renderorder=right-down, nextobjectid=12, version=1, tiledversion=1.5.0, type=map, infinite=false, hexsidelength=0, staggeraxis=, staggerindex=, properties={}, propertytypes={})
13:59:51.370 [FXGL Background Thread 2 ] DEBUG TMXLevelLoader       - Creating tile layer entities
13:59:51.371 [FXGL Background Thread 2 ] DEBUG TilesetLoader        - Loading view for layer Bottom
13:59:51.371 [FXGL Background Thread 2 ] DEBUG TilesetLoader        - Created buffer with size 1190.0x700.0
13:59:51.398 [FXGL Background Thread 2 ] DEBUG TilesetLoader        - Writing to buffer: dst=770,350, w=70,h=70, src=490,210
13:59:51.399 [FXGL Background Thread 2 ] DEBUG TilesetLoader        - Writing to buffer: dst=840,350, w=70,h=70, src=420,210
13:59:51.399 [FXGL Background Thread 2 ] DEBUG TilesetLoader        - Writing to buffer: dst=910,350, w=70,h=70, src=490,210
13:59:51.399 [FXGL Background Thread 2 ] DEBUG TilesetLoader        - Writing to buffer: dst=490,420, w=70,h=70, src=420,210
13:59:51.400 [FXGL Background Thread 2 ] DEBUG TilesetLoader        - Writing to buffer: dst=560,420, w=70,h=70, src=490,210
13:59:51.400 [FXGL Background Thread 2 ] DEBUG TilesetLoader        - Writing to buffer: dst=630,420, w=70,h=70, src=560,210
13:59:51.400 [FXGL Background Thread 2 ] DEBUG TilesetLoader        - Writing to buffer: dst=280,490, w=70,h=70, src=490,210
13:59:51.400 [FXGL Background Thread 2 ] DEBUG TilesetLoader        - Writing to buffer: dst=350,490, w=70,h=70, src=420,210
13:59:51.401 [FXGL Background Thread 2 ] DEBUG TilesetLoader        - Writing to buffer: dst=70,560, w=70,h=70, src=560,490
13:59:51.401 [FXGL Background Thread 2 ] DEBUG TilesetLoader        - Writing to buffer: dst=140,560, w=70,h=70, src=490,420
13:59:51.401 [FXGL Background Thread 2 ] DEBUG TilesetLoader        - Writing to buffer: dst=210,560, w=70,h=70, src=280,210
13:59:51.401 [FXGL Background Thread 2 ] DEBUG TilesetLoader        - Writing to buffer: dst=770,560, w=70,h=70, src=140,420
13:59:51.401 [FXGL Background Thread 2 ] DEBUG TilesetLoader        - Writing to buffer: dst=840,560, w=70,h=70, src=210,420
13:59:51.402 [FXGL Background Thread 2 ] DEBUG TilesetLoader        - Writing to buffer: dst=910,560, w=70,h=70, src=280,420
13:59:51.402 [FXGL Background Thread 2 ] DEBUG TilesetLoader        - Writing to buffer: dst=0,630, w=70,h=70, src=0,140
13:59:51.402 [FXGL Background Thread 2 ] DEBUG TilesetLoader        - Writing to buffer: dst=70,630, w=70,h=70, src=0,140
13:59:51.402 [FXGL Background Thread 2 ] DEBUG TilesetLoader        - Writing to buffer: dst=140,630, w=70,h=70, src=0,140
13:59:51.402 [FXGL Background Thread 2 ] DEBUG TilesetLoader        - Writing to buffer: dst=210,630, w=70,h=70, src=0,140
13:59:51.403 [FXGL Background Thread 2 ] DEBUG TilesetLoader        - Writing to buffer: dst=280,630, w=70,h=70, src=0,140
13:59:51.403 [FXGL Background Thread 2 ] DEBUG TilesetLoader        - Writing to buffer: dst=350,630, w=70,h=70, src=0,140
13:59:51.403 [FXGL Background Thread 2 ] DEBUG TilesetLoader        - Writing to buffer: dst=420,630, w=70,h=70, src=0,140
13:59:51.403 [FXGL Background Thread 2 ] DEBUG TilesetLoader        - Writing to buffer: dst=490,630, w=70,h=70, src=0,140
13:59:51.403 [FXGL Background Thread 2 ] DEBUG TilesetLoader        - Writing to buffer: dst=560,630, w=70,h=70, src=0,140
13:59:51.404 [FXGL Background Thread 2 ] DEBUG TilesetLoader        - Writing to buffer: dst=630,630, w=70,h=70, src=0,140
13:59:51.404 [FXGL Background Thread 2 ] DEBUG TilesetLoader        - Writing to buffer: dst=700,630, w=70,h=70, src=0,140
13:59:51.404 [FXGL Background Thread 2 ] DEBUG TilesetLoader        - Writing to buffer: dst=770,630, w=70,h=70, src=0,140
13:59:51.404 [FXGL Background Thread 2 ] DEBUG TilesetLoader        - Writing to buffer: dst=840,630, w=70,h=70, src=0,140
13:59:51.404 [FXGL Background Thread 2 ] DEBUG TilesetLoader        - Writing to buffer: dst=910,630, w=70,h=70, src=0,140
13:59:51.404 [FXGL Background Thread 2 ] DEBUG TilesetLoader        - Writing to buffer: dst=980,630, w=70,h=70, src=0,140
13:59:51.404 [FXGL Background Thread 2 ] DEBUG TilesetLoader        - Writing to buffer: dst=1050,630, w=70,h=70, src=0,140
13:59:51.404 [FXGL Background Thread 2 ] DEBUG TilesetLoader        - Writing to buffer: dst=1120,630, w=70,h=70, src=0,140
13:59:51.405 [FXGL Background Thread 2 ] DEBUG TilesetLoader        - Loading view for layer overlay
13:59:51.406 [FXGL Background Thread 2 ] DEBUG TilesetLoader        - Created buffer with size 1190.0x700.0
13:59:51.407 [FXGL Background Thread 2 ] DEBUG TilesetLoader        - Writing to buffer: dst=0,0, w=70,h=70, src=0,280
13:59:51.407 [FXGL Background Thread 2 ] DEBUG TilesetLoader        - Writing to buffer: dst=70,0, w=70,h=70, src=0,140
13:59:51.407 [FXGL Background Thread 2 ] DEBUG TilesetLoader        - Writing to buffer: dst=140,0, w=70,h=70, src=0,140
13:59:51.407 [FXGL Background Thread 2 ] DEBUG TilesetLoader        - Writing to buffer: dst=210,0, w=70,h=70, src=0,140
13:59:51.407 [FXGL Background Thread 2 ] DEBUG TilesetLoader        - Writing to buffer: dst=280,0, w=70,h=70, src=0,140
13:59:51.407 [FXGL Background Thread 2 ] DEBUG TilesetLoader        - Writing to buffer: dst=350,0, w=70,h=70, src=0,140
13:59:51.408 [FXGL Background Thread 2 ] DEBUG TilesetLoader        - Writing to buffer: dst=420,0, w=70,h=70, src=0,140
13:59:51.408 [FXGL Background Thread 2 ] DEBUG TilesetLoader        - Writing to buffer: dst=490,0, w=70,h=70, src=0,140
13:59:51.408 [FXGL Background Thread 2 ] DEBUG TilesetLoader        - Writing to buffer: dst=560,0, w=70,h=70, src=0,140
13:59:51.408 [FXGL Background Thread 2 ] DEBUG TilesetLoader        - Writing to buffer: dst=630,0, w=70,h=70, src=0,140
13:59:51.408 [FXGL Background Thread 2 ] DEBUG TilesetLoader        - Writing to buffer: dst=700,0, w=70,h=70, src=0,140
13:59:51.409 [FXGL Background Thread 2 ] DEBUG TilesetLoader        - Writing to buffer: dst=770,0, w=70,h=70, src=0,350
13:59:51.409 [FXGL Background Thread 2 ] DEBUG TilesetLoader        - Writing to buffer: dst=840,0, w=70,h=70, src=0,140
13:59:51.409 [FXGL Background Thread 2 ] DEBUG TilesetLoader        - Writing to buffer: dst=910,0, w=70,h=70, src=0,140
13:59:51.409 [FXGL Background Thread 2 ] DEBUG TilesetLoader        - Writing to buffer: dst=980,0, w=70,h=70, src=0,140
13:59:51.409 [FXGL Background Thread 2 ] DEBUG TilesetLoader        - Writing to buffer: dst=1050,0, w=70,h=70, src=0,140
13:59:51.409 [FXGL Background Thread 2 ] DEBUG TilesetLoader        - Writing to buffer: dst=1120,0, w=70,h=70, src=0,280
13:59:51.410 [FXGL Background Thread 2 ] DEBUG TilesetLoader        - Writing to buffer: dst=770,70, w=70,h=70, src=0,420
13:59:51.410 [FXGL Background Thread 2 ] DEBUG TilesetLoader        - Writing to buffer: dst=770,140, w=70,h=70, src=0,490
13:59:51.410 [FXGL Background Thread 2 ] DEBUG TilesetLoader        - Writing to buffer: dst=770,350, w=70,h=70, src=140,280
13:59:51.410 [FXGL Background Thread 2 ] DEBUG TilesetLoader        - Writing to buffer: dst=840,350, w=70,h=70, src=210,280
13:59:51.410 [FXGL Background Thread 2 ] DEBUG TilesetLoader        - Writing to buffer: dst=910,350, w=70,h=70, src=280,280
13:59:51.410 [FXGL Background Thread 2 ] DEBUG TilesetLoader        - Writing to buffer: dst=210,490, w=70,h=70, src=280,140
13:59:51.410 [FXGL Background Thread 2 ] DEBUG TilesetLoader        - Writing to buffer: dst=910,490, w=70,h=70, src=910,280
13:59:51.411 [FXGL Background Thread 2 ] DEBUG TMXLevelLoader       - Creating object layer entities
13:59:51.422 [FXGL Background Thread 2 ] DEBUG FXGLAssetLoaderServi - Loading from file system: file:/D:/OneDrive/OneDrive%20-%20Hogeschool%20Leiden/IPOSE/NERDS%20VS%20VIRUS/nerdsvsthevirus/target/classes/assets/textures/spuit2.png
13:59:51.430 [FXGL Background Thread 2 ] DEBUG GameWorld            - Clearing removable entities
13:59:51.430 [FXGL Background Thread 2 ] DEBUG GameWorld            - Setting level: com.almasb.fxgl.entity.level.Level@7b93cf8
13:59:51.437 [FXGL Background Thread 2 ] DEBUG FXGLAssetLoaderServi - Loading from file system: file:/D:/OneDrive/OneDrive%20-%20Hogeschool%20Leiden/IPOSE/NERDS%20VS%20VIRUS/nerdsvsthevirus/target/classes/assets/textures/sprite.png
13:59:51.445 [FXGL Background Thread 2 ] INFO  FXGLApplication      - Game initialization took: 0,101 sec
13:59:51.446 [JavaFX Application Thread] DEBUG Input                - Clearing active input actions
13:59:51.451 [JavaFX Application Thread] DEBUG GameApplicationServi - Removing overlay from FXGLLoadingScene and adding to GameScene
13:59:51.451 [JavaFX Application Thread] DEBUG PrimaryStageWindow   - FXGLLoadingScene -> GameScene
13:59:52.675 [FXGL Background Thread 3 ] DEBUG Engine               - Logging environment variables
13:59:52.676 [FXGL Background Thread 3 ] DEBUG Engine               - achievements: []
13:59:52.676 [FXGL Background Thread 3 ] DEBUG Engine               - actualHeight: 700.0
13:59:52.676 [FXGL Background Thread 3 ] DEBUG Engine               - actualHeightProperty: ReadOnlyDoubleProperty [value: 700.0]
13:59:52.676 [FXGL Background Thread 3 ] DEBUG Engine               - actualWidth: 1050.0
13:59:52.676 [FXGL Background Thread 3 ] DEBUG Engine               - actualWidthProperty: ReadOnlyDoubleProperty [value: 1050.0]
13:59:52.676 [FXGL Background Thread 3 ] DEBUG Engine               - appIcon: fxgl_icon.png
13:59:52.677 [FXGL Background Thread 3 ] DEBUG Engine               - applicationMode: DEVELOPER
13:59:52.677 [FXGL Background Thread 3 ] DEBUG Engine               - cSSList: [fxgl_dark.css]
13:59:52.677 [FXGL Background Thread 3 ] DEBUG Engine               - collisionDetectionStrategy: BRUTE_FORCE
13:59:52.677 [FXGL Background Thread 3 ] DEBUG Engine               - configClass: Optional.empty
13:59:52.677 [FXGL Background Thread 3 ] DEBUG Engine               - credits: []
13:59:52.677 [FXGL Background Thread 3 ] DEBUG Engine               - devBBoxColorProperty: ObjectProperty [value: 0xff0000ff]
13:59:52.677 [FXGL Background Thread 3 ] DEBUG Engine               - devEnableDebugCameraProperty: BooleanProperty [value: false]
13:59:52.678 [FXGL Background Thread 3 ] DEBUG Engine               - devSensorColorProperty: ObjectProperty [value: 0xffff00ff]
13:59:52.678 [FXGL Background Thread 3 ] DEBUG Engine               - devShowBBoxProperty: BooleanProperty [value: false]
13:59:52.678 [FXGL Background Thread 3 ] DEBUG Engine               - devShowPositionProperty: BooleanProperty [value: false]
13:59:52.678 [FXGL Background Thread 3 ] DEBUG Engine               - enabledMenuItems: []
13:59:52.678 [FXGL Background Thread 3 ] DEBUG Engine               - engineServices: [class com.almasb.fxgl.app.services.FXGLAssetLoaderService, class com.almasb.fxgl.app.FXGLApplication$GameApplicationService, class com.almasb.fxgl.app.services.FXGLDialogService, class com.almasb.fxgl.app.services.IOTaskExecutorService, class com.almasb.fxgl.event.EventBusService, class com.almasb.fxgl.io.FileSystemService, class com.almasb.fxgl.localization.LocalizationService, class com.almasb.fxgl.app.services.SystemBundleService, class com.almasb.fxgl.profile.SaveLoadService, class com.almasb.fxgl.ui.FXGLUIFactoryServiceProvider, class com.almasb.fxgl.ui.FXGLDialogFactoryServiceProvider, class com.almasb.fxgl.audio.AudioPlayer, class com.almasb.fxgl.notification.impl.NotificationServiceProvider, class com.almasb.fxgl.achievement.AchievementService, class com.almasb.fxgl.cutscene.CutsceneService, class com.almasb.fxgl.minigames.MiniGameService, class com.almasb.fxgl.net.NetService, class com.almasb.fxgl.app.services.UpdaterService, class com.almasb.fxgl.dev.DevService]
13:59:52.678 [FXGL Background Thread 3 ] DEBUG Engine               - fontGame: Abel-Regular.ttf
13:59:52.678 [FXGL Background Thread 3 ] DEBUG Engine               - fontMono: lucida_console.ttf
13:59:52.678 [FXGL Background Thread 3 ] DEBUG Engine               - fontText: Courier-Prime.ttf
13:59:52.678 [FXGL Background Thread 3 ] DEBUG Engine               - fontUI: VarelaRound-Regular.ttf
13:59:52.679 [FXGL Background Thread 3 ] DEBUG Engine               - fullScreen: BooleanProperty [value: false]
13:59:52.679 [FXGL Background Thread 3 ] DEBUG Engine               - gameDifficulty: MEDIUM
13:59:52.679 [FXGL Background Thread 3 ] DEBUG Engine               - gameDifficultyProperty: ObjectProperty [value: MEDIUM]
13:59:52.679 [FXGL Background Thread 3 ] DEBUG Engine               - globalMusicVolume: 0.5
13:59:52.679 [FXGL Background Thread 3 ] DEBUG Engine               - globalMusicVolumeProperty: DoubleProperty [value: 0.5]
13:59:52.679 [FXGL Background Thread 3 ] DEBUG Engine               - globalSoundVolume: 0.5
13:59:52.679 [FXGL Background Thread 3 ] DEBUG Engine               - globalSoundVolumeProperty: DoubleProperty [value: 0.5]
13:59:52.679 [FXGL Background Thread 3 ] DEBUG Engine               - height: 700
13:59:52.679 [FXGL Background Thread 3 ] DEBUG Engine               - isAndroid: false
13:59:52.679 [FXGL Background Thread 3 ] DEBUG Engine               - isBrowser: false
13:59:52.679 [FXGL Background Thread 3 ] DEBUG Engine               - isClickFeedbackEnabled: false
13:59:52.679 [FXGL Background Thread 3 ] DEBUG Engine               - isCloseConfirmation: false
13:59:52.679 [FXGL Background Thread 3 ] DEBUG Engine               - isDesktop: true
13:59:52.679 [FXGL Background Thread 3 ] DEBUG Engine               - isDeveloperMenuEnabled: false
13:59:52.679 [FXGL Background Thread 3 ] DEBUG Engine               - isEntityPreloadEnabled: true
13:59:52.679 [FXGL Background Thread 3 ] DEBUG Engine               - isExperimental3D: false
13:59:52.680 [FXGL Background Thread 3 ] DEBUG Engine               - isExperimentalNative: false
13:59:52.680 [FXGL Background Thread 3 ] DEBUG Engine               - isExperimentalTiledLargeMap: false
13:59:52.680 [FXGL Background Thread 3 ] DEBUG Engine               - isFileSystemWriteAllowed: true
13:59:52.680 [FXGL Background Thread 3 ] DEBUG Engine               - isFullScreenAllowed: false
13:59:52.680 [FXGL Background Thread 3 ] DEBUG Engine               - isFullScreenFromStart: false
13:59:52.680 [FXGL Background Thread 3 ] DEBUG Engine               - isGameMenuEnabled: true
13:59:52.680 [FXGL Background Thread 3 ] DEBUG Engine               - isIOS: false
13:59:52.680 [FXGL Background Thread 3 ] DEBUG Engine               - isIntroEnabled: false
13:59:52.680 [FXGL Background Thread 3 ] DEBUG Engine               - isLinux: false
13:59:52.680 [FXGL Background Thread 3 ] DEBUG Engine               - isMac: false
13:59:52.680 [FXGL Background Thread 3 ] DEBUG Engine               - isMainMenuEnabled: true
13:59:52.680 [FXGL Background Thread 3 ] DEBUG Engine               - isManualResizeEnabled: false
13:59:52.680 [FXGL Background Thread 3 ] DEBUG Engine               - isMobile: false
13:59:52.680 [FXGL Background Thread 3 ] DEBUG Engine               - isPreserveResizeRatio: false
13:59:52.681 [FXGL Background Thread 3 ] DEBUG Engine               - isProfilingEnabled: false
13:59:52.681 [FXGL Background Thread 3 ] DEBUG Engine               - isScaleAffectedOnResize: true
13:59:52.681 [FXGL Background Thread 3 ] DEBUG Engine               - isSingleStep: false
13:59:52.681 [FXGL Background Thread 3 ] DEBUG Engine               - isUserProfileEnabled: false
13:59:52.681 [FXGL Background Thread 3 ] DEBUG Engine               - isWindows: true
13:59:52.681 [FXGL Background Thread 3 ] DEBUG Engine               - language: ObjectProperty [value: ENGLISH]
13:59:52.681 [FXGL Background Thread 3 ] DEBUG Engine               - menuKey: ESCAPE
13:59:52.681 [FXGL Background Thread 3 ] DEBUG Engine               - notificationViewClass: class com.almasb.fxgl.notification.view.XboxNotificationView
13:59:52.681 [FXGL Background Thread 3 ] DEBUG Engine               - pixelsPerMeter: 50.0
13:59:52.681 [FXGL Background Thread 3 ] DEBUG Engine               - platform: WINDOWS
13:59:52.682 [FXGL Background Thread 3 ] DEBUG Engine               - prefHeightProperty: ReadOnlyDoubleProperty [value: 700.0]
13:59:52.682 [FXGL Background Thread 3 ] DEBUG Engine               - prefWidthProperty: ReadOnlyDoubleProperty [value: 1050.0]
13:59:52.682 [FXGL Background Thread 3 ] DEBUG Engine               - profileDir: profiles/
13:59:52.682 [FXGL Background Thread 3 ] DEBUG Engine               - profileName: StringProperty [value: DEFAULT]
13:59:52.682 [FXGL Background Thread 3 ] DEBUG Engine               - randomSeed: -1
13:59:52.682 [FXGL Background Thread 3 ] DEBUG Engine               - runtimeInfo: RuntimeInfo(platform=WINDOWS, version=11.14, build=01.03.2021 16.59)
13:59:52.682 [FXGL Background Thread 3 ] DEBUG Engine               - saveFileExt: sav
13:59:52.682 [FXGL Background Thread 3 ] DEBUG Engine               - scaledHeightProp$fxgl: DoubleProperty [bound, value: 700.0]
13:59:52.682 [FXGL Background Thread 3 ] DEBUG Engine               - scaledWidthProp$fxgl: DoubleProperty [bound, value: 1050.0]
13:59:52.682 [FXGL Background Thread 3 ] DEBUG Engine               - sceneFactory: NerdvsVirus.Game$1@95b0de0
13:59:52.683 [FXGL Background Thread 3 ] DEBUG Engine               - secondsIn24h: 60
13:59:52.683 [FXGL Background Thread 3 ] DEBUG Engine               - soundMenuBack: menu/back.wav
13:59:52.683 [FXGL Background Thread 3 ] DEBUG Engine               - soundMenuPress: menu/press.wav
13:59:52.683 [FXGL Background Thread 3 ] DEBUG Engine               - soundMenuSelect: menu/select.wav
13:59:52.683 [FXGL Background Thread 3 ] DEBUG Engine               - soundNotification: core/notification.wav
13:59:52.683 [FXGL Background Thread 3 ] DEBUG Engine               - stageStyle: DECORATED
13:59:52.683 [FXGL Background Thread 3 ] DEBUG Engine               - supportedLanguages: [ENGLISH, FRENCH, GERMAN, HUNGARIAN, RUSSIAN]
13:59:52.683 [FXGL Background Thread 3 ] DEBUG Engine               - ticksPerSecond: -1
13:59:52.683 [FXGL Background Thread 3 ] DEBUG Engine               - title: Nerds VS Virus
13:59:52.683 [FXGL Background Thread 3 ] DEBUG Engine               - urlGithub: https://github.com/AlmasB/FXGL
13:59:52.683 [FXGL Background Thread 3 ] DEBUG Engine               - urlLeaderboard: http://fxgl-top.herokuapp.com/
13:59:52.684 [FXGL Background Thread 3 ] DEBUG Engine               - urlPOM: https://raw.githubusercontent.com/AlmasB/FXGL/release/README.md
13:59:52.684 [FXGL Background Thread 3 ] DEBUG Engine               - userAppClass: class NerdvsVirus.Game
13:59:52.684 [FXGL Background Thread 3 ] DEBUG Engine               - version: 0.0
13:59:52.684 [FXGL Background Thread 3 ] DEBUG Engine               - versionCheckDays: 7
13:59:52.684 [FXGL Background Thread 3 ] DEBUG Engine               - width: 1050
13:59:52.684 [FXGL Background Thread 3 ] DEBUG Engine               - Logging services
13:59:52.684 [FXGL Background Thread 3 ] DEBUG Engine               - class com.almasb.fxgl.app.services.FXGLAssetLoaderService
13:59:52.684 [FXGL Background Thread 3 ] DEBUG Engine               - class com.almasb.fxgl.app.FXGLApplication$GameApplicationService
13:59:52.684 [FXGL Background Thread 3 ] DEBUG Engine               - class com.almasb.fxgl.app.services.FXGLDialogService
13:59:52.684 [FXGL Background Thread 3 ] DEBUG Engine               - class com.almasb.fxgl.app.services.IOTaskExecutorService
13:59:52.684 [FXGL Background Thread 3 ] DEBUG Engine               - class com.almasb.fxgl.event.EventBusService
13:59:52.685 [FXGL Background Thread 3 ] DEBUG Engine               - class com.almasb.fxgl.io.FileSystemService
13:59:52.685 [FXGL Background Thread 3 ] DEBUG Engine               - class com.almasb.fxgl.localization.LocalizationService
13:59:52.685 [FXGL Background Thread 3 ] DEBUG Engine               - class com.almasb.fxgl.app.services.SystemBundleService
13:59:52.685 [FXGL Background Thread 3 ] DEBUG Engine               - class com.almasb.fxgl.profile.SaveLoadService
13:59:52.685 [FXGL Background Thread 3 ] DEBUG Engine               - class com.almasb.fxgl.ui.FXGLUIFactoryServiceProvider
13:59:52.685 [FXGL Background Thread 3 ] DEBUG Engine               - class com.almasb.fxgl.ui.FXGLDialogFactoryServiceProvider
13:59:52.685 [FXGL Background Thread 3 ] DEBUG Engine               - class com.almasb.fxgl.audio.AudioPlayer
13:59:52.685 [FXGL Background Thread 3 ] DEBUG Engine               - class com.almasb.fxgl.notification.impl.NotificationServiceProvider
13:59:52.686 [FXGL Background Thread 3 ] DEBUG Engine               - class com.almasb.fxgl.achievement.AchievementService
13:59:52.686 [FXGL Background Thread 3 ] DEBUG Engine               - class com.almasb.fxgl.cutscene.CutsceneService
13:59:52.686 [FXGL Background Thread 3 ] DEBUG Engine               - class com.almasb.fxgl.minigames.MiniGameService
13:59:52.686 [FXGL Background Thread 3 ] DEBUG Engine               - class com.almasb.fxgl.net.NetService
13:59:52.686 [FXGL Background Thread 3 ] DEBUG Engine               - class com.almasb.fxgl.app.services.UpdaterService
13:59:52.686 [FXGL Background Thread 3 ] DEBUG Engine               - class com.almasb.fxgl.dev.DevService
13:59:53.983 [JavaFX Application Thread] DEBUG FXGLApplication      - Exiting FXGL
13:59:53.983 [JavaFX Application Thread] DEBUG LoopRunner           - Stopping loop
13:59:53.983 [JavaFX Application Thread] DEBUG SystemBundleService  - Saving FXGL system data
13:59:53.985 [JavaFX Application Thread] DEBUG FileSystemAccess     - Writing to: D:\OneDrive\OneDrive - Hogeschool Leiden\IPOSE\NERDS VS VIRUS\nerdsvsthevirus\system\fxgl.bundle
13:59:53.986 [JavaFX Application Thread] DEBUG Async                - Shutting down background threads
13:59:53.986 [JavaFX Application Thread] DEBUG PrimaryStageWindow   - Closing main window
13:59:53.994 [JavaFX Application Thread] DEBUG Logger               - Closing Logger
