09:27:43.287 [main                     ] DEBUG Logger               - Configured Logger
09:27:43.385 [main                     ] DEBUG GameApplication      - Logging settings
Title: Nerds VS Virus
Version: 0.0
Width: 1050
Height: 700
Fullscreen: false
Intro: false
Profiling: false
Single step:false
App Mode: DEVELOPER
Menu Key: ESCAPE
Stage Style: DECORATED
Scene Factory: class NerdvsVirus.Game$1

09:27:44.547 [JavaFX Application Thread] DEBUG FXGLApplication      - Initializing FXGL
09:27:44.551 [JavaFX Application Thread] INFO  Engine               - FXGL-11.14 (01.03.2021 16.59) on MAC (J:15.0.1 FX:15)
09:27:44.551 [JavaFX Application Thread] DEBUG Engine               - JRE Vendor Name: Oracle Corporation
09:27:44.552 [JavaFX Application Thread] DEBUG Engine               - Running on OS: Mac OS X version 10.16
09:27:44.552 [JavaFX Application Thread] DEBUG Engine               - Architecture: x86_64
09:27:44.552 [JavaFX Application Thread] INFO  Engine               - Source code and latest versions at: https://github.com/AlmasB/FXGL
09:27:44.553 [JavaFX Application Thread] INFO  Engine               -              Join the FXGL chat at: https://gitter.im/AlmasB/FXGL
09:27:44.834 [JavaFX Application Thread] DEBUG PrimaryStageWindow   - Creating a JavaFX scene
09:27:44.914 [JavaFX Application Thread] DEBUG PrimaryStageWindow   - Target settings size: 1050.0 x 700.0
09:27:44.914 [JavaFX Application Thread] DEBUG PrimaryStageWindow   - Scaled scene size:    1050.0 x 700.0
09:27:44.915 [JavaFX Application Thread] DEBUG PrimaryStageWindow   - Scaled ratio: (1.0, 1.0)
09:27:44.916 [JavaFX Application Thread] DEBUG PrimaryStageWindow   - Set initial scene to FXGLStartupScene
09:27:44.927 [JavaFX Application Thread] DEBUG PrimaryStageWindow   - Opening main window
09:27:45.117 [JavaFX Application Thread] DEBUG PrimaryStageWindow   - Window border size: (0.0, 28.0)
09:27:45.117 [JavaFX Application Thread] DEBUG PrimaryStageWindow   - Scaled size: 1050.0 x 700.0
09:27:45.117 [JavaFX Application Thread] DEBUG PrimaryStageWindow   - Scaled ratio: (1.0, 1.0)
09:27:45.118 [JavaFX Application Thread] DEBUG PrimaryStageWindow   - Scene size: 1050.0 x 700.0
09:27:45.118 [JavaFX Application Thread] DEBUG PrimaryStageWindow   - Stage size: 1050.0 x 728.0
09:27:45.132 [FXGL Background Thread 1 ] DEBUG Engine               - Initializing environment variables
09:27:45.251 [FXGL Background Thread 1 ] DEBUG FXGLAssetLoaderServi - User app class for loading assets: class NerdvsVirus.Game
09:27:45.252 [FXGL Background Thread 1 ] DEBUG GameApplicationServi - Applying CSS: fxgl_dark.css
09:27:45.254 [FXGL Background Thread 1 ] DEBUG FXGLAssetLoaderServi - Loading from file system: jar:file:/Users/chalitandunu/.m2/repository/com/github/almasb/fxgl/11.14/fxgl-11.14.jar!/fxglassets/ui/css/fxgl_dark.css
09:27:45.569 [FXGL Background Thread 1 ] DEBUG GameApplicationServi - Initializing application scenes
09:27:47.627 [FXGL Background Thread 1 ] DEBUG GameWorld            - Game world initialized
09:27:47.940 [FXGL Background Thread 1 ] DEBUG PhysicsWorld         - Physics world initialized: appHeight=700, physics.ppm=50.0
09:27:47.942 [FXGL Background Thread 1 ] DEBUG PhysicsWorld         - Using strategy: BRUTE_FORCE
09:27:48.334 [FXGL Background Thread 1 ] DEBUG GameScene            - Game scene initialized: 1050x700
09:27:48.894 [FXGL Background Thread 1 ] DEBUG FXGLAssetLoaderServi - Loading from file system: jar:file:/Users/chalitandunu/.m2/repository/com/github/almasb/fxgl/11.14/fxgl-11.14.jar!/fxglassets/textures/particles/trace_horizontal.png
09:27:49.036 [FXGL Background Thread 1 ] DEBUG FXGL.DefaultMenu     - createMenuBodyGameMenu()
09:27:49.087 [FXGL Background Thread 1 ] DEBUG FXGL.DefaultMenu     - createOptionsMenu()
09:27:49.101 [FXGL Background Thread 1 ] DEBUG FXGLAssetLoaderServi - Loading from file system: jar:file:/Users/chalitandunu/.m2/repository/com/github/almasb/fxgl/11.14/fxgl-11.14.jar!/fxglassets/textures/particles/smoke.png
09:27:49.281 [FXGL Background Thread 1 ] DEBUG GameApplicationServi - Application scenes initialized
09:27:49.305 [FXGL Background Thread 1 ] DEBUG SystemBundleService  - Loading FXGL system data
09:27:49.327 [FXGL Background Thread 1 ] DEBUG FileSystemAccess     - Reading from: /Users/chalitandunu/Desktop/the void/HS/Jaar 1/Periode 3/IPOSE/nerdsvsthevirus/system/fxgl.bundle
09:27:49.342 [FXGL Background Thread 1 ] DEBUG SystemBundleService  - Bundle FXGL: {}
09:27:49.343 [FXGL Background Thread 1 ] DEBUG UpdaterService       - Checking for updates
09:27:49.377 [FXGL Background Thread 4 ] DEBUG FXGLApplication      - Loading fonts
09:27:49.378 [FXGL Background Thread 4 ] DEBUG FXGLAssetLoaderServi - Loading from file system: jar:file:/Users/chalitandunu/.m2/repository/com/github/almasb/fxgl/11.14/fxgl-11.14.jar!/fxglassets/ui/fonts/VarelaRound-Regular.ttf
09:27:49.382 [FXGL Background Thread 1 ] DEBUG FXGLApplication      - Loading default localization
09:27:49.383 [FXGL Background Thread 1 ] DEBUG FXGLAssetLoaderServi - Loading from file system: jar:file:/Users/chalitandunu/.m2/repository/com/github/almasb/fxgl/11.14/fxgl-11.14.jar!/fxglassets/languages/english.lang
09:27:49.384 [FXGL Background Thread 4 ] DEBUG FXGLAssetLoaderServi - Loading from file system: jar:file:/Users/chalitandunu/.m2/repository/com/github/almasb/fxgl/11.14/fxgl-11.14.jar!/fxglassets/ui/fonts/Abel-Regular.ttf
09:27:49.402 [FXGL Background Thread 4 ] DEBUG FXGLAssetLoaderServi - Loading from file system: jar:file:/Users/chalitandunu/.m2/repository/com/github/almasb/fxgl/11.14/fxgl-11.14.jar!/fxglassets/ui/fonts/lucida_console.ttf
09:27:49.410 [FXGL Background Thread 4 ] DEBUG FXGLAssetLoaderServi - Loading from file system: jar:file:/Users/chalitandunu/.m2/repository/com/github/almasb/fxgl/11.14/fxgl-11.14.jar!/fxglassets/ui/fonts/Courier-Prime.ttf
09:27:49.416 [JavaFX Application Thread] DEBUG FXGLApplication      - Registering font factories with UI factory
09:27:49.446 [FXGL Background Thread 1 ] INFO  FXGLApplication      - FXGL initialization took: 4.312 sec
09:27:49.461 [JavaFX Application Thread] DEBUG Input                - Registered new binding: Left - A
09:27:49.462 [JavaFX Application Thread] DEBUG Input                - Registered new binding: Right - D
09:27:49.462 [JavaFX Application Thread] DEBUG Input                - Registered new binding: Jump - W
09:27:49.463 [JavaFX Application Thread] DEBUG FXGLAssetLoaderServi - Loading from file system: file:/Users/chalitandunu/Desktop/the%20void/HS/Jaar%201/Periode%203/IPOSE/nerdsvsthevirus/target/classes/assets/music/background.wav
09:27:49.832 [JavaFX Application Thread] DEBUG AudioPlayer          - Playing music com.almasb.fxgl.audio.Music@2e2e227f
09:27:49.834 [JavaFX Application Thread] DEBUG FXGLAssetLoaderServi - Loading from file system: jar:file:/Users/chalitandunu/.m2/repository/com/github/almasb/fxgl/11.14/fxgl-11.14.jar!/fxglassets/textures/fxgl_icon.png
09:27:49.880 [JavaFX Application Thread] DEBUG FXGLAssetLoaderServi - Loading from file system: jar:file:/Users/chalitandunu/.m2/repository/com/github/almasb/fxgl/11.14/fxgl-11.14.jar!/fxglassets/ui/cursors/fxgl_default.png
09:27:49.915 [JavaFX Application Thread] DEBUG Input                - Registered new binding: Screenshot - P
09:27:49.917 [JavaFX Application Thread] DEBUG Input                - Registered new binding: System info dump - CTRL+9
09:27:49.918 [JavaFX Application Thread] DEBUG Input                - Registered new binding: Restart - CTRL+R
09:27:49.919 [JavaFX Application Thread] DEBUG Input                - Registered new binding: Toggle Debug Camera - CTRL+C
09:27:49.929 [JavaFX Application Thread] DEBUG LoopRunner           - Starting loop
09:27:49.930 [JavaFX Application Thread] DEBUG LoopRunner           - Initializing JavaFX AnimationTimerLoop
09:27:49.934 [JavaFX Application Thread] DEBUG Input                - Clearing active input actions
09:27:49.949 [JavaFX Application Thread] DEBUG GameApplicationServi - Removing overlay from FXGLStartupScene and adding to FXGLMainMenuDummyScene
09:27:49.951 [JavaFX Application Thread] DEBUG PrimaryStageWindow   - FXGLStartupScene -> FXGLMainMenuDummyScene
09:27:49.952 [JavaFX Application Thread] DEBUG PrimaryStageWindow   - Push state: MainMenu
09:27:49.952 [JavaFX Application Thread] DEBUG Input                - Clearing active input actions
09:27:50.871 [JavaFX Application Thread] DEBUG GameApplicationServi - Removing overlay from FXGLMainMenuDummyScene and adding to MainMenu
09:27:50.871 [JavaFX Application Thread] DEBUG PrimaryStageWindow   - FXGLMainMenuDummyScene -> MainMenu
09:27:52.373 [FXGL Background Thread 3 ] DEBUG Engine               - Logging environment variables
09:27:52.374 [FXGL Background Thread 3 ] DEBUG Engine               - achievements: []
09:27:52.375 [FXGL Background Thread 3 ] DEBUG Engine               - actualHeight: 700.0
09:27:52.375 [FXGL Background Thread 3 ] DEBUG Engine               - actualHeightProperty: ReadOnlyDoubleProperty [value: 700.0]
09:27:52.376 [FXGL Background Thread 3 ] DEBUG Engine               - actualWidth: 1050.0
09:27:52.376 [FXGL Background Thread 3 ] DEBUG Engine               - actualWidthProperty: ReadOnlyDoubleProperty [value: 1050.0]
09:27:52.377 [FXGL Background Thread 3 ] DEBUG Engine               - appIcon: fxgl_icon.png
09:27:52.377 [FXGL Background Thread 3 ] DEBUG Engine               - applicationMode: DEVELOPER
09:27:52.377 [FXGL Background Thread 3 ] DEBUG Engine               - cSSList: [fxgl_dark.css]
09:27:52.378 [FXGL Background Thread 3 ] DEBUG Engine               - collisionDetectionStrategy: BRUTE_FORCE
09:27:52.378 [FXGL Background Thread 3 ] DEBUG Engine               - configClass: Optional.empty
09:27:52.378 [FXGL Background Thread 3 ] DEBUG Engine               - credits: []
09:27:52.379 [FXGL Background Thread 3 ] DEBUG Engine               - devBBoxColorProperty: ObjectProperty [value: 0xff0000ff]
09:27:52.379 [FXGL Background Thread 3 ] DEBUG Engine               - devEnableDebugCameraProperty: BooleanProperty [value: false]
09:27:52.380 [FXGL Background Thread 3 ] DEBUG Engine               - devSensorColorProperty: ObjectProperty [value: 0xffff00ff]
09:27:52.381 [FXGL Background Thread 3 ] DEBUG Engine               - devShowBBoxProperty: BooleanProperty [value: false]
09:27:52.381 [FXGL Background Thread 3 ] DEBUG Engine               - devShowPositionProperty: BooleanProperty [value: false]
09:27:52.381 [FXGL Background Thread 3 ] DEBUG Engine               - enabledMenuItems: []
09:27:52.382 [FXGL Background Thread 3 ] DEBUG Engine               - engineServices: [class com.almasb.fxgl.app.services.FXGLAssetLoaderService, class com.almasb.fxgl.app.FXGLApplication$GameApplicationService, class com.almasb.fxgl.app.services.FXGLDialogService, class com.almasb.fxgl.app.services.IOTaskExecutorService, class com.almasb.fxgl.event.EventBusService, class com.almasb.fxgl.io.FileSystemService, class com.almasb.fxgl.localization.LocalizationService, class com.almasb.fxgl.app.services.SystemBundleService, class com.almasb.fxgl.profile.SaveLoadService, class com.almasb.fxgl.ui.FXGLUIFactoryServiceProvider, class com.almasb.fxgl.ui.FXGLDialogFactoryServiceProvider, class com.almasb.fxgl.audio.AudioPlayer, class com.almasb.fxgl.notification.impl.NotificationServiceProvider, class com.almasb.fxgl.achievement.AchievementService, class com.almasb.fxgl.cutscene.CutsceneService, class com.almasb.fxgl.minigames.MiniGameService, class com.almasb.fxgl.net.NetService, class com.almasb.fxgl.app.services.UpdaterService, class com.almasb.fxgl.dev.DevService]
09:27:52.382 [FXGL Background Thread 3 ] DEBUG Engine               - fontGame: Abel-Regular.ttf
09:27:52.382 [FXGL Background Thread 3 ] DEBUG Engine               - fontMono: lucida_console.ttf
09:27:52.383 [FXGL Background Thread 3 ] DEBUG Engine               - fontText: Courier-Prime.ttf
09:27:52.383 [FXGL Background Thread 3 ] DEBUG Engine               - fontUI: VarelaRound-Regular.ttf
09:27:52.383 [FXGL Background Thread 3 ] DEBUG Engine               - fullScreen: BooleanProperty [value: false]
09:27:52.383 [FXGL Background Thread 3 ] DEBUG Engine               - gameDifficulty: MEDIUM
09:27:52.384 [FXGL Background Thread 3 ] DEBUG Engine               - gameDifficultyProperty: ObjectProperty [value: MEDIUM]
09:27:52.384 [FXGL Background Thread 3 ] DEBUG Engine               - globalMusicVolume: 0.5
09:27:52.384 [FXGL Background Thread 3 ] DEBUG Engine               - globalMusicVolumeProperty: DoubleProperty [value: 0.1]
09:27:52.384 [FXGL Background Thread 3 ] DEBUG Engine               - globalSoundVolume: 0.5
09:27:52.384 [FXGL Background Thread 3 ] DEBUG Engine               - globalSoundVolumeProperty: DoubleProperty [value: 0.5]
09:27:52.385 [FXGL Background Thread 3 ] DEBUG Engine               - height: 700
09:27:52.385 [FXGL Background Thread 3 ] DEBUG Engine               - isAndroid: false
09:27:52.385 [FXGL Background Thread 3 ] DEBUG Engine               - isBrowser: false
09:27:52.385 [FXGL Background Thread 3 ] DEBUG Engine               - isClickFeedbackEnabled: false
09:27:52.386 [FXGL Background Thread 3 ] DEBUG Engine               - isCloseConfirmation: false
09:27:52.386 [FXGL Background Thread 3 ] DEBUG Engine               - isDesktop: true
09:27:52.386 [FXGL Background Thread 3 ] DEBUG Engine               - isDeveloperMenuEnabled: false
09:27:52.387 [FXGL Background Thread 3 ] DEBUG Engine               - isEntityPreloadEnabled: true
09:27:52.387 [FXGL Background Thread 3 ] DEBUG Engine               - isExperimental3D: false
09:27:52.388 [FXGL Background Thread 3 ] DEBUG Engine               - isExperimentalNative: false
09:27:52.389 [FXGL Background Thread 3 ] DEBUG Engine               - isExperimentalTiledLargeMap: false
09:27:52.389 [FXGL Background Thread 3 ] DEBUG Engine               - isFileSystemWriteAllowed: true
09:27:52.389 [FXGL Background Thread 3 ] DEBUG Engine               - isFullScreenAllowed: false
09:27:52.389 [FXGL Background Thread 3 ] DEBUG Engine               - isFullScreenFromStart: false
09:27:52.390 [FXGL Background Thread 3 ] DEBUG Engine               - isGameMenuEnabled: true
09:27:52.390 [FXGL Background Thread 3 ] DEBUG Engine               - isIOS: false
09:27:52.392 [FXGL Background Thread 3 ] DEBUG Engine               - isIntroEnabled: false
09:27:52.392 [FXGL Background Thread 3 ] DEBUG Engine               - isLinux: false
09:27:52.393 [FXGL Background Thread 3 ] DEBUG Engine               - isMac: true
09:27:52.394 [FXGL Background Thread 3 ] DEBUG Engine               - isMainMenuEnabled: true
09:27:52.395 [FXGL Background Thread 3 ] DEBUG Engine               - isManualResizeEnabled: false
09:27:52.395 [FXGL Background Thread 3 ] DEBUG Engine               - isMobile: false
09:27:52.395 [FXGL Background Thread 3 ] DEBUG Engine               - isPreserveResizeRatio: false
09:27:52.396 [FXGL Background Thread 3 ] DEBUG Engine               - isProfilingEnabled: false
09:27:52.396 [FXGL Background Thread 3 ] DEBUG Engine               - isScaleAffectedOnResize: true
09:27:52.396 [FXGL Background Thread 3 ] DEBUG Engine               - isSingleStep: false
09:27:52.397 [FXGL Background Thread 3 ] DEBUG Engine               - isUserProfileEnabled: false
09:27:52.397 [FXGL Background Thread 3 ] DEBUG Engine               - isWindows: false
09:27:52.398 [FXGL Background Thread 3 ] DEBUG Engine               - language: ObjectProperty [value: ENGLISH]
09:27:52.399 [FXGL Background Thread 3 ] DEBUG Engine               - menuKey: ESCAPE
09:27:52.399 [FXGL Background Thread 3 ] DEBUG Engine               - notificationViewClass: class com.almasb.fxgl.notification.view.XboxNotificationView
09:27:52.402 [FXGL Background Thread 3 ] DEBUG Engine               - pixelsPerMeter: 50.0
09:27:52.402 [FXGL Background Thread 3 ] DEBUG Engine               - platform: MAC
09:27:52.403 [FXGL Background Thread 3 ] DEBUG Engine               - prefHeightProperty: ReadOnlyDoubleProperty [value: 700.0]
09:27:52.403 [FXGL Background Thread 3 ] DEBUG Engine               - prefWidthProperty: ReadOnlyDoubleProperty [value: 1050.0]
09:27:52.403 [FXGL Background Thread 3 ] DEBUG Engine               - profileDir: profiles/
09:27:52.404 [FXGL Background Thread 3 ] DEBUG Engine               - profileName: StringProperty [value: DEFAULT]
09:27:52.405 [FXGL Background Thread 3 ] DEBUG Engine               - randomSeed: -1
09:27:52.405 [FXGL Background Thread 3 ] DEBUG Engine               - runtimeInfo: RuntimeInfo(platform=MAC, version=11.14, build=01.03.2021 16.59)
09:27:52.406 [FXGL Background Thread 3 ] DEBUG Engine               - saveFileExt: sav
09:27:52.406 [FXGL Background Thread 3 ] DEBUG Engine               - scaledHeightProp$fxgl: DoubleProperty [bound, value: 700.0]
09:27:52.406 [FXGL Background Thread 3 ] DEBUG Engine               - scaledWidthProp$fxgl: DoubleProperty [bound, value: 1050.0]
09:27:52.406 [FXGL Background Thread 3 ] DEBUG Engine               - sceneFactory: NerdvsVirus.Game$1@3e33eef7
09:27:52.407 [FXGL Background Thread 3 ] DEBUG Engine               - secondsIn24h: 60
09:27:52.407 [FXGL Background Thread 3 ] DEBUG Engine               - soundMenuBack: menu/back.wav
09:27:52.408 [FXGL Background Thread 3 ] DEBUG Engine               - soundMenuPress: menu/press.wav
09:27:52.408 [FXGL Background Thread 3 ] DEBUG Engine               - soundMenuSelect: menu/select.wav
09:27:52.410 [FXGL Background Thread 3 ] DEBUG Engine               - soundNotification: core/notification.wav
09:27:52.410 [FXGL Background Thread 3 ] DEBUG Engine               - stageStyle: DECORATED
09:27:52.410 [FXGL Background Thread 3 ] DEBUG Engine               - supportedLanguages: [ENGLISH, FRENCH, GERMAN, HUNGARIAN, RUSSIAN]
09:27:52.411 [FXGL Background Thread 3 ] DEBUG Engine               - ticksPerSecond: -1
09:27:52.411 [FXGL Background Thread 3 ] DEBUG Engine               - title: Nerds VS Virus
09:27:52.411 [FXGL Background Thread 3 ] DEBUG Engine               - urlGithub: https://github.com/AlmasB/FXGL
09:27:52.411 [FXGL Background Thread 3 ] DEBUG Engine               - urlLeaderboard: http://fxgl-top.herokuapp.com/
09:27:52.412 [FXGL Background Thread 3 ] DEBUG Engine               - urlPOM: https://raw.githubusercontent.com/AlmasB/FXGL/release/README.md
09:27:52.412 [FXGL Background Thread 3 ] DEBUG Engine               - userAppClass: class NerdvsVirus.Game
09:27:52.412 [FXGL Background Thread 3 ] DEBUG Engine               - version: 0.0
09:27:52.413 [FXGL Background Thread 3 ] DEBUG Engine               - versionCheckDays: 7
09:27:52.413 [FXGL Background Thread 3 ] DEBUG Engine               - width: 1050
09:27:52.413 [FXGL Background Thread 3 ] DEBUG Engine               - Logging services
09:27:52.414 [FXGL Background Thread 3 ] DEBUG Engine               - class com.almasb.fxgl.app.services.FXGLAssetLoaderService
09:27:52.414 [FXGL Background Thread 3 ] DEBUG Engine               - class com.almasb.fxgl.app.FXGLApplication$GameApplicationService
09:27:52.416 [FXGL Background Thread 3 ] DEBUG Engine               - class com.almasb.fxgl.app.services.FXGLDialogService
09:27:52.416 [FXGL Background Thread 3 ] DEBUG Engine               - class com.almasb.fxgl.app.services.IOTaskExecutorService
09:27:52.417 [FXGL Background Thread 3 ] DEBUG Engine               - class com.almasb.fxgl.event.EventBusService
09:27:52.417 [FXGL Background Thread 3 ] DEBUG Engine               - class com.almasb.fxgl.io.FileSystemService
09:27:52.417 [FXGL Background Thread 3 ] DEBUG Engine               - class com.almasb.fxgl.localization.LocalizationService
09:27:52.417 [FXGL Background Thread 3 ] DEBUG Engine               - class com.almasb.fxgl.app.services.SystemBundleService
09:27:52.418 [FXGL Background Thread 3 ] DEBUG Engine               - class com.almasb.fxgl.profile.SaveLoadService
09:27:52.418 [FXGL Background Thread 3 ] DEBUG Engine               - class com.almasb.fxgl.ui.FXGLUIFactoryServiceProvider
09:27:52.418 [FXGL Background Thread 3 ] DEBUG Engine               - class com.almasb.fxgl.ui.FXGLDialogFactoryServiceProvider
09:27:52.419 [FXGL Background Thread 3 ] DEBUG Engine               - class com.almasb.fxgl.audio.AudioPlayer
09:27:52.419 [FXGL Background Thread 3 ] DEBUG Engine               - class com.almasb.fxgl.notification.impl.NotificationServiceProvider
09:27:52.420 [FXGL Background Thread 3 ] DEBUG Engine               - class com.almasb.fxgl.achievement.AchievementService
09:27:52.420 [FXGL Background Thread 3 ] DEBUG Engine               - class com.almasb.fxgl.cutscene.CutsceneService
09:27:52.421 [FXGL Background Thread 3 ] DEBUG Engine               - class com.almasb.fxgl.minigames.MiniGameService
09:27:52.421 [FXGL Background Thread 3 ] DEBUG Engine               - class com.almasb.fxgl.net.NetService
09:27:52.421 [FXGL Background Thread 3 ] DEBUG Engine               - class com.almasb.fxgl.app.services.UpdaterService
09:27:52.424 [FXGL Background Thread 3 ] DEBUG Engine               - class com.almasb.fxgl.dev.DevService
09:28:04.857 [JavaFX Application Thread] DEBUG Menu                 - fireNewGame()
09:28:04.857 [JavaFX Application Thread] DEBUG GameApplicationServi - Starting new game
09:28:04.857 [JavaFX Application Thread] DEBUG PrimaryStageWindow   - Pop state: MainMenu
09:28:04.857 [JavaFX Application Thread] DEBUG Input                - Clearing active input actions
09:28:04.859 [JavaFX Application Thread] DEBUG GameApplicationServi - Removing overlay from MainMenu and adding to FXGLMainMenuDummyScene
09:28:04.859 [JavaFX Application Thread] DEBUG PrimaryStageWindow   - FXGLMainMenuDummyScene <- MainMenu
09:28:04.860 [JavaFX Application Thread] DEBUG Input                - Clearing active input actions
09:28:04.877 [JavaFX Application Thread] DEBUG GameApplicationServi - Removing overlay from FXGLMainMenuDummyScene and adding to FXGLLoadingScene
09:28:04.877 [JavaFX Application Thread] DEBUG PrimaryStageWindow   - FXGLMainMenuDummyScene -> FXGLLoadingScene
09:28:04.877 [JavaFX Application Thread] DEBUG GameApplicationServi - Clearing previous game
09:28:04.878 [JavaFX Application Thread] DEBUG GameScene            - Clearing game scene
09:28:04.878 [JavaFX Application Thread] DEBUG GameWorld            - Clearing game world
09:28:04.879 [JavaFX Application Thread] DEBUG PhysicsWorld         - Clearing physics world
09:28:04.882 [FXGL Background Thread 2 ] DEBUG FXGLApplication      - Initializing game
09:28:04.906 [FXGL Background Thread 2 ] DEBUG FXGLAssetLoaderServi - Loading from file system: file:/Users/chalitandunu/Desktop/the%20void/HS/Jaar%201/Periode%203/IPOSE/nerdsvsthevirus/target/classes/assets/textures/bg1.jpg
09:28:05.635 [FXGL Background Thread 2 ] WARN  TMXLevelLoader       - TiledMap generated from 1.5.0. Supported version: 1.2.3. Some features may not be parsed fully.
09:28:05.680 [FXGL Background Thread 2 ] DEBUG TMXLevelLoader       - Parsed raw map: TiledMap(width=30, height=10, tilewidth=70, tileheight=70, orientation=orthogonal, layers=[Layer(width=30, height=10, name=Bottom, type=tilelayer, visible=false, x=0, y=0, data=[0, 0, 0, 0, 0, 0, 0, 0, 0, 0, 0, 0, 0, 0, 0, 0, 0, 0, 0, 0, 0, 0, 0, 0, 0, 0, 0, 0, 0, 0, 0, 0, 0, 0, 0, 0, 0, 0, 0, 0, 0, 0, 0, 0, 0, 0, 0, 0, 0, 0, 0, 0, 0, 0, 0, 0, 0, 0, 0, 0, 0, 0, 0, 0, 0, 0, 0, 0, 0, 0, 0, 0, 0, 0, 0, 0, 0, 0, 0, 0, 0, 0, 0, 0, 0, 0, 0, 0, 0, 0, 0, 0, 0, 0, 0, 0, 0, 0, 0, 0, 0, 0, 0, 0, 0, 0, 0, 0, 0, 0, 0, 0, 0, 0, 0, 0, 0, 0, 0, 0, 0, 0, 0, 0, 0, 0, 0, 0, 0, 0, 0, 0, 0, 0, 0, 0, 0, 0, 0, 0, 0, 0, 0, 0, 0, 0, 0, 0, 0, 0, 0, 0, 0, 0, 0, 0, 0, 0, 0, 0, 0, 206, 205, 206, 0, 0, 0, 0, 0, 0, 0, 0, 0, 0, 0, 0, 0, 0, 0, 0, 0, 0, 0, 0, 0, 0, 0, 205, 206, 207, 0, 0, 0, 0, 0, 0, 0, 0, 0, 0, 0, 0, 0, 0, 0, 0, 0, 0, 0, 0, 0, 0, 0, 0, 206, 205, 0, 0, 0, 0, 0, 0, 0, 0, 0, 0, 0, 0, 0, 0, 0, 0, 0, 0, 0, 0, 0, 0, 0, 0, 0, 263, 0, 203, 0, 0, 0, 0, 0, 0, 0, 243, 244, 245, 0, 0, 0, 0, 0, 0, 0, 0, 0, 0, 0, 0, 0, 0, 0, 0, 185, 185, 185, 185, 185, 185, 185, 185, 185, 185, 185, 185, 185, 185, 185, 185, 0, 0, 185, 185, 185, 0, 0, 185, 185, 185, 185, 185, 185, 185], objects=[], opacity=0.0, draworder=), Layer(width=30, height=10, name=overlay, type=tilelayer, visible=false, x=0, y=0, data=[213, 185, 185, 185, 185, 185, 185, 185, 185, 185, 185, 227, 185, 185, 185, 185, 213, 0, 0, 0, 0, 0, 0, 0, 0, 0, 0, 0, 0, 0, 0, 0, 0, 0, 0, 0, 0, 0, 0, 0, 0, 241, 0, 0, 0, 0, 0, 0, 0, 0, 0, 0, 0, 0, 0, 0, 0, 0, 0, 0, 0, 0, 0, 0, 0, 0, 0, 0, 0, 0, 0, 255, 0, 0, 0, 0, 0, 0, 0, 0, 0, 0, 0, 0, 0, 0, 0, 0, 0, 0, 0, 0, 0, 0, 0, 0, 0, 0, 0, 0, 0, 0, 0, 0, 0, 0, 0, 0, 0, 0, 0, 0, 0, 0, 0, 0, 0, 0, 0, 0, 0, 0, 0, 0, 0, 0, 0, 0, 0, 0, 0, 0, 0, 0, 0, 0, 0, 0, 0, 0, 0, 0, 0, 0, 0, 0, 0, 0, 0, 0, 0, 0, 0, 0, 0, 0, 0, 0, 0, 0, 0, 215, 216, 217, 0, 0, 0, 0, 0, 0, 0, 0, 0, 0, 0, 0, 0, 0, 0, 0, 0, 0, 0, 0, 0, 0, 0, 0, 0, 0, 0, 0, 0, 0, 0, 0, 0, 0, 0, 0, 0, 0, 0, 0, 0, 0, 0, 0, 0, 0, 0, 0, 0, 189, 0, 0, 0, 0, 0, 0, 0, 0, 0, 226, 0, 0, 0, 0, 0, 0, 0, 0, 0, 0, 0, 0, 0, 0, 46, 0, 0, 0, 0, 0, 0, 0, 0, 0, 0, 0, 0, 0, 0, 0, 0, 0, 0, 0, 0, 0, 0, 0, 0, 0, 0, 0, 226, 0, 58, 0, 0, 0, 0, 0, 0, 0, 0, 0, 0, 0, 0, 0, 0, 0, 0, 0, 224, 224, 0, 0, 0, 224, 224, 0, 0, 0, 0, 0, 0, 0], objects=[], opacity=0.0, draworder=), Layer(width=0, height=0, name=Objectlaag 1, type=objectgroup, visible=false, x=0, y=0, data=[], objects=[com.almasb.fxgl.entity.level.tiled.TiledObject@3452baec, com.almasb.fxgl.entity.level.tiled.TiledObject@68841742, com.almasb.fxgl.entity.level.tiled.TiledObject@17569661, com.almasb.fxgl.entity.level.tiled.TiledObject@5b73767, com.almasb.fxgl.entity.level.tiled.TiledObject@249368e7, com.almasb.fxgl.entity.level.tiled.TiledObject@6c654530, com.almasb.fxgl.entity.level.tiled.TiledObject@4fa33343, com.almasb.fxgl.entity.level.tiled.TiledObject@731339df, com.almasb.fxgl.entity.level.tiled.TiledObject@4cf8a30a, com.almasb.fxgl.entity.level.tiled.TiledObject@af23360, com.almasb.fxgl.entity.level.tiled.TiledObject@5c9d3056, com.almasb.fxgl.entity.level.tiled.TiledObject@362a37db, com.almasb.fxgl.entity.level.tiled.TiledObject@3fc332e7, com.almasb.fxgl.entity.level.tiled.TiledObject@24b17f4c, com.almasb.fxgl.entity.level.tiled.TiledObject@119bf40c, com.almasb.fxgl.entity.level.tiled.TiledObject@76e89d0b, com.almasb.fxgl.entity.level.tiled.TiledObject@501acd3b, com.almasb.fxgl.entity.level.tiled.TiledObject@7f7e836b, com.almasb.fxgl.entity.level.tiled.TiledObject@310b331c, com.almasb.fxgl.entity.level.tiled.TiledObject@339e0f3], opacity=0.0, draworder=)], tilesets=[Tileset(firstgid=1, image=../../../../../../../Eigen test/src/main/resources/assets/levels/tiles_spritesheet.png, name=tiles_spritesheet, tilewidth=70, tileheight=70, imagewidth=914, imageheight=936, margin=0, spacing=2, columns=12, tilecount=156, transparentcolor=, tiles=[]), Tileset(firstgid=157, image=../../../../../../../Eigen test/src/main/resources/assets/levels/platformerPack_industrial_tilesheet.png, name=_industrial, tilewidth=70, tileheight=70, imagewidth=980, imageheight=560, margin=0, spacing=0, columns=14, tilecount=112, transparentcolor=, tiles=[])], backgroundcolor=, renderorder=right-down, nextobjectid=29, version=1, tiledversion=1.5.0, type=map, infinite=false, hexsidelength=0, staggeraxis=, staggerindex=, properties={}, propertytypes={})
09:28:05.683 [FXGL Background Thread 2 ] DEBUG TMXLevelLoader       - Creating tile layer entities
09:28:05.684 [FXGL Background Thread 2 ] DEBUG TilesetLoader        - Loading view for layer Bottom
09:28:05.700 [FXGL Background Thread 2 ] DEBUG TilesetLoader        - Created buffer with size 2100.0x700.0
09:28:05.790 [FXGL Background Thread 2 ] DEBUG TilesetLoader        - Writing to buffer: dst=770,350, w=70,h=70, src=490,210
09:28:05.791 [FXGL Background Thread 2 ] DEBUG TilesetLoader        - Writing to buffer: dst=840,350, w=70,h=70, src=420,210
09:28:05.791 [FXGL Background Thread 2 ] DEBUG TilesetLoader        - Writing to buffer: dst=910,350, w=70,h=70, src=490,210
09:28:05.792 [FXGL Background Thread 2 ] DEBUG TilesetLoader        - Writing to buffer: dst=490,420, w=70,h=70, src=420,210
09:28:05.792 [FXGL Background Thread 2 ] DEBUG TilesetLoader        - Writing to buffer: dst=560,420, w=70,h=70, src=490,210
09:28:05.793 [FXGL Background Thread 2 ] DEBUG TilesetLoader        - Writing to buffer: dst=630,420, w=70,h=70, src=560,210
09:28:05.793 [FXGL Background Thread 2 ] DEBUG TilesetLoader        - Writing to buffer: dst=280,490, w=70,h=70, src=490,210
09:28:05.793 [FXGL Background Thread 2 ] DEBUG TilesetLoader        - Writing to buffer: dst=350,490, w=70,h=70, src=420,210
09:28:05.795 [FXGL Background Thread 2 ] DEBUG TilesetLoader        - Writing to buffer: dst=70,560, w=70,h=70, src=560,490
09:28:05.796 [FXGL Background Thread 2 ] DEBUG TilesetLoader        - Writing to buffer: dst=210,560, w=70,h=70, src=280,210
09:28:05.796 [FXGL Background Thread 2 ] DEBUG TilesetLoader        - Writing to buffer: dst=770,560, w=70,h=70, src=140,420
09:28:05.799 [FXGL Background Thread 2 ] DEBUG TilesetLoader        - Writing to buffer: dst=840,560, w=70,h=70, src=210,420
09:28:05.800 [FXGL Background Thread 2 ] DEBUG TilesetLoader        - Writing to buffer: dst=910,560, w=70,h=70, src=280,420
09:28:05.801 [FXGL Background Thread 2 ] DEBUG TilesetLoader        - Writing to buffer: dst=0,630, w=70,h=70, src=0,140
09:28:05.801 [FXGL Background Thread 2 ] DEBUG TilesetLoader        - Writing to buffer: dst=70,630, w=70,h=70, src=0,140
09:28:05.801 [FXGL Background Thread 2 ] DEBUG TilesetLoader        - Writing to buffer: dst=140,630, w=70,h=70, src=0,140
09:28:05.803 [FXGL Background Thread 2 ] DEBUG TilesetLoader        - Writing to buffer: dst=210,630, w=70,h=70, src=0,140
09:28:05.804 [FXGL Background Thread 2 ] DEBUG TilesetLoader        - Writing to buffer: dst=280,630, w=70,h=70, src=0,140
09:28:05.804 [FXGL Background Thread 2 ] DEBUG TilesetLoader        - Writing to buffer: dst=350,630, w=70,h=70, src=0,140
09:28:05.804 [FXGL Background Thread 2 ] DEBUG TilesetLoader        - Writing to buffer: dst=420,630, w=70,h=70, src=0,140
09:28:05.805 [FXGL Background Thread 2 ] DEBUG TilesetLoader        - Writing to buffer: dst=490,630, w=70,h=70, src=0,140
09:28:05.805 [FXGL Background Thread 2 ] DEBUG TilesetLoader        - Writing to buffer: dst=560,630, w=70,h=70, src=0,140
09:28:05.805 [FXGL Background Thread 2 ] DEBUG TilesetLoader        - Writing to buffer: dst=630,630, w=70,h=70, src=0,140
09:28:05.805 [FXGL Background Thread 2 ] DEBUG TilesetLoader        - Writing to buffer: dst=700,630, w=70,h=70, src=0,140
09:28:05.806 [FXGL Background Thread 2 ] DEBUG TilesetLoader        - Writing to buffer: dst=770,630, w=70,h=70, src=0,140
09:28:05.806 [FXGL Background Thread 2 ] DEBUG TilesetLoader        - Writing to buffer: dst=840,630, w=70,h=70, src=0,140
09:28:05.807 [FXGL Background Thread 2 ] DEBUG TilesetLoader        - Writing to buffer: dst=910,630, w=70,h=70, src=0,140
09:28:05.809 [FXGL Background Thread 2 ] DEBUG TilesetLoader        - Writing to buffer: dst=980,630, w=70,h=70, src=0,140
09:28:05.814 [FXGL Background Thread 2 ] DEBUG TilesetLoader        - Writing to buffer: dst=1050,630, w=70,h=70, src=0,140
09:28:05.815 [FXGL Background Thread 2 ] DEBUG TilesetLoader        - Writing to buffer: dst=1260,630, w=70,h=70, src=0,140
09:28:05.815 [FXGL Background Thread 2 ] DEBUG TilesetLoader        - Writing to buffer: dst=1330,630, w=70,h=70, src=0,140
09:28:05.815 [FXGL Background Thread 2 ] DEBUG TilesetLoader        - Writing to buffer: dst=1400,630, w=70,h=70, src=0,140
09:28:05.822 [FXGL Background Thread 2 ] DEBUG TilesetLoader        - Writing to buffer: dst=1610,630, w=70,h=70, src=0,140
09:28:05.822 [FXGL Background Thread 2 ] DEBUG TilesetLoader        - Writing to buffer: dst=1680,630, w=70,h=70, src=0,140
09:28:05.831 [FXGL Background Thread 2 ] DEBUG TilesetLoader        - Writing to buffer: dst=1750,630, w=70,h=70, src=0,140
09:28:05.832 [FXGL Background Thread 2 ] DEBUG TilesetLoader        - Writing to buffer: dst=1820,630, w=70,h=70, src=0,140
09:28:05.833 [FXGL Background Thread 2 ] DEBUG TilesetLoader        - Writing to buffer: dst=1890,630, w=70,h=70, src=0,140
09:28:05.833 [FXGL Background Thread 2 ] DEBUG TilesetLoader        - Writing to buffer: dst=1960,630, w=70,h=70, src=0,140
09:28:05.833 [FXGL Background Thread 2 ] DEBUG TilesetLoader        - Writing to buffer: dst=2030,630, w=70,h=70, src=0,140
09:28:05.834 [FXGL Background Thread 2 ] DEBUG TilesetLoader        - Loading view for layer overlay
09:28:05.835 [FXGL Background Thread 2 ] DEBUG TilesetLoader        - Created buffer with size 2100.0x700.0
09:28:05.839 [FXGL Background Thread 2 ] DEBUG TilesetLoader        - Writing to buffer: dst=0,0, w=70,h=70, src=0,280
09:28:05.839 [FXGL Background Thread 2 ] DEBUG TilesetLoader        - Writing to buffer: dst=70,0, w=70,h=70, src=0,140
09:28:05.839 [FXGL Background Thread 2 ] DEBUG TilesetLoader        - Writing to buffer: dst=140,0, w=70,h=70, src=0,140
09:28:05.840 [FXGL Background Thread 2 ] DEBUG TilesetLoader        - Writing to buffer: dst=210,0, w=70,h=70, src=0,140
09:28:05.849 [FXGL Background Thread 2 ] DEBUG TilesetLoader        - Writing to buffer: dst=280,0, w=70,h=70, src=0,140
09:28:05.850 [FXGL Background Thread 2 ] DEBUG TilesetLoader        - Writing to buffer: dst=350,0, w=70,h=70, src=0,140
09:28:05.850 [FXGL Background Thread 2 ] DEBUG TilesetLoader        - Writing to buffer: dst=420,0, w=70,h=70, src=0,140
09:28:05.850 [FXGL Background Thread 2 ] DEBUG TilesetLoader        - Writing to buffer: dst=490,0, w=70,h=70, src=0,140
09:28:05.851 [FXGL Background Thread 2 ] DEBUG TilesetLoader        - Writing to buffer: dst=560,0, w=70,h=70, src=0,140
09:28:05.851 [FXGL Background Thread 2 ] DEBUG TilesetLoader        - Writing to buffer: dst=630,0, w=70,h=70, src=0,140
09:28:05.852 [FXGL Background Thread 2 ] DEBUG TilesetLoader        - Writing to buffer: dst=700,0, w=70,h=70, src=0,140
09:28:05.852 [FXGL Background Thread 2 ] DEBUG TilesetLoader        - Writing to buffer: dst=770,0, w=70,h=70, src=0,350
09:28:05.858 [FXGL Background Thread 2 ] DEBUG TilesetLoader        - Writing to buffer: dst=840,0, w=70,h=70, src=0,140
09:28:05.864 [FXGL Background Thread 2 ] DEBUG TilesetLoader        - Writing to buffer: dst=910,0, w=70,h=70, src=0,140
09:28:05.872 [FXGL Background Thread 2 ] DEBUG TilesetLoader        - Writing to buffer: dst=980,0, w=70,h=70, src=0,140
09:28:05.918 [FXGL Background Thread 2 ] DEBUG TilesetLoader        - Writing to buffer: dst=1050,0, w=70,h=70, src=0,140
09:28:05.919 [FXGL Background Thread 2 ] DEBUG TilesetLoader        - Writing to buffer: dst=1120,0, w=70,h=70, src=0,280
09:28:05.920 [FXGL Background Thread 2 ] DEBUG TilesetLoader        - Writing to buffer: dst=770,70, w=70,h=70, src=0,420
09:28:05.920 [FXGL Background Thread 2 ] DEBUG TilesetLoader        - Writing to buffer: dst=770,140, w=70,h=70, src=0,490
09:28:05.946 [FXGL Background Thread 2 ] DEBUG TilesetLoader        - Writing to buffer: dst=770,350, w=70,h=70, src=140,280
09:28:05.946 [FXGL Background Thread 2 ] DEBUG TilesetLoader        - Writing to buffer: dst=840,350, w=70,h=70, src=210,280
09:28:05.947 [FXGL Background Thread 2 ] DEBUG TilesetLoader        - Writing to buffer: dst=910,350, w=70,h=70, src=280,280
09:28:05.949 [FXGL Background Thread 2 ] DEBUG TilesetLoader        - Writing to buffer: dst=210,490, w=70,h=70, src=280,140
09:28:05.950 [FXGL Background Thread 2 ] DEBUG TilesetLoader        - Writing to buffer: dst=910,490, w=70,h=70, src=910,280
09:28:06.069 [FXGL Background Thread 2 ] DEBUG TilesetLoader        - Writing to buffer: dst=1960,490, w=70,h=70, src=648,216
09:28:06.069 [FXGL Background Thread 2 ] DEBUG TilesetLoader        - Writing to buffer: dst=1820,560, w=70,h=70, src=910,280
09:28:06.070 [FXGL Background Thread 2 ] DEBUG TilesetLoader        - Writing to buffer: dst=1960,560, w=70,h=70, src=648,288
09:28:06.071 [FXGL Background Thread 2 ] DEBUG TilesetLoader        - Writing to buffer: dst=1120,630, w=70,h=70, src=770,280
09:28:06.072 [FXGL Background Thread 2 ] DEBUG TilesetLoader        - Writing to buffer: dst=1190,630, w=70,h=70, src=770,280
09:28:06.074 [FXGL Background Thread 2 ] DEBUG TilesetLoader        - Writing to buffer: dst=1470,630, w=70,h=70, src=770,280
09:28:06.075 [FXGL Background Thread 2 ] DEBUG TilesetLoader        - Writing to buffer: dst=1540,630, w=70,h=70, src=770,280
09:28:06.075 [FXGL Background Thread 2 ] DEBUG TMXLevelLoader       - Creating object layer entities
09:28:06.179 [FXGL Background Thread 2 ] DEBUG FXGLAssetLoaderServi - Loading from file system: file:/Users/chalitandunu/Desktop/the%20void/HS/Jaar%201/Periode%203/IPOSE/nerdsvsthevirus/target/classes/assets/textures/spuit2.png
09:28:06.203 [FXGL Background Thread 2 ] DEBUG FXGLAssetLoaderServi - Loading from file system: file:/Users/chalitandunu/Desktop/the%20void/HS/Jaar%201/Periode%203/IPOSE/nerdsvsthevirus/target/classes/assets/textures/bacteria.png
09:28:06.221 [FXGL Background Thread 2 ] DEBUG GameWorld            - Clearing removable entities
09:28:06.223 [FXGL Background Thread 2 ] DEBUG GameWorld            - Setting level: com.almasb.fxgl.entity.level.Level@1392004c
09:28:06.249 [FXGL Background Thread 2 ] DEBUG FXGLAssetLoaderServi - Loading from file system: file:/Users/chalitandunu/Desktop/the%20void/HS/Jaar%201/Periode%203/IPOSE/nerdsvsthevirus/target/classes/assets/textures/nerd.png
09:28:06.283 [FXGL Background Thread 2 ] DEBUG FXGLAssetLoaderServi - Loading from file system: file:/Users/chalitandunu/Desktop/the%20void/HS/Jaar%201/Periode%203/IPOSE/nerdsvsthevirus/target/classes/assets/textures/hart.png
09:28:06.320 [FXGL Background Thread 2 ] INFO  FXGLApplication      - Game initialization took: 1.437 sec
09:28:06.322 [JavaFX Application Thread] DEBUG Input                - Clearing active input actions
09:28:06.333 [JavaFX Application Thread] DEBUG GameApplicationServi - Removing overlay from FXGLLoadingScene and adding to GameScene
09:28:06.334 [JavaFX Application Thread] DEBUG PrimaryStageWindow   - FXGLLoadingScene -> GameScene
09:28:10.179 [JavaFX Application Thread] DEBUG FXGLApplication      - Exiting FXGL
09:28:10.179 [JavaFX Application Thread] DEBUG LoopRunner           - Stopping loop
09:28:10.179 [JavaFX Application Thread] DEBUG SystemBundleService  - Saving FXGL system data
09:28:10.190 [JavaFX Application Thread] DEBUG FileSystemAccess     - Writing to: /Users/chalitandunu/Desktop/the void/HS/Jaar 1/Periode 3/IPOSE/nerdsvsthevirus/system/fxgl.bundle
09:28:10.193 [JavaFX Application Thread] DEBUG Async                - Shutting down background threads
09:28:10.194 [JavaFX Application Thread] DEBUG PrimaryStageWindow   - Closing main window
09:28:10.201 [JavaFX Application Thread] DEBUG Logger               - Closing Logger
