10:50:04.989 [main                     ] DEBUG Logger               - Configured Logger
10:50:05.000 [main                     ] DEBUG GameApplication      - Logging settings
Title: Nerds VS Virus
Version: 0.0
Width: 1050
Height: 700
Fullscreen: false
Intro: false
Profiling: false
Single step:false
App Mode: DEVELOPER
Menu Key: ESCAPE
Stage Style: DECORATED
Scene Factory: class NerdvsVirus.Game$1

10:50:05.473 [JavaFX Application Thread] DEBUG FXGLApplication      - Initializing FXGL
10:50:05.474 [JavaFX Application Thread] INFO  Engine               - FXGL-11.14 (01.03.2021 16.59) on WINDOWS (J:15.0.2 FX:15)
10:50:05.475 [JavaFX Application Thread] DEBUG Engine               - JRE Vendor Name: Oracle Corporation
10:50:05.475 [JavaFX Application Thread] DEBUG Engine               - Running on OS: Windows 10 version 10.0
10:50:05.475 [JavaFX Application Thread] DEBUG Engine               - Architecture: amd64
10:50:05.475 [JavaFX Application Thread] INFO  Engine               - Source code and latest versions at: https://github.com/AlmasB/FXGL
10:50:05.475 [JavaFX Application Thread] INFO  Engine               -              Join the FXGL chat at: https://gitter.im/AlmasB/FXGL
10:50:05.594 [JavaFX Application Thread] DEBUG PrimaryStageWindow   - Creating a JavaFX scene
10:50:05.646 [JavaFX Application Thread] DEBUG PrimaryStageWindow   - Target settings size: 1050.0 x 700.0
10:50:05.647 [JavaFX Application Thread] DEBUG PrimaryStageWindow   - Scaled scene size:    1050.0 x 700.0
10:50:05.647 [JavaFX Application Thread] DEBUG PrimaryStageWindow   - Scaled ratio: (1.0, 1.0)
10:50:05.648 [JavaFX Application Thread] DEBUG PrimaryStageWindow   - Set initial scene to FXGLStartupScene
10:50:05.654 [JavaFX Application Thread] DEBUG PrimaryStageWindow   - Opening main window
10:50:05.727 [JavaFX Application Thread] DEBUG PrimaryStageWindow   - Window border size: (16.0, 39.0)
10:50:05.727 [JavaFX Application Thread] DEBUG PrimaryStageWindow   - Scaled size: 1050.0 x 700.0
10:50:05.727 [JavaFX Application Thread] DEBUG PrimaryStageWindow   - Scaled ratio: (1.0, 1.0)
10:50:05.728 [JavaFX Application Thread] DEBUG PrimaryStageWindow   - Scene size: 1050.0 x 700.0
10:50:05.728 [JavaFX Application Thread] DEBUG PrimaryStageWindow   - Stage size: 1066.0 x 739.0
10:50:05.735 [FXGL Background Thread 1 ] DEBUG Engine               - Initializing environment variables
10:50:05.765 [FXGL Background Thread 1 ] DEBUG FXGLAssetLoaderServi - User app class for loading assets: class NerdvsVirus.Game
10:50:05.765 [FXGL Background Thread 1 ] DEBUG GameApplicationServi - Applying CSS: fxgl_dark.css
10:50:05.767 [FXGL Background Thread 1 ] DEBUG FXGLAssetLoaderServi - Loading from file system: jar:file:/C:/Users/luukb/.m2/repository/com/github/almasb/fxgl/11.14/fxgl-11.14.jar!/fxglassets/ui/css/fxgl_dark.css
10:50:05.809 [FXGL Background Thread 1 ] DEBUG GameApplicationServi - Initializing application scenes
10:50:05.841 [FXGL Background Thread 1 ] DEBUG GameWorld            - Game world initialized
10:50:05.899 [FXGL Background Thread 1 ] DEBUG PhysicsWorld         - Physics world initialized: appHeight=700, physics.ppm=50,0
10:50:05.899 [FXGL Background Thread 1 ] DEBUG PhysicsWorld         - Using strategy: BRUTE_FORCE
10:50:05.902 [FXGL Background Thread 1 ] DEBUG GameScene            - Game scene initialized: 1050x700
10:50:06.025 [FXGL Background Thread 1 ] DEBUG FXGLAssetLoaderServi - Loading from file system: jar:file:/C:/Users/luukb/.m2/repository/com/github/almasb/fxgl/11.14/fxgl-11.14.jar!/fxglassets/textures/particles/trace_horizontal.png
10:50:06.056 [FXGL Background Thread 1 ] DEBUG FXGL.DefaultMenu     - createMenuBodyGameMenu()
10:50:06.071 [FXGL Background Thread 1 ] DEBUG FXGL.DefaultMenu     - createOptionsMenu()
10:50:06.077 [FXGL Background Thread 1 ] DEBUG FXGLAssetLoaderServi - Loading from file system: jar:file:/C:/Users/luukb/.m2/repository/com/github/almasb/fxgl/11.14/fxgl-11.14.jar!/fxglassets/textures/particles/smoke.png
10:50:06.119 [FXGL Background Thread 1 ] DEBUG GameApplicationServi - Application scenes initialized
10:50:06.130 [FXGL Background Thread 1 ] DEBUG SystemBundleService  - Loading FXGL system data
10:50:06.133 [FXGL Background Thread 1 ] DEBUG FileSystemAccess     - Reading from: D:\OneDrive\OneDrive - Hogeschool Leiden\IPOSE\NERDS VS VIRUS\nerdsvsthevirus\system\fxgl.bundle
10:50:06.138 [FXGL Background Thread 1 ] DEBUG SystemBundleService  - Bundle FXGL: {}
10:50:06.138 [FXGL Background Thread 1 ] DEBUG UpdaterService       - Checking for updates
10:50:06.141 [FXGL Background Thread 4 ] DEBUG FXGLApplication      - Loading fonts
10:50:06.142 [FXGL Background Thread 1 ] DEBUG FXGLApplication      - Loading default localization
10:50:06.142 [FXGL Background Thread 4 ] DEBUG FXGLAssetLoaderServi - Loading from file system: jar:file:/C:/Users/luukb/.m2/repository/com/github/almasb/fxgl/11.14/fxgl-11.14.jar!/fxglassets/ui/fonts/VarelaRound-Regular.ttf
10:50:06.142 [FXGL Background Thread 1 ] DEBUG FXGLAssetLoaderServi - Loading from file system: jar:file:/C:/Users/luukb/.m2/repository/com/github/almasb/fxgl/11.14/fxgl-11.14.jar!/fxglassets/languages/english.lang
10:50:06.146 [FXGL Background Thread 4 ] DEBUG FXGLAssetLoaderServi - Loading from file system: jar:file:/C:/Users/luukb/.m2/repository/com/github/almasb/fxgl/11.14/fxgl-11.14.jar!/fxglassets/ui/fonts/Abel-Regular.ttf
10:50:06.149 [FXGL Background Thread 4 ] DEBUG FXGLAssetLoaderServi - Loading from file system: jar:file:/C:/Users/luukb/.m2/repository/com/github/almasb/fxgl/11.14/fxgl-11.14.jar!/fxglassets/ui/fonts/lucida_console.ttf
10:50:06.154 [FXGL Background Thread 1 ] INFO  FXGLApplication      - FXGL initialization took: 0,419 sec
10:50:06.154 [FXGL Background Thread 4 ] DEBUG FXGLAssetLoaderServi - Loading from file system: jar:file:/C:/Users/luukb/.m2/repository/com/github/almasb/fxgl/11.14/fxgl-11.14.jar!/fxglassets/ui/fonts/Courier-Prime.ttf
10:50:06.162 [JavaFX Application Thread] DEBUG Input                - Registered new binding: Left - A
10:50:06.162 [JavaFX Application Thread] DEBUG Input                - Registered new binding: Right - D
10:50:06.162 [JavaFX Application Thread] DEBUG Input                - Registered new binding: Jump - W
10:50:06.163 [JavaFX Application Thread] DEBUG FXGLAssetLoaderServi - Loading from file system: jar:file:/C:/Users/luukb/.m2/repository/com/github/almasb/fxgl/11.14/fxgl-11.14.jar!/fxglassets/textures/fxgl_icon.png
10:50:06.172 [JavaFX Application Thread] DEBUG FXGLAssetLoaderServi - Loading from file system: jar:file:/C:/Users/luukb/.m2/repository/com/github/almasb/fxgl/11.14/fxgl-11.14.jar!/fxglassets/ui/cursors/fxgl_default.png
10:50:06.174 [JavaFX Application Thread] DEBUG Input                - Registered new binding: Screenshot - P
10:50:06.174 [JavaFX Application Thread] DEBUG Input                - Registered new binding: System info dump - CTRL+9
10:50:06.175 [JavaFX Application Thread] DEBUG Input                - Registered new binding: Restart - CTRL+R
10:50:06.175 [JavaFX Application Thread] DEBUG Input                - Registered new binding: Toggle Debug Camera - CTRL+C
10:50:06.177 [JavaFX Application Thread] DEBUG LoopRunner           - Starting loop
10:50:06.178 [JavaFX Application Thread] DEBUG LoopRunner           - Initializing JavaFX AnimationTimerLoop
10:50:06.180 [JavaFX Application Thread] DEBUG Input                - Clearing active input actions
10:50:06.186 [JavaFX Application Thread] DEBUG GameApplicationServi - Removing overlay from FXGLStartupScene and adding to FXGLMainMenuDummyScene
10:50:06.186 [JavaFX Application Thread] DEBUG PrimaryStageWindow   - FXGLStartupScene -> FXGLMainMenuDummyScene
10:50:06.186 [JavaFX Application Thread] DEBUG PrimaryStageWindow   - Push state: MainMenu
10:50:06.187 [JavaFX Application Thread] DEBUG Input                - Clearing active input actions
10:50:06.634 [JavaFX Application Thread] DEBUG GameApplicationServi - Removing overlay from FXGLMainMenuDummyScene and adding to MainMenu
10:50:06.634 [JavaFX Application Thread] DEBUG PrimaryStageWindow   - FXGLMainMenuDummyScene -> MainMenu
10:50:06.638 [JavaFX Application Thread] DEBUG FXGLApplication      - Registering font factories with UI factory
10:50:07.308 [JavaFX Application Thread] DEBUG Menu                 - fireNewGame()
10:50:07.308 [JavaFX Application Thread] DEBUG GameApplicationServi - Starting new game
10:50:07.309 [JavaFX Application Thread] DEBUG PrimaryStageWindow   - Pop state: MainMenu
10:50:07.309 [JavaFX Application Thread] DEBUG Input                - Clearing active input actions
10:50:07.309 [JavaFX Application Thread] DEBUG GameApplicationServi - Removing overlay from MainMenu and adding to FXGLMainMenuDummyScene
10:50:07.310 [JavaFX Application Thread] DEBUG PrimaryStageWindow   - FXGLMainMenuDummyScene <- MainMenu
10:50:07.310 [JavaFX Application Thread] DEBUG Input                - Clearing active input actions
10:50:07.314 [JavaFX Application Thread] DEBUG GameApplicationServi - Removing overlay from FXGLMainMenuDummyScene and adding to FXGLLoadingScene
10:50:07.315 [JavaFX Application Thread] DEBUG PrimaryStageWindow   - FXGLMainMenuDummyScene -> FXGLLoadingScene
10:50:07.315 [JavaFX Application Thread] DEBUG GameApplicationServi - Clearing previous game
10:50:07.315 [JavaFX Application Thread] DEBUG GameScene            - Clearing game scene
10:50:07.315 [JavaFX Application Thread] DEBUG GameWorld            - Clearing game world
10:50:07.316 [JavaFX Application Thread] DEBUG PhysicsWorld         - Clearing physics world
10:50:07.317 [FXGL Background Thread 2 ] DEBUG FXGLApplication      - Initializing game
10:50:07.326 [FXGL Background Thread 2 ] DEBUG FXGLAssetLoaderServi - Loading from file system: file:/D:/OneDrive/OneDrive%20-%20Hogeschool%20Leiden/IPOSE/NERDS%20VS%20VIRUS/nerdsvsthevirus/target/classes/assets/textures/bg1.jpg
10:50:07.374 [FXGL Background Thread 2 ] WARN  TMXLevelLoader       - TiledMap generated from 1.5.0. Supported version: 1.2.3. Some features may not be parsed fully.
10:50:07.382 [FXGL Background Thread 2 ] DEBUG TMXLevelLoader       - Parsed raw map: TiledMap(width=30, height=10, tilewidth=70, tileheight=70, orientation=orthogonal, layers=[Layer(width=30, height=10, name=Bottom, type=tilelayer, visible=false, x=0, y=0, data=[0, 0, 0, 0, 0, 0, 0, 0, 0, 0, 0, 0, 0, 0, 0, 0, 0, 0, 0, 0, 0, 0, 0, 0, 0, 0, 0, 0, 0, 0, 0, 0, 0, 0, 0, 0, 0, 0, 0, 0, 0, 0, 0, 0, 0, 0, 0, 0, 0, 0, 0, 0, 0, 0, 0, 0, 0, 0, 0, 0, 0, 0, 0, 0, 0, 0, 0, 0, 0, 0, 0, 0, 0, 0, 0, 0, 0, 0, 0, 0, 0, 0, 0, 0, 0, 0, 0, 0, 0, 0, 0, 0, 0, 0, 0, 0, 0, 0, 0, 0, 0, 0, 0, 0, 0, 0, 0, 0, 0, 0, 0, 0, 0, 0, 0, 0, 0, 0, 0, 0, 0, 0, 0, 0, 0, 0, 0, 0, 0, 0, 0, 0, 0, 0, 0, 0, 0, 0, 0, 0, 0, 0, 0, 0, 0, 0, 0, 0, 0, 0, 0, 0, 0, 0, 0, 0, 0, 0, 0, 0, 0, 206, 205, 206, 0, 0, 0, 0, 0, 0, 0, 0, 0, 0, 0, 0, 0, 0, 0, 0, 0, 0, 0, 0, 0, 0, 0, 205, 206, 207, 0, 0, 0, 0, 0, 0, 0, 0, 0, 0, 0, 0, 0, 0, 0, 0, 0, 0, 0, 0, 0, 0, 0, 0, 206, 205, 0, 0, 0, 0, 0, 0, 0, 0, 0, 0, 0, 0, 0, 0, 0, 0, 0, 0, 0, 0, 0, 0, 0, 0, 0, 263, 0, 203, 0, 0, 0, 0, 0, 0, 0, 243, 244, 245, 0, 0, 0, 0, 0, 0, 0, 0, 0, 0, 0, 0, 0, 0, 0, 0, 185, 185, 185, 185, 185, 185, 185, 185, 185, 185, 185, 185, 185, 185, 185, 185, 0, 0, 185, 185, 185, 0, 0, 185, 185, 185, 185, 185, 185, 185], objects=[], opacity=0.0, draworder=), Layer(width=30, height=10, name=overlay, type=tilelayer, visible=false, x=0, y=0, data=[213, 185, 185, 185, 185, 185, 185, 185, 185, 185, 185, 227, 185, 185, 185, 185, 213, 0, 0, 0, 0, 0, 0, 0, 0, 0, 0, 0, 0, 0, 0, 0, 0, 0, 0, 0, 0, 0, 0, 0, 0, 241, 0, 0, 0, 0, 0, 0, 0, 0, 0, 0, 0, 0, 0, 0, 0, 0, 0, 0, 0, 0, 0, 0, 0, 0, 0, 0, 0, 0, 0, 255, 0, 0, 0, 0, 0, 0, 0, 0, 0, 0, 0, 0, 0, 0, 0, 0, 0, 0, 0, 0, 0, 0, 0, 0, 0, 0, 0, 0, 0, 0, 0, 0, 0, 0, 0, 0, 0, 0, 0, 0, 0, 0, 0, 0, 0, 0, 0, 0, 0, 0, 0, 0, 0, 0, 0, 0, 0, 0, 0, 0, 0, 0, 0, 0, 0, 0, 0, 0, 0, 0, 0, 0, 0, 0, 0, 0, 0, 0, 0, 0, 0, 0, 0, 0, 0, 0, 0, 0, 0, 215, 216, 217, 0, 0, 0, 0, 0, 0, 0, 0, 0, 0, 0, 0, 0, 0, 0, 0, 0, 0, 0, 0, 0, 0, 0, 0, 0, 0, 0, 0, 0, 0, 0, 0, 0, 0, 0, 0, 0, 0, 0, 0, 0, 0, 0, 0, 0, 0, 0, 0, 0, 189, 0, 0, 0, 0, 0, 0, 0, 0, 0, 226, 0, 0, 0, 0, 0, 0, 0, 0, 0, 0, 0, 0, 0, 0, 46, 0, 0, 0, 0, 0, 0, 0, 0, 0, 0, 0, 0, 0, 0, 0, 0, 0, 0, 0, 0, 0, 0, 0, 0, 0, 0, 0, 226, 0, 58, 0, 0, 0, 0, 0, 0, 0, 0, 0, 0, 0, 0, 0, 0, 0, 0, 0, 224, 224, 0, 0, 0, 224, 224, 0, 0, 0, 0, 0, 0, 0], objects=[], opacity=0.0, draworder=), Layer(width=0, height=0, name=Objectlaag 1, type=objectgroup, visible=false, x=0, y=0, data=[], objects=[com.almasb.fxgl.entity.level.tiled.TiledObject@2eddde20, com.almasb.fxgl.entity.level.tiled.TiledObject@5e90e70c, com.almasb.fxgl.entity.level.tiled.TiledObject@3f1d4072, com.almasb.fxgl.entity.level.tiled.TiledObject@3550297e, com.almasb.fxgl.entity.level.tiled.TiledObject@753cdd2a, com.almasb.fxgl.entity.level.tiled.TiledObject@2ccdfc06, com.almasb.fxgl.entity.level.tiled.TiledObject@7906373d, com.almasb.fxgl.entity.level.tiled.TiledObject@4da9eaba, com.almasb.fxgl.entity.level.tiled.TiledObject@5eefbba8, com.almasb.fxgl.entity.level.tiled.TiledObject@1d8141bf, com.almasb.fxgl.entity.level.tiled.TiledObject@55f632ed, com.almasb.fxgl.entity.level.tiled.TiledObject@5708fed3, com.almasb.fxgl.entity.level.tiled.TiledObject@74993d61, com.almasb.fxgl.entity.level.tiled.TiledObject@638216f4, com.almasb.fxgl.entity.level.tiled.TiledObject@7072133, com.almasb.fxgl.entity.level.tiled.TiledObject@17e9a966, com.almasb.fxgl.entity.level.tiled.TiledObject@2aa6fccf, com.almasb.fxgl.entity.level.tiled.TiledObject@59e06ad9], opacity=0.0, draworder=)], tilesets=[Tileset(firstgid=1, image=../../../../../../../Eigen test/src/main/resources/assets/levels/tiles_spritesheet.png, name=tiles_spritesheet, tilewidth=70, tileheight=70, imagewidth=914, imageheight=936, margin=0, spacing=2, columns=12, tilecount=156, transparentcolor=, tiles=[]), Tileset(firstgid=157, image=../../../../../../../Eigen test/src/main/resources/assets/levels/platformerPack_industrial_tilesheet.png, name=_industrial, tilewidth=70, tileheight=70, imagewidth=980, imageheight=560, margin=0, spacing=0, columns=14, tilecount=112, transparentcolor=, tiles=[])], backgroundcolor=, renderorder=right-down, nextobjectid=22, version=1, tiledversion=1.5.0, type=map, infinite=false, hexsidelength=0, staggeraxis=, staggerindex=, properties={}, propertytypes={})
10:50:07.383 [FXGL Background Thread 2 ] DEBUG TMXLevelLoader       - Creating tile layer entities
10:50:07.384 [FXGL Background Thread 2 ] DEBUG TilesetLoader        - Loading view for layer Bottom
10:50:07.387 [FXGL Background Thread 2 ] DEBUG TilesetLoader        - Created buffer with size 2100.0x700.0
10:50:07.400 [FXGL Background Thread 2 ] DEBUG TilesetLoader        - Writing to buffer: dst=770,350, w=70,h=70, src=490,210
10:50:07.400 [FXGL Background Thread 2 ] DEBUG TilesetLoader        - Writing to buffer: dst=840,350, w=70,h=70, src=420,210
10:50:07.400 [FXGL Background Thread 2 ] DEBUG TilesetLoader        - Writing to buffer: dst=910,350, w=70,h=70, src=490,210
10:50:07.401 [FXGL Background Thread 2 ] DEBUG TilesetLoader        - Writing to buffer: dst=490,420, w=70,h=70, src=420,210
10:50:07.401 [FXGL Background Thread 2 ] DEBUG TilesetLoader        - Writing to buffer: dst=560,420, w=70,h=70, src=490,210
10:50:07.401 [FXGL Background Thread 2 ] DEBUG TilesetLoader        - Writing to buffer: dst=630,420, w=70,h=70, src=560,210
10:50:07.401 [FXGL Background Thread 2 ] DEBUG TilesetLoader        - Writing to buffer: dst=280,490, w=70,h=70, src=490,210
10:50:07.401 [FXGL Background Thread 2 ] DEBUG TilesetLoader        - Writing to buffer: dst=350,490, w=70,h=70, src=420,210
10:50:07.402 [FXGL Background Thread 2 ] DEBUG TilesetLoader        - Writing to buffer: dst=70,560, w=70,h=70, src=560,490
10:50:07.402 [FXGL Background Thread 2 ] DEBUG TilesetLoader        - Writing to buffer: dst=210,560, w=70,h=70, src=280,210
10:50:07.402 [FXGL Background Thread 2 ] DEBUG TilesetLoader        - Writing to buffer: dst=770,560, w=70,h=70, src=140,420
10:50:07.402 [FXGL Background Thread 2 ] DEBUG TilesetLoader        - Writing to buffer: dst=840,560, w=70,h=70, src=210,420
10:50:07.403 [FXGL Background Thread 2 ] DEBUG TilesetLoader        - Writing to buffer: dst=910,560, w=70,h=70, src=280,420
10:50:07.403 [FXGL Background Thread 2 ] DEBUG TilesetLoader        - Writing to buffer: dst=0,630, w=70,h=70, src=0,140
10:50:07.403 [FXGL Background Thread 2 ] DEBUG TilesetLoader        - Writing to buffer: dst=70,630, w=70,h=70, src=0,140
10:50:07.403 [FXGL Background Thread 2 ] DEBUG TilesetLoader        - Writing to buffer: dst=140,630, w=70,h=70, src=0,140
10:50:07.403 [FXGL Background Thread 2 ] DEBUG TilesetLoader        - Writing to buffer: dst=210,630, w=70,h=70, src=0,140
10:50:07.404 [FXGL Background Thread 2 ] DEBUG TilesetLoader        - Writing to buffer: dst=280,630, w=70,h=70, src=0,140
10:50:07.404 [FXGL Background Thread 2 ] DEBUG TilesetLoader        - Writing to buffer: dst=350,630, w=70,h=70, src=0,140
10:50:07.404 [FXGL Background Thread 2 ] DEBUG TilesetLoader        - Writing to buffer: dst=420,630, w=70,h=70, src=0,140
10:50:07.404 [FXGL Background Thread 2 ] DEBUG TilesetLoader        - Writing to buffer: dst=490,630, w=70,h=70, src=0,140
10:50:07.404 [FXGL Background Thread 2 ] DEBUG TilesetLoader        - Writing to buffer: dst=560,630, w=70,h=70, src=0,140
10:50:07.404 [FXGL Background Thread 2 ] DEBUG TilesetLoader        - Writing to buffer: dst=630,630, w=70,h=70, src=0,140
10:50:07.404 [FXGL Background Thread 2 ] DEBUG TilesetLoader        - Writing to buffer: dst=700,630, w=70,h=70, src=0,140
10:50:07.404 [FXGL Background Thread 2 ] DEBUG TilesetLoader        - Writing to buffer: dst=770,630, w=70,h=70, src=0,140
10:50:07.405 [FXGL Background Thread 2 ] DEBUG TilesetLoader        - Writing to buffer: dst=840,630, w=70,h=70, src=0,140
10:50:07.405 [FXGL Background Thread 2 ] DEBUG TilesetLoader        - Writing to buffer: dst=910,630, w=70,h=70, src=0,140
10:50:07.405 [FXGL Background Thread 2 ] DEBUG TilesetLoader        - Writing to buffer: dst=980,630, w=70,h=70, src=0,140
10:50:07.405 [FXGL Background Thread 2 ] DEBUG TilesetLoader        - Writing to buffer: dst=1050,630, w=70,h=70, src=0,140
10:50:07.405 [FXGL Background Thread 2 ] DEBUG TilesetLoader        - Writing to buffer: dst=1260,630, w=70,h=70, src=0,140
10:50:07.405 [FXGL Background Thread 2 ] DEBUG TilesetLoader        - Writing to buffer: dst=1330,630, w=70,h=70, src=0,140
10:50:07.405 [FXGL Background Thread 2 ] DEBUG TilesetLoader        - Writing to buffer: dst=1400,630, w=70,h=70, src=0,140
10:50:07.406 [FXGL Background Thread 2 ] DEBUG TilesetLoader        - Writing to buffer: dst=1610,630, w=70,h=70, src=0,140
10:50:07.406 [FXGL Background Thread 2 ] DEBUG TilesetLoader        - Writing to buffer: dst=1680,630, w=70,h=70, src=0,140
10:50:07.406 [FXGL Background Thread 2 ] DEBUG TilesetLoader        - Writing to buffer: dst=1750,630, w=70,h=70, src=0,140
10:50:07.406 [FXGL Background Thread 2 ] DEBUG TilesetLoader        - Writing to buffer: dst=1820,630, w=70,h=70, src=0,140
10:50:07.406 [FXGL Background Thread 2 ] DEBUG TilesetLoader        - Writing to buffer: dst=1890,630, w=70,h=70, src=0,140
10:50:07.406 [FXGL Background Thread 2 ] DEBUG TilesetLoader        - Writing to buffer: dst=1960,630, w=70,h=70, src=0,140
10:50:07.406 [FXGL Background Thread 2 ] DEBUG TilesetLoader        - Writing to buffer: dst=2030,630, w=70,h=70, src=0,140
10:50:07.407 [FXGL Background Thread 2 ] DEBUG TilesetLoader        - Loading view for layer overlay
10:50:07.412 [FXGL Background Thread 2 ] DEBUG TilesetLoader        - Created buffer with size 2100.0x700.0
10:50:07.413 [FXGL Background Thread 2 ] DEBUG TilesetLoader        - Writing to buffer: dst=0,0, w=70,h=70, src=0,280
10:50:07.413 [FXGL Background Thread 2 ] DEBUG TilesetLoader        - Writing to buffer: dst=70,0, w=70,h=70, src=0,140
10:50:07.413 [FXGL Background Thread 2 ] DEBUG TilesetLoader        - Writing to buffer: dst=140,0, w=70,h=70, src=0,140
10:50:07.413 [FXGL Background Thread 2 ] DEBUG TilesetLoader        - Writing to buffer: dst=210,0, w=70,h=70, src=0,140
10:50:07.413 [FXGL Background Thread 2 ] DEBUG TilesetLoader        - Writing to buffer: dst=280,0, w=70,h=70, src=0,140
10:50:07.413 [FXGL Background Thread 2 ] DEBUG TilesetLoader        - Writing to buffer: dst=350,0, w=70,h=70, src=0,140
10:50:07.414 [FXGL Background Thread 2 ] DEBUG TilesetLoader        - Writing to buffer: dst=420,0, w=70,h=70, src=0,140
10:50:07.414 [FXGL Background Thread 2 ] DEBUG TilesetLoader        - Writing to buffer: dst=490,0, w=70,h=70, src=0,140
10:50:07.414 [FXGL Background Thread 2 ] DEBUG TilesetLoader        - Writing to buffer: dst=560,0, w=70,h=70, src=0,140
10:50:07.414 [FXGL Background Thread 2 ] DEBUG TilesetLoader        - Writing to buffer: dst=630,0, w=70,h=70, src=0,140
10:50:07.414 [FXGL Background Thread 2 ] DEBUG TilesetLoader        - Writing to buffer: dst=700,0, w=70,h=70, src=0,140
10:50:07.414 [FXGL Background Thread 2 ] DEBUG TilesetLoader        - Writing to buffer: dst=770,0, w=70,h=70, src=0,350
10:50:07.415 [FXGL Background Thread 2 ] DEBUG TilesetLoader        - Writing to buffer: dst=840,0, w=70,h=70, src=0,140
10:50:07.415 [FXGL Background Thread 2 ] DEBUG TilesetLoader        - Writing to buffer: dst=910,0, w=70,h=70, src=0,140
10:50:07.415 [FXGL Background Thread 2 ] DEBUG TilesetLoader        - Writing to buffer: dst=980,0, w=70,h=70, src=0,140
10:50:07.415 [FXGL Background Thread 2 ] DEBUG TilesetLoader        - Writing to buffer: dst=1050,0, w=70,h=70, src=0,140
10:50:07.416 [FXGL Background Thread 2 ] DEBUG TilesetLoader        - Writing to buffer: dst=1120,0, w=70,h=70, src=0,280
10:50:07.416 [FXGL Background Thread 2 ] DEBUG TilesetLoader        - Writing to buffer: dst=770,70, w=70,h=70, src=0,420
10:50:07.416 [FXGL Background Thread 2 ] DEBUG TilesetLoader        - Writing to buffer: dst=770,140, w=70,h=70, src=0,490
10:50:07.416 [FXGL Background Thread 2 ] DEBUG TilesetLoader        - Writing to buffer: dst=770,350, w=70,h=70, src=140,280
10:50:07.416 [FXGL Background Thread 2 ] DEBUG TilesetLoader        - Writing to buffer: dst=840,350, w=70,h=70, src=210,280
10:50:07.417 [FXGL Background Thread 2 ] DEBUG TilesetLoader        - Writing to buffer: dst=910,350, w=70,h=70, src=280,280
10:50:07.417 [FXGL Background Thread 2 ] DEBUG TilesetLoader        - Writing to buffer: dst=210,490, w=70,h=70, src=280,140
10:50:07.418 [FXGL Background Thread 2 ] DEBUG TilesetLoader        - Writing to buffer: dst=910,490, w=70,h=70, src=910,280
10:50:07.429 [FXGL Background Thread 2 ] DEBUG TilesetLoader        - Writing to buffer: dst=1960,490, w=70,h=70, src=648,216
10:50:07.429 [FXGL Background Thread 2 ] DEBUG TilesetLoader        - Writing to buffer: dst=1820,560, w=70,h=70, src=910,280
10:50:07.429 [FXGL Background Thread 2 ] DEBUG TilesetLoader        - Writing to buffer: dst=1960,560, w=70,h=70, src=648,288
10:50:07.429 [FXGL Background Thread 2 ] DEBUG TilesetLoader        - Writing to buffer: dst=1120,630, w=70,h=70, src=770,280
10:50:07.430 [FXGL Background Thread 2 ] DEBUG TilesetLoader        - Writing to buffer: dst=1190,630, w=70,h=70, src=770,280
10:50:07.430 [FXGL Background Thread 2 ] DEBUG TilesetLoader        - Writing to buffer: dst=1470,630, w=70,h=70, src=770,280
10:50:07.430 [FXGL Background Thread 2 ] DEBUG TilesetLoader        - Writing to buffer: dst=1540,630, w=70,h=70, src=770,280
10:50:07.430 [FXGL Background Thread 2 ] DEBUG TMXLevelLoader       - Creating object layer entities
10:50:07.436 [FXGL Background Thread 2 ] DEBUG FXGLAssetLoaderServi - Loading from file system: file:/D:/OneDrive/OneDrive%20-%20Hogeschool%20Leiden/IPOSE/NERDS%20VS%20VIRUS/nerdsvsthevirus/target/classes/assets/textures/spuit2.png
10:50:07.441 [FXGL Background Thread 2 ] DEBUG FXGLAssetLoaderServi - Loading from file system: file:/D:/OneDrive/OneDrive%20-%20Hogeschool%20Leiden/IPOSE/NERDS%20VS%20VIRUS/nerdsvsthevirus/target/classes/assets/textures/bacteria.png
10:50:07.449 [FXGL Background Thread 2 ] DEBUG GameWorld            - Clearing removable entities
10:50:07.449 [FXGL Background Thread 2 ] DEBUG GameWorld            - Setting level: com.almasb.fxgl.entity.level.Level@52c40018
10:50:07.456 [FXGL Background Thread 2 ] DEBUG FXGLAssetLoaderServi - Loading from file system: file:/D:/OneDrive/OneDrive%20-%20Hogeschool%20Leiden/IPOSE/NERDS%20VS%20VIRUS/nerdsvsthevirus/target/classes/assets/textures/sprite.png
10:50:07.463 [FXGL Background Thread 2 ] INFO  FXGLApplication      - Game initialization took: 0,145 sec
10:50:07.464 [JavaFX Application Thread] DEBUG Input                - Clearing active input actions
10:50:07.469 [JavaFX Application Thread] DEBUG GameApplicationServi - Removing overlay from FXGLLoadingScene and adding to GameScene
10:50:07.470 [JavaFX Application Thread] DEBUG PrimaryStageWindow   - FXGLLoadingScene -> GameScene
10:50:09.141 [FXGL Background Thread 3 ] DEBUG Engine               - Logging environment variables
10:50:09.141 [FXGL Background Thread 3 ] DEBUG Engine               - achievements: []
10:50:09.141 [FXGL Background Thread 3 ] DEBUG Engine               - actualHeight: 700.0
10:50:09.141 [FXGL Background Thread 3 ] DEBUG Engine               - actualHeightProperty: ReadOnlyDoubleProperty [value: 700.0]
10:50:09.141 [FXGL Background Thread 3 ] DEBUG Engine               - actualWidth: 1050.0
10:50:09.141 [FXGL Background Thread 3 ] DEBUG Engine               - actualWidthProperty: ReadOnlyDoubleProperty [value: 1050.0]
10:50:09.142 [FXGL Background Thread 3 ] DEBUG Engine               - appIcon: fxgl_icon.png
10:50:09.142 [FXGL Background Thread 3 ] DEBUG Engine               - applicationMode: DEVELOPER
10:50:09.142 [FXGL Background Thread 3 ] DEBUG Engine               - cSSList: [fxgl_dark.css]
10:50:09.142 [FXGL Background Thread 3 ] DEBUG Engine               - collisionDetectionStrategy: BRUTE_FORCE
10:50:09.142 [FXGL Background Thread 3 ] DEBUG Engine               - configClass: Optional.empty
10:50:09.142 [FXGL Background Thread 3 ] DEBUG Engine               - credits: []
10:50:09.142 [FXGL Background Thread 3 ] DEBUG Engine               - devBBoxColorProperty: ObjectProperty [value: 0xff0000ff]
10:50:09.142 [FXGL Background Thread 3 ] DEBUG Engine               - devEnableDebugCameraProperty: BooleanProperty [value: false]
10:50:09.142 [FXGL Background Thread 3 ] DEBUG Engine               - devSensorColorProperty: ObjectProperty [value: 0xffff00ff]
10:50:09.142 [FXGL Background Thread 3 ] DEBUG Engine               - devShowBBoxProperty: BooleanProperty [value: false]
10:50:09.142 [FXGL Background Thread 3 ] DEBUG Engine               - devShowPositionProperty: BooleanProperty [value: false]
10:50:09.143 [FXGL Background Thread 3 ] DEBUG Engine               - enabledMenuItems: []
10:50:09.143 [FXGL Background Thread 3 ] DEBUG Engine               - engineServices: [class com.almasb.fxgl.app.services.FXGLAssetLoaderService, class com.almasb.fxgl.app.FXGLApplication$GameApplicationService, class com.almasb.fxgl.app.services.FXGLDialogService, class com.almasb.fxgl.app.services.IOTaskExecutorService, class com.almasb.fxgl.event.EventBusService, class com.almasb.fxgl.io.FileSystemService, class com.almasb.fxgl.localization.LocalizationService, class com.almasb.fxgl.app.services.SystemBundleService, class com.almasb.fxgl.profile.SaveLoadService, class com.almasb.fxgl.ui.FXGLUIFactoryServiceProvider, class com.almasb.fxgl.ui.FXGLDialogFactoryServiceProvider, class com.almasb.fxgl.audio.AudioPlayer, class com.almasb.fxgl.notification.impl.NotificationServiceProvider, class com.almasb.fxgl.achievement.AchievementService, class com.almasb.fxgl.cutscene.CutsceneService, class com.almasb.fxgl.minigames.MiniGameService, class com.almasb.fxgl.net.NetService, class com.almasb.fxgl.app.services.UpdaterService, class com.almasb.fxgl.dev.DevService]
10:50:09.143 [FXGL Background Thread 3 ] DEBUG Engine               - fontGame: Abel-Regular.ttf
10:50:09.143 [FXGL Background Thread 3 ] DEBUG Engine               - fontMono: lucida_console.ttf
10:50:09.143 [FXGL Background Thread 3 ] DEBUG Engine               - fontText: Courier-Prime.ttf
10:50:09.143 [FXGL Background Thread 3 ] DEBUG Engine               - fontUI: VarelaRound-Regular.ttf
10:50:09.143 [FXGL Background Thread 3 ] DEBUG Engine               - fullScreen: BooleanProperty [value: false]
10:50:09.143 [FXGL Background Thread 3 ] DEBUG Engine               - gameDifficulty: MEDIUM
10:50:09.143 [FXGL Background Thread 3 ] DEBUG Engine               - gameDifficultyProperty: ObjectProperty [value: MEDIUM]
10:50:09.143 [FXGL Background Thread 3 ] DEBUG Engine               - globalMusicVolume: 0.5
10:50:09.143 [FXGL Background Thread 3 ] DEBUG Engine               - globalMusicVolumeProperty: DoubleProperty [value: 0.5]
10:50:09.144 [FXGL Background Thread 3 ] DEBUG Engine               - globalSoundVolume: 0.5
10:50:09.144 [FXGL Background Thread 3 ] DEBUG Engine               - globalSoundVolumeProperty: DoubleProperty [value: 0.5]
10:50:09.144 [FXGL Background Thread 3 ] DEBUG Engine               - height: 700
10:50:09.144 [FXGL Background Thread 3 ] DEBUG Engine               - isAndroid: false
10:50:09.144 [FXGL Background Thread 3 ] DEBUG Engine               - isBrowser: false
10:50:09.144 [FXGL Background Thread 3 ] DEBUG Engine               - isClickFeedbackEnabled: false
10:50:09.144 [FXGL Background Thread 3 ] DEBUG Engine               - isCloseConfirmation: false
10:50:09.144 [FXGL Background Thread 3 ] DEBUG Engine               - isDesktop: true
10:50:09.144 [FXGL Background Thread 3 ] DEBUG Engine               - isDeveloperMenuEnabled: false
10:50:09.144 [FXGL Background Thread 3 ] DEBUG Engine               - isEntityPreloadEnabled: true
10:50:09.144 [FXGL Background Thread 3 ] DEBUG Engine               - isExperimental3D: false
10:50:09.145 [FXGL Background Thread 3 ] DEBUG Engine               - isExperimentalNative: false
10:50:09.145 [FXGL Background Thread 3 ] DEBUG Engine               - isExperimentalTiledLargeMap: false
10:50:09.145 [FXGL Background Thread 3 ] DEBUG Engine               - isFileSystemWriteAllowed: true
10:50:09.145 [FXGL Background Thread 3 ] DEBUG Engine               - isFullScreenAllowed: false
10:50:09.145 [FXGL Background Thread 3 ] DEBUG Engine               - isFullScreenFromStart: false
10:50:09.145 [FXGL Background Thread 3 ] DEBUG Engine               - isGameMenuEnabled: true
10:50:09.145 [FXGL Background Thread 3 ] DEBUG Engine               - isIOS: false
10:50:09.145 [FXGL Background Thread 3 ] DEBUG Engine               - isIntroEnabled: false
10:50:09.145 [FXGL Background Thread 3 ] DEBUG Engine               - isLinux: false
10:50:09.145 [FXGL Background Thread 3 ] DEBUG Engine               - isMac: false
10:50:09.145 [FXGL Background Thread 3 ] DEBUG Engine               - isMainMenuEnabled: true
10:50:09.146 [FXGL Background Thread 3 ] DEBUG Engine               - isManualResizeEnabled: false
10:50:09.146 [FXGL Background Thread 3 ] DEBUG Engine               - isMobile: false
10:50:09.146 [FXGL Background Thread 3 ] DEBUG Engine               - isPreserveResizeRatio: false
10:50:09.146 [FXGL Background Thread 3 ] DEBUG Engine               - isProfilingEnabled: false
10:50:09.146 [FXGL Background Thread 3 ] DEBUG Engine               - isScaleAffectedOnResize: true
10:50:09.146 [FXGL Background Thread 3 ] DEBUG Engine               - isSingleStep: false
10:50:09.146 [FXGL Background Thread 3 ] DEBUG Engine               - isUserProfileEnabled: false
10:50:09.146 [FXGL Background Thread 3 ] DEBUG Engine               - isWindows: true
10:50:09.146 [FXGL Background Thread 3 ] DEBUG Engine               - language: ObjectProperty [value: ENGLISH]
10:50:09.146 [FXGL Background Thread 3 ] DEBUG Engine               - menuKey: ESCAPE
10:50:09.146 [FXGL Background Thread 3 ] DEBUG Engine               - notificationViewClass: class com.almasb.fxgl.notification.view.XboxNotificationView
10:50:09.146 [FXGL Background Thread 3 ] DEBUG Engine               - pixelsPerMeter: 50.0
10:50:09.146 [FXGL Background Thread 3 ] DEBUG Engine               - platform: WINDOWS
10:50:09.147 [FXGL Background Thread 3 ] DEBUG Engine               - prefHeightProperty: ReadOnlyDoubleProperty [value: 700.0]
10:50:09.147 [FXGL Background Thread 3 ] DEBUG Engine               - prefWidthProperty: ReadOnlyDoubleProperty [value: 1050.0]
10:50:09.147 [FXGL Background Thread 3 ] DEBUG Engine               - profileDir: profiles/
10:50:09.147 [FXGL Background Thread 3 ] DEBUG Engine               - profileName: StringProperty [value: DEFAULT]
10:50:09.147 [FXGL Background Thread 3 ] DEBUG Engine               - randomSeed: -1
10:50:09.147 [FXGL Background Thread 3 ] DEBUG Engine               - runtimeInfo: RuntimeInfo(platform=WINDOWS, version=11.14, build=01.03.2021 16.59)
10:50:09.147 [FXGL Background Thread 3 ] DEBUG Engine               - saveFileExt: sav
10:50:09.147 [FXGL Background Thread 3 ] DEBUG Engine               - scaledHeightProp$fxgl: DoubleProperty [bound, value: 700.0]
10:50:09.147 [FXGL Background Thread 3 ] DEBUG Engine               - scaledWidthProp$fxgl: DoubleProperty [bound, value: 1050.0]
10:50:09.147 [FXGL Background Thread 3 ] DEBUG Engine               - sceneFactory: NerdvsVirus.Game$1@4c4fa32
10:50:09.148 [FXGL Background Thread 3 ] DEBUG Engine               - secondsIn24h: 60
10:50:09.148 [FXGL Background Thread 3 ] DEBUG Engine               - soundMenuBack: menu/back.wav
10:50:09.148 [FXGL Background Thread 3 ] DEBUG Engine               - soundMenuPress: menu/press.wav
10:50:09.148 [FXGL Background Thread 3 ] DEBUG Engine               - soundMenuSelect: menu/select.wav
10:50:09.148 [FXGL Background Thread 3 ] DEBUG Engine               - soundNotification: core/notification.wav
10:50:09.148 [FXGL Background Thread 3 ] DEBUG Engine               - stageStyle: DECORATED
10:50:09.148 [FXGL Background Thread 3 ] DEBUG Engine               - supportedLanguages: [ENGLISH, FRENCH, GERMAN, HUNGARIAN, RUSSIAN]
10:50:09.148 [FXGL Background Thread 3 ] DEBUG Engine               - ticksPerSecond: -1
10:50:09.148 [FXGL Background Thread 3 ] DEBUG Engine               - title: Nerds VS Virus
10:50:09.148 [FXGL Background Thread 3 ] DEBUG Engine               - urlGithub: https://github.com/AlmasB/FXGL
10:50:09.148 [FXGL Background Thread 3 ] DEBUG Engine               - urlLeaderboard: http://fxgl-top.herokuapp.com/
10:50:09.148 [FXGL Background Thread 3 ] DEBUG Engine               - urlPOM: https://raw.githubusercontent.com/AlmasB/FXGL/release/README.md
10:50:09.149 [FXGL Background Thread 3 ] DEBUG Engine               - userAppClass: class NerdvsVirus.Game
10:50:09.149 [FXGL Background Thread 3 ] DEBUG Engine               - version: 0.0
10:50:09.149 [FXGL Background Thread 3 ] DEBUG Engine               - versionCheckDays: 7
10:50:09.149 [FXGL Background Thread 3 ] DEBUG Engine               - width: 1050
10:50:09.149 [FXGL Background Thread 3 ] DEBUG Engine               - Logging services
10:50:09.149 [FXGL Background Thread 3 ] DEBUG Engine               - class com.almasb.fxgl.app.services.FXGLAssetLoaderService
10:50:09.149 [FXGL Background Thread 3 ] DEBUG Engine               - class com.almasb.fxgl.app.FXGLApplication$GameApplicationService
10:50:09.149 [FXGL Background Thread 3 ] DEBUG Engine               - class com.almasb.fxgl.app.services.FXGLDialogService
10:50:09.149 [FXGL Background Thread 3 ] DEBUG Engine               - class com.almasb.fxgl.app.services.IOTaskExecutorService
10:50:09.149 [FXGL Background Thread 3 ] DEBUG Engine               - class com.almasb.fxgl.event.EventBusService
10:50:09.149 [FXGL Background Thread 3 ] DEBUG Engine               - class com.almasb.fxgl.io.FileSystemService
10:50:09.150 [FXGL Background Thread 3 ] DEBUG Engine               - class com.almasb.fxgl.localization.LocalizationService
10:50:09.150 [FXGL Background Thread 3 ] DEBUG Engine               - class com.almasb.fxgl.app.services.SystemBundleService
10:50:09.150 [FXGL Background Thread 3 ] DEBUG Engine               - class com.almasb.fxgl.profile.SaveLoadService
10:50:09.150 [FXGL Background Thread 3 ] DEBUG Engine               - class com.almasb.fxgl.ui.FXGLUIFactoryServiceProvider
10:50:09.150 [FXGL Background Thread 3 ] DEBUG Engine               - class com.almasb.fxgl.ui.FXGLDialogFactoryServiceProvider
10:50:09.150 [FXGL Background Thread 3 ] DEBUG Engine               - class com.almasb.fxgl.audio.AudioPlayer
10:50:09.150 [FXGL Background Thread 3 ] DEBUG Engine               - class com.almasb.fxgl.notification.impl.NotificationServiceProvider
10:50:09.150 [FXGL Background Thread 3 ] DEBUG Engine               - class com.almasb.fxgl.achievement.AchievementService
10:50:09.150 [FXGL Background Thread 3 ] DEBUG Engine               - class com.almasb.fxgl.cutscene.CutsceneService
10:50:09.150 [FXGL Background Thread 3 ] DEBUG Engine               - class com.almasb.fxgl.minigames.MiniGameService
10:50:09.150 [FXGL Background Thread 3 ] DEBUG Engine               - class com.almasb.fxgl.net.NetService
10:50:09.150 [FXGL Background Thread 3 ] DEBUG Engine               - class com.almasb.fxgl.app.services.UpdaterService
10:50:09.150 [FXGL Background Thread 3 ] DEBUG Engine               - class com.almasb.fxgl.dev.DevService
10:50:15.220 [JavaFX Application Thread] DEBUG FXGLApplication      - Exiting FXGL
10:50:15.220 [JavaFX Application Thread] DEBUG LoopRunner           - Stopping loop
10:50:15.220 [JavaFX Application Thread] DEBUG SystemBundleService  - Saving FXGL system data
10:50:15.222 [JavaFX Application Thread] DEBUG FileSystemAccess     - Writing to: D:\OneDrive\OneDrive - Hogeschool Leiden\IPOSE\NERDS VS VIRUS\nerdsvsthevirus\system\fxgl.bundle
10:50:15.223 [JavaFX Application Thread] DEBUG Async                - Shutting down background threads
10:50:15.223 [JavaFX Application Thread] DEBUG PrimaryStageWindow   - Closing main window
10:50:15.232 [JavaFX Application Thread] DEBUG Logger               - Closing Logger
