12:08:59.238 [main                     ] DEBUG Logger               - Configured Logger
12:08:59.264 [main                     ] DEBUG GameApplication      - Logging settings
Title: Nerds VS Virus
Version: 0.0
Width: 1050
Height: 700
Fullscreen: false
Intro: false
Profiling: false
Single step:false
App Mode: DEVELOPER
Menu Key: ESCAPE
Stage Style: DECORATED
Scene Factory: class NerdvsVirus.Game$1

12:08:59.877 [JavaFX Application Thread] DEBUG FXGLApplication      - Initializing FXGL
12:08:59.880 [JavaFX Application Thread] INFO  Engine               - FXGL-11.14 (01.03.2021 16.59) on MAC (J:15.0.1 FX:15)
12:08:59.880 [JavaFX Application Thread] DEBUG Engine               - JRE Vendor Name: Oracle Corporation
12:08:59.881 [JavaFX Application Thread] DEBUG Engine               - Running on OS: Mac OS X version 10.16
12:08:59.881 [JavaFX Application Thread] DEBUG Engine               - Architecture: x86_64
12:08:59.881 [JavaFX Application Thread] INFO  Engine               - Source code and latest versions at: https://github.com/AlmasB/FXGL
12:08:59.882 [JavaFX Application Thread] INFO  Engine               -              Join the FXGL chat at: https://gitter.im/AlmasB/FXGL
12:09:00.148 [JavaFX Application Thread] DEBUG PrimaryStageWindow   - Creating a JavaFX scene
12:09:00.285 [JavaFX Application Thread] DEBUG PrimaryStageWindow   - Target settings size: 1050.0 x 700.0
12:09:00.285 [JavaFX Application Thread] DEBUG PrimaryStageWindow   - Scaled scene size:    1050.0 x 700.0
12:09:00.286 [JavaFX Application Thread] DEBUG PrimaryStageWindow   - Scaled ratio: (1.0, 1.0)
12:09:00.288 [JavaFX Application Thread] DEBUG PrimaryStageWindow   - Set initial scene to FXGLStartupScene
12:09:00.299 [JavaFX Application Thread] DEBUG PrimaryStageWindow   - Opening main window
12:09:00.390 [JavaFX Application Thread] DEBUG PrimaryStageWindow   - Window border size: (0.0, 28.0)
12:09:00.391 [JavaFX Application Thread] DEBUG PrimaryStageWindow   - Scaled size: 1050.0 x 700.0
12:09:00.391 [JavaFX Application Thread] DEBUG PrimaryStageWindow   - Scaled ratio: (1.0, 1.0)
12:09:00.392 [JavaFX Application Thread] DEBUG PrimaryStageWindow   - Scene size: 1050.0 x 700.0
12:09:00.393 [JavaFX Application Thread] DEBUG PrimaryStageWindow   - Stage size: 1050.0 x 728.0
12:09:00.407 [FXGL Background Thread 1 ] DEBUG Engine               - Initializing environment variables
12:09:00.482 [FXGL Background Thread 1 ] DEBUG FXGLAssetLoaderServi - User app class for loading assets: class NerdvsVirus.Game
12:09:00.483 [FXGL Background Thread 1 ] DEBUG GameApplicationServi - Applying CSS: fxgl_dark.css
12:09:00.485 [FXGL Background Thread 1 ] DEBUG FXGLAssetLoaderServi - Loading from file system: jar:file:/Users/chalitandunu/.m2/repository/com/github/almasb/fxgl/11.14/fxgl-11.14.jar!/fxglassets/ui/css/fxgl_dark.css
12:09:00.579 [FXGL Background Thread 1 ] DEBUG GameApplicationServi - Initializing application scenes
12:09:01.273 [FXGL Background Thread 1 ] DEBUG GameWorld            - Game world initialized
12:09:01.406 [FXGL Background Thread 1 ] DEBUG PhysicsWorld         - Physics world initialized: appHeight=700, physics.ppm=50.0
12:09:01.407 [FXGL Background Thread 1 ] DEBUG PhysicsWorld         - Using strategy: BRUTE_FORCE
12:09:01.411 [FXGL Background Thread 1 ] DEBUG GameScene            - Game scene initialized: 1050x700
12:09:01.607 [FXGL Background Thread 1 ] DEBUG FXGLAssetLoaderServi - Loading from file system: jar:file:/Users/chalitandunu/.m2/repository/com/github/almasb/fxgl/11.14/fxgl-11.14.jar!/fxglassets/textures/particles/trace_horizontal.png
12:09:01.659 [FXGL Background Thread 1 ] DEBUG FXGL.DefaultMenu     - createMenuBodyGameMenu()
12:09:01.679 [FXGL Background Thread 1 ] DEBUG FXGL.DefaultMenu     - createOptionsMenu()
12:09:01.685 [FXGL Background Thread 1 ] DEBUG FXGLAssetLoaderServi - Loading from file system: jar:file:/Users/chalitandunu/.m2/repository/com/github/almasb/fxgl/11.14/fxgl-11.14.jar!/fxglassets/textures/particles/smoke.png
12:09:01.751 [FXGL Background Thread 1 ] DEBUG GameApplicationServi - Application scenes initialized
12:09:01.763 [FXGL Background Thread 1 ] DEBUG SystemBundleService  - Loading FXGL system data
12:09:01.766 [FXGL Background Thread 1 ] DEBUG FileSystemAccess     - Reading from: /Users/chalitandunu/Desktop/the void/HS/Jaar 1/Periode 3/IPOSE/nerdsvsthevirus/system/fxgl.bundle
12:09:01.773 [FXGL Background Thread 1 ] DEBUG SystemBundleService  - Bundle FXGL: {}
12:09:01.773 [FXGL Background Thread 1 ] DEBUG UpdaterService       - Checking for updates
12:09:01.778 [FXGL Background Thread 4 ] DEBUG FXGLApplication      - Loading fonts
12:09:01.779 [FXGL Background Thread 1 ] DEBUG FXGLApplication      - Loading default localization
12:09:01.779 [FXGL Background Thread 4 ] DEBUG FXGLAssetLoaderServi - Loading from file system: jar:file:/Users/chalitandunu/.m2/repository/com/github/almasb/fxgl/11.14/fxgl-11.14.jar!/fxglassets/ui/fonts/VarelaRound-Regular.ttf
12:09:01.780 [FXGL Background Thread 1 ] DEBUG FXGLAssetLoaderServi - Loading from file system: jar:file:/Users/chalitandunu/.m2/repository/com/github/almasb/fxgl/11.14/fxgl-11.14.jar!/fxglassets/languages/english.lang
12:09:01.788 [FXGL Background Thread 4 ] DEBUG FXGLAssetLoaderServi - Loading from file system: jar:file:/Users/chalitandunu/.m2/repository/com/github/almasb/fxgl/11.14/fxgl-11.14.jar!/fxglassets/ui/fonts/Abel-Regular.ttf
12:09:01.796 [FXGL Background Thread 4 ] DEBUG FXGLAssetLoaderServi - Loading from file system: jar:file:/Users/chalitandunu/.m2/repository/com/github/almasb/fxgl/11.14/fxgl-11.14.jar!/fxglassets/ui/fonts/lucida_console.ttf
12:09:01.805 [FXGL Background Thread 4 ] DEBUG FXGLAssetLoaderServi - Loading from file system: jar:file:/Users/chalitandunu/.m2/repository/com/github/almasb/fxgl/11.14/fxgl-11.14.jar!/fxglassets/ui/fonts/Courier-Prime.ttf
12:09:01.812 [JavaFX Application Thread] DEBUG FXGLApplication      - Registering font factories with UI factory
12:09:01.834 [FXGL Background Thread 1 ] INFO  FXGLApplication      - FXGL initialization took: 1.427 sec
12:09:01.846 [JavaFX Application Thread] DEBUG Input                - Registered new binding: Left - A
12:09:01.847 [JavaFX Application Thread] DEBUG Input                - Registered new binding: Right - D
12:09:01.847 [JavaFX Application Thread] DEBUG Input                - Registered new binding: Jump - W
12:09:01.848 [JavaFX Application Thread] DEBUG FXGLAssetLoaderServi - Loading from file system: jar:file:/Users/chalitandunu/.m2/repository/com/github/almasb/fxgl/11.14/fxgl-11.14.jar!/fxglassets/textures/fxgl_icon.png
12:09:01.869 [JavaFX Application Thread] DEBUG FXGLAssetLoaderServi - Loading from file system: jar:file:/Users/chalitandunu/.m2/repository/com/github/almasb/fxgl/11.14/fxgl-11.14.jar!/fxglassets/ui/cursors/fxgl_default.png
12:09:01.882 [JavaFX Application Thread] DEBUG Input                - Registered new binding: Screenshot - P
12:09:01.884 [JavaFX Application Thread] DEBUG Input                - Registered new binding: System info dump - CTRL+9
12:09:01.885 [JavaFX Application Thread] DEBUG Input                - Registered new binding: Restart - CTRL+R
12:09:01.886 [JavaFX Application Thread] DEBUG Input                - Registered new binding: Toggle Debug Camera - CTRL+C
12:09:01.891 [JavaFX Application Thread] DEBUG LoopRunner           - Starting loop
12:09:01.892 [JavaFX Application Thread] DEBUG LoopRunner           - Initializing JavaFX AnimationTimerLoop
12:09:01.895 [JavaFX Application Thread] DEBUG Input                - Clearing active input actions
12:09:01.906 [JavaFX Application Thread] DEBUG GameApplicationServi - Removing overlay from FXGLStartupScene and adding to FXGLMainMenuDummyScene
12:09:01.907 [JavaFX Application Thread] DEBUG PrimaryStageWindow   - FXGLStartupScene -> FXGLMainMenuDummyScene
12:09:01.907 [JavaFX Application Thread] DEBUG PrimaryStageWindow   - Push state: MainMenu
12:09:01.907 [JavaFX Application Thread] DEBUG Input                - Clearing active input actions
12:09:02.506 [JavaFX Application Thread] DEBUG GameApplicationServi - Removing overlay from FXGLMainMenuDummyScene and adding to MainMenu
12:09:02.506 [JavaFX Application Thread] DEBUG PrimaryStageWindow   - FXGLMainMenuDummyScene -> MainMenu
12:09:03.747 [JavaFX Application Thread] DEBUG Menu                 - fireNewGame()
12:09:03.748 [JavaFX Application Thread] DEBUG GameApplicationServi - Starting new game
12:09:03.748 [JavaFX Application Thread] DEBUG PrimaryStageWindow   - Pop state: MainMenu
12:09:03.749 [JavaFX Application Thread] DEBUG Input                - Clearing active input actions
12:09:03.750 [JavaFX Application Thread] DEBUG GameApplicationServi - Removing overlay from MainMenu and adding to FXGLMainMenuDummyScene
12:09:03.750 [JavaFX Application Thread] DEBUG PrimaryStageWindow   - FXGLMainMenuDummyScene <- MainMenu
12:09:03.751 [JavaFX Application Thread] DEBUG Input                - Clearing active input actions
12:09:03.763 [JavaFX Application Thread] DEBUG GameApplicationServi - Removing overlay from FXGLMainMenuDummyScene and adding to FXGLLoadingScene
12:09:03.764 [JavaFX Application Thread] DEBUG PrimaryStageWindow   - FXGLMainMenuDummyScene -> FXGLLoadingScene
12:09:03.764 [JavaFX Application Thread] DEBUG GameApplicationServi - Clearing previous game
12:09:03.764 [JavaFX Application Thread] DEBUG GameScene            - Clearing game scene
12:09:03.765 [JavaFX Application Thread] DEBUG GameWorld            - Clearing game world
12:09:03.765 [JavaFX Application Thread] DEBUG PhysicsWorld         - Clearing physics world
12:09:03.767 [FXGL Background Thread 2 ] DEBUG FXGLApplication      - Initializing game
12:09:03.781 [FXGL Background Thread 2 ] DEBUG FXGLAssetLoaderServi - Loading from file system: file:/Users/chalitandunu/Desktop/the%20void/HS/Jaar%201/Periode%203/IPOSE/nerdsvsthevirus/target/classes/assets/textures/bg1.jpg
12:09:03.913 [FXGL Background Thread 2 ] WARN  TMXLevelLoader       - TiledMap generated from 1.5.0. Supported version: 1.2.3. Some features may not be parsed fully.
12:09:03.925 [FXGL Background Thread 2 ] DEBUG TMXLevelLoader       - Parsed raw map: TiledMap(width=30, height=10, tilewidth=70, tileheight=70, orientation=orthogonal, layers=[Layer(width=30, height=10, name=Bottom, type=tilelayer, visible=false, x=0, y=0, data=[0, 0, 0, 0, 0, 0, 0, 0, 0, 0, 0, 0, 0, 0, 0, 0, 0, 0, 0, 0, 0, 0, 0, 0, 0, 0, 0, 0, 0, 0, 0, 0, 0, 0, 0, 0, 0, 0, 0, 0, 0, 0, 0, 0, 0, 0, 0, 0, 0, 0, 0, 0, 0, 0, 0, 0, 0, 0, 0, 0, 0, 0, 0, 0, 0, 0, 0, 0, 0, 0, 0, 0, 0, 0, 0, 0, 0, 0, 0, 0, 0, 0, 0, 0, 0, 0, 0, 0, 0, 0, 0, 0, 0, 0, 0, 0, 0, 0, 0, 0, 0, 0, 0, 0, 0, 0, 0, 0, 0, 0, 0, 0, 0, 0, 0, 0, 0, 0, 0, 0, 0, 0, 0, 0, 0, 0, 0, 0, 0, 0, 0, 0, 0, 0, 0, 0, 0, 0, 0, 0, 0, 0, 0, 0, 0, 0, 0, 0, 0, 0, 0, 0, 0, 0, 0, 0, 0, 0, 0, 0, 0, 206, 205, 206, 0, 0, 0, 0, 0, 0, 0, 0, 0, 0, 0, 0, 0, 0, 0, 0, 0, 0, 0, 0, 0, 0, 0, 205, 206, 207, 0, 0, 0, 0, 0, 0, 0, 0, 0, 0, 0, 0, 0, 0, 0, 0, 0, 0, 0, 0, 0, 0, 0, 0, 206, 205, 0, 0, 0, 0, 0, 0, 0, 0, 0, 0, 0, 0, 0, 0, 0, 0, 0, 0, 0, 0, 0, 0, 0, 0, 0, 263, 0, 203, 0, 0, 0, 0, 0, 0, 0, 243, 244, 245, 0, 0, 0, 0, 0, 0, 0, 0, 0, 0, 0, 0, 0, 0, 0, 0, 185, 185, 185, 185, 185, 185, 185, 185, 185, 185, 185, 185, 185, 185, 185, 185, 0, 0, 185, 185, 185, 0, 0, 185, 185, 185, 185, 185, 185, 185], objects=[], opacity=0.0, draworder=), Layer(width=30, height=10, name=overlay, type=tilelayer, visible=false, x=0, y=0, data=[213, 185, 185, 185, 185, 185, 185, 185, 185, 185, 185, 227, 185, 185, 185, 185, 213, 0, 0, 0, 0, 0, 0, 0, 0, 0, 0, 0, 0, 0, 0, 0, 0, 0, 0, 0, 0, 0, 0, 0, 0, 241, 0, 0, 0, 0, 0, 0, 0, 0, 0, 0, 0, 0, 0, 0, 0, 0, 0, 0, 0, 0, 0, 0, 0, 0, 0, 0, 0, 0, 0, 255, 0, 0, 0, 0, 0, 0, 0, 0, 0, 0, 0, 0, 0, 0, 0, 0, 0, 0, 0, 0, 0, 0, 0, 0, 0, 0, 0, 0, 0, 0, 0, 0, 0, 0, 0, 0, 0, 0, 0, 0, 0, 0, 0, 0, 0, 0, 0, 0, 0, 0, 0, 0, 0, 0, 0, 0, 0, 0, 0, 0, 0, 0, 0, 0, 0, 0, 0, 0, 0, 0, 0, 0, 0, 0, 0, 0, 0, 0, 0, 0, 0, 0, 0, 0, 0, 0, 0, 0, 0, 215, 216, 217, 0, 0, 0, 0, 0, 0, 0, 0, 0, 0, 0, 0, 0, 0, 0, 0, 0, 0, 0, 0, 0, 0, 0, 0, 0, 0, 0, 0, 0, 0, 0, 0, 0, 0, 0, 0, 0, 0, 0, 0, 0, 0, 0, 0, 0, 0, 0, 0, 0, 189, 0, 0, 0, 0, 0, 0, 0, 0, 0, 226, 0, 0, 0, 0, 0, 0, 0, 0, 0, 0, 0, 0, 0, 0, 46, 0, 0, 0, 0, 0, 0, 0, 0, 0, 0, 0, 0, 0, 0, 0, 0, 0, 0, 0, 0, 0, 0, 0, 0, 0, 0, 0, 226, 0, 58, 0, 0, 0, 0, 0, 0, 0, 0, 0, 0, 0, 0, 0, 0, 0, 0, 0, 224, 224, 0, 0, 0, 224, 224, 0, 0, 0, 0, 0, 0, 0], objects=[], opacity=0.0, draworder=), Layer(width=0, height=0, name=Objectlaag 1, type=objectgroup, visible=false, x=0, y=0, data=[], objects=[com.almasb.fxgl.entity.level.tiled.TiledObject@192265b2, com.almasb.fxgl.entity.level.tiled.TiledObject@59afb608, com.almasb.fxgl.entity.level.tiled.TiledObject@f85af7f, com.almasb.fxgl.entity.level.tiled.TiledObject@768d21a4, com.almasb.fxgl.entity.level.tiled.TiledObject@7c88d532, com.almasb.fxgl.entity.level.tiled.TiledObject@5833335d, com.almasb.fxgl.entity.level.tiled.TiledObject@7a6f8173, com.almasb.fxgl.entity.level.tiled.TiledObject@65f00f9b, com.almasb.fxgl.entity.level.tiled.TiledObject@5feb6752, com.almasb.fxgl.entity.level.tiled.TiledObject@1e031e29, com.almasb.fxgl.entity.level.tiled.TiledObject@18616083, com.almasb.fxgl.entity.level.tiled.TiledObject@7d0838c3, com.almasb.fxgl.entity.level.tiled.TiledObject@79dd01c7, com.almasb.fxgl.entity.level.tiled.TiledObject@7f29ba83, com.almasb.fxgl.entity.level.tiled.TiledObject@6c5fb89d, com.almasb.fxgl.entity.level.tiled.TiledObject@502d4bf5, com.almasb.fxgl.entity.level.tiled.TiledObject@41efab0e, com.almasb.fxgl.entity.level.tiled.TiledObject@73a0fc12], opacity=0.0, draworder=)], tilesets=[Tileset(firstgid=1, image=../../../../../../../Eigen test/src/main/resources/assets/levels/tiles_spritesheet.png, name=tiles_spritesheet, tilewidth=70, tileheight=70, imagewidth=914, imageheight=936, margin=0, spacing=2, columns=12, tilecount=156, transparentcolor=, tiles=[]), Tileset(firstgid=157, image=../../../../../../../Eigen test/src/main/resources/assets/levels/platformerPack_industrial_tilesheet.png, name=_industrial, tilewidth=70, tileheight=70, imagewidth=980, imageheight=560, margin=0, spacing=0, columns=14, tilecount=112, transparentcolor=, tiles=[])], backgroundcolor=, renderorder=right-down, nextobjectid=22, version=1, tiledversion=1.5.0, type=map, infinite=false, hexsidelength=0, staggeraxis=, staggerindex=, properties={}, propertytypes={})
12:09:03.927 [FXGL Background Thread 2 ] DEBUG TMXLevelLoader       - Creating tile layer entities
12:09:03.929 [FXGL Background Thread 2 ] DEBUG TilesetLoader        - Loading view for layer Bottom
12:09:03.942 [FXGL Background Thread 2 ] DEBUG TilesetLoader        - Created buffer with size 2100.0x700.0
12:09:03.966 [FXGL Background Thread 2 ] DEBUG TilesetLoader        - Writing to buffer: dst=770,350, w=70,h=70, src=490,210
12:09:03.966 [FXGL Background Thread 2 ] DEBUG TilesetLoader        - Writing to buffer: dst=840,350, w=70,h=70, src=420,210
12:09:03.967 [FXGL Background Thread 2 ] DEBUG TilesetLoader        - Writing to buffer: dst=910,350, w=70,h=70, src=490,210
12:09:03.968 [FXGL Background Thread 2 ] DEBUG TilesetLoader        - Writing to buffer: dst=490,420, w=70,h=70, src=420,210
12:09:03.968 [FXGL Background Thread 2 ] DEBUG TilesetLoader        - Writing to buffer: dst=560,420, w=70,h=70, src=490,210
12:09:03.968 [FXGL Background Thread 2 ] DEBUG TilesetLoader        - Writing to buffer: dst=630,420, w=70,h=70, src=560,210
12:09:03.970 [FXGL Background Thread 2 ] DEBUG TilesetLoader        - Writing to buffer: dst=280,490, w=70,h=70, src=490,210
12:09:03.970 [FXGL Background Thread 2 ] DEBUG TilesetLoader        - Writing to buffer: dst=350,490, w=70,h=70, src=420,210
12:09:03.971 [FXGL Background Thread 2 ] DEBUG TilesetLoader        - Writing to buffer: dst=70,560, w=70,h=70, src=560,490
12:09:03.971 [FXGL Background Thread 2 ] DEBUG TilesetLoader        - Writing to buffer: dst=210,560, w=70,h=70, src=280,210
12:09:03.971 [FXGL Background Thread 2 ] DEBUG TilesetLoader        - Writing to buffer: dst=770,560, w=70,h=70, src=140,420
12:09:03.971 [FXGL Background Thread 2 ] DEBUG TilesetLoader        - Writing to buffer: dst=840,560, w=70,h=70, src=210,420
12:09:03.972 [FXGL Background Thread 2 ] DEBUG TilesetLoader        - Writing to buffer: dst=910,560, w=70,h=70, src=280,420
12:09:03.972 [FXGL Background Thread 2 ] DEBUG TilesetLoader        - Writing to buffer: dst=0,630, w=70,h=70, src=0,140
12:09:03.973 [FXGL Background Thread 2 ] DEBUG TilesetLoader        - Writing to buffer: dst=70,630, w=70,h=70, src=0,140
12:09:03.973 [FXGL Background Thread 2 ] DEBUG TilesetLoader        - Writing to buffer: dst=140,630, w=70,h=70, src=0,140
12:09:03.977 [FXGL Background Thread 2 ] DEBUG TilesetLoader        - Writing to buffer: dst=210,630, w=70,h=70, src=0,140
12:09:03.978 [FXGL Background Thread 2 ] DEBUG TilesetLoader        - Writing to buffer: dst=280,630, w=70,h=70, src=0,140
12:09:03.978 [FXGL Background Thread 2 ] DEBUG TilesetLoader        - Writing to buffer: dst=350,630, w=70,h=70, src=0,140
12:09:03.979 [FXGL Background Thread 2 ] DEBUG TilesetLoader        - Writing to buffer: dst=420,630, w=70,h=70, src=0,140
12:09:03.979 [FXGL Background Thread 2 ] DEBUG TilesetLoader        - Writing to buffer: dst=490,630, w=70,h=70, src=0,140
12:09:03.979 [FXGL Background Thread 2 ] DEBUG TilesetLoader        - Writing to buffer: dst=560,630, w=70,h=70, src=0,140
12:09:03.979 [FXGL Background Thread 2 ] DEBUG TilesetLoader        - Writing to buffer: dst=630,630, w=70,h=70, src=0,140
12:09:03.980 [FXGL Background Thread 2 ] DEBUG TilesetLoader        - Writing to buffer: dst=700,630, w=70,h=70, src=0,140
12:09:03.981 [FXGL Background Thread 2 ] DEBUG TilesetLoader        - Writing to buffer: dst=770,630, w=70,h=70, src=0,140
12:09:03.981 [FXGL Background Thread 2 ] DEBUG TilesetLoader        - Writing to buffer: dst=840,630, w=70,h=70, src=0,140
12:09:03.981 [FXGL Background Thread 2 ] DEBUG TilesetLoader        - Writing to buffer: dst=910,630, w=70,h=70, src=0,140
12:09:03.981 [FXGL Background Thread 2 ] DEBUG TilesetLoader        - Writing to buffer: dst=980,630, w=70,h=70, src=0,140
12:09:03.982 [FXGL Background Thread 2 ] DEBUG TilesetLoader        - Writing to buffer: dst=1050,630, w=70,h=70, src=0,140
12:09:03.982 [FXGL Background Thread 2 ] DEBUG TilesetLoader        - Writing to buffer: dst=1260,630, w=70,h=70, src=0,140
12:09:03.982 [FXGL Background Thread 2 ] DEBUG TilesetLoader        - Writing to buffer: dst=1330,630, w=70,h=70, src=0,140
12:09:03.984 [FXGL Background Thread 2 ] DEBUG TilesetLoader        - Writing to buffer: dst=1400,630, w=70,h=70, src=0,140
12:09:03.985 [FXGL Background Thread 2 ] DEBUG TilesetLoader        - Writing to buffer: dst=1610,630, w=70,h=70, src=0,140
12:09:03.985 [FXGL Background Thread 2 ] DEBUG TilesetLoader        - Writing to buffer: dst=1680,630, w=70,h=70, src=0,140
12:09:03.985 [FXGL Background Thread 2 ] DEBUG TilesetLoader        - Writing to buffer: dst=1750,630, w=70,h=70, src=0,140
12:09:03.986 [FXGL Background Thread 2 ] DEBUG TilesetLoader        - Writing to buffer: dst=1820,630, w=70,h=70, src=0,140
12:09:03.986 [FXGL Background Thread 2 ] DEBUG TilesetLoader        - Writing to buffer: dst=1890,630, w=70,h=70, src=0,140
12:09:03.986 [FXGL Background Thread 2 ] DEBUG TilesetLoader        - Writing to buffer: dst=1960,630, w=70,h=70, src=0,140
12:09:03.986 [FXGL Background Thread 2 ] DEBUG TilesetLoader        - Writing to buffer: dst=2030,630, w=70,h=70, src=0,140
12:09:03.987 [FXGL Background Thread 2 ] DEBUG TilesetLoader        - Loading view for layer overlay
12:09:03.992 [FXGL Background Thread 2 ] DEBUG TilesetLoader        - Created buffer with size 2100.0x700.0
12:09:03.993 [FXGL Background Thread 2 ] DEBUG TilesetLoader        - Writing to buffer: dst=0,0, w=70,h=70, src=0,280
12:09:03.993 [FXGL Background Thread 2 ] DEBUG TilesetLoader        - Writing to buffer: dst=70,0, w=70,h=70, src=0,140
12:09:03.993 [FXGL Background Thread 2 ] DEBUG TilesetLoader        - Writing to buffer: dst=140,0, w=70,h=70, src=0,140
12:09:03.994 [FXGL Background Thread 2 ] DEBUG TilesetLoader        - Writing to buffer: dst=210,0, w=70,h=70, src=0,140
12:09:03.994 [FXGL Background Thread 2 ] DEBUG TilesetLoader        - Writing to buffer: dst=280,0, w=70,h=70, src=0,140
12:09:03.994 [FXGL Background Thread 2 ] DEBUG TilesetLoader        - Writing to buffer: dst=350,0, w=70,h=70, src=0,140
12:09:03.994 [FXGL Background Thread 2 ] DEBUG TilesetLoader        - Writing to buffer: dst=420,0, w=70,h=70, src=0,140
12:09:03.994 [FXGL Background Thread 2 ] DEBUG TilesetLoader        - Writing to buffer: dst=490,0, w=70,h=70, src=0,140
12:09:03.995 [FXGL Background Thread 2 ] DEBUG TilesetLoader        - Writing to buffer: dst=560,0, w=70,h=70, src=0,140
12:09:03.995 [FXGL Background Thread 2 ] DEBUG TilesetLoader        - Writing to buffer: dst=630,0, w=70,h=70, src=0,140
12:09:03.995 [FXGL Background Thread 2 ] DEBUG TilesetLoader        - Writing to buffer: dst=700,0, w=70,h=70, src=0,140
12:09:03.995 [FXGL Background Thread 2 ] DEBUG TilesetLoader        - Writing to buffer: dst=770,0, w=70,h=70, src=0,350
12:09:03.996 [FXGL Background Thread 2 ] DEBUG TilesetLoader        - Writing to buffer: dst=840,0, w=70,h=70, src=0,140
12:09:03.996 [FXGL Background Thread 2 ] DEBUG TilesetLoader        - Writing to buffer: dst=910,0, w=70,h=70, src=0,140
12:09:03.996 [FXGL Background Thread 2 ] DEBUG TilesetLoader        - Writing to buffer: dst=980,0, w=70,h=70, src=0,140
12:09:03.997 [FXGL Background Thread 2 ] DEBUG TilesetLoader        - Writing to buffer: dst=1050,0, w=70,h=70, src=0,140
12:09:03.997 [FXGL Background Thread 2 ] DEBUG TilesetLoader        - Writing to buffer: dst=1120,0, w=70,h=70, src=0,280
12:09:03.997 [FXGL Background Thread 2 ] DEBUG TilesetLoader        - Writing to buffer: dst=770,70, w=70,h=70, src=0,420
12:09:03.998 [FXGL Background Thread 2 ] DEBUG TilesetLoader        - Writing to buffer: dst=770,140, w=70,h=70, src=0,490
12:09:03.998 [FXGL Background Thread 2 ] DEBUG TilesetLoader        - Writing to buffer: dst=770,350, w=70,h=70, src=140,280
12:09:03.998 [FXGL Background Thread 2 ] DEBUG TilesetLoader        - Writing to buffer: dst=840,350, w=70,h=70, src=210,280
12:09:03.999 [FXGL Background Thread 2 ] DEBUG TilesetLoader        - Writing to buffer: dst=910,350, w=70,h=70, src=280,280
12:09:03.999 [FXGL Background Thread 2 ] DEBUG TilesetLoader        - Writing to buffer: dst=210,490, w=70,h=70, src=280,140
12:09:03.999 [FXGL Background Thread 2 ] DEBUG TilesetLoader        - Writing to buffer: dst=910,490, w=70,h=70, src=910,280
12:09:04.031 [FXGL Background Thread 2 ] DEBUG TilesetLoader        - Writing to buffer: dst=1960,490, w=70,h=70, src=648,216
12:09:04.031 [FXGL Background Thread 2 ] DEBUG TilesetLoader        - Writing to buffer: dst=1820,560, w=70,h=70, src=910,280
12:09:04.032 [FXGL Background Thread 2 ] DEBUG TilesetLoader        - Writing to buffer: dst=1960,560, w=70,h=70, src=648,288
12:09:04.032 [FXGL Background Thread 2 ] DEBUG TilesetLoader        - Writing to buffer: dst=1120,630, w=70,h=70, src=770,280
12:09:04.032 [FXGL Background Thread 2 ] DEBUG TilesetLoader        - Writing to buffer: dst=1190,630, w=70,h=70, src=770,280
12:09:04.032 [FXGL Background Thread 2 ] DEBUG TilesetLoader        - Writing to buffer: dst=1470,630, w=70,h=70, src=770,280
12:09:04.033 [FXGL Background Thread 2 ] DEBUG TilesetLoader        - Writing to buffer: dst=1540,630, w=70,h=70, src=770,280
12:09:04.033 [FXGL Background Thread 2 ] DEBUG TMXLevelLoader       - Creating object layer entities
12:09:04.043 [FXGL Background Thread 2 ] DEBUG FXGLAssetLoaderServi - Loading from file system: file:/Users/chalitandunu/Desktop/the%20void/HS/Jaar%201/Periode%203/IPOSE/nerdsvsthevirus/target/classes/assets/textures/spuit2.png
12:09:04.056 [FXGL Background Thread 2 ] DEBUG FXGLAssetLoaderServi - Loading from file system: file:/Users/chalitandunu/Desktop/the%20void/HS/Jaar%201/Periode%203/IPOSE/nerdsvsthevirus/target/classes/assets/textures/bacteria.png
12:09:04.068 [FXGL Background Thread 2 ] DEBUG GameWorld            - Clearing removable entities
12:09:04.068 [FXGL Background Thread 2 ] DEBUG GameWorld            - Setting level: com.almasb.fxgl.entity.level.Level@3f640e3
12:09:04.078 [FXGL Background Thread 2 ] DEBUG FXGLAssetLoaderServi - Loading from file system: file:/Users/chalitandunu/Desktop/the%20void/HS/Jaar%201/Periode%203/IPOSE/nerdsvsthevirus/target/classes/assets/textures/sprite.png
12:09:04.089 [FXGL Background Thread 2 ] INFO  FXGLApplication      - Game initialization took: 0.322 sec
12:09:04.090 [JavaFX Application Thread] DEBUG Input                - Clearing active input actions
12:09:04.099 [JavaFX Application Thread] DEBUG GameApplicationServi - Removing overlay from FXGLLoadingScene and adding to GameScene
12:09:04.100 [JavaFX Application Thread] DEBUG PrimaryStageWindow   - FXGLLoadingScene -> GameScene
12:09:04.780 [FXGL Background Thread 3 ] DEBUG Engine               - Logging environment variables
12:09:04.782 [FXGL Background Thread 3 ] DEBUG Engine               - achievements: []
12:09:04.782 [FXGL Background Thread 3 ] DEBUG Engine               - actualHeight: 700.0
12:09:04.782 [FXGL Background Thread 3 ] DEBUG Engine               - actualHeightProperty: ReadOnlyDoubleProperty [value: 700.0]
12:09:04.783 [FXGL Background Thread 3 ] DEBUG Engine               - actualWidth: 1050.0
12:09:04.783 [FXGL Background Thread 3 ] DEBUG Engine               - actualWidthProperty: ReadOnlyDoubleProperty [value: 1050.0]
12:09:04.783 [FXGL Background Thread 3 ] DEBUG Engine               - appIcon: fxgl_icon.png
12:09:04.783 [FXGL Background Thread 3 ] DEBUG Engine               - applicationMode: DEVELOPER
12:09:04.783 [FXGL Background Thread 3 ] DEBUG Engine               - cSSList: [fxgl_dark.css]
12:09:04.784 [FXGL Background Thread 3 ] DEBUG Engine               - collisionDetectionStrategy: BRUTE_FORCE
12:09:04.784 [FXGL Background Thread 3 ] DEBUG Engine               - configClass: Optional.empty
12:09:04.784 [FXGL Background Thread 3 ] DEBUG Engine               - credits: []
12:09:04.784 [FXGL Background Thread 3 ] DEBUG Engine               - devBBoxColorProperty: ObjectProperty [value: 0xff0000ff]
12:09:04.785 [FXGL Background Thread 3 ] DEBUG Engine               - devEnableDebugCameraProperty: BooleanProperty [value: false]
12:09:04.785 [FXGL Background Thread 3 ] DEBUG Engine               - devSensorColorProperty: ObjectProperty [value: 0xffff00ff]
12:09:04.785 [FXGL Background Thread 3 ] DEBUG Engine               - devShowBBoxProperty: BooleanProperty [value: false]
12:09:04.786 [FXGL Background Thread 3 ] DEBUG Engine               - devShowPositionProperty: BooleanProperty [value: false]
12:09:04.786 [FXGL Background Thread 3 ] DEBUG Engine               - enabledMenuItems: []
12:09:04.786 [FXGL Background Thread 3 ] DEBUG Engine               - engineServices: [class com.almasb.fxgl.app.services.FXGLAssetLoaderService, class com.almasb.fxgl.app.FXGLApplication$GameApplicationService, class com.almasb.fxgl.app.services.FXGLDialogService, class com.almasb.fxgl.app.services.IOTaskExecutorService, class com.almasb.fxgl.event.EventBusService, class com.almasb.fxgl.io.FileSystemService, class com.almasb.fxgl.localization.LocalizationService, class com.almasb.fxgl.app.services.SystemBundleService, class com.almasb.fxgl.profile.SaveLoadService, class com.almasb.fxgl.ui.FXGLUIFactoryServiceProvider, class com.almasb.fxgl.ui.FXGLDialogFactoryServiceProvider, class com.almasb.fxgl.audio.AudioPlayer, class com.almasb.fxgl.notification.impl.NotificationServiceProvider, class com.almasb.fxgl.achievement.AchievementService, class com.almasb.fxgl.cutscene.CutsceneService, class com.almasb.fxgl.minigames.MiniGameService, class com.almasb.fxgl.net.NetService, class com.almasb.fxgl.app.services.UpdaterService, class com.almasb.fxgl.dev.DevService]
12:09:04.786 [FXGL Background Thread 3 ] DEBUG Engine               - fontGame: Abel-Regular.ttf
12:09:04.786 [FXGL Background Thread 3 ] DEBUG Engine               - fontMono: lucida_console.ttf
12:09:04.786 [FXGL Background Thread 3 ] DEBUG Engine               - fontText: Courier-Prime.ttf
12:09:04.787 [FXGL Background Thread 3 ] DEBUG Engine               - fontUI: VarelaRound-Regular.ttf
12:09:04.787 [FXGL Background Thread 3 ] DEBUG Engine               - fullScreen: BooleanProperty [value: false]
12:09:04.787 [FXGL Background Thread 3 ] DEBUG Engine               - gameDifficulty: MEDIUM
12:09:04.787 [FXGL Background Thread 3 ] DEBUG Engine               - gameDifficultyProperty: ObjectProperty [value: MEDIUM]
12:09:04.787 [FXGL Background Thread 3 ] DEBUG Engine               - globalMusicVolume: 0.5
12:09:04.788 [FXGL Background Thread 3 ] DEBUG Engine               - globalMusicVolumeProperty: DoubleProperty [value: 0.5]
12:09:04.788 [FXGL Background Thread 3 ] DEBUG Engine               - globalSoundVolume: 0.5
12:09:04.788 [FXGL Background Thread 3 ] DEBUG Engine               - globalSoundVolumeProperty: DoubleProperty [value: 0.5]
12:09:04.788 [FXGL Background Thread 3 ] DEBUG Engine               - height: 700
12:09:04.789 [FXGL Background Thread 3 ] DEBUG Engine               - isAndroid: false
12:09:04.789 [FXGL Background Thread 3 ] DEBUG Engine               - isBrowser: false
12:09:04.789 [FXGL Background Thread 3 ] DEBUG Engine               - isClickFeedbackEnabled: false
12:09:04.789 [FXGL Background Thread 3 ] DEBUG Engine               - isCloseConfirmation: false
12:09:04.789 [FXGL Background Thread 3 ] DEBUG Engine               - isDesktop: true
12:09:04.789 [FXGL Background Thread 3 ] DEBUG Engine               - isDeveloperMenuEnabled: false
12:09:04.790 [FXGL Background Thread 3 ] DEBUG Engine               - isEntityPreloadEnabled: true
12:09:04.790 [FXGL Background Thread 3 ] DEBUG Engine               - isExperimental3D: false
12:09:04.790 [FXGL Background Thread 3 ] DEBUG Engine               - isExperimentalNative: false
12:09:04.790 [FXGL Background Thread 3 ] DEBUG Engine               - isExperimentalTiledLargeMap: false
12:09:04.790 [FXGL Background Thread 3 ] DEBUG Engine               - isFileSystemWriteAllowed: true
12:09:04.790 [FXGL Background Thread 3 ] DEBUG Engine               - isFullScreenAllowed: false
12:09:04.791 [FXGL Background Thread 3 ] DEBUG Engine               - isFullScreenFromStart: false
12:09:04.791 [FXGL Background Thread 3 ] DEBUG Engine               - isGameMenuEnabled: true
12:09:04.791 [FXGL Background Thread 3 ] DEBUG Engine               - isIOS: false
12:09:04.791 [FXGL Background Thread 3 ] DEBUG Engine               - isIntroEnabled: false
12:09:04.792 [FXGL Background Thread 3 ] DEBUG Engine               - isLinux: false
12:09:04.793 [FXGL Background Thread 3 ] DEBUG Engine               - isMac: true
12:09:04.793 [FXGL Background Thread 3 ] DEBUG Engine               - isMainMenuEnabled: true
12:09:04.793 [FXGL Background Thread 3 ] DEBUG Engine               - isManualResizeEnabled: false
12:09:04.793 [FXGL Background Thread 3 ] DEBUG Engine               - isMobile: false
12:09:04.793 [FXGL Background Thread 3 ] DEBUG Engine               - isPreserveResizeRatio: false
12:09:04.794 [FXGL Background Thread 3 ] DEBUG Engine               - isProfilingEnabled: false
12:09:04.794 [FXGL Background Thread 3 ] DEBUG Engine               - isScaleAffectedOnResize: true
12:09:04.794 [FXGL Background Thread 3 ] DEBUG Engine               - isSingleStep: false
12:09:04.794 [FXGL Background Thread 3 ] DEBUG Engine               - isUserProfileEnabled: false
12:09:04.794 [FXGL Background Thread 3 ] DEBUG Engine               - isWindows: false
12:09:04.795 [FXGL Background Thread 3 ] DEBUG Engine               - language: ObjectProperty [value: ENGLISH]
12:09:04.795 [FXGL Background Thread 3 ] DEBUG Engine               - menuKey: ESCAPE
12:09:04.795 [FXGL Background Thread 3 ] DEBUG Engine               - notificationViewClass: class com.almasb.fxgl.notification.view.XboxNotificationView
12:09:04.795 [FXGL Background Thread 3 ] DEBUG Engine               - pixelsPerMeter: 50.0
12:09:04.795 [FXGL Background Thread 3 ] DEBUG Engine               - platform: MAC
12:09:04.796 [FXGL Background Thread 3 ] DEBUG Engine               - prefHeightProperty: ReadOnlyDoubleProperty [value: 700.0]
12:09:04.796 [FXGL Background Thread 3 ] DEBUG Engine               - prefWidthProperty: ReadOnlyDoubleProperty [value: 1050.0]
12:09:04.796 [FXGL Background Thread 3 ] DEBUG Engine               - profileDir: profiles/
12:09:04.796 [FXGL Background Thread 3 ] DEBUG Engine               - profileName: StringProperty [value: DEFAULT]
12:09:04.797 [FXGL Background Thread 3 ] DEBUG Engine               - randomSeed: -1
12:09:04.797 [FXGL Background Thread 3 ] DEBUG Engine               - runtimeInfo: RuntimeInfo(platform=MAC, version=11.14, build=01.03.2021 16.59)
12:09:04.797 [FXGL Background Thread 3 ] DEBUG Engine               - saveFileExt: sav
12:09:04.797 [FXGL Background Thread 3 ] DEBUG Engine               - scaledHeightProp$fxgl: DoubleProperty [bound, value: 700.0]
12:09:04.798 [FXGL Background Thread 3 ] DEBUG Engine               - scaledWidthProp$fxgl: DoubleProperty [bound, value: 1050.0]
12:09:04.798 [FXGL Background Thread 3 ] DEBUG Engine               - sceneFactory: NerdvsVirus.Game$1@69eb693
12:09:04.798 [FXGL Background Thread 3 ] DEBUG Engine               - secondsIn24h: 60
12:09:04.798 [FXGL Background Thread 3 ] DEBUG Engine               - soundMenuBack: menu/back.wav
12:09:04.798 [FXGL Background Thread 3 ] DEBUG Engine               - soundMenuPress: menu/press.wav
12:09:04.798 [FXGL Background Thread 3 ] DEBUG Engine               - soundMenuSelect: menu/select.wav
12:09:04.798 [FXGL Background Thread 3 ] DEBUG Engine               - soundNotification: core/notification.wav
12:09:04.799 [FXGL Background Thread 3 ] DEBUG Engine               - stageStyle: DECORATED
12:09:04.799 [FXGL Background Thread 3 ] DEBUG Engine               - supportedLanguages: [ENGLISH, FRENCH, GERMAN, HUNGARIAN, RUSSIAN]
12:09:04.799 [FXGL Background Thread 3 ] DEBUG Engine               - ticksPerSecond: -1
12:09:04.799 [FXGL Background Thread 3 ] DEBUG Engine               - title: Nerds VS Virus
12:09:04.799 [FXGL Background Thread 3 ] DEBUG Engine               - urlGithub: https://github.com/AlmasB/FXGL
12:09:04.799 [FXGL Background Thread 3 ] DEBUG Engine               - urlLeaderboard: http://fxgl-top.herokuapp.com/
12:09:04.800 [FXGL Background Thread 3 ] DEBUG Engine               - urlPOM: https://raw.githubusercontent.com/AlmasB/FXGL/release/README.md
12:09:04.800 [FXGL Background Thread 3 ] DEBUG Engine               - userAppClass: class NerdvsVirus.Game
12:09:04.800 [FXGL Background Thread 3 ] DEBUG Engine               - version: 0.0
12:09:04.800 [FXGL Background Thread 3 ] DEBUG Engine               - versionCheckDays: 7
12:09:04.800 [FXGL Background Thread 3 ] DEBUG Engine               - width: 1050
12:09:04.800 [FXGL Background Thread 3 ] DEBUG Engine               - Logging services
12:09:04.801 [FXGL Background Thread 3 ] DEBUG Engine               - class com.almasb.fxgl.app.services.FXGLAssetLoaderService
12:09:04.801 [FXGL Background Thread 3 ] DEBUG Engine               - class com.almasb.fxgl.app.FXGLApplication$GameApplicationService
12:09:04.801 [FXGL Background Thread 3 ] DEBUG Engine               - class com.almasb.fxgl.app.services.FXGLDialogService
12:09:04.801 [FXGL Background Thread 3 ] DEBUG Engine               - class com.almasb.fxgl.app.services.IOTaskExecutorService
12:09:04.801 [FXGL Background Thread 3 ] DEBUG Engine               - class com.almasb.fxgl.event.EventBusService
12:09:04.801 [FXGL Background Thread 3 ] DEBUG Engine               - class com.almasb.fxgl.io.FileSystemService
12:09:04.802 [FXGL Background Thread 3 ] DEBUG Engine               - class com.almasb.fxgl.localization.LocalizationService
12:09:04.802 [FXGL Background Thread 3 ] DEBUG Engine               - class com.almasb.fxgl.app.services.SystemBundleService
12:09:04.802 [FXGL Background Thread 3 ] DEBUG Engine               - class com.almasb.fxgl.profile.SaveLoadService
12:09:04.802 [FXGL Background Thread 3 ] DEBUG Engine               - class com.almasb.fxgl.ui.FXGLUIFactoryServiceProvider
12:09:04.802 [FXGL Background Thread 3 ] DEBUG Engine               - class com.almasb.fxgl.ui.FXGLDialogFactoryServiceProvider
12:09:04.802 [FXGL Background Thread 3 ] DEBUG Engine               - class com.almasb.fxgl.audio.AudioPlayer
12:09:04.802 [FXGL Background Thread 3 ] DEBUG Engine               - class com.almasb.fxgl.notification.impl.NotificationServiceProvider
12:09:04.802 [FXGL Background Thread 3 ] DEBUG Engine               - class com.almasb.fxgl.achievement.AchievementService
12:09:04.802 [FXGL Background Thread 3 ] DEBUG Engine               - class com.almasb.fxgl.cutscene.CutsceneService
12:09:04.802 [FXGL Background Thread 3 ] DEBUG Engine               - class com.almasb.fxgl.minigames.MiniGameService
12:09:04.802 [FXGL Background Thread 3 ] DEBUG Engine               - class com.almasb.fxgl.net.NetService
12:09:04.803 [FXGL Background Thread 3 ] DEBUG Engine               - class com.almasb.fxgl.app.services.UpdaterService
12:09:04.803 [FXGL Background Thread 3 ] DEBUG Engine               - class com.almasb.fxgl.dev.DevService
12:09:23.026 [JavaFX Application Thread] DEBUG PrimaryStageWindow   - Push state: DialogSubScene
12:09:23.026 [JavaFX Application Thread] DEBUG Input                - Clearing active input actions
12:09:23.037 [JavaFX Application Thread] DEBUG GameApplicationServi - Removing overlay from GameScene and adding to DialogSubScene
12:09:23.038 [JavaFX Application Thread] DEBUG PrimaryStageWindow   - GameScene -> DialogSubScene
12:09:24.119 [JavaFX Application Thread] DEBUG PrimaryStageWindow   - Pop state: DialogSubScene
12:09:24.119 [JavaFX Application Thread] DEBUG Input                - Clearing active input actions
12:09:24.121 [JavaFX Application Thread] DEBUG GameApplicationServi - Removing overlay from DialogSubScene and adding to GameScene
12:09:24.121 [JavaFX Application Thread] DEBUG PrimaryStageWindow   - GameScene <- DialogSubScene
12:09:24.122 [JavaFX Application Thread] DEBUG FXGLAssetLoaderServi - Loading from file system: file:/Users/chalitandunu/Desktop/the%20void/HS/Jaar%201/Periode%203/IPOSE/nerdsvsthevirus/target/classes/assets/textures/bg2.jpg
12:09:24.153 [JavaFX Application Thread] WARN  TMXLevelLoader       - TiledMap generated from 1.5.0. Supported version: 1.2.3. Some features may not be parsed fully.
12:09:24.164 [JavaFX Application Thread] DEBUG TMXLevelLoader       - Parsed raw map: TiledMap(width=30, height=10, tilewidth=70, tileheight=70, orientation=orthogonal, layers=[Layer(width=30, height=10, name=Bottom, type=tilelayer, visible=false, x=0, y=0, data=[0, 0, 0, 0, 0, 0, 0, 0, 0, 0, 0, 0, 0, 0, 0, 0, 0, 194, 194, 194, 194, 194, 194, 194, 194, 194, 194, 194, 194, 194, 0, 0, 0, 0, 0, 0, 0, 0, 0, 0, 0, 0, 0, 0, 0, 0, 0, 0, 0, 0, 0, 0, 0, 0, 0, 0, 0, 0, 0, 0, 0, 0, 0, 0, 0, 0, 0, 0, 0, 0, 0, 0, 0, 0, 0, 0, 0, 0, 0, 0, 0, 0, 0, 0, 0, 0, 0, 0, 0, 0, 0, 0, 0, 0, 0, 0, 0, 0, 0, 0, 0, 0, 0, 0, 0, 0, 0, 0, 0, 0, 0, 0, 0, 0, 0, 0, 0, 0, 0, 0, 0, 0, 0, 0, 0, 0, 0, 0, 0, 0, 0, 0, 0, 0, 0, 0, 0, 0, 0, 0, 0, 0, 0, 0, 0, 0, 0, 0, 46, 0, 0, 0, 0, 0, 0, 0, 0, 0, 0, 0, 0, 0, 0, 0, 0, 0, 0, 0, 0, 0, 0, 0, 0, 0, 0, 0, 0, 0, 58, 0, 0, 0, 0, 0, 0, 0, 0, 191, 192, 193, 0, 0, 0, 0, 0, 0, 0, 0, 0, 0, 0, 0, 0, 0, 0, 0, 0, 199, 199, 0, 0, 0, 0, 191, 192, 193, 0, 0, 0, 0, 0, 191, 192, 193, 0, 0, 0, 0, 0, 0, 0, 0, 0, 0, 0, 0, 199, 199, 199, 0, 0, 0, 0, 0, 0, 0, 0, 0, 0, 0, 0, 0, 0, 0, 0, 0, 0, 0, 0, 0, 0, 0, 0, 0, 0, 199, 199, 199, 199, 0, 185, 185, 185, 0, 0, 0, 0, 0, 0, 0, 0, 0, 0, 0, 0, 185, 0, 0, 185, 185, 185, 0, 0, 185, 185, 185, 185, 185, 185, 185], objects=[], opacity=0.0, draworder=), Layer(width=30, height=10, name=overlay, type=tilelayer, visible=false, x=0, y=0, data=[213, 185, 185, 185, 185, 185, 185, 185, 185, 185, 185, 227, 185, 185, 185, 185, 213, 0, 0, 0, 0, 0, 0, 0, 0, 0, 0, 0, 0, 0, 0, 0, 0, 0, 0, 0, 0, 0, 0, 0, 0, 0, 0, 0, 0, 0, 0, 0, 0, 0, 0, 0, 0, 0, 0, 0, 0, 0, 0, 0, 0, 0, 0, 0, 0, 0, 0, 0, 0, 0, 0, 0, 0, 0, 0, 0, 0, 0, 0, 0, 0, 0, 0, 0, 0, 0, 0, 0, 0, 0, 0, 0, 0, 0, 0, 0, 0, 0, 0, 0, 0, 0, 0, 0, 0, 0, 0, 0, 0, 0, 0, 0, 0, 0, 0, 0, 0, 0, 0, 0, 0, 0, 0, 0, 0, 0, 0, 0, 0, 0, 0, 0, 0, 0, 0, 0, 0, 0, 0, 0, 0, 0, 0, 0, 0, 0, 0, 0, 0, 0, 0, 0, 0, 0, 0, 0, 0, 0, 0, 0, 0, 0, 0, 0, 0, 0, 0, 0, 0, 0, 0, 0, 0, 0, 0, 0, 0, 0, 0, 0, 0, 0, 0, 0, 0, 0, 0, 0, 0, 0, 0, 0, 0, 0, 0, 0, 0, 0, 0, 0, 0, 0, 0, 0, 0, 0, 0, 0, 0, 0, 0, 0, 0, 0, 0, 0, 0, 0, 0, 0, 0, 0, 0, 0, 0, 0, 0, 0, 0, 0, 0, 0, 0, 0, 0, 0, 0, 0, 0, 0, 0, 0, 0, 0, 0, 0, 0, 0, 0, 0, 0, 0, 0, 0, 0, 0, 0, 0, 0, 0, 0, 0, 0, 0, 0, 0, 0, 0, 0, 0, 0, 0, 0, 0, 0, 0, 0, 0, 0, 0, 0, 0, 0, 0, 0, 0, 224, 224, 0, 0, 0, 224, 224, 0, 0, 0, 0, 0, 0, 0], objects=[], opacity=0.0, draworder=), Layer(width=0, height=0, name=Objectlaag 1, type=objectgroup, visible=false, x=0, y=0, data=[], objects=[com.almasb.fxgl.entity.level.tiled.TiledObject@294022b6, com.almasb.fxgl.entity.level.tiled.TiledObject@394b0998, com.almasb.fxgl.entity.level.tiled.TiledObject@32ee183a, com.almasb.fxgl.entity.level.tiled.TiledObject@42bc86d6, com.almasb.fxgl.entity.level.tiled.TiledObject@6a4159a5, com.almasb.fxgl.entity.level.tiled.TiledObject@ba79abc, com.almasb.fxgl.entity.level.tiled.TiledObject@494a6c3a, com.almasb.fxgl.entity.level.tiled.TiledObject@6fe6d9f3, com.almasb.fxgl.entity.level.tiled.TiledObject@f0a29db, com.almasb.fxgl.entity.level.tiled.TiledObject@38cf20fc, com.almasb.fxgl.entity.level.tiled.TiledObject@22fea063, com.almasb.fxgl.entity.level.tiled.TiledObject@7b8edc8e, com.almasb.fxgl.entity.level.tiled.TiledObject@259476d5, com.almasb.fxgl.entity.level.tiled.TiledObject@649d6a5b, com.almasb.fxgl.entity.level.tiled.TiledObject@33372313, com.almasb.fxgl.entity.level.tiled.TiledObject@3ed0e357, com.almasb.fxgl.entity.level.tiled.TiledObject@38f40886, com.almasb.fxgl.entity.level.tiled.TiledObject@37b46271], opacity=0.0, draworder=)], tilesets=[Tileset(firstgid=1, image=../../../../../../../Eigen test/src/main/resources/assets/levels/tiles_spritesheet.png, name=tiles_spritesheet, tilewidth=70, tileheight=70, imagewidth=914, imageheight=936, margin=0, spacing=2, columns=12, tilecount=156, transparentcolor=, tiles=[]), Tileset(firstgid=157, image=../../../../../../../Eigen test/src/main/resources/assets/levels/platformerPack_industrial_tilesheet.png, name=_industrial, tilewidth=70, tileheight=70, imagewidth=980, imageheight=560, margin=0, spacing=0, columns=14, tilecount=112, transparentcolor=, tiles=[])], backgroundcolor=, renderorder=right-down, nextobjectid=26, version=1, tiledversion=1.5.0, type=map, infinite=false, hexsidelength=0, staggeraxis=, staggerindex=, properties={}, propertytypes={})
12:09:24.164 [JavaFX Application Thread] DEBUG TMXLevelLoader       - Creating tile layer entities
12:09:24.165 [JavaFX Application Thread] DEBUG TilesetLoader        - Loading view for layer Bottom
12:09:24.170 [JavaFX Application Thread] DEBUG TilesetLoader        - Created buffer with size 2100.0x700.0
12:09:24.185 [JavaFX Application Thread] DEBUG TilesetLoader        - Writing to buffer: dst=1190,0, w=70,h=70, src=630,140
12:09:24.185 [JavaFX Application Thread] DEBUG TilesetLoader        - Writing to buffer: dst=1260,0, w=70,h=70, src=630,140
12:09:24.186 [JavaFX Application Thread] DEBUG TilesetLoader        - Writing to buffer: dst=1330,0, w=70,h=70, src=630,140
12:09:24.186 [JavaFX Application Thread] DEBUG TilesetLoader        - Writing to buffer: dst=1400,0, w=70,h=70, src=630,140
12:09:24.186 [JavaFX Application Thread] DEBUG TilesetLoader        - Writing to buffer: dst=1470,0, w=70,h=70, src=630,140
12:09:24.186 [JavaFX Application Thread] DEBUG TilesetLoader        - Writing to buffer: dst=1540,0, w=70,h=70, src=630,140
12:09:24.186 [JavaFX Application Thread] DEBUG TilesetLoader        - Writing to buffer: dst=1610,0, w=70,h=70, src=630,140
12:09:24.186 [JavaFX Application Thread] DEBUG TilesetLoader        - Writing to buffer: dst=1680,0, w=70,h=70, src=630,140
12:09:24.186 [JavaFX Application Thread] DEBUG TilesetLoader        - Writing to buffer: dst=1750,0, w=70,h=70, src=630,140
12:09:24.186 [JavaFX Application Thread] DEBUG TilesetLoader        - Writing to buffer: dst=1820,0, w=70,h=70, src=630,140
12:09:24.186 [JavaFX Application Thread] DEBUG TilesetLoader        - Writing to buffer: dst=1890,0, w=70,h=70, src=630,140
12:09:24.187 [JavaFX Application Thread] DEBUG TilesetLoader        - Writing to buffer: dst=1960,0, w=70,h=70, src=630,140
12:09:24.187 [JavaFX Application Thread] DEBUG TilesetLoader        - Writing to buffer: dst=2030,0, w=70,h=70, src=630,140
12:09:24.208 [JavaFX Application Thread] DEBUG TilesetLoader        - Writing to buffer: dst=1960,280, w=70,h=70, src=648,216
12:09:24.208 [JavaFX Application Thread] DEBUG TilesetLoader        - Writing to buffer: dst=1960,350, w=70,h=70, src=648,288
12:09:24.208 [JavaFX Application Thread] DEBUG TilesetLoader        - Writing to buffer: dst=490,420, w=70,h=70, src=420,140
12:09:24.208 [JavaFX Application Thread] DEBUG TilesetLoader        - Writing to buffer: dst=560,420, w=70,h=70, src=490,140
12:09:24.209 [JavaFX Application Thread] DEBUG TilesetLoader        - Writing to buffer: dst=630,420, w=70,h=70, src=560,140
12:09:24.209 [JavaFX Application Thread] DEBUG TilesetLoader        - Writing to buffer: dst=1890,420, w=70,h=70, src=0,210
12:09:24.209 [JavaFX Application Thread] DEBUG TilesetLoader        - Writing to buffer: dst=1960,420, w=70,h=70, src=0,210
12:09:24.209 [JavaFX Application Thread] DEBUG TilesetLoader        - Writing to buffer: dst=210,490, w=70,h=70, src=420,140
12:09:24.209 [JavaFX Application Thread] DEBUG TilesetLoader        - Writing to buffer: dst=280,490, w=70,h=70, src=490,140
12:09:24.209 [JavaFX Application Thread] DEBUG TilesetLoader        - Writing to buffer: dst=350,490, w=70,h=70, src=560,140
12:09:24.210 [JavaFX Application Thread] DEBUG TilesetLoader        - Writing to buffer: dst=770,490, w=70,h=70, src=420,140
12:09:24.210 [JavaFX Application Thread] DEBUG TilesetLoader        - Writing to buffer: dst=840,490, w=70,h=70, src=490,140
12:09:24.210 [JavaFX Application Thread] DEBUG TilesetLoader        - Writing to buffer: dst=910,490, w=70,h=70, src=560,140
12:09:24.210 [JavaFX Application Thread] DEBUG TilesetLoader        - Writing to buffer: dst=1820,490, w=70,h=70, src=0,210
12:09:24.210 [JavaFX Application Thread] DEBUG TilesetLoader        - Writing to buffer: dst=1890,490, w=70,h=70, src=0,210
12:09:24.210 [JavaFX Application Thread] DEBUG TilesetLoader        - Writing to buffer: dst=1960,490, w=70,h=70, src=0,210
12:09:24.211 [JavaFX Application Thread] DEBUG TilesetLoader        - Writing to buffer: dst=1750,560, w=70,h=70, src=0,210
12:09:24.211 [JavaFX Application Thread] DEBUG TilesetLoader        - Writing to buffer: dst=1820,560, w=70,h=70, src=0,210
12:09:24.211 [JavaFX Application Thread] DEBUG TilesetLoader        - Writing to buffer: dst=1890,560, w=70,h=70, src=0,210
12:09:24.211 [JavaFX Application Thread] DEBUG TilesetLoader        - Writing to buffer: dst=1960,560, w=70,h=70, src=0,210
12:09:24.211 [JavaFX Application Thread] DEBUG TilesetLoader        - Writing to buffer: dst=0,630, w=70,h=70, src=0,140
12:09:24.211 [JavaFX Application Thread] DEBUG TilesetLoader        - Writing to buffer: dst=70,630, w=70,h=70, src=0,140
12:09:24.211 [JavaFX Application Thread] DEBUG TilesetLoader        - Writing to buffer: dst=140,630, w=70,h=70, src=0,140
12:09:24.211 [JavaFX Application Thread] DEBUG TilesetLoader        - Writing to buffer: dst=1050,630, w=70,h=70, src=0,140
12:09:24.211 [JavaFX Application Thread] DEBUG TilesetLoader        - Writing to buffer: dst=1260,630, w=70,h=70, src=0,140
12:09:24.211 [JavaFX Application Thread] DEBUG TilesetLoader        - Writing to buffer: dst=1330,630, w=70,h=70, src=0,140
12:09:24.212 [JavaFX Application Thread] DEBUG TilesetLoader        - Writing to buffer: dst=1400,630, w=70,h=70, src=0,140
12:09:24.212 [JavaFX Application Thread] DEBUG TilesetLoader        - Writing to buffer: dst=1610,630, w=70,h=70, src=0,140
12:09:24.212 [JavaFX Application Thread] DEBUG TilesetLoader        - Writing to buffer: dst=1680,630, w=70,h=70, src=0,140
12:09:24.212 [JavaFX Application Thread] DEBUG TilesetLoader        - Writing to buffer: dst=1750,630, w=70,h=70, src=0,140
12:09:24.212 [JavaFX Application Thread] DEBUG TilesetLoader        - Writing to buffer: dst=1820,630, w=70,h=70, src=0,140
12:09:24.212 [JavaFX Application Thread] DEBUG TilesetLoader        - Writing to buffer: dst=1890,630, w=70,h=70, src=0,140
12:09:24.213 [JavaFX Application Thread] DEBUG TilesetLoader        - Writing to buffer: dst=1960,630, w=70,h=70, src=0,140
12:09:24.213 [JavaFX Application Thread] DEBUG TilesetLoader        - Writing to buffer: dst=2030,630, w=70,h=70, src=0,140
12:09:24.216 [JavaFX Application Thread] DEBUG TilesetLoader        - Loading view for layer overlay
12:09:24.220 [JavaFX Application Thread] DEBUG TilesetLoader        - Created buffer with size 2100.0x700.0
12:09:24.220 [JavaFX Application Thread] DEBUG TilesetLoader        - Writing to buffer: dst=0,0, w=70,h=70, src=0,280
12:09:24.220 [JavaFX Application Thread] DEBUG TilesetLoader        - Writing to buffer: dst=70,0, w=70,h=70, src=0,140
12:09:24.220 [JavaFX Application Thread] DEBUG TilesetLoader        - Writing to buffer: dst=140,0, w=70,h=70, src=0,140
12:09:24.220 [JavaFX Application Thread] DEBUG TilesetLoader        - Writing to buffer: dst=210,0, w=70,h=70, src=0,140
12:09:24.220 [JavaFX Application Thread] DEBUG TilesetLoader        - Writing to buffer: dst=280,0, w=70,h=70, src=0,140
12:09:24.221 [JavaFX Application Thread] DEBUG TilesetLoader        - Writing to buffer: dst=350,0, w=70,h=70, src=0,140
12:09:24.221 [JavaFX Application Thread] DEBUG TilesetLoader        - Writing to buffer: dst=420,0, w=70,h=70, src=0,140
12:09:24.221 [JavaFX Application Thread] DEBUG TilesetLoader        - Writing to buffer: dst=490,0, w=70,h=70, src=0,140
12:09:24.221 [JavaFX Application Thread] DEBUG TilesetLoader        - Writing to buffer: dst=560,0, w=70,h=70, src=0,140
12:09:24.221 [JavaFX Application Thread] DEBUG TilesetLoader        - Writing to buffer: dst=630,0, w=70,h=70, src=0,140
12:09:24.221 [JavaFX Application Thread] DEBUG TilesetLoader        - Writing to buffer: dst=700,0, w=70,h=70, src=0,140
12:09:24.221 [JavaFX Application Thread] DEBUG TilesetLoader        - Writing to buffer: dst=770,0, w=70,h=70, src=0,350
12:09:24.222 [JavaFX Application Thread] DEBUG TilesetLoader        - Writing to buffer: dst=840,0, w=70,h=70, src=0,140
12:09:24.222 [JavaFX Application Thread] DEBUG TilesetLoader        - Writing to buffer: dst=910,0, w=70,h=70, src=0,140
12:09:24.222 [JavaFX Application Thread] DEBUG TilesetLoader        - Writing to buffer: dst=980,0, w=70,h=70, src=0,140
12:09:24.222 [JavaFX Application Thread] DEBUG TilesetLoader        - Writing to buffer: dst=1050,0, w=70,h=70, src=0,140
12:09:24.222 [JavaFX Application Thread] DEBUG TilesetLoader        - Writing to buffer: dst=1120,0, w=70,h=70, src=0,280
12:09:24.222 [JavaFX Application Thread] DEBUG TilesetLoader        - Writing to buffer: dst=1120,630, w=70,h=70, src=770,280
12:09:24.223 [JavaFX Application Thread] DEBUG TilesetLoader        - Writing to buffer: dst=1190,630, w=70,h=70, src=770,280
12:09:24.223 [JavaFX Application Thread] DEBUG TilesetLoader        - Writing to buffer: dst=1470,630, w=70,h=70, src=770,280
12:09:24.223 [JavaFX Application Thread] DEBUG TilesetLoader        - Writing to buffer: dst=1540,630, w=70,h=70, src=770,280
12:09:24.223 [JavaFX Application Thread] DEBUG TMXLevelLoader       - Creating object layer entities
12:09:24.232 [JavaFX Application Thread] DEBUG GameWorld            - Clearing removable entities
12:09:24.235 [JavaFX Application Thread] DEBUG GameWorld            - Setting level: com.almasb.fxgl.entity.level.Level@49558351
12:09:32.012 [JavaFX Application Thread] DEBUG FXGLApplication      - Exiting FXGL
12:09:32.012 [JavaFX Application Thread] DEBUG LoopRunner           - Stopping loop
12:09:32.013 [JavaFX Application Thread] DEBUG SystemBundleService  - Saving FXGL system data
12:09:32.021 [JavaFX Application Thread] DEBUG FileSystemAccess     - Writing to: /Users/chalitandunu/Desktop/the void/HS/Jaar 1/Periode 3/IPOSE/nerdsvsthevirus/system/fxgl.bundle
12:09:32.023 [JavaFX Application Thread] DEBUG Async                - Shutting down background threads
12:09:32.024 [JavaFX Application Thread] DEBUG PrimaryStageWindow   - Closing main window
12:09:32.032 [JavaFX Application Thread] DEBUG Logger               - Closing Logger
