16:29:21.236 [main                     ] DEBUG Logger               - Configured Logger
16:29:21.250 [main                     ] DEBUG GameApplication      - Logging settings
Title: Nerds VS Virus
Version: 0.0
Width: 1050
Height: 700
Fullscreen: false
Intro: false
Profiling: false
Single step:false
App Mode: DEVELOPER
Menu Key: ESCAPE
Stage Style: DECORATED
Scene Factory: class NerdvsVirus.Game$1

16:29:21.771 [JavaFX Application Thread] DEBUG FXGLApplication      - Initializing FXGL
16:29:21.773 [JavaFX Application Thread] INFO  Engine               - FXGL-11.14 (01.03.2021 16.59) on WINDOWS (J:15.0.2 FX:15)
16:29:21.773 [JavaFX Application Thread] DEBUG Engine               - JRE Vendor Name: Oracle Corporation
16:29:21.773 [JavaFX Application Thread] DEBUG Engine               - Running on OS: Windows 10 version 10.0
16:29:21.774 [JavaFX Application Thread] DEBUG Engine               - Architecture: amd64
16:29:21.774 [JavaFX Application Thread] INFO  Engine               - Source code and latest versions at: https://github.com/AlmasB/FXGL
16:29:21.774 [JavaFX Application Thread] INFO  Engine               -              Join the FXGL chat at: https://gitter.im/AlmasB/FXGL
16:29:21.896 [JavaFX Application Thread] DEBUG PrimaryStageWindow   - Creating a JavaFX scene
16:29:21.963 [JavaFX Application Thread] DEBUG PrimaryStageWindow   - Target settings size: 1050.0 x 700.0
16:29:21.964 [JavaFX Application Thread] DEBUG PrimaryStageWindow   - Scaled scene size:    1050.0 x 700.0
16:29:21.964 [JavaFX Application Thread] DEBUG PrimaryStageWindow   - Scaled ratio: (1.0, 1.0)
16:29:21.965 [JavaFX Application Thread] DEBUG PrimaryStageWindow   - Set initial scene to FXGLStartupScene
16:29:21.974 [JavaFX Application Thread] DEBUG PrimaryStageWindow   - Opening main window
16:29:22.061 [JavaFX Application Thread] DEBUG PrimaryStageWindow   - Window border size: (16.0, 39.0)
16:29:22.061 [JavaFX Application Thread] DEBUG PrimaryStageWindow   - Scaled size: 1050.0 x 700.0
16:29:22.062 [JavaFX Application Thread] DEBUG PrimaryStageWindow   - Scaled ratio: (1.0, 1.0)
16:29:22.062 [JavaFX Application Thread] DEBUG PrimaryStageWindow   - Scene size: 1050.0 x 700.0
16:29:22.062 [JavaFX Application Thread] DEBUG PrimaryStageWindow   - Stage size: 1066.0 x 739.0
16:29:22.070 [FXGL Background Thread 1 ] DEBUG Engine               - Initializing environment variables
16:29:22.102 [FXGL Background Thread 1 ] DEBUG FXGLAssetLoaderServi - User app class for loading assets: class NerdvsVirus.Game
16:29:22.102 [FXGL Background Thread 1 ] DEBUG GameApplicationServi - Applying CSS: fxgl_dark.css
16:29:22.104 [FXGL Background Thread 1 ] DEBUG FXGLAssetLoaderServi - Loading from file system: jar:file:/C:/Users/luukb/.m2/repository/com/github/almasb/fxgl/11.14/fxgl-11.14.jar!/fxglassets/ui/css/fxgl_dark.css
16:29:22.147 [FXGL Background Thread 1 ] DEBUG GameApplicationServi - Initializing application scenes
16:29:22.183 [FXGL Background Thread 1 ] DEBUG GameWorld            - Game world initialized
16:29:22.239 [FXGL Background Thread 1 ] DEBUG PhysicsWorld         - Physics world initialized: appHeight=700, physics.ppm=50,0
16:29:22.240 [FXGL Background Thread 1 ] DEBUG PhysicsWorld         - Using strategy: BRUTE_FORCE
16:29:22.243 [FXGL Background Thread 1 ] DEBUG GameScene            - Game scene initialized: 1050x700
16:29:22.379 [FXGL Background Thread 1 ] DEBUG FXGLAssetLoaderServi - Loading from file system: jar:file:/C:/Users/luukb/.m2/repository/com/github/almasb/fxgl/11.14/fxgl-11.14.jar!/fxglassets/textures/particles/trace_horizontal.png
16:29:22.418 [FXGL Background Thread 1 ] DEBUG FXGL.DefaultMenu     - createMenuBodyGameMenu()
16:29:22.435 [FXGL Background Thread 1 ] DEBUG FXGL.DefaultMenu     - createOptionsMenu()
16:29:22.442 [FXGL Background Thread 1 ] DEBUG FXGLAssetLoaderServi - Loading from file system: jar:file:/C:/Users/luukb/.m2/repository/com/github/almasb/fxgl/11.14/fxgl-11.14.jar!/fxglassets/textures/particles/smoke.png
16:29:22.497 [FXGL Background Thread 1 ] DEBUG GameApplicationServi - Application scenes initialized
16:29:22.509 [FXGL Background Thread 1 ] DEBUG SystemBundleService  - Loading FXGL system data
16:29:22.513 [FXGL Background Thread 1 ] DEBUG FileSystemAccess     - Reading from: D:\OneDrive\OneDrive - Hogeschool Leiden\IPOSE\NERDS VS VIRUS\nerdsvsthevirus\system\fxgl.bundle
16:29:22.519 [FXGL Background Thread 1 ] DEBUG SystemBundleService  - Bundle FXGL: {}
16:29:22.519 [FXGL Background Thread 1 ] DEBUG UpdaterService       - Checking for updates
16:29:22.523 [FXGL Background Thread 4 ] DEBUG FXGLApplication      - Loading fonts
16:29:22.524 [FXGL Background Thread 1 ] DEBUG FXGLApplication      - Loading default localization
16:29:22.524 [FXGL Background Thread 4 ] DEBUG FXGLAssetLoaderServi - Loading from file system: jar:file:/C:/Users/luukb/.m2/repository/com/github/almasb/fxgl/11.14/fxgl-11.14.jar!/fxglassets/ui/fonts/VarelaRound-Regular.ttf
16:29:22.525 [FXGL Background Thread 1 ] DEBUG FXGLAssetLoaderServi - Loading from file system: jar:file:/C:/Users/luukb/.m2/repository/com/github/almasb/fxgl/11.14/fxgl-11.14.jar!/fxglassets/languages/english.lang
16:29:22.530 [FXGL Background Thread 4 ] DEBUG FXGLAssetLoaderServi - Loading from file system: jar:file:/C:/Users/luukb/.m2/repository/com/github/almasb/fxgl/11.14/fxgl-11.14.jar!/fxglassets/ui/fonts/Abel-Regular.ttf
16:29:22.534 [FXGL Background Thread 4 ] DEBUG FXGLAssetLoaderServi - Loading from file system: jar:file:/C:/Users/luukb/.m2/repository/com/github/almasb/fxgl/11.14/fxgl-11.14.jar!/fxglassets/ui/fonts/lucida_console.ttf
16:29:22.540 [FXGL Background Thread 4 ] DEBUG FXGLAssetLoaderServi - Loading from file system: jar:file:/C:/Users/luukb/.m2/repository/com/github/almasb/fxgl/11.14/fxgl-11.14.jar!/fxglassets/ui/fonts/Courier-Prime.ttf
16:29:22.541 [FXGL Background Thread 1 ] INFO  FXGLApplication      - FXGL initialization took: 0,471 sec
16:29:22.550 [JavaFX Application Thread] DEBUG Input                - Registered new binding: Left - A
16:29:22.551 [JavaFX Application Thread] DEBUG Input                - Registered new binding: Right - D
16:29:22.551 [JavaFX Application Thread] DEBUG Input                - Registered new binding: Jump - W
16:29:22.551 [JavaFX Application Thread] DEBUG FXGLAssetLoaderServi - Loading from file system: file:/D:/OneDrive/OneDrive%20-%20Hogeschool%20Leiden/IPOSE/NERDS%20VS%20VIRUS/nerdsvsthevirus/target/classes/assets/music/background.wav
16:29:22.736 [JavaFX Application Thread] DEBUG AudioPlayer          - Playing music com.almasb.fxgl.audio.Music@2428b0f9
16:29:22.737 [JavaFX Application Thread] DEBUG FXGLAssetLoaderServi - Loading from file system: jar:file:/C:/Users/luukb/.m2/repository/com/github/almasb/fxgl/11.14/fxgl-11.14.jar!/fxglassets/textures/fxgl_icon.png
16:29:22.753 [JavaFX Application Thread] DEBUG FXGLAssetLoaderServi - Loading from file system: jar:file:/C:/Users/luukb/.m2/repository/com/github/almasb/fxgl/11.14/fxgl-11.14.jar!/fxglassets/ui/cursors/fxgl_default.png
16:29:22.755 [JavaFX Application Thread] DEBUG Input                - Registered new binding: Screenshot - P
16:29:22.755 [JavaFX Application Thread] DEBUG Input                - Registered new binding: System info dump - CTRL+9
16:29:22.756 [JavaFX Application Thread] DEBUG Input                - Registered new binding: Restart - CTRL+R
16:29:22.757 [JavaFX Application Thread] DEBUG Input                - Registered new binding: Toggle Debug Camera - CTRL+C
16:29:22.760 [JavaFX Application Thread] DEBUG LoopRunner           - Starting loop
16:29:22.760 [JavaFX Application Thread] DEBUG LoopRunner           - Initializing JavaFX AnimationTimerLoop
16:29:22.762 [JavaFX Application Thread] DEBUG Input                - Clearing active input actions
16:29:22.769 [JavaFX Application Thread] DEBUG GameApplicationServi - Removing overlay from FXGLStartupScene and adding to FXGLMainMenuDummyScene
16:29:22.769 [JavaFX Application Thread] DEBUG PrimaryStageWindow   - FXGLStartupScene -> FXGLMainMenuDummyScene
16:29:22.769 [JavaFX Application Thread] DEBUG PrimaryStageWindow   - Push state: MainMenu
16:29:22.770 [JavaFX Application Thread] DEBUG Input                - Clearing active input actions
16:29:23.086 [JavaFX Application Thread] DEBUG GameApplicationServi - Removing overlay from FXGLMainMenuDummyScene and adding to MainMenu
16:29:23.087 [JavaFX Application Thread] DEBUG PrimaryStageWindow   - FXGLMainMenuDummyScene -> MainMenu
16:29:23.092 [JavaFX Application Thread] DEBUG FXGLApplication      - Registering font factories with UI factory
16:29:24.096 [JavaFX Application Thread] DEBUG Menu                 - fireNewGame()
16:29:24.096 [JavaFX Application Thread] DEBUG GameApplicationServi - Starting new game
16:29:24.096 [JavaFX Application Thread] DEBUG PrimaryStageWindow   - Pop state: MainMenu
16:29:24.096 [JavaFX Application Thread] DEBUG Input                - Clearing active input actions
16:29:24.097 [JavaFX Application Thread] DEBUG GameApplicationServi - Removing overlay from MainMenu and adding to FXGLMainMenuDummyScene
16:29:24.097 [JavaFX Application Thread] DEBUG PrimaryStageWindow   - FXGLMainMenuDummyScene <- MainMenu
16:29:24.097 [JavaFX Application Thread] DEBUG Input                - Clearing active input actions
16:29:24.104 [JavaFX Application Thread] DEBUG GameApplicationServi - Removing overlay from FXGLMainMenuDummyScene and adding to FXGLLoadingScene
16:29:24.105 [JavaFX Application Thread] DEBUG PrimaryStageWindow   - FXGLMainMenuDummyScene -> FXGLLoadingScene
16:29:24.105 [JavaFX Application Thread] DEBUG GameApplicationServi - Clearing previous game
16:29:24.105 [JavaFX Application Thread] DEBUG GameScene            - Clearing game scene
16:29:24.105 [JavaFX Application Thread] DEBUG GameWorld            - Clearing game world
16:29:24.106 [JavaFX Application Thread] DEBUG PhysicsWorld         - Clearing physics world
16:29:24.107 [FXGL Background Thread 2 ] DEBUG FXGLApplication      - Initializing game
16:29:24.114 [FXGL Background Thread 2 ] DEBUG FXGLAssetLoaderServi - Loading from file system: file:/D:/OneDrive/OneDrive%20-%20Hogeschool%20Leiden/IPOSE/NERDS%20VS%20VIRUS/nerdsvsthevirus/target/classes/assets/textures/hart.png
16:29:24.122 [FXGL Background Thread 2 ] DEBUG FXGLAssetLoaderServi - Loading from file system: file:/D:/OneDrive/OneDrive%20-%20Hogeschool%20Leiden/IPOSE/NERDS%20VS%20VIRUS/nerdsvsthevirus/target/classes/assets/textures/bg1.jpg
16:29:24.177 [FXGL Background Thread 2 ] WARN  TMXLevelLoader       - TiledMap generated from 1.5.0. Supported version: 1.2.3. Some features may not be parsed fully.
16:29:24.184 [FXGL Background Thread 2 ] DEBUG TMXLevelLoader       - Parsed raw map: TiledMap(width=30, height=10, tilewidth=70, tileheight=70, orientation=orthogonal, layers=[Layer(width=30, height=10, name=Bottom, type=tilelayer, visible=false, x=0, y=0, data=[0, 0, 0, 0, 0, 0, 0, 0, 0, 0, 0, 0, 0, 0, 0, 0, 0, 0, 0, 0, 0, 0, 0, 0, 0, 0, 0, 0, 0, 0, 0, 0, 0, 0, 0, 0, 0, 0, 0, 0, 0, 0, 0, 0, 0, 0, 0, 0, 0, 0, 0, 0, 0, 0, 0, 0, 0, 0, 0, 0, 0, 0, 0, 0, 0, 0, 0, 0, 0, 0, 0, 0, 0, 0, 0, 0, 0, 0, 0, 0, 0, 0, 0, 0, 0, 0, 0, 0, 0, 0, 0, 0, 0, 0, 0, 0, 0, 0, 0, 0, 0, 0, 0, 0, 0, 0, 0, 0, 0, 0, 0, 0, 0, 0, 0, 0, 0, 0, 0, 0, 0, 0, 0, 0, 0, 0, 0, 0, 0, 0, 0, 0, 0, 0, 0, 0, 0, 0, 0, 0, 0, 0, 0, 0, 0, 0, 0, 0, 0, 0, 0, 0, 0, 0, 0, 0, 0, 0, 0, 0, 0, 206, 205, 206, 0, 0, 0, 0, 0, 0, 0, 0, 0, 0, 0, 0, 0, 0, 0, 0, 0, 0, 0, 0, 0, 0, 0, 205, 206, 207, 0, 0, 0, 0, 0, 0, 0, 0, 0, 0, 0, 0, 0, 0, 0, 0, 0, 0, 0, 0, 0, 0, 0, 0, 206, 205, 0, 0, 0, 0, 0, 0, 0, 0, 0, 0, 0, 0, 0, 0, 0, 0, 0, 0, 0, 0, 0, 0, 0, 0, 0, 263, 0, 203, 0, 0, 0, 0, 0, 0, 0, 243, 244, 245, 0, 0, 0, 0, 0, 0, 0, 0, 0, 0, 0, 0, 0, 0, 0, 0, 185, 185, 185, 185, 185, 185, 185, 185, 185, 185, 185, 185, 185, 185, 185, 185, 0, 0, 185, 185, 185, 0, 0, 185, 185, 185, 185, 185, 185, 185], objects=[], opacity=0.0, draworder=), Layer(width=30, height=10, name=overlay, type=tilelayer, visible=false, x=0, y=0, data=[213, 185, 185, 185, 185, 185, 185, 185, 185, 185, 185, 227, 185, 185, 185, 185, 213, 0, 0, 0, 0, 0, 0, 0, 0, 0, 0, 0, 0, 0, 0, 0, 0, 0, 0, 0, 0, 0, 0, 0, 0, 241, 0, 0, 0, 0, 0, 0, 0, 0, 0, 0, 0, 0, 0, 0, 0, 0, 0, 0, 0, 0, 0, 0, 0, 0, 0, 0, 0, 0, 0, 255, 0, 0, 0, 0, 0, 0, 0, 0, 0, 0, 0, 0, 0, 0, 0, 0, 0, 0, 0, 0, 0, 0, 0, 0, 0, 0, 0, 0, 0, 0, 0, 0, 0, 0, 0, 0, 0, 0, 0, 0, 0, 0, 0, 0, 0, 0, 0, 0, 0, 0, 0, 0, 0, 0, 0, 0, 0, 0, 0, 0, 0, 0, 0, 0, 0, 0, 0, 0, 0, 0, 0, 0, 0, 0, 0, 0, 0, 0, 0, 0, 0, 0, 0, 0, 0, 0, 0, 0, 0, 215, 216, 217, 0, 0, 0, 0, 0, 0, 0, 0, 0, 0, 0, 0, 0, 0, 0, 0, 0, 0, 0, 0, 0, 0, 0, 0, 0, 0, 0, 0, 0, 0, 0, 0, 0, 0, 0, 0, 0, 0, 0, 0, 0, 0, 0, 0, 0, 0, 0, 0, 0, 189, 0, 0, 0, 0, 0, 0, 0, 0, 0, 226, 0, 0, 0, 0, 0, 0, 0, 0, 0, 0, 0, 0, 0, 0, 46, 0, 0, 0, 0, 0, 0, 0, 0, 0, 0, 0, 0, 0, 0, 0, 0, 0, 0, 0, 0, 0, 0, 0, 0, 0, 0, 0, 226, 0, 58, 0, 0, 0, 0, 0, 0, 0, 0, 0, 0, 0, 0, 0, 0, 0, 0, 0, 224, 224, 0, 0, 0, 224, 224, 0, 0, 0, 0, 0, 0, 0], objects=[], opacity=0.0, draworder=), Layer(width=0, height=0, name=Objectlaag 1, type=objectgroup, visible=false, x=0, y=0, data=[], objects=[com.almasb.fxgl.entity.level.tiled.TiledObject@8fcd87f, com.almasb.fxgl.entity.level.tiled.TiledObject@3504a499, com.almasb.fxgl.entity.level.tiled.TiledObject@3d8e5640, com.almasb.fxgl.entity.level.tiled.TiledObject@553d597c, com.almasb.fxgl.entity.level.tiled.TiledObject@3b6c5c84, com.almasb.fxgl.entity.level.tiled.TiledObject@2b5c071c, com.almasb.fxgl.entity.level.tiled.TiledObject@642f7861, com.almasb.fxgl.entity.level.tiled.TiledObject@5be62b21, com.almasb.fxgl.entity.level.tiled.TiledObject@2b7c4a5, com.almasb.fxgl.entity.level.tiled.TiledObject@49984708, com.almasb.fxgl.entity.level.tiled.TiledObject@56ebd22a, com.almasb.fxgl.entity.level.tiled.TiledObject@3cbe54f5, com.almasb.fxgl.entity.level.tiled.TiledObject@902d2b, com.almasb.fxgl.entity.level.tiled.TiledObject@bbb9a36, com.almasb.fxgl.entity.level.tiled.TiledObject@34963e9, com.almasb.fxgl.entity.level.tiled.TiledObject@4d9e9689, com.almasb.fxgl.entity.level.tiled.TiledObject@4c661364, com.almasb.fxgl.entity.level.tiled.TiledObject@1bdb5af4], opacity=0.0, draworder=)], tilesets=[Tileset(firstgid=1, image=../../../../../../../Eigen test/src/main/resources/assets/levels/tiles_spritesheet.png, name=tiles_spritesheet, tilewidth=70, tileheight=70, imagewidth=914, imageheight=936, margin=0, spacing=2, columns=12, tilecount=156, transparentcolor=, tiles=[]), Tileset(firstgid=157, image=../../../../../../../Eigen test/src/main/resources/assets/levels/platformerPack_industrial_tilesheet.png, name=_industrial, tilewidth=70, tileheight=70, imagewidth=980, imageheight=560, margin=0, spacing=0, columns=14, tilecount=112, transparentcolor=, tiles=[])], backgroundcolor=, renderorder=right-down, nextobjectid=22, version=1, tiledversion=1.5.0, type=map, infinite=false, hexsidelength=0, staggeraxis=, staggerindex=, properties={}, propertytypes={})
16:29:24.185 [FXGL Background Thread 2 ] DEBUG TMXLevelLoader       - Creating tile layer entities
16:29:24.185 [FXGL Background Thread 2 ] DEBUG TilesetLoader        - Loading view for layer Bottom
16:29:24.189 [FXGL Background Thread 2 ] DEBUG TilesetLoader        - Created buffer with size 2100.0x700.0
16:29:24.206 [FXGL Background Thread 2 ] DEBUG TilesetLoader        - Writing to buffer: dst=770,350, w=70,h=70, src=490,210
16:29:24.206 [FXGL Background Thread 2 ] DEBUG TilesetLoader        - Writing to buffer: dst=840,350, w=70,h=70, src=420,210
16:29:24.206 [FXGL Background Thread 2 ] DEBUG TilesetLoader        - Writing to buffer: dst=910,350, w=70,h=70, src=490,210
16:29:24.206 [FXGL Background Thread 2 ] DEBUG TilesetLoader        - Writing to buffer: dst=490,420, w=70,h=70, src=420,210
16:29:24.207 [FXGL Background Thread 2 ] DEBUG TilesetLoader        - Writing to buffer: dst=560,420, w=70,h=70, src=490,210
16:29:24.207 [FXGL Background Thread 2 ] DEBUG TilesetLoader        - Writing to buffer: dst=630,420, w=70,h=70, src=560,210
16:29:24.207 [FXGL Background Thread 2 ] DEBUG TilesetLoader        - Writing to buffer: dst=280,490, w=70,h=70, src=490,210
16:29:24.207 [FXGL Background Thread 2 ] DEBUG TilesetLoader        - Writing to buffer: dst=350,490, w=70,h=70, src=420,210
16:29:24.207 [FXGL Background Thread 2 ] DEBUG TilesetLoader        - Writing to buffer: dst=70,560, w=70,h=70, src=560,490
16:29:24.208 [FXGL Background Thread 2 ] DEBUG TilesetLoader        - Writing to buffer: dst=210,560, w=70,h=70, src=280,210
16:29:24.208 [FXGL Background Thread 2 ] DEBUG TilesetLoader        - Writing to buffer: dst=770,560, w=70,h=70, src=140,420
16:29:24.208 [FXGL Background Thread 2 ] DEBUG TilesetLoader        - Writing to buffer: dst=840,560, w=70,h=70, src=210,420
16:29:24.208 [FXGL Background Thread 2 ] DEBUG TilesetLoader        - Writing to buffer: dst=910,560, w=70,h=70, src=280,420
16:29:24.208 [FXGL Background Thread 2 ] DEBUG TilesetLoader        - Writing to buffer: dst=0,630, w=70,h=70, src=0,140
16:29:24.209 [FXGL Background Thread 2 ] DEBUG TilesetLoader        - Writing to buffer: dst=70,630, w=70,h=70, src=0,140
16:29:24.209 [FXGL Background Thread 2 ] DEBUG TilesetLoader        - Writing to buffer: dst=140,630, w=70,h=70, src=0,140
16:29:24.209 [FXGL Background Thread 2 ] DEBUG TilesetLoader        - Writing to buffer: dst=210,630, w=70,h=70, src=0,140
16:29:24.209 [FXGL Background Thread 2 ] DEBUG TilesetLoader        - Writing to buffer: dst=280,630, w=70,h=70, src=0,140
16:29:24.209 [FXGL Background Thread 2 ] DEBUG TilesetLoader        - Writing to buffer: dst=350,630, w=70,h=70, src=0,140
16:29:24.209 [FXGL Background Thread 2 ] DEBUG TilesetLoader        - Writing to buffer: dst=420,630, w=70,h=70, src=0,140
16:29:24.210 [FXGL Background Thread 2 ] DEBUG TilesetLoader        - Writing to buffer: dst=490,630, w=70,h=70, src=0,140
16:29:24.210 [FXGL Background Thread 2 ] DEBUG TilesetLoader        - Writing to buffer: dst=560,630, w=70,h=70, src=0,140
16:29:24.210 [FXGL Background Thread 2 ] DEBUG TilesetLoader        - Writing to buffer: dst=630,630, w=70,h=70, src=0,140
16:29:24.210 [FXGL Background Thread 2 ] DEBUG TilesetLoader        - Writing to buffer: dst=700,630, w=70,h=70, src=0,140
16:29:24.210 [FXGL Background Thread 2 ] DEBUG TilesetLoader        - Writing to buffer: dst=770,630, w=70,h=70, src=0,140
16:29:24.210 [FXGL Background Thread 2 ] DEBUG TilesetLoader        - Writing to buffer: dst=840,630, w=70,h=70, src=0,140
16:29:24.210 [FXGL Background Thread 2 ] DEBUG TilesetLoader        - Writing to buffer: dst=910,630, w=70,h=70, src=0,140
16:29:24.210 [FXGL Background Thread 2 ] DEBUG TilesetLoader        - Writing to buffer: dst=980,630, w=70,h=70, src=0,140
16:29:24.211 [FXGL Background Thread 2 ] DEBUG TilesetLoader        - Writing to buffer: dst=1050,630, w=70,h=70, src=0,140
16:29:24.211 [FXGL Background Thread 2 ] DEBUG TilesetLoader        - Writing to buffer: dst=1260,630, w=70,h=70, src=0,140
16:29:24.211 [FXGL Background Thread 2 ] DEBUG TilesetLoader        - Writing to buffer: dst=1330,630, w=70,h=70, src=0,140
16:29:24.211 [FXGL Background Thread 2 ] DEBUG TilesetLoader        - Writing to buffer: dst=1400,630, w=70,h=70, src=0,140
16:29:24.211 [FXGL Background Thread 2 ] DEBUG TilesetLoader        - Writing to buffer: dst=1610,630, w=70,h=70, src=0,140
16:29:24.212 [FXGL Background Thread 2 ] DEBUG TilesetLoader        - Writing to buffer: dst=1680,630, w=70,h=70, src=0,140
16:29:24.212 [FXGL Background Thread 2 ] DEBUG TilesetLoader        - Writing to buffer: dst=1750,630, w=70,h=70, src=0,140
16:29:24.212 [FXGL Background Thread 2 ] DEBUG TilesetLoader        - Writing to buffer: dst=1820,630, w=70,h=70, src=0,140
16:29:24.212 [FXGL Background Thread 2 ] DEBUG TilesetLoader        - Writing to buffer: dst=1890,630, w=70,h=70, src=0,140
16:29:24.212 [FXGL Background Thread 2 ] DEBUG TilesetLoader        - Writing to buffer: dst=1960,630, w=70,h=70, src=0,140
16:29:24.212 [FXGL Background Thread 2 ] DEBUG TilesetLoader        - Writing to buffer: dst=2030,630, w=70,h=70, src=0,140
16:29:24.212 [FXGL Background Thread 2 ] DEBUG TilesetLoader        - Loading view for layer overlay
16:29:24.216 [FXGL Background Thread 2 ] DEBUG TilesetLoader        - Created buffer with size 2100.0x700.0
16:29:24.216 [FXGL Background Thread 2 ] DEBUG TilesetLoader        - Writing to buffer: dst=0,0, w=70,h=70, src=0,280
16:29:24.216 [FXGL Background Thread 2 ] DEBUG TilesetLoader        - Writing to buffer: dst=70,0, w=70,h=70, src=0,140
16:29:24.216 [FXGL Background Thread 2 ] DEBUG TilesetLoader        - Writing to buffer: dst=140,0, w=70,h=70, src=0,140
16:29:24.217 [FXGL Background Thread 2 ] DEBUG TilesetLoader        - Writing to buffer: dst=210,0, w=70,h=70, src=0,140
16:29:24.217 [FXGL Background Thread 2 ] DEBUG TilesetLoader        - Writing to buffer: dst=280,0, w=70,h=70, src=0,140
16:29:24.217 [FXGL Background Thread 2 ] DEBUG TilesetLoader        - Writing to buffer: dst=350,0, w=70,h=70, src=0,140
16:29:24.217 [FXGL Background Thread 2 ] DEBUG TilesetLoader        - Writing to buffer: dst=420,0, w=70,h=70, src=0,140
16:29:24.217 [FXGL Background Thread 2 ] DEBUG TilesetLoader        - Writing to buffer: dst=490,0, w=70,h=70, src=0,140
16:29:24.217 [FXGL Background Thread 2 ] DEBUG TilesetLoader        - Writing to buffer: dst=560,0, w=70,h=70, src=0,140
16:29:24.217 [FXGL Background Thread 2 ] DEBUG TilesetLoader        - Writing to buffer: dst=630,0, w=70,h=70, src=0,140
16:29:24.218 [FXGL Background Thread 2 ] DEBUG TilesetLoader        - Writing to buffer: dst=700,0, w=70,h=70, src=0,140
16:29:24.218 [FXGL Background Thread 2 ] DEBUG TilesetLoader        - Writing to buffer: dst=770,0, w=70,h=70, src=0,350
16:29:24.218 [FXGL Background Thread 2 ] DEBUG TilesetLoader        - Writing to buffer: dst=840,0, w=70,h=70, src=0,140
16:29:24.218 [FXGL Background Thread 2 ] DEBUG TilesetLoader        - Writing to buffer: dst=910,0, w=70,h=70, src=0,140
16:29:24.218 [FXGL Background Thread 2 ] DEBUG TilesetLoader        - Writing to buffer: dst=980,0, w=70,h=70, src=0,140
16:29:24.219 [FXGL Background Thread 2 ] DEBUG TilesetLoader        - Writing to buffer: dst=1050,0, w=70,h=70, src=0,140
16:29:24.219 [FXGL Background Thread 2 ] DEBUG TilesetLoader        - Writing to buffer: dst=1120,0, w=70,h=70, src=0,280
16:29:24.219 [FXGL Background Thread 2 ] DEBUG TilesetLoader        - Writing to buffer: dst=770,70, w=70,h=70, src=0,420
16:29:24.219 [FXGL Background Thread 2 ] DEBUG TilesetLoader        - Writing to buffer: dst=770,140, w=70,h=70, src=0,490
16:29:24.219 [FXGL Background Thread 2 ] DEBUG TilesetLoader        - Writing to buffer: dst=770,350, w=70,h=70, src=140,280
16:29:24.219 [FXGL Background Thread 2 ] DEBUG TilesetLoader        - Writing to buffer: dst=840,350, w=70,h=70, src=210,280
16:29:24.219 [FXGL Background Thread 2 ] DEBUG TilesetLoader        - Writing to buffer: dst=910,350, w=70,h=70, src=280,280
16:29:24.219 [FXGL Background Thread 2 ] DEBUG TilesetLoader        - Writing to buffer: dst=210,490, w=70,h=70, src=280,140
16:29:24.220 [FXGL Background Thread 2 ] DEBUG TilesetLoader        - Writing to buffer: dst=910,490, w=70,h=70, src=910,280
16:29:24.237 [FXGL Background Thread 2 ] DEBUG TilesetLoader        - Writing to buffer: dst=1960,490, w=70,h=70, src=648,216
16:29:24.238 [FXGL Background Thread 2 ] DEBUG TilesetLoader        - Writing to buffer: dst=1820,560, w=70,h=70, src=910,280
16:29:24.238 [FXGL Background Thread 2 ] DEBUG TilesetLoader        - Writing to buffer: dst=1960,560, w=70,h=70, src=648,288
16:29:24.238 [FXGL Background Thread 2 ] DEBUG TilesetLoader        - Writing to buffer: dst=1120,630, w=70,h=70, src=770,280
16:29:24.239 [FXGL Background Thread 2 ] DEBUG TilesetLoader        - Writing to buffer: dst=1190,630, w=70,h=70, src=770,280
16:29:24.239 [FXGL Background Thread 2 ] DEBUG TilesetLoader        - Writing to buffer: dst=1470,630, w=70,h=70, src=770,280
16:29:24.239 [FXGL Background Thread 2 ] DEBUG TilesetLoader        - Writing to buffer: dst=1540,630, w=70,h=70, src=770,280
16:29:24.239 [FXGL Background Thread 2 ] DEBUG TMXLevelLoader       - Creating object layer entities
16:29:24.247 [FXGL Background Thread 2 ] DEBUG FXGLAssetLoaderServi - Loading from file system: file:/D:/OneDrive/OneDrive%20-%20Hogeschool%20Leiden/IPOSE/NERDS%20VS%20VIRUS/nerdsvsthevirus/target/classes/assets/textures/spuit2.png
16:29:24.253 [FXGL Background Thread 2 ] DEBUG FXGLAssetLoaderServi - Loading from file system: file:/D:/OneDrive/OneDrive%20-%20Hogeschool%20Leiden/IPOSE/NERDS%20VS%20VIRUS/nerdsvsthevirus/target/classes/assets/textures/bacteria.png
16:29:24.260 [FXGL Background Thread 2 ] DEBUG GameWorld            - Clearing removable entities
16:29:24.260 [FXGL Background Thread 2 ] DEBUG GameWorld            - Setting level: com.almasb.fxgl.entity.level.Level@1569eb3b
16:29:24.268 [FXGL Background Thread 2 ] DEBUG FXGLAssetLoaderServi - Loading from file system: file:/D:/OneDrive/OneDrive%20-%20Hogeschool%20Leiden/IPOSE/NERDS%20VS%20VIRUS/nerdsvsthevirus/target/classes/assets/textures/nerd.png
16:29:24.276 [FXGL Background Thread 2 ] INFO  FXGLApplication      - Game initialization took: 0,169 sec
16:29:24.276 [JavaFX Application Thread] DEBUG Input                - Clearing active input actions
16:29:24.282 [JavaFX Application Thread] DEBUG GameApplicationServi - Removing overlay from FXGLLoadingScene and adding to GameScene
16:29:24.282 [JavaFX Application Thread] DEBUG PrimaryStageWindow   - FXGLLoadingScene -> GameScene
16:29:25.523 [FXGL Background Thread 3 ] DEBUG Engine               - Logging environment variables
16:29:25.523 [FXGL Background Thread 3 ] DEBUG Engine               - achievements: []
16:29:25.523 [FXGL Background Thread 3 ] DEBUG Engine               - actualHeight: 700.0
16:29:25.523 [FXGL Background Thread 3 ] DEBUG Engine               - actualHeightProperty: ReadOnlyDoubleProperty [value: 700.0]
16:29:25.523 [FXGL Background Thread 3 ] DEBUG Engine               - actualWidth: 1050.0
16:29:25.523 [FXGL Background Thread 3 ] DEBUG Engine               - actualWidthProperty: ReadOnlyDoubleProperty [value: 1050.0]
16:29:25.523 [FXGL Background Thread 3 ] DEBUG Engine               - appIcon: fxgl_icon.png
16:29:25.523 [FXGL Background Thread 3 ] DEBUG Engine               - applicationMode: DEVELOPER
16:29:25.523 [FXGL Background Thread 3 ] DEBUG Engine               - cSSList: [fxgl_dark.css]
16:29:25.523 [FXGL Background Thread 3 ] DEBUG Engine               - collisionDetectionStrategy: BRUTE_FORCE
16:29:25.523 [FXGL Background Thread 3 ] DEBUG Engine               - configClass: Optional.empty
16:29:25.524 [FXGL Background Thread 3 ] DEBUG Engine               - credits: []
16:29:25.524 [FXGL Background Thread 3 ] DEBUG Engine               - devBBoxColorProperty: ObjectProperty [value: 0xff0000ff]
16:29:25.524 [FXGL Background Thread 3 ] DEBUG Engine               - devEnableDebugCameraProperty: BooleanProperty [value: false]
16:29:25.524 [FXGL Background Thread 3 ] DEBUG Engine               - devSensorColorProperty: ObjectProperty [value: 0xffff00ff]
16:29:25.524 [FXGL Background Thread 3 ] DEBUG Engine               - devShowBBoxProperty: BooleanProperty [value: false]
16:29:25.524 [FXGL Background Thread 3 ] DEBUG Engine               - devShowPositionProperty: BooleanProperty [value: false]
16:29:25.524 [FXGL Background Thread 3 ] DEBUG Engine               - enabledMenuItems: []
16:29:25.524 [FXGL Background Thread 3 ] DEBUG Engine               - engineServices: [class com.almasb.fxgl.app.services.FXGLAssetLoaderService, class com.almasb.fxgl.app.FXGLApplication$GameApplicationService, class com.almasb.fxgl.app.services.FXGLDialogService, class com.almasb.fxgl.app.services.IOTaskExecutorService, class com.almasb.fxgl.event.EventBusService, class com.almasb.fxgl.io.FileSystemService, class com.almasb.fxgl.localization.LocalizationService, class com.almasb.fxgl.app.services.SystemBundleService, class com.almasb.fxgl.profile.SaveLoadService, class com.almasb.fxgl.ui.FXGLUIFactoryServiceProvider, class com.almasb.fxgl.ui.FXGLDialogFactoryServiceProvider, class com.almasb.fxgl.audio.AudioPlayer, class com.almasb.fxgl.notification.impl.NotificationServiceProvider, class com.almasb.fxgl.achievement.AchievementService, class com.almasb.fxgl.cutscene.CutsceneService, class com.almasb.fxgl.minigames.MiniGameService, class com.almasb.fxgl.net.NetService, class com.almasb.fxgl.app.services.UpdaterService, class com.almasb.fxgl.dev.DevService]
16:29:25.525 [FXGL Background Thread 3 ] DEBUG Engine               - fontGame: Abel-Regular.ttf
16:29:25.525 [FXGL Background Thread 3 ] DEBUG Engine               - fontMono: lucida_console.ttf
16:29:25.525 [FXGL Background Thread 3 ] DEBUG Engine               - fontText: Courier-Prime.ttf
16:29:25.525 [FXGL Background Thread 3 ] DEBUG Engine               - fontUI: VarelaRound-Regular.ttf
16:29:25.525 [FXGL Background Thread 3 ] DEBUG Engine               - fullScreen: BooleanProperty [value: false]
16:29:25.525 [FXGL Background Thread 3 ] DEBUG Engine               - gameDifficulty: MEDIUM
16:29:25.525 [FXGL Background Thread 3 ] DEBUG Engine               - gameDifficultyProperty: ObjectProperty [value: MEDIUM]
16:29:25.525 [FXGL Background Thread 3 ] DEBUG Engine               - globalMusicVolume: 0.5
16:29:25.525 [FXGL Background Thread 3 ] DEBUG Engine               - globalMusicVolumeProperty: DoubleProperty [value: 0.1]
16:29:25.525 [FXGL Background Thread 3 ] DEBUG Engine               - globalSoundVolume: 0.5
16:29:25.526 [FXGL Background Thread 3 ] DEBUG Engine               - globalSoundVolumeProperty: DoubleProperty [value: 0.5]
16:29:25.526 [FXGL Background Thread 3 ] DEBUG Engine               - height: 700
16:29:25.526 [FXGL Background Thread 3 ] DEBUG Engine               - isAndroid: false
16:29:25.526 [FXGL Background Thread 3 ] DEBUG Engine               - isBrowser: false
16:29:25.526 [FXGL Background Thread 3 ] DEBUG Engine               - isClickFeedbackEnabled: false
16:29:25.526 [FXGL Background Thread 3 ] DEBUG Engine               - isCloseConfirmation: false
16:29:25.526 [FXGL Background Thread 3 ] DEBUG Engine               - isDesktop: true
16:29:25.526 [FXGL Background Thread 3 ] DEBUG Engine               - isDeveloperMenuEnabled: false
16:29:25.526 [FXGL Background Thread 3 ] DEBUG Engine               - isEntityPreloadEnabled: true
16:29:25.526 [FXGL Background Thread 3 ] DEBUG Engine               - isExperimental3D: false
16:29:25.526 [FXGL Background Thread 3 ] DEBUG Engine               - isExperimentalNative: false
16:29:25.526 [FXGL Background Thread 3 ] DEBUG Engine               - isExperimentalTiledLargeMap: false
16:29:25.527 [FXGL Background Thread 3 ] DEBUG Engine               - isFileSystemWriteAllowed: true
16:29:25.527 [FXGL Background Thread 3 ] DEBUG Engine               - isFullScreenAllowed: false
16:29:25.527 [FXGL Background Thread 3 ] DEBUG Engine               - isFullScreenFromStart: false
16:29:25.527 [FXGL Background Thread 3 ] DEBUG Engine               - isGameMenuEnabled: true
16:29:25.527 [FXGL Background Thread 3 ] DEBUG Engine               - isIOS: false
16:29:25.527 [FXGL Background Thread 3 ] DEBUG Engine               - isIntroEnabled: false
16:29:25.527 [FXGL Background Thread 3 ] DEBUG Engine               - isLinux: false
16:29:25.527 [FXGL Background Thread 3 ] DEBUG Engine               - isMac: false
16:29:25.527 [FXGL Background Thread 3 ] DEBUG Engine               - isMainMenuEnabled: true
16:29:25.527 [FXGL Background Thread 3 ] DEBUG Engine               - isManualResizeEnabled: false
16:29:25.527 [FXGL Background Thread 3 ] DEBUG Engine               - isMobile: false
16:29:25.527 [FXGL Background Thread 3 ] DEBUG Engine               - isPreserveResizeRatio: false
16:29:25.528 [FXGL Background Thread 3 ] DEBUG Engine               - isProfilingEnabled: false
16:29:25.528 [FXGL Background Thread 3 ] DEBUG Engine               - isScaleAffectedOnResize: true
16:29:25.528 [FXGL Background Thread 3 ] DEBUG Engine               - isSingleStep: false
16:29:25.528 [FXGL Background Thread 3 ] DEBUG Engine               - isUserProfileEnabled: false
16:29:25.528 [FXGL Background Thread 3 ] DEBUG Engine               - isWindows: true
16:29:25.528 [FXGL Background Thread 3 ] DEBUG Engine               - language: ObjectProperty [value: ENGLISH]
16:29:25.528 [FXGL Background Thread 3 ] DEBUG Engine               - menuKey: ESCAPE
16:29:25.528 [FXGL Background Thread 3 ] DEBUG Engine               - notificationViewClass: class com.almasb.fxgl.notification.view.XboxNotificationView
16:29:25.528 [FXGL Background Thread 3 ] DEBUG Engine               - pixelsPerMeter: 50.0
16:29:25.529 [FXGL Background Thread 3 ] DEBUG Engine               - platform: WINDOWS
16:29:25.529 [FXGL Background Thread 3 ] DEBUG Engine               - prefHeightProperty: ReadOnlyDoubleProperty [value: 700.0]
16:29:25.529 [FXGL Background Thread 3 ] DEBUG Engine               - prefWidthProperty: ReadOnlyDoubleProperty [value: 1050.0]
16:29:25.529 [FXGL Background Thread 3 ] DEBUG Engine               - profileDir: profiles/
16:29:25.529 [FXGL Background Thread 3 ] DEBUG Engine               - profileName: StringProperty [value: DEFAULT]
16:29:25.529 [FXGL Background Thread 3 ] DEBUG Engine               - randomSeed: -1
16:29:25.529 [FXGL Background Thread 3 ] DEBUG Engine               - runtimeInfo: RuntimeInfo(platform=WINDOWS, version=11.14, build=01.03.2021 16.59)
16:29:25.529 [FXGL Background Thread 3 ] DEBUG Engine               - saveFileExt: sav
16:29:25.529 [FXGL Background Thread 3 ] DEBUG Engine               - scaledHeightProp$fxgl: DoubleProperty [bound, value: 700.0]
16:29:25.529 [FXGL Background Thread 3 ] DEBUG Engine               - scaledWidthProp$fxgl: DoubleProperty [bound, value: 1050.0]
16:29:25.530 [FXGL Background Thread 3 ] DEBUG Engine               - sceneFactory: NerdvsVirus.Game$1@8d28ae6
16:29:25.530 [FXGL Background Thread 3 ] DEBUG Engine               - secondsIn24h: 60
16:29:25.530 [FXGL Background Thread 3 ] DEBUG Engine               - soundMenuBack: menu/back.wav
16:29:25.530 [FXGL Background Thread 3 ] DEBUG Engine               - soundMenuPress: menu/press.wav
16:29:25.530 [FXGL Background Thread 3 ] DEBUG Engine               - soundMenuSelect: menu/select.wav
16:29:25.530 [FXGL Background Thread 3 ] DEBUG Engine               - soundNotification: core/notification.wav
16:29:25.530 [FXGL Background Thread 3 ] DEBUG Engine               - stageStyle: DECORATED
16:29:25.530 [FXGL Background Thread 3 ] DEBUG Engine               - supportedLanguages: [ENGLISH, FRENCH, GERMAN, HUNGARIAN, RUSSIAN]
16:29:25.530 [FXGL Background Thread 3 ] DEBUG Engine               - ticksPerSecond: -1
16:29:25.530 [FXGL Background Thread 3 ] DEBUG Engine               - title: Nerds VS Virus
16:29:25.530 [FXGL Background Thread 3 ] DEBUG Engine               - urlGithub: https://github.com/AlmasB/FXGL
16:29:25.530 [FXGL Background Thread 3 ] DEBUG Engine               - urlLeaderboard: http://fxgl-top.herokuapp.com/
16:29:25.530 [FXGL Background Thread 3 ] DEBUG Engine               - urlPOM: https://raw.githubusercontent.com/AlmasB/FXGL/release/README.md
16:29:25.531 [FXGL Background Thread 3 ] DEBUG Engine               - userAppClass: class NerdvsVirus.Game
16:29:25.531 [FXGL Background Thread 3 ] DEBUG Engine               - version: 0.0
16:29:25.531 [FXGL Background Thread 3 ] DEBUG Engine               - versionCheckDays: 7
16:29:25.531 [FXGL Background Thread 3 ] DEBUG Engine               - width: 1050
16:29:25.531 [FXGL Background Thread 3 ] DEBUG Engine               - Logging services
16:29:25.531 [FXGL Background Thread 3 ] DEBUG Engine               - class com.almasb.fxgl.app.services.FXGLAssetLoaderService
16:29:25.531 [FXGL Background Thread 3 ] DEBUG Engine               - class com.almasb.fxgl.app.FXGLApplication$GameApplicationService
16:29:25.531 [FXGL Background Thread 3 ] DEBUG Engine               - class com.almasb.fxgl.app.services.FXGLDialogService
16:29:25.531 [FXGL Background Thread 3 ] DEBUG Engine               - class com.almasb.fxgl.app.services.IOTaskExecutorService
16:29:25.531 [FXGL Background Thread 3 ] DEBUG Engine               - class com.almasb.fxgl.event.EventBusService
16:29:25.531 [FXGL Background Thread 3 ] DEBUG Engine               - class com.almasb.fxgl.io.FileSystemService
16:29:25.532 [FXGL Background Thread 3 ] DEBUG Engine               - class com.almasb.fxgl.localization.LocalizationService
16:29:25.532 [FXGL Background Thread 3 ] DEBUG Engine               - class com.almasb.fxgl.app.services.SystemBundleService
16:29:25.532 [FXGL Background Thread 3 ] DEBUG Engine               - class com.almasb.fxgl.profile.SaveLoadService
16:29:25.532 [FXGL Background Thread 3 ] DEBUG Engine               - class com.almasb.fxgl.ui.FXGLUIFactoryServiceProvider
16:29:25.532 [FXGL Background Thread 3 ] DEBUG Engine               - class com.almasb.fxgl.ui.FXGLDialogFactoryServiceProvider
16:29:25.532 [FXGL Background Thread 3 ] DEBUG Engine               - class com.almasb.fxgl.audio.AudioPlayer
16:29:25.532 [FXGL Background Thread 3 ] DEBUG Engine               - class com.almasb.fxgl.notification.impl.NotificationServiceProvider
16:29:25.532 [FXGL Background Thread 3 ] DEBUG Engine               - class com.almasb.fxgl.achievement.AchievementService
16:29:25.532 [FXGL Background Thread 3 ] DEBUG Engine               - class com.almasb.fxgl.cutscene.CutsceneService
16:29:25.532 [FXGL Background Thread 3 ] DEBUG Engine               - class com.almasb.fxgl.minigames.MiniGameService
16:29:25.532 [FXGL Background Thread 3 ] DEBUG Engine               - class com.almasb.fxgl.net.NetService
16:29:25.532 [FXGL Background Thread 3 ] DEBUG Engine               - class com.almasb.fxgl.app.services.UpdaterService
16:29:25.532 [FXGL Background Thread 3 ] DEBUG Engine               - class com.almasb.fxgl.dev.DevService
16:29:27.650 [JavaFX Application Thread] DEBUG FXGLAssetLoaderServi - Loading from file system: file:/D:/OneDrive/OneDrive%20-%20Hogeschool%20Leiden/IPOSE/NERDS%20VS%20VIRUS/nerdsvsthevirus/target/classes/assets/sounds/life.wav
16:29:28.852 [JavaFX Application Thread] DEBUG FXGLAssetLoaderServi - Loading from file system: file:/D:/OneDrive/OneDrive%20-%20Hogeschool%20Leiden/IPOSE/NERDS%20VS%20VIRUS/nerdsvsthevirus/target/classes/assets/sounds/impact.wav
16:29:33.139 [JavaFX Application Thread] DEBUG LoopRunner           - Stopping loop
16:29:33.140 [JavaFX Application Thread] FATAL FXGLApplication      - Uncaught Exception:
java.lang.IndexOutOfBoundsException: Index -1 out of bounds for length 0
	at java.base/jdk.internal.util.Preconditions.outOfBounds(Preconditions.java:64)
	at java.base/jdk.internal.util.Preconditions.outOfBoundsCheckIndex(Preconditions.java:70)
	at java.base/jdk.internal.util.Preconditions.checkIndex(Preconditions.java:248)
	at java.base/java.util.Objects.checkIndex(Objects.java:359)
	at java.base/java.util.ArrayList.get(ArrayList.java:427)
	at NerdvsVirus.Game.removeLive(Game.java:192)
	at NerdvsVirus.Game$6.onCollisionBegin(Game.java:162)
	at com.almasb.fxgl.physics.CollisionPair.collisionBegin(CollisionPair.java:37)
	at com.almasb.fxgl.physics.PhysicsWorld.collisionBeginFor(PhysicsWorld.java:435)
	at com.almasb.fxgl.physics.PhysicsWorld.beginContact(PhysicsWorld.java:229)
	at com.almasb.fxgl.physics.box2d.dynamics.contacts.Contact.update(Contact.java:275)
	at com.almasb.fxgl.physics.box2d.dynamics.ContactManager.collide(ContactManager.java:312)
	at com.almasb.fxgl.physics.box2d.dynamics.World.step(World.java:298)
	at com.almasb.fxgl.physics.PhysicsWorld.onUpdate(PhysicsWorld.java:170)
	at com.almasb.fxgl.app.scene.GameScene.step(GameScene.kt:145)
	at com.almasb.fxgl.app.scene.GameScene.onUpdate(GameScene.kt:140)
	at com.almasb.fxgl.scene.Scene.update(Scene.kt:104)
	at com.almasb.fxgl.app.MainWindow$update$1.invoke(MainWindow.kt:101)
	at com.almasb.fxgl.app.MainWindow$update$1.invoke(MainWindow.kt:41)
	at com.almasb.fxgl.core.fsm.StateMachine.runOnActiveStates(StateMachine.kt:69)
	at com.almasb.fxgl.app.MainWindow.update(MainWindow.kt:101)
	at com.almasb.fxgl.app.FXGLApplication$GameApplicationService.onUpdate(FXGLApplication.kt:457)
	at com.almasb.fxgl.app.Engine.loop(Engine.kt:133)
	at com.almasb.fxgl.app.Engine.access$loop(Engine.kt:24)
	at com.almasb.fxgl.app.Engine$loop$1.invoke(Engine.kt:28)
	at com.almasb.fxgl.app.Engine$loop$1.invoke(Engine.kt:24)
	at com.almasb.fxgl.app.LoopRunner.frame(LoopRunner.kt:103)
	at com.almasb.fxgl.app.LoopRunner.access$frame(LoopRunner.kt:23)
	at com.almasb.fxgl.app.LoopRunner$impl$2$1.onTick(LoopRunner.kt:57)
	at com.almasb.fxgl.app.AnimationTimerLoop$timer$1.handle(LoopRunner.kt:133)
	at javafx.animation.AnimationTimer$AnimationTimerReceiver.lambda$handle$0(AnimationTimer.java:57)
	at java.base/java.security.AccessController.doPrivileged(AccessController.java:391)
	at javafx.animation.AnimationTimer$AnimationTimerReceiver.handle(AnimationTimer.java:56)
	at com.sun.scenario.animation.AbstractMasterTimer.timePulseImpl(AbstractMasterTimer.java:357)
	at com.sun.scenario.animation.AbstractMasterTimer$MainLoop.run(AbstractMasterTimer.java:267)
	at com.sun.javafx.tk.quantum.QuantumToolkit.pulse(QuantumToolkit.java:559)
	at com.sun.javafx.tk.quantum.QuantumToolkit.pulse(QuantumToolkit.java:543)
	at com.sun.javafx.tk.quantum.QuantumToolkit.pulseFromQueue(QuantumToolkit.java:536)
	at com.sun.javafx.tk.quantum.QuantumToolkit.lambda$runToolkit$11(QuantumToolkit.java:342)
	at com.sun.glass.ui.InvokeLaterDispatcher$Future.run(InvokeLaterDispatcher.java:96)
	at com.sun.glass.ui.win.WinApplication._runLoop(Native Method)
	at com.sun.glass.ui.win.WinApplication.lambda$runLoop$3(WinApplication.java:174)
	at java.base/java.lang.Thread.run(Thread.java:832)

16:29:33.141 [JavaFX Application Thread] FATAL FXGLApplication      - Application will now exit
16:29:33.153 [JavaFX Application Thread] DEBUG PrimaryStageWindow   - Push state: ErrorSubScene
16:29:33.153 [JavaFX Application Thread] DEBUG Input                - Clearing active input actions
16:29:33.161 [JavaFX Application Thread] DEBUG GameApplicationServi - Removing overlay from GameScene and adding to ErrorSubScene
16:29:33.161 [JavaFX Application Thread] DEBUG PrimaryStageWindow   - GameScene -> ErrorSubScene
16:29:36.011 [JavaFX Application Thread] DEBUG FXGLApplication      - Exiting FXGL
16:29:36.011 [JavaFX Application Thread] DEBUG Async                - Shutting down background threads
16:29:36.011 [JavaFX Application Thread] DEBUG PrimaryStageWindow   - Closing main window
16:29:36.021 [JavaFX Application Thread] DEBUG Logger               - Closing Logger
