16:24:34.270 [main                     ] DEBUG Logger               - Configured Logger
16:24:34.285 [main                     ] DEBUG GameApplication      - Logging settings
Title: Nerds VS Virus
Version: 0.0
Width: 1050
Height: 700
Fullscreen: false
Intro: false
Profiling: false
Single step:false
App Mode: DEVELOPER
Menu Key: ESCAPE
Stage Style: DECORATED
Scene Factory: class NerdvsVirus.Game$1

16:24:34.800 [JavaFX Application Thread] DEBUG FXGLApplication      - Initializing FXGL
16:24:34.802 [JavaFX Application Thread] INFO  Engine               - FXGL-11.14 (01.03.2021 16.59) on WINDOWS (J:15.0.2 FX:15)
16:24:34.802 [JavaFX Application Thread] DEBUG Engine               - JRE Vendor Name: Oracle Corporation
16:24:34.802 [JavaFX Application Thread] DEBUG Engine               - Running on OS: Windows 10 version 10.0
16:24:34.802 [JavaFX Application Thread] DEBUG Engine               - Architecture: amd64
16:24:34.803 [JavaFX Application Thread] INFO  Engine               - Source code and latest versions at: https://github.com/AlmasB/FXGL
16:24:34.803 [JavaFX Application Thread] INFO  Engine               -              Join the FXGL chat at: https://gitter.im/AlmasB/FXGL
16:24:34.930 [JavaFX Application Thread] DEBUG PrimaryStageWindow   - Creating a JavaFX scene
16:24:34.987 [JavaFX Application Thread] DEBUG PrimaryStageWindow   - Target settings size: 1050.0 x 700.0
16:24:34.987 [JavaFX Application Thread] DEBUG PrimaryStageWindow   - Scaled scene size:    1050.0 x 700.0
16:24:34.988 [JavaFX Application Thread] DEBUG PrimaryStageWindow   - Scaled ratio: (1.0, 1.0)
16:24:34.989 [JavaFX Application Thread] DEBUG PrimaryStageWindow   - Set initial scene to FXGLStartupScene
16:24:34.997 [JavaFX Application Thread] DEBUG PrimaryStageWindow   - Opening main window
16:24:35.080 [JavaFX Application Thread] DEBUG PrimaryStageWindow   - Window border size: (16.0, 39.0)
16:24:35.080 [JavaFX Application Thread] DEBUG PrimaryStageWindow   - Scaled size: 1050.0 x 700.0
16:24:35.080 [JavaFX Application Thread] DEBUG PrimaryStageWindow   - Scaled ratio: (1.0, 1.0)
16:24:35.080 [JavaFX Application Thread] DEBUG PrimaryStageWindow   - Scene size: 1050.0 x 700.0
16:24:35.080 [JavaFX Application Thread] DEBUG PrimaryStageWindow   - Stage size: 1066.0 x 739.0
16:24:35.087 [FXGL Background Thread 1 ] DEBUG Engine               - Initializing environment variables
16:24:35.117 [FXGL Background Thread 1 ] DEBUG FXGLAssetLoaderServi - User app class for loading assets: class NerdvsVirus.Game
16:24:35.117 [FXGL Background Thread 1 ] DEBUG GameApplicationServi - Applying CSS: fxgl_dark.css
16:24:35.118 [FXGL Background Thread 1 ] DEBUG FXGLAssetLoaderServi - Loading from file system: jar:file:/C:/Users/luukb/.m2/repository/com/github/almasb/fxgl/11.14/fxgl-11.14.jar!/fxglassets/ui/css/fxgl_dark.css
16:24:35.160 [FXGL Background Thread 1 ] DEBUG GameApplicationServi - Initializing application scenes
16:24:35.187 [FXGL Background Thread 1 ] DEBUG GameWorld            - Game world initialized
16:24:35.238 [FXGL Background Thread 1 ] DEBUG PhysicsWorld         - Physics world initialized: appHeight=700, physics.ppm=50,0
16:24:35.239 [FXGL Background Thread 1 ] DEBUG PhysicsWorld         - Using strategy: BRUTE_FORCE
16:24:35.241 [FXGL Background Thread 1 ] DEBUG GameScene            - Game scene initialized: 1050x700
16:24:35.368 [FXGL Background Thread 1 ] DEBUG FXGLAssetLoaderServi - Loading from file system: jar:file:/C:/Users/luukb/.m2/repository/com/github/almasb/fxgl/11.14/fxgl-11.14.jar!/fxglassets/textures/particles/trace_horizontal.png
16:24:35.397 [FXGL Background Thread 1 ] DEBUG FXGL.DefaultMenu     - createMenuBodyGameMenu()
16:24:35.413 [FXGL Background Thread 1 ] DEBUG FXGL.DefaultMenu     - createOptionsMenu()
16:24:35.420 [FXGL Background Thread 1 ] DEBUG FXGLAssetLoaderServi - Loading from file system: jar:file:/C:/Users/luukb/.m2/repository/com/github/almasb/fxgl/11.14/fxgl-11.14.jar!/fxglassets/textures/particles/smoke.png
16:24:35.470 [FXGL Background Thread 1 ] DEBUG GameApplicationServi - Application scenes initialized
16:24:35.482 [FXGL Background Thread 1 ] DEBUG SystemBundleService  - Loading FXGL system data
16:24:35.486 [FXGL Background Thread 1 ] DEBUG FileSystemAccess     - Reading from: D:\OneDrive\OneDrive - Hogeschool Leiden\IPOSE\NERDS VS VIRUS\nerdsvsthevirus\system\fxgl.bundle
16:24:35.492 [FXGL Background Thread 1 ] DEBUG SystemBundleService  - Bundle FXGL: {}
16:24:35.492 [FXGL Background Thread 1 ] DEBUG UpdaterService       - Checking for updates
16:24:35.497 [FXGL Background Thread 4 ] DEBUG FXGLApplication      - Loading fonts
16:24:35.497 [FXGL Background Thread 1 ] DEBUG FXGLApplication      - Loading default localization
16:24:35.498 [FXGL Background Thread 4 ] DEBUG FXGLAssetLoaderServi - Loading from file system: jar:file:/C:/Users/luukb/.m2/repository/com/github/almasb/fxgl/11.14/fxgl-11.14.jar!/fxglassets/ui/fonts/VarelaRound-Regular.ttf
16:24:35.498 [FXGL Background Thread 1 ] DEBUG FXGLAssetLoaderServi - Loading from file system: jar:file:/C:/Users/luukb/.m2/repository/com/github/almasb/fxgl/11.14/fxgl-11.14.jar!/fxglassets/languages/english.lang
16:24:35.502 [FXGL Background Thread 4 ] DEBUG FXGLAssetLoaderServi - Loading from file system: jar:file:/C:/Users/luukb/.m2/repository/com/github/almasb/fxgl/11.14/fxgl-11.14.jar!/fxglassets/ui/fonts/Abel-Regular.ttf
16:24:35.507 [FXGL Background Thread 4 ] DEBUG FXGLAssetLoaderServi - Loading from file system: jar:file:/C:/Users/luukb/.m2/repository/com/github/almasb/fxgl/11.14/fxgl-11.14.jar!/fxglassets/ui/fonts/lucida_console.ttf
16:24:35.513 [FXGL Background Thread 4 ] DEBUG FXGLAssetLoaderServi - Loading from file system: jar:file:/C:/Users/luukb/.m2/repository/com/github/almasb/fxgl/11.14/fxgl-11.14.jar!/fxglassets/ui/fonts/Courier-Prime.ttf
16:24:35.513 [FXGL Background Thread 1 ] INFO  FXGLApplication      - FXGL initialization took: 0,426 sec
16:24:35.524 [JavaFX Application Thread] DEBUG Input                - Registered new binding: Left - A
16:24:35.524 [JavaFX Application Thread] DEBUG Input                - Registered new binding: Right - D
16:24:35.524 [JavaFX Application Thread] DEBUG Input                - Registered new binding: Jump - W
16:24:35.525 [JavaFX Application Thread] DEBUG FXGLAssetLoaderServi - Loading from file system: file:/D:/OneDrive/OneDrive%20-%20Hogeschool%20Leiden/IPOSE/NERDS%20VS%20VIRUS/nerdsvsthevirus/target/classes/assets/music/background.wav
16:24:35.696 [JavaFX Application Thread] DEBUG AudioPlayer          - Playing music com.almasb.fxgl.audio.Music@4242f634
16:24:35.697 [JavaFX Application Thread] DEBUG FXGLAssetLoaderServi - Loading from file system: jar:file:/C:/Users/luukb/.m2/repository/com/github/almasb/fxgl/11.14/fxgl-11.14.jar!/fxglassets/textures/fxgl_icon.png
16:24:35.706 [JavaFX Application Thread] DEBUG FXGLAssetLoaderServi - Loading from file system: jar:file:/C:/Users/luukb/.m2/repository/com/github/almasb/fxgl/11.14/fxgl-11.14.jar!/fxglassets/ui/cursors/fxgl_default.png
16:24:35.708 [JavaFX Application Thread] DEBUG Input                - Registered new binding: Screenshot - P
16:24:35.708 [JavaFX Application Thread] DEBUG Input                - Registered new binding: System info dump - CTRL+9
16:24:35.709 [JavaFX Application Thread] DEBUG Input                - Registered new binding: Restart - CTRL+R
16:24:35.710 [JavaFX Application Thread] DEBUG Input                - Registered new binding: Toggle Debug Camera - CTRL+C
16:24:35.712 [JavaFX Application Thread] DEBUG LoopRunner           - Starting loop
16:24:35.712 [JavaFX Application Thread] DEBUG LoopRunner           - Initializing JavaFX AnimationTimerLoop
16:24:35.714 [JavaFX Application Thread] DEBUG Input                - Clearing active input actions
16:24:35.720 [JavaFX Application Thread] DEBUG GameApplicationServi - Removing overlay from FXGLStartupScene and adding to FXGLMainMenuDummyScene
16:24:35.721 [JavaFX Application Thread] DEBUG PrimaryStageWindow   - FXGLStartupScene -> FXGLMainMenuDummyScene
16:24:35.721 [JavaFX Application Thread] DEBUG PrimaryStageWindow   - Push state: MainMenu
16:24:35.722 [JavaFX Application Thread] DEBUG Input                - Clearing active input actions
16:24:36.026 [JavaFX Application Thread] DEBUG GameApplicationServi - Removing overlay from FXGLMainMenuDummyScene and adding to MainMenu
16:24:36.027 [JavaFX Application Thread] DEBUG PrimaryStageWindow   - FXGLMainMenuDummyScene -> MainMenu
16:24:36.027 [JavaFX Application Thread] DEBUG FXGLApplication      - Registering font factories with UI factory
16:24:36.778 [JavaFX Application Thread] DEBUG Menu                 - fireNewGame()
16:24:36.778 [JavaFX Application Thread] DEBUG GameApplicationServi - Starting new game
16:24:36.779 [JavaFX Application Thread] DEBUG PrimaryStageWindow   - Pop state: MainMenu
16:24:36.779 [JavaFX Application Thread] DEBUG Input                - Clearing active input actions
16:24:36.780 [JavaFX Application Thread] DEBUG GameApplicationServi - Removing overlay from MainMenu and adding to FXGLMainMenuDummyScene
16:24:36.781 [JavaFX Application Thread] DEBUG PrimaryStageWindow   - FXGLMainMenuDummyScene <- MainMenu
16:24:36.781 [JavaFX Application Thread] DEBUG Input                - Clearing active input actions
16:24:36.790 [JavaFX Application Thread] DEBUG GameApplicationServi - Removing overlay from FXGLMainMenuDummyScene and adding to FXGLLoadingScene
16:24:36.790 [JavaFX Application Thread] DEBUG PrimaryStageWindow   - FXGLMainMenuDummyScene -> FXGLLoadingScene
16:24:36.791 [JavaFX Application Thread] DEBUG GameApplicationServi - Clearing previous game
16:24:36.791 [JavaFX Application Thread] DEBUG GameScene            - Clearing game scene
16:24:36.791 [JavaFX Application Thread] DEBUG GameWorld            - Clearing game world
16:24:36.791 [JavaFX Application Thread] DEBUG PhysicsWorld         - Clearing physics world
16:24:36.793 [FXGL Background Thread 2 ] DEBUG FXGLApplication      - Initializing game
16:24:36.801 [FXGL Background Thread 2 ] DEBUG FXGLAssetLoaderServi - Loading from file system: file:/D:/OneDrive/OneDrive%20-%20Hogeschool%20Leiden/IPOSE/NERDS%20VS%20VIRUS/nerdsvsthevirus/target/classes/assets/textures/hart.png
16:24:36.808 [FXGL Background Thread 2 ] DEBUG FXGLAssetLoaderServi - Loading from file system: file:/D:/OneDrive/OneDrive%20-%20Hogeschool%20Leiden/IPOSE/NERDS%20VS%20VIRUS/nerdsvsthevirus/target/classes/assets/textures/bg1.jpg
16:24:36.861 [FXGL Background Thread 2 ] WARN  TMXLevelLoader       - TiledMap generated from 1.5.0. Supported version: 1.2.3. Some features may not be parsed fully.
16:24:36.868 [FXGL Background Thread 2 ] DEBUG TMXLevelLoader       - Parsed raw map: TiledMap(width=30, height=10, tilewidth=70, tileheight=70, orientation=orthogonal, layers=[Layer(width=30, height=10, name=Bottom, type=tilelayer, visible=false, x=0, y=0, data=[0, 0, 0, 0, 0, 0, 0, 0, 0, 0, 0, 0, 0, 0, 0, 0, 0, 0, 0, 0, 0, 0, 0, 0, 0, 0, 0, 0, 0, 0, 0, 0, 0, 0, 0, 0, 0, 0, 0, 0, 0, 0, 0, 0, 0, 0, 0, 0, 0, 0, 0, 0, 0, 0, 0, 0, 0, 0, 0, 0, 0, 0, 0, 0, 0, 0, 0, 0, 0, 0, 0, 0, 0, 0, 0, 0, 0, 0, 0, 0, 0, 0, 0, 0, 0, 0, 0, 0, 0, 0, 0, 0, 0, 0, 0, 0, 0, 0, 0, 0, 0, 0, 0, 0, 0, 0, 0, 0, 0, 0, 0, 0, 0, 0, 0, 0, 0, 0, 0, 0, 0, 0, 0, 0, 0, 0, 0, 0, 0, 0, 0, 0, 0, 0, 0, 0, 0, 0, 0, 0, 0, 0, 0, 0, 0, 0, 0, 0, 0, 0, 0, 0, 0, 0, 0, 0, 0, 0, 0, 0, 0, 206, 205, 206, 0, 0, 0, 0, 0, 0, 0, 0, 0, 0, 0, 0, 0, 0, 0, 0, 0, 0, 0, 0, 0, 0, 0, 205, 206, 207, 0, 0, 0, 0, 0, 0, 0, 0, 0, 0, 0, 0, 0, 0, 0, 0, 0, 0, 0, 0, 0, 0, 0, 0, 206, 205, 0, 0, 0, 0, 0, 0, 0, 0, 0, 0, 0, 0, 0, 0, 0, 0, 0, 0, 0, 0, 0, 0, 0, 0, 0, 263, 0, 203, 0, 0, 0, 0, 0, 0, 0, 243, 244, 245, 0, 0, 0, 0, 0, 0, 0, 0, 0, 0, 0, 0, 0, 0, 0, 0, 185, 185, 185, 185, 185, 185, 185, 185, 185, 185, 185, 185, 185, 185, 185, 185, 0, 0, 185, 185, 185, 0, 0, 185, 185, 185, 185, 185, 185, 185], objects=[], opacity=0.0, draworder=), Layer(width=30, height=10, name=overlay, type=tilelayer, visible=false, x=0, y=0, data=[213, 185, 185, 185, 185, 185, 185, 185, 185, 185, 185, 227, 185, 185, 185, 185, 213, 0, 0, 0, 0, 0, 0, 0, 0, 0, 0, 0, 0, 0, 0, 0, 0, 0, 0, 0, 0, 0, 0, 0, 0, 241, 0, 0, 0, 0, 0, 0, 0, 0, 0, 0, 0, 0, 0, 0, 0, 0, 0, 0, 0, 0, 0, 0, 0, 0, 0, 0, 0, 0, 0, 255, 0, 0, 0, 0, 0, 0, 0, 0, 0, 0, 0, 0, 0, 0, 0, 0, 0, 0, 0, 0, 0, 0, 0, 0, 0, 0, 0, 0, 0, 0, 0, 0, 0, 0, 0, 0, 0, 0, 0, 0, 0, 0, 0, 0, 0, 0, 0, 0, 0, 0, 0, 0, 0, 0, 0, 0, 0, 0, 0, 0, 0, 0, 0, 0, 0, 0, 0, 0, 0, 0, 0, 0, 0, 0, 0, 0, 0, 0, 0, 0, 0, 0, 0, 0, 0, 0, 0, 0, 0, 215, 216, 217, 0, 0, 0, 0, 0, 0, 0, 0, 0, 0, 0, 0, 0, 0, 0, 0, 0, 0, 0, 0, 0, 0, 0, 0, 0, 0, 0, 0, 0, 0, 0, 0, 0, 0, 0, 0, 0, 0, 0, 0, 0, 0, 0, 0, 0, 0, 0, 0, 0, 189, 0, 0, 0, 0, 0, 0, 0, 0, 0, 226, 0, 0, 0, 0, 0, 0, 0, 0, 0, 0, 0, 0, 0, 0, 46, 0, 0, 0, 0, 0, 0, 0, 0, 0, 0, 0, 0, 0, 0, 0, 0, 0, 0, 0, 0, 0, 0, 0, 0, 0, 0, 0, 226, 0, 58, 0, 0, 0, 0, 0, 0, 0, 0, 0, 0, 0, 0, 0, 0, 0, 0, 0, 224, 224, 0, 0, 0, 224, 224, 0, 0, 0, 0, 0, 0, 0], objects=[], opacity=0.0, draworder=), Layer(width=0, height=0, name=Objectlaag 1, type=objectgroup, visible=false, x=0, y=0, data=[], objects=[com.almasb.fxgl.entity.level.tiled.TiledObject@41259f7, com.almasb.fxgl.entity.level.tiled.TiledObject@268144df, com.almasb.fxgl.entity.level.tiled.TiledObject@17afc1c2, com.almasb.fxgl.entity.level.tiled.TiledObject@5becba48, com.almasb.fxgl.entity.level.tiled.TiledObject@4d279d23, com.almasb.fxgl.entity.level.tiled.TiledObject@61ac9fe4, com.almasb.fxgl.entity.level.tiled.TiledObject@8e4f3c2, com.almasb.fxgl.entity.level.tiled.TiledObject@3664366c, com.almasb.fxgl.entity.level.tiled.TiledObject@475b6b06, com.almasb.fxgl.entity.level.tiled.TiledObject@428d8fb6, com.almasb.fxgl.entity.level.tiled.TiledObject@6dd80ec6, com.almasb.fxgl.entity.level.tiled.TiledObject@7a989247, com.almasb.fxgl.entity.level.tiled.TiledObject@6607c549, com.almasb.fxgl.entity.level.tiled.TiledObject@48591600, com.almasb.fxgl.entity.level.tiled.TiledObject@65da8ff3, com.almasb.fxgl.entity.level.tiled.TiledObject@5b6e23a5, com.almasb.fxgl.entity.level.tiled.TiledObject@39b980c, com.almasb.fxgl.entity.level.tiled.TiledObject@3f26769], opacity=0.0, draworder=)], tilesets=[Tileset(firstgid=1, image=../../../../../../../Eigen test/src/main/resources/assets/levels/tiles_spritesheet.png, name=tiles_spritesheet, tilewidth=70, tileheight=70, imagewidth=914, imageheight=936, margin=0, spacing=2, columns=12, tilecount=156, transparentcolor=, tiles=[]), Tileset(firstgid=157, image=../../../../../../../Eigen test/src/main/resources/assets/levels/platformerPack_industrial_tilesheet.png, name=_industrial, tilewidth=70, tileheight=70, imagewidth=980, imageheight=560, margin=0, spacing=0, columns=14, tilecount=112, transparentcolor=, tiles=[])], backgroundcolor=, renderorder=right-down, nextobjectid=22, version=1, tiledversion=1.5.0, type=map, infinite=false, hexsidelength=0, staggeraxis=, staggerindex=, properties={}, propertytypes={})
16:24:36.870 [FXGL Background Thread 2 ] DEBUG TMXLevelLoader       - Creating tile layer entities
16:24:36.871 [FXGL Background Thread 2 ] DEBUG TilesetLoader        - Loading view for layer Bottom
16:24:36.875 [FXGL Background Thread 2 ] DEBUG TilesetLoader        - Created buffer with size 2100.0x700.0
16:24:36.890 [FXGL Background Thread 2 ] DEBUG TilesetLoader        - Writing to buffer: dst=770,350, w=70,h=70, src=490,210
16:24:36.891 [FXGL Background Thread 2 ] DEBUG TilesetLoader        - Writing to buffer: dst=840,350, w=70,h=70, src=420,210
16:24:36.891 [FXGL Background Thread 2 ] DEBUG TilesetLoader        - Writing to buffer: dst=910,350, w=70,h=70, src=490,210
16:24:36.891 [FXGL Background Thread 2 ] DEBUG TilesetLoader        - Writing to buffer: dst=490,420, w=70,h=70, src=420,210
16:24:36.891 [FXGL Background Thread 2 ] DEBUG TilesetLoader        - Writing to buffer: dst=560,420, w=70,h=70, src=490,210
16:24:36.892 [FXGL Background Thread 2 ] DEBUG TilesetLoader        - Writing to buffer: dst=630,420, w=70,h=70, src=560,210
16:24:36.892 [FXGL Background Thread 2 ] DEBUG TilesetLoader        - Writing to buffer: dst=280,490, w=70,h=70, src=490,210
16:24:36.892 [FXGL Background Thread 2 ] DEBUG TilesetLoader        - Writing to buffer: dst=350,490, w=70,h=70, src=420,210
16:24:36.892 [FXGL Background Thread 2 ] DEBUG TilesetLoader        - Writing to buffer: dst=70,560, w=70,h=70, src=560,490
16:24:36.892 [FXGL Background Thread 2 ] DEBUG TilesetLoader        - Writing to buffer: dst=210,560, w=70,h=70, src=280,210
16:24:36.892 [FXGL Background Thread 2 ] DEBUG TilesetLoader        - Writing to buffer: dst=770,560, w=70,h=70, src=140,420
16:24:36.892 [FXGL Background Thread 2 ] DEBUG TilesetLoader        - Writing to buffer: dst=840,560, w=70,h=70, src=210,420
16:24:36.893 [FXGL Background Thread 2 ] DEBUG TilesetLoader        - Writing to buffer: dst=910,560, w=70,h=70, src=280,420
16:24:36.893 [FXGL Background Thread 2 ] DEBUG TilesetLoader        - Writing to buffer: dst=0,630, w=70,h=70, src=0,140
16:24:36.893 [FXGL Background Thread 2 ] DEBUG TilesetLoader        - Writing to buffer: dst=70,630, w=70,h=70, src=0,140
16:24:36.893 [FXGL Background Thread 2 ] DEBUG TilesetLoader        - Writing to buffer: dst=140,630, w=70,h=70, src=0,140
16:24:36.894 [FXGL Background Thread 2 ] DEBUG TilesetLoader        - Writing to buffer: dst=210,630, w=70,h=70, src=0,140
16:24:36.894 [FXGL Background Thread 2 ] DEBUG TilesetLoader        - Writing to buffer: dst=280,630, w=70,h=70, src=0,140
16:24:36.894 [FXGL Background Thread 2 ] DEBUG TilesetLoader        - Writing to buffer: dst=350,630, w=70,h=70, src=0,140
16:24:36.894 [FXGL Background Thread 2 ] DEBUG TilesetLoader        - Writing to buffer: dst=420,630, w=70,h=70, src=0,140
16:24:36.894 [FXGL Background Thread 2 ] DEBUG TilesetLoader        - Writing to buffer: dst=490,630, w=70,h=70, src=0,140
16:24:36.895 [FXGL Background Thread 2 ] DEBUG TilesetLoader        - Writing to buffer: dst=560,630, w=70,h=70, src=0,140
16:24:36.895 [FXGL Background Thread 2 ] DEBUG TilesetLoader        - Writing to buffer: dst=630,630, w=70,h=70, src=0,140
16:24:36.895 [FXGL Background Thread 2 ] DEBUG TilesetLoader        - Writing to buffer: dst=700,630, w=70,h=70, src=0,140
16:24:36.895 [FXGL Background Thread 2 ] DEBUG TilesetLoader        - Writing to buffer: dst=770,630, w=70,h=70, src=0,140
16:24:36.895 [FXGL Background Thread 2 ] DEBUG TilesetLoader        - Writing to buffer: dst=840,630, w=70,h=70, src=0,140
16:24:36.895 [FXGL Background Thread 2 ] DEBUG TilesetLoader        - Writing to buffer: dst=910,630, w=70,h=70, src=0,140
16:24:36.896 [FXGL Background Thread 2 ] DEBUG TilesetLoader        - Writing to buffer: dst=980,630, w=70,h=70, src=0,140
16:24:36.896 [FXGL Background Thread 2 ] DEBUG TilesetLoader        - Writing to buffer: dst=1050,630, w=70,h=70, src=0,140
16:24:36.896 [FXGL Background Thread 2 ] DEBUG TilesetLoader        - Writing to buffer: dst=1260,630, w=70,h=70, src=0,140
16:24:36.896 [FXGL Background Thread 2 ] DEBUG TilesetLoader        - Writing to buffer: dst=1330,630, w=70,h=70, src=0,140
16:24:36.896 [FXGL Background Thread 2 ] DEBUG TilesetLoader        - Writing to buffer: dst=1400,630, w=70,h=70, src=0,140
16:24:36.897 [FXGL Background Thread 2 ] DEBUG TilesetLoader        - Writing to buffer: dst=1610,630, w=70,h=70, src=0,140
16:24:36.897 [FXGL Background Thread 2 ] DEBUG TilesetLoader        - Writing to buffer: dst=1680,630, w=70,h=70, src=0,140
16:24:36.897 [FXGL Background Thread 2 ] DEBUG TilesetLoader        - Writing to buffer: dst=1750,630, w=70,h=70, src=0,140
16:24:36.897 [FXGL Background Thread 2 ] DEBUG TilesetLoader        - Writing to buffer: dst=1820,630, w=70,h=70, src=0,140
16:24:36.897 [FXGL Background Thread 2 ] DEBUG TilesetLoader        - Writing to buffer: dst=1890,630, w=70,h=70, src=0,140
16:24:36.898 [FXGL Background Thread 2 ] DEBUG TilesetLoader        - Writing to buffer: dst=1960,630, w=70,h=70, src=0,140
16:24:36.898 [FXGL Background Thread 2 ] DEBUG TilesetLoader        - Writing to buffer: dst=2030,630, w=70,h=70, src=0,140
16:24:36.899 [FXGL Background Thread 2 ] DEBUG TilesetLoader        - Loading view for layer overlay
16:24:36.901 [FXGL Background Thread 2 ] DEBUG TilesetLoader        - Created buffer with size 2100.0x700.0
16:24:36.902 [FXGL Background Thread 2 ] DEBUG TilesetLoader        - Writing to buffer: dst=0,0, w=70,h=70, src=0,280
16:24:36.902 [FXGL Background Thread 2 ] DEBUG TilesetLoader        - Writing to buffer: dst=70,0, w=70,h=70, src=0,140
16:24:36.902 [FXGL Background Thread 2 ] DEBUG TilesetLoader        - Writing to buffer: dst=140,0, w=70,h=70, src=0,140
16:24:36.902 [FXGL Background Thread 2 ] DEBUG TilesetLoader        - Writing to buffer: dst=210,0, w=70,h=70, src=0,140
16:24:36.902 [FXGL Background Thread 2 ] DEBUG TilesetLoader        - Writing to buffer: dst=280,0, w=70,h=70, src=0,140
16:24:36.902 [FXGL Background Thread 2 ] DEBUG TilesetLoader        - Writing to buffer: dst=350,0, w=70,h=70, src=0,140
16:24:36.902 [FXGL Background Thread 2 ] DEBUG TilesetLoader        - Writing to buffer: dst=420,0, w=70,h=70, src=0,140
16:24:36.902 [FXGL Background Thread 2 ] DEBUG TilesetLoader        - Writing to buffer: dst=490,0, w=70,h=70, src=0,140
16:24:36.902 [FXGL Background Thread 2 ] DEBUG TilesetLoader        - Writing to buffer: dst=560,0, w=70,h=70, src=0,140
16:24:36.903 [FXGL Background Thread 2 ] DEBUG TilesetLoader        - Writing to buffer: dst=630,0, w=70,h=70, src=0,140
16:24:36.903 [FXGL Background Thread 2 ] DEBUG TilesetLoader        - Writing to buffer: dst=700,0, w=70,h=70, src=0,140
16:24:36.903 [FXGL Background Thread 2 ] DEBUG TilesetLoader        - Writing to buffer: dst=770,0, w=70,h=70, src=0,350
16:24:36.903 [FXGL Background Thread 2 ] DEBUG TilesetLoader        - Writing to buffer: dst=840,0, w=70,h=70, src=0,140
16:24:36.903 [FXGL Background Thread 2 ] DEBUG TilesetLoader        - Writing to buffer: dst=910,0, w=70,h=70, src=0,140
16:24:36.903 [FXGL Background Thread 2 ] DEBUG TilesetLoader        - Writing to buffer: dst=980,0, w=70,h=70, src=0,140
16:24:36.904 [FXGL Background Thread 2 ] DEBUG TilesetLoader        - Writing to buffer: dst=1050,0, w=70,h=70, src=0,140
16:24:36.904 [FXGL Background Thread 2 ] DEBUG TilesetLoader        - Writing to buffer: dst=1120,0, w=70,h=70, src=0,280
16:24:36.904 [FXGL Background Thread 2 ] DEBUG TilesetLoader        - Writing to buffer: dst=770,70, w=70,h=70, src=0,420
16:24:36.904 [FXGL Background Thread 2 ] DEBUG TilesetLoader        - Writing to buffer: dst=770,140, w=70,h=70, src=0,490
16:24:36.904 [FXGL Background Thread 2 ] DEBUG TilesetLoader        - Writing to buffer: dst=770,350, w=70,h=70, src=140,280
16:24:36.904 [FXGL Background Thread 2 ] DEBUG TilesetLoader        - Writing to buffer: dst=840,350, w=70,h=70, src=210,280
16:24:36.904 [FXGL Background Thread 2 ] DEBUG TilesetLoader        - Writing to buffer: dst=910,350, w=70,h=70, src=280,280
16:24:36.905 [FXGL Background Thread 2 ] DEBUG TilesetLoader        - Writing to buffer: dst=210,490, w=70,h=70, src=280,140
16:24:36.905 [FXGL Background Thread 2 ] DEBUG TilesetLoader        - Writing to buffer: dst=910,490, w=70,h=70, src=910,280
16:24:36.919 [FXGL Background Thread 2 ] DEBUG TilesetLoader        - Writing to buffer: dst=1960,490, w=70,h=70, src=648,216
16:24:36.919 [FXGL Background Thread 2 ] DEBUG TilesetLoader        - Writing to buffer: dst=1820,560, w=70,h=70, src=910,280
16:24:36.919 [FXGL Background Thread 2 ] DEBUG TilesetLoader        - Writing to buffer: dst=1960,560, w=70,h=70, src=648,288
16:24:36.919 [FXGL Background Thread 2 ] DEBUG TilesetLoader        - Writing to buffer: dst=1120,630, w=70,h=70, src=770,280
16:24:36.919 [FXGL Background Thread 2 ] DEBUG TilesetLoader        - Writing to buffer: dst=1190,630, w=70,h=70, src=770,280
16:24:36.919 [FXGL Background Thread 2 ] DEBUG TilesetLoader        - Writing to buffer: dst=1470,630, w=70,h=70, src=770,280
16:24:36.920 [FXGL Background Thread 2 ] DEBUG TilesetLoader        - Writing to buffer: dst=1540,630, w=70,h=70, src=770,280
16:24:36.920 [FXGL Background Thread 2 ] DEBUG TMXLevelLoader       - Creating object layer entities
16:24:36.926 [FXGL Background Thread 2 ] DEBUG FXGLAssetLoaderServi - Loading from file system: file:/D:/OneDrive/OneDrive%20-%20Hogeschool%20Leiden/IPOSE/NERDS%20VS%20VIRUS/nerdsvsthevirus/target/classes/assets/textures/spuit2.png
16:24:36.934 [FXGL Background Thread 2 ] DEBUG FXGLAssetLoaderServi - Loading from file system: file:/D:/OneDrive/OneDrive%20-%20Hogeschool%20Leiden/IPOSE/NERDS%20VS%20VIRUS/nerdsvsthevirus/target/classes/assets/textures/bacteria.png
16:24:36.942 [FXGL Background Thread 2 ] DEBUG GameWorld            - Clearing removable entities
16:24:36.942 [FXGL Background Thread 2 ] DEBUG GameWorld            - Setting level: com.almasb.fxgl.entity.level.Level@5f3bbd32
16:24:36.951 [FXGL Background Thread 2 ] DEBUG FXGLAssetLoaderServi - Loading from file system: file:/D:/OneDrive/OneDrive%20-%20Hogeschool%20Leiden/IPOSE/NERDS%20VS%20VIRUS/nerdsvsthevirus/target/classes/assets/textures/nerd.png
16:24:36.963 [FXGL Background Thread 2 ] INFO  FXGLApplication      - Game initialization took: 0,170 sec
16:24:36.963 [JavaFX Application Thread] DEBUG Input                - Clearing active input actions
16:24:36.970 [JavaFX Application Thread] DEBUG GameApplicationServi - Removing overlay from FXGLLoadingScene and adding to GameScene
16:24:36.970 [JavaFX Application Thread] DEBUG PrimaryStageWindow   - FXGLLoadingScene -> GameScene
16:24:38.497 [FXGL Background Thread 3 ] DEBUG Engine               - Logging environment variables
16:24:38.497 [FXGL Background Thread 3 ] DEBUG Engine               - achievements: []
16:24:38.497 [FXGL Background Thread 3 ] DEBUG Engine               - actualHeight: 700.0
16:24:38.497 [FXGL Background Thread 3 ] DEBUG Engine               - actualHeightProperty: ReadOnlyDoubleProperty [value: 700.0]
16:24:38.497 [FXGL Background Thread 3 ] DEBUG Engine               - actualWidth: 1050.0
16:24:38.497 [FXGL Background Thread 3 ] DEBUG Engine               - actualWidthProperty: ReadOnlyDoubleProperty [value: 1050.0]
16:24:38.498 [FXGL Background Thread 3 ] DEBUG Engine               - appIcon: fxgl_icon.png
16:24:38.498 [FXGL Background Thread 3 ] DEBUG Engine               - applicationMode: DEVELOPER
16:24:38.498 [FXGL Background Thread 3 ] DEBUG Engine               - cSSList: [fxgl_dark.css]
16:24:38.498 [FXGL Background Thread 3 ] DEBUG Engine               - collisionDetectionStrategy: BRUTE_FORCE
16:24:38.498 [FXGL Background Thread 3 ] DEBUG Engine               - configClass: Optional.empty
16:24:38.498 [FXGL Background Thread 3 ] DEBUG Engine               - credits: []
16:24:38.498 [FXGL Background Thread 3 ] DEBUG Engine               - devBBoxColorProperty: ObjectProperty [value: 0xff0000ff]
16:24:38.498 [FXGL Background Thread 3 ] DEBUG Engine               - devEnableDebugCameraProperty: BooleanProperty [value: false]
16:24:38.499 [FXGL Background Thread 3 ] DEBUG Engine               - devSensorColorProperty: ObjectProperty [value: 0xffff00ff]
16:24:38.499 [FXGL Background Thread 3 ] DEBUG Engine               - devShowBBoxProperty: BooleanProperty [value: false]
16:24:38.499 [FXGL Background Thread 3 ] DEBUG Engine               - devShowPositionProperty: BooleanProperty [value: false]
16:24:38.499 [FXGL Background Thread 3 ] DEBUG Engine               - enabledMenuItems: []
16:24:38.499 [FXGL Background Thread 3 ] DEBUG Engine               - engineServices: [class com.almasb.fxgl.app.services.FXGLAssetLoaderService, class com.almasb.fxgl.app.FXGLApplication$GameApplicationService, class com.almasb.fxgl.app.services.FXGLDialogService, class com.almasb.fxgl.app.services.IOTaskExecutorService, class com.almasb.fxgl.event.EventBusService, class com.almasb.fxgl.io.FileSystemService, class com.almasb.fxgl.localization.LocalizationService, class com.almasb.fxgl.app.services.SystemBundleService, class com.almasb.fxgl.profile.SaveLoadService, class com.almasb.fxgl.ui.FXGLUIFactoryServiceProvider, class com.almasb.fxgl.ui.FXGLDialogFactoryServiceProvider, class com.almasb.fxgl.audio.AudioPlayer, class com.almasb.fxgl.notification.impl.NotificationServiceProvider, class com.almasb.fxgl.achievement.AchievementService, class com.almasb.fxgl.cutscene.CutsceneService, class com.almasb.fxgl.minigames.MiniGameService, class com.almasb.fxgl.net.NetService, class com.almasb.fxgl.app.services.UpdaterService, class com.almasb.fxgl.dev.DevService]
16:24:38.499 [FXGL Background Thread 3 ] DEBUG Engine               - fontGame: Abel-Regular.ttf
16:24:38.499 [FXGL Background Thread 3 ] DEBUG Engine               - fontMono: lucida_console.ttf
16:24:38.499 [FXGL Background Thread 3 ] DEBUG Engine               - fontText: Courier-Prime.ttf
16:24:38.499 [FXGL Background Thread 3 ] DEBUG Engine               - fontUI: VarelaRound-Regular.ttf
16:24:38.500 [FXGL Background Thread 3 ] DEBUG Engine               - fullScreen: BooleanProperty [value: false]
16:24:38.500 [FXGL Background Thread 3 ] DEBUG Engine               - gameDifficulty: MEDIUM
16:24:38.500 [FXGL Background Thread 3 ] DEBUG Engine               - gameDifficultyProperty: ObjectProperty [value: MEDIUM]
16:24:38.500 [FXGL Background Thread 3 ] DEBUG Engine               - globalMusicVolume: 0.5
16:24:38.500 [FXGL Background Thread 3 ] DEBUG Engine               - globalMusicVolumeProperty: DoubleProperty [value: 0.1]
16:24:38.500 [FXGL Background Thread 3 ] DEBUG Engine               - globalSoundVolume: 0.5
16:24:38.500 [FXGL Background Thread 3 ] DEBUG Engine               - globalSoundVolumeProperty: DoubleProperty [value: 0.5]
16:24:38.500 [FXGL Background Thread 3 ] DEBUG Engine               - height: 700
16:24:38.500 [FXGL Background Thread 3 ] DEBUG Engine               - isAndroid: false
16:24:38.500 [FXGL Background Thread 3 ] DEBUG Engine               - isBrowser: false
16:24:38.500 [FXGL Background Thread 3 ] DEBUG Engine               - isClickFeedbackEnabled: false
16:24:38.501 [FXGL Background Thread 3 ] DEBUG Engine               - isCloseConfirmation: false
16:24:38.501 [FXGL Background Thread 3 ] DEBUG Engine               - isDesktop: true
16:24:38.501 [FXGL Background Thread 3 ] DEBUG Engine               - isDeveloperMenuEnabled: false
16:24:38.501 [FXGL Background Thread 3 ] DEBUG Engine               - isEntityPreloadEnabled: true
16:24:38.501 [FXGL Background Thread 3 ] DEBUG Engine               - isExperimental3D: false
16:24:38.501 [FXGL Background Thread 3 ] DEBUG Engine               - isExperimentalNative: false
16:24:38.501 [FXGL Background Thread 3 ] DEBUG Engine               - isExperimentalTiledLargeMap: false
16:24:38.501 [FXGL Background Thread 3 ] DEBUG Engine               - isFileSystemWriteAllowed: true
16:24:38.501 [FXGL Background Thread 3 ] DEBUG Engine               - isFullScreenAllowed: false
16:24:38.501 [FXGL Background Thread 3 ] DEBUG Engine               - isFullScreenFromStart: false
16:24:38.501 [FXGL Background Thread 3 ] DEBUG Engine               - isGameMenuEnabled: true
16:24:38.502 [FXGL Background Thread 3 ] DEBUG Engine               - isIOS: false
16:24:38.502 [FXGL Background Thread 3 ] DEBUG Engine               - isIntroEnabled: false
16:24:38.502 [FXGL Background Thread 3 ] DEBUG Engine               - isLinux: false
16:24:38.502 [FXGL Background Thread 3 ] DEBUG Engine               - isMac: false
16:24:38.502 [FXGL Background Thread 3 ] DEBUG Engine               - isMainMenuEnabled: true
16:24:38.502 [FXGL Background Thread 3 ] DEBUG Engine               - isManualResizeEnabled: false
16:24:38.502 [FXGL Background Thread 3 ] DEBUG Engine               - isMobile: false
16:24:38.502 [FXGL Background Thread 3 ] DEBUG Engine               - isPreserveResizeRatio: false
16:24:38.502 [FXGL Background Thread 3 ] DEBUG Engine               - isProfilingEnabled: false
16:24:38.502 [FXGL Background Thread 3 ] DEBUG Engine               - isScaleAffectedOnResize: true
16:24:38.502 [FXGL Background Thread 3 ] DEBUG Engine               - isSingleStep: false
16:24:38.503 [FXGL Background Thread 3 ] DEBUG Engine               - isUserProfileEnabled: false
16:24:38.503 [FXGL Background Thread 3 ] DEBUG Engine               - isWindows: true
16:24:38.503 [FXGL Background Thread 3 ] DEBUG Engine               - language: ObjectProperty [value: ENGLISH]
16:24:38.503 [FXGL Background Thread 3 ] DEBUG Engine               - menuKey: ESCAPE
16:24:38.503 [FXGL Background Thread 3 ] DEBUG Engine               - notificationViewClass: class com.almasb.fxgl.notification.view.XboxNotificationView
16:24:38.503 [FXGL Background Thread 3 ] DEBUG Engine               - pixelsPerMeter: 50.0
16:24:38.503 [FXGL Background Thread 3 ] DEBUG Engine               - platform: WINDOWS
16:24:38.503 [FXGL Background Thread 3 ] DEBUG Engine               - prefHeightProperty: ReadOnlyDoubleProperty [value: 700.0]
16:24:38.503 [FXGL Background Thread 3 ] DEBUG Engine               - prefWidthProperty: ReadOnlyDoubleProperty [value: 1050.0]
16:24:38.503 [FXGL Background Thread 3 ] DEBUG Engine               - profileDir: profiles/
16:24:38.504 [FXGL Background Thread 3 ] DEBUG Engine               - profileName: StringProperty [value: DEFAULT]
16:24:38.504 [FXGL Background Thread 3 ] DEBUG Engine               - randomSeed: -1
16:24:38.504 [FXGL Background Thread 3 ] DEBUG Engine               - runtimeInfo: RuntimeInfo(platform=WINDOWS, version=11.14, build=01.03.2021 16.59)
16:24:38.504 [FXGL Background Thread 3 ] DEBUG Engine               - saveFileExt: sav
16:24:38.504 [FXGL Background Thread 3 ] DEBUG Engine               - scaledHeightProp$fxgl: DoubleProperty [bound, value: 700.0]
16:24:38.504 [FXGL Background Thread 3 ] DEBUG Engine               - scaledWidthProp$fxgl: DoubleProperty [bound, value: 1050.0]
16:24:38.504 [FXGL Background Thread 3 ] DEBUG Engine               - sceneFactory: NerdvsVirus.Game$1@317b2175
16:24:38.504 [FXGL Background Thread 3 ] DEBUG Engine               - secondsIn24h: 60
16:24:38.505 [FXGL Background Thread 3 ] DEBUG Engine               - soundMenuBack: menu/back.wav
16:24:38.505 [FXGL Background Thread 3 ] DEBUG Engine               - soundMenuPress: menu/press.wav
16:24:38.505 [FXGL Background Thread 3 ] DEBUG Engine               - soundMenuSelect: menu/select.wav
16:24:38.505 [FXGL Background Thread 3 ] DEBUG Engine               - soundNotification: core/notification.wav
16:24:38.505 [FXGL Background Thread 3 ] DEBUG Engine               - stageStyle: DECORATED
16:24:38.505 [FXGL Background Thread 3 ] DEBUG Engine               - supportedLanguages: [ENGLISH, FRENCH, GERMAN, HUNGARIAN, RUSSIAN]
16:24:38.505 [FXGL Background Thread 3 ] DEBUG Engine               - ticksPerSecond: -1
16:24:38.505 [FXGL Background Thread 3 ] DEBUG Engine               - title: Nerds VS Virus
16:24:38.505 [FXGL Background Thread 3 ] DEBUG Engine               - urlGithub: https://github.com/AlmasB/FXGL
16:24:38.506 [FXGL Background Thread 3 ] DEBUG Engine               - urlLeaderboard: http://fxgl-top.herokuapp.com/
16:24:38.506 [FXGL Background Thread 3 ] DEBUG Engine               - urlPOM: https://raw.githubusercontent.com/AlmasB/FXGL/release/README.md
16:24:38.506 [FXGL Background Thread 3 ] DEBUG Engine               - userAppClass: class NerdvsVirus.Game
16:24:38.506 [FXGL Background Thread 3 ] DEBUG Engine               - version: 0.0
16:24:38.506 [FXGL Background Thread 3 ] DEBUG Engine               - versionCheckDays: 7
16:24:38.506 [FXGL Background Thread 3 ] DEBUG Engine               - width: 1050
16:24:38.506 [FXGL Background Thread 3 ] DEBUG Engine               - Logging services
16:24:38.506 [FXGL Background Thread 3 ] DEBUG Engine               - class com.almasb.fxgl.app.services.FXGLAssetLoaderService
16:24:38.507 [FXGL Background Thread 3 ] DEBUG Engine               - class com.almasb.fxgl.app.FXGLApplication$GameApplicationService
16:24:38.507 [FXGL Background Thread 3 ] DEBUG Engine               - class com.almasb.fxgl.app.services.FXGLDialogService
16:24:38.507 [FXGL Background Thread 3 ] DEBUG Engine               - class com.almasb.fxgl.app.services.IOTaskExecutorService
16:24:38.507 [FXGL Background Thread 3 ] DEBUG Engine               - class com.almasb.fxgl.event.EventBusService
16:24:38.507 [FXGL Background Thread 3 ] DEBUG Engine               - class com.almasb.fxgl.io.FileSystemService
16:24:38.507 [FXGL Background Thread 3 ] DEBUG Engine               - class com.almasb.fxgl.localization.LocalizationService
16:24:38.508 [FXGL Background Thread 3 ] DEBUG Engine               - class com.almasb.fxgl.app.services.SystemBundleService
16:24:38.508 [FXGL Background Thread 3 ] DEBUG Engine               - class com.almasb.fxgl.profile.SaveLoadService
16:24:38.508 [FXGL Background Thread 3 ] DEBUG Engine               - class com.almasb.fxgl.ui.FXGLUIFactoryServiceProvider
16:24:38.508 [FXGL Background Thread 3 ] DEBUG Engine               - class com.almasb.fxgl.ui.FXGLDialogFactoryServiceProvider
16:24:38.508 [FXGL Background Thread 3 ] DEBUG Engine               - class com.almasb.fxgl.audio.AudioPlayer
16:24:38.508 [FXGL Background Thread 3 ] DEBUG Engine               - class com.almasb.fxgl.notification.impl.NotificationServiceProvider
16:24:38.508 [FXGL Background Thread 3 ] DEBUG Engine               - class com.almasb.fxgl.achievement.AchievementService
16:24:38.508 [FXGL Background Thread 3 ] DEBUG Engine               - class com.almasb.fxgl.cutscene.CutsceneService
16:24:38.508 [FXGL Background Thread 3 ] DEBUG Engine               - class com.almasb.fxgl.minigames.MiniGameService
16:24:38.508 [FXGL Background Thread 3 ] DEBUG Engine               - class com.almasb.fxgl.net.NetService
16:24:38.508 [FXGL Background Thread 3 ] DEBUG Engine               - class com.almasb.fxgl.app.services.UpdaterService
16:24:38.508 [FXGL Background Thread 3 ] DEBUG Engine               - class com.almasb.fxgl.dev.DevService
16:24:39.706 [JavaFX Application Thread] DEBUG FXGLAssetLoaderServi - Loading from file system: file:/D:/OneDrive/OneDrive%20-%20Hogeschool%20Leiden/IPOSE/NERDS%20VS%20VIRUS/nerdsvsthevirus/target/classes/assets/sounds/impact.wav
16:24:41.008 [JavaFX Application Thread] DEBUG FXGLAssetLoaderServi - Loading from file system: file:/D:/OneDrive/OneDrive%20-%20Hogeschool%20Leiden/IPOSE/NERDS%20VS%20VIRUS/nerdsvsthevirus/target/classes/assets/sounds/life.wav
16:24:51.005 [JavaFX Application Thread] DEBUG FXGLApplication      - Exiting FXGL
16:24:51.006 [JavaFX Application Thread] DEBUG LoopRunner           - Stopping loop
16:24:51.006 [JavaFX Application Thread] DEBUG SystemBundleService  - Saving FXGL system data
16:24:51.007 [JavaFX Application Thread] DEBUG FileSystemAccess     - Writing to: D:\OneDrive\OneDrive - Hogeschool Leiden\IPOSE\NERDS VS VIRUS\nerdsvsthevirus\system\fxgl.bundle
16:24:51.008 [JavaFX Application Thread] DEBUG Async                - Shutting down background threads
16:24:51.008 [JavaFX Application Thread] DEBUG PrimaryStageWindow   - Closing main window
16:24:51.017 [JavaFX Application Thread] DEBUG Logger               - Closing Logger
